[03:34:54] Top card: 
[03:34:54] Delt cards
[03:34:54] Top card: Yellow_3(Clone) (UnityEngine.GameObject)
[03:34:54] Top card: Yellow_3(Clone) (UnityEngine.GameObject)
[03:34:54] Top card: Yellow_3(Clone) (UnityEngine.GameObject)
[03:34:54] Top card: Yellow_3(Clone) (UnityEngine.GameObject)
[03:34:54] Top card: Yellow_3(Clone) (UnityEngine.GameObject)
[03:34:54] Top card: Yellow_3(Clone) (UnityEngine.GameObject)
[03:34:54] Top card: Yellow_3(Clone) (UnityEngine.GameObject)
[03:34:54] Top card: Yellow_3(Clone) (UnityEngine.GameObject)
[03:34:54] Top card: Yellow_3(Clone) (UnityEngine.GameObject)
[03:34:54] Top card: Yellow_3(Clone) (UnityEngine.GameObject)
[03:34:54] Top card: Yellow_3(Clone) (UnityEngine.GameObject)
[03:34:54] Top card: Yellow_3(Clone) (UnityEngine.GameObject)
[03:34:54] Top card: Yellow_3(Clone) (UnityEngine.GameObject)
[03:34:54] Top card: Yellow_3(Clone) (UnityEngine.GameObject)
[03:34:54] Top card: Yellow_3(Clone) (UnityEngine.GameObject)
[03:34:54] Top card: Yellow_3(Clone) (UnityEngine.GameObject)
[03:34:54] Top card: Yellow_3(Clone) (UnityEngine.GameObject)
[03:34:54] Top card: Yellow_3(Clone) (UnityEngine.GameObject)
[03:34:54] Top card: Yellow_3(Clone) (UnityEngine.GameObject)
[03:34:54] Top card: Yellow_3(Clone) (UnityEngine.GameObject)
[03:34:54] Top card: Yellow_3(Clone) (UnityEngine.GameObject)
[03:34:54] Top card: Yellow_3(Clone) (UnityEngine.GameObject)
[03:34:54] Top card: Yellow_3(Clone) (UnityEngine.GameObject)
[03:34:54] Top card: Yellow_3(Clone) (UnityEngine.GameObject)
[03:34:54] Top card: Yellow_3(Clone) (UnityEngine.GameObject)
[03:34:54] Top card: Yellow_3(Clone) (UnityEngine.GameObject)
[03:34:54] Top card: Yellow_3(Clone) (UnityEngine.GameObject)
[03:34:54] Top card: Yellow_3(Clone) (UnityEngine.GameObject)
[03:34:54] Player: Played Yellow_6(Clone) (UnityEngine.GameObject)
[03:34:54] Turns: 0
[03:34:54] DiscardCounter: 1
