[05:09:03]Player: played card
[05:09:03]Turns = 1
[05:09:03]DiscardCounter: 1
[05:09:03]Enemy 1: Played card
[05:09:03]Turns = 2
[05:09:03]Enemy 2: Card couldn't be played
[05:09:03]Enemy 2: Skiping turn
[05:09:03]Enemy 3: Card couldn't be played
[05:09:03]Enemy 3: Skiping turn
[05:09:03]Player: played card
[05:09:03]Turns = 1
[05:09:03]DiscardCounter: 1
[05:09:03]Enemy 1: Played card
[05:09:03]Turns = 2
[05:09:03]Enemy 2: Played card
[05:09:03]Turns = 3
[05:09:03]Enemy 3: Card couldn't be played
[05:09:03]Enemy 3: Skiping turn
[05:09:03]Player: played card
[05:09:03]Turns = 1
[05:09:03]DiscardCounter: 1
[05:09:03]Enemy 1: Card couldn't be played
[05:09:03]Enemy 1: Skiping turn
[05:09:03]Enemy 2: Card couldn't be played
[05:09:03]Enemy 2: Skiping turn
[05:09:03]Enemy 3: Card couldn't be played
[05:09:03]Enemy 3: Skiping turn
[05:09:03]Player: played card
[05:09:03]Turns = 1
[05:09:03]DiscardCounter: 1
[05:09:03]Enemy 1: Card couldn't be played
[05:09:03]Enemy 1: Skiping turn
[05:09:03]Enemy 2: Card couldn't be played
[05:09:03]Enemy 2: Skiping turn
[05:09:03]Enemy 3: Card couldn't be played
[05:09:03]Enemy 3: Skiping turn
[05:09:03]Player: played card
[05:09:03]Turns = 1
[05:09:03]DiscardCounter: 1
[05:09:03]Enemy 1: Card couldn't be played
[05:09:03]Enemy 1: Skiping turn
[05:09:03]Enemy 2: Card couldn't be played
[05:09:03]Enemy 2: Skiping turn
[05:09:03]Enemy 3: Card couldn't be played
[05:09:03]Enemy 3: Skiping turn
[05:09:03]Player: played card
[05:09:03]Turns = 1
[05:09:03]DiscardCounter: 1
[05:09:03]Enemy 1: Card couldn't be played
[05:09:03]Enemy 1: Skiping turn
[05:09:03]Enemy 2: Card couldn't be played
[05:09:03]Enemy 2: Skiping turn
[05:09:03]Enemy 3: Card couldn't be played
[05:09:03]Enemy 3: Skiping turn
[05:09:03]Player: played card
[05:09:03]Turns = 1
[05:09:03]DiscardCounter: 1
[05:09:03]Enemy 1: Played card
[05:09:03]Turns = 2
[05:09:03]Enemy 2: Card couldn't be played
[05:09:03]Enemy 2: Skiping turn
[05:09:03]Enemy 3: Card couldn't be played
[05:09:03]Enemy 3: Skiping turn
