[12:07:52] Discard was WILD!!!
[12:07:52] Player received: Red_9(Clone)
[12:07:52] Enemy1 received: CardW4(Clone)
[12:07:52] Enemy2 received: CardW(Clone)
[12:07:52] Enemy3 received: CardW4(Clone)
[12:07:52] Player received: Blue_7(Clone)
[12:07:52] Enemy1 received: Red_6(Clone)
[12:07:52] Enemy2 received: Red_D(Clone)
[12:07:52] Enemy3 received: Yellow_0(Clone)
[12:07:52] Player received: Yellow_8(Clone)
[12:07:52] Enemy1 received: Green_1(Clone)
[12:07:52] Enemy2 received: CardW(Clone)
[12:07:52] Enemy3 received: Yellow_1(Clone)
[12:07:52] Player received: CardW(Clone)
[12:07:52] Enemy1 received: Green_9(Clone)
[12:07:52] Enemy2 received: Blue_D(Clone)
[12:07:52] Enemy3 received: Blue_9(Clone)
[12:07:52] Player received: Green_D(Clone)
[12:07:52] Enemy1 received: Yellow_4(Clone)
[12:07:52] Enemy2 received: CardW4(Clone)
[12:07:52] Enemy3 received: Green_5(Clone)
[12:07:52] Player received: Yellow_8(Clone)
[12:07:52] Enemy1 received: Blue_D(Clone)
[12:07:52] Enemy2 received: Green_1(Clone)
[12:07:52] Enemy3 received: Blue_6(Clone)
[12:07:52] Player received: Red_7(Clone)
[12:07:52] Enemy1 received: Green_D(Clone)
[12:07:52] Enemy2 received: Green_0(Clone)
[12:07:52] Enemy3 received: Yellow_5(Clone)
[12:07:52] DiscardPile received: Green_S(Clone)
[12:07:52] Hello from PlayerManager.Skip
[12:07:52] Dealt cards
[12:07:52] Turns: 1
[12:07:52] Top card: Green_S(Clone) (UnityEngine.GameObject)
[12:07:52] CardW4(Clone) (UnityEngine.GameObject) was added to PlayableCards
[12:07:52] Green_1(Clone) (UnityEngine.GameObject) was added to PlayableCards
[12:07:52] Green_9(Clone) (UnityEngine.GameObject) was added to PlayableCards
[12:07:52] Green_D(Clone) (UnityEngine.GameObject) was added to PlayableCards
[12:07:52] Enemy 1: Played Green_D(Clone)
[12:07:52] HasPlayableCard = true
[12:07:52] Turns: 2
[12:07:52] Top card: Green_D(Clone) (UnityEngine.GameObject)
[12:07:52] Top Deck Card:Blue_2(Clone) (UnityEngine.GameObject)
[12:07:52] Enemy 2: Drew Blue_2(Clone) (UnityEngine.GameObject)
[12:07:52] Top Deck Card:Blue_6(Clone) (UnityEngine.GameObject)
[12:07:52] Enemy 2: Drew Blue_6(Clone) (UnityEngine.GameObject)
[12:07:52] Enemy 2: Drew 2 cards
[12:07:52] Turns: 3
[12:07:52] Top card: Green_D(Clone) (UnityEngine.GameObject)
[12:07:52] CardW4(Clone) (UnityEngine.GameObject) was added to PlayableCards
[12:07:52] Green_5(Clone) (UnityEngine.GameObject) was added to PlayableCards
[12:07:52] Enemy 3: Played Green_5(Clone)
[12:07:52] HasPlayableCard = true
[12:07:52] Turns: 0
[12:07:52] Player: Played Green_D
[12:07:52] Turns: 1
[12:07:52] Top card: Green_D(Clone) (UnityEngine.GameObject)
[12:07:52] Top Deck Card:Blue_0(Clone) (UnityEngine.GameObject)
[12:07:52] Enemy 1: Drew Blue_0(Clone) (UnityEngine.GameObject)
[12:07:52] Top Deck Card:Red_8(Clone) (UnityEngine.GameObject)
[12:07:52] Enemy 1: Drew Red_8(Clone) (UnityEngine.GameObject)
[12:07:52] Enemy 1: Drew 2 cards
[12:07:52] Turns: 2
[12:07:52] Top card: Green_D(Clone) (UnityEngine.GameObject)
[12:07:52] CardW(Clone) (UnityEngine.GameObject) was added to PlayableCards
[12:07:52] Red_D(Clone) (UnityEngine.GameObject) was added to PlayableCards
[12:07:52] CardW(Clone) (UnityEngine.GameObject) was added to PlayableCards
[12:07:52] Blue_D(Clone) (UnityEngine.GameObject) was added to PlayableCards
[12:07:52] CardW4(Clone) (UnityEngine.GameObject) was added to PlayableCards
[12:07:52] Green_1(Clone) (UnityEngine.GameObject) was added to PlayableCards
[12:07:52] Green_0(Clone) (UnityEngine.GameObject) was added to PlayableCards
[12:07:52] Enemy 2: Played Red_D(Clone)
[12:07:52] HasPlayableCard = true
[12:07:52] Removed Green_S(Clone) (UnityEngine.GameObject)
[12:07:52] Turns: 3
[12:07:52] Top card: Red_D(Clone) (UnityEngine.GameObject)
[12:07:52] Top Deck Card:Blue_4(Clone) (UnityEngine.GameObject)
[12:07:52] Enemy 3: Drew Blue_4(Clone) (UnityEngine.GameObject)
[12:07:52] Top Deck Card:Red_4(Clone) (UnityEngine.GameObject)
[12:07:52] Enemy 3: Drew Red_4(Clone) (UnityEngine.GameObject)
[12:07:52] Enemy 3: Drew 2 cards
[12:07:52] Turns: 0
[12:07:52] Player: Played Red_9
[12:07:52] Removed Green_D(Clone) (UnityEngine.GameObject)
[12:07:52] Turns: 1
[12:07:52] Top card: Red_9(Clone) (UnityEngine.GameObject)
[12:07:52] CardW4(Clone) (UnityEngine.GameObject) was added to PlayableCards
[12:07:52] Red_6(Clone) (UnityEngine.GameObject) was added to PlayableCards
[12:07:52] Green_9(Clone) (UnityEngine.GameObject) was added to PlayableCards
[12:07:52] Red_8(Clone) (UnityEngine.GameObject) was added to PlayableCards
[12:07:52] Enemy 1: Played Red_6(Clone)
[12:07:52] HasPlayableCard = true
[12:07:52] Removed Green_5(Clone) (UnityEngine.GameObject)
[12:07:52] Turns: 2
[12:07:52] Top card: Red_6(Clone) (UnityEngine.GameObject)
[12:07:52] CardW(Clone) (UnityEngine.GameObject) was added to PlayableCards
[12:07:52] CardW(Clone) (UnityEngine.GameObject) was added to PlayableCards
[12:07:52] CardW4(Clone) (UnityEngine.GameObject) was added to PlayableCards
[12:07:52] Blue_6(Clone) (UnityEngine.GameObject) was added to PlayableCards
[12:07:52] Enemy 2: Played Blue_6(Clone)
[12:07:52] HasPlayableCard = true
[12:07:52] Removed Green_D(Clone) (UnityEngine.GameObject)
[12:07:52] Turns: 3
[12:07:52] Top card: Blue_6(Clone) (UnityEngine.GameObject)
[12:07:52] CardW4(Clone) (UnityEngine.GameObject) was added to PlayableCards
[12:07:52] Blue_9(Clone) (UnityEngine.GameObject) was added to PlayableCards
[12:07:52] Blue_6(Clone) (UnityEngine.GameObject) was added to PlayableCards
[12:07:52] Blue_4(Clone) (UnityEngine.GameObject) was added to PlayableCards
[12:07:52] Enemy 3: Played Blue_9(Clone)
[12:07:52] HasPlayableCard = true
[12:07:52] Removed Red_D(Clone) (UnityEngine.GameObject)
[12:07:52] Turns: 0
[12:07:52] Player: Played Red_7
[12:07:52] Removed Red_9(Clone) (UnityEngine.GameObject)
[12:07:52] Turns: 1
[05:02:16] Player received: Green_2(Clone)
[05:02:16] Enemy1 received: Yellow_4(Clone)
[05:02:16] Enemy2 received: Green_R(Clone)
[05:02:16] Enemy3 received: Blue_6(Clone)
[05:02:16] Player received: Blue_S(Clone)
[05:02:16] Enemy1 received: CardW4(Clone)
[05:02:16] Enemy2 received: Blue_S(Clone)
[05:02:16] Enemy3 received: Yellow_R(Clone)
[05:02:16] Player received: CardW4(Clone)
[05:02:16] Enemy1 received: Red_3(Clone)
[05:02:16] Enemy2 received: CardW4(Clone)
[05:02:16] Enemy3 received: Yellow_8(Clone)
[05:02:16] Player received: Blue_7(Clone)
[05:02:16] Enemy1 received: Green_D(Clone)
[05:02:16] Enemy2 received: Green_6(Clone)
[05:02:16] Enemy3 received: Blue_5(Clone)
[05:02:16] Player received: CardW4(Clone)
[05:02:16] Enemy1 received: Blue_3(Clone)
[05:02:16] Enemy2 received: Red_2(Clone)
[05:02:16] Enemy3 received: CardW4(Clone)
[05:02:16] Player received: Green_D(Clone)
[05:02:16] Enemy1 received: Yellow_4(Clone)
[05:02:16] Enemy2 received: Red_D(Clone)
[05:02:16] Enemy3 received: Blue_D(Clone)
[05:02:16] Player received: Green_0(Clone)
[05:02:16] Enemy1 received: Blue_8(Clone)
[05:02:16] Enemy2 received: Yellow_9(Clone)
[05:02:16] Enemy3 received: Green_D(Clone)
[05:02:16] DiscardPile received: Yellow_2(Clone)
[05:02:16] Dealt cards
[05:02:16] Player: Played Green_2
[05:02:16] Turns: 1
[05:02:16] Top card: Green_2(Clone) (UnityEngine.GameObject)
[05:02:16] CardW4(Clone) was added to PlayableCards
[05:02:16] Green_D(Clone) was added to PlayableCards
[05:02:16] Enemy 1: Played Green_D(Clone)
[05:02:16] HasPlayableCard = true
[05:02:16] Turns: 2
[05:02:16] Top card: Green_D(Clone) (UnityEngine.GameObject)
[05:02:16] Top Deck Card:Red_D(Clone) (UnityEngine.GameObject)
[05:02:16] Enemy 2: Drew Red_D(Clone) (UnityEngine.GameObject)
[05:02:16] Top Deck Card:Blue_1(Clone) (UnityEngine.GameObject)
[05:02:16] Enemy 2: Drew Blue_1(Clone) (UnityEngine.GameObject)
[05:02:16] Enemy 2: Drew 2 cards
[05:02:16] Turns: 3
[05:02:16] Top card: Green_D(Clone) (UnityEngine.GameObject)
[05:02:16] CardW4(Clone) was added to PlayableCards
[05:02:16] Blue_D(Clone) was added to PlayableCards
[05:02:16] Green_D(Clone) was added to PlayableCards
[05:02:16] Enemy 3: Played Blue_D(Clone)
[05:02:16] HasPlayableCard = true
[05:02:16] Turns: 0
[05:02:16] Hello from PlayerManager.Draw2
[05:02:16] Top Deck Card:Blue_8(Clone) (UnityEngine.GameObject)
[05:02:16] Player: Drew Blue_8(Clone) (UnityEngine.GameObject)
[05:02:16] Top Deck Card:Red_7(Clone) (UnityEngine.GameObject)
[05:02:16] Player: Drew Red_7(Clone) (UnityEngine.GameObject)
[05:02:16] Player: Drew 2 cards
[05:02:16] Turns: 1
[05:02:16] Top card: Blue_D(Clone) (UnityEngine.GameObject)
[05:02:16] CardW4(Clone) was added to PlayableCards
[05:02:16] Blue_3(Clone) was added to PlayableCards
[05:02:16] Blue_8(Clone) was added to PlayableCards
[05:02:16] Enemy 1: Played Blue_3(Clone)
[05:02:16] HasPlayableCard = true
[05:02:16] Removed Green_2(Clone) (UnityEngine.GameObject)
[05:02:16] Turns: 2
[05:02:16] Top card: Blue_3(Clone) (UnityEngine.GameObject)
[05:02:16] Blue_S(Clone) was added to PlayableCards
[05:02:16] CardW4(Clone) was added to PlayableCards
[05:02:16] Blue_1(Clone) was added to PlayableCards
[05:02:16] Enemy 2: Played Blue_S(Clone)
[05:02:16] HasPlayableCard = true
[05:02:16] Removed Green_D(Clone) (UnityEngine.GameObject)
[05:02:16] Turns: 3
[05:02:16] Top card: Blue_S(Clone) (UnityEngine.GameObject)
[05:02:16] Turns: 0
[05:02:16] Player: Played Blue_8
[05:02:16] Removed Blue_D(Clone) (UnityEngine.GameObject)
[05:02:16] Turns: 1
[05:02:16] Top card: Blue_8(Clone) (UnityEngine.GameObject)
[05:02:16] CardW4(Clone) was added to PlayableCards
[05:02:16] Blue_8(Clone) was added to PlayableCards
[05:02:16] Enemy 1: Played Blue_8(Clone)
[05:02:16] HasPlayableCard = true
[05:02:16] Removed Blue_3(Clone) (UnityEngine.GameObject)
[05:02:16] Turns: 2
[05:02:16] Top card: Blue_8(Clone) (UnityEngine.GameObject)
[05:02:16] CardW4(Clone) was added to PlayableCards
[05:02:16] Blue_1(Clone) was added to PlayableCards
[05:02:16] Enemy 2: Played Blue_1(Clone)
[05:02:16] HasPlayableCard = true
[05:02:16] Removed Blue_S(Clone) (UnityEngine.GameObject)
[05:02:16] Turns: 3
[05:02:16] Top card: Blue_1(Clone) (UnityEngine.GameObject)
[05:02:16] Blue_6(Clone) was added to PlayableCards
[05:02:16] Blue_5(Clone) was added to PlayableCards
[05:02:16] CardW4(Clone) was added to PlayableCards
[05:02:16] Enemy 3: Played Blue_6(Clone)
[05:02:16] HasPlayableCard = true
[05:02:16] Removed Blue_8(Clone) (UnityEngine.GameObject)
[05:02:16] Turns: 0
[05:02:16] Player: Played Blue_S
[05:02:16] Removed Blue_8(Clone) (UnityEngine.GameObject)
[05:02:16] Turns: 1
[05:02:16] Top card: Blue_S(Clone) (UnityEngine.GameObject)
[05:02:16] Turns: 2
[05:02:16] Top card: Blue_S(Clone) (UnityEngine.GameObject)
[05:02:16] CardW4(Clone) was added to PlayableCards
[05:02:16] Enemy 2: Played CardW4(Clone)
[05:02:16] redCards: 3
[05:02:16] yellowCards: 1
[05:02:16] greenCards: 2
[05:02:16] blueCards: 0
[05:02:16] Largest number among 3, 1, 2 and 0 is 3
[05:02:16] wild color set to red
[05:02:16] HasPlayableCard = true
[05:02:16] Removed Blue_1(Clone) (UnityEngine.GameObject)
[05:02:16] Turns: 3
[05:02:16] Top card: CardW4(Clone) (UnityEngine.GameObject)
[05:02:16] Top Deck Card:Red_1(Clone) (UnityEngine.GameObject)
[05:02:16] Enemy 3: Drew Red_1(Clone) (UnityEngine.GameObject)
[05:02:16] Top Deck Card:Yellow_D(Clone) (UnityEngine.GameObject)
[05:02:16] Enemy 3: Drew Yellow_D(Clone) (UnityEngine.GameObject)
[05:02:16] Top Deck Card:CardW(Clone) (UnityEngine.GameObject)
[05:02:16] Enemy 3: Drew CardW(Clone) (UnityEngine.GameObject)
[05:02:16] Turns: 0
[05:02:16] Top Deck Card:Blue_5(Clone) (UnityEngine.GameObject)
[05:02:16] Enemy 3: Drew Blue_5(Clone) (UnityEngine.GameObject)
[05:02:16] Enemy 3: Drew 4 cards
[05:02:16] Player: Played Red_7
[05:02:16] Removed Blue_6(Clone) (UnityEngine.GameObject)
[05:02:16] Turns: 1
[05:02:16] Top card: Red_7(Clone) (UnityEngine.GameObject)
[05:02:16] CardW4(Clone) was added to PlayableCards
[05:02:16] Red_3(Clone) was added to PlayableCards
[05:02:16] Enemy 1: Played Red_3(Clone)
[05:02:16] HasPlayableCard = true
[05:02:16] Removed Blue_S(Clone) (UnityEngine.GameObject)
[05:02:16] Turns: 2
[05:02:16] Top card: Red_3(Clone) (UnityEngine.GameObject)
[05:02:16] Red_2(Clone) was added to PlayableCards
[05:02:16] Red_D(Clone) was added to PlayableCards
[05:02:16] Red_D(Clone) was added to PlayableCards
[05:02:16] Enemy 2: Played Red_D(Clone)
[05:02:16] HasPlayableCard = true
[05:02:16] Removed CardW4(Clone) (UnityEngine.GameObject)
[05:02:16] Turns: 3
[05:02:16] Top card: Red_D(Clone) (UnityEngine.GameObject)
[05:02:16] Top Deck Card:Green_D(Clone) (UnityEngine.GameObject)
[05:02:16] Enemy 3: Drew Green_D(Clone) (UnityEngine.GameObject)
[05:02:16] Top Deck Card:Green_8(Clone) (UnityEngine.GameObject)
[05:02:16] Enemy 3: Drew Green_8(Clone) (UnityEngine.GameObject)
[05:02:16] Enemy 3: Drew 2 cards
[05:02:16] Turns: 0
