[07:47:21] Player received: Yellow_R(Clone)
[07:47:21] Enemy1 received: Red_6(Clone)
[07:47:21] Enemy2 received: Yellow_R(Clone)
[07:47:21] Enemy3 received: CardW(Clone)
[07:47:21] Player received: Green_D(Clone)
[07:47:21] Enemy1 received: Green_4(Clone)
[07:47:21] Enemy2 received: Red_D(Clone)
[07:47:21] Enemy3 received: Green_S(Clone)
[07:47:21] Player received: Green_8(Clone)
[07:47:21] Enemy1 received: Yellow_8(Clone)
[07:47:21] Enemy2 received: Yellow_9(Clone)
[07:47:21] Enemy3 received: Red_R(Clone)
[07:47:21] Player received: Green_R(Clone)
[07:47:21] Enemy1 received: Red_8(Clone)
[07:47:21] Enemy2 received: Red_2(Clone)
[07:47:21] Enemy3 received: Red_0(Clone)
[07:47:21] Player received: Red_7(Clone)
[07:47:21] Enemy1 received: Green_0(Clone)
[07:47:21] Enemy2 received: Yellow_D(Clone)
[07:47:21] Enemy3 received: Red_R(Clone)
[07:47:21] Player received: Yellow_3(Clone)
[07:47:21] Enemy1 received: Yellow_3(Clone)
[07:47:21] Enemy2 received: Blue_D(Clone)
[07:47:21] Enemy3 received: Red_4(Clone)
[07:47:21] Player received: Blue_9(Clone)
[07:47:21] Enemy1 received: Yellow_5(Clone)
[07:47:21] Enemy2 received: Green_7(Clone)
[07:47:21] Enemy3 received: Green_4(Clone)
[07:47:21] DiscardPile received: CardW4(Clone)
[07:47:21] Dealt cards
