[08:02:15]Last card index 
[08:02:15]Last card index Yellow_S(Clone) (UnityEngine.GameObject)
[08:02:15]Last card index Yellow_S(Clone) (UnityEngine.GameObject)
[08:02:15]Last card index Yellow_S(Clone) (UnityEngine.GameObject)
[08:02:15]Last card index Yellow_S(Clone) (UnityEngine.GameObject)
[08:02:15]Last card index Yellow_S(Clone) (UnityEngine.GameObject)
[08:02:15]Last card index Yellow_S(Clone) (UnityEngine.GameObject)
[08:02:15]Last card index Yellow_S(Clone) (UnityEngine.GameObject)
[08:02:15]Last card index Yellow_S(Clone) (UnityEngine.GameObject)
[08:02:15]Last card index Yellow_S(Clone) (UnityEngine.GameObject)
[08:02:15]Last card index Yellow_S(Clone) (UnityEngine.GameObject)
[08:02:15]Last card index Yellow_S(Clone) (UnityEngine.GameObject)
[08:02:15]Last card index Yellow_S(Clone) (UnityEngine.GameObject)
[08:02:15]Last card index Yellow_S(Clone) (UnityEngine.GameObject)
[08:02:15]Last card index Yellow_S(Clone) (UnityEngine.GameObject)
[08:02:15]Last card index Yellow_S(Clone) (UnityEngine.GameObject)
[08:02:15]Last card index Yellow_S(Clone) (UnityEngine.GameObject)
[08:02:15]Last card index Yellow_S(Clone) (UnityEngine.GameObject)
[08:02:15]Last card index Yellow_S(Clone) (UnityEngine.GameObject)
[08:02:15]Last card index Yellow_S(Clone) (UnityEngine.GameObject)
[08:02:15]Last card index Yellow_S(Clone) (UnityEngine.GameObject)
[08:02:15]Last card index Yellow_S(Clone) (UnityEngine.GameObject)
[08:02:15]Last card index Yellow_S(Clone) (UnityEngine.GameObject)
[08:02:15]Last card index Yellow_S(Clone) (UnityEngine.GameObject)
[08:02:15]Last card index Yellow_S(Clone) (UnityEngine.GameObject)
[08:02:15]Last card index Yellow_S(Clone) (UnityEngine.GameObject)
[08:02:15]Last card index Yellow_S(Clone) (UnityEngine.GameObject)
[08:02:15]Last card index Yellow_S(Clone) (UnityEngine.GameObject)
[08:02:15]Last card index Yellow_S(Clone) (UnityEngine.GameObject)
[08:02:15]Player: played card
[08:02:15]Turns = 1
[08:02:15]DiscardCounter: 1
[08:02:15]The top card is YellowFour
[08:02:15]Enemy 1: Couldn't find card match
[08:02:15]Enemy 1: Couldn't find card match
[08:02:15]Enemy 1: Couldn't find card match
[08:02:15]Enemy 1: Couldn't find card match
[08:02:15]Enemy 1: Couldn't find card match
[08:02:15]Enemy 1: Couldn't find card match
[08:02:15]Enemy 1: Couldn't find card match
[08:02:15]The top card is YellowFour
[08:02:15]Enemy 3: Card couldn't be played
[08:02:15]Enemy 3: Skiping turn
[08:02:15]The top card is YellowFour
[08:02:15]Enemy 3: Played card
[08:02:15]Turns = 0
