[08:06:10] Player received: Yellow_2(Clone)
[08:06:10] Enemy1 received: Blue_4(Clone)
[08:06:10] Enemy2 received: Green_9(Clone)
[08:06:10] Enemy3 received: Green_3(Clone)
[08:06:10] Player received: Yellow_1(Clone)
[08:06:10] Enemy1 received: Blue_D(Clone)
[08:06:10] Enemy2 received: Yellow_R(Clone)
[08:06:10] Enemy3 received: Red_7(Clone)
[08:06:10] Player received: Blue_3(Clone)
[08:06:10] Enemy1 received: Red_D(Clone)
[08:06:10] Enemy2 received: Yellow_7(Clone)
[08:06:10] Enemy3 received: Green_5(Clone)
[08:06:10] Player received: Red_4(Clone)
[08:06:10] Enemy1 received: Blue_1(Clone)
[08:06:10] Enemy2 received: Blue_D(Clone)
[08:06:10] Enemy3 received: CardW4(Clone)
[08:06:10] Player received: Yellow_3(Clone)
[08:06:10] Enemy1 received: Blue_2(Clone)
[08:06:10] Enemy2 received: Yellow_S(Clone)
[08:06:10] Enemy3 received: Green_7(Clone)
[08:06:10] Player received: Green_4(Clone)
[08:06:10] Enemy1 received: Yellow_7(Clone)
[08:06:10] Enemy2 received: CardW4(Clone)
[08:06:10] Enemy3 received: Green_2(Clone)
[08:06:10] Player received: Green_1(Clone)
[08:06:10] Enemy1 received: CardW(Clone)
[08:06:10] Enemy2 received: Blue_6(Clone)
[08:06:10] Enemy3 received: Blue_3(Clone)
[08:06:10] DiscardPile received: Red_8(Clone)
[08:06:10] Dealt cards
[08:06:10] Player: Played Red_4
[08:06:10] Turns: 1
[08:06:10] Top card: Red_4(Clone) (UnityEngine.GameObject)
[08:06:10] Blue_4(Clone) (UnityEngine.GameObject) was added to PlayableCards
[08:06:10] Red_D(Clone) (UnityEngine.GameObject) was added to PlayableCards
[08:06:10] CardW(Clone) (UnityEngine.GameObject) was added to PlayableCards
[08:06:10] Enemy 1: Played Red_D(Clone)
[08:06:10] HasPlayableCard = true
[08:06:10] Turns: 2
[08:06:10] Top card: Red_D(Clone) (UnityEngine.GameObject)
[08:06:10] Top Deck Card:Green_D(Clone) (UnityEngine.GameObject)
[08:06:10] Enemy 2: Drew Green_D(Clone) (UnityEngine.GameObject)
[08:06:10] Top Deck Card:Blue_S(Clone) (UnityEngine.GameObject)
[08:06:10] Enemy 2: Drew Blue_S(Clone) (UnityEngine.GameObject)
[08:06:10] Enemy 2: Drew 2 cards
[08:06:10] Turns: 3
[08:06:10] Top card: Red_D(Clone) (UnityEngine.GameObject)
[08:06:10] Red_7(Clone) (UnityEngine.GameObject) was added to PlayableCards
[08:06:10] CardW4(Clone) (UnityEngine.GameObject) was added to PlayableCards
[08:06:10] Enemy 3: Played Red_7(Clone)
[08:06:10] HasPlayableCard = true
[08:06:10] Turns: 0
[08:06:10] Player: Played Blue_3
[08:06:10] Turns: 1
[08:06:10] Top card: Blue_3(Clone) (UnityEngine.GameObject)
[08:06:10] Blue_4(Clone) (UnityEngine.GameObject) was added to PlayableCards
[08:06:10] Blue_D(Clone) (UnityEngine.GameObject) was added to PlayableCards
[08:06:10] Blue_1(Clone) (UnityEngine.GameObject) was added to PlayableCards
[08:06:10] Blue_2(Clone) (UnityEngine.GameObject) was added to PlayableCards
[08:06:10] CardW(Clone) (UnityEngine.GameObject) was added to PlayableCards
[08:06:10] Enemy 1: Played Blue_D(Clone)
[08:06:10] Removed Red_4(Clone) (UnityEngine.GameObject)
[08:06:10] HasPlayableCard = true
[08:06:10] Turns: 2
[08:06:10] Top card: Blue_D(Clone) (UnityEngine.GameObject)
[08:06:10] Top Deck Card:Blue_8(Clone) (UnityEngine.GameObject)
[08:06:10] Enemy 2: Drew Blue_8(Clone) (UnityEngine.GameObject)
[08:06:10] Top Deck Card:Green_R(Clone) (UnityEngine.GameObject)
[08:06:10] Enemy 2: Drew Green_R(Clone) (UnityEngine.GameObject)
[08:06:10] Enemy 2: Drew 2 cards
[08:06:10] Turns: 3
[08:06:10] Top card: Blue_D(Clone) (UnityEngine.GameObject)
[08:06:10] CardW4(Clone) (UnityEngine.GameObject) was added to PlayableCards
[08:06:10] Blue_3(Clone) (UnityEngine.GameObject) was added to PlayableCards
[08:06:10] Enemy 3: Played Blue_3(Clone)
[08:06:10] Removed Red_D(Clone) (UnityEngine.GameObject)
[08:06:10] HasPlayableCard = true
[08:06:10] Turns: 0
