[10:11:07] Top card: 
[10:11:07] Top card: 
[10:11:07] Top card: 
[10:11:07] Top card: 
[10:11:07] Top card: 
[10:11:07] Top card: 
[10:11:07] Top card: 
[10:11:07] Top card: 
[10:11:07] Top card: 
[10:11:07] Top card: 
[10:11:07] Top card: 
[10:11:07] Top card: 
[10:11:07] Top card: 
[10:11:07] Top card: 
[10:11:07] Top card: 
[10:11:07] Top card: 
[10:11:07] Top card: 
[10:11:07] Top card: 
[10:11:07] Top card: 
[10:11:07] Top card: 
[10:11:07] Top card: 
[10:11:07] Top card: 
[10:11:07] Top card: 
[10:11:07] Top card: 
[10:11:07] Top card: 
[10:11:07] Top card: 
[10:11:07] Top card: 
[10:11:07] Top card: 
[10:11:07] hello from discard for loop
[10:11:07] hello from discard if statment
[10:11:07] hello from discard while loop
[10:11:07] Top card: 
[10:11:07] Delt cards
[09:23:41] Top card: 
[09:23:41] Delt cards
[09:23:41] Player: Played Blue_8
[09:23:41] Turns: 1
[09:23:41] Turns: 1
[09:23:41] Top card: Blue_8(Clone) (UnityEngine.GameObject)
[09:23:41] Top card: Blue_8(Clone) (CardProperties)
[09:23:41] Enemy 1: Green_R(Clone) (UnityEngine.GameObject) (Card 0) did not match
[09:23:41] Enemy 1: Red_5(Clone) (UnityEngine.GameObject) (Card 1) did not match
[09:23:41] Enemy 1: Green_7(Clone) (UnityEngine.GameObject) (Card 2) did not match
[09:23:41] Enemy 1: Played Blue_7(Clone) (UnityEngine.GameObject) (Card 3)
[09:23:41] Turns: 2
[09:23:41] Top card: Blue_7(Clone) (UnityEngine.GameObject)
[09:23:41] Top card: Blue_7(Clone) (CardProperties)
[09:23:41] Enemy 2: Yellow_1(Clone) (UnityEngine.GameObject) (Card 0) did not match
[09:23:41] Enemy 2: Played Blue_3(Clone) (UnityEngine.GameObject) (Card 1)
[09:23:41] Turns: 3
[09:23:41] Top card: Blue_3(Clone) (UnityEngine.GameObject)
[09:23:41] Top card: Blue_3(Clone) (CardProperties)
[09:23:41] Enemy 3: Yellow_D(Clone) (UnityEngine.GameObject) (Card 0) did not match
[09:23:41] Enemy 3: Green_D(Clone) (UnityEngine.GameObject) (Card 1) did not match
[09:23:41] Enemy 3: Red_7(Clone) (UnityEngine.GameObject) (Card 2) did not match
[09:23:41] Enemy 3: CardW(Clone) (UnityEngine.GameObject) (Card 3) did not match
[09:23:41] Enemy 3: Yellow_6(Clone) (UnityEngine.GameObject) (Card 4) did not match
[09:23:41] Enemy 3: CardW4(Clone) (UnityEngine.GameObject) (Card 5) did not match
[09:23:41] Enemy 3: Red_4(Clone) (UnityEngine.GameObject) (Card 6) did not match
[09:23:41] HasFoundMatch = False
[09:23:41] Top Deck Card:Yellow_D(Clone) (UnityEngine.GameObject)
[09:23:41] Enemy 3: Drew Yellow_D(Clone) (UnityEngine.GameObject)
[09:23:41] Enemy 3: Drew 1 cards
[09:23:41] Turns: 0
