[03:12:18] Top card: 
[03:12:18] Delt cards
[03:12:18] Top card: CardW4(Clone) (UnityEngine.GameObject)
[03:12:18] Top card: CardW4(Clone) (UnityEngine.GameObject)
[03:12:18] Top card: CardW4(Clone) (UnityEngine.GameObject)
[03:12:18] Top card: CardW4(Clone) (UnityEngine.GameObject)
[03:12:18] Top card: CardW4(Clone) (UnityEngine.GameObject)
[03:12:18] Top card: CardW4(Clone) (UnityEngine.GameObject)
[03:12:18] Top card: CardW4(Clone) (UnityEngine.GameObject)
[03:12:18] Top card: CardW4(Clone) (UnityEngine.GameObject)
[03:12:18] Top card: CardW4(Clone) (UnityEngine.GameObject)
[03:12:18] Top card: CardW4(Clone) (UnityEngine.GameObject)
[03:12:18] Top card: CardW4(Clone) (UnityEngine.GameObject)
[03:12:18] Top card: CardW4(Clone) (UnityEngine.GameObject)
[03:12:18] Top card: CardW4(Clone) (UnityEngine.GameObject)
[03:12:18] Top card: CardW4(Clone) (UnityEngine.GameObject)
[03:12:18] Top card: CardW4(Clone) (UnityEngine.GameObject)
[03:12:18] Top card: CardW4(Clone) (UnityEngine.GameObject)
[03:12:18] Top card: CardW4(Clone) (UnityEngine.GameObject)
[03:12:18] Top card: CardW4(Clone) (UnityEngine.GameObject)
[03:12:18] Top card: CardW4(Clone) (UnityEngine.GameObject)
[03:12:18] Top card: CardW4(Clone) (UnityEngine.GameObject)
[03:12:18] Top card: CardW4(Clone) (UnityEngine.GameObject)
[03:12:18] Top card: CardW4(Clone) (UnityEngine.GameObject)
[03:12:18] Top card: CardW4(Clone) (UnityEngine.GameObject)
[03:12:18] Top card: CardW4(Clone) (UnityEngine.GameObject)
[03:12:18] Top card: CardW4(Clone) (UnityEngine.GameObject)
[03:12:18] Top card: CardW4(Clone) (UnityEngine.GameObject)
[03:12:18] Top card: CardW4(Clone) (UnityEngine.GameObject)
[03:12:18] Top card: CardW4(Clone) (UnityEngine.GameObject)
[03:12:18] Player: played card
[03:12:18] Turns: 1
[03:12:18] DiscardCounter: 1
[03:12:18] Top card: Green_S(Clone) (UnityEngine.GameObject)
[03:12:18] Skipped Enemy 1
[03:12:18] Skipped Enemy 2
[03:12:18] Skipped Enemy 3
