[08:48:14] Top card: 
[08:48:14] player cards gotRed_9(Clone) (UnityEngine.GameObject)
[08:48:14] enemy1 cards gotGreen_9(Clone) (UnityEngine.GameObject)
[08:48:14] enemy2 cards gotGreen_7(Clone) (UnityEngine.GameObject)
[08:48:14] enemy3 cards gotBlue_4(Clone) (UnityEngine.GameObject)
[08:48:14] player cards gotRed_9(Clone) (UnityEngine.GameObject)
[08:48:14] enemy1 cards gotCardW4(Clone) (UnityEngine.GameObject)
[08:48:14] enemy2 cards gotBlue_R(Clone) (UnityEngine.GameObject)
[08:48:14] enemy3 cards gotRed_8(Clone) (UnityEngine.GameObject)
[08:48:14] player cards gotGreen_D(Clone) (UnityEngine.GameObject)
[08:48:14] enemy1 cards gotYellow_D(Clone) (UnityEngine.GameObject)
[08:48:14] enemy2 cards gotCardW4(Clone) (UnityEngine.GameObject)
[08:48:14] enemy3 cards gotCardW4(Clone) (UnityEngine.GameObject)
[08:48:14] player cards gotCardW4(Clone) (UnityEngine.GameObject)
[08:48:14] enemy1 cards gotCardW(Clone) (UnityEngine.GameObject)
[08:48:14] enemy2 cards gotCardW(Clone) (UnityEngine.GameObject)
[08:48:14] enemy3 cards gotBlue_5(Clone) (UnityEngine.GameObject)
[08:48:14] player cards gotRed_5(Clone) (UnityEngine.GameObject)
[08:48:14] enemy1 cards gotRed_D(Clone) (UnityEngine.GameObject)
[08:48:14] enemy2 cards gotBlue_9(Clone) (UnityEngine.GameObject)
[08:48:14] enemy3 cards gotBlue_8(Clone) (UnityEngine.GameObject)
[08:48:14] player cards gotGreen_S(Clone) (UnityEngine.GameObject)
[08:48:14] enemy1 cards gotYellow_R(Clone) (UnityEngine.GameObject)
[08:48:14] enemy2 cards gotBlue_S(Clone) (UnityEngine.GameObject)
[08:48:14] enemy3 cards gotBlue_1(Clone) (UnityEngine.GameObject)
[08:48:14] player cards gotRed_6(Clone) (UnityEngine.GameObject)
[08:48:14] enemy1 cards gotCardW(Clone) (UnityEngine.GameObject)
[08:48:14] enemy2 cards gotGreen_S(Clone) (UnityEngine.GameObject)
[08:48:14] enemy3 cards gotRed_1(Clone) (UnityEngine.GameObject)
[08:48:14] Delt cards
