[08:47:18] Player received: Yellow_D(Clone)
[08:47:18] Enemy1 received: Red_8(Clone)
[08:47:18] Enemy2 received: Red_R(Clone)
[08:47:18] Enemy3 received: Blue_6(Clone)
[08:47:18] Player received: Yellow_D(Clone)
[08:47:18] Enemy1 received: Green_3(Clone)
[08:47:18] Enemy2 received: Yellow_D(Clone)
[08:47:18] Enemy3 received: Blue_3(Clone)
[08:47:18] Player received: Green_5(Clone)
[08:47:18] Enemy1 received: Blue_R(Clone)
[08:47:18] Enemy2 received: Blue_2(Clone)
[08:47:18] Enemy3 received: Red_1(Clone)
[08:47:18] Player received: Yellow_1(Clone)
[08:47:18] Enemy1 received: CardW4(Clone)
[08:47:18] Enemy2 received: Blue_S(Clone)
[08:47:18] Enemy3 received: Green_7(Clone)
[08:47:18] Player received: Blue_0(Clone)
[08:47:18] Enemy1 received: Yellow_S(Clone)
[08:47:18] Enemy2 received: Red_7(Clone)
[08:47:18] Enemy3 received: CardW(Clone)
[08:47:18] Player received: CardW(Clone)
[08:47:18] Enemy1 received: Blue_4(Clone)
[08:47:18] Enemy2 received: Red_D(Clone)
[08:47:18] Enemy3 received: CardW(Clone)
[08:47:18] Player received: CardW(Clone)
[08:47:18] Enemy1 received: CardW4(Clone)
[08:47:18] Enemy2 received: Blue_5(Clone)
[08:47:18] Enemy3 received: CardW(Clone)
[08:47:18] DiscardPile received: Green_9(Clone)
[08:47:18] Dealt cards
