[06:05:33]Last card index0
[06:05:33]Last card index0
[06:05:33]Last card index0
[06:05:33]Last card index0
[06:05:33]Last card index0
[06:05:33]Last card index0
[06:05:33]Last card index0
[06:05:33]Last card index0
[06:05:33]Last card index0
[06:05:33]Last card index0
[06:05:33]Last card index0
[06:05:33]Last card index0
[06:05:33]Last card index0
[06:05:33]Last card index0
[06:05:33]Last card index0
[06:05:33]Last card index0
[06:05:33]Last card index0
[06:05:33]Last card index0
[06:05:33]Last card index0
[06:05:33]Last card index0
[06:05:33]Last card index0
[06:05:33]Last card index0
[06:05:33]Last card index0
[06:05:33]Last card index0
[06:05:33]Last card index0
[06:05:33]Last card index0
[06:05:33]Last card index0
[06:05:33]Last card index0
[06:05:33]Last card index0
[06:05:33]Player: played card
[06:05:33]Turns = 1
[06:05:33]DiscardCounter: 1
[06:05:33]The top card is BlueSkip
[06:05:33]Skiped Enemy 1
[06:05:33]The top card is BlueSkip
[06:05:33]Enemy 2: Played card
[06:05:33]Turns = 3
[06:05:33]The top card is BlueSkip
[06:05:33]Enemy 3: Card couldn't be played
[06:05:33]Enemy 3: Skiping turn
