[09:31:20]Top card: 
[09:31:20]Top card: Blue_1(Clone) (UnityEngine.GameObject)
[09:31:20]Top card: Blue_1(Clone) (UnityEngine.GameObject)
[09:31:20]Top card: Blue_1(Clone) (UnityEngine.GameObject)
[09:31:20]Top card: Blue_1(Clone) (UnityEngine.GameObject)
[09:31:20]Top card: Blue_1(Clone) (UnityEngine.GameObject)
[09:31:20]Top card: Blue_1(Clone) (UnityEngine.GameObject)
[09:31:20]Top card: Blue_1(Clone) (UnityEngine.GameObject)
[09:31:20]Top card: Blue_1(Clone) (UnityEngine.GameObject)
[09:31:20]Top card: Blue_1(Clone) (UnityEngine.GameObject)
[09:31:20]Top card: Blue_1(Clone) (UnityEngine.GameObject)
[09:31:20]Top card: Blue_1(Clone) (UnityEngine.GameObject)
[09:31:20]Top card: Blue_1(Clone) (UnityEngine.GameObject)
[09:31:20]Top card: Blue_1(Clone) (UnityEngine.GameObject)
[09:31:20]Top card: Blue_1(Clone) (UnityEngine.GameObject)
[09:31:20]Top card: Blue_1(Clone) (UnityEngine.GameObject)
[09:31:20]Top card: Blue_1(Clone) (UnityEngine.GameObject)
[09:31:20]Top card: Blue_1(Clone) (UnityEngine.GameObject)
[09:31:20]Top card: Blue_1(Clone) (UnityEngine.GameObject)
[09:31:20]Top card: Blue_1(Clone) (UnityEngine.GameObject)
[09:31:20]Top card: Blue_1(Clone) (UnityEngine.GameObject)
[09:31:20]Top card: Blue_1(Clone) (UnityEngine.GameObject)
[09:31:20]Top card: Blue_1(Clone) (UnityEngine.GameObject)
[09:31:20]Top card: Blue_1(Clone) (UnityEngine.GameObject)
[09:31:20]Top card: Blue_1(Clone) (UnityEngine.GameObject)
[09:31:20]Top card: Blue_1(Clone) (UnityEngine.GameObject)
[09:31:20]Top card: Blue_1(Clone) (UnityEngine.GameObject)
[09:31:20]Top card: Blue_1(Clone) (UnityEngine.GameObject)
[09:31:20]Top card: Blue_1(Clone) (UnityEngine.GameObject)
[10:37:35]Top card: 
[10:37:35]Top card: Yellow_0(Clone) (UnityEngine.GameObject)
[10:37:35]Top card: Yellow_0(Clone) (UnityEngine.GameObject)
[10:37:35]Top card: Yellow_0(Clone) (UnityEngine.GameObject)
[10:37:35]Top card: Yellow_0(Clone) (UnityEngine.GameObject)
[10:37:35]Top card: Yellow_0(Clone) (UnityEngine.GameObject)
[10:37:35]Top card: Yellow_0(Clone) (UnityEngine.GameObject)
[10:37:35]Top card: Yellow_0(Clone) (UnityEngine.GameObject)
[10:37:35]Top card: Yellow_0(Clone) (UnityEngine.GameObject)
[10:37:35]Top card: Yellow_0(Clone) (UnityEngine.GameObject)
[10:37:35]Top card: Yellow_0(Clone) (UnityEngine.GameObject)
[10:37:35]Top card: Yellow_0(Clone) (UnityEngine.GameObject)
[10:37:35]Top card: Yellow_0(Clone) (UnityEngine.GameObject)
[10:37:35]Top card: Yellow_0(Clone) (UnityEngine.GameObject)
[10:37:35]Top card: Yellow_0(Clone) (UnityEngine.GameObject)
[10:37:35]Top card: Yellow_0(Clone) (UnityEngine.GameObject)
[10:37:35]Top card: Yellow_0(Clone) (UnityEngine.GameObject)
[10:37:35]Top card: Yellow_0(Clone) (UnityEngine.GameObject)
[10:37:35]Top card: Yellow_0(Clone) (UnityEngine.GameObject)
[10:37:35]Top card: Yellow_0(Clone) (UnityEngine.GameObject)
[10:37:35]Top card: Yellow_0(Clone) (UnityEngine.GameObject)
[10:37:35]Top card: Yellow_0(Clone) (UnityEngine.GameObject)
[10:37:35]Top card: Yellow_0(Clone) (UnityEngine.GameObject)
[10:37:35]Top card: Yellow_0(Clone) (UnityEngine.GameObject)
[10:37:35]Top card: Yellow_0(Clone) (UnityEngine.GameObject)
[10:37:35]Top card: Yellow_0(Clone) (UnityEngine.GameObject)
[10:37:35]Top card: Yellow_0(Clone) (UnityEngine.GameObject)
[10:37:35]Top card: Yellow_0(Clone) (UnityEngine.GameObject)
[10:37:35]Top card: Yellow_0(Clone) (UnityEngine.GameObject)
[10:37:35]Player: played card
[10:37:35]Turns: 1
[10:37:35]DiscardCounter: 1
[10:37:35]Top card: Red_5(Clone) (UnityEngine.GameObject)
[10:37:35]Top card: Red_5(Clone) (UnityEngine.GameObject)
[10:37:35]Enemy 1: Blue_1(Clone) (UnityEngine.GameObject) (Card 0) did not match
[10:37:35]Enemy 1: Yellow_2(Clone) (UnityEngine.GameObject) (Card 1) did not match
[10:37:35]Enemy 1: Green_2(Clone) (UnityEngine.GameObject) (Card 2) did not match
[10:37:35]Enemy 1: Green_R(Clone) (UnityEngine.GameObject) (Card 3) did not match
[10:37:35]Enemy 1: Green_8(Clone) (UnityEngine.GameObject) (Card 4) did not match
[10:37:35]Turns: 2
[10:37:35]Enemy 1: Played Red_4(Clone) (UnityEngine.GameObject) (Card 5)
[10:37:35]Top card: Red_4(Clone) (UnityEngine.GameObject)
[10:37:35]Top card: Red_4(Clone) (UnityEngine.GameObject)
[10:37:35]Enemy 2: Yellow_S(Clone) (UnityEngine.GameObject) (Card 0) did not match
[10:37:35]Enemy 2: Yellow_2(Clone) (UnityEngine.GameObject) (Card 1) did not match
[10:37:35]Enemy 2: Blue_S(Clone) (UnityEngine.GameObject) (Card 2) did not match
[10:37:35]Enemy 2: Yellow_3(Clone) (UnityEngine.GameObject) (Card 3) did not match
[10:37:35]Enemy 2: Green_S(Clone) (UnityEngine.GameObject) (Card 4) did not match
[10:37:35]Enemy 2: Blue_1(Clone) (UnityEngine.GameObject) (Card 5) did not match
[10:37:35]Green_9(Clone) (UnityEngine.GameObject)
[10:37:35]Enemy 2: Drew Green_9(Clone) (UnityEngine.GameObject)
[10:37:35]Enemy 2: Drew 1 cards
[10:37:35]Enemy 2: Does not have a match
[10:37:35]Top card: Red_4(Clone) (UnityEngine.GameObject)
[10:37:35]Enemy 2: Yellow_S(Clone) (UnityEngine.GameObject) (Card 0) did not match
[10:37:35]Enemy 2: Yellow_2(Clone) (UnityEngine.GameObject) (Card 1) did not match
[10:37:35]Enemy 2: Blue_S(Clone) (UnityEngine.GameObject) (Card 2) did not match
[10:37:35]Enemy 2: Yellow_3(Clone) (UnityEngine.GameObject) (Card 3) did not match
[10:37:35]Enemy 2: Green_S(Clone) (UnityEngine.GameObject) (Card 4) did not match
[10:37:35]Enemy 2: Blue_1(Clone) (UnityEngine.GameObject) (Card 5) did not match
[10:37:35]Enemy 2: Green_8(Clone) (UnityEngine.GameObject) (Card 6) did not match
[10:37:35]Blue_7(Clone) (UnityEngine.GameObject)
[10:37:35]Enemy 2: Drew Blue_7(Clone) (UnityEngine.GameObject)
[10:37:35]Enemy 2: Drew 1 cards
[10:37:35]Enemy 2: Does not have a match
[10:37:35]Top card: Red_4(Clone) (UnityEngine.GameObject)
[10:37:35]Enemy 2: Yellow_S(Clone) (UnityEngine.GameObject) (Card 0) did not match
[10:37:35]Enemy 2: Yellow_2(Clone) (UnityEngine.GameObject) (Card 1) did not match
[10:37:35]Enemy 2: Blue_S(Clone) (UnityEngine.GameObject) (Card 2) did not match
[10:37:35]Enemy 2: Yellow_3(Clone) (UnityEngine.GameObject) (Card 3) did not match
[10:37:35]Enemy 2: Green_S(Clone) (UnityEngine.GameObject) (Card 4) did not match
[10:37:35]Enemy 2: Blue_1(Clone) (UnityEngine.GameObject) (Card 5) did not match
[10:37:35]Enemy 2: Green_8(Clone) (UnityEngine.GameObject) (Card 6) did not match
[10:37:35]Enemy 2: Green_9(Clone) (UnityEngine.GameObject) (Card 7) did not match
[10:37:35]Green_2(Clone) (UnityEngine.GameObject)
[10:37:35]Enemy 2: Drew Green_2(Clone) (UnityEngine.GameObject)
[10:37:35]Enemy 2: Drew 1 cards
[10:37:35]Enemy 2: Does not have a match
[10:37:35]Top card: Red_4(Clone) (UnityEngine.GameObject)
[10:37:35]Enemy 2: Yellow_S(Clone) (UnityEngine.GameObject) (Card 0) did not match
[10:37:35]Enemy 2: Yellow_2(Clone) (UnityEngine.GameObject) (Card 1) did not match
[10:37:35]Enemy 2: Blue_S(Clone) (UnityEngine.GameObject) (Card 2) did not match
[10:37:35]Enemy 2: Yellow_3(Clone) (UnityEngine.GameObject) (Card 3) did not match
[10:37:35]Enemy 2: Green_S(Clone) (UnityEngine.GameObject) (Card 4) did not match
[10:37:35]Enemy 2: Blue_1(Clone) (UnityEngine.GameObject) (Card 5) did not match
[10:37:35]Enemy 2: Green_8(Clone) (UnityEngine.GameObject) (Card 6) did not match
[10:37:35]Enemy 2: Green_9(Clone) (UnityEngine.GameObject) (Card 7) did not match
[10:37:35]Enemy 2: Blue_7(Clone) (UnityEngine.GameObject) (Card 8) did not match
[10:37:35]Red_1(Clone) (UnityEngine.GameObject)
[10:37:35]Enemy 2: Drew Red_1(Clone) (UnityEngine.GameObject)
[10:37:35]Enemy 2: Drew 1 cards
[10:37:35]Enemy 2: Does not have a match
[10:37:35]Top card: Red_4(Clone) (UnityEngine.GameObject)
[10:37:35]Enemy 2: Yellow_S(Clone) (UnityEngine.GameObject) (Card 0) did not match
[10:37:35]Enemy 2: Yellow_2(Clone) (UnityEngine.GameObject) (Card 1) did not match
[10:37:35]Enemy 2: Blue_S(Clone) (UnityEngine.GameObject) (Card 2) did not match
[10:37:35]Enemy 2: Yellow_3(Clone) (UnityEngine.GameObject) (Card 3) did not match
[10:37:35]Enemy 2: Green_S(Clone) (UnityEngine.GameObject) (Card 4) did not match
[10:37:35]Enemy 2: Blue_1(Clone) (UnityEngine.GameObject) (Card 5) did not match
[10:37:35]Enemy 2: Green_8(Clone) (UnityEngine.GameObject) (Card 6) did not match
[10:37:35]Enemy 2: Green_9(Clone) (UnityEngine.GameObject) (Card 7) did not match
[10:37:35]Enemy 2: Blue_7(Clone) (UnityEngine.GameObject) (Card 8) did not match
[10:37:35]Enemy 2: Green_2(Clone) (UnityEngine.GameObject) (Card 9) did not match
[10:37:35]Turns: 3
[10:37:35]Enemy 2: Played Red_1(Clone) (UnityEngine.GameObject) (Card 10)
[10:37:35]Top card: Red_1(Clone) (UnityEngine.GameObject)
[10:37:35]Top card: Red_1(Clone) (UnityEngine.GameObject)
[10:37:35]Enemy 3: Green_6(Clone) (UnityEngine.GameObject) (Card 0) did not match
[10:37:35]Enemy 3: Yellow_6(Clone) (UnityEngine.GameObject) (Card 1) did not match
[10:37:35]Enemy 3: Green_4(Clone) (UnityEngine.GameObject) (Card 2) did not match
[10:37:35]Turns: 0
[10:37:35]Enemy 3: Played Red_1(Clone) (UnityEngine.GameObject) (Card 3)
[10:37:35]Player: played card
[10:37:35]Turns: 1
[10:37:35]DiscardCounter: 1
[10:37:35]Top card: Green_7(Clone) (UnityEngine.GameObject)
[10:37:35]Top card: Green_7(Clone) (UnityEngine.GameObject)
[10:37:35]Enemy 1: Blue_1(Clone) (UnityEngine.GameObject) (Card 0) did not match
[10:37:35]Enemy 1: Yellow_2(Clone) (UnityEngine.GameObject) (Card 1) did not match
[10:37:35]Turns: 2
[10:37:35]Enemy 1: Played Green_2(Clone) (UnityEngine.GameObject) (Card 2)
[10:37:35]Top card: Green_2(Clone) (UnityEngine.GameObject)
[10:37:35]Top card: Green_2(Clone) (UnityEngine.GameObject)
[10:37:35]Enemy 2: Yellow_S(Clone) (UnityEngine.GameObject) (Card 0) did not match
[10:37:35]Turns: 3
[10:37:35]Enemy 2: Played Yellow_2(Clone) (UnityEngine.GameObject) (Card 1)
[10:37:35]Top card: Yellow_2(Clone) (UnityEngine.GameObject)
[10:37:35]Top card: Yellow_2(Clone) (UnityEngine.GameObject)
[10:37:35]Enemy 3: Green_6(Clone) (UnityEngine.GameObject) (Card 0) did not match
[10:37:35]Turns: 0
[10:37:35]Enemy 3: Played Yellow_6(Clone) (UnityEngine.GameObject) (Card 1)
[10:37:35]Player: played card
[10:37:35]Turns: 1
[10:37:35]DiscardCounter: 1
[10:37:35]Top card: Red_3(Clone) (UnityEngine.GameObject)
[10:37:35]Top card: Red_3(Clone) (UnityEngine.GameObject)
[10:37:35]Enemy 1: Blue_1(Clone) (UnityEngine.GameObject) (Card 0) did not match
[10:37:35]Enemy 1: Yellow_2(Clone) (UnityEngine.GameObject) (Card 1) did not match
[10:37:35]Enemy 1: Green_2(Clone) (UnityEngine.GameObject) (Card 2) did not match
[10:37:35]Enemy 1: Green_R(Clone) (UnityEngine.GameObject) (Card 3) did not match
[10:37:35]Enemy 1: Green_8(Clone) (UnityEngine.GameObject) (Card 4) did not match
[10:37:35]Turns: 2
[10:37:35]Enemy 1: Played Red_4(Clone) (UnityEngine.GameObject) (Card 5)
[10:37:35]Top card: Red_4(Clone) (UnityEngine.GameObject)
[10:37:35]Top card: Red_4(Clone) (UnityEngine.GameObject)
[10:37:35]Enemy 2: Yellow_S(Clone) (UnityEngine.GameObject) (Card 0) did not match
[10:37:35]Enemy 2: Yellow_2(Clone) (UnityEngine.GameObject) (Card 1) did not match
[10:37:35]Enemy 2: Blue_S(Clone) (UnityEngine.GameObject) (Card 2) did not match
[10:37:35]Enemy 2: Yellow_3(Clone) (UnityEngine.GameObject) (Card 3) did not match
[10:37:35]Enemy 2: Green_S(Clone) (UnityEngine.GameObject) (Card 4) did not match
[10:37:35]Enemy 2: Blue_1(Clone) (UnityEngine.GameObject) (Card 5) did not match
[10:37:35]Enemy 2: Green_8(Clone) (UnityEngine.GameObject) (Card 6) did not match
[10:37:35]Enemy 2: Green_9(Clone) (UnityEngine.GameObject) (Card 7) did not match
[10:37:35]Enemy 2: Blue_7(Clone) (UnityEngine.GameObject) (Card 8) did not match
[10:37:35]Enemy 2: Green_2(Clone) (UnityEngine.GameObject) (Card 9) did not match
[10:37:35]Turns: 3
[10:37:35]Enemy 2: Played Red_1(Clone) (UnityEngine.GameObject) (Card 10)
[10:37:35]Top card: Red_1(Clone) (UnityEngine.GameObject)
[10:37:35]Top card: Red_1(Clone) (UnityEngine.GameObject)
[10:37:35]Enemy 3: Green_6(Clone) (UnityEngine.GameObject) (Card 0) did not match
[10:37:35]Enemy 3: Yellow_6(Clone) (UnityEngine.GameObject) (Card 1) did not match
[10:37:35]Enemy 3: Green_4(Clone) (UnityEngine.GameObject) (Card 2) did not match
[10:37:35]Turns: 0
[10:37:35]Enemy 3: Played Red_1(Clone) (UnityEngine.GameObject) (Card 3)
[05:09:49] Top card: 
