[06:19:41] Player received: Red_R(Clone)
[06:19:41] Enemy1 received: Blue_8(Clone)
[06:19:41] Enemy2 received: Green_1(Clone)
[06:19:41] Enemy3 received: CardW4(Clone)
[06:19:41] Player received: Green_D(Clone)
[06:19:41] Enemy1 received: Yellow_D(Clone)
[06:19:41] Enemy2 received: Red_2(Clone)
[06:19:41] Enemy3 received: Red_5(Clone)
[06:19:41] Player received: CardW4(Clone)
[06:19:41] Enemy1 received: Red_9(Clone)
[06:19:41] Enemy2 received: CardW(Clone)
[06:19:41] Enemy3 received: Red_7(Clone)
[06:19:41] Player received: Red_2(Clone)
[06:19:41] Enemy1 received: Blue_S(Clone)
[06:19:41] Enemy2 received: Green_7(Clone)
[06:19:41] Enemy3 received: Blue_S(Clone)
[06:19:41] Player received: Blue_6(Clone)
[06:19:41] Enemy1 received: CardW4(Clone)
[06:19:41] Enemy2 received: Blue_R(Clone)
[06:19:41] Enemy3 received: Green_0(Clone)
[06:19:41] Player received: Yellow_D(Clone)
[06:19:41] Enemy1 received: Blue_S(Clone)
[06:19:41] Enemy2 received: Green_D(Clone)
[06:19:41] Enemy3 received: Yellow_1(Clone)
[06:19:41] Player received: Green_8(Clone)
[06:19:41] Enemy1 received: Blue_0(Clone)
[06:19:41] Enemy2 received: Green_7(Clone)
[06:19:41] Enemy3 received: Yellow_3(Clone)
[06:19:41] DiscardPile received: CardW4(Clone)
[06:19:41] Dealt cards
[06:19:41] Player: Played Yellow_D
[06:19:41] Turns: 1
[06:19:41] Top card: Yellow_D(Clone) (UnityEngine.GameObject)
[06:19:41] Top Deck Card:CardW(Clone) (UnityEngine.GameObject)
[06:19:41] Enemy 1: Drew CardW(Clone) (UnityEngine.GameObject)
[06:19:41] Top Deck Card:Red_4(Clone) (UnityEngine.GameObject)
[06:19:41] Enemy 1: Drew Red_4(Clone) (UnityEngine.GameObject)
[06:19:41] Enemy 1: Drew 2 cards
[06:19:41] Turns: 2
[06:19:41] Top card: Yellow_D(Clone) (UnityEngine.GameObject)
[06:19:41] CardW(Clone) (UnityEngine.GameObject) was added to PlayableCards
[06:19:41] Green_D(Clone) (UnityEngine.GameObject) was added to PlayableCards
[06:19:41] Enemy 2: Played Green_D(Clone)
[06:19:41] HasPlayableCard = true
[06:19:41] Turns: 3
[06:19:41] Top card: Green_D(Clone) (UnityEngine.GameObject)
[06:19:41] Top Deck Card:Blue_1(Clone) (UnityEngine.GameObject)
[06:19:41] Enemy 3: Drew Blue_1(Clone) (UnityEngine.GameObject)
[06:19:41] Top Deck Card:Yellow_7(Clone) (UnityEngine.GameObject)
[06:19:41] Enemy 3: Drew Yellow_7(Clone) (UnityEngine.GameObject)
[06:19:41] Enemy 3: Drew 2 cards
[06:19:41] Turns: 0
