[06:30:03] Top card: 
[06:30:03] Delt cards
[06:30:03] Player: Played Red_D
[06:30:03] Player: Played Red_D(Clone) (UnityEngine.GameObject)
[06:30:03] Turns: 1
[06:30:03] Turns: 1
[06:30:03] Top card: Red_D(Clone) (UnityEngine.GameObject)
[06:30:03] Top Deck Card:Blue_S(Clone) (UnityEngine.GameObject)
[06:30:03] Enemy 1: Drew Blue_S(Clone) (UnityEngine.GameObject)
[06:30:03] Top Deck Card:Blue_S(Clone) (UnityEngine.GameObject)
[06:30:03] Enemy 1: Drew Blue_S(Clone) (UnityEngine.GameObject)
[06:30:03] Enemy 1: Drew 2 cards
[06:30:03] Skipped Enemy 1
[06:30:03] Top card: Red_D(Clone) (UnityEngine.GameObject)
[06:30:03] Top card: Red_D(Clone) (CardProperties)
[06:30:03] Enemy 2: Yellow_7(Clone) (UnityEngine.GameObject) (Card 0) did not match
[06:30:03] Enemy 2: Played Red_8(Clone) (UnityEngine.GameObject) (Card 1)
[06:30:03] Turns: 3
[06:30:03] Top card: Red_8(Clone) (UnityEngine.GameObject)
[06:30:03] Top card: Red_8(Clone) (CardProperties)
[06:30:03] Enemy 3: Yellow_7(Clone) (UnityEngine.GameObject) (Card 0) did not match
[06:30:03] Enemy 3: Green_5(Clone) (UnityEngine.GameObject) (Card 1) did not match
[06:30:03] Enemy 3: Blue_3(Clone) (UnityEngine.GameObject) (Card 2) did not match
[06:30:03] Enemy 3: Played Red_6(Clone) (UnityEngine.GameObject) (Card 3)
[06:30:03] Turns: 0
