[05:46:24] Top card: 
[05:46:24] Delt cards
[05:46:24] Top card: 
[05:46:24] Top card: 
[05:46:24] Top card: 
[05:46:24] Top card: 
[05:46:24] Top card: 
[05:46:24] Top card: 
[05:46:24] Top card: 
[05:46:24] Top card: 
[05:46:24] Top card: 
[05:46:24] Top card: 
[05:46:24] Top card: 
[05:46:24] Top card: 
[05:46:24] Top card: 
[05:46:24] Top card: 
[05:46:24] Top card: 
[05:46:24] Top card: 
[05:46:24] Top card: 
[05:46:24] Top card: 
[05:46:24] Top card: 
[05:46:24] Top card: 
[05:46:24] Top card: 
[05:46:24] Top card: 
[05:46:24] Top card: 
[05:46:24] Top card: 
[05:46:24] Top card: 
[05:46:24] Top card: 
[05:46:24] Top card: 
[05:46:24] Top card: 
[05:46:24] Player: Played Red_6(Clone) (UnityEngine.GameObject)
[05:46:24] Turns: 1
[05:46:24] Turns: 1
[05:46:24] Top card: Red_6(Clone) (UnityEngine.GameObject)
[05:46:24] Top card: Red_6(Clone) (CardProperties)
[05:46:24] Enemy 1: Green_S(Clone) (UnityEngine.GameObject) (Card 0) did not match
[05:46:24] Enemy 1: Green_7(Clone) (UnityEngine.GameObject) (Card 1) did not match
[05:46:24] Enemy 1: Yellow_3(Clone) (UnityEngine.GameObject) (Card 2) did not match
[05:46:24] Enemy 1: Played Green_6(Clone) (UnityEngine.GameObject) (Card 3)
[05:46:24] Turns: 2
[05:46:24] Top card: Green_6(Clone) (UnityEngine.GameObject)
[05:46:24] Top card: Green_6(Clone) (CardProperties)
[05:46:24] Enemy 2: Blue_3(Clone) (UnityEngine.GameObject) (Card 0) did not match
[05:46:24] Enemy 2: Yellow_2(Clone) (UnityEngine.GameObject) (Card 1) did not match
[05:46:24] Enemy 2: Red_3(Clone) (UnityEngine.GameObject) (Card 2) did not match
[05:46:24] Enemy 2: Red_1(Clone) (UnityEngine.GameObject) (Card 3) did not match
[05:46:24] Enemy 2: Yellow_7(Clone) (UnityEngine.GameObject) (Card 4) did not match
[05:46:24] Enemy 2: Blue_S(Clone) (UnityEngine.GameObject) (Card 5) did not match
[05:46:24] Enemy 2: Played Green_8(Clone) (UnityEngine.GameObject) (Card 6)
[05:46:24] Turns: 3
[05:46:24] Top card: Green_8(Clone) (UnityEngine.GameObject)
[05:46:24] Top card: Green_8(Clone) (CardProperties)
[05:46:24] Enemy 3: Played Green_D(Clone) (UnityEngine.GameObject) (Card 0)
[05:46:24] Turns: 0
[05:46:24] Player: Played Blue_S(Clone) (UnityEngine.GameObject)
[05:46:24] Turns: 1
[05:46:24] Turns: 1
[05:46:24] Top card: Blue_S(Clone) (UnityEngine.GameObject)
[05:46:24] Skipped Enemy 1
[05:46:24] Top card: Blue_S(Clone) (UnityEngine.GameObject)
[05:46:24] Top card: Blue_S(Clone) (CardProperties)
[05:46:24] Enemy 2: Played Blue_3(Clone) (UnityEngine.GameObject) (Card 0)
[05:46:24] Turns: 3
[05:46:24] Top card: Blue_3(Clone) (UnityEngine.GameObject)
[05:46:24] Top card: Blue_3(Clone) (CardProperties)
[05:46:24] Enemy 3: CardW4(Clone) (UnityEngine.GameObject) (Card 0) did not match
[05:46:24] Enemy 3: Green_R(Clone) (UnityEngine.GameObject) (Card 1) did not match
[05:46:24] Enemy 3: Played Blue_3(Clone) (UnityEngine.GameObject) (Card 2)
[05:46:24] Turns: 0
[05:46:24] Player: Played Yellow_R(Clone) (UnityEngine.GameObject)
[05:46:24] Turns: 1
[05:46:24] Turns: 1
[05:46:24] Top card: Yellow_R(Clone) (UnityEngine.GameObject)
[05:46:24] Top card: Yellow_R(Clone) (CardProperties)
[05:46:24] Enemy 1: Green_S(Clone) (UnityEngine.GameObject) (Card 0) did not match
[05:46:24] Enemy 1: Green_7(Clone) (UnityEngine.GameObject) (Card 1) did not match
[05:46:24] Enemy 1: Played Yellow_3(Clone) (UnityEngine.GameObject) (Card 2)
[05:46:24] Turns: 2
[05:46:24] Top card: Yellow_3(Clone) (UnityEngine.GameObject)
[05:46:24] Top card: Yellow_3(Clone) (CardProperties)
[05:46:24] Enemy 2: Played Yellow_2(Clone) (UnityEngine.GameObject) (Card 0)
[05:46:24] Turns: 3
[05:46:24] Top card: Yellow_2(Clone) (UnityEngine.GameObject)
[05:46:24] Top card: Yellow_2(Clone) (CardProperties)
[05:46:24] Enemy 3: CardW4(Clone) (UnityEngine.GameObject) (Card 0) did not match
[05:46:24] Enemy 3: Green_R(Clone) (UnityEngine.GameObject) (Card 1) did not match
[05:46:24] Enemy 3: Played Yellow_0(Clone) (UnityEngine.GameObject) (Card 2)
[05:46:24] Turns: 0
