[03:50:50] Player received: Yellow_D(Clone)
[03:50:50] Enemy1 received: Blue_D(Clone)
[03:50:50] Enemy2 received: Red_2(Clone)
[03:50:50] Enemy3 received: Blue_4(Clone)
[03:50:50] Player received: Red_5(Clone)
[03:50:50] Enemy1 received: Red_8(Clone)
[03:50:50] Enemy2 received: Red_R(Clone)
[03:50:50] Enemy3 received: Yellow_4(Clone)
[03:50:50] Player received: Green_D(Clone)
[03:50:50] Enemy1 received: Yellow_9(Clone)
[03:50:50] Enemy2 received: Red_2(Clone)
[03:50:50] Enemy3 received: CardW(Clone)
[03:50:50] Player received: CardW(Clone)
[03:50:50] Enemy1 received: Green_D(Clone)
[03:50:50] Enemy2 received: Green_7(Clone)
[03:50:50] Enemy3 received: Red_D(Clone)
[03:50:50] Player received: Blue_S(Clone)
[03:50:50] Enemy1 received: Blue_5(Clone)
[03:50:50] Enemy2 received: Blue_D(Clone)
[03:50:50] Enemy3 received: CardW(Clone)
[03:50:50] Player received: Green_S(Clone)
[03:50:50] Enemy1 received: Yellow_7(Clone)
[03:50:50] Enemy2 received: Blue_1(Clone)
[03:50:50] Enemy3 received: Yellow_S(Clone)
[03:50:50] Player received: Yellow_D(Clone)
[03:50:50] Enemy1 received: Green_9(Clone)
[03:50:50] Enemy2 received: Red_1(Clone)
[03:50:50] Enemy3 received: CardW4(Clone)
[03:50:50] DiscardPile received: Red_9(Clone)
[03:50:50] Dealt cards
[03:50:50] Player: Played Red_5
[03:50:50] Turns: 1
[03:50:50] Top card: Red_5(Clone) (UnityEngine.GameObject)
[03:50:50] Red_8(Clone) (UnityEngine.GameObject) was added to PlayableCards
[03:50:50] Blue_5(Clone) (UnityEngine.GameObject) was added to PlayableCards
[03:50:50] Enemy 1: Played Red_8(Clone)
[03:50:50] HasPlayableCard = true
[03:50:50] Turns: 2
[03:50:50] Top card: Red_8(Clone) (UnityEngine.GameObject)
[03:50:50] Red_2(Clone) (UnityEngine.GameObject) was added to PlayableCards
[03:50:50] Red_R(Clone) (UnityEngine.GameObject) was added to PlayableCards
[03:50:50] Red_2(Clone) (UnityEngine.GameObject) was added to PlayableCards
[03:50:50] Red_1(Clone) (UnityEngine.GameObject) was added to PlayableCards
[03:50:50] Enemy 2: Played Red_R(Clone)
[03:50:50] HasPlayableCard = true
[03:50:50] Turns: 1
[03:50:50] Top card: Red_R(Clone) (UnityEngine.GameObject)
[03:50:50] HasPlayableCard = false
[03:50:50] Top Deck Card:Red_D(Clone) (UnityEngine.GameObject)
[03:50:50] Enemy 1: Drew Red_D(Clone) (UnityEngine.GameObject)
[03:50:50] Enemy 1: Drew 1 cards
[03:50:50] Turns: 0
[03:50:50] Wild Menu shown
[03:50:50] Player: Played CardW
[03:50:50] Removed Red_9(Clone) (UnityEngine.GameObject)
[03:50:50] Turns: 3
[03:50:50] Player called Yellow
[03:50:50] Wild Menu hidden
