[09:58:13] Player received: Blue_S(Clone)
[09:58:13] Enemy1 received: Yellow_9(Clone)
[09:58:13] Enemy2 received: Yellow_2(Clone)
[09:58:13] Enemy3 received: Yellow_R(Clone)
[09:58:13] Player received: Green_D(Clone)
[09:58:13] Enemy1 received: Green_D(Clone)
[09:58:13] Enemy2 received: Green_1(Clone)
[09:58:13] Enemy3 received: Red_5(Clone)
[09:58:13] Player received: Yellow_2(Clone)
[09:58:13] Enemy1 received: Yellow_9(Clone)
[09:58:13] Enemy2 received: Green_4(Clone)
[09:58:13] Enemy3 received: CardW(Clone)
[09:58:13] Player received: CardW4(Clone)
[09:58:13] Enemy1 received: Yellow_D(Clone)
[09:58:13] Enemy2 received: Red_6(Clone)
[09:58:13] Enemy3 received: Red_0(Clone)
[09:58:13] Player received: Green_7(Clone)
[09:58:13] Enemy1 received: Green_6(Clone)
[09:58:13] Enemy2 received: Red_8(Clone)
[09:58:13] Enemy3 received: Blue_2(Clone)
[09:58:13] Player received: Green_0(Clone)
[09:58:13] Enemy1 received: Red_8(Clone)
[09:58:13] Enemy2 received: Yellow_6(Clone)
[09:58:13] Enemy3 received: Blue_8(Clone)
[09:58:13] Player received: Red_D(Clone)
[09:58:13] Enemy1 received: Yellow_D(Clone)
[09:58:13] Enemy2 received: CardW(Clone)
[09:58:13] Enemy3 received: Green_8(Clone)
[09:58:13] DiscardPile received: Yellow_D(Clone)
[09:58:13] Used PlayerLogic
[09:58:13] Dealt cards
