[09:03:51]Top card: 
[09:03:51]Top card: Green_6(Clone) (UnityEngine.GameObject)
[09:03:51]Top card: Green_6(Clone) (UnityEngine.GameObject)
[09:03:51]Top card: Green_6(Clone) (UnityEngine.GameObject)
[09:03:51]Top card: Green_6(Clone) (UnityEngine.GameObject)
[09:03:51]Top card: Green_6(Clone) (UnityEngine.GameObject)
[09:03:51]Top card: Green_6(Clone) (UnityEngine.GameObject)
[09:03:51]Top card: Green_6(Clone) (UnityEngine.GameObject)
[09:03:51]Top card: Green_6(Clone) (UnityEngine.GameObject)
[09:03:51]Top card: Green_6(Clone) (UnityEngine.GameObject)
[09:03:51]Top card: Green_6(Clone) (UnityEngine.GameObject)
[09:03:51]Top card: Green_6(Clone) (UnityEngine.GameObject)
[09:03:51]Top card: Green_6(Clone) (UnityEngine.GameObject)
[09:03:51]Top card: Green_6(Clone) (UnityEngine.GameObject)
[09:03:51]Top card: Green_6(Clone) (UnityEngine.GameObject)
[09:03:51]Top card: Green_6(Clone) (UnityEngine.GameObject)
[09:03:51]Top card: Green_6(Clone) (UnityEngine.GameObject)
[09:03:51]Top card: Green_6(Clone) (UnityEngine.GameObject)
[09:03:51]Top card: Green_6(Clone) (UnityEngine.GameObject)
[09:03:51]Top card: Green_6(Clone) (UnityEngine.GameObject)
[09:03:51]Top card: Green_6(Clone) (UnityEngine.GameObject)
[09:03:51]Top card: Green_6(Clone) (UnityEngine.GameObject)
[09:03:51]Top card: Green_6(Clone) (UnityEngine.GameObject)
[09:03:51]Top card: Green_6(Clone) (UnityEngine.GameObject)
[09:03:51]Top card: Green_6(Clone) (UnityEngine.GameObject)
[09:03:51]Top card: Green_6(Clone) (UnityEngine.GameObject)
[09:03:51]Top card: Green_6(Clone) (UnityEngine.GameObject)
[09:03:51]Top card: Green_6(Clone) (UnityEngine.GameObject)
[09:03:51]Top card: Green_6(Clone) (UnityEngine.GameObject)
[09:03:51]Player: played card
[09:03:51]Turns = 1
[09:03:51]DiscardCounter: 1
[09:03:51]Top card: Green_7(Clone) (UnityEngine.GameObject)
[09:03:51]Top card: Green_7(Clone) (UnityEngine.GameObject)
[09:03:51]Enemy 1: CardW(Clone) (UnityEngine.GameObject) (Card 0) did not match
[09:03:51]Enemy 1: Played Green_5(Clone) (UnityEngine.GameObject)(Card1)
[09:03:51]Turns: 2
[09:03:51]Top card: Green_5(Clone) (UnityEngine.GameObject)
[09:03:51]Enemy 2: Yellow_D(Clone) (UnityEngine.GameObject) (Card 0) did not match
[09:03:51]Enemy 2: Yellow_9(Clone) (UnityEngine.GameObject) (Card 1) did not match
[09:03:51]Enemy 2: Yellow_R(Clone) (UnityEngine.GameObject) (Card 2) did not match
[09:03:51]Enemy 2: Red_6(Clone) (UnityEngine.GameObject) (Card 3) did not match
[09:03:51]Enemy 2: Blue_6(Clone) (UnityEngine.GameObject) (Card 4) did not match
[09:03:51]Enemy 2: Played Green_8(Clone) (UnityEngine.GameObject)
[09:03:51]Turns: 3
[09:03:51]Top card: Green_8(Clone) (UnityEngine.GameObject)
[09:03:51]Enemy 3: Played Green_4(Clone) (UnityEngine.GameObject)
[09:03:51]Turns: 0
[09:03:51]Player: played card
[09:03:51]Turns = 1
[09:03:51]DiscardCounter: 1
[09:03:51]Top card: Green_D(Clone) (UnityEngine.GameObject)
[09:03:51]Top card: Green_D(Clone) (UnityEngine.GameObject)
[09:03:51]Enemy 1: CardW(Clone) (UnityEngine.GameObject) (Card 0) did not match
[09:03:51]Enemy 1: Played Green_5(Clone) (UnityEngine.GameObject)(Card1)
[09:03:51]Turns: 2
[09:03:51]Top card: Green_5(Clone) (UnityEngine.GameObject)
[09:03:51]Enemy 2: Yellow_D(Clone) (UnityEngine.GameObject) (Card 0) did not match
[09:03:51]Enemy 2: Yellow_9(Clone) (UnityEngine.GameObject) (Card 1) did not match
[09:03:51]Enemy 2: Yellow_R(Clone) (UnityEngine.GameObject) (Card 2) did not match
[09:03:51]Enemy 2: Red_6(Clone) (UnityEngine.GameObject) (Card 3) did not match
[09:03:51]Enemy 2: Blue_6(Clone) (UnityEngine.GameObject) (Card 4) did not match
[09:03:51]Enemy 2: Played Green_8(Clone) (UnityEngine.GameObject)
[09:03:51]Turns: 3
[09:03:51]Top card: Green_8(Clone) (UnityEngine.GameObject)
[09:03:51]Enemy 3: Played Green_4(Clone) (UnityEngine.GameObject)
[09:03:51]Turns: 0
[12:12:36]Top card: 
[12:12:36]Top card: Blue_8(Clone) (UnityEngine.GameObject)
[12:12:36]Top card: Blue_8(Clone) (UnityEngine.GameObject)
[12:12:36]Top card: Blue_8(Clone) (UnityEngine.GameObject)
[12:12:36]Top card: Blue_8(Clone) (UnityEngine.GameObject)
[12:12:36]Top card: Blue_8(Clone) (UnityEngine.GameObject)
[12:12:36]Top card: Blue_8(Clone) (UnityEngine.GameObject)
[12:12:36]Top card: Blue_8(Clone) (UnityEngine.GameObject)
[12:12:36]Top card: Blue_8(Clone) (UnityEngine.GameObject)
[12:12:36]Top card: Blue_8(Clone) (UnityEngine.GameObject)
[12:12:36]Top card: Blue_8(Clone) (UnityEngine.GameObject)
[12:12:36]Top card: Blue_8(Clone) (UnityEngine.GameObject)
[12:12:36]Top card: Blue_8(Clone) (UnityEngine.GameObject)
[12:12:36]Top card: Blue_8(Clone) (UnityEngine.GameObject)
[12:12:36]Top card: Blue_8(Clone) (UnityEngine.GameObject)
[12:12:36]Top card: Blue_8(Clone) (UnityEngine.GameObject)
[12:12:36]Top card: Blue_8(Clone) (UnityEngine.GameObject)
[12:12:36]Top card: Blue_8(Clone) (UnityEngine.GameObject)
[12:12:36]Top card: Blue_8(Clone) (UnityEngine.GameObject)
[12:12:36]Top card: Blue_8(Clone) (UnityEngine.GameObject)
[12:12:36]Top card: Blue_8(Clone) (UnityEngine.GameObject)
[12:12:36]Top card: Blue_8(Clone) (UnityEngine.GameObject)
[12:12:36]Top card: Blue_8(Clone) (UnityEngine.GameObject)
[12:12:36]Top card: Blue_8(Clone) (UnityEngine.GameObject)
[12:12:36]Top card: Blue_8(Clone) (UnityEngine.GameObject)
[12:12:36]Top card: Blue_8(Clone) (UnityEngine.GameObject)
[12:12:36]Top card: Blue_8(Clone) (UnityEngine.GameObject)
[12:12:36]Top card: Blue_8(Clone) (UnityEngine.GameObject)
[12:12:36]Top card: Blue_8(Clone) (UnityEngine.GameObject)
[12:12:36]Player: played card
[12:12:36]Turns: 1
[12:12:36]DiscardCounter: 1
[12:12:36]Top card: Blue_S(Clone) (UnityEngine.GameObject)
[12:12:36]Turns: 2
[12:12:36]Top card: Blue_S(Clone) (UnityEngine.GameObject)
[12:12:36]Turns: 3
[12:12:36]Top card: Blue_S(Clone) (UnityEngine.GameObject)
[12:12:36]Turns: 0
[12:12:36]Player: played card
[12:12:36]Turns: 1
[12:12:36]DiscardCounter: 1
[12:12:36]Top card: Blue_7(Clone) (UnityEngine.GameObject)
[12:12:36]Top card: Blue_7(Clone) (UnityEngine.GameObject)
[12:12:36]Turns: 2
[12:12:36]Enemy 1: Played Yellow_7(Clone) (UnityEngine.GameObject) (Card 0)
[12:12:36]Top card: Yellow_7(Clone) (UnityEngine.GameObject)
[12:12:36]Top card: Yellow_7(Clone) (UnityEngine.GameObject)
[12:12:36]Enemy 2: Blue_3(Clone) (UnityEngine.GameObject) (Card 0) did not match
[12:12:36]Turns: 3
[12:12:36]Enemy 2: Played Yellow_8(Clone) (UnityEngine.GameObject) (Card 1)
[12:12:36]Top card: Yellow_8(Clone) (UnityEngine.GameObject)
[12:12:36]Top card: Yellow_8(Clone) (UnityEngine.GameObject)
[12:12:36]Turns: 0
[12:12:36]Enemy 3: Played Blue_8(Clone) (UnityEngine.GameObject) (Card 0)
