[09:45:11] Player received: CardW4(Clone)
[09:45:11] Enemy1 received: Red_D(Clone)
[09:45:11] Enemy2 received: Green_9(Clone)
[09:45:11] Enemy3 received: CardW4(Clone)
[09:45:11] Player received: Green_2(Clone)
[09:45:11] Enemy1 received: Blue_9(Clone)
[09:45:11] Enemy2 received: Yellow_D(Clone)
[09:45:11] Enemy3 received: Red_6(Clone)
[09:45:11] Player received: Blue_2(Clone)
[09:45:11] Enemy1 received: Green_D(Clone)
[09:45:11] Enemy2 received: Blue_4(Clone)
[09:45:11] Enemy3 received: Red_D(Clone)
[09:45:11] Player received: Blue_8(Clone)
[09:45:11] Enemy1 received: Green_9(Clone)
[09:45:11] Enemy2 received: Blue_2(Clone)
[09:45:11] Enemy3 received: CardW(Clone)
[09:45:11] Player received: Blue_S(Clone)
[09:45:11] Enemy1 received: Red_1(Clone)
[09:45:11] Enemy2 received: Red_2(Clone)
[09:45:11] Enemy3 received: CardW(Clone)
[09:45:11] Player received: Red_R(Clone)
[09:45:11] Enemy1 received: Yellow_D(Clone)
[09:45:11] Enemy2 received: Green_2(Clone)
[09:45:11] Enemy3 received: Red_5(Clone)
[09:45:11] Player received: Blue_1(Clone)
[09:45:11] Enemy1 received: Red_D(Clone)
[09:45:11] Enemy2 received: Green_7(Clone)
[09:45:11] Enemy3 received: Blue_D(Clone)
[09:45:11] DiscardPile received: Yellow_S(Clone)
[09:45:11] Hello from PlayerManager.Skip
[09:45:11] Hello from IncrementTurns
[09:45:11] Dealt cards
[09:45:11] Turns: 1
[09:45:11] Top card: Yellow_S(Clone) (UnityEngine.GameObject)
[09:45:11] Yellow_D(Clone) was added to PlayableCards
[09:45:11] Enemy 1: Played Yellow_D(Clone)
[09:45:11] Hello from IncrementTurns
[09:45:11] HasPlayableCard = true
[09:45:11] Turns: 2
[09:45:11] Top card: Yellow_D(Clone) (UnityEngine.GameObject)
[09:45:11] Hello from IncrementTurns
[09:45:11] Top Deck Card:Green_1(Clone)
[09:45:11] Enemy 2: Drew Green_1(Clone)
[09:45:11] Top Deck Card:Red_2(Clone)
[09:45:11] Enemy 2: Drew Red_2(Clone)
[09:45:11] Enemy 2: Drew 2 cards
[09:45:11] Turns: 3
[09:45:11] Top card: Yellow_D(Clone) (UnityEngine.GameObject)
[09:45:11] CardW4(Clone) was added to PlayableCards
[09:45:11] Red_D(Clone) was added to PlayableCards
[09:45:11] CardW(Clone) was added to PlayableCards
[09:45:11] CardW(Clone) was added to PlayableCards
[09:45:11] Blue_D(Clone) was added to PlayableCards
[09:45:11] Enemy 3: Played Red_D(Clone)
[09:45:11] Hello from IncrementTurns
[09:45:11] HasPlayableCard = true
[09:45:11] Turns: 0
[09:45:11] Hello from PlayerManager.Draw2
[09:45:11] Hello from IncrementTurns
[09:45:11] Top Deck Card:CardW4(Clone)
[09:45:11] Player: Drew CardW4(Clone)
[09:45:11] Top Deck Card:Red_3(Clone)
[09:45:11] Player: Drew Red_3(Clone)
[09:45:11] Player: Drew 2 cards
[09:45:11] Turns: 1
[09:45:11] Top card: Red_D(Clone) (UnityEngine.GameObject)
[09:45:11] Red_D(Clone) was added to PlayableCards
[09:45:11] Green_D(Clone) was added to PlayableCards
[09:45:11] Red_1(Clone) was added to PlayableCards
[09:45:11] Red_D(Clone) was added to PlayableCards
[09:45:11] Enemy 1: Played Red_D(Clone)
[09:45:11] Hello from IncrementTurns
[09:45:11] HasPlayableCard = true
[09:45:11] Turns: 2
[09:45:11] Top card: Red_D(Clone) (UnityEngine.GameObject)
[09:45:11] Hello from IncrementTurns
[09:45:11] Top Deck Card:CardW(Clone)
[09:45:11] Enemy 2: Drew CardW(Clone)
[09:45:11] Top Deck Card:Red_4(Clone)
[09:45:11] Enemy 2: Drew Red_4(Clone)
[09:45:11] Enemy 2: Drew 2 cards
[09:45:11] Turns: 3
[09:45:11] Top card: Red_D(Clone) (UnityEngine.GameObject)
[09:45:11] CardW4(Clone) was added to PlayableCards
[09:45:11] Red_6(Clone) was added to PlayableCards
[09:45:11] CardW(Clone) was added to PlayableCards
[09:45:11] CardW(Clone) was added to PlayableCards
[09:45:11] Red_5(Clone) was added to PlayableCards
[09:45:11] Blue_D(Clone) was added to PlayableCards
[09:45:11] Enemy 3: Played Blue_D(Clone)
[09:45:11] Hello from IncrementTurns
[09:45:11] HasPlayableCard = true
[09:45:11] Removed Yellow_D(Clone) (UnityEngine.GameObject)from game
[09:45:11] Turns: 0
[09:45:11] Hello from PlayerManager.Draw2
[09:45:11] Hello from IncrementTurns
[09:45:11] Top Deck Card:Yellow_5(Clone)
[09:45:11] Player: Drew Yellow_5(Clone)
[09:45:11] Top Deck Card:Green_D(Clone)
[09:45:11] Player: Drew Green_D(Clone)
[09:45:11] Player: Drew 2 cards
