[03:18:42] Top card: 
[03:18:42] Delt cards
[03:18:42] Top card: Blue_5(Clone) (UnityEngine.GameObject)
[03:18:42] Top card: Blue_5(Clone) (UnityEngine.GameObject)
[03:18:42] Top card: Blue_5(Clone) (UnityEngine.GameObject)
[03:18:42] Top card: Blue_5(Clone) (UnityEngine.GameObject)
[03:18:42] Top card: Blue_5(Clone) (UnityEngine.GameObject)
[03:18:42] Top card: Blue_5(Clone) (UnityEngine.GameObject)
[03:18:42] Top card: Blue_5(Clone) (UnityEngine.GameObject)
[03:18:42] Top card: Blue_5(Clone) (UnityEngine.GameObject)
[03:18:42] Top card: Blue_5(Clone) (UnityEngine.GameObject)
[03:18:42] Top card: Blue_5(Clone) (UnityEngine.GameObject)
[03:18:42] Top card: Blue_5(Clone) (UnityEngine.GameObject)
[03:18:42] Top card: Blue_5(Clone) (UnityEngine.GameObject)
[03:18:42] Top card: Blue_5(Clone) (UnityEngine.GameObject)
[03:18:42] Top card: Blue_5(Clone) (UnityEngine.GameObject)
[03:18:42] Top card: Blue_5(Clone) (UnityEngine.GameObject)
[03:18:42] Top card: Blue_5(Clone) (UnityEngine.GameObject)
[03:18:42] Top card: Blue_5(Clone) (UnityEngine.GameObject)
[03:18:42] Top card: Blue_5(Clone) (UnityEngine.GameObject)
[03:18:42] Top card: Blue_5(Clone) (UnityEngine.GameObject)
[03:18:42] Top card: Blue_5(Clone) (UnityEngine.GameObject)
[03:18:42] Top card: Blue_5(Clone) (UnityEngine.GameObject)
[03:18:42] Top card: Blue_5(Clone) (UnityEngine.GameObject)
[03:18:42] Top card: Blue_5(Clone) (UnityEngine.GameObject)
[03:18:42] Top card: Blue_5(Clone) (UnityEngine.GameObject)
[03:18:42] Top card: Blue_5(Clone) (UnityEngine.GameObject)
[03:18:42] Top card: Blue_5(Clone) (UnityEngine.GameObject)
[03:18:42] Top card: Blue_5(Clone) (UnityEngine.GameObject)
[03:18:42] Top card: Blue_5(Clone) (UnityEngine.GameObject)
[03:18:42] Turns: 1
[03:18:42] Player: Played Blue_8(Clone) (UnityEngine.GameObject)
[03:18:42] Turns: 1
[03:18:42] DiscardCounter: 1
[03:18:42] Top card: Blue_8(Clone) (UnityEngine.GameObject)
[03:18:42] Top card: Blue_8(Clone) (UnityEngine.GameObject)
[03:18:42] Enemy 1: Green_9(Clone) (UnityEngine.GameObject) (Card 0) did not match
[03:18:42] Enemy 1: Played Blue_6(Clone) (UnityEngine.GameObject) (Card 1)
[03:18:42] Turns: 2
[03:18:42] Top card: Blue_6(Clone) (UnityEngine.GameObject)
[03:18:42] Top card: Blue_6(Clone) (UnityEngine.GameObject)
[03:18:42] Enemy 2: Yellow_S(Clone) (UnityEngine.GameObject) (Card 0) did not match
[03:18:42] Enemy 2: Green_9(Clone) (UnityEngine.GameObject) (Card 1) did not match
[03:18:42] Enemy 2: Yellow_9(Clone) (UnityEngine.GameObject) (Card 2) did not match
[03:18:42] Enemy 2: Red_1(Clone) (UnityEngine.GameObject) (Card 3) did not match
[03:18:42] Enemy 2: Red_8(Clone) (UnityEngine.GameObject) (Card 4) did not match
[03:18:42] Enemy 2: Yellow_S(Clone) (UnityEngine.GameObject) (Card 5) did not match
[03:18:42] Top Deck Card:Red_7(Clone) (UnityEngine.GameObject)
[03:18:42] Enemy 2: Drew Red_7(Clone) (UnityEngine.GameObject)
[03:18:42] Enemy 2: Drew 1 cards
[03:18:42] Enemy 2: Does not have a match
[03:18:42] Top card: Blue_6(Clone) (UnityEngine.GameObject)
[03:18:42] Enemy 2: Yellow_S(Clone) (UnityEngine.GameObject) (Card 0) did not match
[03:18:42] Enemy 2: Green_9(Clone) (UnityEngine.GameObject) (Card 1) did not match
[03:18:42] Enemy 2: Yellow_9(Clone) (UnityEngine.GameObject) (Card 2) did not match
[03:18:42] Enemy 2: Red_1(Clone) (UnityEngine.GameObject) (Card 3) did not match
[03:18:42] Enemy 2: Red_8(Clone) (UnityEngine.GameObject) (Card 4) did not match
[03:18:42] Enemy 2: Yellow_S(Clone) (UnityEngine.GameObject) (Card 5) did not match
[03:18:42] Enemy 2: Yellow_8(Clone) (UnityEngine.GameObject) (Card 6) did not match
[03:18:42] Top Deck Card:Green_3(Clone) (UnityEngine.GameObject)
[03:18:42] Enemy 2: Drew Green_3(Clone) (UnityEngine.GameObject)
[03:18:42] Enemy 2: Drew 1 cards
[03:18:42] Enemy 2: Does not have a match
[03:18:42] Top card: Blue_6(Clone) (UnityEngine.GameObject)
[03:18:42] Enemy 2: Yellow_S(Clone) (UnityEngine.GameObject) (Card 0) did not match
[03:18:42] Enemy 2: Green_9(Clone) (UnityEngine.GameObject) (Card 1) did not match
[03:18:42] Enemy 2: Yellow_9(Clone) (UnityEngine.GameObject) (Card 2) did not match
[03:18:42] Enemy 2: Red_1(Clone) (UnityEngine.GameObject) (Card 3) did not match
[03:18:42] Enemy 2: Red_8(Clone) (UnityEngine.GameObject) (Card 4) did not match
[03:18:42] Enemy 2: Yellow_S(Clone) (UnityEngine.GameObject) (Card 5) did not match
[03:18:42] Enemy 2: Yellow_8(Clone) (UnityEngine.GameObject) (Card 6) did not match
[03:18:42] Enemy 2: Red_7(Clone) (UnityEngine.GameObject) (Card 7) did not match
[03:18:42] Top Deck Card:Green_1(Clone) (UnityEngine.GameObject)
[03:18:42] Enemy 2: Drew Green_1(Clone) (UnityEngine.GameObject)
[03:18:42] Enemy 2: Drew 1 cards
[03:18:42] Enemy 2: Does not have a match
[03:18:42] Top card: Blue_6(Clone) (UnityEngine.GameObject)
[03:18:42] Enemy 2: Yellow_S(Clone) (UnityEngine.GameObject) (Card 0) did not match
[03:18:42] Enemy 2: Green_9(Clone) (UnityEngine.GameObject) (Card 1) did not match
[03:18:42] Enemy 2: Yellow_9(Clone) (UnityEngine.GameObject) (Card 2) did not match
[03:18:42] Enemy 2: Red_1(Clone) (UnityEngine.GameObject) (Card 3) did not match
[03:18:42] Enemy 2: Red_8(Clone) (UnityEngine.GameObject) (Card 4) did not match
[03:18:42] Enemy 2: Yellow_S(Clone) (UnityEngine.GameObject) (Card 5) did not match
[03:18:42] Enemy 2: Yellow_8(Clone) (UnityEngine.GameObject) (Card 6) did not match
[03:18:42] Enemy 2: Red_7(Clone) (UnityEngine.GameObject) (Card 7) did not match
[03:18:42] Enemy 2: Green_3(Clone) (UnityEngine.GameObject) (Card 8) did not match
[03:18:42] Top Deck Card:Yellow_3(Clone) (UnityEngine.GameObject)
[03:18:42] Enemy 2: Drew Yellow_3(Clone) (UnityEngine.GameObject)
[03:18:42] Enemy 2: Drew 1 cards
[03:18:42] Enemy 2: Does not have a match
[03:18:42] Top card: Blue_6(Clone) (UnityEngine.GameObject)
[03:18:42] Enemy 2: Yellow_S(Clone) (UnityEngine.GameObject) (Card 0) did not match
[03:18:42] Enemy 2: Green_9(Clone) (UnityEngine.GameObject) (Card 1) did not match
[03:18:42] Enemy 2: Yellow_9(Clone) (UnityEngine.GameObject) (Card 2) did not match
[03:18:42] Enemy 2: Red_1(Clone) (UnityEngine.GameObject) (Card 3) did not match
[03:18:42] Enemy 2: Red_8(Clone) (UnityEngine.GameObject) (Card 4) did not match
[03:18:42] Enemy 2: Yellow_S(Clone) (UnityEngine.GameObject) (Card 5) did not match
[03:18:42] Enemy 2: Yellow_8(Clone) (UnityEngine.GameObject) (Card 6) did not match
[03:18:42] Enemy 2: Red_7(Clone) (UnityEngine.GameObject) (Card 7) did not match
[03:18:42] Enemy 2: Green_3(Clone) (UnityEngine.GameObject) (Card 8) did not match
[03:18:42] Enemy 2: Green_1(Clone) (UnityEngine.GameObject) (Card 9) did not match
[03:18:42] Top Deck Card:Blue_S(Clone) (UnityEngine.GameObject)
[03:18:42] Enemy 2: Drew Blue_S(Clone) (UnityEngine.GameObject)
[03:18:42] Enemy 2: Drew 1 cards
[03:18:42] Enemy 2: Does not have a match
[03:18:42] Top card: Blue_6(Clone) (UnityEngine.GameObject)
[03:18:42] Enemy 2: Yellow_S(Clone) (UnityEngine.GameObject) (Card 0) did not match
[03:18:42] Enemy 2: Green_9(Clone) (UnityEngine.GameObject) (Card 1) did not match
[03:18:42] Enemy 2: Yellow_9(Clone) (UnityEngine.GameObject) (Card 2) did not match
[03:18:42] Enemy 2: Red_1(Clone) (UnityEngine.GameObject) (Card 3) did not match
[03:18:42] Enemy 2: Red_8(Clone) (UnityEngine.GameObject) (Card 4) did not match
[03:18:42] Enemy 2: Yellow_S(Clone) (UnityEngine.GameObject) (Card 5) did not match
[03:18:42] Enemy 2: Yellow_8(Clone) (UnityEngine.GameObject) (Card 6) did not match
[03:18:42] Enemy 2: Red_7(Clone) (UnityEngine.GameObject) (Card 7) did not match
[03:18:42] Enemy 2: Green_3(Clone) (UnityEngine.GameObject) (Card 8) did not match
[03:18:42] Enemy 2: Green_1(Clone) (UnityEngine.GameObject) (Card 9) did not match
[03:18:42] Enemy 2: Yellow_3(Clone) (UnityEngine.GameObject) (Card 10) did not match
[03:18:42] Enemy 2: Played Blue_S(Clone) (UnityEngine.GameObject) (Card 11)
[03:18:42] Turns: 3
[03:18:42] Turns: 4
[03:18:42] Turns: 5
[03:18:42] Turns: 6
[03:18:42] Turns: 7
[03:18:42] Turns: 8
