[09:59:32] Top card: 
[09:59:32] Top card: 
[09:59:32] Top card: 
[09:59:32] Top card: 
[09:59:32] Top card: 
[09:59:32] Top card: 
[09:59:32] Top card: 
[09:59:32] Top card: 
[09:59:32] Top card: 
[09:59:32] Top card: 
[09:59:32] Top card: 
[09:59:32] Top card: 
[09:59:32] Top card: 
[09:59:32] Top card: 
[09:59:32] Top card: 
[09:59:32] Top card: 
[09:59:32] Top card: 
[09:59:32] Top card: 
[09:59:32] Top card: 
[09:59:32] Top card: 
[09:59:32] Top card: 
[09:59:32] Top card: 
[09:59:32] Top card: 
[09:59:32] Top card: 
[09:59:32] Top card: 
[09:59:32] Top card: 
[09:59:32] Top card: 
[09:59:32] Top card: 
[09:59:32] Top card: 
[09:59:32] Delt cards
[09:59:32] Top card: 
[06:38:25] Top card: 
[06:38:25] Delt cards
[06:38:25] Player: Played Yellow_6
[06:38:25] Player: Played Yellow_6(Clone) (UnityEngine.GameObject)
[06:38:25] Turns: 1
[06:38:25] Turns: 1
[06:38:25] Top card: Yellow_6(Clone) (UnityEngine.GameObject)
[06:38:25] Top card: Yellow_6(Clone) (CardProperties)
[06:38:25] Enemy 1: Blue_5(Clone) (UnityEngine.GameObject) (Card 0) did not match
[06:38:25] Enemy 1: Blue_4(Clone) (UnityEngine.GameObject) (Card 1) did not match
[06:38:25] Enemy 1: Green_R(Clone) (UnityEngine.GameObject) (Card 2) did not match
[06:38:25] Enemy 1: Green_S(Clone) (UnityEngine.GameObject) (Card 3) did not match
[06:38:25] Enemy 1: Played Yellow_9(Clone) (UnityEngine.GameObject) (Card 4)
[06:38:25] Turns: 2
[06:38:25] Top card: Yellow_9(Clone) (UnityEngine.GameObject)
[06:38:25] Top card: Yellow_9(Clone) (CardProperties)
[06:38:25] Enemy 2: Green_5(Clone) (UnityEngine.GameObject) (Card 0) did not match
[06:38:25] Enemy 2: Played Red_9(Clone) (UnityEngine.GameObject) (Card 1)
[06:38:25] Turns: 3
[06:38:25] Top card: Red_9(Clone) (UnityEngine.GameObject)
[06:38:25] Top card: Red_9(Clone) (CardProperties)
[06:38:25] Enemy 3: Blue_6(Clone) (UnityEngine.GameObject) (Card 0) did not match
[06:38:25] Enemy 3: Yellow_R(Clone) (UnityEngine.GameObject) (Card 1) did not match
[06:38:25] Enemy 3: Yellow_7(Clone) (UnityEngine.GameObject) (Card 2) did not match
[06:38:25] Enemy 3: Green_2(Clone) (UnityEngine.GameObject) (Card 3) did not match
[06:38:25] Enemy 3: Played Red_1(Clone) (UnityEngine.GameObject) (Card 4)
[06:38:25] Turns: 0
