[06:48:32] Player received: CardW4(Clone)
[06:48:32] Enemy1 received: Green_6(Clone)
[06:48:32] Enemy2 received: Green_D(Clone)
[06:48:32] Enemy3 received: Green_8(Clone)
[06:48:32] Player received: Yellow_D(Clone)
[06:48:32] Enemy1 received: CardW4(Clone)
[06:48:32] Enemy2 received: Green_D(Clone)
[06:48:32] Enemy3 received: Blue_1(Clone)
[06:48:32] Player received: Red_7(Clone)
[06:48:32] Enemy1 received: Blue_2(Clone)
[06:48:32] Enemy2 received: Yellow_2(Clone)
[06:48:32] Enemy3 received: Red_3(Clone)
[06:48:32] Player received: Green_5(Clone)
[06:48:32] Enemy1 received: Green_R(Clone)
[06:48:32] Enemy2 received: Red_2(Clone)
[06:48:32] Enemy3 received: CardW4(Clone)
[06:48:32] Player received: Blue_8(Clone)
[06:48:32] Enemy1 received: Yellow_4(Clone)
[06:48:32] Enemy2 received: Green_S(Clone)
[06:48:32] Enemy3 received: Green_4(Clone)
[06:48:32] Player received: Yellow_8(Clone)
[06:48:32] Enemy1 received: Green_5(Clone)
