[11:00:23] Top card: 
[11:00:23] hello from discard if statment
[11:00:23] hello from discard while loop
[11:00:23] Top card: Red_D(Clone) (UnityEngine.GameObject)
[11:00:23] Top card: Red_D(Clone) (UnityEngine.GameObject)
[11:00:23] Top card: Red_D(Clone) (UnityEngine.GameObject)
[11:00:23] Top card: Red_D(Clone) (UnityEngine.GameObject)
[11:00:23] Top card: Red_D(Clone) (UnityEngine.GameObject)
[11:00:23] Top card: Red_D(Clone) (UnityEngine.GameObject)
[11:00:23] Top card: Red_D(Clone) (UnityEngine.GameObject)
[11:00:23] Top card: Red_D(Clone) (UnityEngine.GameObject)
[11:00:23] Top card: Red_D(Clone) (UnityEngine.GameObject)
[11:00:23] Top card: Red_D(Clone) (UnityEngine.GameObject)
[11:00:23] Top card: Red_D(Clone) (UnityEngine.GameObject)
[11:00:23] Top card: Red_D(Clone) (UnityEngine.GameObject)
[11:00:23] Top card: Red_D(Clone) (UnityEngine.GameObject)
[11:00:23] Top card: Red_D(Clone) (UnityEngine.GameObject)
[11:00:23] Top card: Red_D(Clone) (UnityEngine.GameObject)
[11:00:23] Top card: Red_D(Clone) (UnityEngine.GameObject)
[11:00:23] Top card: Red_D(Clone) (UnityEngine.GameObject)
[11:00:23] Top card: Red_D(Clone) (UnityEngine.GameObject)
[11:00:23] Top card: Red_D(Clone) (UnityEngine.GameObject)
[11:00:23] Top card: Red_D(Clone) (UnityEngine.GameObject)
[11:00:23] Top card: Red_D(Clone) (UnityEngine.GameObject)
[11:00:23] Top card: Red_D(Clone) (UnityEngine.GameObject)
[11:00:23] Top card: Red_D(Clone) (UnityEngine.GameObject)
[11:00:23] Top card: Red_D(Clone) (UnityEngine.GameObject)
[11:00:23] Top card: Red_D(Clone) (UnityEngine.GameObject)
[11:00:23] Top card: Red_D(Clone) (UnityEngine.GameObject)
[11:00:23] Top card: Red_D(Clone) (UnityEngine.GameObject)
[11:00:23] Delt cards
[11:00:23] Top card: Red_D(Clone) (UnityEngine.GameObject)
[11:00:23] Player: Played Blue_R(Clone) (UnityEngine.GameObject)
[11:00:23] Turns: 1
[11:00:23] Turns: 1
[11:00:23] Top card: Blue_R(Clone) (UnityEngine.GameObject)
[11:00:23] Top card: Blue_R(Clone) (CardProperties)
[11:00:23] Enemy 1: Played Blue_2(Clone) (UnityEngine.GameObject) (Card 0)
[11:00:23] Turns: 2
[11:00:23] Top card: Blue_2(Clone) (UnityEngine.GameObject)
[11:00:23] Top card: Blue_2(Clone) (CardProperties)
[11:00:23] Enemy 2: Yellow_6(Clone) (UnityEngine.GameObject) (Card 0) did not match
[11:00:23] Enemy 2: Played Blue_8(Clone) (UnityEngine.GameObject) (Card 1)
[11:00:23] Turns: 3
[11:00:23] Top card: Blue_8(Clone) (UnityEngine.GameObject)
[11:00:23] Top card: Blue_8(Clone) (CardProperties)
[11:00:23] Enemy 3: Played Blue_D(Clone) (UnityEngine.GameObject) (Card 0)
[11:00:23] Turns: 0
