[03:30:56] Top card: 
[03:30:56] Delt cards
[03:30:56] Player: Played Blue_D(Clone) (UnityEngine.GameObject)
[03:30:56] Turns: 1
[03:30:56] Turns: 1
[03:30:56] Top card: Blue_D(Clone) (UnityEngine.GameObject)
[03:30:56] Top Deck Card:Blue_4(Clone) (UnityEngine.GameObject)
[03:30:56] Enemy 1: Drew Blue_4(Clone) (UnityEngine.GameObject)
[03:30:56] Top Deck Card:Blue_4(Clone) (UnityEngine.GameObject)
[03:30:56] Enemy 1: Drew Blue_4(Clone) (UnityEngine.GameObject)
[03:30:56] Enemy 1: Drew 2 cards
[03:30:56] Skipped Enemy 1
[03:30:56] Top card: Blue_D(Clone) (UnityEngine.GameObject)
[03:30:56] Top card: Blue_D(Clone) (CardProperties)
[03:30:56] Enemy 2: Played Blue_S(Clone) (UnityEngine.GameObject) (Card 0)
[03:30:56] Turns: 3
[03:30:56] Top card: Blue_S(Clone) (UnityEngine.GameObject)
[03:30:56] Skipped Enemy 3
[03:30:56] Player: Played CardW4(Clone) (UnityEngine.GameObject)
[03:30:56] Wild Menu shown
[03:30:56] Turns: 1
[03:30:56] Turns: 1
[03:30:56] Player called green
[03:30:56] Wild Menu hidden
[03:30:56] Top card: CardW4(Clone) (UnityEngine.GameObject)
[03:30:56] Top Deck Card:Blue_4(Clone) (UnityEngine.GameObject)
[03:30:56] Enemy 1: Drew Blue_4(Clone) (UnityEngine.GameObject)
[03:30:56] Top Deck Card:Blue_4(Clone) (UnityEngine.GameObject)
[03:30:56] Enemy 1: Drew Blue_4(Clone) (UnityEngine.GameObject)
[03:30:56] Top Deck Card:Blue_4(Clone) (UnityEngine.GameObject)
[03:30:56] Enemy 1: Drew Blue_4(Clone) (UnityEngine.GameObject)
[03:30:56] Top Deck Card:Blue_4(Clone) (UnityEngine.GameObject)
[03:30:56] Enemy 1: Drew Blue_4(Clone) (UnityEngine.GameObject)
[03:30:56] Enemy 1: Drew 4 cards
[03:30:56] Skipped Enemy 1
[03:30:56] Top card: CardW4(Clone) (UnityEngine.GameObject)
[03:30:56] Top card: CardW4(Clone) (CardProperties)
[03:30:56] Enemy 2: Yellow_2(Clone) (UnityEngine.GameObject) (Card 0) did not match
[03:30:56] Enemy 2: Played Green_4(Clone) (UnityEngine.GameObject) (Card 1)
[03:30:56] Turns: 3
[03:30:56] Top card: Green_4(Clone) (UnityEngine.GameObject)
[03:30:56] Top card: Green_4(Clone) (CardProperties)
[03:30:56] Enemy 3: Played Green_1(Clone) (UnityEngine.GameObject) (Card 0)
[03:30:56] Turns: 0
