[11:34:16] Top card: 
[11:34:16] Top card: Red_5(Clone) (UnityEngine.GameObject)
[11:34:16] Top card: Red_5(Clone) (UnityEngine.GameObject)
[11:34:16] Top card: Red_5(Clone) (UnityEngine.GameObject)
[11:34:16] Top card: Red_5(Clone) (UnityEngine.GameObject)
[11:34:16] Top card: Red_5(Clone) (UnityEngine.GameObject)
[11:34:16] Top card: Red_5(Clone) (UnityEngine.GameObject)
[11:34:16] Top card: Red_5(Clone) (UnityEngine.GameObject)
[11:34:16] Top card: Red_5(Clone) (UnityEngine.GameObject)
[11:34:16] Top card: Red_5(Clone) (UnityEngine.GameObject)
[11:34:16] Top card: Red_5(Clone) (UnityEngine.GameObject)
[11:34:16] Top card: Red_5(Clone) (UnityEngine.GameObject)
[11:34:16] Top card: Red_5(Clone) (UnityEngine.GameObject)
[11:34:16] Top card: Red_5(Clone) (UnityEngine.GameObject)
[11:34:16] Top card: Red_5(Clone) (UnityEngine.GameObject)
[11:34:16] Top card: Red_5(Clone) (UnityEngine.GameObject)
[11:34:16] Top card: Red_5(Clone) (UnityEngine.GameObject)
[11:34:16] Top card: Red_5(Clone) (UnityEngine.GameObject)
[11:34:16] Top card: Red_5(Clone) (UnityEngine.GameObject)
[11:34:16] Top card: Red_5(Clone) (UnityEngine.GameObject)
[11:34:16] Top card: Red_5(Clone) (UnityEngine.GameObject)
[11:34:16] Top card: Red_5(Clone) (UnityEngine.GameObject)
[11:34:16] Top card: Red_5(Clone) (UnityEngine.GameObject)
[11:34:16] Top card: Red_5(Clone) (UnityEngine.GameObject)
[11:34:16] Top card: Red_5(Clone) (UnityEngine.GameObject)
[11:34:16] Top card: Red_5(Clone) (UnityEngine.GameObject)
[11:34:16] Top card: Red_5(Clone) (UnityEngine.GameObject)
[11:34:16] Top card: Red_5(Clone) (UnityEngine.GameObject)
[11:34:16] Delt cards
[11:34:16] Top card: Red_5(Clone) (UnityEngine.GameObject)
[11:34:16] Player: Played Blue_D(Clone) (UnityEngine.GameObject)
[11:34:16] Turns: 1
[11:34:16] Turns: 1
[11:34:16] Top card: Blue_D(Clone) (UnityEngine.GameObject)
[11:34:16] Top Deck Card:Yellow_2(Clone) (UnityEngine.GameObject)
[11:34:16] Enemy 1: Drew Yellow_2(Clone) (UnityEngine.GameObject)
[11:34:16] Top Deck Card:Yellow_2(Clone) (UnityEngine.GameObject)
[11:34:16] Enemy 1: Drew Yellow_2(Clone) (UnityEngine.GameObject)
[11:34:16] Enemy 1: Drew 2 cards
[11:34:16] Skipped Enemy 1
[11:34:16] Top card: Blue_D(Clone) (UnityEngine.GameObject)
[11:34:16] Top card: Blue_D(Clone) (CardProperties)
[11:34:16] Enemy 2: Green_3(Clone) (UnityEngine.GameObject) (Card 0) did not match
[11:34:16] Enemy 2: Green_R(Clone) (UnityEngine.GameObject) (Card 1) did not match
[11:34:16] Enemy 2: Green_S(Clone) (UnityEngine.GameObject) (Card 2) did not match
[11:34:16] Enemy 2: Red_6(Clone) (UnityEngine.GameObject) (Card 3) did not match
[11:34:16] Enemy 2: Played Blue_3(Clone) (UnityEngine.GameObject) (Card 4)
[11:34:16] Turns: 3
[11:34:16] Top card: Blue_3(Clone) (UnityEngine.GameObject)
[11:34:16] Top card: Blue_3(Clone) (CardProperties)
[11:34:16] Enemy 3: Yellow_2(Clone) (UnityEngine.GameObject) (Card 0) did not match
[11:34:16] Enemy 3: Played Blue_7(Clone) (UnityEngine.GameObject) (Card 1)
[11:34:16] Turns: 0
[05:44:44] Top card: 
[05:44:44] Delt cards
