[05:12:30] Top card: 
[05:12:30] Delt cards
[05:17:50] Top card: 
[05:17:50] Delt cards
[05:17:50] Player: Played Yellow_D(Clone) (UnityEngine.GameObject)
[05:17:50] Turns: 1
[05:17:50] Turns: 1
[05:17:50] Top card: Yellow_D(Clone) (UnityEngine.GameObject)
[05:17:50] Top Deck Card:Blue_9(Clone) (UnityEngine.GameObject)
[05:17:50] Enemy 1: Drew Blue_9(Clone) (UnityEngine.GameObject)
[05:17:50] Top Deck Card:Blue_9(Clone) (UnityEngine.GameObject)
[05:17:50] Enemy 1: Drew Blue_9(Clone) (UnityEngine.GameObject)
[05:17:50] Enemy 1: Drew 2 cards
[05:17:50] Skipped Enemy 1
[05:17:50] Top card: Yellow_D(Clone) (UnityEngine.GameObject)
[05:17:50] Top card: Yellow_D(Clone) (CardProperties)
[05:17:50] Enemy 2: Green_D(Clone) (UnityEngine.GameObject) (Card 0) did not match
[05:17:50] Enemy 2: Red_9(Clone) (UnityEngine.GameObject) (Card 1) did not match
[05:17:50] Enemy 2: Blue_1(Clone) (UnityEngine.GameObject) (Card 2) did not match
[05:17:50] Enemy 2: Played Yellow_8(Clone) (UnityEngine.GameObject) (Card 3)
[05:17:50] Turns: 3
[05:17:50] Top card: Yellow_8(Clone) (UnityEngine.GameObject)
[05:17:50] Top card: Yellow_8(Clone) (CardProperties)
[05:17:50] Enemy 3: Played Yellow_S(Clone) (UnityEngine.GameObject) (Card 0)
[05:17:50] Turns: 0
