[06:44:48] Top card: 
[06:44:48] Delt cards
[06:44:48] Player: Played Blue_D
[06:44:48] Player: Played Blue_D(Clone) (UnityEngine.GameObject)
[06:44:48] Turns: 1
[06:44:48] Turns: 1
[06:44:48] Top card: Blue_D(Clone) (UnityEngine.GameObject)
[06:44:48] Top Deck Card:Green_6(Clone) (UnityEngine.GameObject)
[06:44:48] Enemy 1: Drew Green_6(Clone) (UnityEngine.GameObject)
[06:44:48] Top Deck Card:Green_6(Clone) (UnityEngine.GameObject)
[06:44:48] Enemy 1: Drew Green_6(Clone) (UnityEngine.GameObject)
[06:44:48] Enemy 1: Drew 2 cards
[06:44:48] Skipped Enemy 1
[06:44:48] Top card: Blue_D(Clone) (UnityEngine.GameObject)
[06:44:48] Top card: Blue_D(Clone) (CardProperties)
[06:44:48] Enemy 2: Played Blue_6(Clone) (UnityEngine.GameObject) (Card 0)
[06:44:48] Turns: 3
[06:44:48] Top card: Blue_6(Clone) (UnityEngine.GameObject)
[06:44:48] Top card: Blue_6(Clone) (CardProperties)
[06:44:48] Enemy 3: Played Blue_S(Clone) (UnityEngine.GameObject) (Card 0)
[06:44:48] Turns: 0
[06:44:48] Player: Played Blue_S
[06:44:48] Player: Played Blue_S(Clone) (UnityEngine.GameObject)
[06:44:48] Turns: 1
[06:44:48] Turns: 1
[06:44:48] Top card: Blue_S(Clone) (UnityEngine.GameObject)
[06:44:48] Skipped Enemy 1
[06:44:48] Top card: Blue_S(Clone) (UnityEngine.GameObject)
[06:44:48] Top card: Blue_S(Clone) (CardProperties)
[06:44:48] Enemy 2: Yellow_8(Clone) (UnityEngine.GameObject) (Card 0) did not match
[06:44:48] Enemy 2: Played Blue_9(Clone) (UnityEngine.GameObject) (Card 1)
[06:44:48] Turns: 3
[06:44:48] Top card: Blue_9(Clone) (UnityEngine.GameObject)
[06:44:48] Top card: Blue_9(Clone) (CardProperties)
[06:44:48] Enemy 3: Played Yellow_9(Clone) (UnityEngine.GameObject) (Card 0)
[06:44:48] Turns: 0
[06:44:48] Player: Played CardW
[06:44:48] Player: Played CardW(Clone) (UnityEngine.GameObject)
[06:44:48] Wild Menu shown
[06:44:48] Turns: 1
[06:44:48] Turns: 1
[06:44:48] Player called Red
[06:44:48] Wild Menu hidden
[06:44:48] Top card: CardW(Clone) (UnityEngine.GameObject)
[06:44:48] Top card: CardW(Clone) (CardProperties)
[06:44:48] Enemy 1: Blue_5(Clone) (UnityEngine.GameObject) (Card 0) did not match
[06:44:48] Enemy 1: Yellow_7(Clone) (UnityEngine.GameObject) (Card 1) did not match
[06:44:48] Enemy 1: Blue_1(Clone) (UnityEngine.GameObject) (Card 2) did not match
[06:44:48] Enemy 1: Yellow_6(Clone) (UnityEngine.GameObject) (Card 3) did not match
[06:44:48] Enemy 1: CardW4(Clone) (UnityEngine.GameObject) (Card 4) did not match
[06:44:48] Enemy 1: Played Red_3(Clone) (UnityEngine.GameObject) (Card 5)
[06:44:48] Turns: 2
[06:44:48] Top card: Red_3(Clone) (UnityEngine.GameObject)
[06:44:48] Top card: Red_3(Clone) (CardProperties)
[06:44:48] Enemy 2: Yellow_8(Clone) (UnityEngine.GameObject) (Card 0) did not match
[06:44:48] Enemy 2: Played Green_3(Clone) (UnityEngine.GameObject) (Card 1)
[06:44:48] Turns: 3
[06:44:48] Top card: Green_3(Clone) (UnityEngine.GameObject)
[06:44:48] Top card: Green_3(Clone) (CardProperties)
[06:44:48] Enemy 3: Yellow_S(Clone) (UnityEngine.GameObject) (Card 0) did not match
[06:44:48] Enemy 3: Red_2(Clone) (UnityEngine.GameObject) (Card 1) did not match
[06:44:48] Enemy 3: Red_9(Clone) (UnityEngine.GameObject) (Card 2) did not match
[06:44:48] Enemy 3: Blue_2(Clone) (UnityEngine.GameObject) (Card 3) did not match
[06:44:48] Enemy 3: Played Green_2(Clone) (UnityEngine.GameObject) (Card 4)
[06:44:48] Turns: 0
[06:44:48] Player: Played Green_0
[06:44:48] Player: Played Green_0(Clone) (UnityEngine.GameObject)
[06:44:48] Turns: 1
[06:44:48] Turns: 1
[06:44:48] Top card: Green_0(Clone) (UnityEngine.GameObject)
[06:44:48] Top card: Green_0(Clone) (CardProperties)
[06:44:48] Enemy 1: Blue_5(Clone) (UnityEngine.GameObject) (Card 0) did not match
[06:44:48] Enemy 1: Yellow_7(Clone) (UnityEngine.GameObject) (Card 1) did not match
[06:44:48] Enemy 1: Blue_1(Clone) (UnityEngine.GameObject) (Card 2) did not match
[06:44:48] Enemy 1: Yellow_6(Clone) (UnityEngine.GameObject) (Card 3) did not match
[06:44:48] Enemy 1: CardW4(Clone) (UnityEngine.GameObject) (Card 4) did not match
[06:44:48] Enemy 1: Played Green_7(Clone) (UnityEngine.GameObject) (Card 5)
[06:44:48] Turns: 2
[06:44:48] Top card: Green_7(Clone) (UnityEngine.GameObject)
[06:44:48] Top card: Green_7(Clone) (CardProperties)
[06:44:48] Enemy 2: Yellow_8(Clone) (UnityEngine.GameObject) (Card 0) did not match
[06:44:48] Enemy 2: Blue_5(Clone) (UnityEngine.GameObject) (Card 1) did not match
[06:44:48] Enemy 2: Yellow_2(Clone) (UnityEngine.GameObject) (Card 2) did not match
[06:44:48] Enemy 2: Played Red_7(Clone) (UnityEngine.GameObject) (Card 3)
[06:44:48] Turns: 3
[06:44:48] Top card: Red_7(Clone) (UnityEngine.GameObject)
[06:44:48] Top card: Red_7(Clone) (CardProperties)
[06:44:48] Enemy 3: Yellow_S(Clone) (UnityEngine.GameObject) (Card 0) did not match
[06:44:48] Enemy 3: Played Red_2(Clone) (UnityEngine.GameObject) (Card 1)
[06:44:48] Turns: 0
[06:44:48] Player: Played Red_8
[06:44:48] Player: Played Red_8(Clone) (UnityEngine.GameObject)
[06:44:48] Turns: 1
[06:44:48] Turns: 1
[06:44:48] Top card: Red_8(Clone) (UnityEngine.GameObject)
[06:44:48] Top card: Red_8(Clone) (CardProperties)
[06:44:48] Enemy 1: Blue_5(Clone) (UnityEngine.GameObject) (Card 0) did not match
[06:44:48] Enemy 1: Yellow_7(Clone) (UnityEngine.GameObject) (Card 1) did not match
[06:44:48] Enemy 1: Blue_1(Clone) (UnityEngine.GameObject) (Card 2) did not match
[06:44:48] Enemy 1: Yellow_6(Clone) (UnityEngine.GameObject) (Card 3) did not match
[06:44:48] Enemy 1: CardW4(Clone) (UnityEngine.GameObject) (Card 4) did not match
[06:44:48] Enemy 1: Green_6(Clone) (UnityEngine.GameObject) (Card 5) did not match
[06:44:48] Enemy 1: Green_6(Clone) (UnityEngine.GameObject) (Card 6) did not match
[06:44:48] HasFoundMatch = False
[06:44:48] Top Deck Card:Yellow_S(Clone) (UnityEngine.GameObject)
[06:44:48] Enemy 1: Drew Yellow_S(Clone) (UnityEngine.GameObject)
[06:44:48] Enemy 1: Drew 1 cards
[06:44:48] Turns: 2
[06:44:48] Top card: Red_8(Clone) (UnityEngine.GameObject)
[06:44:48] Top card: Red_8(Clone) (CardProperties)
[06:44:48] Enemy 2: Played Yellow_8(Clone) (UnityEngine.GameObject) (Card 0)
[06:44:48] Turns: 3
[06:44:48] Top card: Yellow_8(Clone) (UnityEngine.GameObject)
[06:44:48] Top card: Yellow_8(Clone) (CardProperties)
[06:44:48] Enemy 3: Played Yellow_S(Clone) (UnityEngine.GameObject) (Card 0)
[06:44:48] Turns: 0
[06:44:48] Player: Played Red_2
[06:44:48] Player: Played Red_2(Clone) (UnityEngine.GameObject)
[06:44:48] Turns: 1
[06:44:48] Turns: 1
[06:44:48] Top card: Red_2(Clone) (UnityEngine.GameObject)
[06:44:48] Top card: Red_2(Clone) (CardProperties)
[06:44:48] Enemy 1: Blue_5(Clone) (UnityEngine.GameObject) (Card 0) did not match
[06:44:48] Enemy 1: Yellow_7(Clone) (UnityEngine.GameObject) (Card 1) did not match
[06:44:48] Enemy 1: Blue_1(Clone) (UnityEngine.GameObject) (Card 2) did not match
[06:44:48] Enemy 1: Yellow_6(Clone) (UnityEngine.GameObject) (Card 3) did not match
[06:44:48] Enemy 1: CardW4(Clone) (UnityEngine.GameObject) (Card 4) did not match
[06:44:48] Enemy 1: Green_6(Clone) (UnityEngine.GameObject) (Card 5) did not match
[06:44:48] Enemy 1: Green_6(Clone) (UnityEngine.GameObject) (Card 6) did not match
[06:44:48] Enemy 1: Yellow_S(Clone) (UnityEngine.GameObject) (Card 7) did not match
[06:44:48] HasFoundMatch = False
[06:44:48] Top Deck Card:Green_D(Clone) (UnityEngine.GameObject)
[06:44:48] Enemy 1: Drew Green_D(Clone) (UnityEngine.GameObject)
[06:44:48] Enemy 1: Drew 1 cards
[06:44:48] Turns: 2
[06:44:48] Top card: Red_2(Clone) (UnityEngine.GameObject)
[06:44:48] Top card: Red_2(Clone) (CardProperties)
[06:44:48] Enemy 2: Blue_5(Clone) (UnityEngine.GameObject) (Card 0) did not match
[06:44:48] Enemy 2: Played Yellow_2(Clone) (UnityEngine.GameObject) (Card 1)
[06:44:48] Turns: 3
[06:44:48] Top card: Yellow_2(Clone) (UnityEngine.GameObject)
[06:44:48] Top card: Yellow_2(Clone) (CardProperties)
[06:44:48] Enemy 3: Red_9(Clone) (UnityEngine.GameObject) (Card 0) did not match
[06:44:48] Enemy 3: Played Blue_2(Clone) (UnityEngine.GameObject) (Card 1)
[06:44:48] Turns: 0
[06:44:48] Player: Played Blue_2
[06:44:48] Player: Played Blue_2(Clone) (UnityEngine.GameObject)
[06:44:48] Turns: 1
[06:44:48] Turns: 1
[06:44:48] Top card: Blue_2(Clone) (UnityEngine.GameObject)
[06:44:48] Top card: Blue_2(Clone) (CardProperties)
[06:44:48] Enemy 1: Played Blue_5(Clone) (UnityEngine.GameObject) (Card 0)
[06:44:48] Turns: 2
[06:44:48] Top card: Blue_5(Clone) (UnityEngine.GameObject)
[06:44:48] Top card: Blue_5(Clone) (CardProperties)
[06:44:48] Enemy 2: Played Blue_5(Clone) (UnityEngine.GameObject) (Card 0)
[06:44:48] Turns: 3
[06:44:48] Top card: Blue_5(Clone) (UnityEngine.GameObject)
[06:44:48] Top card: Blue_5(Clone) (CardProperties)
[06:44:48] Enemy 3: Red_9(Clone) (UnityEngine.GameObject) (Card 0) did not match
[06:44:48] HasFoundMatch = False
[06:44:48] Top Deck Card:Green_S(Clone) (UnityEngine.GameObject)
[06:44:48] Enemy 3: Drew Green_S(Clone) (UnityEngine.GameObject)
[06:44:48] Enemy 3: Drew 1 cards
[06:44:48] Turns: 0
