[08:15:45] Player received: Red_8(Clone)
[08:15:45] Enemy1 received: Blue_1(Clone)
[08:15:45] Enemy2 received: CardW4(Clone)
[08:15:45] Enemy3 received: Red_D(Clone)
[08:15:45] Player received: Red_7(Clone)
[08:15:45] Enemy1 received: Green_7(Clone)
[08:15:45] Enemy2 received: Red_D(Clone)
[08:15:45] Enemy3 received: Green_R(Clone)
[08:15:45] Player received: Blue_D(Clone)
[08:15:45] Enemy1 received: Yellow_6(Clone)
[08:15:45] Enemy2 received: Yellow_D(Clone)
[08:15:45] Enemy3 received: Red_4(Clone)
[08:15:45] Player received: Blue_2(Clone)
[08:15:45] Enemy1 received: Red_1(Clone)
[08:15:45] Enemy2 received: Red_D(Clone)
[08:15:45] Enemy3 received: Green_3(Clone)
[08:15:45] Player received: CardW(Clone)
[08:15:45] Enemy1 received: Red_6(Clone)
[08:15:45] Enemy2 received: Green_D(Clone)
[08:15:45] Enemy3 received: Red_2(Clone)
[08:15:45] Player received: Blue_D(Clone)
[08:15:45] Enemy1 received: Blue_5(Clone)
[08:15:45] Enemy2 received: Yellow_6(Clone)
[08:15:45] Enemy3 received: Yellow_D(Clone)
[08:15:45] Player received: Blue_6(Clone)
[08:15:45] Enemy1 received: Blue_2(Clone)
[08:15:45] Enemy2 received: Red_0(Clone)
[08:15:45] Enemy3 received: Yellow_4(Clone)
[08:15:45] DiscardPile received: Blue_8(Clone)
[08:15:45] Dealt cards
[08:15:45] Player: Played Blue_D
[08:15:45] Turns: 1
[08:15:45] Top card: Blue_D(Clone) (UnityEngine.GameObject)
[08:15:45] Top Deck Card:Green_4(Clone) (UnityEngine.GameObject)
[08:15:45] Enemy 1: Drew Green_4(Clone) (UnityEngine.GameObject)
[08:15:45] Top Deck Card:Blue_S(Clone) (UnityEngine.GameObject)
[08:15:45] Enemy 1: Drew Blue_S(Clone) (UnityEngine.GameObject)
[08:15:45] Enemy 1: Drew 2 cards
[08:15:45] Turns: 2
[08:15:45] Top card: Blue_D(Clone) (UnityEngine.GameObject)
[08:15:45] CardW4(Clone) (UnityEngine.GameObject) was added to PlayableCards
[08:15:45] Red_D(Clone) (UnityEngine.GameObject) was added to PlayableCards
[08:15:45] Yellow_D(Clone) (UnityEngine.GameObject) was added to PlayableCards
[08:15:45] Red_D(Clone) (UnityEngine.GameObject) was added to PlayableCards
[08:15:45] Green_D(Clone) (UnityEngine.GameObject) was added to PlayableCards
[08:15:45] Enemy 2: Played Red_D(Clone)
[08:15:45] HasPlayableCard = true
[08:15:45] Turns: 3
[08:15:45] Top card: Red_D(Clone) (UnityEngine.GameObject)
[08:15:45] Top Deck Card:Yellow_D(Clone) (UnityEngine.GameObject)
[08:15:45] Enemy 3: Drew Yellow_D(Clone) (UnityEngine.GameObject)
[08:15:45] Top Deck Card:Yellow_3(Clone) (UnityEngine.GameObject)
[08:15:45] Enemy 3: Drew Yellow_3(Clone) (UnityEngine.GameObject)
[08:15:45] Enemy 3: Drew 2 cards
[08:15:45] Turns: 0
[08:15:45] Player: Played Blue_D
[08:15:45] Turns: 1
[08:15:45] Top card: Blue_D(Clone) (UnityEngine.GameObject)
[08:15:45] Top Deck Card:Red_2(Clone) (UnityEngine.GameObject)
[08:15:45] Enemy 1: Drew Red_2(Clone) (UnityEngine.GameObject)
[08:15:45] Top Deck Card:Green_S(Clone) (UnityEngine.GameObject)
[08:15:45] Enemy 1: Drew Green_S(Clone) (UnityEngine.GameObject)
[08:15:45] Enemy 1: Drew 2 cards
[08:15:45] Turns: 2
[08:15:45] Top card: Blue_D(Clone) (UnityEngine.GameObject)
[08:15:45] CardW4(Clone) (UnityEngine.GameObject) was added to PlayableCards
[08:15:45] Yellow_D(Clone) (UnityEngine.GameObject) was added to PlayableCards
[08:15:45] Red_D(Clone) (UnityEngine.GameObject) was added to PlayableCards
[08:15:45] Green_D(Clone) (UnityEngine.GameObject) was added to PlayableCards
[08:15:45] Enemy 2: Played Yellow_D(Clone)
[08:15:45] HasPlayableCard = true
[08:15:45] Turns: 3
[08:15:45] Top card: Yellow_D(Clone) (UnityEngine.GameObject)
[08:15:45] Top Deck Card:Red_8(Clone) (UnityEngine.GameObject)
[08:15:45] Enemy 3: Drew Red_8(Clone) (UnityEngine.GameObject)
[08:15:45] Top Deck Card:CardW(Clone) (UnityEngine.GameObject)
[08:15:45] Enemy 3: Drew CardW(Clone) (UnityEngine.GameObject)
[08:15:45] Enemy 3: Drew 2 cards
[08:15:45] Turns: 0
[08:56:30] Player received: Blue_6(Clone)
[08:56:30] Enemy1 received: Green_9(Clone)
[08:56:30] Enemy2 received: Yellow_D(Clone)
[08:56:30] Enemy3 received: Green_3(Clone)
[08:56:30] Player received: Blue_8(Clone)
[08:56:30] Enemy1 received: Red_D(Clone)
[08:56:30] Enemy2 received: Blue_D(Clone)
[08:56:30] Enemy3 received: Red_1(Clone)
[08:56:30] Player received: Blue_S(Clone)
[08:56:30] Enemy1 received: Red_D(Clone)
[08:56:30] Enemy2 received: Green_R(Clone)
[08:56:30] Enemy3 received: Yellow_9(Clone)
[08:56:30] Player received: Green_S(Clone)
[08:56:30] Enemy1 received: CardW4(Clone)
[08:56:30] Enemy2 received: Green_1(Clone)
[08:56:30] Enemy3 received: Green_D(Clone)
[08:56:30] Player received: Red_D(Clone)
[08:56:30] Enemy1 received: Red_D(Clone)
[08:56:30] Enemy2 received: Green_D(Clone)
[08:56:30] Enemy3 received: Yellow_4(Clone)
[08:56:30] Player received: Green_7(Clone)
[08:56:30] Enemy1 received: Yellow_2(Clone)
[08:56:30] Enemy2 received: Blue_R(Clone)
[08:56:30] Enemy3 received: CardW4(Clone)
[08:56:30] Player received: Red_8(Clone)
[08:56:30] Enemy1 received: Yellow_D(Clone)
[08:56:30] Enemy2 received: Blue_S(Clone)
[08:56:30] Enemy3 received: Green_8(Clone)
[08:56:30] DiscardPile received: CardW4(Clone)
[08:56:30] Dealt cards
[08:56:30] Player: Played Red_D
[08:56:30] Turns: 1
[08:56:30] Top card: Red_D(Clone) (UnityEngine.GameObject)
[08:56:30] Top Deck Card:Yellow_D(Clone) (UnityEngine.GameObject)
[08:56:30] Enemy 1: Drew Yellow_D(Clone) (UnityEngine.GameObject)
[08:56:30] Top Deck Card:CardW(Clone) (UnityEngine.GameObject)
[08:56:30] Enemy 1: Drew CardW(Clone) (UnityEngine.GameObject)
[08:56:30] Enemy 1: Drew 2 cards
[08:56:30] Turns: 2
[08:56:30] Top card: Red_D(Clone) (UnityEngine.GameObject)
[08:56:30] Yellow_D(Clone) (UnityEngine.GameObject) was added to PlayableCards
[08:56:30] Blue_D(Clone) (UnityEngine.GameObject) was added to PlayableCards
[08:56:30] Green_D(Clone) (UnityEngine.GameObject) was added to PlayableCards
[08:56:30] Enemy 2: Played Yellow_D(Clone)
[08:56:30] HasPlayableCard = true
[08:56:30] Turns: 3
[08:56:30] Top card: Yellow_D(Clone) (UnityEngine.GameObject)
[08:56:30] Top Deck Card:CardW(Clone) (UnityEngine.GameObject)
[08:56:30] Enemy 3: Drew CardW(Clone) (UnityEngine.GameObject)
[08:56:30] Top Deck Card:Green_5(Clone) (UnityEngine.GameObject)
[08:56:30] Enemy 3: Drew Green_5(Clone) (UnityEngine.GameObject)
[08:56:30] Enemy 3: Drew 2 cards
[08:56:30] Turns: 0
