[11:44:30] Top card: 
[11:44:30] Delt cards
[05:20:56] Top card: 
[05:20:56] Delt cards
[05:20:56] Player: Played Green_D(Clone) (UnityEngine.GameObject)
[05:20:56] Turns: 1
[05:20:56] Turns: 1
[05:20:56] Top card: Green_D(Clone) (UnityEngine.GameObject)
[05:20:56] Top Deck Card:Yellow_S(Clone) (UnityEngine.GameObject)
[05:20:56] Enemy 1: Drew Yellow_S(Clone) (UnityEngine.GameObject)
[05:20:56] Top Deck Card:Yellow_S(Clone) (UnityEngine.GameObject)
[05:20:56] Enemy 1: Drew Yellow_S(Clone) (UnityEngine.GameObject)
[05:20:56] Enemy 1: Drew 2 cards
[05:20:56] Skipped Enemy 1
[05:20:56] Top card: Green_D(Clone) (UnityEngine.GameObject)
[05:20:56] Top card: Green_D(Clone) (CardProperties)
[05:20:56] Enemy 2: Played Green_8(Clone) (UnityEngine.GameObject) (Card 0)
[05:20:56] Turns: 3
[05:20:56] Top card: Green_8(Clone) (UnityEngine.GameObject)
[05:20:56] Top card: Green_8(Clone) (CardProperties)
[05:20:56] Enemy 3: Red_R(Clone) (UnityEngine.GameObject) (Card 0) did not match
[05:20:56] Enemy 3: Played Blue_8(Clone) (UnityEngine.GameObject) (Card 1)
[05:20:56] Turns: 0
[07:45:47] Top card: 
[07:45:47] Delt cards
