[05:42:57] Top card: 
[05:42:57] Delt cards
[05:43:18] Top card: 
[05:43:18] Delt cards
[05:43:18] Player: Played CardW4
[05:43:18] Player: Played CardW4(Clone) (UnityEngine.GameObject)
[05:43:18] Wild Menu shown
[05:43:18] Turns: 1
[05:43:18] Turns: 1
[05:43:18] Wild Menu hidden
[05:43:18] Top card: CardW4(Clone) (UnityEngine.GameObject)
[05:43:18] Top Deck Card:Green_2(Clone) (UnityEngine.GameObject)
[05:43:18] Enemy 1: Drew Green_2(Clone) (UnityEngine.GameObject)
[05:43:18] Top Deck Card:Green_2(Clone) (UnityEngine.GameObject)
[05:43:18] Enemy 1: Drew Green_2(Clone) (UnityEngine.GameObject)
[05:43:18] Top Deck Card:Green_2(Clone) (UnityEngine.GameObject)
[05:43:18] Enemy 1: Drew Green_2(Clone) (UnityEngine.GameObject)
[05:43:18] Top Deck Card:Green_2(Clone) (UnityEngine.GameObject)
[05:43:18] Enemy 1: Drew Green_2(Clone) (UnityEngine.GameObject)
[05:43:18] Enemy 1: Drew 4 cards
[05:43:18] Skipped Enemy 1
[05:43:18] Top card: CardW4(Clone) (UnityEngine.GameObject)
[05:43:18] Top card: CardW4(Clone) (CardProperties)
[05:43:18] Enemy 2: CardW(Clone) (UnityEngine.GameObject) (Card 0) did not match
[05:43:18] Enemy 2: Played Red_9(Clone) (UnityEngine.GameObject) (Card 1)
[05:43:18] Turns: 3
[05:43:18] Top card: Red_9(Clone) (UnityEngine.GameObject)
[05:43:18] Top card: Red_9(Clone) (CardProperties)
[05:43:18] Enemy 3: Played Red_8(Clone) (UnityEngine.GameObject) (Card 0)
[05:43:18] Turns: 0
[09:23:28] Top card: 
