[01:05:50] Top card: 
[02:56:05] Top card: 
[09:29:01] Top card: 
[09:29:01] Delt cards
[09:29:01] Player: Played CardW4
[09:29:01] Made it this far (TurnManager)
[09:29:01] Top Deck Card:Yellow_4(Clone) (UnityEngine.GameObject)
[09:29:01] Player: Drew Yellow_4(Clone) (UnityEngine.GameObject)
[09:29:01] Top Deck Card:Yellow_2(Clone) (UnityEngine.GameObject)
[09:29:01] Player: Drew Yellow_2(Clone) (UnityEngine.GameObject)
[09:29:01] Top Deck Card:Green_R(Clone) (UnityEngine.GameObject)
[09:29:01] Player: Drew Green_R(Clone) (UnityEngine.GameObject)
[09:29:01] Top Deck Card:CardW4(Clone) (UnityEngine.GameObject)
[09:29:01] Player: Drew CardW4(Clone) (UnityEngine.GameObject)
[09:29:01] Player: Drew 4 cards
[09:29:01] Wild Menu shown
[09:29:01] Turns: 1
[09:29:01] Turns: 1
[09:29:01] Player called Yellow
[09:29:01] Wild Menu hidden
[09:29:01] Top card: CardW4(Clone) (UnityEngine.GameObject)
[09:29:01] Top Deck Card:Green_5(Clone) (UnityEngine.GameObject)
[09:29:01] Enemy 1: Drew Green_5(Clone) (UnityEngine.GameObject)
[09:29:01] Top Deck Card:Yellow_D(Clone) (UnityEngine.GameObject)
[09:29:01] Enemy 1: Drew Yellow_D(Clone) (UnityEngine.GameObject)
[09:29:01] Top Deck Card:Green_D(Clone) (UnityEngine.GameObject)
[09:29:01] Enemy 1: Drew Green_D(Clone) (UnityEngine.GameObject)
[09:29:01] Top Deck Card:Blue_3(Clone) (UnityEngine.GameObject)
[09:29:01] Enemy 1: Drew Blue_3(Clone) (UnityEngine.GameObject)
[09:29:01] Enemy 1: Drew 4 cards
[09:29:01] Skipped Enemy 1
[09:29:01] Top card: CardW4(Clone) (UnityEngine.GameObject)
[09:29:01] Top card: CardW4(Clone) (CardProperties)
[09:29:01] Enemy 2: Blue_1(Clone) (UnityEngine.GameObject) (Card 0) did not match
[09:29:01] Enemy 2: Green_9(Clone) (UnityEngine.GameObject) (Card 1) did not match
[09:29:01] Enemy 2: Green_0(Clone) (UnityEngine.GameObject) (Card 2) did not match
[09:29:01] Enemy 2: Played Yellow_1(Clone) (UnityEngine.GameObject) (Card 3)
[09:29:01] Turns: 3
[09:29:01] Top card: Yellow_1(Clone) (UnityEngine.GameObject)
[09:29:01] Top card: Yellow_1(Clone) (CardProperties)
[09:29:01] Enemy 3: Red_D(Clone) (UnityEngine.GameObject) (Card 0) did not match
[09:29:01] Enemy 3: Blue_S(Clone) (UnityEngine.GameObject) (Card 1) did not match
[09:29:01] Enemy 3: Blue_2(Clone) (UnityEngine.GameObject) (Card 2) did not match
[09:29:01] Enemy 3: Played Yellow_R(Clone) (UnityEngine.GameObject) (Card 3)
[09:29:01] Top card: Yellow_R(Clone) (CardProperties)
[09:29:01] Enemy 3: Red_D(Clone) (UnityEngine.GameObject) (Card 0) did not match
[09:29:01] Enemy 3: Blue_S(Clone) (UnityEngine.GameObject) (Card 1) did not match
[09:29:01] Enemy 3: Blue_2(Clone) (UnityEngine.GameObject) (Card 2) did not match
[09:29:01] Enemy 3: Played Yellow_R(Clone) (UnityEngine.GameObject) (Card 3)
[09:29:01] Turns: 2
[09:29:01] IsReversed: True
[09:29:01] Turns: 1
[09:29:01] Top card: Yellow_R(Clone) (UnityEngine.GameObject)
[09:29:01] Top card: Yellow_R(Clone) (CardProperties)
[09:29:01] Enemy 1: Green_7(Clone) (UnityEngine.GameObject) (Card 0) did not match
[09:29:01] Enemy 1: Red_0(Clone) (UnityEngine.GameObject) (Card 1) did not match
[09:29:01] Enemy 1: Green_6(Clone) (UnityEngine.GameObject) (Card 2) did not match
[09:29:01] Enemy 1: Green_R(Clone) (UnityEngine.GameObject) (Card 3) did not match
[09:29:01] Enemy 1: Played Yellow_5(Clone) (UnityEngine.GameObject) (Card 4)
[09:29:01] Turns: 0
[11:19:43] Top card: 
[11:19:43] Delt cards
[11:19:43] Player: Played Red_D
[11:19:43] Turns: 0
[11:19:43] Player: Played Red_D
[11:19:43] Top Deck Card:Yellow_4(Clone) (UnityEngine.GameObject)
[11:19:43] Player: Drew Yellow_4(Clone) (UnityEngine.GameObject)
[11:19:43] Top Deck Card:Green_3(Clone) (UnityEngine.GameObject)
[11:19:43] Player: Drew Green_3(Clone) (UnityEngine.GameObject)
[11:19:43] Player: Drew 2 cards
[11:19:43] Turns: 1
[11:19:43] Top card: Red_D(Clone) (UnityEngine.GameObject)
[11:19:43] PlayableCards[0]: WildDraw4
[11:19:43] Turns: 2
[11:19:43] Top card: Red_D(Clone) (UnityEngine.GameObject)
[11:19:43] PlayableCards[0]: Three
[11:19:43] Top card: Red_D(Clone) (UnityEngine.GameObject)
[11:19:43] PlayableCards[0]: Three
[11:19:43] PlayableCards[1]: Three
[11:19:43] Turns: 2
