[05:16:29] Player received: Yellow_4(Clone)
[05:16:29] Enemy1 received: CardW(Clone)
[05:16:29] Enemy2 received: Red_D(Clone)
[05:16:29] Enemy3 received: Red_5(Clone)
[05:16:29] Player received: Red_1(Clone)
[05:16:29] Enemy1 received: Blue_9(Clone)
[05:16:29] Enemy2 received: Red_7(Clone)
[05:16:29] Enemy3 received: Green_8(Clone)
[05:16:29] Player received: Yellow_6(Clone)
[05:16:29] Enemy1 received: CardW(Clone)
[05:16:29] Enemy2 received: Green_3(Clone)
[05:16:29] Enemy3 received: Blue_9(Clone)
[05:16:29] Player received: Yellow_S(Clone)
[05:16:29] Enemy1 received: Blue_2(Clone)
[05:16:29] Enemy2 received: Green_1(Clone)
[05:16:29] Enemy3 received: Yellow_9(Clone)
[05:16:29] Player received: Blue_D(Clone)
[05:16:29] Enemy1 received: Yellow_1(Clone)
[05:16:29] Enemy2 received: CardW(Clone)
[05:16:29] Enemy3 received: Yellow_6(Clone)
[05:16:29] Player received: Green_8(Clone)
[05:16:29] Enemy1 received: Green_R(Clone)
[05:16:29] Enemy2 received: Green_5(Clone)
[05:16:29] Enemy3 received: Red_1(Clone)
[05:16:29] Player received: Red_7(Clone)
[05:16:29] Enemy1 received: Yellow_2(Clone)
[05:16:29] Enemy2 received: Blue_S(Clone)
[05:16:29] Enemy3 received: Yellow_D(Clone)
[05:16:29] DiscardPile received: CardW(Clone)
[05:16:29] Dealt cards
[05:16:29] Player: Played Blue_D
[05:16:29] Turns: 1
[05:16:29] Top card: Blue_D(Clone) (UnityEngine.GameObject)
[05:16:29] Turns: 2
[05:16:29] Top card: Blue_D(Clone) (UnityEngine.GameObject)
[05:16:29] Red_D(Clone) (UnityEngine.GameObject) was added to PlayableCards
[05:16:29] CardW(Clone) (UnityEngine.GameObject) was added to PlayableCards
[05:16:29] Blue_S(Clone) (UnityEngine.GameObject) was added to PlayableCards
[05:16:29] Enemy 2: Played Red_D(Clone)
[05:16:29] Turns: 3
[05:16:29] Top card: Red_D(Clone) (UnityEngine.GameObject)
[05:16:29] Turns: 0
[05:16:29] HasPlayableCard = true
[05:16:29] Top Deck Card:Red_5(Clone) (UnityEngine.GameObject)
[05:16:29] Enemy 1: Drew Red_5(Clone) (UnityEngine.GameObject)
[05:16:29] Top Deck Card:Red_5(Clone) (UnityEngine.GameObject)
[05:16:29] Enemy 3: Drew Red_5(Clone) (UnityEngine.GameObject)
[05:16:29] Top Deck Card:Blue_7(Clone) (UnityEngine.GameObject)
[05:16:29] Enemy 1: Drew Blue_7(Clone) (UnityEngine.GameObject)
[05:16:29] Enemy 1: Drew 2 cards
[05:16:29] Top Deck Card:Blue_7(Clone) (UnityEngine.GameObject)
[05:16:29] Enemy 3: Drew Blue_7(Clone) (UnityEngine.GameObject)
[05:16:29] Enemy 3: Drew 2 cards
