[11:42:11] Player received: Red_8(Clone)
[11:42:11] Enemy1 received: Blue_8(Clone)
[11:42:11] Enemy2 received: Blue_7(Clone)
[11:42:11] Enemy3 received: Blue_7(Clone)
[11:42:11] Player received: Yellow_8(Clone)
[11:42:11] Enemy1 received: Red_1(Clone)
[11:42:11] Enemy2 received: Red_R(Clone)
[11:42:11] Enemy3 received: Yellow_4(Clone)
[11:42:11] Player received: Green_S(Clone)
[11:42:11] Enemy1 received: Red_0(Clone)
[11:42:11] Enemy2 received: Green_0(Clone)
[11:42:11] Enemy3 received: Green_D(Clone)
[11:42:11] Player received: Green_7(Clone)
[11:42:11] Enemy1 received: Red_7(Clone)
[11:42:11] Enemy2 received: CardW4(Clone)
[11:42:11] Enemy3 received: Blue_5(Clone)
[11:42:11] Player received: Green_R(Clone)
[11:42:11] Enemy1 received: Red_2(Clone)
[11:42:11] Enemy2 received: Yellow_D(Clone)
[11:42:11] Enemy3 received: Red_4(Clone)
[11:42:11] Player received: CardW(Clone)
[11:42:11] Enemy1 received: Red_6(Clone)
[11:42:11] Enemy2 received: Yellow_6(Clone)
[11:42:11] Enemy3 received: Yellow_R(Clone)
[11:42:11] Player received: Green_8(Clone)
[11:42:11] Enemy1 received: Yellow_8(Clone)
[11:42:11] Enemy2 received: Blue_2(Clone)
[11:42:11] Enemy3 received: Yellow_2(Clone)
[11:42:11] DiscardPile received: Blue_4(Clone)
[11:42:11] Dealt cards
[11:42:11] Wild Menu shown
[11:42:11] Player: Played CardW(Clone)
[11:42:11] Player called Green
[11:42:11] Wild Menu hidden
