[12:25:34] Player received: Green_5(Clone)
[12:25:34] Enemy1 received: Yellow_5(Clone)
[12:25:34] Enemy2 received: Red_7(Clone)
[12:25:34] Enemy3 received: Green_0(Clone)
[12:25:34] Player received: Yellow_D(Clone)
[12:25:34] Enemy1 received: CardW4(Clone)
[12:25:34] Enemy2 received: Blue_R(Clone)
[12:25:34] Enemy3 received: Yellow_2(Clone)
[12:25:34] Player received: Yellow_9(Clone)
[12:25:34] Enemy1 received: Yellow_D(Clone)
[12:25:34] Enemy2 received: Blue_5(Clone)
[12:25:34] Enemy3 received: Red_R(Clone)
[12:25:34] Player received: Yellow_D(Clone)
[12:25:34] Enemy1 received: Green_1(Clone)
[12:25:34] Enemy2 received: Green_D(Clone)
[12:25:34] Enemy3 received: Red_8(Clone)
[12:25:34] Player received: Yellow_R(Clone)
[12:25:34] Enemy1 received: Green_3(Clone)
[12:25:34] Enemy2 received: Red_3(Clone)
[12:25:34] Enemy3 received: Blue_7(Clone)
[12:25:34] Player received: Green_3(Clone)
[12:25:34] Enemy1 received: Red_D(Clone)
[12:25:34] Enemy2 received: Green_9(Clone)
[12:25:34] Enemy3 received: Yellow_4(Clone)
[12:25:34] Player received: Yellow_7(Clone)
[12:25:34] Enemy1 received: Blue_9(Clone)
[12:25:34] Enemy2 received: Yellow_S(Clone)
[12:25:34] Enemy3 received: Blue_D(Clone)
[12:25:34] DiscardPile received: Blue_6(Clone)
[12:25:34] player didn't have a playable card
[12:25:34] Dealt cards
