[06:26:34]Last card index 
[06:26:34]Last card index Blue_S(Clone) (UnityEngine.GameObject)
[06:26:34]Last card index Blue_S(Clone) (UnityEngine.GameObject)
[06:26:34]Last card index Blue_S(Clone) (UnityEngine.GameObject)
[06:26:34]Last card index Blue_S(Clone) (UnityEngine.GameObject)
[06:26:34]Last card index Blue_S(Clone) (UnityEngine.GameObject)
[06:26:34]Last card index Blue_S(Clone) (UnityEngine.GameObject)
[06:26:34]Last card index Blue_S(Clone) (UnityEngine.GameObject)
[06:26:34]Last card index Blue_S(Clone) (UnityEngine.GameObject)
[06:26:34]Last card index Blue_S(Clone) (UnityEngine.GameObject)
[06:26:34]Last card index Blue_S(Clone) (UnityEngine.GameObject)
[06:26:34]Last card index Blue_S(Clone) (UnityEngine.GameObject)
[06:26:34]Last card index Blue_S(Clone) (UnityEngine.GameObject)
[06:26:34]Last card index Blue_S(Clone) (UnityEngine.GameObject)
[06:26:34]Last card index Blue_S(Clone) (UnityEngine.GameObject)
[06:26:34]Last card index Blue_S(Clone) (UnityEngine.GameObject)
[06:26:34]Last card index Blue_S(Clone) (UnityEngine.GameObject)
[06:26:34]Last card index Blue_S(Clone) (UnityEngine.GameObject)
[06:26:34]Last card index Blue_S(Clone) (UnityEngine.GameObject)
[06:26:34]Last card index Blue_S(Clone) (UnityEngine.GameObject)
[06:26:34]Last card index Blue_S(Clone) (UnityEngine.GameObject)
[06:26:34]Last card index Blue_S(Clone) (UnityEngine.GameObject)
[06:26:34]Last card index Blue_S(Clone) (UnityEngine.GameObject)
[06:26:34]Last card index Blue_S(Clone) (UnityEngine.GameObject)
[06:26:34]Last card index Blue_S(Clone) (UnityEngine.GameObject)
[06:26:34]Last card index Blue_S(Clone) (UnityEngine.GameObject)
[06:26:34]Last card index Blue_S(Clone) (UnityEngine.GameObject)
[06:26:34]Last card index Blue_S(Clone) (UnityEngine.GameObject)
[06:26:34]Last card index Blue_S(Clone) (UnityEngine.GameObject)
[06:26:34]Player: played card
[06:26:34]Turns = 1
[06:26:34]DiscardCounter: 1
[06:26:34]The top card is BlueSkip
[06:26:34]Enemy 1: Played card
[06:26:34]Turns = 2
[06:26:34]The top card is BlueDraw2
[06:26:34]Enemy 2: Card couldn't be played
[06:26:34]Enemy 2: Skiping turn
[06:26:34]The top card is BlueDraw2
[06:26:34]Enemy 3: Card couldn't be played
[06:26:34]Enemy 3: Skiping turn
