[10:43:06] Top card: 
[10:43:06] hello from discard if statment
[10:43:06] hello from discard while loop
[10:43:06] Top card: Red_6(Clone) (UnityEngine.GameObject)
[10:43:06] Top card: Red_6(Clone) (UnityEngine.GameObject)
[10:43:06] Top card: Red_6(Clone) (UnityEngine.GameObject)
[10:43:06] Top card: Red_6(Clone) (UnityEngine.GameObject)
[10:43:06] Top card: Red_6(Clone) (UnityEngine.GameObject)
[10:43:06] Top card: Red_6(Clone) (UnityEngine.GameObject)
[10:43:06] Top card: Red_6(Clone) (UnityEngine.GameObject)
[10:43:06] Top card: Red_6(Clone) (UnityEngine.GameObject)
[10:43:06] Top card: Red_6(Clone) (UnityEngine.GameObject)
[10:43:06] Top card: Red_6(Clone) (UnityEngine.GameObject)
[10:43:06] Top card: Red_6(Clone) (UnityEngine.GameObject)
[10:43:06] Top card: Red_6(Clone) (UnityEngine.GameObject)
[10:43:06] Top card: Red_6(Clone) (UnityEngine.GameObject)
[10:43:06] Top card: Red_6(Clone) (UnityEngine.GameObject)
[10:43:06] Top card: Red_6(Clone) (UnityEngine.GameObject)
[10:43:06] Top card: Red_6(Clone) (UnityEngine.GameObject)
[10:43:06] Top card: Red_6(Clone) (UnityEngine.GameObject)
[10:43:06] Top card: Red_6(Clone) (UnityEngine.GameObject)
[10:43:06] Top card: Red_6(Clone) (UnityEngine.GameObject)
[10:43:06] Top card: Red_6(Clone) (UnityEngine.GameObject)
[10:43:06] Top card: Red_6(Clone) (UnityEngine.GameObject)
[10:43:06] Top card: Red_6(Clone) (UnityEngine.GameObject)
[10:43:06] Top card: Red_6(Clone) (UnityEngine.GameObject)
[10:43:06] Top card: Red_6(Clone) (UnityEngine.GameObject)
[10:43:06] Top card: Red_6(Clone) (UnityEngine.GameObject)
[10:43:06] Top card: Red_6(Clone) (UnityEngine.GameObject)
[10:43:06] Top card: Red_6(Clone) (UnityEngine.GameObject)
[10:43:06] Delt cards
[10:43:06] Top card: Red_6(Clone) (UnityEngine.GameObject)
[11:12:56] Top card: 
[11:12:56] Top card: Green_7(Clone) (UnityEngine.GameObject)
[11:12:56] Top card: Green_7(Clone) (UnityEngine.GameObject)
[11:12:56] Top card: Green_7(Clone) (UnityEngine.GameObject)
[11:12:56] Top card: Green_7(Clone) (UnityEngine.GameObject)
[11:12:56] Top card: Green_7(Clone) (UnityEngine.GameObject)
[11:12:56] Top card: Green_7(Clone) (UnityEngine.GameObject)
[11:12:56] Top card: Green_7(Clone) (UnityEngine.GameObject)
[11:12:56] Top card: Green_7(Clone) (UnityEngine.GameObject)
[11:12:56] Top card: Green_7(Clone) (UnityEngine.GameObject)
[11:12:56] Top card: Green_7(Clone) (UnityEngine.GameObject)
[11:12:56] Top card: Green_7(Clone) (UnityEngine.GameObject)
[11:12:56] Top card: Green_7(Clone) (UnityEngine.GameObject)
[11:12:56] Top card: Green_7(Clone) (UnityEngine.GameObject)
[11:12:56] Top card: Green_7(Clone) (UnityEngine.GameObject)
[11:12:56] Top card: Green_7(Clone) (UnityEngine.GameObject)
[11:12:56] Top card: Green_7(Clone) (UnityEngine.GameObject)
[11:12:56] Top card: Green_7(Clone) (UnityEngine.GameObject)
[11:12:56] Top card: Green_7(Clone) (UnityEngine.GameObject)
[11:12:56] Top card: Green_7(Clone) (UnityEngine.GameObject)
[11:12:56] Top card: Green_7(Clone) (UnityEngine.GameObject)
[11:12:56] Top card: Green_7(Clone) (UnityEngine.GameObject)
[11:12:56] Top card: Green_7(Clone) (UnityEngine.GameObject)
[11:12:56] Top card: Green_7(Clone) (UnityEngine.GameObject)
[11:12:56] Top card: Green_7(Clone) (UnityEngine.GameObject)
[11:12:56] Top card: Green_7(Clone) (UnityEngine.GameObject)
[11:12:56] Top card: Green_7(Clone) (UnityEngine.GameObject)
[11:12:56] Top card: Green_7(Clone) (UnityEngine.GameObject)
[11:12:56] Delt cards
[11:12:56] Top card: Green_7(Clone) (UnityEngine.GameObject)
[11:12:56] Player: Played Yellow_R(Clone) (UnityEngine.GameObject)
[11:12:56] Turns: 3
[11:12:56] Turns: 3
[11:12:56] Top card: Yellow_R(Clone) (UnityEngine.GameObject)
[11:12:56] Top card: Yellow_R(Clone) (CardProperties)
[11:12:56] Enemy 3: Red_R(Clone) (UnityEngine.GameObject) (Card 0) did not match
[11:12:56] Enemy 3: Green_5(Clone) (UnityEngine.GameObject) (Card 1) did not match
[11:12:56] Enemy 3: Red_7(Clone) (UnityEngine.GameObject) (Card 2) did not match
[11:12:56] Enemy 3: Played Yellow_6(Clone) (UnityEngine.GameObject) (Card 3)
[11:12:56] Turns: 2
[11:12:56] Top card: Yellow_6(Clone) (UnityEngine.GameObject)
[11:12:56] Top card: Yellow_6(Clone) (CardProperties)
[11:12:56] Enemy 2: Played Yellow_D(Clone) (UnityEngine.GameObject) (Card 0)
[11:12:56] Turns: 1
[11:12:56] Top card: Yellow_D(Clone) (UnityEngine.GameObject)
[11:12:56] Top Deck Card:Yellow_2(Clone) (UnityEngine.GameObject)
[11:12:56] Top card: Yellow_D(Clone) (UnityEngine.GameObject)
[11:12:56] Top Deck Card:Yellow_2(Clone) (UnityEngine.GameObject)
[11:12:56] Top card: Yellow_D(Clone) (UnityEngine.GameObject)
[11:12:56] Top Deck Card:Yellow_2(Clone) (UnityEngine.GameObject)
[11:12:56] Top card: Yellow_D(Clone) (UnityEngine.GameObject)
[11:12:56] Top Deck Card:Yellow_2(Clone) (UnityEngine.GameObject)
[11:12:56] Top card: Yellow_D(Clone) (UnityEngine.GameObject)
[11:12:56] Top Deck Card:Yellow_2(Clone) (UnityEngine.GameObject)
[11:12:56] Top card: Yellow_D(Clone) (UnityEngine.GameObject)
[11:12:56] Top Deck Card:Yellow_2(Clone) (UnityEngine.GameObject)
[11:12:56] Top card: Yellow_D(Clone) (UnityEngine.GameObject)
[11:12:56] Top Deck Card:Yellow_2(Clone) (UnityEngine.GameObject)
[11:12:56] Top card: Yellow_D(Clone) (UnityEngine.GameObject)
[11:12:56] Top Deck Card:Yellow_2(Clone) (UnityEngine.GameObject)
[11:12:56] Top card: Yellow_D(Clone) (UnityEngine.GameObject)
[11:12:56] Top Deck Card:Yellow_2(Clone) (UnityEngine.GameObject)
[11:12:56] Top card: Yellow_D(Clone) (UnityEngine.GameObject)
[11:12:56] Top Deck Card:Yellow_2(Clone) (UnityEngine.GameObject)
[11:12:56] Top card: Yellow_D(Clone) (UnityEngine.GameObject)
[11:12:56] Top Deck Card:Yellow_2(Clone) (UnityEngine.GameObject)
[11:12:56] Top card: Yellow_D(Clone) (UnityEngine.GameObject)
[11:12:56] Top Deck Card:Yellow_2(Clone) (UnityEngine.GameObject)
[11:12:56] Top card: Yellow_D(Clone) (UnityEngine.GameObject)
[11:12:56] Top Deck Card:Yellow_2(Clone) (UnityEngine.GameObject)
[11:12:56] Top card: Yellow_D(Clone) (UnityEngine.GameObject)
[11:12:56] Top Deck Card:Yellow_2(Clone) (UnityEngine.GameObject)
[11:12:56] Top card: Yellow_D(Clone) (UnityEngine.GameObject)
[11:12:56] Top Deck Card:Yellow_2(Clone) (UnityEngine.GameObject)
[11:12:56] Top card: Yellow_D(Clone) (UnityEngine.GameObject)
[11:12:56] Top Deck Card:Yellow_2(Clone) (UnityEngine.GameObject)
[11:12:56] Top card: Yellow_D(Clone) (UnityEngine.GameObject)
[11:12:56] Top Deck Card:Yellow_2(Clone) (UnityEngine.GameObject)
[11:12:56] Top card: Yellow_D(Clone) (UnityEngine.GameObject)
[11:12:56] Top Deck Card:Yellow_2(Clone) (UnityEngine.GameObject)
[11:12:56] Top card: Yellow_D(Clone) (UnityEngine.GameObject)
[11:12:56] Top Deck Card:Yellow_2(Clone) (UnityEngine.GameObject)
[11:12:56] Top card: Yellow_D(Clone) (UnityEngine.GameObject)
[11:12:56] Top Deck Card:Yellow_2(Clone) (UnityEngine.GameObject)
[11:12:56] Top card: Yellow_D(Clone) (UnityEngine.GameObject)
[11:12:56] Top Deck Card:Yellow_2(Clone) (UnityEngine.GameObject)
[11:12:56] Top card: Yellow_D(Clone) (UnityEngine.GameObject)
[11:12:56] Top Deck Card:Yellow_2(Clone) (UnityEngine.GameObject)
[11:12:56] Top card: Yellow_D(Clone) (UnityEngine.GameObject)
[11:12:56] Top Deck Card:Yellow_2(Clone) (UnityEngine.GameObject)
[11:12:56] Top card: Yellow_D(Clone) (UnityEngine.GameObject)
[11:12:56] Top Deck Card:Yellow_2(Clone) (UnityEngine.GameObject)
[11:12:56] Top card: Yellow_D(Clone) (UnityEngine.GameObject)
[11:12:56] Top Deck Card:Yellow_2(Clone) (UnityEngine.GameObject)
[11:12:56] Top card: Yellow_D(Clone) (UnityEngine.GameObject)
[11:12:56] Top Deck Card:Yellow_2(Clone) (UnityEngine.GameObject)
[11:12:56] Top card: Yellow_D(Clone) (UnityEngine.GameObject)
[11:12:56] Top Deck Card:Yellow_2(Clone) (UnityEngine.GameObject)
[11:12:56] Top card: Yellow_D(Clone) (UnityEngine.GameObject)
[11:12:56] Top Deck Card:Yellow_2(Clone) (UnityEngine.GameObject)
[11:12:56] Enemy 1: Drew Yellow_2(Clone) (UnityEngine.GameObject)
[11:12:56] Top Deck Card:Red_2(Clone) (UnityEngine.GameObject)
[11:12:56] Enemy 1: Drew Red_2(Clone) (UnityEngine.GameObject)
[11:12:56] Enemy 1: Drew 2 cards
[11:12:56] Skipped Enemy 1
[11:12:56] Top card: Yellow_D(Clone) (UnityEngine.GameObject)
[11:12:56] Top card: Yellow_D(Clone) (CardProperties)
[11:12:56] Enemy 2: Played Yellow_D(Clone) (UnityEngine.GameObject) (Card 0)
[11:12:56] Turns: 1
[11:12:56] Top card: Yellow_D(Clone) (UnityEngine.GameObject)
[11:12:56] Top card: Yellow_D(Clone) (CardProperties)
[11:12:56] Enemy 1: Played Yellow_8(Clone) (UnityEngine.GameObject) (Card 0)
[11:12:56] Turns: 0
[06:33:29] Top card: 
[06:33:29] Player: Played Green_7
[06:33:29] Player: Played Green_7(Clone) (UnityEngine.GameObject)
[06:33:29] Turns: 1
[06:33:29] Turns: 1
[06:33:29] Top card: Green_7(Clone) (UnityEngine.GameObject)
[06:33:29] Top card: Green_7(Clone) (CardProperties)
[06:33:29] Enemy 1: Played Green_6(Clone) (UnityEngine.GameObject) (Card 0)
[06:33:29] Turns: 2
[06:33:29] Top card: Green_6(Clone) (UnityEngine.GameObject)
[06:33:29] Top card: Green_6(Clone) (CardProperties)
[06:33:29] Enemy 2: Played Red_6(Clone) (UnityEngine.GameObject) (Card 0)
[06:33:29] Turns: 3
[06:33:29] Top card: Red_6(Clone) (UnityEngine.GameObject)
[06:33:29] Top card: Red_6(Clone) (CardProperties)
[06:33:29] Enemy 3: Yellow_2(Clone) (UnityEngine.GameObject) (Card 0) did not match
[06:33:29] HasFoundMatch = False
[06:33:29] Top Deck Card:Blue_4(Clone) (UnityEngine.GameObject)
[06:33:29] Enemy 3: Drew Blue_4(Clone) (UnityEngine.GameObject)
[06:33:29] Enemy 3: Drew 1 cards
[06:33:29] Turns: 0
[06:33:29] Player: Played Blue_0
[06:33:29] Player: Played Blue_0(Clone) (UnityEngine.GameObject)
[06:33:29] Turns: 1
[06:33:29] Turns: 1
[06:33:29] Top card: Blue_0(Clone) (UnityEngine.GameObject)
[06:33:29] Top card: Blue_0(Clone) (CardProperties)
[06:33:29] Enemy 1: Played Blue_5(Clone) (UnityEngine.GameObject) (Card 0)
[06:33:29] Turns: 2
[06:33:29] Top card: Blue_5(Clone) (UnityEngine.GameObject)
[06:33:29] Top card: Blue_5(Clone) (CardProperties)
[06:33:29] Enemy 2: Yellow_2(Clone) (UnityEngine.GameObject) (Card 0) did not match
[06:33:29] Enemy 2: Green_R(Clone) (UnityEngine.GameObject) (Card 1) did not match
[06:33:29] HasFoundMatch = False
[06:33:29] Top Deck Card:Blue_8(Clone) (UnityEngine.GameObject)
[06:33:29] Enemy 2: Drew Blue_8(Clone) (UnityEngine.GameObject)
[06:33:29] Enemy 2: Drew 1 cards
[06:33:29] Turns: 3
[06:33:29] Top card: Blue_5(Clone) (UnityEngine.GameObject)
[06:33:29] Top card: Blue_5(Clone) (CardProperties)
[06:33:29] Enemy 3: Yellow_2(Clone) (UnityEngine.GameObject) (Card 0) did not match
[06:33:29] Enemy 3: Played Blue_4(Clone) (UnityEngine.GameObject) (Card 1)
[06:33:29] Turns: 0
[06:33:29] Player: Played Blue_7
[06:33:29] Player: Played Blue_7(Clone) (UnityEngine.GameObject)
[06:33:29] Turns: 1
[06:33:29] Turns: 1
[06:33:29] Top card: Blue_7(Clone) (UnityEngine.GameObject)
[06:33:29] Top card: Blue_7(Clone) (CardProperties)
[06:33:29] Enemy 1: Green_D(Clone) (UnityEngine.GameObject) (Card 0) did not match
[06:33:29] Enemy 1: Green_S(Clone) (UnityEngine.GameObject) (Card 1) did not match
[06:33:29] HasFoundMatch = False
[06:33:29] Top Deck Card:Red_7(Clone) (UnityEngine.GameObject)
[06:33:29] Enemy 1: Drew Red_7(Clone) (UnityEngine.GameObject)
[06:33:29] Enemy 1: Drew 1 cards
[06:33:29] Turns: 2
[06:33:29] Top card: Blue_7(Clone) (UnityEngine.GameObject)
[06:33:29] Top card: Blue_7(Clone) (CardProperties)
[06:33:29] Enemy 2: Yellow_2(Clone) (UnityEngine.GameObject) (Card 0) did not match
[06:33:29] Enemy 2: Green_R(Clone) (UnityEngine.GameObject) (Card 1) did not match
[06:33:29] Enemy 2: Played Blue_8(Clone) (UnityEngine.GameObject) (Card 2)
[06:33:29] Turns: 3
[06:33:29] Top card: Blue_8(Clone) (UnityEngine.GameObject)
[06:33:29] Top card: Blue_8(Clone) (CardProperties)
[06:33:29] Enemy 3: Yellow_2(Clone) (UnityEngine.GameObject) (Card 0) did not match
[06:33:29] Enemy 3: Played Blue_4(Clone) (UnityEngine.GameObject) (Card 1)
[06:33:29] Turns: 0
[06:33:29] Player: Played Red_6
[06:33:29] Player: Played Red_6(Clone) (UnityEngine.GameObject)
[06:33:29] Turns: 1
[06:33:29] Turns: 1
[06:33:29] Top card: Red_6(Clone) (UnityEngine.GameObject)
[06:33:29] Top card: Red_6(Clone) (CardProperties)
[06:33:29] Enemy 1: Green_D(Clone) (UnityEngine.GameObject) (Card 0) did not match
[06:33:29] Enemy 1: Green_S(Clone) (UnityEngine.GameObject) (Card 1) did not match
[06:33:29] Enemy 1: Played Red_7(Clone) (UnityEngine.GameObject) (Card 2)
[06:33:29] Turns: 2
[06:33:29] Top card: Red_7(Clone) (UnityEngine.GameObject)
[06:33:29] Top card: Red_7(Clone) (CardProperties)
[06:33:29] Enemy 2: Yellow_2(Clone) (UnityEngine.GameObject) (Card 0) did not match
[06:33:29] Enemy 2: Green_R(Clone) (UnityEngine.GameObject) (Card 1) did not match
[06:33:29] Enemy 2: Green_8(Clone) (UnityEngine.GameObject) (Card 2) did not match
[06:33:29] Enemy 2: Yellow_9(Clone) (UnityEngine.GameObject) (Card 3) did not match
[06:33:29] HasFoundMatch = False
[06:33:29] Top Deck Card:Red_D(Clone) (UnityEngine.GameObject)
[06:33:29] Enemy 2: Drew Red_D(Clone) (UnityEngine.GameObject)
[06:33:29] Enemy 2: Drew 1 cards
[06:33:29] Turns: 3
[06:33:29] Top card: Red_7(Clone) (UnityEngine.GameObject)
[06:33:29] Top card: Red_7(Clone) (CardProperties)
[06:33:29] Enemy 3: Yellow_2(Clone) (UnityEngine.GameObject) (Card 0) did not match
[06:33:29] Enemy 3: Played Red_3(Clone) (UnityEngine.GameObject) (Card 1)
[06:33:29] Turns: 0
[06:33:29] Player: Played Red_3
[06:33:29] Player: Played Red_3(Clone) (UnityEngine.GameObject)
[06:33:29] Turns: 1
[06:33:29] Turns: 1
[06:33:29] Top card: Red_3(Clone) (UnityEngine.GameObject)
[06:33:29] Top card: Red_3(Clone) (CardProperties)
[06:33:29] Enemy 1: Green_D(Clone) (UnityEngine.GameObject) (Card 0) did not match
[06:33:29] Enemy 1: Green_S(Clone) (UnityEngine.GameObject) (Card 1) did not match
[06:33:29] Enemy 1: Yellow_0(Clone) (UnityEngine.GameObject) (Card 2) did not match
[06:33:29] Enemy 1: Played Red_9(Clone) (UnityEngine.GameObject) (Card 3)
[06:33:29] Turns: 2
[06:33:29] Top card: Red_9(Clone) (UnityEngine.GameObject)
[06:33:29] Top card: Red_9(Clone) (CardProperties)
[06:33:29] Enemy 2: Yellow_2(Clone) (UnityEngine.GameObject) (Card 0) did not match
[06:33:29] Enemy 2: Green_R(Clone) (UnityEngine.GameObject) (Card 1) did not match
[06:33:29] Enemy 2: Green_8(Clone) (UnityEngine.GameObject) (Card 2) did not match
[06:33:29] Enemy 2: Played Yellow_9(Clone) (UnityEngine.GameObject) (Card 3)
[06:33:29] Turns: 3
[06:33:29] Top card: Yellow_9(Clone) (UnityEngine.GameObject)
[06:33:29] Top card: Yellow_9(Clone) (CardProperties)
[06:33:29] Enemy 3: Played Yellow_2(Clone) (UnityEngine.GameObject) (Card 0)
[06:33:29] Turns: 0
[06:33:29] Delt cards
