[05:40:26] Player received: Yellow_1(Clone)
[05:40:26] Enemy1 received: Blue_S(Clone)
[05:40:26] Enemy2 received: CardW4(Clone)
[05:40:26] Enemy3 received: Blue_3(Clone)
[05:40:26] Player received: Red_D(Clone)
[05:40:26] Enemy1 received: Red_7(Clone)
[05:40:26] Enemy2 received: Yellow_8(Clone)
[05:40:26] Enemy3 received: Blue_4(Clone)
[05:40:26] Player received: Blue_3(Clone)
[05:40:26] Enemy1 received: Blue_1(Clone)
[05:40:26] Enemy2 received: Green_8(Clone)
[05:40:26] Enemy3 received: Red_D(Clone)
[05:40:26] Player received: Yellow_1(Clone)
[05:40:26] Enemy1 received: Green_4(Clone)
[05:40:26] Enemy2 received: Green_9(Clone)
[05:40:26] Enemy3 received: Green_2(Clone)
[05:40:26] Player received: Yellow_8(Clone)
[05:40:26] Enemy1 received: Green_8(Clone)
[05:40:26] Enemy2 received: Green_2(Clone)
[05:40:26] Enemy3 received: Blue_5(Clone)
[05:40:26] Player received: Yellow_D(Clone)
[05:40:26] Enemy1 received: CardW(Clone)
[05:40:26] Enemy2 received: Red_1(Clone)
[05:40:26] Enemy3 received: Blue_2(Clone)
[05:40:26] Player received: Green_R(Clone)
[05:40:26] Enemy1 received: Green_7(Clone)
[05:40:26] Enemy2 received: Red_4(Clone)
[05:40:26] Enemy3 received: Blue_S(Clone)
[05:40:26] DiscardPile received: Green_3(Clone)
[05:40:26] Dealt cards
[05:40:26] Player: Played Blue_3
[05:40:26] Turns: 1
[05:40:26] Top card: Blue_3(Clone) (UnityEngine.GameObject)
[05:40:26] Blue_S(Clone) (UnityEngine.GameObject) was added to PlayableCards
[05:40:26] Blue_1(Clone) (UnityEngine.GameObject) was added to PlayableCards
[05:40:26] CardW(Clone) (UnityEngine.GameObject) was added to PlayableCards
[05:40:26] Enemy 1: Played Blue_S(Clone)
[05:40:26] HasPlayableCard = true
[05:40:26] Turns: 2
[05:40:26] Top card: Blue_S(Clone) (UnityEngine.GameObject)
[05:40:26] Turns: 3
[05:40:26] Top card: Blue_S(Clone) (UnityEngine.GameObject)
[05:40:26] Blue_3(Clone) (UnityEngine.GameObject) was added to PlayableCards
[05:40:26] Blue_4(Clone) (UnityEngine.GameObject) was added to PlayableCards
[05:40:26] Blue_5(Clone) (UnityEngine.GameObject) was added to PlayableCards
[05:40:26] Blue_2(Clone) (UnityEngine.GameObject) was added to PlayableCards
[05:40:26] Blue_S(Clone) (UnityEngine.GameObject) was added to PlayableCards
[05:40:26] Enemy 3: Played Blue_S(Clone)
[05:40:26] HasPlayableCard = true
[05:40:26] Turns: 0
[06:29:04] Player received: Blue_7(Clone)
[06:29:04] Enemy1 received: Green_D(Clone)
[06:29:04] Enemy2 received: Yellow_R(Clone)
[06:29:04] Enemy3 received: Red_D(Clone)
[06:29:04] Player received: Yellow_5(Clone)
[06:29:04] Enemy1 received: Blue_D(Clone)
[06:29:04] Enemy2 received: Green_0(Clone)
[06:29:04] Enemy3 received: Green_R(Clone)
[06:29:04] Player received: Red_2(Clone)
[06:29:04] Enemy1 received: Red_2(Clone)
[06:29:04] Enemy2 received: Green_S(Clone)
[06:29:04] Enemy3 received: Yellow_2(Clone)
[06:29:04] Player received: Yellow_3(Clone)
[06:29:04] Enemy1 received: CardW(Clone)
[06:29:04] Enemy2 received: Yellow_D(Clone)
[06:29:04] Enemy3 received: Yellow_7(Clone)
[06:29:04] Player received: Red_4(Clone)
[06:29:04] Enemy1 received: Red_1(Clone)
[06:29:04] Enemy2 received: Blue_D(Clone)
[06:29:04] Enemy3 received: Green_D(Clone)
[06:29:04] Player received: Yellow_2(Clone)
[06:29:04] Enemy1 received: Red_3(Clone)
[06:29:04] Enemy2 received: Blue_0(Clone)
[06:29:04] Enemy3 received: Red_6(Clone)
[06:29:04] Player received: Green_S(Clone)
[06:29:04] Enemy1 received: Yellow_D(Clone)
[06:29:04] Enemy2 received: Green_9(Clone)
[06:29:04] Enemy3 received: Red_D(Clone)
[06:29:04] DiscardPile received: Blue_D(Clone)
[06:29:04] Dealt cards
[06:29:04] Player: Played Red_4
[06:29:04] Turns: 1
[06:29:04] Top card: Red_4(Clone) (UnityEngine.GameObject)
[06:29:04] Red_2(Clone) (UnityEngine.GameObject) was added to PlayableCards
[06:29:04] CardW(Clone) (UnityEngine.GameObject) was added to PlayableCards
[06:29:04] Red_1(Clone) (UnityEngine.GameObject) was added to PlayableCards
[06:29:04] Red_3(Clone) (UnityEngine.GameObject) was added to PlayableCards
[06:29:04] Enemy 1: Played Red_2(Clone)
[06:29:04] HasPlayableCard = true
[06:29:04] Turns: 2
[06:29:04] Top card: Red_2(Clone) (UnityEngine.GameObject)
[06:29:04] HasPlayableCard = false
[06:29:04] Top Deck Card:Blue_5(Clone) (UnityEngine.GameObject)
[06:29:04] Enemy 2: Drew Blue_5(Clone) (UnityEngine.GameObject)
[06:29:04] Enemy 2: Drew 1 cards
[06:29:04] Turns: 3
[06:29:04] Top card: Red_2(Clone) (UnityEngine.GameObject)
[06:29:04] Red_D(Clone) (UnityEngine.GameObject) was added to PlayableCards
[06:29:04] Yellow_2(Clone) (UnityEngine.GameObject) was added to PlayableCards
[06:29:04] Red_6(Clone) (UnityEngine.GameObject) was added to PlayableCards
[06:29:04] Red_D(Clone) (UnityEngine.GameObject) was added to PlayableCards
[06:29:04] Enemy 3: Played Red_D(Clone)
[06:29:04] HasPlayableCard = true
[06:29:04] Turns: 0
[06:29:04] Hello from PlayerManager.Draw2
[06:29:04] Top Deck Card:Red_8(Clone) (UnityEngine.GameObject)
[06:29:04] Player: Drew Red_8(Clone) (UnityEngine.GameObject)
[06:29:04] Top Deck Card:Red_D(Clone) (UnityEngine.GameObject)
[06:29:04] Player: Drew Red_D(Clone) (UnityEngine.GameObject)
[06:29:04] Player: Drew 2 cards
[06:29:04] Turns: 1
[06:29:04] Top card: Red_D(Clone) (UnityEngine.GameObject)
[06:29:04] Green_D(Clone) (UnityEngine.GameObject) was added to PlayableCards
[06:29:04] Blue_D(Clone) (UnityEngine.GameObject) was added to PlayableCards
[06:29:04] CardW(Clone) (UnityEngine.GameObject) was added to PlayableCards
[06:29:04] Red_1(Clone) (UnityEngine.GameObject) was added to PlayableCards
[06:29:04] Red_3(Clone) (UnityEngine.GameObject) was added to PlayableCards
[06:29:04] Yellow_D(Clone) (UnityEngine.GameObject) was added to PlayableCards
[06:29:04] Enemy 1: Played Green_D(Clone)
[06:29:04] HasPlayableCard = true
[06:29:04] Turns: 2
[06:29:04] Top card: Green_D(Clone) (UnityEngine.GameObject)
[06:29:04] Top Deck Card:Blue_R(Clone) (UnityEngine.GameObject)
[06:29:04] Enemy 2: Drew Blue_R(Clone) (UnityEngine.GameObject)
[06:29:04] Top Deck Card:Green_D(Clone) (UnityEngine.GameObject)
[06:29:04] Enemy 2: Drew Green_D(Clone) (UnityEngine.GameObject)
[06:29:04] Enemy 2: Drew 2 cards
[06:29:04] Turns: 3
[06:29:04] Top card: Green_D(Clone) (UnityEngine.GameObject)
[06:29:04] Green_R(Clone) (UnityEngine.GameObject) was added to PlayableCards
[06:29:04] Green_D(Clone) (UnityEngine.GameObject) was added to PlayableCards
[06:29:04] Red_D(Clone) (UnityEngine.GameObject) was added to PlayableCards
[06:29:04] Enemy 3: Played Green_D(Clone)
[06:29:04] HasPlayableCard = true
[06:29:04] Turns: 0
[06:29:04] Hello from PlayerManager.Draw2
[06:29:04] Top Deck Card:Green_2(Clone) (UnityEngine.GameObject)
[06:29:04] Player: Drew Green_2(Clone) (UnityEngine.GameObject)
[06:29:04] Top Deck Card:CardW(Clone) (UnityEngine.GameObject)
[06:29:04] Player: Drew CardW(Clone) (UnityEngine.GameObject)
[06:29:04] Player: Drew 2 cards
[06:29:04] Turns: 1
[06:29:04] Top card: Green_D(Clone) (UnityEngine.GameObject)
[06:29:04] Blue_D(Clone) (UnityEngine.GameObject) was added to PlayableCards
[06:29:04] CardW(Clone) (UnityEngine.GameObject) was added to PlayableCards
[06:29:04] Yellow_D(Clone) (UnityEngine.GameObject) was added to PlayableCards
[06:29:04] Enemy 1: Played Blue_D(Clone)
[06:29:04] Removed Red_4(Clone) (UnityEngine.GameObject)
[06:29:04] HasPlayableCard = true
[06:29:04] Turns: 2
