[07:37:20] Top card: 
[07:37:20] Delt cards
[07:37:20] Top card: 
[07:37:20] Top card: 
[07:37:20] Top card: 
[07:37:20] Top card: 
[07:37:20] Top card: 
[07:37:20] Top card: 
[07:37:20] Top card: 
[07:37:20] Top card: 
[07:37:20] Top card: 
[07:37:20] Top card: 
[07:37:20] Top card: 
[07:37:20] Top card: 
[07:37:20] Top card: 
[07:37:20] Top card: 
[07:37:20] Top card: 
[07:37:20] Top card: 
[07:37:20] Top card: 
[07:37:20] Top card: 
[07:37:20] Top card: 
[07:37:20] Top card: 
[07:37:20] Player: Played CardW(Clone) (UnityEngine.GameObject)
[07:37:20] Wild Menu shown
[07:37:20] Turns: 1
[07:37:20] Turns: 1
[07:37:20] Player called red
[07:37:20] Wild Menu hidden
[07:37:20] Top card: CardW(Clone) (UnityEngine.GameObject)
[07:37:20] Top card: CardW(Clone) (UnityEngine.GameObject)
[07:37:20] Enemy 1: Played CardW(Clone) (UnityEngine.GameObject) (Card 0)
[07:37:20] Turns: 2
[07:37:20] Top card: CardW(Clone) (UnityEngine.GameObject)
[07:37:20] Top card: CardW(Clone) (UnityEngine.GameObject)
[07:37:20] Enemy 2: CardW4(Clone) (UnityEngine.GameObject) (Card 0) did not match
[07:37:20] Enemy 2: CardW4(Clone) (UnityEngine.GameObject) (Card 1) did not match
[07:37:20] Enemy 2: Played CardW(Clone) (UnityEngine.GameObject) (Card 2)
[07:37:20] Turns: 3
[07:37:20] Top card: CardW(Clone) (UnityEngine.GameObject)
[07:37:20] Top card: CardW(Clone) (UnityEngine.GameObject)
[07:37:20] Enemy 3: CardW4(Clone) (UnityEngine.GameObject) (Card 0) did not match
[07:37:20] Enemy 3: CardW4(Clone) (UnityEngine.GameObject) (Card 1) did not match
[07:37:20] Enemy 3: CardW4(Clone) (UnityEngine.GameObject) (Card 2) did not match
[07:37:20] Enemy 3: Played CardW(Clone) (UnityEngine.GameObject) (Card 3)
[07:37:20] Turns: 0
