[07:30:44] Top card: 
[07:30:44] Delt cards
[07:30:44] Top card: 
[07:30:44] Top card: 
[07:30:44] Top card: 
[07:30:44] Top card: 
[07:30:44] Top card: 
[07:30:44] Top card: 
[07:30:44] Top card: 
[07:30:44] Top card: 
[07:30:44] Top card: 
[07:30:44] Top card: 
[07:30:44] Top card: 
[07:30:44] Top card: 
[07:30:44] Top card: 
[07:30:44] Top card: 
[07:30:44] Top card: 
[07:30:44] Top card: 
[07:30:44] Top card: 
[07:30:44] Top card: 
[07:30:44] Top card: 
[07:30:44] Top card: 
[07:30:44] Player: Played CardW(Clone) (UnityEngine.GameObject)
[07:30:44] Wild Menu shown
[07:30:44] Turns: 1
[07:30:44] Turns: 1
[07:30:44] Player called red
[07:30:44] Wild Menu hidden
[07:30:44] Top card: CardW(Clone) (UnityEngine.GameObject)
[07:30:44] Top card: CardW(Clone) (UnityEngine.GameObject)
[07:30:44] Enemy 1: Played CardW(Clone) (UnityEngine.GameObject) (Card 0)
[07:30:44] Turns: 2
[07:30:44] Top card: CardW(Clone) (UnityEngine.GameObject)
[07:30:44] Top card: CardW(Clone) (UnityEngine.GameObject)
[07:30:44] Enemy 2: Played CardW(Clone) (UnityEngine.GameObject) (Card 0)
[07:30:44] Turns: 3
[07:30:44] Top card: CardW(Clone) (UnityEngine.GameObject)
[07:30:44] Top card: CardW(Clone) (UnityEngine.GameObject)
[07:30:44] Enemy 3: Played CardW(Clone) (UnityEngine.GameObject) (Card 0)
[07:30:44] Turns: 0
