[02:42:41] Top card: 
[02:42:41] Player: Played Blue_7
[02:42:41] Turns: 1
[02:42:41] Turns: 1
[02:42:41] Top card: Blue_7(Clone) (UnityEngine.GameObject)
[02:42:41] Top card: Blue_7(Clone) (CardProperties)
[02:42:41] HasFoundMatch = False
[02:42:41] Top Deck Card:Blue_7(Clone) (UnityEngine.GameObject)
[02:42:41] Enemy 1: Drew Blue_7(Clone) (UnityEngine.GameObject)
[02:42:41] Enemy 1: Drew 1 cards
[02:42:41] Turns: 2
[02:42:41] Top card: Blue_7(Clone) (UnityEngine.GameObject)
[02:42:41] Top card: Blue_7(Clone) (CardProperties)
[02:42:41] HasFoundMatch = False
[02:42:41] Top Deck Card:Blue_8(Clone) (UnityEngine.GameObject)
[02:42:41] Enemy 2: Drew Blue_8(Clone) (UnityEngine.GameObject)
[02:42:41] Enemy 2: Drew 1 cards
[02:42:41] Turns: 3
[02:42:41] Top card: Blue_7(Clone) (UnityEngine.GameObject)
[02:42:41] Top card: Blue_7(Clone) (CardProperties)
[02:42:41] HasFoundMatch = False
[02:42:41] Top Deck Card:Yellow_7(Clone) (UnityEngine.GameObject)
[02:42:41] Enemy 3: Drew Yellow_7(Clone) (UnityEngine.GameObject)
[02:42:41] Enemy 3: Drew 1 cards
[02:42:41] Turns: 0
[02:42:41] Player: Played Red_0
[02:42:41] Turns: 1
[02:42:41] Turns: 1
[02:42:41] Top card: Red_0(Clone) (UnityEngine.GameObject)
[02:42:41] Top card: Red_0(Clone) (CardProperties)
[02:42:41] Enemy 1: Blue_7(Clone) (UnityEngine.GameObject) (Card 0) did not match
[02:42:41] HasFoundMatch = False
[02:42:41] Top Deck Card:Red_0(Clone) (UnityEngine.GameObject)
[02:42:41] Enemy 1: Drew Red_0(Clone) (UnityEngine.GameObject)
[02:42:41] Enemy 1: Drew 1 cards
[02:42:41] Turns: 2
[02:42:41] Top card: Red_0(Clone) (UnityEngine.GameObject)
[02:42:41] Top card: Red_0(Clone) (CardProperties)
[02:42:41] Enemy 2: Blue_8(Clone) (UnityEngine.GameObject) (Card 0) did not match
[02:42:41] HasFoundMatch = False
[02:42:41] Top Deck Card:Yellow_0(Clone) (UnityEngine.GameObject)
[02:42:41] Enemy 2: Drew Yellow_0(Clone) (UnityEngine.GameObject)
[02:42:41] Enemy 2: Drew 1 cards
[02:42:41] Turns: 3
[02:42:41] Top card: Red_0(Clone) (UnityEngine.GameObject)
[02:42:41] Top card: Red_0(Clone) (CardProperties)
[02:42:41] Enemy 3: Yellow_7(Clone) (UnityEngine.GameObject) (Card 0) did not match
[02:42:41] HasFoundMatch = False
[02:42:41] Top Deck Card:Red_9(Clone) (UnityEngine.GameObject)
[02:42:41] Enemy 3: Drew Red_9(Clone) (UnityEngine.GameObject)
[02:42:41] Enemy 3: Drew 1 cards
[02:42:41] Turns: 0
[02:42:41] Player: Played Yellow_3
[02:42:41] Turns: 1
[02:42:41] Turns: 1
[02:42:41] Top card: Yellow_3(Clone) (UnityEngine.GameObject)
[02:42:41] Top card: Yellow_3(Clone) (CardProperties)
[02:42:41] Enemy 1: Blue_7(Clone) (UnityEngine.GameObject) (Card 0) did not match
[02:42:41] Enemy 1: Red_0(Clone) (UnityEngine.GameObject) (Card 1) did not match
[02:42:41] HasFoundMatch = False
[02:42:41] Top Deck Card:Yellow_3(Clone) (UnityEngine.GameObject)
[02:42:41] Enemy 1: Drew Yellow_3(Clone) (UnityEngine.GameObject)
[02:42:41] Enemy 1: Drew 1 cards
[02:42:41] Turns: 2
[02:42:41] Top card: Yellow_3(Clone) (UnityEngine.GameObject)
[02:42:41] Top card: Yellow_3(Clone) (CardProperties)
[02:42:41] Enemy 2: Blue_8(Clone) (UnityEngine.GameObject) (Card 0) did not match
[02:42:41] Enemy 2: Played Yellow_0(Clone) (UnityEngine.GameObject) (Card 1)
[02:42:41] Turns: 3
[02:42:41] Top card: Yellow_0(Clone) (UnityEngine.GameObject)
[02:42:41] Top card: Yellow_0(Clone) (CardProperties)
[02:42:41] Enemy 3: Played Yellow_7(Clone) (UnityEngine.GameObject) (Card 0)
[02:42:41] Turns: 0
[02:42:41] Player: Played Blue_5
[02:42:41] Removed Blue_7(Clone) (UnityEngine.GameObject)
[02:42:41] Turns: 1
[02:42:41] Turns: 1
[02:42:41] Top card: Blue_5(Clone) (UnityEngine.GameObject)
[02:42:41] Top card: Blue_5(Clone) (CardProperties)
[02:42:41] Enemy 1: Played Blue_7(Clone) (UnityEngine.GameObject) (Card 0)
[02:42:41] Removed Red_0(Clone) (UnityEngine.GameObject)
[02:42:41] Turns: 2
[02:42:41] Top card: Blue_7(Clone) (UnityEngine.GameObject)
[02:42:41] Top card: Blue_7(Clone) (CardProperties)
[02:42:41] Enemy 2: Played Blue_8(Clone) (UnityEngine.GameObject) (Card 0)
[02:42:41] Removed Yellow_3(Clone) (UnityEngine.GameObject)
[02:42:41] Turns: 3
[02:42:41] Top card: Blue_8(Clone) (UnityEngine.GameObject)
[02:42:41] Top card: Blue_8(Clone) (CardProperties)
[02:42:41] Enemy 3: Yellow_7(Clone) (UnityEngine.GameObject) (Card 0) did not match
[02:42:41] Enemy 3: Red_9(Clone) (UnityEngine.GameObject) (Card 1) did not match
[02:42:41] HasFoundMatch = False
[02:42:41] Top Deck Card:Blue_5(Clone) (UnityEngine.GameObject)
[02:42:41] Enemy 3: Drew Blue_5(Clone) (UnityEngine.GameObject)
[02:42:41] Enemy 3: Drew 1 cards
[02:42:41] Turns: 0
[02:42:41] Player: Played Blue_1
[02:42:41] Removed Yellow_0(Clone) (UnityEngine.GameObject)
[02:42:41] Turns: 1
[02:42:41] Turns: 1
[02:42:41] Top card: Blue_1(Clone) (UnityEngine.GameObject)
[02:42:41] Top card: Blue_1(Clone) (CardProperties)
[02:42:41] Top card: Blue_1(Clone) (UnityEngine.GameObject)
[02:42:41] Top card: Blue_1(Clone) (CardProperties)
[02:42:41] Top card: Blue_1(Clone) (UnityEngine.GameObject)
[02:42:41] Top card: Blue_1(Clone) (CardProperties)
[02:42:41] Top card: Blue_1(Clone) (UnityEngine.GameObject)
[02:42:41] Top card: Blue_1(Clone) (CardProperties)
[02:42:41] Top card: Blue_1(Clone) (UnityEngine.GameObject)
[02:42:41] Top card: Blue_1(Clone) (CardProperties)
[02:42:41] Top card: Blue_1(Clone) (UnityEngine.GameObject)
[02:42:41] Top card: Blue_1(Clone) (CardProperties)
[02:42:41] Top card: Blue_1(Clone) (UnityEngine.GameObject)
[02:42:41] Top card: Blue_1(Clone) (CardProperties)
[02:42:41] Top card: Blue_1(Clone) (UnityEngine.GameObject)
[02:42:41] Top card: Blue_1(Clone) (CardProperties)
[02:42:41] Top card: Blue_1(Clone) (UnityEngine.GameObject)
[02:42:41] Top card: Blue_1(Clone) (CardProperties)
[02:42:41] Top card: Blue_1(Clone) (UnityEngine.GameObject)
[02:42:41] Top card: Blue_1(Clone) (CardProperties)
[02:42:41] Top card: Blue_1(Clone) (UnityEngine.GameObject)
[02:42:41] Top card: Blue_1(Clone) (CardProperties)
[02:42:41] Top card: Blue_1(Clone) (UnityEngine.GameObject)
[02:42:41] Top card: Blue_1(Clone) (CardProperties)
[02:42:41] Top card: Blue_1(Clone) (UnityEngine.GameObject)
[02:42:41] Top card: Blue_1(Clone) (CardProperties)
[02:42:41] Top card: Blue_1(Clone) (UnityEngine.GameObject)
[02:42:41] Top card: Blue_1(Clone) (CardProperties)
[02:42:41] Top card: Blue_1(Clone) (UnityEngine.GameObject)
[02:42:41] Top card: Blue_1(Clone) (CardProperties)
[02:42:41] Top card: Blue_1(Clone) (UnityEngine.GameObject)
[02:42:41] Top card: Blue_1(Clone) (CardProperties)
[02:42:41] Top card: Blue_1(Clone) (UnityEngine.GameObject)
[02:42:41] Top card: Blue_1(Clone) (CardProperties)
[02:42:41] Top card: Blue_1(Clone) (UnityEngine.GameObject)
[02:42:41] Top card: Blue_1(Clone) (CardProperties)
[02:42:41] Top card: Blue_1(Clone) (UnityEngine.GameObject)
[02:42:41] Top card: Blue_1(Clone) (CardProperties)
[02:42:41] Top card: Blue_1(Clone) (UnityEngine.GameObject)
[02:42:41] Top card: Blue_1(Clone) (CardProperties)
[02:42:41] Top card: Blue_1(Clone) (UnityEngine.GameObject)
[02:42:41] Top card: Blue_1(Clone) (CardProperties)
[02:42:41] Top card: Blue_1(Clone) (UnityEngine.GameObject)
[02:42:41] Top card: Blue_1(Clone) (CardProperties)
[02:42:41] Top card: Blue_1(Clone) (UnityEngine.GameObject)
[02:42:41] Top card: Blue_1(Clone) (CardProperties)
[02:42:41] Top card: Blue_1(Clone) (UnityEngine.GameObject)
[02:42:41] Top card: Blue_1(Clone) (CardProperties)
[02:42:41] Top card: Blue_1(Clone) (UnityEngine.GameObject)
[02:42:41] Top card: Blue_1(Clone) (CardProperties)
[02:42:41] Top card: Blue_1(Clone) (UnityEngine.GameObject)
[02:42:41] Top card: Blue_1(Clone) (CardProperties)
[02:42:41] Top card: Blue_1(Clone) (UnityEngine.GameObject)
[02:42:41] Top card: Blue_1(Clone) (CardProperties)
[02:42:41] Top card: Blue_1(Clone) (UnityEngine.GameObject)
[02:42:41] Top card: Blue_1(Clone) (CardProperties)
[02:42:41] Top card: Blue_1(Clone) (UnityEngine.GameObject)
[02:42:41] Top card: Blue_1(Clone) (CardProperties)
[02:42:41] Top card: Blue_1(Clone) (UnityEngine.GameObject)
[02:42:41] Top card: Blue_1(Clone) (CardProperties)
[02:42:41] Top card: Blue_1(Clone) (UnityEngine.GameObject)
[02:42:41] Top card: Blue_1(Clone) (CardProperties)
[02:42:41] Top card: Blue_1(Clone) (UnityEngine.GameObject)
[02:42:41] Top card: Blue_1(Clone) (CardProperties)
[02:42:41] Top card: Blue_1(Clone) (UnityEngine.GameObject)
[02:42:41] Top card: Blue_1(Clone) (CardProperties)
[02:42:41] Top card: Blue_1(Clone) (UnityEngine.GameObject)
[02:42:41] Top card: Blue_1(Clone) (CardProperties)
[02:42:41] Top card: Blue_1(Clone) (UnityEngine.GameObject)
[02:42:41] Top card: Blue_1(Clone) (CardProperties)
[02:42:41] Top card: Blue_1(Clone) (UnityEngine.GameObject)
[02:42:41] Top card: Blue_1(Clone) (CardProperties)
[02:42:41] Top card: Blue_1(Clone) (UnityEngine.GameObject)
[02:42:41] Top card: Blue_1(Clone) (CardProperties)
[02:42:41] Top card: Blue_1(Clone) (UnityEngine.GameObject)
[02:42:41] Top card: Blue_1(Clone) (CardProperties)
[02:42:41] Top card: Blue_1(Clone) (UnityEngine.GameObject)
[02:42:41] Top card: Blue_1(Clone) (CardProperties)
[02:42:41] Top card: Blue_1(Clone) (UnityEngine.GameObject)
[02:42:41] Top card: Blue_1(Clone) (CardProperties)
[02:42:41] Top card: Blue_1(Clone) (UnityEngine.GameObject)
[02:42:41] Top card: Blue_1(Clone) (CardProperties)
[02:42:41] Top card: Blue_1(Clone) (UnityEngine.GameObject)
[02:42:41] Top card: Blue_1(Clone) (CardProperties)
[02:42:41] Top card: Blue_1(Clone) (UnityEngine.GameObject)
[02:42:41] Top card: Blue_1(Clone) (CardProperties)
[02:42:41] Top card: Blue_1(Clone) (UnityEngine.GameObject)
[02:42:41] Top card: Blue_1(Clone) (CardProperties)
[02:42:41] Top card: Blue_1(Clone) (UnityEngine.GameObject)
[02:42:41] Top card: Blue_1(Clone) (CardProperties)
[02:42:41] Top card: Blue_1(Clone) (UnityEngine.GameObject)
[02:42:41] Top card: Blue_1(Clone) (CardProperties)
[02:42:41] Top card: Blue_1(Clone) (UnityEngine.GameObject)
[02:42:41] Top card: Blue_1(Clone) (CardProperties)
[02:42:41] Top card: Blue_1(Clone) (UnityEngine.GameObject)
[02:42:41] Top card: Blue_1(Clone) (CardProperties)
[02:42:41] Top card: Blue_1(Clone) (UnityEngine.GameObject)
[02:42:41] Top card: Blue_1(Clone) (CardProperties)
[02:42:41] Top card: Blue_1(Clone) (UnityEngine.GameObject)
[02:42:41] Top card: Blue_1(Clone) (CardProperties)
[02:42:41] Top card: Blue_1(Clone) (UnityEngine.GameObject)
[02:42:41] Top card: Blue_1(Clone) (CardProperties)
[02:42:41] Top card: Blue_1(Clone) (UnityEngine.GameObject)
[02:42:41] Top card: Blue_1(Clone) (CardProperties)
[02:42:41] Top card: Blue_1(Clone) (UnityEngine.GameObject)
[02:42:41] Top card: Blue_1(Clone) (CardProperties)
[02:42:41] Top card: Blue_1(Clone) (UnityEngine.GameObject)
[02:42:41] Top card: Blue_1(Clone) (CardProperties)
[02:42:41] Top card: Blue_1(Clone) (UnityEngine.GameObject)
[02:42:41] Top card: Blue_1(Clone) (CardProperties)
[02:42:41] Top card: Blue_1(Clone) (UnityEngine.GameObject)
[02:42:41] Top card: Blue_1(Clone) (CardProperties)
[02:42:41] Top card: Blue_1(Clone) (UnityEngine.GameObject)
[02:42:41] Top card: Blue_1(Clone) (CardProperties)
[02:42:41] Top card: Blue_1(Clone) (UnityEngine.GameObject)
[02:42:41] Top card: Blue_1(Clone) (CardProperties)
[02:42:41] Top card: Blue_1(Clone) (UnityEngine.GameObject)
[02:42:41] Top card: Blue_1(Clone) (CardProperties)
[02:42:41] Top card: Blue_1(Clone) (UnityEngine.GameObject)
[02:42:41] Top card: Blue_1(Clone) (CardProperties)
[02:42:41] Top card: Blue_1(Clone) (UnityEngine.GameObject)
[02:42:41] Top card: Blue_1(Clone) (CardProperties)
[02:42:41] Top card: Blue_1(Clone) (UnityEngine.GameObject)
[02:42:41] Top card: Blue_1(Clone) (CardProperties)
[02:42:41] Top card: Blue_1(Clone) (UnityEngine.GameObject)
[02:42:41] Top card: Blue_1(Clone) (CardProperties)
[02:42:41] Top card: Blue_1(Clone) (UnityEngine.GameObject)
[02:42:41] Top card: Blue_1(Clone) (CardProperties)
[02:42:41] Top card: Blue_1(Clone) (UnityEngine.GameObject)
[02:42:41] Top card: Blue_1(Clone) (CardProperties)
[02:42:41] Top card: Blue_1(Clone) (UnityEngine.GameObject)
[02:42:41] Top card: Blue_1(Clone) (CardProperties)
[02:42:41] Top card: Blue_1(Clone) (UnityEngine.GameObject)
[02:42:41] Top card: Blue_1(Clone) (CardProperties)
[02:42:41] Top card: Blue_1(Clone) (UnityEngine.GameObject)
[02:42:41] Top card: Blue_1(Clone) (CardProperties)
[02:42:41] Top card: Blue_1(Clone) (UnityEngine.GameObject)
[02:42:41] Top card: Blue_1(Clone) (CardProperties)
[02:42:41] Top card: Blue_1(Clone) (UnityEngine.GameObject)
[02:42:41] Top card: Blue_1(Clone) (CardProperties)
[02:42:41] Top card: Blue_1(Clone) (UnityEngine.GameObject)
[02:42:41] Top card: Blue_1(Clone) (CardProperties)
[02:42:41] Top card: Blue_1(Clone) (UnityEngine.GameObject)
[02:42:41] Top card: Blue_1(Clone) (CardProperties)
[02:42:41] Top card: Blue_1(Clone) (UnityEngine.GameObject)
[02:42:41] Top card: Blue_1(Clone) (CardProperties)
[02:42:41] Top card: Blue_1(Clone) (UnityEngine.GameObject)
[02:42:41] Top card: Blue_1(Clone) (CardProperties)
[02:42:41] Top card: Blue_1(Clone) (UnityEngine.GameObject)
[02:42:41] Top card: Blue_1(Clone) (CardProperties)
[02:42:41] Top card: Blue_1(Clone) (UnityEngine.GameObject)
[02:42:41] Top card: Blue_1(Clone) (CardProperties)
[02:42:41] Top card: Blue_1(Clone) (UnityEngine.GameObject)
[02:42:41] Top card: Blue_1(Clone) (CardProperties)
[02:42:41] Top card: Blue_1(Clone) (UnityEngine.GameObject)
[02:42:41] Top card: Blue_1(Clone) (CardProperties)
[02:42:41] Top card: Blue_1(Clone) (UnityEngine.GameObject)
[02:42:41] Top card: Blue_1(Clone) (CardProperties)
[02:42:41] Top card: Blue_1(Clone) (UnityEngine.GameObject)
[02:42:41] Top card: Blue_1(Clone) (CardProperties)
[02:42:41] Top card: Blue_1(Clone) (UnityEngine.GameObject)
[02:42:41] Top card: Blue_1(Clone) (CardProperties)
[02:42:41] Top card: Blue_1(Clone) (UnityEngine.GameObject)
[02:42:41] Top card: Blue_1(Clone) (CardProperties)
[02:42:41] Top card: Blue_1(Clone) (UnityEngine.GameObject)
[02:42:41] Top card: Blue_1(Clone) (CardProperties)
[02:42:41] Top card: Blue_1(Clone) (UnityEngine.GameObject)
[02:42:41] Top card: Blue_1(Clone) (CardProperties)
[02:42:41] Top card: Blue_1(Clone) (UnityEngine.GameObject)
[02:42:41] Top card: Blue_1(Clone) (CardProperties)
[02:42:41] Top card: Blue_1(Clone) (UnityEngine.GameObject)
[02:42:41] Top card: Blue_1(Clone) (CardProperties)
[02:42:41] Top card: Blue_1(Clone) (UnityEngine.GameObject)
[02:42:41] Top card: Blue_1(Clone) (CardProperties)
[02:42:41] Top card: Blue_1(Clone) (UnityEngine.GameObject)
[02:42:41] Top card: Blue_1(Clone) (CardProperties)
[02:42:41] Top card: Blue_1(Clone) (UnityEngine.GameObject)
[02:42:41] Top card: Blue_1(Clone) (CardProperties)
[02:42:41] Top card: Blue_1(Clone) (UnityEngine.GameObject)
[02:42:41] Top card: Blue_1(Clone) (CardProperties)
[02:42:41] Top card: Blue_1(Clone) (UnityEngine.GameObject)
[02:42:41] Top card: Blue_1(Clone) (CardProperties)
[02:42:41] Top card: Blue_1(Clone) (UnityEngine.GameObject)
[02:42:41] Top card: Blue_1(Clone) (CardProperties)
[02:42:41] Top card: Blue_1(Clone) (UnityEngine.GameObject)
[02:42:41] Top card: Blue_1(Clone) (CardProperties)
[02:42:41] Top card: Blue_1(Clone) (UnityEngine.GameObject)
[02:42:41] Top card: Blue_1(Clone) (CardProperties)
[02:42:41] Top card: Blue_1(Clone) (UnityEngine.GameObject)
[02:42:41] Top card: Blue_1(Clone) (CardProperties)
[02:42:41] Top card: Blue_1(Clone) (UnityEngine.GameObject)
[02:42:41] Top card: Blue_1(Clone) (CardProperties)
[02:42:41] Top card: Blue_1(Clone) (UnityEngine.GameObject)
[02:42:41] Top card: Blue_1(Clone) (CardProperties)
[02:42:41] Top card: Blue_1(Clone) (UnityEngine.GameObject)
[02:42:41] Top card: Blue_1(Clone) (CardProperties)
[02:42:41] Top card: Blue_1(Clone) (UnityEngine.GameObject)
[02:42:41] Top card: Blue_1(Clone) (CardProperties)
[02:42:41] Top card: Blue_1(Clone) (UnityEngine.GameObject)
[02:42:41] Top card: Blue_1(Clone) (CardProperties)
[02:42:41] Player: Played Blue_3
[02:42:41] Removed Yellow_7(Clone) (UnityEngine.GameObject)
[02:42:41] Turns: 2
[02:42:41] Turns: 2
[02:42:41] Top card: Blue_3(Clone) (UnityEngine.GameObject)
[02:42:41] Top card: Blue_3(Clone) (CardProperties)
[02:42:41] HasFoundMatch = False
[02:42:41] Top Deck Card:Blue_1(Clone) (UnityEngine.GameObject)
[02:42:41] Enemy 2: Drew Blue_1(Clone) (UnityEngine.GameObject)
[02:42:41] Enemy 2: Drew 1 cards
[02:42:41] Turns: 3
[02:42:41] Top card: Blue_3(Clone) (UnityEngine.GameObject)
[02:42:41] Top card: Blue_3(Clone) (CardProperties)
[02:42:41] Enemy 3: Red_9(Clone) (UnityEngine.GameObject) (Card 0) did not match
[02:42:41] Enemy 3: Played Blue_5(Clone) (UnityEngine.GameObject) (Card 1)
[02:42:41] Removed Blue_5(Clone) (UnityEngine.GameObject)
[02:42:41] Turns: 0
[02:42:41] Player: Played Green_3
[02:42:41] Removed null
[02:42:41] Turns: 1
[02:42:41] Turns: 1
[02:42:41] Top card: Green_3(Clone) (UnityEngine.GameObject)
[02:42:41] Top card: Green_3(Clone) (CardProperties)
[02:42:41] Top card: Green_3(Clone) (UnityEngine.GameObject)
[02:42:41] Top card: Green_3(Clone) (CardProperties)
[02:42:41] Top card: Green_3(Clone) (UnityEngine.GameObject)
[02:42:41] Top card: Green_3(Clone) (CardProperties)
[02:42:41] Top card: Green_3(Clone) (UnityEngine.GameObject)
[02:42:41] Top card: Green_3(Clone) (CardProperties)
[02:42:41] Top card: Green_3(Clone) (UnityEngine.GameObject)
[02:42:41] Top card: Green_3(Clone) (CardProperties)
[02:42:41] Top card: Green_3(Clone) (UnityEngine.GameObject)
[02:42:41] Top card: Green_3(Clone) (CardProperties)
[02:42:41] Top card: Green_3(Clone) (UnityEngine.GameObject)
[02:42:41] Top card: Green_3(Clone) (CardProperties)
[02:42:41] Top card: Green_3(Clone) (UnityEngine.GameObject)
[02:42:41] Top card: Green_3(Clone) (CardProperties)
[02:42:41] Top card: Green_3(Clone) (UnityEngine.GameObject)
[02:42:41] Top card: Green_3(Clone) (CardProperties)
[02:42:41] Top card: Green_3(Clone) (UnityEngine.GameObject)
[02:42:41] Top card: Green_3(Clone) (CardProperties)
[02:42:41] Top card: Green_3(Clone) (UnityEngine.GameObject)
[02:42:41] Top card: Green_3(Clone) (CardProperties)
[02:42:41] Top card: Green_3(Clone) (UnityEngine.GameObject)
[02:42:41] Top card: Green_3(Clone) (CardProperties)
[02:42:41] Top card: Green_3(Clone) (UnityEngine.GameObject)
[02:42:41] Top card: Green_3(Clone) (CardProperties)
[02:42:41] Top card: Green_3(Clone) (UnityEngine.GameObject)
[02:42:41] Top card: Green_3(Clone) (CardProperties)
[02:42:41] Top card: Green_3(Clone) (UnityEngine.GameObject)
[02:42:41] Top card: Green_3(Clone) (CardProperties)
[02:42:41] Top card: Green_3(Clone) (UnityEngine.GameObject)
[02:42:41] Top card: Green_3(Clone) (CardProperties)
[02:42:41] Top card: Green_3(Clone) (UnityEngine.GameObject)
[02:42:41] Top card: Green_3(Clone) (CardProperties)
[02:42:41] Top card: Green_3(Clone) (UnityEngine.GameObject)
[02:42:41] Top card: Green_3(Clone) (CardProperties)
[02:42:41] Top card: Green_3(Clone) (UnityEngine.GameObject)
[02:42:41] Top card: Green_3(Clone) (CardProperties)
[02:42:41] Top card: Green_3(Clone) (UnityEngine.GameObject)
[02:42:41] Top card: Green_3(Clone) (CardProperties)
[02:42:41] Top card: Green_3(Clone) (UnityEngine.GameObject)
[02:42:41] Top card: Green_3(Clone) (CardProperties)
[02:42:41] Top card: Green_3(Clone) (UnityEngine.GameObject)
[02:42:41] Top card: Green_3(Clone) (CardProperties)
[02:42:41] Top card: Green_3(Clone) (UnityEngine.GameObject)
[02:42:41] Top card: Green_3(Clone) (CardProperties)
[02:42:41] Top card: Green_3(Clone) (UnityEngine.GameObject)
[02:42:41] Top card: Green_3(Clone) (CardProperties)
[02:42:41] Top card: Green_3(Clone) (UnityEngine.GameObject)
[02:42:41] Top card: Green_3(Clone) (CardProperties)
[02:42:41] Top card: Green_3(Clone) (UnityEngine.GameObject)
[02:42:41] Top card: Green_3(Clone) (CardProperties)
[02:42:41] Top card: Green_3(Clone) (UnityEngine.GameObject)
[02:42:41] Top card: Green_3(Clone) (CardProperties)
[02:42:41] Top card: Green_3(Clone) (UnityEngine.GameObject)
[02:42:41] Top card: Green_3(Clone) (CardProperties)
[02:42:41] Top card: Green_3(Clone) (UnityEngine.GameObject)
[02:42:41] Top card: Green_3(Clone) (CardProperties)
[02:42:41] Top card: Green_3(Clone) (UnityEngine.GameObject)
[02:42:41] Top card: Green_3(Clone) (CardProperties)
[02:42:41] Top card: Green_3(Clone) (UnityEngine.GameObject)
[02:42:41] Top card: Green_3(Clone) (CardProperties)
[02:42:41] Top card: Green_3(Clone) (UnityEngine.GameObject)
[02:42:41] Top card: Green_3(Clone) (CardProperties)
[02:42:41] Top card: Green_3(Clone) (UnityEngine.GameObject)
[02:42:41] Top card: Green_3(Clone) (CardProperties)
[02:42:41] Player: Played Yellow_D
[02:42:41] Removed Blue_8(Clone) (UnityEngine.GameObject)
[02:42:41] Turns: 2
[02:42:41] Turns: 2
[02:42:41] Top card: Yellow_D(Clone) (UnityEngine.GameObject)
[02:42:41] Top Deck Card:Blue_3(Clone) (UnityEngine.GameObject)
[02:42:41] Enemy 2: Drew Blue_3(Clone) (UnityEngine.GameObject)
[02:42:41] Top Deck Card:Green_3(Clone) (UnityEngine.GameObject)
[02:42:41] Enemy 2: Drew Green_3(Clone) (UnityEngine.GameObject)
[02:42:41] Enemy 2: Drew 2 cards
[02:42:41] Skipped Enemy 2
[02:42:41] Top card: Yellow_D(Clone) (UnityEngine.GameObject)
[02:42:41] Top card: Yellow_D(Clone) (CardProperties)
[02:42:41] Enemy 3: Red_9(Clone) (UnityEngine.GameObject) (Card 0) did not match
[02:42:41] HasFoundMatch = False
[02:42:41] Top Deck Card:Yellow_D(Clone) (UnityEngine.GameObject)
[02:42:41] Enemy 3: Drew Yellow_D(Clone) (UnityEngine.GameObject)
[02:42:41] Enemy 3: Drew 1 cards
[02:42:41] Turns: 0
[02:42:41] Player: Played Yellow_3
[02:42:41] Removed Blue_1(Clone) (UnityEngine.GameObject)
[02:42:41] Turns: 1
[02:42:41] Turns: 1
[02:42:41] Top card: Yellow_3(Clone) (UnityEngine.GameObject)
[02:42:41] Top card: Yellow_3(Clone) (CardProperties)
[02:42:41] Top card: Yellow_3(Clone) (UnityEngine.GameObject)
[02:42:41] Top card: Yellow_3(Clone) (CardProperties)
[02:42:41] Top card: Yellow_3(Clone) (UnityEngine.GameObject)
[02:42:41] Top card: Yellow_3(Clone) (CardProperties)
[02:42:41] Top card: Yellow_3(Clone) (UnityEngine.GameObject)
[02:42:41] Top card: Yellow_3(Clone) (CardProperties)
[02:42:41] Top card: Yellow_3(Clone) (UnityEngine.GameObject)
[02:42:41] Top card: Yellow_3(Clone) (CardProperties)
[02:42:41] Top card: Yellow_3(Clone) (UnityEngine.GameObject)
[02:42:41] Top card: Yellow_3(Clone) (CardProperties)
[02:42:41] Top card: Yellow_3(Clone) (UnityEngine.GameObject)
[02:42:41] Top card: Yellow_3(Clone) (CardProperties)
[02:42:41] Top card: Yellow_3(Clone) (UnityEngine.GameObject)
[02:42:41] Top card: Yellow_3(Clone) (CardProperties)
[02:42:41] Top card: Yellow_3(Clone) (UnityEngine.GameObject)
[02:42:41] Top card: Yellow_3(Clone) (CardProperties)
[02:42:41] Top card: Yellow_3(Clone) (UnityEngine.GameObject)
[02:42:41] Top card: Yellow_3(Clone) (CardProperties)
[02:42:41] Top card: Yellow_3(Clone) (UnityEngine.GameObject)
[02:42:41] Top card: Yellow_3(Clone) (CardProperties)
[02:42:41] Top card: Yellow_3(Clone) (UnityEngine.GameObject)
[02:42:41] Top card: Yellow_3(Clone) (CardProperties)
[02:42:41] Top card: Yellow_3(Clone) (UnityEngine.GameObject)
[02:42:41] Top card: Yellow_3(Clone) (CardProperties)
[02:42:41] Top card: Yellow_3(Clone) (UnityEngine.GameObject)
[02:42:41] Top card: Yellow_3(Clone) (CardProperties)
[02:42:41] Top card: Yellow_3(Clone) (UnityEngine.GameObject)
[02:42:41] Top card: Yellow_3(Clone) (CardProperties)
[02:42:41] Top card: Yellow_3(Clone) (UnityEngine.GameObject)
[02:42:41] Top card: Yellow_3(Clone) (CardProperties)
[02:42:41] Top card: Yellow_3(Clone) (UnityEngine.GameObject)
[02:42:41] Top card: Yellow_3(Clone) (CardProperties)
[02:42:41] Top card: Yellow_3(Clone) (UnityEngine.GameObject)
[02:42:41] Top card: Yellow_3(Clone) (CardProperties)
[02:42:41] Top card: Yellow_3(Clone) (UnityEngine.GameObject)
[02:42:41] Top card: Yellow_3(Clone) (CardProperties)
[02:42:41] Top card: Yellow_3(Clone) (UnityEngine.GameObject)
[02:42:41] Top card: Yellow_3(Clone) (CardProperties)
[02:42:41] Top card: Yellow_3(Clone) (UnityEngine.GameObject)
[02:42:41] Top card: Yellow_3(Clone) (CardProperties)
[02:42:41] Top card: Yellow_3(Clone) (UnityEngine.GameObject)
[02:42:41] Top card: Yellow_3(Clone) (CardProperties)
[02:42:41] Top card: Yellow_3(Clone) (UnityEngine.GameObject)
[02:42:41] Top card: Yellow_3(Clone) (CardProperties)
[02:42:41] Top card: Yellow_3(Clone) (UnityEngine.GameObject)
[02:42:41] Top card: Yellow_3(Clone) (CardProperties)
[02:42:41] Top card: Yellow_3(Clone) (UnityEngine.GameObject)
[02:42:41] Top card: Yellow_3(Clone) (CardProperties)
[02:42:41] Top card: Yellow_3(Clone) (UnityEngine.GameObject)
[02:42:41] Top card: Yellow_3(Clone) (CardProperties)
[02:42:41] Top card: Yellow_3(Clone) (UnityEngine.GameObject)
[02:42:41] Top card: Yellow_3(Clone) (CardProperties)
[02:42:41] Top card: Yellow_3(Clone) (UnityEngine.GameObject)
[02:42:41] Top card: Yellow_3(Clone) (CardProperties)
[02:42:41] Top card: Yellow_3(Clone) (UnityEngine.GameObject)
[02:42:41] Top card: Yellow_3(Clone) (CardProperties)
[02:42:41] Top card: Yellow_3(Clone) (UnityEngine.GameObject)
[02:42:41] Top card: Yellow_3(Clone) (CardProperties)
[02:42:41] Top card: Yellow_3(Clone) (UnityEngine.GameObject)
[02:42:41] Top card: Yellow_3(Clone) (CardProperties)
[02:42:41] Top card: Yellow_3(Clone) (UnityEngine.GameObject)
[02:42:41] Top card: Yellow_3(Clone) (CardProperties)
[02:42:41] Top card: Yellow_3(Clone) (UnityEngine.GameObject)
[02:42:41] Top card: Yellow_3(Clone) (CardProperties)
[02:42:41] Top card: Yellow_3(Clone) (UnityEngine.GameObject)
[02:42:41] Top card: Yellow_3(Clone) (CardProperties)
[02:42:41] Top card: Yellow_3(Clone) (UnityEngine.GameObject)
[02:42:41] Top card: Yellow_3(Clone) (CardProperties)
[02:42:41] Player: Played CardW
[02:42:41] Removed Blue_3(Clone) (UnityEngine.GameObject)
[02:42:41] Wild Menu shown
[02:42:41] Turns: 2
[02:42:41] Turns: 2
[02:42:41] Player called Yellow
[02:42:41] Wild Menu hidden
[02:42:41] Top card: CardW(Clone) (UnityEngine.GameObject)
[02:42:41] Top card: CardW(Clone) (CardProperties)
[02:42:41] Top card: CardW(Clone) (UnityEngine.GameObject)
[02:42:41] Top card: CardW(Clone) (CardProperties)
[02:42:41] Top card: CardW(Clone) (UnityEngine.GameObject)
[02:42:41] Top card: CardW(Clone) (CardProperties)
[02:42:41] Top card: CardW(Clone) (UnityEngine.GameObject)
[02:42:41] Top card: CardW(Clone) (CardProperties)
[02:42:41] Top card: CardW(Clone) (UnityEngine.GameObject)
[02:42:41] Top card: CardW(Clone) (CardProperties)
[02:42:41] Top card: CardW(Clone) (UnityEngine.GameObject)
[02:42:41] Top card: CardW(Clone) (CardProperties)
[02:42:41] Top card: CardW(Clone) (UnityEngine.GameObject)
[02:42:41] Top card: CardW(Clone) (CardProperties)
[02:42:41] Top card: CardW(Clone) (UnityEngine.GameObject)
[02:42:41] Top card: CardW(Clone) (CardProperties)
[02:42:41] Top card: CardW(Clone) (UnityEngine.GameObject)
[02:42:41] Top card: CardW(Clone) (CardProperties)
[02:42:41] Top card: CardW(Clone) (UnityEngine.GameObject)
[02:42:41] Top card: CardW(Clone) (CardProperties)
[02:42:41] Top card: CardW(Clone) (UnityEngine.GameObject)
[02:42:41] Top card: CardW(Clone) (CardProperties)
[02:42:41] Top card: CardW(Clone) (UnityEngine.GameObject)
[02:42:41] Top card: CardW(Clone) (CardProperties)
[02:42:41] Top card: CardW(Clone) (UnityEngine.GameObject)
[02:42:41] Top card: CardW(Clone) (CardProperties)
[02:42:41] Top card: CardW(Clone) (UnityEngine.GameObject)
[02:42:41] Top card: CardW(Clone) (CardProperties)
[02:42:41] Top card: CardW(Clone) (UnityEngine.GameObject)
[02:42:41] Top card: CardW(Clone) (CardProperties)
[02:42:41] Top card: CardW(Clone) (UnityEngine.GameObject)
[02:42:41] Top card: CardW(Clone) (CardProperties)
[02:42:41] Top card: CardW(Clone) (UnityEngine.GameObject)
[02:42:41] Top card: CardW(Clone) (CardProperties)
[02:42:41] Top card: CardW(Clone) (UnityEngine.GameObject)
[02:42:41] Top card: CardW(Clone) (CardProperties)
[02:42:41] Top card: CardW(Clone) (UnityEngine.GameObject)
[02:42:41] Top card: CardW(Clone) (CardProperties)
[02:42:41] Top card: CardW(Clone) (UnityEngine.GameObject)
[02:42:41] Top card: CardW(Clone) (CardProperties)
[02:42:41] Top card: CardW(Clone) (UnityEngine.GameObject)
[02:42:41] Top card: CardW(Clone) (CardProperties)
[02:42:41] Top card: CardW(Clone) (UnityEngine.GameObject)
[02:42:41] Top card: CardW(Clone) (CardProperties)
[02:42:41] Top card: CardW(Clone) (UnityEngine.GameObject)
[02:42:41] Top card: CardW(Clone) (CardProperties)
[02:42:41] Top card: CardW(Clone) (UnityEngine.GameObject)
[02:42:41] Top card: CardW(Clone) (CardProperties)
[02:42:41] Top card: CardW(Clone) (UnityEngine.GameObject)
[02:42:41] Top card: CardW(Clone) (CardProperties)
[02:42:41] Top card: CardW(Clone) (UnityEngine.GameObject)
[02:42:41] Top card: CardW(Clone) (CardProperties)
[02:42:41] Top card: CardW(Clone) (UnityEngine.GameObject)
[02:42:41] Top card: CardW(Clone) (CardProperties)
[02:42:41] Top card: CardW(Clone) (UnityEngine.GameObject)
[02:42:41] Top card: CardW(Clone) (CardProperties)
[02:42:41] Top card: CardW(Clone) (UnityEngine.GameObject)
[02:42:41] Top card: CardW(Clone) (CardProperties)
[02:42:41] Top card: CardW(Clone) (UnityEngine.GameObject)
[02:42:41] Top card: CardW(Clone) (CardProperties)
[02:42:41] Top card: CardW(Clone) (UnityEngine.GameObject)
[02:42:41] Top card: CardW(Clone) (CardProperties)
[02:42:41] Top card: CardW(Clone) (UnityEngine.GameObject)
[02:42:41] Top card: CardW(Clone) (CardProperties)
[02:42:41] Top card: CardW(Clone) (UnityEngine.GameObject)
[02:42:41] Top card: CardW(Clone) (CardProperties)
[02:42:41] Top card: CardW(Clone) (UnityEngine.GameObject)
[02:42:41] Top card: CardW(Clone) (CardProperties)
[02:42:41] Top card: CardW(Clone) (UnityEngine.GameObject)
[02:42:41] Top card: CardW(Clone) (CardProperties)
[02:42:41] Top card: CardW(Clone) (UnityEngine.GameObject)
[02:42:41] Top card: CardW(Clone) (CardProperties)
[02:42:41] Top card: CardW(Clone) (UnityEngine.GameObject)
[02:42:41] Top card: CardW(Clone) (CardProperties)
[02:42:41] Top card: CardW(Clone) (UnityEngine.GameObject)
[02:42:41] Top card: CardW(Clone) (CardProperties)
[02:42:41] Top card: CardW(Clone) (UnityEngine.GameObject)
[02:42:41] Top card: CardW(Clone) (CardProperties)
[02:42:41] Top card: CardW(Clone) (UnityEngine.GameObject)
[02:42:41] Top card: CardW(Clone) (CardProperties)
[02:42:41] Top card: CardW(Clone) (UnityEngine.GameObject)
[02:42:41] Top card: CardW(Clone) (CardProperties)
[02:42:41] Top card: CardW(Clone) (UnityEngine.GameObject)
[02:42:41] Top card: CardW(Clone) (CardProperties)
[02:42:41] Top card: CardW(Clone) (UnityEngine.GameObject)
[02:42:41] Top card: CardW(Clone) (CardProperties)
[02:42:41] Top card: CardW(Clone) (UnityEngine.GameObject)
[02:42:41] Top card: CardW(Clone) (CardProperties)
[02:42:41] Top card: CardW(Clone) (UnityEngine.GameObject)
[02:42:41] Top card: CardW(Clone) (CardProperties)
[02:42:41] Top card: CardW(Clone) (UnityEngine.GameObject)
[02:42:41] Top card: CardW(Clone) (CardProperties)
[02:42:41] Top card: CardW(Clone) (UnityEngine.GameObject)
[02:42:41] Top card: CardW(Clone) (CardProperties)
[02:42:41] Top card: CardW(Clone) (UnityEngine.GameObject)
[02:42:41] Top card: CardW(Clone) (CardProperties)
[02:42:41] Top card: CardW(Clone) (UnityEngine.GameObject)
[02:42:41] Top card: CardW(Clone) (CardProperties)
[02:42:41] Top card: CardW(Clone) (UnityEngine.GameObject)
[02:42:41] Top card: CardW(Clone) (CardProperties)
[02:42:41] Top card: CardW(Clone) (UnityEngine.GameObject)
[02:42:41] Top card: CardW(Clone) (CardProperties)
[02:42:41] Top card: CardW(Clone) (UnityEngine.GameObject)
[02:42:41] Top card: CardW(Clone) (CardProperties)
[02:42:41] Top card: CardW(Clone) (UnityEngine.GameObject)
[02:42:41] Top card: CardW(Clone) (CardProperties)
[02:42:41] Top card: CardW(Clone) (UnityEngine.GameObject)
[02:42:41] Top card: CardW(Clone) (CardProperties)
[02:42:41] Top card: CardW(Clone) (UnityEngine.GameObject)
[02:42:41] Top card: CardW(Clone) (CardProperties)
[02:42:41] Top card: CardW(Clone) (UnityEngine.GameObject)
[02:42:41] Top card: CardW(Clone) (CardProperties)
[02:42:41] Top card: CardW(Clone) (UnityEngine.GameObject)
[02:42:41] Top card: CardW(Clone) (CardProperties)
[02:42:41] Top card: CardW(Clone) (UnityEngine.GameObject)
[02:42:41] Top card: CardW(Clone) (CardProperties)
[02:42:41] Top card: CardW(Clone) (UnityEngine.GameObject)
[02:42:41] Top card: CardW(Clone) (CardProperties)
[02:42:41] Top card: CardW(Clone) (UnityEngine.GameObject)
[02:42:41] Top card: CardW(Clone) (CardProperties)
[02:42:41] Top card: CardW(Clone) (UnityEngine.GameObject)
[02:42:41] Top card: CardW(Clone) (CardProperties)
[02:42:41] Top card: CardW(Clone) (UnityEngine.GameObject)
[02:42:41] Top card: CardW(Clone) (CardProperties)
[02:42:41] Top card: CardW(Clone) (UnityEngine.GameObject)
[02:42:41] Top card: CardW(Clone) (CardProperties)
[02:42:41] Top card: CardW(Clone) (UnityEngine.GameObject)
[02:42:41] Top card: CardW(Clone) (CardProperties)
[02:42:41] Top card: CardW(Clone) (UnityEngine.GameObject)
[02:42:41] Top card: CardW(Clone) (CardProperties)
[02:42:41] Top card: CardW(Clone) (UnityEngine.GameObject)
[02:42:41] Top card: CardW(Clone) (CardProperties)
[02:42:41] Top card: CardW(Clone) (UnityEngine.GameObject)
[02:42:41] Top card: CardW(Clone) (CardProperties)
[02:42:41] Top card: CardW(Clone) (UnityEngine.GameObject)
[02:42:41] Top card: CardW(Clone) (CardProperties)
[02:42:41] Top card: CardW(Clone) (UnityEngine.GameObject)
[02:42:41] Top card: CardW(Clone) (CardProperties)
[02:42:41] Top card: CardW(Clone) (UnityEngine.GameObject)
[02:42:41] Top card: CardW(Clone) (CardProperties)
[02:42:41] Top card: CardW(Clone) (UnityEngine.GameObject)
[02:42:41] Top card: CardW(Clone) (CardProperties)
[02:42:41] Top card: CardW(Clone) (UnityEngine.GameObject)
[02:42:41] Top card: CardW(Clone) (CardProperties)
[02:42:41] Top card: CardW(Clone) (UnityEngine.GameObject)
[02:42:41] Top card: CardW(Clone) (CardProperties)
[02:42:41] Top card: CardW(Clone) (UnityEngine.GameObject)
[02:42:41] Top card: CardW(Clone) (CardProperties)
[02:42:41] Top card: CardW(Clone) (UnityEngine.GameObject)
[02:42:41] Top card: CardW(Clone) (CardProperties)
[02:42:41] Top card: CardW(Clone) (UnityEngine.GameObject)
[02:42:41] Top card: CardW(Clone) (CardProperties)
[02:42:41] Top card: CardW(Clone) (UnityEngine.GameObject)
[02:42:41] Top card: CardW(Clone) (CardProperties)
[02:42:41] Top card: CardW(Clone) (UnityEngine.GameObject)
[02:42:41] Top card: CardW(Clone) (CardProperties)
[02:42:41] Top card: CardW(Clone) (UnityEngine.GameObject)
[02:42:41] Top card: CardW(Clone) (CardProperties)
[02:42:41] Top card: CardW(Clone) (UnityEngine.GameObject)
[02:42:41] Top card: CardW(Clone) (CardProperties)
[02:42:41] Top card: CardW(Clone) (UnityEngine.GameObject)
[02:42:41] Top card: CardW(Clone) (CardProperties)
[02:42:41] Top card: CardW(Clone) (UnityEngine.GameObject)
[02:42:41] Top card: CardW(Clone) (CardProperties)
[02:42:41] Top card: CardW(Clone) (UnityEngine.GameObject)
[02:42:41] Top card: CardW(Clone) (CardProperties)
[02:42:41] Top card: CardW(Clone) (UnityEngine.GameObject)
[02:42:41] Top card: CardW(Clone) (CardProperties)
[02:42:41] Top card: CardW(Clone) (UnityEngine.GameObject)
[02:42:41] Top card: CardW(Clone) (CardProperties)
[02:42:41] Top card: CardW(Clone) (UnityEngine.GameObject)
[02:42:41] Top card: CardW(Clone) (CardProperties)
[02:42:41] Top card: CardW(Clone) (UnityEngine.GameObject)
[02:42:41] Top card: CardW(Clone) (CardProperties)
[02:42:41] Top card: CardW(Clone) (UnityEngine.GameObject)
[02:42:41] Top card: CardW(Clone) (CardProperties)
[02:42:41] Top card: CardW(Clone) (UnityEngine.GameObject)
[02:42:41] Top card: CardW(Clone) (CardProperties)
[02:42:41] Top card: CardW(Clone) (UnityEngine.GameObject)
[02:42:41] Top card: CardW(Clone) (CardProperties)
[02:42:41] Top card: CardW(Clone) (UnityEngine.GameObject)
[02:42:41] Top card: CardW(Clone) (CardProperties)
[02:42:41] Top card: CardW(Clone) (UnityEngine.GameObject)
[02:42:41] Top card: CardW(Clone) (CardProperties)
[02:42:41] Top card: CardW(Clone) (UnityEngine.GameObject)
[02:42:41] Top card: CardW(Clone) (CardProperties)
[02:42:41] Top card: CardW(Clone) (UnityEngine.GameObject)
[02:42:41] Top card: CardW(Clone) (CardProperties)
[02:42:41] Top card: CardW(Clone) (UnityEngine.GameObject)
[02:42:41] Top card: CardW(Clone) (CardProperties)
[02:42:41] Top card: CardW(Clone) (UnityEngine.GameObject)
[02:42:41] Top card: CardW(Clone) (CardProperties)
[02:42:41] Top card: CardW(Clone) (UnityEngine.GameObject)
[02:42:41] Top card: CardW(Clone) (CardProperties)
[02:42:41] Top card: CardW(Clone) (UnityEngine.GameObject)
[02:42:41] Top card: CardW(Clone) (CardProperties)
[02:42:41] Top card: CardW(Clone) (UnityEngine.GameObject)
[02:42:41] Top card: CardW(Clone) (CardProperties)
[02:42:41] Top card: CardW(Clone) (UnityEngine.GameObject)
[02:42:41] Top card: CardW(Clone) (CardProperties)
[02:42:41] Top card: CardW(Clone) (UnityEngine.GameObject)
[02:42:41] Top card: CardW(Clone) (CardProperties)
[02:42:41] Top card: CardW(Clone) (UnityEngine.GameObject)
[02:42:41] Top card: CardW(Clone) (CardProperties)
[02:42:41] Top card: CardW(Clone) (UnityEngine.GameObject)
[02:42:41] Top card: CardW(Clone) (CardProperties)
[02:42:41] Top card: CardW(Clone) (UnityEngine.GameObject)
[02:42:41] Top card: CardW(Clone) (CardProperties)
[02:42:41] Top card: CardW(Clone) (UnityEngine.GameObject)
[02:42:41] Top card: CardW(Clone) (CardProperties)
[02:42:41] Top card: CardW(Clone) (UnityEngine.GameObject)
[02:42:41] Top card: CardW(Clone) (CardProperties)
[02:42:41] Top card: CardW(Clone) (UnityEngine.GameObject)
[02:42:41] Top card: CardW(Clone) (CardProperties)
[02:42:41] Top card: CardW(Clone) (UnityEngine.GameObject)
[02:42:41] Top card: CardW(Clone) (CardProperties)
[02:42:41] Top card: CardW(Clone) (UnityEngine.GameObject)
[02:42:41] Top card: CardW(Clone) (CardProperties)
[02:42:41] Top card: CardW(Clone) (UnityEngine.GameObject)
[02:42:41] Top card: CardW(Clone) (CardProperties)
[02:42:41] Top card: CardW(Clone) (UnityEngine.GameObject)
[02:42:41] Top card: CardW(Clone) (CardProperties)
