[08:24:52] Player received: Yellow_D(Clone)
[08:24:52] Enemy1 received: Yellow_9(Clone)
[08:24:52] Enemy2 received: Blue_8(Clone)
[08:24:52] Enemy3 received: Blue_1(Clone)
[08:24:52] Player received: Red_5(Clone)
[08:24:52] Enemy1 received: CardW(Clone)
[08:24:52] Enemy2 received: Yellow_R(Clone)
[08:24:52] Enemy3 received: CardW(Clone)
[08:24:52] Player received: Yellow_4(Clone)
[08:24:52] Enemy1 received: CardW(Clone)
[08:24:52] Enemy2 received: Red_D(Clone)
[08:24:52] Enemy3 received: Blue_6(Clone)
[08:24:52] Player received: Red_4(Clone)
[08:24:52] Enemy1 received: Red_9(Clone)
[08:24:52] Enemy2 received: Red_3(Clone)
[08:24:52] Enemy3 received: Blue_D(Clone)
[08:24:52] Player received: Red_9(Clone)
[08:24:52] Enemy1 received: Green_D(Clone)
[08:24:52] Enemy2 received: Red_6(Clone)
[08:24:52] Enemy3 received: Blue_6(Clone)
[08:24:52] Player received: Green_8(Clone)
[08:24:52] Enemy1 received: Blue_9(Clone)
[08:24:52] Enemy2 received: Yellow_3(Clone)
[08:24:52] Enemy3 received: Blue_3(Clone)
[08:24:52] Player received: Blue_D(Clone)
[08:24:52] Enemy1 received: Green_D(Clone)
[08:24:52] Enemy2 received: Yellow_5(Clone)
[08:24:52] Enemy3 received: Yellow_D(Clone)
[08:24:52] DiscardPile received: Yellow_S(Clone)
[08:24:52] Used PlayerLogic
[08:24:52] Yellow_S(Clone) (UnityEngine.GameObject)
[08:24:52] Player: Played Yellow_S
[08:24:52] Dealt cards
[08:24:52] Turns: 1
[08:24:52] Top card: Yellow_S(Clone) (UnityEngine.GameObject)
[08:24:52] Turns: 2
[08:24:52] Top card: Yellow_S(Clone) (UnityEngine.GameObject)
[08:24:52] Yellow_R(Clone) (UnityEngine.GameObject) was added to PlayableCards
[08:24:52] Yellow_3(Clone) (UnityEngine.GameObject) was added to PlayableCards
[08:24:52] Yellow_5(Clone) (UnityEngine.GameObject) was added to PlayableCards
[08:24:52] Enemy 2: Played Yellow_R(Clone)
[08:24:52] HasPlayableCard = true
[08:24:52] Turns: 1
[08:24:52] Top card: Yellow_R(Clone) (UnityEngine.GameObject)
[08:24:52] Yellow_9(Clone) (UnityEngine.GameObject) was added to PlayableCards
[08:24:52] CardW(Clone) (UnityEngine.GameObject) was added to PlayableCards
[08:24:52] CardW(Clone) (UnityEngine.GameObject) was added to PlayableCards
[08:24:52] Enemy 1: Played Yellow_9(Clone)
[08:24:52] HasPlayableCard = true
[08:24:52] Turns: 0
[08:46:14] Player received: Blue_3(Clone)
[08:46:14] Enemy1 received: Yellow_5(Clone)
[08:46:14] Enemy2 received: Green_S(Clone)
[08:46:14] Enemy3 received: Yellow_D(Clone)
[08:46:14] Player received: Green_9(Clone)
[08:46:14] Enemy1 received: Blue_D(Clone)
[08:46:14] Enemy2 received: Blue_6(Clone)
[08:46:14] Enemy3 received: Blue_3(Clone)
[08:46:14] Player received: Red_1(Clone)
[08:46:14] Enemy1 received: CardW(Clone)
[08:46:14] Enemy2 received: Green_3(Clone)
[08:46:14] Enemy3 received: Blue_5(Clone)
[08:46:14] Player received: Red_9(Clone)
[08:46:14] Enemy1 received: Green_9(Clone)
[08:46:14] Enemy2 received: Blue_S(Clone)
[08:46:14] Enemy3 received: Red_D(Clone)
[08:46:14] Player received: Red_4(Clone)
[08:46:14] Enemy1 received: Blue_S(Clone)
[08:46:14] Enemy2 received: Green_5(Clone)
[08:46:14] Enemy3 received: Red_D(Clone)
[08:46:14] Player received: Yellow_4(Clone)
[08:46:14] Enemy1 received: Yellow_5(Clone)
[08:46:14] Enemy2 received: Yellow_3(Clone)
[08:46:14] Enemy3 received: Red_7(Clone)
[08:46:14] Player received: Yellow_S(Clone)
[08:46:14] Enemy1 received: Red_9(Clone)
[08:46:14] Enemy2 received: Green_4(Clone)
[08:46:14] Enemy3 received: Yellow_9(Clone)
[08:46:14] DiscardPile received: Green_R(Clone)
[08:46:14] Dealt cards
[08:46:14] Player: Played Green_9
[08:46:14] Turns: 1
[08:46:14] Top card: Green_9(Clone) (UnityEngine.GameObject)
[08:46:14] CardW(Clone) (UnityEngine.GameObject) was added to PlayableCards
[08:46:14] Green_9(Clone) (UnityEngine.GameObject) was added to PlayableCards
[08:46:14] Red_9(Clone) (UnityEngine.GameObject) was added to PlayableCards
[08:46:14] Enemy 1: Played Green_9(Clone)
[08:46:14] HasPlayableCard = true
[08:46:14] Turns: 2
[08:46:14] Top card: Green_9(Clone) (UnityEngine.GameObject)
[08:46:14] Green_S(Clone) (UnityEngine.GameObject) was added to PlayableCards
[08:46:14] Green_3(Clone) (UnityEngine.GameObject) was added to PlayableCards
[08:46:14] Green_5(Clone) (UnityEngine.GameObject) was added to PlayableCards
[08:46:14] Green_4(Clone) (UnityEngine.GameObject) was added to PlayableCards
[08:46:14] Enemy 2: Played Green_S(Clone)
[08:46:14] HasPlayableCard = true
[08:46:14] Turns: 3
[08:46:14] Top card: Green_S(Clone) (UnityEngine.GameObject)
