[09:12:24] Player received: Green_D(Clone)
[09:12:24] Enemy1 received: Green_0(Clone)
[09:12:24] Enemy2 received: Red_2(Clone)
[09:12:24] Enemy3 received: Blue_3(Clone)
[09:12:24] Player received: Red_1(Clone)
[09:12:24] Enemy1 received: Yellow_1(Clone)
[09:12:24] Enemy2 received: Red_D(Clone)
[09:12:24] Enemy3 received: Yellow_7(Clone)
[09:12:24] Player received: Yellow_6(Clone)
[09:12:24] Enemy1 received: Yellow_S(Clone)
[09:12:24] Enemy2 received: Red_2(Clone)
[09:12:24] Enemy3 received: Green_D(Clone)
[09:12:24] Player received: Red_R(Clone)
[09:12:24] Enemy1 received: Yellow_1(Clone)
[09:12:24] Enemy2 received: Blue_0(Clone)
[09:12:24] Enemy3 received: Yellow_3(Clone)
[09:12:24] Player received: Yellow_6(Clone)
[09:12:24] Enemy1 received: CardW4(Clone)
[09:12:24] Enemy2 received: Blue_1(Clone)
[09:12:24] Enemy3 received: Yellow_S(Clone)
[09:12:24] Player received: Green_S(Clone)
[09:12:24] Enemy1 received: Blue_8(Clone)
[09:12:24] Enemy2 received: CardW4(Clone)
[09:12:24] Enemy3 received: Blue_5(Clone)
[09:12:24] Player received: Blue_7(Clone)
[09:12:24] Enemy1 received: CardW4(Clone)
[09:12:24] Enemy2 received: Red_1(Clone)
[09:12:24] Enemy3 received: Green_D(Clone)
[09:12:24] DiscardPile received: Yellow_D(Clone)
[09:12:24] Hello from PlayerManager.Draw2
[09:12:24] Dealt cards
[09:12:24] Top Deck Card:Blue_7(Clone) (UnityEngine.GameObject)
[09:12:24] Player: Drew Blue_7(Clone) (UnityEngine.GameObject)
[09:12:24] Top Deck Card:Yellow_D(Clone) (UnityEngine.GameObject)
[09:12:24] Player: Drew Yellow_D(Clone) (UnityEngine.GameObject)
[09:12:24] Player: Drew 2 cards
[09:12:24] Turns: 1
[09:12:24] Top card: Yellow_D(Clone) (UnityEngine.GameObject)
[09:12:24] Yellow_1(Clone) (UnityEngine.GameObject) was added to PlayableCards
[09:12:24] Yellow_S(Clone) (UnityEngine.GameObject) was added to PlayableCards
[09:12:24] Yellow_1(Clone) (UnityEngine.GameObject) was added to PlayableCards
[09:12:24] CardW4(Clone) (UnityEngine.GameObject) was added to PlayableCards
[09:12:24] CardW4(Clone) (UnityEngine.GameObject) was added to PlayableCards
[09:12:24] Enemy 1: Played Yellow_S(Clone)
[09:12:24] HasPlayableCard = true
[09:12:24] Turns: 2
[09:12:24] Top card: Yellow_S(Clone) (UnityEngine.GameObject)
[09:12:24] Turns: 3
[09:12:24] Top card: Yellow_S(Clone) (UnityEngine.GameObject)
[09:12:24] Yellow_7(Clone) (UnityEngine.GameObject) was added to PlayableCards
[09:12:24] Yellow_3(Clone) (UnityEngine.GameObject) was added to PlayableCards
[09:12:24] Yellow_S(Clone) (UnityEngine.GameObject) was added to PlayableCards
[09:12:24] Enemy 3: Played Yellow_S(Clone)
[09:12:24] HasPlayableCard = true
[09:12:24] Turns: 0
[09:12:24] Hello from PlayerManager.Skip
[09:12:24] Turns: 1
[09:12:24] Top card: Yellow_S(Clone) (UnityEngine.GameObject)
[09:12:24] Yellow_1(Clone) (UnityEngine.GameObject) was added to PlayableCards
[09:12:24] Yellow_1(Clone) (UnityEngine.GameObject) was added to PlayableCards
[09:12:24] CardW4(Clone) (UnityEngine.GameObject) was added to PlayableCards
[09:12:24] CardW4(Clone) (UnityEngine.GameObject) was added to PlayableCards
[09:12:24] Enemy 1: Played Yellow_1(Clone)
[09:12:24] HasPlayableCard = true
[09:12:24] Turns: 2
[09:12:24] Top card: Yellow_1(Clone) (UnityEngine.GameObject)
[09:12:24] Blue_1(Clone) (UnityEngine.GameObject) was added to PlayableCards
[09:12:24] CardW4(Clone) (UnityEngine.GameObject) was added to PlayableCards
[09:12:24] Red_1(Clone) (UnityEngine.GameObject) was added to PlayableCards
[09:12:24] Enemy 2: Played Blue_1(Clone)
[09:12:24] Removed Yellow_D(Clone) (UnityEngine.GameObject)
[09:12:24] HasPlayableCard = true
[09:12:24] Turns: 3
[09:12:24] Top card: Blue_1(Clone) (UnityEngine.GameObject)
[09:12:24] Blue_3(Clone) (UnityEngine.GameObject) was added to PlayableCards
[09:12:24] Blue_5(Clone) (UnityEngine.GameObject) was added to PlayableCards
[09:12:24] Enemy 3: Played Blue_3(Clone)
[09:12:24] Removed Yellow_S(Clone) (UnityEngine.GameObject)
[09:12:24] HasPlayableCard = true
[09:12:24] Turns: 0
[09:12:24] Player: Played Blue_7
[09:12:24] Turns: 1
[09:12:24] Top card: Blue_7(Clone) (UnityEngine.GameObject)
[09:12:24] CardW4(Clone) (UnityEngine.GameObject) was added to PlayableCards
[09:12:24] Blue_8(Clone) (UnityEngine.GameObject) was added to PlayableCards
[09:12:24] CardW4(Clone) (UnityEngine.GameObject) was added to PlayableCards
[09:12:24] Enemy 1: Played Blue_8(Clone)
[09:12:24] HasPlayableCard = true
[09:12:24] Turns: 2
[09:12:24] Top card: Blue_8(Clone) (UnityEngine.GameObject)
[09:12:24] Blue_0(Clone) (UnityEngine.GameObject) was added to PlayableCards
[09:12:24] CardW4(Clone) (UnityEngine.GameObject) was added to PlayableCards
[09:12:24] Enemy 2: Played Blue_0(Clone)
[09:12:24] HasPlayableCard = true
[09:12:24] Turns: 3
[09:12:24] Top card: Blue_0(Clone) (UnityEngine.GameObject)
[09:12:24] Blue_5(Clone) (UnityEngine.GameObject) was added to PlayableCards
[09:12:24] Enemy 3: Played Blue_5(Clone)
[09:12:24] HasPlayableCard = true
[09:12:24] Turns: 0
[09:12:24] Player: Played Blue_7
[09:12:24] Turns: 1
[09:12:24] Top card: Blue_7(Clone) (UnityEngine.GameObject)
[09:12:24] CardW4(Clone) (UnityEngine.GameObject) was added to PlayableCards
[09:12:24] CardW4(Clone) (UnityEngine.GameObject) was added to PlayableCards
[09:12:24] HasPlayableCard = true
[09:12:24] Turns: 2
[09:12:24] Top card: Blue_7(Clone) (UnityEngine.GameObject)
[09:12:24] CardW4(Clone) (UnityEngine.GameObject) was added to PlayableCards
[09:12:24] HasPlayableCard = true
[09:12:24] Turns: 3
[09:12:24] Top card: Blue_7(Clone) (UnityEngine.GameObject)
[09:12:24] Yellow_7(Clone) (UnityEngine.GameObject) was added to PlayableCards
[09:12:24] Enemy 3: Played Yellow_7(Clone)
[09:12:24] HasPlayableCard = true
[09:12:24] Turns: 0
