[05:21:54] Top card: 
[05:21:54] Delt cards
[05:21:54] Top card: Green_2(Clone) (UnityEngine.GameObject)
[05:21:54] Top card: Green_2(Clone) (UnityEngine.GameObject)
[05:21:54] Top card: Green_2(Clone) (UnityEngine.GameObject)
[05:21:54] Top card: Green_2(Clone) (UnityEngine.GameObject)
[05:21:54] Top card: Green_2(Clone) (UnityEngine.GameObject)
[05:21:54] Top card: Green_2(Clone) (UnityEngine.GameObject)
[05:21:54] Top card: Green_2(Clone) (UnityEngine.GameObject)
[05:21:54] Top card: Green_2(Clone) (UnityEngine.GameObject)
[05:21:54] Top card: Green_2(Clone) (UnityEngine.GameObject)
[05:21:54] Top card: Green_2(Clone) (UnityEngine.GameObject)
[05:21:54] Top card: Green_2(Clone) (UnityEngine.GameObject)
[05:21:54] Top card: Green_2(Clone) (UnityEngine.GameObject)
[05:21:54] Top card: Green_2(Clone) (UnityEngine.GameObject)
[05:21:54] Top card: Green_2(Clone) (UnityEngine.GameObject)
[05:21:54] Top card: Green_2(Clone) (UnityEngine.GameObject)
[05:21:54] Top card: Green_2(Clone) (UnityEngine.GameObject)
[05:21:54] Top card: Green_2(Clone) (UnityEngine.GameObject)
[05:21:54] Top card: Green_2(Clone) (UnityEngine.GameObject)
[05:21:54] Top card: Green_2(Clone) (UnityEngine.GameObject)
[05:21:54] Top card: Green_2(Clone) (UnityEngine.GameObject)
[05:21:54] Top card: Green_2(Clone) (UnityEngine.GameObject)
[05:21:54] Top card: Green_2(Clone) (UnityEngine.GameObject)
[05:21:54] Top card: Green_2(Clone) (UnityEngine.GameObject)
[05:21:54] Top card: Green_2(Clone) (UnityEngine.GameObject)
[05:21:54] Top card: Green_2(Clone) (UnityEngine.GameObject)
[05:21:54] Top card: Green_2(Clone) (UnityEngine.GameObject)
[05:21:54] Top card: Green_2(Clone) (UnityEngine.GameObject)
[05:21:54] Top card: Green_2(Clone) (UnityEngine.GameObject)
[05:21:54] Turns: 1
[05:21:54] Player: played card
[05:21:54] Turns: 1
[05:21:54] DiscardCounter: 1
[05:21:54] Top card: Yellow_D(Clone) (UnityEngine.GameObject)
[05:21:54] Blue_S(Clone) (UnityEngine.GameObject)
[05:21:54] Enemy 1: Drew Blue_S(Clone) (UnityEngine.GameObject)
[05:21:54] Blue_R(Clone) (UnityEngine.GameObject)
[05:21:54] Enemy 1: Drew Blue_R(Clone) (UnityEngine.GameObject)
[05:21:54] Enemy 1: Drew 2 cards
[05:21:54] Skipped Enemy 1
[05:21:54] Top card: Yellow_D(Clone) (UnityEngine.GameObject)
[05:21:54] Top card: Yellow_D(Clone) (UnityEngine.GameObject)
[05:21:54] Enemy 2: Green_R(Clone) (UnityEngine.GameObject) (Card 0) did not match
[05:21:54] Enemy 2: Played Yellow_1(Clone) (UnityEngine.GameObject) (Card 1)
[05:21:54] Turns: 3
[05:21:54] Top card: Yellow_1(Clone) (UnityEngine.GameObject)
[05:21:54] Top card: Yellow_1(Clone) (UnityEngine.GameObject)
[05:21:54] Enemy 3: Red_7(Clone) (UnityEngine.GameObject) (Card 0) did not match
[05:21:54] Enemy 3: Blue_6(Clone) (UnityEngine.GameObject) (Card 1) did not match
[05:21:54] Enemy 3: Red_6(Clone) (UnityEngine.GameObject) (Card 2) did not match
[05:21:54] Enemy 3: Blue_8(Clone) (UnityEngine.GameObject) (Card 3) did not match
[05:21:54] Enemy 3: Red_8(Clone) (UnityEngine.GameObject) (Card 4) did not match
[05:21:54] Enemy 3: Played Yellow_8(Clone) (UnityEngine.GameObject) (Card 5)
[05:21:54] Turns: 0
