[11:03:06] Player received: Blue_2(Clone)
[11:03:06] Enemy1 received: Red_2(Clone)
[11:03:06] Enemy2 received: CardW(Clone)
[11:03:06] Enemy3 received: Yellow_6(Clone)
[11:03:06] Player received: Yellow_5(Clone)
[11:03:06] Enemy1 received: CardW(Clone)
[11:03:06] Enemy2 received: Red_2(Clone)
[11:03:06] Enemy3 received: Yellow_2(Clone)
[11:03:06] Player received: CardW(Clone)
[11:03:06] Enemy1 received: Yellow_7(Clone)
[11:03:06] Enemy2 received: Yellow_2(Clone)
[11:03:06] Enemy3 received: Red_6(Clone)
[11:03:06] Player received: CardW4(Clone)
[11:03:06] Enemy1 received: Blue_7(Clone)
[11:03:06] Enemy2 received: Green_8(Clone)
[11:03:06] Enemy3 received: Blue_7(Clone)
[11:03:06] Player received: Blue_3(Clone)
[11:03:06] Enemy1 received: Blue_D(Clone)
[11:03:06] Enemy2 received: Yellow_D(Clone)
[11:03:06] Enemy3 received: Yellow_6(Clone)
[11:03:06] Player received: Green_S(Clone)
[11:03:06] Enemy1 received: Red_7(Clone)
[11:03:06] Enemy2 received: Green_3(Clone)
[11:03:06] Enemy3 received: Red_8(Clone)
[11:03:06] Player received: CardW(Clone)
[11:03:06] Enemy1 received: Blue_S(Clone)
[11:03:06] Enemy2 received: Yellow_9(Clone)
[11:03:06] Enemy3 received: Yellow_7(Clone)
[11:03:06] DiscardPile received: Yellow_8(Clone)
[11:03:06] Dealt cards
[11:03:06] Player: Played Yellow_5(Clone)
[11:03:06] Turns: 1
[11:03:06] Top card: Yellow_5(Clone) (UnityEngine.GameObject)
[11:03:06] CardW(Clone) was added to PlayableCards
[11:03:06] Yellow_7(Clone) was added to PlayableCards
[11:03:06] Enemy 1: Played Yellow_7(Clone)
