[12:10:20] Top card: 
[05:46:50] Top card: 
[05:46:50] Delt cards
[05:46:50] Player: Played Yellow_S
[05:46:50] Turns: 0
[08:14:23] Top card: 
[08:14:23] Delt cards
[08:14:23] Player: Played Yellow_2
[08:14:23] Made it this far (TurnManager)
[08:14:23] Turns: 1
[08:14:23] Turns: 1
[08:14:23] Top card: Yellow_2(Clone) (UnityEngine.GameObject)
[08:14:23] Top card: Yellow_2(Clone) (CardProperties)
[08:14:23] Enemy 1: Green_D(Clone) (UnityEngine.GameObject) (Card 0) did not match
[08:14:23] Enemy 1: Red_1(Clone) (UnityEngine.GameObject) (Card 1) did not match
[08:14:23] Enemy 1: CardW(Clone) (UnityEngine.GameObject) (Card 2) did not match
[08:14:23] Enemy 1: Played Green_2(Clone) (UnityEngine.GameObject) (Card 3)
[08:14:23] Turns: 2
[08:14:23] Top card: Green_2(Clone) (UnityEngine.GameObject)
[08:14:23] Top card: Green_2(Clone) (CardProperties)
[08:14:23] Enemy 2: Yellow_8(Clone) (UnityEngine.GameObject) (Card 0) did not match
[08:14:23] Enemy 2: Played Green_9(Clone) (UnityEngine.GameObject) (Card 1)
[08:14:23] Turns: 3
[08:14:23] Top card: Green_9(Clone) (UnityEngine.GameObject)
[08:14:23] Top card: Green_9(Clone) (CardProperties)
[08:14:23] Enemy 3: CardW4(Clone) (UnityEngine.GameObject) (Card 0) did not match
[08:14:23] Enemy 3: Yellow_4(Clone) (UnityEngine.GameObject) (Card 1) did not match
[08:14:23] Enemy 3: Played Green_5(Clone) (UnityEngine.GameObject) (Card 2)
[08:14:23] Turns: 0
[08:14:23] Player: Played Green_1
[08:14:23] Made it this far (TurnManager)
[08:14:23] Turns: 1
[08:14:23] Turns: 1
[08:14:23] Top card: Green_1(Clone) (UnityEngine.GameObject)
[08:14:23] Top card: Green_1(Clone) (CardProperties)
[08:14:23] Enemy 1: Played Green_D(Clone) (UnityEngine.GameObject) (Card 0)
[08:14:23] Removed Yellow_2(Clone) (UnityEngine.GameObject)
[08:14:23] Turns: 2
[08:14:23] Top card: Green_D(Clone) (UnityEngine.GameObject)
[08:14:23] Top Deck Card:CardW(Clone) (UnityEngine.GameObject)
[08:14:23] Enemy 2: Drew CardW(Clone) (UnityEngine.GameObject)
[08:14:23] Top Deck Card:Yellow_5(Clone) (UnityEngine.GameObject)
[08:14:23] Enemy 2: Drew Yellow_5(Clone) (UnityEngine.GameObject)
[08:14:23] Enemy 2: Drew 2 cards
[08:14:23] Skipped Enemy 2
[08:14:23] Top card: Green_D(Clone) (UnityEngine.GameObject)
[08:14:23] Top card: Green_D(Clone) (CardProperties)
[08:14:23] Enemy 3: CardW4(Clone) (UnityEngine.GameObject) (Card 0) did not match
[08:14:23] Enemy 3: Yellow_4(Clone) (UnityEngine.GameObject) (Card 1) did not match
[08:14:23] Enemy 3: Played Green_3(Clone) (UnityEngine.GameObject) (Card 2)
[08:14:23] Removed Green_2(Clone) (UnityEngine.GameObject)
[08:14:23] Turns: 0
[08:14:23] Player: Played CardW4
[08:14:23] Removed Green_9(Clone) (UnityEngine.GameObject)
[08:14:23] Made it this far (TurnManager)
[08:14:23] Player: Played CardW4
[08:14:23] Removed Green_5(Clone) (UnityEngine.GameObject)
[08:14:23] Made it this far (TurnManager)
[08:14:23] Player: Played CardW4
[08:14:23] Removed Green_1(Clone) (UnityEngine.GameObject)
[08:14:23] Made it this far (TurnManager)
[08:14:23] Player: Played CardW4
[08:14:23] Removed Green_D(Clone) (UnityEngine.GameObject)
[08:14:23] Made it this far (TurnManager)
[08:14:23] Player: Played CardW4
[08:14:23] Removed Green_3(Clone) (UnityEngine.GameObject)
[08:14:23] Made it this far (TurnManager)
[08:14:23] Player: Played CardW4
[08:14:23] Removed CardW4(Clone) (UnityEngine.GameObject)
[08:14:23] Made it this far (TurnManager)
[09:08:11] Top card: 
[09:08:11] Delt cards
