[10:49:50] Player received: Red_5(Clone)
[10:49:50] Enemy1 received: Red_2(Clone)
[10:49:50] Enemy2 received: Green_D(Clone)
[10:49:50] Enemy3 received: CardW4(Clone)
[10:49:50] Player received: CardW4(Clone)
[10:49:50] Enemy1 received: Blue_0(Clone)
[10:49:50] Enemy2 received: Blue_D(Clone)
[10:49:50] Enemy3 received: Red_1(Clone)
[10:49:50] Player received: Green_D(Clone)
[10:49:50] Enemy1 received: Yellow_6(Clone)
[10:49:50] Enemy2 received: Red_8(Clone)
[10:49:50] Enemy3 received: CardW4(Clone)
[10:49:50] Player received: Red_R(Clone)
[10:49:50] Enemy1 received: Blue_S(Clone)
[10:49:50] Enemy2 received: Yellow_D(Clone)
[10:49:50] Enemy3 received: CardW4(Clone)
[10:49:50] Player received: Yellow_0(Clone)
[10:49:50] Enemy1 received: Blue_2(Clone)
[10:49:50] Enemy2 received: Red_6(Clone)
[10:49:50] Enemy3 received: Blue_S(Clone)
[10:49:50] Player received: Green_2(Clone)
[10:49:50] Enemy1 received: Green_3(Clone)
[10:49:50] Enemy2 received: Red_D(Clone)
[10:49:50] Enemy3 received: CardW4(Clone)
[10:49:50] Player received: Green_8(Clone)
[10:49:50] Enemy1 received: Red_9(Clone)
[10:49:50] Enemy2 received: CardW(Clone)
[10:49:50] Enemy3 received: Yellow_3(Clone)
[10:49:50] DiscardPile received: Green_2(Clone)
[10:49:50] Used PlayerLogic
[10:49:50] Green_2(Clone) (UnityEngine.GameObject)
[10:49:50] Player: Played Green_2
[10:49:50] Dealt cards
[10:49:50] Turns: 1
[10:49:50] Top card: Green_2(Clone) (UnityEngine.GameObject)
[10:49:50] Red_2(Clone) (UnityEngine.GameObject) was added to PlayableCards
[10:49:50] Blue_2(Clone) (UnityEngine.GameObject) was added to PlayableCards
[10:49:50] Green_3(Clone) (UnityEngine.GameObject) was added to PlayableCards
[10:49:50] Enemy 1: Played Red_2(Clone)
[10:49:50] HasPlayableCard = true
[10:49:50] Turns: 2
[10:49:50] Top card: Red_2(Clone) (UnityEngine.GameObject)
[10:49:50] Red_8(Clone) (UnityEngine.GameObject) was added to PlayableCards
[10:49:50] Red_6(Clone) (UnityEngine.GameObject) was added to PlayableCards
[10:49:50] Red_D(Clone) (UnityEngine.GameObject) was added to PlayableCards
[10:49:50] CardW(Clone) (UnityEngine.GameObject) was added to PlayableCards
[10:49:50] Enemy 2: Played Red_D(Clone)
[10:49:50] HasPlayableCard = true
[10:49:50] Turns: 3
[10:49:50] Top card: Red_D(Clone) (UnityEngine.GameObject)
[10:49:50] Top Deck Card:Blue_D(Clone) (UnityEngine.GameObject)
[10:49:50] Enemy 3: Drew Blue_D(Clone) (UnityEngine.GameObject)
[10:49:50] Top Deck Card:CardW(Clone) (UnityEngine.GameObject)
[10:49:50] Enemy 3: Drew CardW(Clone) (UnityEngine.GameObject)
[10:49:50] Enemy 3: Drew 2 cards
[10:49:50] Turns: 0
[10:49:50] Used PlayerLogic
[10:49:50] Green_2(Clone) (UnityEngine.GameObject)
[10:49:50] Player: Played Green_8
[10:49:50] Turns: 1
[10:49:50] Top card: Green_8(Clone) (UnityEngine.GameObject)
[10:49:50] Green_3(Clone) (UnityEngine.GameObject) was added to PlayableCards
[10:49:50] Enemy 1: Played Green_3(Clone)
[10:49:50] HasPlayableCard = true
[10:49:50] Turns: 2
[10:49:50] Top card: Green_3(Clone) (UnityEngine.GameObject)
[10:49:50] Green_D(Clone) (UnityEngine.GameObject) was added to PlayableCards
[10:49:50] CardW(Clone) (UnityEngine.GameObject) was added to PlayableCards
[10:49:50] Enemy 2: Played Green_D(Clone)
[10:49:50] HasPlayableCard = true
