[08:32:58] Top card: 
[08:32:58] Delt cards
[08:32:58] Top card: 
[08:32:58] Top card: 
[08:32:58] Top card: 
[08:32:58] Top card: 
[08:32:58] Top card: 
[08:32:58] Top card: 
[08:32:58] Top card: 
[08:32:58] Top card: 
[08:32:58] Top card: 
[08:32:58] Top card: 
[08:32:58] Top card: 
[08:32:58] Top card: 
[08:32:58] Top card: 
[08:32:58] Top card: 
[08:32:58] Top card: 
[08:32:58] Top card: 
[08:32:58] Top card: 
[08:32:58] Top card: 
[08:32:58] Top card: 
[08:32:58] Top card: 
[08:32:58] Player: Played Red_0(Clone) (UnityEngine.GameObject)
[08:32:58] Turns: 1
[08:32:58] Turns: 1
[08:32:58] Top card: Red_0(Clone) (UnityEngine.GameObject)
[08:32:58] Top card: Red_0(Clone) (UnityEngine.GameObject)
[08:32:58] Enemy 1: Played Red_R(Clone) (UnityEngine.GameObject) (Card 0)
[08:32:58] Turns: 2
[08:32:58] Top card: Red_R(Clone) (UnityEngine.GameObject)
[08:32:58] Top card: Red_R(Clone) (UnityEngine.GameObject)
[08:32:58] Enemy 2: CardW4(Clone) (UnityEngine.GameObject) (Card 0) did not match
[08:32:58] Enemy 2: Played Blue_R(Clone) (UnityEngine.GameObject) (Card 1)
[08:32:58] Top card: Blue_R(Clone) (UnityEngine.GameObject)
[08:32:58] Enemy 2: CardW4(Clone) (UnityEngine.GameObject) (Card 0) did not match
[08:32:58] Enemy 2: Played Green_R(Clone) (UnityEngine.GameObject) (Card 1)
[08:32:58] Top card: Green_R(Clone) (UnityEngine.GameObject)
[08:32:58] Enemy 2: CardW4(Clone) (UnityEngine.GameObject) (Card 0) did not match
[08:32:58] Enemy 2: CardW(Clone) (UnityEngine.GameObject) (Card 1) did not match
[08:32:58] Enemy 2: CardW(Clone) (UnityEngine.GameObject) (Card 2) did not match
[08:32:58] IsReversed: False
[08:32:58] Turns: 3
[08:32:58] IsReversed: False
[08:32:58] Turns: 0
