[11:51:44] Player received: Green_0(Clone)
[11:51:44] Enemy1 received: CardW4(Clone)
[11:51:44] Enemy2 received: Blue_S(Clone)
[11:51:44] Enemy3 received: Red_1(Clone)
[11:51:44] Player received: Yellow_4(Clone)
[11:51:44] Enemy1 received: Yellow_0(Clone)
[11:51:44] Enemy2 received: Blue_8(Clone)
[11:51:44] Enemy3 received: Yellow_S(Clone)
[11:51:44] Player received: Red_9(Clone)
[11:51:44] Enemy1 received: Yellow_D(Clone)
[11:51:44] Enemy2 received: Blue_D(Clone)
[11:51:44] Enemy3 received: Green_3(Clone)
[11:51:44] Player received: Red_3(Clone)
[11:51:44] Enemy1 received: Blue_S(Clone)
[11:51:44] Enemy2 received: Red_1(Clone)
[11:51:44] Enemy3 received: Red_D(Clone)
[11:51:44] Player received: Red_2(Clone)
[11:51:44] Enemy1 received: Green_7(Clone)
[11:51:44] Enemy2 received: Blue_3(Clone)
[11:51:44] Enemy3 received: Yellow_6(Clone)
[11:51:44] Player received: CardW4(Clone)
[11:51:44] Enemy1 received: Red_4(Clone)
[11:51:44] Enemy2 received: Red_6(Clone)
[11:51:44] Enemy3 received: Red_D(Clone)
[11:51:44] Player received: Blue_5(Clone)
[11:51:44] Enemy1 received: Red_3(Clone)
[11:51:44] Enemy2 received: Red_6(Clone)
[11:51:44] Enemy3 received: Green_5(Clone)
[11:51:44] DiscardPile received: Blue_D(Clone)
[11:51:44] Hello from PlayerManager.Draw2
[11:51:44] Dealt cards
[11:51:44] Top Deck Card:Red_D(Clone) (UnityEngine.GameObject)
[11:51:44] Player: Drew Red_D(Clone) (UnityEngine.GameObject)
[11:51:44] Top Deck Card:Blue_1(Clone) (UnityEngine.GameObject)
[11:51:44] Player: Drew Blue_1(Clone) (UnityEngine.GameObject)
[11:51:44] Player: Drew 2 cards
[11:51:44] Turns: 1
[11:51:44] Top card: Blue_D(Clone) (UnityEngine.GameObject)
[11:51:44] CardW4(Clone) (UnityEngine.GameObject) was added to PlayableCards
[11:51:44] Yellow_D(Clone) (UnityEngine.GameObject) was added to PlayableCards
[11:51:44] Blue_S(Clone) (UnityEngine.GameObject) was added to PlayableCards
[11:51:44] Enemy 1: Played Yellow_D(Clone)
[11:51:44] HasPlayableCard = true
[11:51:44] Turns: 2
[11:51:44] Top card: Yellow_D(Clone) (UnityEngine.GameObject)
[11:51:44] Top Deck Card:Yellow_5(Clone) (UnityEngine.GameObject)
[11:51:44] Enemy 2: Drew Yellow_5(Clone) (UnityEngine.GameObject)
[11:51:44] Top Deck Card:Blue_5(Clone) (UnityEngine.GameObject)
[11:51:44] Enemy 2: Drew Blue_5(Clone) (UnityEngine.GameObject)
[11:51:44] Enemy 2: Drew 2 cards
[11:51:44] Turns: 3
[11:51:44] Top card: Yellow_D(Clone) (UnityEngine.GameObject)
[11:51:44] Yellow_S(Clone) (UnityEngine.GameObject) was added to PlayableCards
[11:51:44] Red_D(Clone) (UnityEngine.GameObject) was added to PlayableCards
[11:51:44] Yellow_6(Clone) (UnityEngine.GameObject) was added to PlayableCards
[11:51:44] Red_D(Clone) (UnityEngine.GameObject) was added to PlayableCards
[11:51:44] Enemy 3: Played Red_D(Clone)
[11:51:44] HasPlayableCard = true
[11:51:44] Turns: 0
[11:51:44] Hello from PlayerManager.Draw2
[11:51:44] Top Deck Card:Yellow_9(Clone) (UnityEngine.GameObject)
[11:51:44] Player: Drew Yellow_9(Clone) (UnityEngine.GameObject)
[11:51:44] Top Deck Card:Green_D(Clone) (UnityEngine.GameObject)
[11:51:44] Player: Drew Green_D(Clone) (UnityEngine.GameObject)
[11:51:44] Player: Drew 2 cards
[11:51:44] Turns: 1
[11:51:44] Top card: Red_D(Clone) (UnityEngine.GameObject)
[11:51:44] CardW4(Clone) (UnityEngine.GameObject) was added to PlayableCards
[11:51:44] Red_4(Clone) (UnityEngine.GameObject) was added to PlayableCards
[11:51:44] Red_3(Clone) (UnityEngine.GameObject) was added to PlayableCards
[11:51:44] Enemy 1: Played Red_4(Clone)
[11:51:44] HasPlayableCard = true
[11:51:44] Turns: 2
[11:51:44] Top card: Red_4(Clone) (UnityEngine.GameObject)
[11:51:44] Red_1(Clone) (UnityEngine.GameObject) was added to PlayableCards
[11:51:44] Red_6(Clone) (UnityEngine.GameObject) was added to PlayableCards
[11:51:44] Red_6(Clone) (UnityEngine.GameObject) was added to PlayableCards
[11:51:44] Enemy 2: Played Red_1(Clone)
[11:51:44] HasPlayableCard = true
[11:51:44] Removed Blue_D(Clone) (UnityEngine.GameObject)
[11:51:44] Turns: 3
[11:51:44] Top card: Red_1(Clone) (UnityEngine.GameObject)
[11:51:44] Red_1(Clone) (UnityEngine.GameObject) was added to PlayableCards
[11:51:44] Red_D(Clone) (UnityEngine.GameObject) was added to PlayableCards
[11:51:44] Enemy 3: Played Red_D(Clone)
[11:51:44] HasPlayableCard = true
[11:51:44] Removed Yellow_D(Clone) (UnityEngine.GameObject)
[11:51:44] Turns: 0
[11:51:44] Hello from PlayerManager.Draw2
[11:51:44] Top Deck Card:Yellow_1(Clone) (UnityEngine.GameObject)
[11:51:44] Player: Drew Yellow_1(Clone) (UnityEngine.GameObject)
[11:51:44] Top Deck Card:Blue_8(Clone) (UnityEngine.GameObject)
[11:51:44] Player: Drew Blue_8(Clone) (UnityEngine.GameObject)
[11:51:44] Player: Drew 2 cards
[11:51:44] Turns: 1
[11:51:44] Top card: Red_D(Clone) (UnityEngine.GameObject)
[11:51:44] CardW4(Clone) (UnityEngine.GameObject) was added to PlayableCards
[11:51:44] Red_3(Clone) (UnityEngine.GameObject) was added to PlayableCards
[11:51:44] Enemy 1: Played Red_3(Clone)
[11:51:44] HasPlayableCard = true
[11:51:44] Removed Red_D(Clone) (UnityEngine.GameObject)
[11:51:44] Turns: 2
[11:51:44] Top card: Red_3(Clone) (UnityEngine.GameObject)
[11:51:44] Blue_3(Clone) (UnityEngine.GameObject) was added to PlayableCards
[11:51:44] Red_6(Clone) (UnityEngine.GameObject) was added to PlayableCards
[11:51:44] Red_6(Clone) (UnityEngine.GameObject) was added to PlayableCards
[11:51:44] Enemy 2: Played Blue_3(Clone)
[11:51:44] HasPlayableCard = true
[11:51:44] Removed Red_4(Clone) (UnityEngine.GameObject)
[11:51:44] Turns: 3
[11:51:44] Top card: Blue_3(Clone) (UnityEngine.GameObject)
[11:51:44] Green_3(Clone) (UnityEngine.GameObject) was added to PlayableCards
[11:51:44] Enemy 3: Played Green_3(Clone)
[11:51:44] HasPlayableCard = true
[11:51:44] Removed Red_1(Clone) (UnityEngine.GameObject)
[11:51:44] Turns: 0
[11:51:44] Player: Played Green_D
[11:51:44] Removed Red_D(Clone) (UnityEngine.GameObject)
[11:51:44] Turns: 1
[11:51:44] Top card: Green_D(Clone) (UnityEngine.GameObject)
[11:51:44] Top Deck Card:CardW(Clone) (UnityEngine.GameObject)
[11:51:44] Enemy 1: Drew CardW(Clone) (UnityEngine.GameObject)
[11:51:44] Top Deck Card:Blue_7(Clone) (UnityEngine.GameObject)
[11:51:44] Enemy 1: Drew Blue_7(Clone) (UnityEngine.GameObject)
[11:51:44] Enemy 1: Drew 2 cards
[11:51:44] Turns: 2
[11:51:44] Top card: Green_D(Clone) (UnityEngine.GameObject)
[11:51:44] Blue_D(Clone) (UnityEngine.GameObject) was added to PlayableCards
[11:51:44] Enemy 2: Played Blue_D(Clone)
[11:51:44] HasPlayableCard = true
[11:51:44] Removed Red_3(Clone) (UnityEngine.GameObject)
[11:51:44] Turns: 3
[11:51:44] Top card: Blue_D(Clone) (UnityEngine.GameObject)
[11:51:44] Top Deck Card:Red_0(Clone) (UnityEngine.GameObject)
[11:51:44] Enemy 3: Drew Red_0(Clone) (UnityEngine.GameObject)
[11:51:44] Top Deck Card:Red_7(Clone) (UnityEngine.GameObject)
[11:51:44] Enemy 3: Drew Red_7(Clone) (UnityEngine.GameObject)
[11:51:44] Enemy 3: Drew 2 cards
[11:51:44] Turns: 0
[11:51:44] Player: Played Blue_8
[11:51:44] Removed Blue_3(Clone) (UnityEngine.GameObject)
[11:51:44] Turns: 1
[11:51:44] Top card: Blue_8(Clone) (UnityEngine.GameObject)
[11:51:44] CardW4(Clone) (UnityEngine.GameObject) was added to PlayableCards
[11:51:44] Blue_S(Clone) (UnityEngine.GameObject) was added to PlayableCards
[11:51:44] CardW(Clone) (UnityEngine.GameObject) was added to PlayableCards
[11:51:44] Blue_7(Clone) (UnityEngine.GameObject) was added to PlayableCards
[11:51:44] Enemy 1: Played Blue_S(Clone)
[11:51:44] HasPlayableCard = true
[11:51:44] Removed Green_3(Clone) (UnityEngine.GameObject)
[11:51:44] Turns: 2
[11:51:44] Top card: Blue_S(Clone) (UnityEngine.GameObject)
[11:51:44] Turns: 3
[11:51:44] Top card: Blue_S(Clone) (UnityEngine.GameObject)
[11:51:44] Yellow_S(Clone) (UnityEngine.GameObject) was added to PlayableCards
[11:51:44] Enemy 3: Played Yellow_S(Clone)
[11:51:44] HasPlayableCard = true
[11:51:44] Removed Green_D(Clone) (UnityEngine.GameObject)
[11:51:44] Turns: 0
[11:51:44] Hello from PlayerManager.Skip
[11:51:44] Turns: 1
[11:51:44] Top card: Yellow_S(Clone) (UnityEngine.GameObject)
[11:51:44] CardW4(Clone) (UnityEngine.GameObject) was added to PlayableCards
[11:51:44] Yellow_0(Clone) (UnityEngine.GameObject) was added to PlayableCards
[11:51:44] CardW(Clone) (UnityEngine.GameObject) was added to PlayableCards
[11:51:44] Enemy 1: Played Yellow_0(Clone)
[11:51:44] HasPlayableCard = true
[11:51:44] Removed Blue_D(Clone) (UnityEngine.GameObject)
[11:51:44] Turns: 2
[11:51:44] Top card: Yellow_0(Clone) (UnityEngine.GameObject)
[11:51:44] Yellow_5(Clone) (UnityEngine.GameObject) was added to PlayableCards
[11:51:44] Enemy 2: Played Yellow_5(Clone)
[11:51:44] HasPlayableCard = true
[11:51:44] Removed Blue_8(Clone) (UnityEngine.GameObject)
[11:51:44] Turns: 3
[11:51:44] Top card: Yellow_5(Clone) (UnityEngine.GameObject)
[11:51:44] Yellow_6(Clone) (UnityEngine.GameObject) was added to PlayableCards
[11:51:44] Green_5(Clone) (UnityEngine.GameObject) was added to PlayableCards
[11:51:44] Enemy 3: Played Yellow_6(Clone)
[11:51:44] HasPlayableCard = true
[11:51:44] Removed Blue_S(Clone) (UnityEngine.GameObject)
[11:51:44] Turns: 0
[11:51:44] Player: Played Red_D
[11:51:44] Removed Yellow_S(Clone) (UnityEngine.GameObject)
[11:51:44] Turns: 1
[11:51:44] Top card: Red_D(Clone) (UnityEngine.GameObject)
[11:51:44] Top Deck Card:Yellow_D(Clone) (UnityEngine.GameObject)
[11:51:44] Enemy 1: Drew Yellow_D(Clone) (UnityEngine.GameObject)
[11:51:44] Top Deck Card:Red_7(Clone) (UnityEngine.GameObject)
[11:51:44] Enemy 1: Drew Red_7(Clone) (UnityEngine.GameObject)
[11:51:44] Enemy 1: Drew 2 cards
[11:51:44] Turns: 2
[11:51:44] Top card: Red_D(Clone) (UnityEngine.GameObject)
[11:51:44] Red_6(Clone) (UnityEngine.GameObject) was added to PlayableCards
[11:51:44] Red_6(Clone) (UnityEngine.GameObject) was added to PlayableCards
[11:51:44] Enemy 2: Played Red_6(Clone)
[11:51:44] HasPlayableCard = true
[11:51:44] Removed Yellow_0(Clone) (UnityEngine.GameObject)
[11:51:44] Turns: 3
[11:51:44] Top card: Red_6(Clone) (UnityEngine.GameObject)
[11:51:44] Red_1(Clone) (UnityEngine.GameObject) was added to PlayableCards
[11:51:44] Red_0(Clone) (UnityEngine.GameObject) was added to PlayableCards
[11:51:44] Red_7(Clone) (UnityEngine.GameObject) was added to PlayableCards
[11:51:44] Enemy 3: Played Red_1(Clone)
[11:51:44] HasPlayableCard = true
[11:51:44] Removed Yellow_5(Clone) (UnityEngine.GameObject)
[11:51:44] Turns: 0
[04:55:23] Player received: CardW4(Clone)
[04:55:23] Enemy1 received: Blue_1(Clone)
[04:55:23] Enemy2 received: CardW4(Clone)
[04:55:23] Enemy3 received: Blue_R(Clone)
[04:55:23] Player received: CardW(Clone)
[04:55:23] Enemy1 received: Red_6(Clone)
[04:55:23] Enemy2 received: CardW(Clone)
[04:55:23] Enemy3 received: Blue_3(Clone)
[04:55:23] Player received: Red_7(Clone)
[04:55:23] Enemy1 received: Red_5(Clone)
[04:55:23] Enemy2 received: Yellow_8(Clone)
[04:55:23] Enemy3 received: Yellow_5(Clone)
[04:55:23] Player received: Green_S(Clone)
[04:55:23] Enemy1 received: CardW4(Clone)
[04:55:23] Enemy2 received: Green_8(Clone)
[04:55:23] Enemy3 received: Yellow_2(Clone)
[04:55:23] Player received: Blue_9(Clone)
[04:55:23] Enemy1 received: CardW4(Clone)
[04:55:23] Enemy2 received: Yellow_8(Clone)
[04:55:23] Enemy3 received: Green_6(Clone)
[04:55:23] Player received: Blue_D(Clone)
[04:55:23] Enemy1 received: Red_5(Clone)
[04:55:23] Enemy2 received: Green_R(Clone)
[04:55:23] Enemy3 received: Yellow_D(Clone)
[04:55:23] Player received: Green_4(Clone)
[04:55:23] Enemy1 received: Red_7(Clone)
[04:55:23] Enemy2 received: Yellow_5(Clone)
[04:55:23] Enemy3 received: Blue_5(Clone)
[04:55:23] DiscardPile received: Red_R(Clone)
[04:55:23] Dealt cards
[04:55:23] Player: Played Red_7
[04:55:23] Turns: 3
[04:55:23] Top card: Red_7(Clone) (UnityEngine.GameObject)
[04:55:23] HasPlayableCard = false
[04:55:23] Top Deck Card:Yellow_7(Clone) (UnityEngine.GameObject)
[04:55:23] Enemy 3: Drew Yellow_7(Clone) (UnityEngine.GameObject)
[04:55:23] Enemy 3: Drew 1 cards
[04:55:23] Turns: 2
[04:55:23] Top card: Red_7(Clone) (UnityEngine.GameObject)
[04:55:23] CardW4(Clone) was added to PlayableCards
[04:55:23] CardW(Clone) was added to PlayableCards
[04:55:23] Enemy 2: Played CardW(Clone)
[04:55:23] redCards: 0
[04:55:23] yellowCards: 3
[04:55:23] greenCards: 2
[04:55:23] blueCards: 0
[04:55:23] Largest number among 0, 3, 2 and 0 is 3
[04:55:23] Largest number among 0, 3, 2 and 0 is 3
[04:55:23] wild color set to yellow
[04:55:23] HasPlayableCard = true
[04:55:23] Turns: 1
[04:55:23] Top card: CardW(Clone) (UnityEngine.GameObject)
[04:55:23] CardW4(Clone) was added to PlayableCards
[04:55:23] CardW4(Clone) was added to PlayableCards
[04:55:23] Enemy 1: Played CardW4(Clone)
[04:55:23] redCards: 4
[04:55:23] yellowCards: 0
[04:55:23] greenCards: 0
[04:55:23] blueCards: 1
[04:55:23] Largest number among 4, 0, 0 and 1 is 4
[04:55:23] wild color set to red
[04:55:23] HasPlayableCard = true
[04:55:23] Turns: 0
[04:55:23] Hello from PlayerManager.WildDraw4
[04:55:23] Top Deck Card:Green_D(Clone) (UnityEngine.GameObject)
[04:55:23] Player: Drew Green_D(Clone) (UnityEngine.GameObject)
[04:55:23] Top Deck Card:Yellow_3(Clone) (UnityEngine.GameObject)
[04:55:23] Player: Drew Yellow_3(Clone) (UnityEngine.GameObject)
[04:55:23] Top Deck Card:Blue_R(Clone) (UnityEngine.GameObject)
[04:55:23] Player: Drew Blue_R(Clone) (UnityEngine.GameObject)
[04:55:23] Turns: 3
[04:55:23] Top card: CardW4(Clone) (UnityEngine.GameObject)
[04:55:23] HasPlayableCard = false
[04:55:23] Top Deck Card:CardW4(Clone) (UnityEngine.GameObject)
[04:55:23] Player: Drew CardW4(Clone) (UnityEngine.GameObject)
[04:55:23] Player: Drew 4 cards
[04:55:23] Top Deck Card:CardW4(Clone) (UnityEngine.GameObject)
[04:55:23] Enemy 3: Drew CardW4(Clone) (UnityEngine.GameObject)
[04:55:23] Enemy 3: Drew 1 cards
[04:55:23] Turns: 2
[04:55:23] Top card: CardW4(Clone) (UnityEngine.GameObject)
[04:55:23] CardW4(Clone) was added to PlayableCards
[04:55:23] Enemy 2: Played CardW4(Clone)
[04:55:23] redCards: 0
[04:55:23] yellowCards: 3
[04:55:23] greenCards: 2
[04:55:23] blueCards: 0
[04:55:23] Largest number among 0, 3, 2 and 0 is 3
[04:55:23] Largest number among 0, 3, 2 and 0 is 3
[04:55:23] wild color set to yellow
[04:55:23] HasPlayableCard = true
[04:55:23] Removed Red_7(Clone) (UnityEngine.GameObject)
[04:55:23] Turns: 1
[04:55:23] Top card: CardW4(Clone) (UnityEngine.GameObject)
[04:55:23] Top Deck Card:Blue_7(Clone) (UnityEngine.GameObject)
[04:55:23] Enemy 1: Drew Blue_7(Clone) (UnityEngine.GameObject)
[04:55:23] Top Deck Card:Blue_6(Clone) (UnityEngine.GameObject)
[04:55:23] Enemy 1: Drew Blue_6(Clone) (UnityEngine.GameObject)
[04:55:23] Top Deck Card:Blue_1(Clone) (UnityEngine.GameObject)
[04:55:23] Enemy 1: Drew Blue_1(Clone) (UnityEngine.GameObject)
[04:55:23] Turns: 0
[04:55:23] Top Deck Card:Yellow_D(Clone) (UnityEngine.GameObject)
[04:55:23] Enemy 1: Drew Yellow_D(Clone) (UnityEngine.GameObject)
[04:55:23] Enemy 1: Drew 4 cards
