[02:57:43] Top card: 
[02:57:43] Delt cards
[02:57:43] Top card: Green_6(Clone) (UnityEngine.GameObject)
[02:57:43] Top card: Green_6(Clone) (UnityEngine.GameObject)
[02:57:43] Top card: Green_6(Clone) (UnityEngine.GameObject)
[02:57:43] Top card: Green_6(Clone) (UnityEngine.GameObject)
[02:57:43] Top card: Green_6(Clone) (UnityEngine.GameObject)
[02:57:43] Top card: Green_6(Clone) (UnityEngine.GameObject)
[02:57:43] Top card: Green_6(Clone) (UnityEngine.GameObject)
[02:57:43] Top card: Green_6(Clone) (UnityEngine.GameObject)
[02:57:43] Top card: Green_6(Clone) (UnityEngine.GameObject)
[02:57:43] Top card: Green_6(Clone) (UnityEngine.GameObject)
[02:57:43] Top card: Green_6(Clone) (UnityEngine.GameObject)
[02:57:43] Top card: Green_6(Clone) (UnityEngine.GameObject)
[02:57:43] Top card: Green_6(Clone) (UnityEngine.GameObject)
[02:57:43] Top card: Green_6(Clone) (UnityEngine.GameObject)
[02:57:43] Top card: Green_6(Clone) (UnityEngine.GameObject)
[02:57:43] Top card: Green_6(Clone) (UnityEngine.GameObject)
[02:57:43] Top card: Green_6(Clone) (UnityEngine.GameObject)
[02:57:43] Top card: Green_6(Clone) (UnityEngine.GameObject)
[02:57:43] Top card: Green_6(Clone) (UnityEngine.GameObject)
[02:57:43] Top card: Green_6(Clone) (UnityEngine.GameObject)
[02:57:43] Top card: Green_6(Clone) (UnityEngine.GameObject)
[02:57:43] Top card: Green_6(Clone) (UnityEngine.GameObject)
[02:57:43] Top card: Green_6(Clone) (UnityEngine.GameObject)
[02:57:43] Top card: Green_6(Clone) (UnityEngine.GameObject)
[02:57:43] Top card: Green_6(Clone) (UnityEngine.GameObject)
[02:57:43] Top card: Green_6(Clone) (UnityEngine.GameObject)
[02:57:43] Top card: Green_6(Clone) (UnityEngine.GameObject)
[02:57:43] Top card: Green_6(Clone) (UnityEngine.GameObject)
[02:57:43] Player: played card
[02:57:43] Turns: 1
[02:57:43] DiscardCounter: 1
[02:57:43] Top card: Blue_S(Clone) (UnityEngine.GameObject)
[02:57:43] Skipped Enemy 1
[02:57:43] Skipped Enemy 2
[02:57:43] Skipped Enemy 3
