[10:23:01] Top card: 
[10:23:01] Top card: 
[10:23:01] Top card: 
[10:23:01] Top card: 
[10:23:01] Top card: 
[10:23:01] Top card: 
[10:23:01] Top card: 
[10:23:01] Top card: 
[10:23:01] Top card: 
[10:23:01] Top card: 
[10:23:01] Top card: 
[10:23:01] Top card: 
[10:23:01] Top card: 
[10:23:01] Top card: 
[10:23:01] Top card: 
[10:23:01] Top card: 
[10:23:01] Top card: 
[10:23:01] Top card: 
[10:23:01] Top card: 
[10:23:01] Top card: 
[10:23:01] Top card: 
[10:23:01] Top card: 
[10:23:01] Top card: 
[10:23:01] Top card: 
[10:23:01] Top card: 
[10:23:01] Top card: 
[10:23:01] Top card: 
[10:23:01] Top card: 
[10:23:01] hello from discard for loop
[10:23:01] hello from discard if statment
[10:23:01] hello from discard while loop
[10:23:01] Top card: 
[10:23:01] Delt cards
[10:23:01] Top card: Red_8(Clone) (UnityEngine.GameObject)
[05:30:54] Top card: 
[05:30:54] Delt cards
[05:30:54] Player: Played Blue_3(Clone) (UnityEngine.GameObject)
[05:30:54] Turns: 1
[05:30:54] Turns: 1
[05:30:54] Top card: Blue_3(Clone) (UnityEngine.GameObject)
[05:30:54] Top card: Blue_3(Clone) (CardProperties)
[05:30:54] Enemy 1: Yellow_9(Clone) (UnityEngine.GameObject) (Card 0) did not match
[05:30:54] Enemy 1: Green_6(Clone) (UnityEngine.GameObject) (Card 1) did not match
[05:30:54] Enemy 1: Red_D(Clone) (UnityEngine.GameObject) (Card 2) did not match
[05:30:54] Enemy 1: Played Blue_5(Clone) (UnityEngine.GameObject) (Card 3)
[05:30:54] Turns: 2
[05:30:54] Top card: Blue_5(Clone) (UnityEngine.GameObject)
[05:30:54] Top card: Blue_5(Clone) (CardProperties)
[05:30:54] Enemy 2: CardW(Clone) (UnityEngine.GameObject) (Card 0) did not match
[05:30:54] Enemy 2: Green_6(Clone) (UnityEngine.GameObject) (Card 1) did not match
[05:30:54] Enemy 2: Green_3(Clone) (UnityEngine.GameObject) (Card 2) did not match
[05:30:54] Enemy 2: Played Red_5(Clone) (UnityEngine.GameObject) (Card 3)
[05:30:54] Turns: 3
[05:30:54] Top card: Red_5(Clone) (UnityEngine.GameObject)
[05:30:54] Top card: Red_5(Clone) (CardProperties)
[05:30:54] Enemy 3: Played Red_4(Clone) (UnityEngine.GameObject) (Card 0)
[05:30:54] Turns: 0
[05:30:54] Player: Played Red_7(Clone) (UnityEngine.GameObject)
[05:30:54] Turns: 1
[05:30:54] Turns: 1
[05:30:54] Top card: Red_7(Clone) (UnityEngine.GameObject)
[05:30:54] Top card: Red_7(Clone) (CardProperties)
[05:30:54] Enemy 1: Yellow_9(Clone) (UnityEngine.GameObject) (Card 0) did not match
[05:30:54] Enemy 1: Green_6(Clone) (UnityEngine.GameObject) (Card 1) did not match
[05:30:54] Enemy 1: Played Red_D(Clone) (UnityEngine.GameObject) (Card 2)
[05:30:54] Turns: 2
[05:30:54] Top card: Red_D(Clone) (UnityEngine.GameObject)
[05:30:54] Top Deck Card:Yellow_5(Clone) (UnityEngine.GameObject)
[05:30:54] Enemy 2: Drew Yellow_5(Clone) (UnityEngine.GameObject)
[05:30:54] Top Deck Card:Yellow_5(Clone) (UnityEngine.GameObject)
[05:30:54] Enemy 2: Drew Yellow_5(Clone) (UnityEngine.GameObject)
[05:30:54] Enemy 2: Drew 2 cards
[05:30:54] Skipped Enemy 2
[05:30:54] Top card: Red_D(Clone) (UnityEngine.GameObject)
[05:30:54] Top card: Red_D(Clone) (CardProperties)
[05:30:54] Enemy 3: Played Red_6(Clone) (UnityEngine.GameObject) (Card 0)
[05:30:54] Turns: 0
[05:30:54] Player: Played Yellow_1(Clone) (UnityEngine.GameObject)
[05:30:54] Turns: 1
[05:30:54] Turns: 1
[05:30:54] Top card: Yellow_1(Clone) (UnityEngine.GameObject)
[05:30:54] Top card: Yellow_1(Clone) (CardProperties)
[05:30:54] Enemy 1: Played Yellow_9(Clone) (UnityEngine.GameObject) (Card 0)
[05:30:54] Turns: 2
[05:30:54] Top card: Yellow_9(Clone) (UnityEngine.GameObject)
[05:30:54] Top card: Yellow_9(Clone) (CardProperties)
[05:30:54] Enemy 2: CardW(Clone) (UnityEngine.GameObject) (Card 0) did not match
[05:30:54] Enemy 2: Green_6(Clone) (UnityEngine.GameObject) (Card 1) did not match
[05:30:54] Enemy 2: Green_3(Clone) (UnityEngine.GameObject) (Card 2) did not match
[05:30:54] Enemy 2: Played Yellow_7(Clone) (UnityEngine.GameObject) (Card 3)
[05:30:54] Turns: 3
[05:30:54] Top card: Yellow_7(Clone) (UnityEngine.GameObject)
[05:30:54] Top card: Yellow_7(Clone) (CardProperties)
[05:30:54] Enemy 3: Red_8(Clone) (UnityEngine.GameObject) (Card 0) did not match
[05:30:54] Enemy 3: Red_2(Clone) (UnityEngine.GameObject) (Card 1) did not match
[05:30:54] Enemy 3: Played Yellow_6(Clone) (UnityEngine.GameObject) (Card 2)
[05:30:54] Turns: 0
[09:53:22] Top card: 
[09:53:22] Delt cards
[09:53:22] Player: Played Red_0
[09:53:22] Turns: 1
[09:53:22] Turns: 1
[09:53:22] Top card: Red_0(Clone) (UnityEngine.GameObject)
[09:53:22] Top card: Red_0(Clone) (CardProperties)
[09:53:22] Enemy 1: CardW(Clone) (UnityEngine.GameObject) (Card 0) did not match
[09:53:22] Enemy 1: Played Red_3(Clone) (UnityEngine.GameObject) (Card 1)
[09:53:22] Turns: 2
[09:53:22] Top card: Red_3(Clone) (UnityEngine.GameObject)
[09:53:22] Top card: Red_3(Clone) (CardProperties)
[09:53:22] Enemy 2: Yellow_2(Clone) (UnityEngine.GameObject) (Card 0) did not match
[09:53:22] Enemy 2: Blue_4(Clone) (UnityEngine.GameObject) (Card 1) did not match
[09:53:22] Enemy 2: Green_9(Clone) (UnityEngine.GameObject) (Card 2) did not match
[09:53:22] Enemy 2: Green_5(Clone) (UnityEngine.GameObject) (Card 3) did not match
[09:53:22] Enemy 2: Yellow_7(Clone) (UnityEngine.GameObject) (Card 4) did not match
[09:53:22] Enemy 2: Green_4(Clone) (UnityEngine.GameObject) (Card 5) did not match
[09:53:22] Enemy 2: Yellow_9(Clone) (UnityEngine.GameObject) (Card 6) did not match
[09:53:22] HasFoundMatch = False
[09:53:22] Top Deck Card:Yellow_0(Clone) (UnityEngine.GameObject)
[09:53:22] Enemy 2: Drew Yellow_0(Clone) (UnityEngine.GameObject)
[09:53:22] Enemy 2: Drew 1 cards
[09:53:22] Turns: 3
[09:53:22] Top card: Red_3(Clone) (UnityEngine.GameObject)
[09:53:22] Top card: Red_3(Clone) (CardProperties)
[09:53:22] Enemy 3: Blue_7(Clone) (UnityEngine.GameObject) (Card 0) did not match
[09:53:22] Enemy 3: Played Red_4(Clone) (UnityEngine.GameObject) (Card 1)
[09:53:22] Turns: 0
[09:53:22] Player: Played Blue_5
[09:53:22] Turns: 1
[09:53:22] Turns: 1
[09:53:22] Top card: Blue_5(Clone) (UnityEngine.GameObject)
[09:53:22] Top card: Blue_5(Clone) (CardProperties)
[09:53:22] Enemy 1: CardW(Clone) (UnityEngine.GameObject) (Card 0) did not match
[09:53:22] Enemy 1: Yellow_9(Clone) (UnityEngine.GameObject) (Card 1) did not match
[09:53:22] Enemy 1: Played Yellow_5(Clone) (UnityEngine.GameObject) (Card 2)
[09:53:22] Turns: 2
[09:53:22] Top card: Yellow_5(Clone) (UnityEngine.GameObject)
[09:53:22] Top card: Yellow_5(Clone) (CardProperties)
[09:53:22] Enemy 2: Played Yellow_2(Clone) (UnityEngine.GameObject) (Card 0)
[09:53:22] Turns: 3
[09:53:22] Top card: Yellow_2(Clone) (UnityEngine.GameObject)
[09:53:22] Top card: Yellow_2(Clone) (CardProperties)
[09:53:22] Enemy 3: Blue_7(Clone) (UnityEngine.GameObject) (Card 0) did not match
[09:53:22] Enemy 3: Green_D(Clone) (UnityEngine.GameObject) (Card 1) did not match
[09:53:22] Enemy 3: Blue_8(Clone) (UnityEngine.GameObject) (Card 2) did not match
[09:53:22] Enemy 3: Blue_S(Clone) (UnityEngine.GameObject) (Card 3) did not match
[09:53:22] Enemy 3: Green_3(Clone) (UnityEngine.GameObject) (Card 4) did not match
[09:53:22] Enemy 3: Played Green_2(Clone) (UnityEngine.GameObject) (Card 5)
[09:53:22] Turns: 0
[09:53:22] Player: Played Green_2
[09:53:22] Turns: 1
[09:53:22] Turns: 1
[09:53:22] Top card: Green_2(Clone) (UnityEngine.GameObject)
[09:53:22] Top card: Green_2(Clone) (CardProperties)
[09:53:22] Enemy 1: CardW(Clone) (UnityEngine.GameObject) (Card 0) did not match
[09:53:22] Enemy 1: Yellow_9(Clone) (UnityEngine.GameObject) (Card 1) did not match
[09:53:22] Enemy 1: Blue_R(Clone) (UnityEngine.GameObject) (Card 2) did not match
[09:53:22] Enemy 1: Blue_9(Clone) (UnityEngine.GameObject) (Card 3) did not match
[09:53:22] Enemy 1: Red_3(Clone) (UnityEngine.GameObject) (Card 4) did not match
[09:53:22] HasFoundMatch = False
[09:53:22] Top Deck Card:Green_3(Clone) (UnityEngine.GameObject)
[09:53:22] Enemy 1: Drew Green_3(Clone) (UnityEngine.GameObject)
[09:53:22] Enemy 1: Drew 1 cards
[09:53:22] Turns: 2
[09:53:22] Top card: Green_2(Clone) (UnityEngine.GameObject)
[09:53:22] Top card: Green_2(Clone) (CardProperties)
[09:53:22] Enemy 2: Blue_4(Clone) (UnityEngine.GameObject) (Card 0) did not match
[09:53:22] Enemy 2: Played Green_9(Clone) (UnityEngine.GameObject) (Card 1)
[09:53:22] Turns: 3
[09:53:22] Top card: Green_9(Clone) (UnityEngine.GameObject)
[09:53:22] Top card: Green_9(Clone) (CardProperties)
[09:53:22] Enemy 3: Blue_7(Clone) (UnityEngine.GameObject) (Card 0) did not match
[09:53:22] Enemy 3: Played Green_D(Clone) (UnityEngine.GameObject) (Card 1)
[09:53:22] Turns: 0
[09:53:22] Player: Played Yellow_4
[09:53:22] Turns: 1
[09:53:22] Turns: 1
[09:53:22] Top card: Yellow_4(Clone) (UnityEngine.GameObject)
[09:53:22] Top card: Yellow_4(Clone) (CardProperties)
[09:53:22] Enemy 1: CardW(Clone) (UnityEngine.GameObject) (Card 0) did not match
[09:53:22] Enemy 1: Played Yellow_9(Clone) (UnityEngine.GameObject) (Card 1)
[09:53:22] Turns: 2
[09:53:22] Top card: Yellow_9(Clone) (UnityEngine.GameObject)
[09:53:22] Top card: Yellow_9(Clone) (CardProperties)
[09:53:22] Enemy 2: Blue_4(Clone) (UnityEngine.GameObject) (Card 0) did not match
[09:53:22] Enemy 2: Green_5(Clone) (UnityEngine.GameObject) (Card 1) did not match
[09:53:22] Enemy 2: Played Yellow_7(Clone) (UnityEngine.GameObject) (Card 2)
[09:53:22] Turns: 3
[09:53:22] Top card: Yellow_7(Clone) (UnityEngine.GameObject)
[09:53:22] Top card: Yellow_7(Clone) (CardProperties)
[09:53:22] Enemy 3: Played Blue_7(Clone) (UnityEngine.GameObject) (Card 0)
[09:53:22] Turns: 0
[09:53:22] Player: Played Blue_D
[09:53:22] Turns: 1
[09:53:22] Turns: 1
[09:53:22] Top card: Blue_D(Clone) (UnityEngine.GameObject)
[09:53:22] Top Deck Card:Red_R(Clone) (UnityEngine.GameObject)
[09:53:22] Enemy 1: Drew Red_R(Clone) (UnityEngine.GameObject)
[09:53:22] Top Deck Card:CardW(Clone) (UnityEngine.GameObject)
[09:53:22] Enemy 1: Drew CardW(Clone) (UnityEngine.GameObject)
[09:53:22] Enemy 1: Drew 2 cards
[09:53:22] Skipped Enemy 1
[09:53:22] Top card: Blue_D(Clone) (UnityEngine.GameObject)
[09:53:22] Top card: Blue_D(Clone) (CardProperties)
[09:53:22] Enemy 2: Played Blue_4(Clone) (UnityEngine.GameObject) (Card 0)
[09:53:22] Turns: 3
[09:53:22] Top card: Blue_4(Clone) (UnityEngine.GameObject)
[09:53:22] Top card: Blue_4(Clone) (CardProperties)
[09:53:22] Enemy 3: Played Blue_8(Clone) (UnityEngine.GameObject) (Card 0)
[09:53:22] Turns: 0
[09:53:22] Player: Played Green_S
[09:53:22] Turns: 1
[09:53:22] Turns: 1
[09:53:22] Top card: Green_S(Clone) (UnityEngine.GameObject)
[09:53:22] Skipped Enemy 1
[09:53:22] Top card: Green_S(Clone) (UnityEngine.GameObject)
[09:53:22] Top card: Green_S(Clone) (CardProperties)
[09:53:22] Enemy 2: Played Green_5(Clone) (UnityEngine.GameObject) (Card 0)
[09:53:22] Turns: 3
[09:53:22] Top card: Green_5(Clone) (UnityEngine.GameObject)
[09:53:22] Top card: Green_5(Clone) (CardProperties)
[09:53:22] Enemy 3: Blue_S(Clone) (UnityEngine.GameObject) (Card 0) did not match
[09:53:22] Enemy 3: Played Green_3(Clone) (UnityEngine.GameObject) (Card 1)
[09:53:22] Turns: 0
[09:53:22] Player: Played Blue_S
[09:53:22] Turns: 1
[09:53:22] Turns: 1
[09:53:22] Top card: Blue_S(Clone) (UnityEngine.GameObject)
[09:53:22] Skipped Enemy 1
[09:53:22] Top card: Blue_S(Clone) (UnityEngine.GameObject)
[09:53:22] Top card: Blue_S(Clone) (CardProperties)
[09:53:22] Enemy 2: Green_4(Clone) (UnityEngine.GameObject) (Card 0) did not match
[09:53:22] Enemy 2: Yellow_9(Clone) (UnityEngine.GameObject) (Card 1) did not match
[09:53:22] Enemy 2: Yellow_0(Clone) (UnityEngine.GameObject) (Card 2) did not match
[09:53:22] HasFoundMatch = False
[09:53:22] Top Deck Card:Red_1(Clone) (UnityEngine.GameObject)
[09:53:22] Enemy 2: Drew Red_1(Clone) (UnityEngine.GameObject)
[09:53:22] Enemy 2: Drew 1 cards
[09:53:22] Turns: 3
[09:53:22] Top card: Blue_S(Clone) (UnityEngine.GameObject)
[09:53:22] Top card: Blue_S(Clone) (CardProperties)
[09:53:22] Enemy 3: Played Blue_S(Clone) (UnityEngine.GameObject) (Card 0)
[09:53:22] Turns: 0
