[11:41:26]Top card: 
[11:41:26]Top card: Blue_S(Clone) (UnityEngine.GameObject)
[11:41:26]Top card: Blue_S(Clone) (UnityEngine.GameObject)
[11:41:26]Top card: Blue_S(Clone) (UnityEngine.GameObject)
[11:41:26]Top card: Blue_S(Clone) (UnityEngine.GameObject)
[11:41:26]Top card: Blue_S(Clone) (UnityEngine.GameObject)
[11:41:26]Top card: Blue_S(Clone) (UnityEngine.GameObject)
[11:41:26]Top card: Blue_S(Clone) (UnityEngine.GameObject)
[11:41:26]Top card: Blue_S(Clone) (UnityEngine.GameObject)
[11:41:26]Top card: Blue_S(Clone) (UnityEngine.GameObject)
[11:41:26]Top card: Blue_S(Clone) (UnityEngine.GameObject)
[11:41:26]Top card: Blue_S(Clone) (UnityEngine.GameObject)
[11:41:26]Top card: Blue_S(Clone) (UnityEngine.GameObject)
[11:41:26]Top card: Blue_S(Clone) (UnityEngine.GameObject)
[11:41:26]Top card: Blue_S(Clone) (UnityEngine.GameObject)
[11:41:26]Top card: Blue_S(Clone) (UnityEngine.GameObject)
[11:41:26]Top card: Blue_S(Clone) (UnityEngine.GameObject)
[11:41:26]Top card: Blue_S(Clone) (UnityEngine.GameObject)
[11:41:26]Top card: Blue_S(Clone) (UnityEngine.GameObject)
[11:41:26]Top card: Blue_S(Clone) (UnityEngine.GameObject)
[11:41:26]Top card: Blue_S(Clone) (UnityEngine.GameObject)
[11:41:26]Top card: Blue_S(Clone) (UnityEngine.GameObject)
[11:41:26]Top card: Blue_S(Clone) (UnityEngine.GameObject)
[11:41:26]Top card: Blue_S(Clone) (UnityEngine.GameObject)
[11:41:26]Top card: Blue_S(Clone) (UnityEngine.GameObject)
[11:41:26]Top card: Blue_S(Clone) (UnityEngine.GameObject)
[11:41:26]Top card: Blue_S(Clone) (UnityEngine.GameObject)
[11:41:26]Top card: Blue_S(Clone) (UnityEngine.GameObject)
[11:41:26]Top card: Blue_S(Clone) (UnityEngine.GameObject)
[11:41:26]Player: played card
[11:41:26]Turns: 1
[11:41:26]DiscardCounter: 1
[11:41:26]Top card: Blue_9(Clone) (UnityEngine.GameObject)
[11:41:26]Top card: Blue_9(Clone) (UnityEngine.GameObject)
[11:41:26]Turns: 2
[11:41:26]Enemy 1: Played Blue_S(Clone) (UnityEngine.GameObject) (Card 0)
[11:41:26]Top card: Blue_S(Clone) (UnityEngine.GameObject)
[11:41:26]Turns: 3
[11:41:26]Top card: Blue_S(Clone) (UnityEngine.GameObject)
[11:41:26]Top card: Blue_S(Clone) (UnityEngine.GameObject)
[11:41:26]Enemy 3: Red_3(Clone) (UnityEngine.GameObject) (Card 0) did not match
[11:41:26]Enemy 3: Red_9(Clone) (UnityEngine.GameObject) (Card 1) did not match
[11:41:26]Turns: 0
[11:41:26]Enemy 3: Played Blue_0(Clone) (UnityEngine.GameObject) (Card 2)
[11:41:26]Player: played card
[11:41:26]Turns: 1
[11:41:26]DiscardCounter: 1
[11:41:26]Top card: Blue_8(Clone) (UnityEngine.GameObject)
[11:41:26]Top card: Blue_8(Clone) (UnityEngine.GameObject)
[11:41:26]Turns: 2
[11:41:26]Enemy 1: Played Blue_S(Clone) (UnityEngine.GameObject) (Card 0)
[11:41:26]Top card: Blue_S(Clone) (UnityEngine.GameObject)
[11:41:26]Top card: Blue_S(Clone) (UnityEngine.GameObject)
[11:41:26]Enemy 2: CardW(Clone) (UnityEngine.GameObject) (Card 0) did not match
[11:41:26]Turns: 3
[11:41:26]Enemy 2: Played Blue_6(Clone) (UnityEngine.GameObject) (Card 1)
[11:41:26]Top card: Blue_6(Clone) (UnityEngine.GameObject)
[11:41:26]Top card: Blue_6(Clone) (UnityEngine.GameObject)
[11:41:26]Enemy 3: Red_3(Clone) (UnityEngine.GameObject) (Card 0) did not match
[11:41:26]Enemy 3: Red_9(Clone) (UnityEngine.GameObject) (Card 1) did not match
[11:41:26]Turns: 0
[11:41:26]Enemy 3: Played Blue_0(Clone) (UnityEngine.GameObject) (Card 2)
