[12:04:08] Top card: 
[12:04:08] Delt cards
[04:54:27] Top card: 
[04:54:27] Delt cards
[04:54:27] Player: Played Green_R(Clone) (UnityEngine.GameObject)
[04:54:27] Turns: 3
[04:54:27] Turns: 3
[04:54:27] Top card: Green_R(Clone) (UnityEngine.GameObject)
[04:54:27] Top card: Green_R(Clone) (CardProperties)
[04:54:27] Enemy 3: Red_7(Clone) (UnityEngine.GameObject) (Card 0) did not match
[04:54:27] Enemy 3: Red_7(Clone) (UnityEngine.GameObject) (Card 1) did not match
[04:54:27] Enemy 3: Yellow_6(Clone) (UnityEngine.GameObject) (Card 2) did not match
[04:54:27] Enemy 3: CardW4(Clone) (UnityEngine.GameObject) (Card 3) did not match
[04:54:27] Enemy 3: Blue_7(Clone) (UnityEngine.GameObject) (Card 4) did not match
[04:54:27] Enemy 3: Red_4(Clone) (UnityEngine.GameObject) (Card 5) did not match
[04:54:27] Enemy 3: Blue_9(Clone) (UnityEngine.GameObject) (Card 6) did not match
[04:54:27] HasFoundMatch = False
[04:54:27] Top Deck Card:Yellow_3(Clone) (UnityEngine.GameObject)
[04:54:27] Enemy 3: Drew Yellow_3(Clone) (UnityEngine.GameObject)
[04:54:27] Enemy 3: Drew 1 cards
[04:54:27] Turns: 2
[04:54:27] Top card: Green_R(Clone) (UnityEngine.GameObject)
[04:54:27] Top card: Green_R(Clone) (CardProperties)
[04:54:27] Enemy 2: Yellow_1(Clone) (UnityEngine.GameObject) (Card 0) did not match
[04:54:27] Enemy 2: Yellow_4(Clone) (UnityEngine.GameObject) (Card 1) did not match
[04:54:27] Enemy 2: Blue_6(Clone) (UnityEngine.GameObject) (Card 2) did not match
[04:54:27] Enemy 2: Played Green_9(Clone) (UnityEngine.GameObject) (Card 3)
[04:54:27] Turns: 1
[04:54:27] Top card: Green_9(Clone) (UnityEngine.GameObject)
[04:54:27] Top card: Green_9(Clone) (CardProperties)
[04:54:27] Enemy 1: Red_5(Clone) (UnityEngine.GameObject) (Card 0) did not match
[04:54:27] Enemy 1: Blue_D(Clone) (UnityEngine.GameObject) (Card 1) did not match
[04:54:27] Enemy 1: Blue_3(Clone) (UnityEngine.GameObject) (Card 2) did not match
[04:54:27] Enemy 1: Red_D(Clone) (UnityEngine.GameObject) (Card 3) did not match
[04:54:27] Enemy 1: Played Green_D(Clone) (UnityEngine.GameObject) (Card 4)
[04:54:27] Turns: 0
