[02:41:36] Top card: 
[02:41:36] Player: Played CardW
[02:41:36] Wild Menu shown
[02:41:36] Turns: 1
[02:41:36] Turns: 1
[09:11:41] Top card: 
[09:11:41] Delt cards
[09:11:41] Player: Played CardW
[09:11:41] Made it this far (TurnManager)
[09:11:41] Wild Menu shown
[09:11:41] Turns: 1
[09:11:41] Turns: 1
[09:11:41] Player called Red
[09:11:41] Wild Menu hidden
[09:11:41] Top card: CardW(Clone) (UnityEngine.GameObject)
[09:11:41] Top card: CardW(Clone) (CardProperties)
[09:11:41] Enemy 1: CardW4(Clone) (UnityEngine.GameObject) (Card 0) did not match
[09:11:41] Enemy 1: Yellow_9(Clone) (UnityEngine.GameObject) (Card 1) did not match
[09:11:41] Enemy 1: Yellow_0(Clone) (UnityEngine.GameObject) (Card 2) did not match
[09:11:41] Enemy 1: Blue_4(Clone) (UnityEngine.GameObject) (Card 3) did not match
[09:11:41] Enemy 1: Green_6(Clone) (UnityEngine.GameObject) (Card 4) did not match
[09:11:41] Enemy 1: Played Red_9(Clone) (UnityEngine.GameObject) (Card 5)
[09:11:41] Turns: 2
[09:11:41] Top card: Red_9(Clone) (UnityEngine.GameObject)
[09:11:41] Top card: Red_9(Clone) (CardProperties)
[09:11:41] Enemy 2: Played Red_3(Clone) (UnityEngine.GameObject) (Card 0)
[09:11:41] Turns: 3
[09:11:41] Top card: Red_3(Clone) (UnityEngine.GameObject)
[09:11:41] Top card: Red_3(Clone) (CardProperties)
[09:11:41] Enemy 3: Blue_6(Clone) (UnityEngine.GameObject) (Card 0) did not match
[09:11:41] Enemy 3: CardW4(Clone) (UnityEngine.GameObject) (Card 1) did not match
[09:11:41] Enemy 3: Blue_2(Clone) (UnityEngine.GameObject) (Card 2) did not match
[09:11:41] Enemy 3: Blue_9(Clone) (UnityEngine.GameObject) (Card 3) did not match
[09:11:41] Enemy 3: CardW4(Clone) (UnityEngine.GameObject) (Card 4) did not match
[09:11:41] Enemy 3: Played Red_2(Clone) (UnityEngine.GameObject) (Card 5)
[09:11:41] Turns: 0
