[01:55:04] Top card: 
[01:55:04] Delt cards
[01:55:04] Top card: Red_7(Clone) (UnityEngine.GameObject)
[01:55:04] Top card: Red_7(Clone) (UnityEngine.GameObject)
[01:55:04] Top card: Red_7(Clone) (UnityEngine.GameObject)
[01:55:04] Top card: Red_7(Clone) (UnityEngine.GameObject)
[01:55:04] Top card: Red_7(Clone) (UnityEngine.GameObject)
[01:55:04] Top card: Red_7(Clone) (UnityEngine.GameObject)
[01:55:04] Top card: Red_7(Clone) (UnityEngine.GameObject)
[01:55:04] Top card: Red_7(Clone) (UnityEngine.GameObject)
[01:55:04] Top card: Red_7(Clone) (UnityEngine.GameObject)
[01:55:04] Top card: Red_7(Clone) (UnityEngine.GameObject)
[01:55:04] Top card: Red_7(Clone) (UnityEngine.GameObject)
[01:55:04] Top card: Red_7(Clone) (UnityEngine.GameObject)
[01:55:04] Top card: Red_7(Clone) (UnityEngine.GameObject)
[01:55:04] Top card: Red_7(Clone) (UnityEngine.GameObject)
[01:55:04] Top card: Red_7(Clone) (UnityEngine.GameObject)
[01:55:04] Top card: Red_7(Clone) (UnityEngine.GameObject)
[01:55:04] Top card: Red_7(Clone) (UnityEngine.GameObject)
[01:55:04] Top card: Red_7(Clone) (UnityEngine.GameObject)
[01:55:04] Top card: Red_7(Clone) (UnityEngine.GameObject)
[01:55:04] Top card: Red_7(Clone) (UnityEngine.GameObject)
[01:55:04] Top card: Red_7(Clone) (UnityEngine.GameObject)
[01:55:04] Top card: Red_7(Clone) (UnityEngine.GameObject)
[01:55:04] Top card: Red_7(Clone) (UnityEngine.GameObject)
[01:55:04] Top card: Red_7(Clone) (UnityEngine.GameObject)
[01:55:04] Top card: Red_7(Clone) (UnityEngine.GameObject)
[01:55:04] Top card: Red_7(Clone) (UnityEngine.GameObject)
[01:55:04] Top card: Red_7(Clone) (UnityEngine.GameObject)
[01:55:04] Top card: Red_7(Clone) (UnityEngine.GameObject)
[01:55:04] Turns: 1
[01:55:04] Player: Played Blue_3(Clone) (UnityEngine.GameObject)
[01:55:04] Turns: 1
[01:55:04] DiscardCounter: 1
[01:55:04] Top card: Blue_3(Clone) (UnityEngine.GameObject)
[01:55:04] Top card: Blue_3(Clone) (UnityEngine.GameObject)
[01:55:04] Enemy 1: Green_8(Clone) (UnityEngine.GameObject) (Card 0) did not match
[01:55:04] Turns: 2
[01:55:04] Enemy 1: Yellow_R(Clone) (UnityEngine.GameObject) (Card 1) did not match
[01:55:04] Turns: 3
[01:55:04] Enemy 1: Green_D(Clone) (UnityEngine.GameObject) (Card 2) did not match
[01:55:04] Enemy 1: Played Blue_4(Clone) (UnityEngine.GameObject) (Card 3)
[01:55:04] Turns: 4
[05:47:18] Top card: 
[05:47:18] Delt cards
[05:47:18] Top card: 
[05:47:18] Top card: 
[05:47:18] Top card: 
[05:47:18] Top card: 
[05:47:18] Top card: 
[05:47:18] Top card: 
[05:47:18] Top card: 
[05:47:18] Top card: 
[05:47:18] Top card: 
[05:47:18] Top card: 
[05:47:18] Top card: 
[05:47:18] Top card: 
[05:47:18] Top card: 
[05:47:18] Top card: 
[05:47:18] Top card: 
[05:47:18] Top card: 
[05:47:18] Top card: 
[05:47:18] Top card: 
[05:47:18] Top card: 
[05:47:18] Top card: 
[05:47:18] Player: Played CardW(Clone) (UnityEngine.GameObject)
[05:47:18] Player: Played CardW4(Clone) (UnityEngine.GameObject)
