[05:24:30] Top card: 
[05:24:30] Delt cards
[05:24:30] Player: Played Blue_3
[05:24:30] Turns: 1
[05:24:30] Turns: 1
[05:24:30] Top card: Blue_3(Clone) (UnityEngine.GameObject)
[05:24:30] Top card: Blue_3(Clone) (CardProperties)
[05:24:30] Enemy 1: Played Blue_S(Clone) (UnityEngine.GameObject) (Card 0)
[05:24:30] Turns: 2
[05:24:30] Top card: Blue_S(Clone) (UnityEngine.GameObject)
[05:24:30] Skipped Enemy 2
[05:24:30] Top card: Blue_S(Clone) (UnityEngine.GameObject)
[05:24:30] Top card: Blue_S(Clone) (CardProperties)
[05:24:30] Enemy 3: CardW4(Clone) (UnityEngine.GameObject) (Card 0) did not match
[05:24:30] Enemy 3: Green_3(Clone) (UnityEngine.GameObject) (Card 1) did not match
[05:24:30] Enemy 3: Played Blue_2(Clone) (UnityEngine.GameObject) (Card 2)
[05:24:30] Turns: 0
[05:24:30] Player: Played Blue_3
[05:24:30] Turns: 1
[05:24:30] Turns: 1
[05:24:30] Top card: Blue_3(Clone) (UnityEngine.GameObject)
[05:24:30] Top card: Blue_3(Clone) (CardProperties)
[05:24:30] Enemy 1: Yellow_8(Clone) (UnityEngine.GameObject) (Card 0) did not match
[05:24:30] Enemy 1: Yellow_5(Clone) (UnityEngine.GameObject) (Card 1) did not match
[05:24:30] Enemy 1: Red_D(Clone) (UnityEngine.GameObject) (Card 2) did not match
[05:24:30] Enemy 1: Played Blue_8(Clone) (UnityEngine.GameObject) (Card 3)
[05:24:30] Turns: 2
[05:24:30] Top card: Blue_8(Clone) (UnityEngine.GameObject)
[05:24:30] Top card: Blue_8(Clone) (CardProperties)
[05:24:30] Enemy 2: Green_7(Clone) (UnityEngine.GameObject) (Card 0) did not match
[05:24:30] Enemy 2: Played Blue_S(Clone) (UnityEngine.GameObject) (Card 1)
[05:24:30] Removed Blue_3(Clone) (UnityEngine.GameObject)
[05:24:30] Turns: 3
[05:24:30] Top card: Blue_S(Clone) (UnityEngine.GameObject)
[05:24:30] Skipped Enemy 3
[05:24:30] Player: Played Green_3
[05:24:30] Removed Blue_S(Clone) (UnityEngine.GameObject)
[05:24:30] Turns: 1
[05:24:30] Turns: 1
[05:24:30] Top card: Green_3(Clone) (UnityEngine.GameObject)
[05:24:30] Top card: Green_3(Clone) (CardProperties)
[05:24:30] Enemy 1: Yellow_8(Clone) (UnityEngine.GameObject) (Card 0) did not match
[05:24:30] Enemy 1: Yellow_5(Clone) (UnityEngine.GameObject) (Card 1) did not match
[05:24:30] Enemy 1: Red_D(Clone) (UnityEngine.GameObject) (Card 2) did not match
[05:24:30] Enemy 1: CardW4(Clone) (UnityEngine.GameObject) (Card 3) did not match
[05:24:30] Enemy 1: Blue_9(Clone) (UnityEngine.GameObject) (Card 4) did not match
[05:24:30] HasFoundMatch = False
[05:24:30] Top Deck Card:Red_R(Clone) (UnityEngine.GameObject)
[05:24:30] Enemy 1: Drew Red_R(Clone) (UnityEngine.GameObject)
[05:24:30] Enemy 1: Drew 1 cards
[05:24:30] Turns: 2
[05:24:30] Top card: Green_3(Clone) (UnityEngine.GameObject)
[05:24:30] Top card: Green_3(Clone) (CardProperties)
[05:24:30] Enemy 2: Played Green_7(Clone) (UnityEngine.GameObject) (Card 0)
[05:24:30] Removed Blue_2(Clone) (UnityEngine.GameObject)
[05:24:30] Turns: 3
[05:24:30] Top card: Green_7(Clone) (UnityEngine.GameObject)
[05:24:30] Top card: Green_7(Clone) (CardProperties)
[05:24:30] Enemy 3: CardW4(Clone) (UnityEngine.GameObject) (Card 0) did not match
[05:24:30] Enemy 3: Played Green_3(Clone) (UnityEngine.GameObject) (Card 1)
[05:24:30] Removed Blue_3(Clone) (UnityEngine.GameObject)
[05:24:30] Turns: 0
[05:24:30] Player: Played Green_1
[05:24:30] Removed Blue_8(Clone) (UnityEngine.GameObject)
[05:24:30] Turns: 1
[05:24:30] Turns: 1
[05:24:30] Top card: Green_1(Clone) (UnityEngine.GameObject)
[05:24:30] Top card: Green_1(Clone) (CardProperties)
[05:24:30] Enemy 1: Yellow_8(Clone) (UnityEngine.GameObject) (Card 0) did not match
[05:24:30] Enemy 1: Yellow_5(Clone) (UnityEngine.GameObject) (Card 1) did not match
[05:24:30] Enemy 1: Red_D(Clone) (UnityEngine.GameObject) (Card 2) did not match
[05:24:30] Enemy 1: CardW4(Clone) (UnityEngine.GameObject) (Card 3) did not match
[05:24:30] Enemy 1: Blue_9(Clone) (UnityEngine.GameObject) (Card 4) did not match
[05:24:30] Enemy 1: Red_R(Clone) (UnityEngine.GameObject) (Card 5) did not match
[05:24:30] HasFoundMatch = False
[05:24:30] Top Deck Card:Red_9(Clone) (UnityEngine.GameObject)
[05:24:30] Enemy 1: Drew Red_9(Clone) (UnityEngine.GameObject)
[05:24:30] Enemy 1: Drew 1 cards
[05:24:30] Turns: 2
[05:24:30] Top card: Green_1(Clone) (UnityEngine.GameObject)
[05:24:30] Top card: Green_1(Clone) (CardProperties)
[05:24:30] Enemy 2: Played Green_S(Clone) (UnityEngine.GameObject) (Card 0)
[05:24:30] Removed Blue_S(Clone) (UnityEngine.GameObject)
[05:24:30] Turns: 3
[05:24:30] Top card: Green_S(Clone) (UnityEngine.GameObject)
[05:24:30] Skipped Enemy 3
[05:24:30] Player: Played Red_8
[05:24:30] Removed Green_3(Clone) (UnityEngine.GameObject)
[05:24:30] Turns: 1
[05:24:30] Turns: 1
[05:24:30] Top card: Red_8(Clone) (UnityEngine.GameObject)
[05:24:30] Top card: Red_8(Clone) (CardProperties)
[05:24:30] Enemy 1: Played Yellow_8(Clone) (UnityEngine.GameObject) (Card 0)
[05:24:30] Removed Green_7(Clone) (UnityEngine.GameObject)
[05:24:30] Turns: 2
[05:24:30] Top card: Yellow_8(Clone) (UnityEngine.GameObject)
[05:24:30] Top card: Yellow_8(Clone) (CardProperties)
[05:24:30] Enemy 2: Blue_S(Clone) (UnityEngine.GameObject) (Card 0) did not match
[05:24:30] Enemy 2: Red_5(Clone) (UnityEngine.GameObject) (Card 1) did not match
[05:24:30] Enemy 2: Blue_1(Clone) (UnityEngine.GameObject) (Card 2) did not match
[05:24:30] Enemy 2: Blue_4(Clone) (UnityEngine.GameObject) (Card 3) did not match
[05:24:30] HasFoundMatch = False
[05:24:30] Top Deck Card:Green_6(Clone) (UnityEngine.GameObject)
[05:24:30] Enemy 2: Drew Green_6(Clone) (UnityEngine.GameObject)
[05:24:30] Enemy 2: Drew 1 cards
[05:24:30] Turns: 3
[05:24:30] Top card: Yellow_8(Clone) (UnityEngine.GameObject)
[05:24:30] Top card: Yellow_8(Clone) (CardProperties)
[05:24:30] Enemy 3: CardW4(Clone) (UnityEngine.GameObject) (Card 0) did not match
[05:24:30] Enemy 3: Blue_5(Clone) (UnityEngine.GameObject) (Card 1) did not match
[05:24:30] Enemy 3: Green_4(Clone) (UnityEngine.GameObject) (Card 2) did not match
[05:24:30] Enemy 3: CardW(Clone) (UnityEngine.GameObject) (Card 3) did not match
[05:24:30] Enemy 3: Played Yellow_2(Clone) (UnityEngine.GameObject) (Card 4)
[05:24:30] Removed Green_3(Clone) (UnityEngine.GameObject)
[05:24:30] Turns: 0
[05:24:30] Player: Played Red_6
[05:24:30] Removed Green_1(Clone) (UnityEngine.GameObject)
[05:24:30] Turns: 1
[05:24:30] Turns: 1
[05:24:30] Top card: Red_6(Clone) (UnityEngine.GameObject)
[05:24:30] Top card: Red_6(Clone) (CardProperties)
[05:24:30] Enemy 1: Yellow_5(Clone) (UnityEngine.GameObject) (Card 0) did not match
[05:24:30] Enemy 1: Played Red_D(Clone) (UnityEngine.GameObject) (Card 1)
[05:24:30] Removed Green_S(Clone) (UnityEngine.GameObject)
[05:24:30] Turns: 2
[05:24:30] Top card: Red_D(Clone) (UnityEngine.GameObject)
[05:24:30] Top Deck Card:Yellow_3(Clone) (UnityEngine.GameObject)
[05:24:30] Enemy 2: Drew Yellow_3(Clone) (UnityEngine.GameObject)
[05:24:30] Top Deck Card:Green_5(Clone) (UnityEngine.GameObject)
[05:24:30] Enemy 2: Drew Green_5(Clone) (UnityEngine.GameObject)
[05:24:30] Enemy 2: Drew 2 cards
[05:24:30] Skipped Enemy 2
[05:24:30] Top card: Red_D(Clone) (UnityEngine.GameObject)
[05:24:30] Top card: Red_D(Clone) (CardProperties)
[05:24:30] Enemy 3: CardW4(Clone) (UnityEngine.GameObject) (Card 0) did not match
[05:24:30] Enemy 3: Blue_5(Clone) (UnityEngine.GameObject) (Card 1) did not match
[05:24:30] Enemy 3: Green_4(Clone) (UnityEngine.GameObject) (Card 2) did not match
[05:24:30] Enemy 3: CardW(Clone) (UnityEngine.GameObject) (Card 3) did not match
[05:24:30] HasFoundMatch = False
[05:24:30] Top Deck Card:Red_1(Clone) (UnityEngine.GameObject)
[05:24:30] Enemy 3: Drew Red_1(Clone) (UnityEngine.GameObject)
[05:24:30] Enemy 3: Drew 1 cards
[05:24:30] Turns: 0
[05:24:30] Player: Played Red_R
[05:24:30] Removed Red_8(Clone) (UnityEngine.GameObject)
[05:24:30] Turns: 3
[05:24:30] Turns: 3
[05:24:30] Top card: Red_R(Clone) (UnityEngine.GameObject)
[05:24:30] Top card: Red_R(Clone) (CardProperties)
[05:24:30] Enemy 3: CardW4(Clone) (UnityEngine.GameObject) (Card 0) did not match
[05:24:30] Enemy 3: Blue_5(Clone) (UnityEngine.GameObject) (Card 1) did not match
[05:24:30] Enemy 3: Green_4(Clone) (UnityEngine.GameObject) (Card 2) did not match
[05:24:30] Enemy 3: CardW(Clone) (UnityEngine.GameObject) (Card 3) did not match
[05:24:30] Enemy 3: Played Red_1(Clone) (UnityEngine.GameObject) (Card 4)
[05:24:30] Removed Yellow_8(Clone) (UnityEngine.GameObject)
[05:24:30] Turns: 2
[05:24:30] Top card: Red_1(Clone) (UnityEngine.GameObject)
[05:24:30] Top card: Red_1(Clone) (CardProperties)
[05:24:30] Enemy 2: Blue_S(Clone) (UnityEngine.GameObject) (Card 0) did not match
[05:24:30] Enemy 2: Played Red_5(Clone) (UnityEngine.GameObject) (Card 1)
[05:24:30] Removed Yellow_2(Clone) (UnityEngine.GameObject)
[05:24:30] Turns: 1
[05:24:30] Top card: Red_5(Clone) (UnityEngine.GameObject)
[05:24:30] Top card: Red_5(Clone) (CardProperties)
[05:24:30] Enemy 1: Played Yellow_5(Clone) (UnityEngine.GameObject) (Card 0)
[05:24:30] Removed Red_6(Clone) (UnityEngine.GameObject)
[05:24:30] Turns: 0
