[08:24:44]Top card: 
[08:24:44]Top card: Yellow_8(Clone) (UnityEngine.GameObject)
[08:24:44]Top card: Yellow_8(Clone) (UnityEngine.GameObject)
[08:24:44]Top card: Yellow_8(Clone) (UnityEngine.GameObject)
[08:24:44]Top card: Yellow_8(Clone) (UnityEngine.GameObject)
[08:24:44]Top card: Yellow_8(Clone) (UnityEngine.GameObject)
[08:24:44]Top card: Yellow_8(Clone) (UnityEngine.GameObject)
[08:24:44]Top card: Yellow_8(Clone) (UnityEngine.GameObject)
[08:24:44]Top card: Yellow_8(Clone) (UnityEngine.GameObject)
[08:24:44]Top card: Yellow_8(Clone) (UnityEngine.GameObject)
[08:24:44]Top card: Yellow_8(Clone) (UnityEngine.GameObject)
[08:24:44]Top card: Yellow_8(Clone) (UnityEngine.GameObject)
[08:24:44]Top card: Yellow_8(Clone) (UnityEngine.GameObject)
[08:24:44]Top card: Yellow_8(Clone) (UnityEngine.GameObject)
[08:24:44]Top card: Yellow_8(Clone) (UnityEngine.GameObject)
[08:24:44]Top card: Yellow_8(Clone) (UnityEngine.GameObject)
[08:24:44]Top card: Yellow_8(Clone) (UnityEngine.GameObject)
[08:24:44]Top card: Yellow_8(Clone) (UnityEngine.GameObject)
[08:24:44]Top card: Yellow_8(Clone) (UnityEngine.GameObject)
[08:24:44]Top card: Yellow_8(Clone) (UnityEngine.GameObject)
[08:24:44]Top card: Yellow_8(Clone) (UnityEngine.GameObject)
[08:24:44]Top card: Yellow_8(Clone) (UnityEngine.GameObject)
[08:24:44]Top card: Yellow_8(Clone) (UnityEngine.GameObject)
[08:24:44]Top card: Yellow_8(Clone) (UnityEngine.GameObject)
[08:24:44]Top card: Yellow_8(Clone) (UnityEngine.GameObject)
[08:24:44]Top card: Yellow_8(Clone) (UnityEngine.GameObject)
[08:24:44]Top card: Yellow_8(Clone) (UnityEngine.GameObject)
[08:24:44]Top card: Yellow_8(Clone) (UnityEngine.GameObject)
[08:24:44]Top card: Yellow_8(Clone) (UnityEngine.GameObject)
[08:24:44]Player: played card
[08:24:44]Turns = 1
[08:24:44]DiscardCounter: 1
[08:24:44]Top card: Blue_7(Clone) (UnityEngine.GameObject)
[08:24:44]Top card: Blue_7(Clone) (UnityEngine.GameObject)
[08:24:44]Enemy 2: Yellow_D(Clone) (UnityEngine.GameObject) (Card 0) did not match
[08:24:44]Enemy 2: Played Blue_7(Clone) (UnityEngine.GameObject)
[08:24:44]Turns: 3
[08:24:44]Top card: Blue_7(Clone) (UnityEngine.GameObject)
[08:24:44]Enemy 3: Red_3(Clone) (UnityEngine.GameObject) (Card 0) did not match
[08:24:44]Enemy 3: Played Blue_3(Clone) (UnityEngine.GameObject)
[08:24:44]Turns: 4
