[06:03:45] Top card: 
[06:03:45] Delt cards
[06:03:45] Player: Played Red_D
[06:03:45] Player: Played Red_D(Clone) (UnityEngine.GameObject)
[06:03:45] Turns: 1
[06:03:45] Turns: 1
[06:03:45] Top card: Red_D(Clone) (UnityEngine.GameObject)
[06:03:45] Top Deck Card:Yellow_1(Clone) (UnityEngine.GameObject)
[06:03:45] Enemy 1: Drew Yellow_1(Clone) (UnityEngine.GameObject)
[06:03:45] Top Deck Card:Yellow_1(Clone) (UnityEngine.GameObject)
[06:03:45] Enemy 1: Drew Yellow_1(Clone) (UnityEngine.GameObject)
[06:03:45] Enemy 1: Drew 2 cards
[06:03:45] Skipped Enemy 1
[06:03:45] Top card: Red_D(Clone) (UnityEngine.GameObject)
[06:03:45] Top card: Red_D(Clone) (CardProperties)
[06:03:45] Enemy 2: Played Red_R(Clone) (UnityEngine.GameObject) (Card 0)
[06:03:45] Top card: Red_R(Clone) (CardProperties)
[06:03:45] Enemy 2: Played Red_R(Clone) (UnityEngine.GameObject) (Card 0)
[06:03:45] Turns: 1
[06:03:45] IsReversed: True
[06:03:45] Turns: 0
