[09:49:07]Top card: 
[09:49:07]Top card: Red_0(Clone) (UnityEngine.GameObject)
[09:49:07]Top card: Red_0(Clone) (UnityEngine.GameObject)
[09:49:07]Top card: Red_0(Clone) (UnityEngine.GameObject)
[09:49:07]Top card: Red_0(Clone) (UnityEngine.GameObject)
[09:49:07]Top card: Red_0(Clone) (UnityEngine.GameObject)
[09:49:07]Top card: Red_0(Clone) (UnityEngine.GameObject)
[09:49:07]Top card: Red_0(Clone) (UnityEngine.GameObject)
[09:49:07]Top card: Red_0(Clone) (UnityEngine.GameObject)
[09:49:07]Top card: Red_0(Clone) (UnityEngine.GameObject)
[09:49:07]Top card: Red_0(Clone) (UnityEngine.GameObject)
[09:49:07]Top card: Red_0(Clone) (UnityEngine.GameObject)
[09:49:07]Top card: Red_0(Clone) (UnityEngine.GameObject)
[09:49:07]Top card: Red_0(Clone) (UnityEngine.GameObject)
[09:49:07]Top card: Red_0(Clone) (UnityEngine.GameObject)
[09:49:07]Top card: Red_0(Clone) (UnityEngine.GameObject)
[09:49:07]Top card: Red_0(Clone) (UnityEngine.GameObject)
[09:49:07]Top card: Red_0(Clone) (UnityEngine.GameObject)
[09:49:07]Top card: Red_0(Clone) (UnityEngine.GameObject)
[09:49:07]Top card: Red_0(Clone) (UnityEngine.GameObject)
[09:49:07]Top card: Red_0(Clone) (UnityEngine.GameObject)
[09:49:07]Top card: Red_0(Clone) (UnityEngine.GameObject)
[09:49:07]Top card: Red_0(Clone) (UnityEngine.GameObject)
[09:49:07]Top card: Red_0(Clone) (UnityEngine.GameObject)
[09:49:07]Top card: Red_0(Clone) (UnityEngine.GameObject)
[09:49:07]Top card: Red_0(Clone) (UnityEngine.GameObject)
[09:49:07]Top card: Red_0(Clone) (UnityEngine.GameObject)
[09:49:07]Top card: Red_0(Clone) (UnityEngine.GameObject)
[09:49:07]Top card: Red_0(Clone) (UnityEngine.GameObject)
[09:49:07]Player: played card
[09:49:07]Turns = 1
[09:49:07]DiscardCounter: 1
[09:49:07]Top card: Red_8(Clone) (UnityEngine.GameObject)
[09:49:07]Top card: Red_8(Clone) (UnityEngine.GameObject)
[09:49:07]Enemy 1: Green_D(Clone) (UnityEngine.GameObject) (Card 0) did not match
[09:49:07]Enemy 1: Green_S(Clone) (UnityEngine.GameObject) (Card 1) did not match
[09:49:07]Enemy 1: Played Red_7(Clone) (UnityEngine.GameObject)(Card2)
[09:49:07]Turns: 2
[09:49:07]Top card: Red_7(Clone) (UnityEngine.GameObject)
[09:49:07]Top card: Red_7(Clone) (UnityEngine.GameObject)
[09:49:07]Enemy 2: Blue_1(Clone) (UnityEngine.GameObject) (Card 0) did not match
[09:49:07]Enemy 2: Yellow_5(Clone) (UnityEngine.GameObject) (Card 1) did not match
[09:49:07]Enemy 2: Yellow_9(Clone) (UnityEngine.GameObject) (Card 2) did not match
[09:49:07]Enemy 2: Played Red_9(Clone) (UnityEngine.GameObject)(Card3)
[09:49:07]Turns: 3
[09:49:07]Top card: Red_9(Clone) (UnityEngine.GameObject)
[09:49:07]Top card: Red_9(Clone) (UnityEngine.GameObject)
[09:49:07]Enemy 3: Blue_5(Clone) (UnityEngine.GameObject) (Card 0) did not match
[09:49:07]Enemy 3: Green_R(Clone) (UnityEngine.GameObject) (Card 1) did not match
[09:49:07]Enemy 3: Played Red_4(Clone) (UnityEngine.GameObject)(Card2)
[09:49:07]Turns: 4
