[03:05:20] Top card: 
[03:05:20] Delt cards
[03:05:20] Top card: Blue_8(Clone) (UnityEngine.GameObject)
[03:05:20] Top card: Blue_8(Clone) (UnityEngine.GameObject)
[03:05:20] Top card: Blue_8(Clone) (UnityEngine.GameObject)
[03:05:20] Top card: Blue_8(Clone) (UnityEngine.GameObject)
[03:05:20] Top card: Blue_8(Clone) (UnityEngine.GameObject)
[03:05:20] Top card: Blue_8(Clone) (UnityEngine.GameObject)
[03:05:20] Top card: Blue_8(Clone) (UnityEngine.GameObject)
[03:05:20] Top card: Blue_8(Clone) (UnityEngine.GameObject)
[03:05:20] Top card: Blue_8(Clone) (UnityEngine.GameObject)
[03:05:20] Top card: Blue_8(Clone) (UnityEngine.GameObject)
[03:05:20] Top card: Blue_8(Clone) (UnityEngine.GameObject)
[03:05:20] Top card: Blue_8(Clone) (UnityEngine.GameObject)
[03:05:20] Top card: Blue_8(Clone) (UnityEngine.GameObject)
[03:05:20] Top card: Blue_8(Clone) (UnityEngine.GameObject)
[03:05:20] Top card: Blue_8(Clone) (UnityEngine.GameObject)
[03:05:20] Top card: Blue_8(Clone) (UnityEngine.GameObject)
[03:05:20] Top card: Blue_8(Clone) (UnityEngine.GameObject)
[03:05:20] Top card: Blue_8(Clone) (UnityEngine.GameObject)
[03:05:20] Top card: Blue_8(Clone) (UnityEngine.GameObject)
[03:05:20] Top card: Blue_8(Clone) (UnityEngine.GameObject)
[03:05:20] Top card: Blue_8(Clone) (UnityEngine.GameObject)
[03:05:20] Top card: Blue_8(Clone) (UnityEngine.GameObject)
[03:05:20] Top card: Blue_8(Clone) (UnityEngine.GameObject)
[03:05:20] Top card: Blue_8(Clone) (UnityEngine.GameObject)
[03:05:20] Top card: Blue_8(Clone) (UnityEngine.GameObject)
[03:05:20] Top card: Blue_8(Clone) (UnityEngine.GameObject)
[03:05:20] Top card: Blue_8(Clone) (UnityEngine.GameObject)
[03:05:20] Top card: Blue_8(Clone) (UnityEngine.GameObject)
[03:05:20] Turns: 1
[03:05:20] Player: Played Blue_9(Clone) (UnityEngine.GameObject)
[03:05:20] Turns: 1
[03:05:20] DiscardCounter: 1
[03:05:20] Top card: Blue_9(Clone) (UnityEngine.GameObject)
[03:05:20] Top card: Blue_9(Clone) (UnityEngine.GameObject)
[03:05:20] Enemy 1: Yellow_R(Clone) (UnityEngine.GameObject) (Card 0) did not match
[03:05:20] Enemy 1: Played Blue_1(Clone) (UnityEngine.GameObject) (Card 1)
[03:05:20] Turns: 2
[03:05:20] Top card: Blue_1(Clone) (UnityEngine.GameObject)
[03:05:20] Top card: Blue_1(Clone) (UnityEngine.GameObject)
[03:05:20] Enemy 2: CardW4(Clone) (UnityEngine.GameObject) (Card 0) did not match
[03:05:20] Enemy 2: Yellow_8(Clone) (UnityEngine.GameObject) (Card 1) did not match
[03:05:20] Enemy 2: Red_R(Clone) (UnityEngine.GameObject) (Card 2) did not match
[03:05:20] Enemy 2: Played Blue_5(Clone) (UnityEngine.GameObject) (Card 3)
[03:05:20] Turns: 3
[03:05:20] Top card: Blue_5(Clone) (UnityEngine.GameObject)
[03:05:20] Top card: Blue_5(Clone) (UnityEngine.GameObject)
[03:05:20] Enemy 3: Green_2(Clone) (UnityEngine.GameObject) (Card 0) did not match
[03:05:20] Enemy 3: Played Green_5(Clone) (UnityEngine.GameObject) (Card 1)
[03:05:20] Turns: 0
[03:05:20] Turns: 1
[03:05:20] Player: Played Green_D(Clone) (UnityEngine.GameObject)
[03:05:20] Turns: 1
[03:05:20] DiscardCounter: 1
[03:05:20] Top card: Green_D(Clone) (UnityEngine.GameObject)
[03:05:20] Top Deck Card:CardW4(Clone) (UnityEngine.GameObject)
[03:05:20] Enemy 1: Drew CardW4(Clone) (UnityEngine.GameObject)
[03:05:20] Top Deck Card:Yellow_3(Clone) (UnityEngine.GameObject)
[03:05:20] Enemy 1: Drew Yellow_3(Clone) (UnityEngine.GameObject)
[03:05:20] Enemy 1: Drew 2 cards
[03:05:20] Skipped Enemy 1
[03:05:20] Top card: Green_D(Clone) (UnityEngine.GameObject)
[03:05:20] Top card: Green_D(Clone) (UnityEngine.GameObject)
[03:05:20] Enemy 2: CardW4(Clone) (UnityEngine.GameObject) (Card 0) did not match
[03:05:20] Enemy 2: Yellow_8(Clone) (UnityEngine.GameObject) (Card 1) did not match
[03:05:20] Enemy 2: Red_R(Clone) (UnityEngine.GameObject) (Card 2) did not match
[03:05:20] Enemy 2: Blue_5(Clone) (UnityEngine.GameObject) (Card 3) did not match
[03:05:20] Enemy 2: Red_6(Clone) (UnityEngine.GameObject) (Card 4) did not match
[03:05:20] Enemy 2: Blue_R(Clone) (UnityEngine.GameObject) (Card 5) did not match
[03:05:20] Top Deck Card:Green_3(Clone) (UnityEngine.GameObject)
[03:05:20] Enemy 2: Drew Green_3(Clone) (UnityEngine.GameObject)
[03:05:20] Enemy 2: Drew 1 cards
[03:05:20] Enemy 2: Does not have a match
[03:05:20] Top card: Green_D(Clone) (UnityEngine.GameObject)
[03:05:20] Enemy 2: CardW4(Clone) (UnityEngine.GameObject) (Card 0) did not match
[03:05:20] Enemy 2: Yellow_8(Clone) (UnityEngine.GameObject) (Card 1) did not match
[03:05:20] Enemy 2: Red_R(Clone) (UnityEngine.GameObject) (Card 2) did not match
[03:05:20] Enemy 2: Blue_5(Clone) (UnityEngine.GameObject) (Card 3) did not match
[03:05:20] Enemy 2: Red_6(Clone) (UnityEngine.GameObject) (Card 4) did not match
[03:05:20] Enemy 2: Blue_R(Clone) (UnityEngine.GameObject) (Card 5) did not match
[03:05:20] Enemy 2: Yellow_7(Clone) (UnityEngine.GameObject) (Card 6) did not match
[03:05:20] Enemy 2: Played Green_3(Clone) (UnityEngine.GameObject) (Card 7)
[03:05:20] Turns: 3
[03:05:20] Turns: 4
[05:12:04] Top card: 
[05:12:04] Delt cards
[05:12:04] Top card: 
[05:12:04] Top card: 
[05:12:04] Top card: 
[05:12:04] Top card: 
[05:12:04] Top card: 
[05:12:04] Top card: 
[05:12:04] Top card: 
[05:12:04] Top card: 
[05:12:04] Top card: 
[05:12:04] Top card: 
[05:12:04] Top card: 
[05:12:04] Top card: 
[05:12:04] Top card: 
[05:12:04] Top card: 
[05:12:04] Top card: 
[05:12:04] Top card: 
[05:12:04] Top card: 
[05:12:04] Top card: 
[05:12:04] Top card: 
[05:12:04] Top card: 
[05:12:04] Player: Played CardW(Clone) (UnityEngine.GameObject)
[08:27:46] Top card: 
[08:27:46] Delt cards
[08:27:46] Top card: 
[08:27:46] Top card: 
[08:27:46] Top card: 
[08:27:46] Top card: 
[08:27:46] Top card: 
[08:27:46] Top card: 
[08:27:46] Top card: 
[08:27:46] Top card: 
[08:27:46] Top card: 
[08:27:46] Top card: 
[08:27:46] Top card: 
[08:27:46] Top card: 
[08:27:46] Top card: 
[08:27:46] Top card: 
[08:27:46] Top card: 
[08:27:46] Top card: 
[08:27:46] Top card: 
[08:27:46] Top card: 
[08:27:46] Top card: 
[08:27:46] Top card: 
