[05:20:08] Player received: CardW4(Clone)
[05:20:08] Enemy1 received: Green_3(Clone)
[05:20:08] Enemy2 received: Yellow_1(Clone)
[05:20:08] Enemy3 received: CardW(Clone)
[05:20:08] Player received: Green_2(Clone)
[05:20:08] Enemy1 received: Red_5(Clone)
[05:20:08] Enemy2 received: Blue_R(Clone)
[05:20:08] Enemy3 received: Yellow_R(Clone)
[05:20:08] Player received: Green_8(Clone)
[05:20:08] Enemy1 received: Green_7(Clone)
[05:20:08] Enemy2 received: Blue_0(Clone)
[05:20:08] Enemy3 received: Green_D(Clone)
[05:20:08] Player received: Yellow_4(Clone)
[05:20:08] Enemy1 received: Yellow_8(Clone)
[05:20:08] Enemy2 received: CardW(Clone)
[05:20:08] Enemy3 received: Red_D(Clone)
[05:20:08] Player received: Blue_8(Clone)
[05:20:08] Enemy1 received: Yellow_9(Clone)
[05:20:08] Enemy2 received: Green_R(Clone)
[05:20:08] Enemy3 received: Green_5(Clone)
[05:20:08] Player received: Green_1(Clone)
[05:20:08] Enemy1 received: Yellow_1(Clone)
[05:20:08] Enemy2 received: Green_D(Clone)
[05:20:08] Enemy3 received: CardW4(Clone)
[05:20:08] Player received: Blue_4(Clone)
[05:20:08] Enemy1 received: Blue_8(Clone)
[05:20:08] Enemy2 received: Yellow_5(Clone)
[05:20:08] Enemy3 received: Blue_3(Clone)
[05:20:08] DiscardPile received: Blue_1(Clone)
[05:20:08] Dealt cards
[05:20:08] Player: Played Blue_4
[05:20:08] Turns: 1
[05:20:08] Top card: Blue_4(Clone) (UnityEngine.GameObject)
[05:20:08] Blue_8(Clone) was added to PlayableCards
[05:20:08] Enemy 1: Played Blue_8(Clone)
[05:20:08] HasPlayableCard = true
[05:20:08] Turns: 2
[05:20:08] Top card: Blue_8(Clone) (UnityEngine.GameObject)
[05:20:08] Blue_R(Clone) was added to PlayableCards
[05:20:08] Blue_0(Clone) was added to PlayableCards
[05:20:08] CardW(Clone) was added to PlayableCards
[05:20:08] Enemy 2: Played Blue_R(Clone)
[05:20:08] HasPlayableCard = true
[05:20:08] Turns: 1
[05:20:08] Top card: Blue_R(Clone) (UnityEngine.GameObject)
[05:20:08] HasPlayableCard = false
[05:20:08] Top Deck Card:Green_D(Clone)
[05:20:08] Enemy 1: Drew Green_D(Clone)
[05:20:08] Enemy 1: Drew 1 cards
[05:20:08] Turns: 0
[05:20:08] Player: Played Blue_8
[05:20:08] Removed Blue_4(Clone) (UnityEngine.GameObject)
[05:20:08] Turns: 3
[05:20:08] Top card: Blue_8(Clone) (UnityEngine.GameObject)
[05:20:08] CardW(Clone) was added to PlayableCards
[05:20:08] CardW4(Clone) was added to PlayableCards
[05:20:08] Blue_3(Clone) was added to PlayableCards
[05:20:08] Enemy 3: Played Blue_3(Clone)
[05:20:08] HasPlayableCard = true
[05:20:08] Removed Blue_8(Clone) (UnityEngine.GameObject)
[05:20:08] Turns: 2
[05:20:08] Top card: Blue_3(Clone) (UnityEngine.GameObject)
[05:20:08] Blue_0(Clone) was added to PlayableCards
[05:20:08] CardW(Clone) was added to PlayableCards
[05:20:08] Enemy 2: Played Blue_0(Clone)
[05:20:08] HasPlayableCard = true
[05:20:08] Removed Blue_R(Clone) (UnityEngine.GameObject)
[05:20:08] Turns: 1
[05:20:08] Top card: Blue_0(Clone) (UnityEngine.GameObject)
[05:20:08] HasPlayableCard = false
[05:20:08] Top Deck Card:Yellow_3(Clone)
[05:20:08] Enemy 1: Drew Yellow_3(Clone)
[05:20:08] Enemy 1: Drew 1 cards
[05:20:08] Turns: 0
[05:20:08] Wild Menu shown
[05:20:08] Player: Played CardW4
[05:20:08] Removed Blue_8(Clone) (UnityEngine.GameObject)
[05:20:08] Player called Green
[05:20:08] Wild Menu hidden
