[03:43:20] Top card: 
[03:43:20] Delt cards
[03:43:20] Top card: Green_9(Clone) (UnityEngine.GameObject)
[03:43:20] Top card: Green_9(Clone) (UnityEngine.GameObject)
[03:43:20] Top card: Green_9(Clone) (UnityEngine.GameObject)
[03:43:20] Top card: Green_9(Clone) (UnityEngine.GameObject)
[03:43:20] Top card: Green_9(Clone) (UnityEngine.GameObject)
[03:43:20] Top card: Green_9(Clone) (UnityEngine.GameObject)
[03:43:20] Top card: Green_9(Clone) (UnityEngine.GameObject)
[03:43:20] Top card: Green_9(Clone) (UnityEngine.GameObject)
[03:43:20] Top card: Green_9(Clone) (UnityEngine.GameObject)
[03:43:20] Top card: Green_9(Clone) (UnityEngine.GameObject)
[03:43:20] Top card: Green_9(Clone) (UnityEngine.GameObject)
[03:43:20] Top card: Green_9(Clone) (UnityEngine.GameObject)
[03:43:20] Top card: Green_9(Clone) (UnityEngine.GameObject)
[03:43:20] Top card: Green_9(Clone) (UnityEngine.GameObject)
[03:43:20] Top card: Green_9(Clone) (UnityEngine.GameObject)
[03:43:20] Top card: Green_9(Clone) (UnityEngine.GameObject)
[03:43:20] Top card: Green_9(Clone) (UnityEngine.GameObject)
[03:43:20] Top card: Green_9(Clone) (UnityEngine.GameObject)
[03:43:20] Top card: Green_9(Clone) (UnityEngine.GameObject)
[03:43:20] Top card: Green_9(Clone) (UnityEngine.GameObject)
[03:43:20] Top card: Green_9(Clone) (UnityEngine.GameObject)
[03:43:20] Top card: Green_9(Clone) (UnityEngine.GameObject)
[03:43:20] Top card: Green_9(Clone) (UnityEngine.GameObject)
[03:43:20] Top card: Green_9(Clone) (UnityEngine.GameObject)
[03:43:20] Top card: Green_9(Clone) (UnityEngine.GameObject)
[03:43:20] Top card: Green_9(Clone) (UnityEngine.GameObject)
[03:43:20] Top card: Green_9(Clone) (UnityEngine.GameObject)
[03:43:20] Top card: Green_9(Clone) (UnityEngine.GameObject)
[03:43:20] Player: Played Red_9(Clone) (UnityEngine.GameObject)
[03:43:20] Turns: 1
[03:43:20] Turns: 1
[03:43:20] Top card: Red_9(Clone) (UnityEngine.GameObject)
[03:43:20] Top card: Red_9(Clone) (UnityEngine.GameObject)
[03:43:20] Enemy 1: Blue_6(Clone) (UnityEngine.GameObject) (Card 0) did not match
[03:43:20] Enemy 1: Yellow_4(Clone) (UnityEngine.GameObject) (Card 1) did not match
[03:43:20] Enemy 1: Played Red_3(Clone) (UnityEngine.GameObject) (Card 2)
[03:43:20] Turns: 2
[03:43:20] Top card: Red_3(Clone) (UnityEngine.GameObject)
[03:43:20] Top card: Red_3(Clone) (UnityEngine.GameObject)
[03:43:20] Enemy 2: Played Red_5(Clone) (UnityEngine.GameObject) (Card 0)
[03:43:20] Turns: 3
[03:43:20] Top card: Red_5(Clone) (UnityEngine.GameObject)
[03:43:20] Top card: Red_5(Clone) (UnityEngine.GameObject)
[03:43:20] Enemy 3: Blue_S(Clone) (UnityEngine.GameObject) (Card 0) did not match
[03:43:20] Enemy 3: Blue_2(Clone) (UnityEngine.GameObject) (Card 1) did not match
[03:43:20] Enemy 3: Green_1(Clone) (UnityEngine.GameObject) (Card 2) did not match
[03:43:20] Enemy 3: Blue_S(Clone) (UnityEngine.GameObject) (Card 3) did not match
[03:43:20] Enemy 3: Played Red_2(Clone) (UnityEngine.GameObject) (Card 4)
[03:43:20] Turns: 0
[03:43:20] Player: Played Red_7(Clone) (UnityEngine.GameObject)
[03:43:20] Turns: 1
[03:43:20] Turns: 1
[03:43:20] Top card: Red_7(Clone) (UnityEngine.GameObject)
[03:43:20] Top card: Red_7(Clone) (UnityEngine.GameObject)
[03:43:20] Enemy 1: Blue_6(Clone) (UnityEngine.GameObject) (Card 0) did not match
[03:43:20] Enemy 1: Yellow_4(Clone) (UnityEngine.GameObject) (Card 1) did not match
[03:43:20] Enemy 1: Yellow_R(Clone) (UnityEngine.GameObject) (Card 2) did not match
[03:43:20] Enemy 1: CardW4(Clone) (UnityEngine.GameObject) (Card 3) did not match
[03:43:20] Enemy 1: Played Red_4(Clone) (UnityEngine.GameObject) (Card 4)
[03:43:20] Turns: 2
[03:43:20] Top card: Red_4(Clone) (UnityEngine.GameObject)
[03:43:20] Top card: Red_4(Clone) (UnityEngine.GameObject)
[03:43:20] Enemy 2: Blue_7(Clone) (UnityEngine.GameObject) (Card 0) did not match
[03:43:20] Enemy 2: Yellow_S(Clone) (UnityEngine.GameObject) (Card 1) did not match
[03:43:20] Enemy 2: Yellow_2(Clone) (UnityEngine.GameObject) (Card 2) did not match
[03:43:20] Enemy 2: Blue_D(Clone) (UnityEngine.GameObject) (Card 3) did not match
[03:43:20] Enemy 2: Green_R(Clone) (UnityEngine.GameObject) (Card 4) did not match
[03:43:20] Top Deck Card:Yellow_1(Clone) (UnityEngine.GameObject)
[03:43:20] Enemy 2: Drew Yellow_1(Clone) (UnityEngine.GameObject)
[03:43:20] Enemy 2: Drew 1 cards
[03:43:20] Enemy 2: Does not have a match
[03:43:20] Top card: Red_4(Clone) (UnityEngine.GameObject)
[03:43:20] Enemy 2: Blue_7(Clone) (UnityEngine.GameObject) (Card 0) did not match
[03:43:20] Enemy 2: Yellow_S(Clone) (UnityEngine.GameObject) (Card 1) did not match
[03:43:20] Enemy 2: Yellow_2(Clone) (UnityEngine.GameObject) (Card 2) did not match
[03:43:20] Enemy 2: Blue_D(Clone) (UnityEngine.GameObject) (Card 3) did not match
[03:43:20] Enemy 2: Green_R(Clone) (UnityEngine.GameObject) (Card 4) did not match
[03:43:20] Enemy 2: Green_R(Clone) (UnityEngine.GameObject) (Card 5) did not match
[03:43:20] Top Deck Card:Blue_R(Clone) (UnityEngine.GameObject)
[03:43:20] Enemy 2: Drew Blue_R(Clone) (UnityEngine.GameObject)
[03:43:20] Enemy 2: Drew 1 cards
[03:43:20] Enemy 2: Does not have a match
[03:43:20] Top card: Red_4(Clone) (UnityEngine.GameObject)
[03:43:20] Enemy 2: Blue_7(Clone) (UnityEngine.GameObject) (Card 0) did not match
[03:43:20] Enemy 2: Yellow_S(Clone) (UnityEngine.GameObject) (Card 1) did not match
[03:43:20] Enemy 2: Yellow_2(Clone) (UnityEngine.GameObject) (Card 2) did not match
[03:43:20] Enemy 2: Blue_D(Clone) (UnityEngine.GameObject) (Card 3) did not match
[03:43:20] Enemy 2: Green_R(Clone) (UnityEngine.GameObject) (Card 4) did not match
[03:43:20] Enemy 2: Green_R(Clone) (UnityEngine.GameObject) (Card 5) did not match
[03:43:20] Enemy 2: Yellow_1(Clone) (UnityEngine.GameObject) (Card 6) did not match
[03:43:20] Top Deck Card:Red_6(Clone) (UnityEngine.GameObject)
[03:43:20] Enemy 2: Drew Red_6(Clone) (UnityEngine.GameObject)
[03:43:20] Enemy 2: Drew 1 cards
[03:43:20] Enemy 2: Does not have a match
[03:43:20] Top card: Red_4(Clone) (UnityEngine.GameObject)
[03:43:20] Enemy 2: Blue_7(Clone) (UnityEngine.GameObject) (Card 0) did not match
[03:43:20] Enemy 2: Yellow_S(Clone) (UnityEngine.GameObject) (Card 1) did not match
[03:43:20] Enemy 2: Yellow_2(Clone) (UnityEngine.GameObject) (Card 2) did not match
[03:43:20] Enemy 2: Blue_D(Clone) (UnityEngine.GameObject) (Card 3) did not match
[03:43:20] Enemy 2: Green_R(Clone) (UnityEngine.GameObject) (Card 4) did not match
[03:43:20] Enemy 2: Green_R(Clone) (UnityEngine.GameObject) (Card 5) did not match
[03:43:20] Enemy 2: Yellow_1(Clone) (UnityEngine.GameObject) (Card 6) did not match
[03:43:20] Enemy 2: Blue_R(Clone) (UnityEngine.GameObject) (Card 7) did not match
[03:43:20] Enemy 2: Played Red_6(Clone) (UnityEngine.GameObject) (Card 8)
[03:43:20] Turns: 3
[03:43:20] Turns: 4
[03:43:20] Turns: 5
[03:43:20] Turns: 6
[06:45:00] Top card: 
[06:45:00] Delt cards
[06:45:00] Top card: 
[06:45:00] Top card: 
[06:45:00] Top card: 
[06:45:00] Top card: 
[06:45:00] Top card: 
[06:45:00] Top card: 
[06:45:00] Top card: 
[06:45:00] Top card: 
[06:45:00] Top card: 
[06:45:00] Top card: 
[06:45:00] Top card: 
[06:45:00] Top card: 
[06:45:00] Top card: 
[06:45:00] Top card: 
[06:45:00] Top card: 
[06:45:00] Top card: 
[06:45:00] Top card: 
[06:45:00] Top card: 
[06:45:00] Top card: 
[06:45:00] Top card: 
[06:45:00] Player: Played CardW4(Clone) (UnityEngine.GameObject)
[06:45:00] Wild Menu shown
[06:45:00] Turns: 1
[06:45:00] Turns: 1
[06:45:00] Top card: CardW4(Clone) (UnityEngine.GameObject)
[06:45:00] Top card: CardW4(Clone) (UnityEngine.GameObject)
[06:45:00] Enemy 1: CardW(Clone) (UnityEngine.GameObject) (Card 0) did not match
[06:45:00] Enemy 1: Played CardW4(Clone) (UnityEngine.GameObject) (Card 1)
[06:45:00] Turns: 2
[06:45:00] Top card: CardW4(Clone) (UnityEngine.GameObject)
[06:45:00] Top card: CardW4(Clone) (UnityEngine.GameObject)
[06:45:00] Enemy 2: CardW(Clone) (UnityEngine.GameObject) (Card 0) did not match
[06:45:00] Enemy 2: CardW(Clone) (UnityEngine.GameObject) (Card 1) did not match
[06:45:00] Enemy 2: Played CardW4(Clone) (UnityEngine.GameObject) (Card 2)
[06:45:00] Turns: 3
[06:45:00] Top card: CardW4(Clone) (UnityEngine.GameObject)
[06:45:00] Top card: CardW4(Clone) (UnityEngine.GameObject)
[06:45:00] Enemy 3: Played CardW4(Clone) (UnityEngine.GameObject) (Card 0)
[06:45:00] Turns: 0
