[07:08:45] Top card: 
[07:08:45] Delt cards
[07:08:45] Player: Played Red_9
[07:08:45] Turns: 1
[07:08:45] Turns: 1
[07:08:45] Top card: Red_9(Clone) (UnityEngine.GameObject)
[07:08:45] Top card: Red_9(Clone) (CardProperties)
[07:08:45] Enemy 1: Played Red_2(Clone) (UnityEngine.GameObject) (Card 0)
[07:08:45] Turns: 2
[07:08:45] Top card: Red_2(Clone) (UnityEngine.GameObject)
[07:08:45] Top card: Red_2(Clone) (CardProperties)
[07:08:45] Enemy 2: Green_S(Clone) (UnityEngine.GameObject) (Card 0) did not match
[07:08:45] Enemy 2: Yellow_5(Clone) (UnityEngine.GameObject) (Card 1) did not match
[07:08:45] Enemy 2: Yellow_7(Clone) (UnityEngine.GameObject) (Card 2) did not match
[07:08:45] Enemy 2: Played Red_3(Clone) (UnityEngine.GameObject) (Card 3)
[07:08:45] Turns: 3
[07:08:45] Top card: Red_3(Clone) (UnityEngine.GameObject)
[07:08:45] Top card: Red_3(Clone) (CardProperties)
[07:08:45] Enemy 3: Blue_S(Clone) (UnityEngine.GameObject) (Card 0) did not match
[07:08:45] Enemy 3: Blue_8(Clone) (UnityEngine.GameObject) (Card 1) did not match
[07:08:45] Enemy 3: Green_5(Clone) (UnityEngine.GameObject) (Card 2) did not match
[07:08:45] Enemy 3: Blue_5(Clone) (UnityEngine.GameObject) (Card 3) did not match
[07:08:45] Enemy 3: Green_S(Clone) (UnityEngine.GameObject) (Card 4) did not match
[07:08:45] Enemy 3: Blue_R(Clone) (UnityEngine.GameObject) (Card 5) did not match
[07:08:45] Enemy 3: Played Red_D(Clone) (UnityEngine.GameObject) (Card 6)
[07:08:45] Turns: 0
[11:25:09] Top card: 
[11:25:09] Delt cards
[11:25:09] Player: Played Green_D
[11:25:09] Turns: 0
[11:25:09] Player: Played Green_D
[11:25:09] Top Deck Card:Yellow_R(Clone) (UnityEngine.GameObject)
[11:25:09] Player: Drew Yellow_R(Clone) (UnityEngine.GameObject)
[11:25:09] Top Deck Card:Blue_7(Clone) (UnityEngine.GameObject)
[11:25:09] Player: Drew Blue_7(Clone) (UnityEngine.GameObject)
[11:25:09] Player: Drew 2 cards
[11:25:09] Turns: 1
[11:25:09] Top card: Green_D(Clone) (UnityEngine.GameObject)
[11:25:09] PlayableCards[0]: WildDraw4
[11:25:09] Turns: 2
[11:25:09] Top card: Green_D(Clone) (UnityEngine.GameObject)
[11:25:09] PlayableCards[0]: Reverse
[11:25:09] Top card: Green_D(Clone) (UnityEngine.GameObject)
[11:25:09] PlayableCards[0]: Reverse
[11:25:09] PlayableCards[1]: Reverse
[11:25:09] Turns: 2
