[06:08:17] Top card: 
[06:08:17] Delt cards
[10:23:39] Top card: 
[10:23:39] Delt cards
[10:23:39] Player: Played Red_8
[10:23:39] Turns: 1
[10:23:39] Turns: 1
[10:23:39] Top card: Red_8(Clone) (UnityEngine.GameObject)
[10:23:39] Top card: Red_8(Clone) (CardProperties)
[10:23:39] Enemy 1: Green_1(Clone) (UnityEngine.GameObject) (Card 0) did not match
[10:23:39] Enemy 1: Green_R(Clone) (UnityEngine.GameObject) (Card 1) did not match
[10:23:39] Enemy 1: Green_7(Clone) (UnityEngine.GameObject) (Card 2) did not match
[10:23:39] Enemy 1: Blue_1(Clone) (UnityEngine.GameObject) (Card 3) did not match
[10:23:39] Enemy 1: Blue_2(Clone) (UnityEngine.GameObject) (Card 4) did not match
[10:23:39] Enemy 1: Green_6(Clone) (UnityEngine.GameObject) (Card 5) did not match
[10:23:39] Enemy 1: CardW(Clone) (UnityEngine.GameObject) (Card 6) did not match
[10:23:39] HasFoundMatch = False
[10:23:39] Top Deck Card:Red_1(Clone) (UnityEngine.GameObject)
[10:23:39] Enemy 1: Drew Red_1(Clone) (UnityEngine.GameObject)
[10:23:39] Enemy 1: Drew 1 cards
[10:23:39] Turns: 2
[10:23:39] Top card: Red_8(Clone) (UnityEngine.GameObject)
[10:23:39] Top card: Red_8(Clone) (CardProperties)
[10:23:39] Enemy 2: Green_1(Clone) (UnityEngine.GameObject) (Card 0) did not match
[10:23:39] Enemy 2: Played Red_5(Clone) (UnityEngine.GameObject) (Card 1)
[10:23:39] Turns: 3
[10:23:39] Top card: Red_5(Clone) (UnityEngine.GameObject)
[10:23:39] Top card: Red_5(Clone) (CardProperties)
[10:23:39] Enemy 3: CardW4(Clone) (UnityEngine.GameObject) (Card 0) did not match
[10:23:39] Enemy 3: Yellow_6(Clone) (UnityEngine.GameObject) (Card 1) did not match
[10:23:39] Enemy 3: Played Red_4(Clone) (UnityEngine.GameObject) (Card 2)
[10:23:39] Turns: 0
[10:23:39] Player: Played Red_7
[10:23:39] Turns: 1
[10:23:39] Turns: 1
[10:23:39] Top card: Red_7(Clone) (UnityEngine.GameObject)
[10:23:39] Top card: Red_7(Clone) (CardProperties)
[10:23:39] Enemy 1: Green_1(Clone) (UnityEngine.GameObject) (Card 0) did not match
[10:23:39] Enemy 1: Green_R(Clone) (UnityEngine.GameObject) (Card 1) did not match
[10:23:39] Enemy 1: Played Green_7(Clone) (UnityEngine.GameObject) (Card 2)
[10:23:39] Turns: 2
[10:23:39] Top card: Green_7(Clone) (UnityEngine.GameObject)
[10:23:39] Top card: Green_7(Clone) (CardProperties)
[10:23:39] Enemy 2: Played Green_1(Clone) (UnityEngine.GameObject) (Card 0)
[10:23:39] Removed Red_8(Clone) (UnityEngine.GameObject)
[10:23:39] Red_8(Clone)
[10:23:39] Red_5(Clone)
[10:23:39] Red_4(Clone)
[10:23:39] Red_7(Clone)
[10:23:39] Green_7(Clone)
[10:23:39] Green_1(Clone)
[10:23:39] Turns: 3
[10:23:39] Top card: Green_1(Clone) (UnityEngine.GameObject)
[10:23:39] Top card: Green_1(Clone) (CardProperties)
[10:23:39] Enemy 3: CardW4(Clone) (UnityEngine.GameObject) (Card 0) did not match
[10:23:39] Enemy 3: Yellow_6(Clone) (UnityEngine.GameObject) (Card 1) did not match
[10:23:39] Enemy 3: Blue_3(Clone) (UnityEngine.GameObject) (Card 2) did not match
[10:23:39] Enemy 3: Played Green_9(Clone) (UnityEngine.GameObject) (Card 3)
[10:23:39] Turns: 0
