[10:10:55]Top card: 
[10:10:55]Top card: CardW4(Clone) (UnityEngine.GameObject)
[10:10:55]Top card: CardW4(Clone) (UnityEngine.GameObject)
[10:10:55]Top card: CardW4(Clone) (UnityEngine.GameObject)
[10:10:55]Top card: CardW4(Clone) (UnityEngine.GameObject)
[10:10:55]Top card: CardW4(Clone) (UnityEngine.GameObject)
[10:10:55]Top card: CardW4(Clone) (UnityEngine.GameObject)
[10:10:55]Top card: CardW4(Clone) (UnityEngine.GameObject)
[10:10:55]Top card: CardW4(Clone) (UnityEngine.GameObject)
[10:10:55]Top card: CardW4(Clone) (UnityEngine.GameObject)
[10:10:55]Top card: CardW4(Clone) (UnityEngine.GameObject)
[10:10:55]Top card: CardW4(Clone) (UnityEngine.GameObject)
[10:10:55]Top card: CardW4(Clone) (UnityEngine.GameObject)
[10:10:55]Top card: CardW4(Clone) (UnityEngine.GameObject)
[10:10:55]Top card: CardW4(Clone) (UnityEngine.GameObject)
[10:10:55]Top card: CardW4(Clone) (UnityEngine.GameObject)
[10:10:55]Top card: CardW4(Clone) (UnityEngine.GameObject)
[10:10:55]Top card: CardW4(Clone) (UnityEngine.GameObject)
[10:10:55]Top card: CardW4(Clone) (UnityEngine.GameObject)
[10:10:55]Top card: CardW4(Clone) (UnityEngine.GameObject)
[10:10:55]Top card: CardW4(Clone) (UnityEngine.GameObject)
[10:10:55]Top card: CardW4(Clone) (UnityEngine.GameObject)
[10:10:55]Top card: CardW4(Clone) (UnityEngine.GameObject)
[10:10:55]Top card: CardW4(Clone) (UnityEngine.GameObject)
[10:10:55]Top card: CardW4(Clone) (UnityEngine.GameObject)
[10:10:55]Top card: CardW4(Clone) (UnityEngine.GameObject)
[10:10:55]Top card: CardW4(Clone) (UnityEngine.GameObject)
[10:10:55]Top card: CardW4(Clone) (UnityEngine.GameObject)
[10:10:55]Top card: CardW4(Clone) (UnityEngine.GameObject)
[10:10:55]Player: played card
[10:10:55]Turns = 1
[10:10:55]DiscardCounter: 1
[10:10:55]Top card: Yellow_R(Clone) (UnityEngine.GameObject)
[10:10:55]Game Reversed (Not). Continuing as nomal
[10:10:55]Top card: Yellow_R(Clone) (UnityEngine.GameObject)
[10:10:55]Enemy 1: Played Yellow_D(Clone) (UnityEngine.GameObject)(Card0)
[10:10:55]Turns: 2
[10:10:55]Top card: Yellow_D(Clone) (UnityEngine.GameObject)
[10:10:55]Top card: Yellow_D(Clone) (UnityEngine.GameObject)
[10:10:55]Enemy 2: Red_2(Clone) (UnityEngine.GameObject) (Card 0) did not match
[10:10:55]Enemy 2: Played Yellow_8(Clone) (UnityEngine.GameObject)(Card1)
[10:10:55]Turns: 3
[10:10:55]Top card: Yellow_8(Clone) (UnityEngine.GameObject)
[10:10:55]Top card: Yellow_8(Clone) (UnityEngine.GameObject)
[10:10:55]Enemy 3: Red_R(Clone) (UnityEngine.GameObject) (Card 0) did not match
[10:10:55]Enemy 3: Green_1(Clone) (UnityEngine.GameObject) (Card 1) did not match
[10:10:55]Enemy 3: Red_D(Clone) (UnityEngine.GameObject) (Card 2) did not match
[10:10:55]Enemy 3: Blue_D(Clone) (UnityEngine.GameObject) (Card 3) did not match
[10:10:55]Enemy 3: Blue_0(Clone) (UnityEngine.GameObject) (Card 4) did not match
[10:10:55]Enemy 3: Green_3(Clone) (UnityEngine.GameObject) (Card 5) did not match
[10:10:55]Enemy 3: Played Blue_8(Clone) (UnityEngine.GameObject)(Card6)
[10:10:55]Turns: 0
