[02:26:21] Top card: 
[02:26:21] Delt cards
[02:26:21] Top card: Blue_3(Clone) (UnityEngine.GameObject)
[02:26:21] Top card: Blue_3(Clone) (UnityEngine.GameObject)
[02:26:21] Top card: Blue_3(Clone) (UnityEngine.GameObject)
[02:26:21] Top card: Blue_3(Clone) (UnityEngine.GameObject)
[02:26:21] Top card: Blue_3(Clone) (UnityEngine.GameObject)
[02:26:21] Top card: Blue_3(Clone) (UnityEngine.GameObject)
[02:26:21] Top card: Blue_3(Clone) (UnityEngine.GameObject)
[02:26:21] Top card: Blue_3(Clone) (UnityEngine.GameObject)
[02:26:21] Top card: Blue_3(Clone) (UnityEngine.GameObject)
[02:26:21] Top card: Blue_3(Clone) (UnityEngine.GameObject)
[02:26:21] Top card: Blue_3(Clone) (UnityEngine.GameObject)
[02:26:21] Top card: Blue_3(Clone) (UnityEngine.GameObject)
[02:26:21] Top card: Blue_3(Clone) (UnityEngine.GameObject)
[02:26:21] Top card: Blue_3(Clone) (UnityEngine.GameObject)
[02:26:21] Top card: Blue_3(Clone) (UnityEngine.GameObject)
[02:26:21] Top card: Blue_3(Clone) (UnityEngine.GameObject)
[02:26:21] Top card: Blue_3(Clone) (UnityEngine.GameObject)
[02:26:21] Top card: Blue_3(Clone) (UnityEngine.GameObject)
[02:26:21] Top card: Blue_3(Clone) (UnityEngine.GameObject)
[02:26:21] Top card: Blue_3(Clone) (UnityEngine.GameObject)
[02:26:21] Top card: Blue_3(Clone) (UnityEngine.GameObject)
[02:26:21] Top card: Blue_3(Clone) (UnityEngine.GameObject)
[02:26:21] Top card: Blue_3(Clone) (UnityEngine.GameObject)
[02:26:21] Top card: Blue_3(Clone) (UnityEngine.GameObject)
[02:26:21] Top card: Blue_3(Clone) (UnityEngine.GameObject)
[02:26:21] Top card: Blue_3(Clone) (UnityEngine.GameObject)
[02:26:21] Top card: Blue_3(Clone) (UnityEngine.GameObject)
[02:26:21] Top card: Blue_3(Clone) (UnityEngine.GameObject)
[02:26:21] Turns: 1
[02:26:21] Player: Played Blue_8(Clone) (UnityEngine.GameObject)
[02:26:21] Turns: 1
[02:26:21] DiscardCounter: 1
[02:26:21] Top card: Blue_8(Clone) (UnityEngine.GameObject)
[02:26:21] Top card: Blue_8(Clone) (UnityEngine.GameObject)
[02:26:21] Enemy 1: Red_5(Clone) (UnityEngine.GameObject) (Card 0) did not match
[02:26:21] Enemy 1: Played Blue_R(Clone) (UnityEngine.GameObject) (Card 1)
[02:26:21] Turns: 2
[02:26:21] Top card: Blue_R(Clone) (UnityEngine.GameObject)
[02:26:21] Top card: Blue_R(Clone) (UnityEngine.GameObject)
[02:26:21] Enemy 2: Yellow_1(Clone) (UnityEngine.GameObject) (Card 0) did not match
[02:26:21] Enemy 2: Green_D(Clone) (UnityEngine.GameObject) (Card 1) did not match
[02:26:21] Enemy 2: Green_8(Clone) (UnityEngine.GameObject) (Card 2) did not match
[02:26:21] Enemy 2: Yellow_5(Clone) (UnityEngine.GameObject) (Card 3) did not match
[02:26:21] Enemy 2: Green_S(Clone) (UnityEngine.GameObject) (Card 4) did not match
[02:26:21] Enemy 2: Green_1(Clone) (UnityEngine.GameObject) (Card 5) did not match
[02:26:21] Top Deck Card:Yellow_6(Clone) (UnityEngine.GameObject)
[02:26:21] Enemy 2: Drew Yellow_6(Clone) (UnityEngine.GameObject)
[02:26:21] Enemy 2: Drew 1 cards
[02:26:21] Enemy 2: Does not have a match
[02:26:21] Top card: Blue_R(Clone) (UnityEngine.GameObject)
[02:26:21] Enemy 2: Yellow_1(Clone) (UnityEngine.GameObject) (Card 0) did not match
[02:26:21] Enemy 2: Green_D(Clone) (UnityEngine.GameObject) (Card 1) did not match
[02:26:21] Enemy 2: Green_8(Clone) (UnityEngine.GameObject) (Card 2) did not match
[02:26:21] Enemy 2: Yellow_5(Clone) (UnityEngine.GameObject) (Card 3) did not match
[02:26:21] Enemy 2: Green_S(Clone) (UnityEngine.GameObject) (Card 4) did not match
[02:26:21] Enemy 2: Green_1(Clone) (UnityEngine.GameObject) (Card 5) did not match
[02:26:21] Enemy 2: Green_8(Clone) (UnityEngine.GameObject) (Card 6) did not match
[02:26:21] Top Deck Card:Blue_2(Clone) (UnityEngine.GameObject)
[02:26:21] Enemy 2: Drew Blue_2(Clone) (UnityEngine.GameObject)
[02:26:21] Enemy 2: Drew 1 cards
[02:26:21] Enemy 2: Does not have a match
[02:26:21] Top card: Blue_R(Clone) (UnityEngine.GameObject)
[02:26:21] Enemy 2: Yellow_1(Clone) (UnityEngine.GameObject) (Card 0) did not match
[02:26:21] Enemy 2: Green_D(Clone) (UnityEngine.GameObject) (Card 1) did not match
[02:26:21] Enemy 2: Green_8(Clone) (UnityEngine.GameObject) (Card 2) did not match
[02:26:21] Enemy 2: Yellow_5(Clone) (UnityEngine.GameObject) (Card 3) did not match
[02:26:21] Enemy 2: Green_S(Clone) (UnityEngine.GameObject) (Card 4) did not match
[02:26:21] Enemy 2: Green_1(Clone) (UnityEngine.GameObject) (Card 5) did not match
[02:26:21] Enemy 2: Green_8(Clone) (UnityEngine.GameObject) (Card 6) did not match
[02:26:21] Enemy 2: Yellow_6(Clone) (UnityEngine.GameObject) (Card 7) did not match
[02:26:21] Enemy 2: Played Blue_2(Clone) (UnityEngine.GameObject) (Card 8)
[02:26:21] Turns: 3
[02:26:21] Turns: 4
[02:26:21] Turns: 5
[02:26:21] IsReversed: True
[02:26:21] Top card: Blue_2(Clone) (UnityEngine.GameObject)
[02:26:21] Enemy 2: Yellow_1(Clone) (UnityEngine.GameObject) (Card 0) did not match
[02:26:21] Enemy 2: Green_D(Clone) (UnityEngine.GameObject) (Card 1) did not match
[02:26:21] Enemy 2: Green_8(Clone) (UnityEngine.GameObject) (Card 2) did not match
[02:26:21] Enemy 2: Yellow_5(Clone) (UnityEngine.GameObject) (Card 3) did not match
[02:26:21] Enemy 2: Green_S(Clone) (UnityEngine.GameObject) (Card 4) did not match
[02:26:21] Enemy 2: Green_1(Clone) (UnityEngine.GameObject) (Card 5) did not match
[02:26:21] Enemy 2: Green_8(Clone) (UnityEngine.GameObject) (Card 6) did not match
[02:26:21] Enemy 2: Yellow_6(Clone) (UnityEngine.GameObject) (Card 7) did not match
[02:26:21] Enemy 2: Played Blue_2(Clone) (UnityEngine.GameObject) (Card 8)
[02:26:21] Turns: 6
[02:26:21] IsReversed: False
[02:26:21] Game Reversed (Not). Continuing as normal
[06:19:13] Top card: 
[06:19:13] Delt cards
[06:19:13] Top card: 
[06:19:13] Top card: 
[06:19:13] Top card: 
[06:19:13] Top card: 
[06:19:13] Top card: 
[06:19:13] Top card: 
[06:19:13] Top card: 
[06:19:13] Top card: 
[06:19:13] Top card: 
[06:19:13] Top card: 
[06:19:13] Top card: 
[06:19:13] Top card: 
[06:19:13] Top card: 
[06:19:13] Top card: 
[06:19:13] Top card: 
[06:19:13] Top card: 
[06:19:13] Top card: 
[06:19:13] Top card: 
[06:19:13] Top card: 
[06:19:13] Top card: 
[06:19:13] Player: Played CardW(Clone) (UnityEngine.GameObject)
[06:19:13] Turns: 1
[06:19:13] Turns: 1
[06:19:13] Top card: CardW(Clone) (UnityEngine.GameObject)
[06:19:13] Top card: CardW(Clone) (UnityEngine.GameObject)
[06:19:13] Enemy 1: CardW4(Clone) (UnityEngine.GameObject) (Card 0) did not match
[06:19:13] Enemy 1: CardW4(Clone) (UnityEngine.GameObject) (Card 1) did not match
[06:19:13] Enemy 1: Played CardW(Clone) (UnityEngine.GameObject) (Card 2)
[06:19:13] Turns: 2
[06:19:13] Top card: CardW(Clone) (UnityEngine.GameObject)
[06:19:13] Top card: CardW(Clone) (UnityEngine.GameObject)
[06:19:13] Enemy 2: Played CardW(Clone) (UnityEngine.GameObject) (Card 0)
[06:19:13] Turns: 3
[06:19:13] Top card: CardW(Clone) (UnityEngine.GameObject)
[06:19:13] Top card: CardW(Clone) (UnityEngine.GameObject)
[06:19:13] Enemy 3: Played CardW(Clone) (UnityEngine.GameObject) (Card 0)
[06:19:13] Turns: 0
