[02:29:09] Top card: 
[02:29:09] Delt cards
[02:29:09] Top card: Green_4(Clone) (UnityEngine.GameObject)
[02:29:09] Top card: Green_4(Clone) (UnityEngine.GameObject)
[02:29:09] Top card: Green_4(Clone) (UnityEngine.GameObject)
[02:29:09] Top card: Green_4(Clone) (UnityEngine.GameObject)
[02:29:09] Top card: Green_4(Clone) (UnityEngine.GameObject)
[02:29:09] Top card: Green_4(Clone) (UnityEngine.GameObject)
[02:29:09] Top card: Green_4(Clone) (UnityEngine.GameObject)
[02:29:09] Top card: Green_4(Clone) (UnityEngine.GameObject)
[02:29:09] Top card: Green_4(Clone) (UnityEngine.GameObject)
[02:29:09] Top card: Green_4(Clone) (UnityEngine.GameObject)
[02:29:09] Top card: Green_4(Clone) (UnityEngine.GameObject)
[02:29:09] Top card: Green_4(Clone) (UnityEngine.GameObject)
[02:29:09] Top card: Green_4(Clone) (UnityEngine.GameObject)
[02:29:09] Top card: Green_4(Clone) (UnityEngine.GameObject)
[02:29:09] Top card: Green_4(Clone) (UnityEngine.GameObject)
[02:29:09] Top card: Green_4(Clone) (UnityEngine.GameObject)
[02:29:09] Top card: Green_4(Clone) (UnityEngine.GameObject)
[02:29:09] Top card: Green_4(Clone) (UnityEngine.GameObject)
[02:29:09] Top card: Green_4(Clone) (UnityEngine.GameObject)
[02:29:09] Top card: Green_4(Clone) (UnityEngine.GameObject)
[02:29:09] Top card: Green_4(Clone) (UnityEngine.GameObject)
[02:29:09] Top card: Green_4(Clone) (UnityEngine.GameObject)
[02:29:09] Top card: Green_4(Clone) (UnityEngine.GameObject)
[02:29:09] Top card: Green_4(Clone) (UnityEngine.GameObject)
[02:29:09] Top card: Green_4(Clone) (UnityEngine.GameObject)
[02:29:09] Top card: Green_4(Clone) (UnityEngine.GameObject)
[02:29:09] Top card: Green_4(Clone) (UnityEngine.GameObject)
[02:29:09] Top card: Green_4(Clone) (UnityEngine.GameObject)
[02:29:09] Turns: 1
[02:29:09] Player: Played Green_6(Clone) (UnityEngine.GameObject)
[02:29:09] Turns: 1
[02:29:09] DiscardCounter: 1
[02:29:09] Top card: Green_6(Clone) (UnityEngine.GameObject)
[02:29:09] Top card: Green_6(Clone) (UnityEngine.GameObject)
[02:29:09] Enemy 1: Played Green_2(Clone) (UnityEngine.GameObject) (Card 0)
[02:29:09] Turns: 2
[02:29:09] Top card: Green_2(Clone) (UnityEngine.GameObject)
[02:29:09] Top card: Green_2(Clone) (UnityEngine.GameObject)
[02:29:09] Enemy 2: Yellow_R(Clone) (UnityEngine.GameObject) (Card 0) did not match
[02:29:09] Enemy 2: Yellow_1(Clone) (UnityEngine.GameObject) (Card 1) did not match
[02:29:09] Enemy 2: CardW4(Clone) (UnityEngine.GameObject) (Card 2) did not match
[02:29:09] Enemy 2: Red_0(Clone) (UnityEngine.GameObject) (Card 3) did not match
[02:29:09] Enemy 2: Played Red_2(Clone) (UnityEngine.GameObject) (Card 4)
[02:29:09] Turns: 3
[02:29:09] Top card: Red_2(Clone) (UnityEngine.GameObject)
[02:29:09] Top card: Red_2(Clone) (UnityEngine.GameObject)
[02:29:09] Enemy 3: Played Red_7(Clone) (UnityEngine.GameObject) (Card 0)
[02:29:09] Turns: 0
[02:29:09] Turns: 1
[02:29:09] Player: Played Blue_7(Clone) (UnityEngine.GameObject)
[02:29:09] Turns: 1
[02:29:09] DiscardCounter: 1
[02:29:09] Top card: Blue_7(Clone) (UnityEngine.GameObject)
[02:29:09] Top card: Blue_7(Clone) (UnityEngine.GameObject)
[02:29:09] Enemy 1: Green_2(Clone) (UnityEngine.GameObject) (Card 0) did not match
[02:29:09] Enemy 1: Yellow_3(Clone) (UnityEngine.GameObject) (Card 1) did not match
[02:29:09] Enemy 1: Green_S(Clone) (UnityEngine.GameObject) (Card 2) did not match
[02:29:09] Enemy 1: Played Blue_9(Clone) (UnityEngine.GameObject) (Card 3)
[02:29:09] Turns: 2
[02:29:09] Top card: Blue_9(Clone) (UnityEngine.GameObject)
[02:29:09] Top card: Blue_9(Clone) (UnityEngine.GameObject)
[02:29:09] Enemy 2: Yellow_R(Clone) (UnityEngine.GameObject) (Card 0) did not match
[02:29:09] Enemy 2: Yellow_1(Clone) (UnityEngine.GameObject) (Card 1) did not match
[02:29:09] Enemy 2: CardW4(Clone) (UnityEngine.GameObject) (Card 2) did not match
[02:29:09] Enemy 2: Red_0(Clone) (UnityEngine.GameObject) (Card 3) did not match
[02:29:09] Enemy 2: Red_2(Clone) (UnityEngine.GameObject) (Card 4) did not match
[02:29:09] Enemy 2: Yellow_S(Clone) (UnityEngine.GameObject) (Card 5) did not match
[02:29:09] Top Deck Card:Yellow_2(Clone) (UnityEngine.GameObject)
[02:29:09] Enemy 2: Drew Yellow_2(Clone) (UnityEngine.GameObject)
[02:29:09] Enemy 2: Drew 1 cards
[02:29:09] Enemy 2: Does not have a match
[02:29:09] Top card: Blue_9(Clone) (UnityEngine.GameObject)
[02:29:09] Enemy 2: Yellow_R(Clone) (UnityEngine.GameObject) (Card 0) did not match
[02:29:09] Enemy 2: Yellow_1(Clone) (UnityEngine.GameObject) (Card 1) did not match
[02:29:09] Enemy 2: CardW4(Clone) (UnityEngine.GameObject) (Card 2) did not match
[02:29:09] Enemy 2: Red_0(Clone) (UnityEngine.GameObject) (Card 3) did not match
[02:29:09] Enemy 2: Red_2(Clone) (UnityEngine.GameObject) (Card 4) did not match
[02:29:09] Enemy 2: Yellow_S(Clone) (UnityEngine.GameObject) (Card 5) did not match
[02:29:09] Enemy 2: Yellow_4(Clone) (UnityEngine.GameObject) (Card 6) did not match
[02:29:09] Top Deck Card:Yellow_8(Clone) (UnityEngine.GameObject)
[02:29:09] Enemy 2: Drew Yellow_8(Clone) (UnityEngine.GameObject)
[02:29:09] Enemy 2: Drew 1 cards
[02:29:09] Enemy 2: Does not have a match
[02:29:09] Top card: Blue_9(Clone) (UnityEngine.GameObject)
[02:29:09] Enemy 2: Yellow_R(Clone) (UnityEngine.GameObject) (Card 0) did not match
[02:29:09] Enemy 2: Yellow_1(Clone) (UnityEngine.GameObject) (Card 1) did not match
[02:29:09] Enemy 2: CardW4(Clone) (UnityEngine.GameObject) (Card 2) did not match
[02:29:09] Enemy 2: Red_0(Clone) (UnityEngine.GameObject) (Card 3) did not match
[02:29:09] Enemy 2: Red_2(Clone) (UnityEngine.GameObject) (Card 4) did not match
[02:29:09] Enemy 2: Yellow_S(Clone) (UnityEngine.GameObject) (Card 5) did not match
[02:29:09] Enemy 2: Yellow_4(Clone) (UnityEngine.GameObject) (Card 6) did not match
[02:29:09] Enemy 2: Yellow_2(Clone) (UnityEngine.GameObject) (Card 7) did not match
[02:29:09] Top Deck Card:Red_8(Clone) (UnityEngine.GameObject)
[02:29:09] Enemy 2: Drew Red_8(Clone) (UnityEngine.GameObject)
[02:29:09] Enemy 2: Drew 1 cards
[02:29:09] Enemy 2: Does not have a match
[02:29:09] Top card: Blue_9(Clone) (UnityEngine.GameObject)
[02:29:09] Enemy 2: Yellow_R(Clone) (UnityEngine.GameObject) (Card 0) did not match
[02:29:09] Enemy 2: Yellow_1(Clone) (UnityEngine.GameObject) (Card 1) did not match
[02:29:09] Enemy 2: CardW4(Clone) (UnityEngine.GameObject) (Card 2) did not match
[02:29:09] Enemy 2: Red_0(Clone) (UnityEngine.GameObject) (Card 3) did not match
[02:29:09] Enemy 2: Red_2(Clone) (UnityEngine.GameObject) (Card 4) did not match
[02:29:09] Enemy 2: Yellow_S(Clone) (UnityEngine.GameObject) (Card 5) did not match
[02:29:09] Enemy 2: Yellow_4(Clone) (UnityEngine.GameObject) (Card 6) did not match
[02:29:09] Enemy 2: Yellow_2(Clone) (UnityEngine.GameObject) (Card 7) did not match
[02:29:09] Enemy 2: Yellow_8(Clone) (UnityEngine.GameObject) (Card 8) did not match
[02:29:09] Top Deck Card:Blue_2(Clone) (UnityEngine.GameObject)
[02:29:09] Enemy 2: Drew Blue_2(Clone) (UnityEngine.GameObject)
[02:29:09] Enemy 2: Drew 1 cards
[02:29:09] Enemy 2: Does not have a match
[02:29:09] Top card: Blue_9(Clone) (UnityEngine.GameObject)
[02:29:09] Enemy 2: Yellow_R(Clone) (UnityEngine.GameObject) (Card 0) did not match
[02:29:09] Enemy 2: Yellow_1(Clone) (UnityEngine.GameObject) (Card 1) did not match
[02:29:09] Enemy 2: CardW4(Clone) (UnityEngine.GameObject) (Card 2) did not match
[02:29:09] Enemy 2: Red_0(Clone) (UnityEngine.GameObject) (Card 3) did not match
[02:29:09] Enemy 2: Red_2(Clone) (UnityEngine.GameObject) (Card 4) did not match
[02:29:09] Enemy 2: Yellow_S(Clone) (UnityEngine.GameObject) (Card 5) did not match
[02:29:09] Enemy 2: Yellow_4(Clone) (UnityEngine.GameObject) (Card 6) did not match
[02:29:09] Enemy 2: Yellow_2(Clone) (UnityEngine.GameObject) (Card 7) did not match
[02:29:09] Enemy 2: Yellow_8(Clone) (UnityEngine.GameObject) (Card 8) did not match
[02:29:09] Enemy 2: Red_8(Clone) (UnityEngine.GameObject) (Card 9) did not match
[02:29:09] Enemy 2: Played Blue_2(Clone) (UnityEngine.GameObject) (Card 10)
[02:29:09] Turns: 3
[02:29:09] Turns: 4
[02:29:09] Turns: 5
[02:29:09] Turns: 6
[02:29:09] Turns: 7
[03:13:22] Top card: 
[03:13:22] Delt cards
[03:13:22] Top card: Blue_2(Clone) (UnityEngine.GameObject)
[03:13:22] Top card: Blue_2(Clone) (UnityEngine.GameObject)
[03:13:22] Top card: Blue_2(Clone) (UnityEngine.GameObject)
[03:13:22] Top card: Blue_2(Clone) (UnityEngine.GameObject)
[03:13:22] Top card: Blue_2(Clone) (UnityEngine.GameObject)
[03:13:22] Top card: Blue_2(Clone) (UnityEngine.GameObject)
[03:13:22] Top card: Blue_2(Clone) (UnityEngine.GameObject)
[03:13:22] Top card: Blue_2(Clone) (UnityEngine.GameObject)
[03:13:22] Top card: Blue_2(Clone) (UnityEngine.GameObject)
[03:13:22] Top card: Blue_2(Clone) (UnityEngine.GameObject)
[03:13:22] Top card: Blue_2(Clone) (UnityEngine.GameObject)
[03:13:22] Top card: Blue_2(Clone) (UnityEngine.GameObject)
[03:13:22] Top card: Blue_2(Clone) (UnityEngine.GameObject)
[03:13:22] Top card: Blue_2(Clone) (UnityEngine.GameObject)
[03:13:22] Top card: Blue_2(Clone) (UnityEngine.GameObject)
[03:13:22] Top card: Blue_2(Clone) (UnityEngine.GameObject)
[03:13:22] Top card: Blue_2(Clone) (UnityEngine.GameObject)
[03:13:22] Top card: Blue_2(Clone) (UnityEngine.GameObject)
[03:13:22] Top card: Blue_2(Clone) (UnityEngine.GameObject)
[03:13:22] Top card: Blue_2(Clone) (UnityEngine.GameObject)
[03:13:22] Top card: Blue_2(Clone) (UnityEngine.GameObject)
[03:13:22] Top card: Blue_2(Clone) (UnityEngine.GameObject)
[03:13:22] Top card: Blue_2(Clone) (UnityEngine.GameObject)
[03:13:22] Top card: Blue_2(Clone) (UnityEngine.GameObject)
[03:13:22] Top card: Blue_2(Clone) (UnityEngine.GameObject)
[03:13:22] Top card: Blue_2(Clone) (UnityEngine.GameObject)
[03:13:22] Top card: Blue_2(Clone) (UnityEngine.GameObject)
[03:13:22] Top card: Blue_2(Clone) (UnityEngine.GameObject)
[03:13:22] Turns: 1
[03:13:22] Player: Played Red_9(Clone) (UnityEngine.GameObject)
[03:13:22] Turns: 1
[03:13:22] DiscardCounter: 1
[03:13:22] Top card: Red_9(Clone) (UnityEngine.GameObject)
[03:13:22] Top card: Red_9(Clone) (UnityEngine.GameObject)
[03:13:22] Enemy 1: Blue_5(Clone) (UnityEngine.GameObject) (Card 0) did not match
[03:13:22] Enemy 1: Played Red_1(Clone) (UnityEngine.GameObject) (Card 1)
[03:13:22] Turns: 2
[03:13:22] Top card: Red_1(Clone) (UnityEngine.GameObject)
[03:13:22] Top card: Red_1(Clone) (UnityEngine.GameObject)
[03:13:22] Enemy 2: Green_8(Clone) (UnityEngine.GameObject) (Card 0) did not match
[03:13:22] Enemy 2: Blue_2(Clone) (UnityEngine.GameObject) (Card 1) did not match
[03:13:22] Enemy 2: Green_2(Clone) (UnityEngine.GameObject) (Card 2) did not match
[03:13:22] Enemy 2: Green_4(Clone) (UnityEngine.GameObject) (Card 3) did not match
[03:13:22] Enemy 2: Green_6(Clone) (UnityEngine.GameObject) (Card 4) did not match
[03:13:22] Enemy 2: Yellow_5(Clone) (UnityEngine.GameObject) (Card 5) did not match
[03:13:22] Top Deck Card:Green_0(Clone) (UnityEngine.GameObject)
[03:13:22] Enemy 2: Drew Green_0(Clone) (UnityEngine.GameObject)
[03:13:22] Enemy 2: Drew 1 cards
[03:13:22] Enemy 2: Does not have a match
[03:13:22] Top card: Red_1(Clone) (UnityEngine.GameObject)
[03:13:22] Enemy 2: Green_8(Clone) (UnityEngine.GameObject) (Card 0) did not match
[03:13:22] Enemy 2: Blue_2(Clone) (UnityEngine.GameObject) (Card 1) did not match
[03:13:22] Enemy 2: Green_2(Clone) (UnityEngine.GameObject) (Card 2) did not match
[03:13:22] Enemy 2: Green_4(Clone) (UnityEngine.GameObject) (Card 3) did not match
[03:13:22] Enemy 2: Green_6(Clone) (UnityEngine.GameObject) (Card 4) did not match
[03:13:22] Enemy 2: Yellow_5(Clone) (UnityEngine.GameObject) (Card 5) did not match
[03:13:22] Enemy 2: Yellow_S(Clone) (UnityEngine.GameObject) (Card 6) did not match
[03:13:22] Top Deck Card:Blue_S(Clone) (UnityEngine.GameObject)
[03:13:22] Enemy 2: Drew Blue_S(Clone) (UnityEngine.GameObject)
[03:13:22] Enemy 2: Drew 1 cards
[03:13:22] Enemy 2: Does not have a match
[03:13:22] Top card: Red_1(Clone) (UnityEngine.GameObject)
[03:13:22] Enemy 2: Green_8(Clone) (UnityEngine.GameObject) (Card 0) did not match
[03:13:22] Enemy 2: Blue_2(Clone) (UnityEngine.GameObject) (Card 1) did not match
[03:13:22] Enemy 2: Green_2(Clone) (UnityEngine.GameObject) (Card 2) did not match
[03:13:22] Enemy 2: Green_4(Clone) (UnityEngine.GameObject) (Card 3) did not match
[03:13:22] Enemy 2: Green_6(Clone) (UnityEngine.GameObject) (Card 4) did not match
[03:13:22] Enemy 2: Yellow_5(Clone) (UnityEngine.GameObject) (Card 5) did not match
[03:13:22] Enemy 2: Yellow_S(Clone) (UnityEngine.GameObject) (Card 6) did not match
[03:13:22] Enemy 2: Green_0(Clone) (UnityEngine.GameObject) (Card 7) did not match
[03:13:22] Top Deck Card:CardW4(Clone) (UnityEngine.GameObject)
[03:13:22] Enemy 2: Drew CardW4(Clone) (UnityEngine.GameObject)
[03:13:22] Enemy 2: Drew 1 cards
[03:13:22] Enemy 2: Does not have a match
[03:13:22] Top card: Red_1(Clone) (UnityEngine.GameObject)
[03:13:22] Enemy 2: Green_8(Clone) (UnityEngine.GameObject) (Card 0) did not match
[03:13:22] Enemy 2: Blue_2(Clone) (UnityEngine.GameObject) (Card 1) did not match
[03:13:22] Enemy 2: Green_2(Clone) (UnityEngine.GameObject) (Card 2) did not match
[03:13:22] Enemy 2: Green_4(Clone) (UnityEngine.GameObject) (Card 3) did not match
[03:13:22] Enemy 2: Green_6(Clone) (UnityEngine.GameObject) (Card 4) did not match
[03:13:22] Enemy 2: Yellow_5(Clone) (UnityEngine.GameObject) (Card 5) did not match
[03:13:22] Enemy 2: Yellow_S(Clone) (UnityEngine.GameObject) (Card 6) did not match
[03:13:22] Enemy 2: Green_0(Clone) (UnityEngine.GameObject) (Card 7) did not match
[03:13:22] Enemy 2: Blue_S(Clone) (UnityEngine.GameObject) (Card 8) did not match
[03:13:22] Top Deck Card:Green_R(Clone) (UnityEngine.GameObject)
[03:13:22] Enemy 2: Drew Green_R(Clone) (UnityEngine.GameObject)
[03:13:22] Enemy 2: Drew 1 cards
[03:13:22] Enemy 2: Does not have a match
[03:13:22] Top card: Red_1(Clone) (UnityEngine.GameObject)
[03:13:22] Enemy 2: Green_8(Clone) (UnityEngine.GameObject) (Card 0) did not match
[03:13:22] Enemy 2: Blue_2(Clone) (UnityEngine.GameObject) (Card 1) did not match
[03:13:22] Enemy 2: Green_2(Clone) (UnityEngine.GameObject) (Card 2) did not match
[03:13:22] Enemy 2: Green_4(Clone) (UnityEngine.GameObject) (Card 3) did not match
[03:13:22] Enemy 2: Green_6(Clone) (UnityEngine.GameObject) (Card 4) did not match
[03:13:22] Enemy 2: Yellow_5(Clone) (UnityEngine.GameObject) (Card 5) did not match
[03:13:22] Enemy 2: Yellow_S(Clone) (UnityEngine.GameObject) (Card 6) did not match
[03:13:22] Enemy 2: Green_0(Clone) (UnityEngine.GameObject) (Card 7) did not match
[03:13:22] Enemy 2: Blue_S(Clone) (UnityEngine.GameObject) (Card 8) did not match
[03:13:22] Enemy 2: CardW4(Clone) (UnityEngine.GameObject) (Card 9) did not match
[03:13:22] Top Deck Card:Red_2(Clone) (UnityEngine.GameObject)
[03:13:22] Enemy 2: Drew Red_2(Clone) (UnityEngine.GameObject)
[03:13:22] Enemy 2: Drew 1 cards
[03:13:22] Enemy 2: Does not have a match
[03:13:22] Top card: Red_1(Clone) (UnityEngine.GameObject)
[03:13:22] Enemy 2: Green_8(Clone) (UnityEngine.GameObject) (Card 0) did not match
[03:13:22] Enemy 2: Blue_2(Clone) (UnityEngine.GameObject) (Card 1) did not match
[03:13:22] Enemy 2: Green_2(Clone) (UnityEngine.GameObject) (Card 2) did not match
[03:13:22] Enemy 2: Green_4(Clone) (UnityEngine.GameObject) (Card 3) did not match
[03:13:22] Enemy 2: Green_6(Clone) (UnityEngine.GameObject) (Card 4) did not match
[03:13:22] Enemy 2: Yellow_5(Clone) (UnityEngine.GameObject) (Card 5) did not match
[03:13:22] Enemy 2: Yellow_S(Clone) (UnityEngine.GameObject) (Card 6) did not match
[03:13:22] Enemy 2: Green_0(Clone) (UnityEngine.GameObject) (Card 7) did not match
[03:13:22] Enemy 2: Blue_S(Clone) (UnityEngine.GameObject) (Card 8) did not match
[03:13:22] Enemy 2: CardW4(Clone) (UnityEngine.GameObject) (Card 9) did not match
[03:13:22] Enemy 2: Green_R(Clone) (UnityEngine.GameObject) (Card 10) did not match
[03:13:22] Enemy 2: Played Red_2(Clone) (UnityEngine.GameObject) (Card 11)
[03:13:22] Turns: 3
[03:13:22] Turns: 4
[03:13:22] Turns: 5
[03:13:22] Turns: 6
[03:13:22] Turns: 7
[03:13:22] Turns: 8
