[08:20:16] Top card: 
[08:20:16] Delt cards
[08:20:16] Player: Played CardW4
[08:20:16] Player: Played CardW4(Clone) (UnityEngine.GameObject)
[08:20:16] Wild Menu shown
[08:20:16] Turns: 1
[08:20:16] Turns: 1
[08:20:16] Player called Yellow
[08:20:16] Wild Menu hidden
[08:20:16] Top card: CardW4(Clone) (UnityEngine.GameObject)
[08:20:16] Top Deck Card:Green_0(Clone) (UnityEngine.GameObject)
[08:20:16] Enemy 1: Drew Green_0(Clone) (UnityEngine.GameObject)
[08:20:16] Top Deck Card:Red_4(Clone) (UnityEngine.GameObject)
[08:20:16] Enemy 1: Drew Red_4(Clone) (UnityEngine.GameObject)
[08:20:16] Top Deck Card:Green_8(Clone) (UnityEngine.GameObject)
[08:20:16] Enemy 1: Drew Green_8(Clone) (UnityEngine.GameObject)
[08:20:16] Top Deck Card:Blue_2(Clone) (UnityEngine.GameObject)
[08:20:16] Enemy 1: Drew Blue_2(Clone) (UnityEngine.GameObject)
[08:20:16] Enemy 1: Drew 4 cards
[08:20:16] Skipped Enemy 1
[08:20:16] Top card: CardW4(Clone) (UnityEngine.GameObject)
[08:20:16] Top card: CardW4(Clone) (CardProperties)
[08:20:16] Enemy 2: Green_7(Clone) (UnityEngine.GameObject) (Card 0) did not match
[08:20:16] Enemy 2: Blue_3(Clone) (UnityEngine.GameObject) (Card 1) did not match
[08:20:16] Enemy 2: Played Yellow_5(Clone) (UnityEngine.GameObject) (Card 2)
[08:20:16] Turns: 3
[08:20:16] Top card: Yellow_5(Clone) (UnityEngine.GameObject)
[08:20:16] Top card: Yellow_5(Clone) (CardProperties)
[08:20:16] Enemy 3: Played Yellow_R(Clone) (UnityEngine.GameObject) (Card 0)
[08:20:16] Top card: Yellow_R(Clone) (CardProperties)
[08:20:16] Enemy 3: Played Yellow_R(Clone) (UnityEngine.GameObject) (Card 0)
[08:20:16] Turns: 2
[08:20:16] IsReversed: True
[08:20:16] Turns: 1
[08:20:16] Top card: Yellow_R(Clone) (UnityEngine.GameObject)
[08:20:16] Top card: Yellow_R(Clone) (CardProperties)
[08:20:16] Enemy 1: CardW(Clone) (UnityEngine.GameObject) (Card 0) did not match
[08:20:16] Enemy 1: Blue_S(Clone) (UnityEngine.GameObject) (Card 1) did not match
[08:20:16] Enemy 1: Green_D(Clone) (UnityEngine.GameObject) (Card 2) did not match
[08:20:16] Enemy 1: Red_R(Clone) (UnityEngine.GameObject) (Card 3) did not match
[08:20:16] Enemy 1: Red_9(Clone) (UnityEngine.GameObject) (Card 4) did not match
[08:20:16] Enemy 1: Played Yellow_0(Clone) (UnityEngine.GameObject) (Card 5)
[08:20:16] Turns: 0
