[01:16:19] Top card: 
[01:16:19] Delt cards
[01:16:19] Player: Played Red_4
[01:16:19] Turns: 1
[01:16:19] Turns: 1
[01:16:19] Top card: Red_4(Clone) (UnityEngine.GameObject)
[01:16:19] Top card: Red_4(Clone) (CardProperties)
[01:16:19] Enemy 1: CardW4(Clone) (UnityEngine.GameObject) (Card 0) did not match
[01:16:19] Enemy 1: Yellow_1(Clone) (UnityEngine.GameObject) (Card 1) did not match
[01:16:19] Enemy 1: Yellow_2(Clone) (UnityEngine.GameObject) (Card 2) did not match
[01:16:19] Enemy 1: Blue_S(Clone) (UnityEngine.GameObject) (Card 3) did not match
[01:16:19] Enemy 1: Yellow_6(Clone) (UnityEngine.GameObject) (Card 4) did not match
[01:16:19] Enemy 1: Green_R(Clone) (UnityEngine.GameObject) (Card 5) did not match
[01:16:19] Enemy 1: Played Red_8(Clone) (UnityEngine.GameObject) (Card 6)
[01:16:19] Turns: 2
[01:16:19] Top card: Red_8(Clone) (UnityEngine.GameObject)
[01:16:19] Top card: Red_8(Clone) (CardProperties)
[01:16:19] Enemy 2: Blue_6(Clone) (UnityEngine.GameObject) (Card 0) did not match
[01:16:19] Enemy 2: CardW4(Clone) (UnityEngine.GameObject) (Card 1) did not match
[01:16:19] Enemy 2: Blue_S(Clone) (UnityEngine.GameObject) (Card 2) did not match
[01:16:19] Enemy 2: Green_R(Clone) (UnityEngine.GameObject) (Card 3) did not match
[01:16:19] Enemy 2: Green_3(Clone) (UnityEngine.GameObject) (Card 4) did not match
[01:16:19] Enemy 2: Played Green_8(Clone) (UnityEngine.GameObject) (Card 5)
[01:16:19] Turns: 3
[01:16:19] Top card: Green_8(Clone) (UnityEngine.GameObject)
[01:16:19] Top card: Green_8(Clone) (CardProperties)
[01:16:19] Enemy 3: Red_3(Clone) (UnityEngine.GameObject) (Card 0) did not match
[01:16:19] Enemy 3: Red_6(Clone) (UnityEngine.GameObject) (Card 1) did not match
[01:16:19] Enemy 3: Played Green_2(Clone) (UnityEngine.GameObject) (Card 2)
[01:16:19] Turns: 0
[01:16:19] Player: Played Green_2
[01:16:19] Turns: 1
[01:16:19] Turns: 1
[01:16:19] Top card: Green_2(Clone) (UnityEngine.GameObject)
[01:16:19] Top card: Green_2(Clone) (CardProperties)
[01:16:19] Enemy 1: CardW4(Clone) (UnityEngine.GameObject) (Card 0) did not match
[01:16:19] Enemy 1: Yellow_1(Clone) (UnityEngine.GameObject) (Card 1) did not match
[01:16:19] Enemy 1: Played Yellow_2(Clone) (UnityEngine.GameObject) (Card 2)
[01:16:19] Removed Red_4(Clone) (UnityEngine.GameObject)
[01:16:19] Turns: 2
[01:16:19] Top card: Yellow_2(Clone) (UnityEngine.GameObject)
[01:16:19] Top card: Yellow_2(Clone) (CardProperties)
[01:16:19] Enemy 2: Blue_6(Clone) (UnityEngine.GameObject) (Card 0) did not match
[01:16:19] Enemy 2: CardW4(Clone) (UnityEngine.GameObject) (Card 1) did not match
[01:16:19] Enemy 2: Blue_S(Clone) (UnityEngine.GameObject) (Card 2) did not match
[01:16:19] Enemy 2: Green_R(Clone) (UnityEngine.GameObject) (Card 3) did not match
[01:16:19] Enemy 2: Green_3(Clone) (UnityEngine.GameObject) (Card 4) did not match
[01:16:19] Enemy 2: Red_9(Clone) (UnityEngine.GameObject) (Card 5) did not match
[01:16:19] HasFoundMatch = False
[01:16:19] Top Deck Card:Green_D(Clone) (UnityEngine.GameObject)
[01:16:19] Enemy 2: Drew Green_D(Clone) (UnityEngine.GameObject)
[01:16:19] Enemy 2: Drew 1 cards
[01:16:19] Turns: 3
[01:16:19] Top card: Yellow_2(Clone) (UnityEngine.GameObject)
[01:16:19] Top card: Yellow_2(Clone) (CardProperties)
[01:16:19] Enemy 3: Red_3(Clone) (UnityEngine.GameObject) (Card 0) did not match
[01:16:19] Enemy 3: Red_6(Clone) (UnityEngine.GameObject) (Card 1) did not match
[01:16:19] Enemy 3: Green_7(Clone) (UnityEngine.GameObject) (Card 2) did not match
[01:16:19] Enemy 3: Red_7(Clone) (UnityEngine.GameObject) (Card 3) did not match
[01:16:19] Enemy 3: Played Yellow_3(Clone) (UnityEngine.GameObject) (Card 4)
[01:16:19] Removed Red_8(Clone) (UnityEngine.GameObject)
[01:16:19] Turns: 0
[01:16:19] Player: Played Yellow_7
[01:16:19] Removed Green_8(Clone) (UnityEngine.GameObject)
[01:16:19] Turns: 1
[01:16:19] Turns: 1
[01:16:19] Top card: Yellow_7(Clone) (UnityEngine.GameObject)
[01:16:19] Top card: Yellow_7(Clone) (CardProperties)
[01:16:19] Enemy 1: CardW4(Clone) (UnityEngine.GameObject) (Card 0) did not match
[01:16:19] Enemy 1: Played Yellow_1(Clone) (UnityEngine.GameObject) (Card 1)
[01:16:19] Removed Green_2(Clone) (UnityEngine.GameObject)
[01:16:19] Turns: 2
[01:16:19] Top card: Yellow_1(Clone) (UnityEngine.GameObject)
[01:16:19] Top card: Yellow_1(Clone) (CardProperties)
[01:16:19] Enemy 2: Blue_6(Clone) (UnityEngine.GameObject) (Card 0) did not match
[01:16:19] Enemy 2: CardW4(Clone) (UnityEngine.GameObject) (Card 1) did not match
[01:16:19] Enemy 2: Blue_S(Clone) (UnityEngine.GameObject) (Card 2) did not match
[01:16:19] Enemy 2: Green_R(Clone) (UnityEngine.GameObject) (Card 3) did not match
[01:16:19] Enemy 2: Green_3(Clone) (UnityEngine.GameObject) (Card 4) did not match
[01:16:19] Enemy 2: Red_9(Clone) (UnityEngine.GameObject) (Card 5) did not match
[01:16:19] Enemy 2: Green_D(Clone) (UnityEngine.GameObject) (Card 6) did not match
[01:16:19] HasFoundMatch = False
[01:16:19] Top Deck Card:Red_7(Clone) (UnityEngine.GameObject)
[01:16:19] Enemy 2: Drew Red_7(Clone) (UnityEngine.GameObject)
[01:16:19] Enemy 2: Drew 1 cards
[01:16:19] Turns: 3
[01:16:19] Top card: Yellow_1(Clone) (UnityEngine.GameObject)
[01:16:19] Top card: Yellow_1(Clone) (CardProperties)
[01:16:19] Enemy 3: Red_3(Clone) (UnityEngine.GameObject) (Card 0) did not match
[01:16:19] Enemy 3: Red_6(Clone) (UnityEngine.GameObject) (Card 1) did not match
[01:16:19] Enemy 3: Green_7(Clone) (UnityEngine.GameObject) (Card 2) did not match
[01:16:19] Enemy 3: Red_7(Clone) (UnityEngine.GameObject) (Card 3) did not match
[01:16:19] Enemy 3: Red_6(Clone) (UnityEngine.GameObject) (Card 4) did not match
[01:16:19] HasFoundMatch = False
[01:16:19] Top Deck Card:Blue_0(Clone) (UnityEngine.GameObject)
[01:16:19] Enemy 3: Drew Blue_0(Clone) (UnityEngine.GameObject)
[01:16:19] Enemy 3: Drew 1 cards
[01:16:19] Turns: 0
[01:16:19] Player: Played Yellow_1
[01:16:19] Removed Green_2(Clone) (UnityEngine.GameObject)
[01:16:19] Turns: 1
[01:16:19] Turns: 1
[01:16:19] Top card: Yellow_1(Clone) (UnityEngine.GameObject)
[01:16:19] Top card: Yellow_1(Clone) (CardProperties)
[01:16:19] Enemy 1: CardW4(Clone) (UnityEngine.GameObject) (Card 0) did not match
[01:16:19] Enemy 1: Blue_S(Clone) (UnityEngine.GameObject) (Card 1) did not match
[01:16:19] Enemy 1: Played Yellow_6(Clone) (UnityEngine.GameObject) (Card 2)
[01:16:19] Removed Yellow_2(Clone) (UnityEngine.GameObject)
[01:16:19] Turns: 2
[01:16:19] Top card: Yellow_6(Clone) (UnityEngine.GameObject)
[01:16:19] Top card: Yellow_6(Clone) (CardProperties)
[01:16:19] Enemy 2: Played Blue_6(Clone) (UnityEngine.GameObject) (Card 0)
[01:16:19] Removed Yellow_3(Clone) (UnityEngine.GameObject)
[01:16:19] Turns: 3
[01:16:19] Top card: Blue_6(Clone) (UnityEngine.GameObject)
[01:16:19] Top card: Blue_6(Clone) (CardProperties)
[01:16:19] Enemy 3: Red_3(Clone) (UnityEngine.GameObject) (Card 0) did not match
[01:16:19] Enemy 3: Played Red_6(Clone) (UnityEngine.GameObject) (Card 1)
[01:16:19] Removed Yellow_7(Clone) (UnityEngine.GameObject)
[01:16:19] Turns: 0
[01:16:19] Player: Played CardW4
[01:16:19] Removed Yellow_1(Clone) (UnityEngine.GameObject)
[01:16:19] Wild Menu shown
[01:16:19] Turns: 1
[01:16:19] Turns: 1
[01:16:19] Player called Blue
[01:16:19] Wild Menu hidden
[01:16:19] Top card: CardW4(Clone) (UnityEngine.GameObject)
[01:16:19] Top Deck Card:Red_5(Clone) (UnityEngine.GameObject)
[01:16:19] Enemy 1: Drew Red_5(Clone) (UnityEngine.GameObject)
[01:16:19] Top Deck Card:Blue_D(Clone) (UnityEngine.GameObject)
[01:16:19] Enemy 1: Drew Blue_D(Clone) (UnityEngine.GameObject)
[01:16:19] Top Deck Card:Yellow_R(Clone) (UnityEngine.GameObject)
[01:16:19] Enemy 1: Drew Yellow_R(Clone) (UnityEngine.GameObject)
[01:16:19] Top Deck Card:Yellow_D(Clone) (UnityEngine.GameObject)
[01:16:19] Enemy 1: Drew Yellow_D(Clone) (UnityEngine.GameObject)
[01:16:19] Enemy 1: Drew 4 cards
[01:16:19] Skipped Enemy 1
[01:16:19] Top card: CardW4(Clone) (UnityEngine.GameObject)
[01:16:19] Top card: CardW4(Clone) (CardProperties)
[01:16:19] Enemy 2: CardW4(Clone) (UnityEngine.GameObject) (Card 0) did not match
[01:16:19] Enemy 2: Played Blue_S(Clone) (UnityEngine.GameObject) (Card 1)
[01:16:19] Removed Yellow_1(Clone) (UnityEngine.GameObject)
[01:16:19] Turns: 3
[01:16:19] Top card: Blue_S(Clone) (UnityEngine.GameObject)
[01:16:19] Skipped Enemy 3
[01:16:19] Player: Played Blue_6
[01:16:19] Removed Yellow_6(Clone) (UnityEngine.GameObject)
[01:16:19] Turns: 1
[01:16:19] Turns: 1
[01:16:19] Top card: Blue_6(Clone) (UnityEngine.GameObject)
[01:16:19] Top card: Blue_6(Clone) (CardProperties)
[01:16:19] Enemy 1: CardW4(Clone) (UnityEngine.GameObject) (Card 0) did not match
[01:16:19] Enemy 1: Played Blue_S(Clone) (UnityEngine.GameObject) (Card 1)
[01:16:19] Removed Blue_6(Clone) (UnityEngine.GameObject)
[01:16:19] Turns: 2
[01:16:19] Top card: Blue_S(Clone) (UnityEngine.GameObject)
[01:16:19] Skipped Enemy 2
[01:16:19] Top card: Blue_S(Clone) (UnityEngine.GameObject)
[01:16:19] Top card: Blue_S(Clone) (CardProperties)
[01:16:19] Enemy 3: Red_3(Clone) (UnityEngine.GameObject) (Card 0) did not match
[01:16:19] Enemy 3: Green_7(Clone) (UnityEngine.GameObject) (Card 1) did not match
[01:16:19] Enemy 3: Red_7(Clone) (UnityEngine.GameObject) (Card 2) did not match
[01:16:19] Enemy 3: Red_6(Clone) (UnityEngine.GameObject) (Card 3) did not match
[01:16:19] Enemy 3: Played Blue_0(Clone) (UnityEngine.GameObject) (Card 4)
[01:16:19] Removed Red_6(Clone) (UnityEngine.GameObject)
[01:16:19] Turns: 0
[01:16:19] Player: Played Blue_5
[01:16:19] Removed CardW4(Clone) (UnityEngine.GameObject)
[01:16:19] Turns: 1
[01:16:19] Turns: 1
[01:16:19] Top card: Blue_5(Clone) (UnityEngine.GameObject)
[01:16:19] Top card: Blue_5(Clone) (CardProperties)
[01:16:19] Enemy 1: CardW4(Clone) (UnityEngine.GameObject) (Card 0) did not match
[01:16:19] Enemy 1: Green_R(Clone) (UnityEngine.GameObject) (Card 1) did not match
[01:16:19] Enemy 1: Played Red_5(Clone) (UnityEngine.GameObject) (Card 2)
[01:16:19] Removed Blue_S(Clone) (UnityEngine.GameObject)
[01:16:19] Turns: 2
[01:16:19] Top card: Red_5(Clone) (UnityEngine.GameObject)
[01:16:19] Top card: Red_5(Clone) (CardProperties)
[01:16:19] Enemy 2: CardW4(Clone) (UnityEngine.GameObject) (Card 0) did not match
[01:16:19] Enemy 2: Green_R(Clone) (UnityEngine.GameObject) (Card 1) did not match
[01:16:19] Enemy 2: Green_3(Clone) (UnityEngine.GameObject) (Card 2) did not match
[01:16:19] Enemy 2: Played Red_9(Clone) (UnityEngine.GameObject) (Card 3)
[01:16:19] Removed Blue_6(Clone) (UnityEngine.GameObject)
[01:16:19] Turns: 3
[01:16:19] Top card: Red_9(Clone) (UnityEngine.GameObject)
[01:16:19] Top card: Red_9(Clone) (CardProperties)
[01:16:19] Enemy 3: Played Red_3(Clone) (UnityEngine.GameObject) (Card 0)
[01:16:19] Removed Blue_S(Clone) (UnityEngine.GameObject)
[01:16:19] Turns: 0
[11:16:48] Top card: 
[11:16:48] Delt cards
[11:16:48] Player: Played Blue_S
[11:16:48] Turns: 0
[11:16:48] Player: Played Blue_S
[11:16:48] Turns: 1
[11:16:48] Top card: Blue_S(Clone) (UnityEngine.GameObject)
[11:16:48] PlayableCards[0]: WildDraw4
[11:16:48] Turns: 2
[11:16:48] Top card: Blue_S(Clone) (UnityEngine.GameObject)
[11:16:48] PlayableCards[0]: Wild
[11:16:48] Turns: 3
[11:16:48] Top card: Blue_S(Clone) (UnityEngine.GameObject)
[11:16:48] PlayableCards[0]: Three
[11:16:48] Top card: Blue_S(Clone) (UnityEngine.GameObject)
[11:16:48] PlayableCards[0]: Three
[11:16:48] PlayableCards[1]: Three
[11:16:48] Top card: Blue_S(Clone) (UnityEngine.GameObject)
[11:16:48] PlayableCards[0]: Three
[11:16:48] PlayableCards[1]: Three
[11:16:48] PlayableCards[2]: Three
[11:16:48] Turns: 3
[11:16:48] Player: Played Blue_S
[11:16:48] Turns: 3
