[10:59:06] Player received: Yellow_5(Clone)
[10:59:06] Enemy1 received: Green_2(Clone)
[10:59:06] Enemy2 received: CardW4(Clone)
[10:59:06] Enemy3 received: CardW4(Clone)
[10:59:06] Player received: Red_7(Clone)
[10:59:06] Enemy1 received: Red_1(Clone)
[10:59:06] Enemy2 received: Red_6(Clone)
[10:59:06] Enemy3 received: Blue_5(Clone)
[10:59:06] Player received: Red_8(Clone)
[10:59:06] Enemy1 received: Blue_4(Clone)
[10:59:06] Enemy2 received: Yellow_3(Clone)
[10:59:06] Enemy3 received: Blue_D(Clone)
[10:59:06] Player received: CardW(Clone)
[10:59:06] Enemy1 received: Green_D(Clone)
[10:59:06] Enemy2 received: Blue_9(Clone)
[10:59:06] Enemy3 received: Blue_7(Clone)
[10:59:06] Player received: Green_D(Clone)
[10:59:06] Enemy1 received: Green_4(Clone)
[10:59:06] Enemy2 received: Green_R(Clone)
[10:59:06] Enemy3 received: Green_5(Clone)
[10:59:06] Player received: Yellow_6(Clone)
[10:59:06] Enemy1 received: Red_D(Clone)
[10:59:06] Enemy2 received: Blue_6(Clone)
[10:59:06] Enemy3 received: CardW4(Clone)
[10:59:06] Player received: Green_D(Clone)
[10:59:06] Enemy1 received: Green_3(Clone)
[10:59:06] Enemy2 received: Yellow_S(Clone)
[10:59:06] Enemy3 received: Yellow_R(Clone)
[10:59:06] DiscardPile received: Blue_6(Clone)
[10:59:06] Dealt cards
[10:59:06] Wild Menu shown
[10:59:06] Player: Played CardW(Clone)
[10:59:06] Player called Red
[10:59:06] Wild Menu hidden
