[09:42:22] Top card: 
[09:42:22] Delt cards
[09:42:22] Top card: Yellow_3(Clone) (UnityEngine.GameObject)
[09:42:22] Top card: Yellow_3(Clone) (UnityEngine.GameObject)
[09:42:22] Top card: Yellow_3(Clone) (UnityEngine.GameObject)
[09:42:22] Top card: Yellow_3(Clone) (UnityEngine.GameObject)
[09:42:22] Top card: Yellow_3(Clone) (UnityEngine.GameObject)
[09:42:22] Top card: Yellow_3(Clone) (UnityEngine.GameObject)
[09:42:22] Top card: Yellow_3(Clone) (UnityEngine.GameObject)
[09:42:22] Top card: Yellow_3(Clone) (UnityEngine.GameObject)
[09:42:22] Top card: Yellow_3(Clone) (UnityEngine.GameObject)
[09:42:22] Top card: Yellow_3(Clone) (UnityEngine.GameObject)
[09:42:22] Top card: Yellow_3(Clone) (UnityEngine.GameObject)
[09:42:22] Top card: Yellow_3(Clone) (UnityEngine.GameObject)
[09:42:22] Top card: Yellow_3(Clone) (UnityEngine.GameObject)
[09:42:22] Top card: Yellow_3(Clone) (UnityEngine.GameObject)
[09:42:22] Top card: Yellow_3(Clone) (UnityEngine.GameObject)
[09:42:22] Top card: Yellow_3(Clone) (UnityEngine.GameObject)
[09:42:22] Top card: Yellow_3(Clone) (UnityEngine.GameObject)
[09:42:22] Top card: Yellow_3(Clone) (UnityEngine.GameObject)
[09:42:22] Top card: Yellow_3(Clone) (UnityEngine.GameObject)
[09:42:22] Top card: Yellow_3(Clone) (UnityEngine.GameObject)
[09:42:22] Top card: Yellow_3(Clone) (UnityEngine.GameObject)
[09:42:22] Top card: Yellow_3(Clone) (UnityEngine.GameObject)
[09:42:22] Top card: Yellow_3(Clone) (UnityEngine.GameObject)
[09:42:22] Top card: Yellow_3(Clone) (UnityEngine.GameObject)
[09:42:22] Top card: Yellow_3(Clone) (UnityEngine.GameObject)
[09:42:22] Top card: Yellow_3(Clone) (UnityEngine.GameObject)
[09:42:22] Top card: Yellow_3(Clone) (UnityEngine.GameObject)
[09:42:22] Top card: Yellow_3(Clone) (UnityEngine.GameObject)
[09:42:22] Player: Played Blue_8(Clone) (UnityEngine.GameObject)
[09:42:22] Turns: 1
[09:42:22] Turns: 1
[09:42:22] Top card: Blue_8(Clone) (UnityEngine.GameObject)
[09:42:22] Top card: Blue_8(Clone) (CardProperties)
[09:42:22] Enemy 1: Red_5(Clone) (UnityEngine.GameObject) (Card 0) did not match
[09:42:22] Enemy 1: Played Blue_8(Clone) (UnityEngine.GameObject) (Card 1)
[09:42:22] Turns: 2
[09:42:22] Top card: Blue_8(Clone) (UnityEngine.GameObject)
[09:42:22] Top card: Blue_8(Clone) (CardProperties)
[09:42:22] Enemy 2: Played Blue_4(Clone) (UnityEngine.GameObject) (Card 0)
[09:42:22] Turns: 3
[09:42:22] Top card: Blue_4(Clone) (UnityEngine.GameObject)
[09:42:22] Top card: Blue_4(Clone) (CardProperties)
[09:42:22] Enemy 3: Yellow_2(Clone) (UnityEngine.GameObject) (Card 0) did not match
[09:42:22] Enemy 3: Yellow_8(Clone) (UnityEngine.GameObject) (Card 1) did not match
[09:42:22] Enemy 3: Played Yellow_4(Clone) (UnityEngine.GameObject) (Card 2)
[09:42:22] Turns: 0
[10:22:16] Top card: 
[10:22:16] Delt cards
