[01:32:45] Top card: 
[01:32:45] Delt cards
[01:32:45] Top card: CardW(Clone) (UnityEngine.GameObject)
[01:32:45] Top card: CardW(Clone) (UnityEngine.GameObject)
[01:32:45] Top card: CardW(Clone) (UnityEngine.GameObject)
[01:32:45] Top card: CardW(Clone) (UnityEngine.GameObject)
[01:32:45] Top card: CardW(Clone) (UnityEngine.GameObject)
[01:32:45] Top card: CardW(Clone) (UnityEngine.GameObject)
[01:32:45] Top card: CardW(Clone) (UnityEngine.GameObject)
[01:32:45] Top card: CardW(Clone) (UnityEngine.GameObject)
[01:32:45] Top card: CardW(Clone) (UnityEngine.GameObject)
[01:32:45] Top card: CardW(Clone) (UnityEngine.GameObject)
[01:32:45] Top card: CardW(Clone) (UnityEngine.GameObject)
[01:32:45] Top card: CardW(Clone) (UnityEngine.GameObject)
[01:32:45] Top card: CardW(Clone) (UnityEngine.GameObject)
[01:32:45] Top card: CardW(Clone) (UnityEngine.GameObject)
[01:32:45] Top card: CardW(Clone) (UnityEngine.GameObject)
[01:32:45] Top card: CardW(Clone) (UnityEngine.GameObject)
[01:32:45] Top card: CardW(Clone) (UnityEngine.GameObject)
[01:32:45] Top card: CardW(Clone) (UnityEngine.GameObject)
[01:32:45] Top card: CardW(Clone) (UnityEngine.GameObject)
[01:32:45] Top card: CardW(Clone) (UnityEngine.GameObject)
[01:32:45] Top card: CardW(Clone) (UnityEngine.GameObject)
[01:32:45] Top card: CardW(Clone) (UnityEngine.GameObject)
[01:32:45] Top card: CardW(Clone) (UnityEngine.GameObject)
[01:32:45] Top card: CardW(Clone) (UnityEngine.GameObject)
[01:32:45] Top card: CardW(Clone) (UnityEngine.GameObject)
[01:32:45] Top card: CardW(Clone) (UnityEngine.GameObject)
[01:32:45] Top card: CardW(Clone) (UnityEngine.GameObject)
[01:32:45] Top card: CardW(Clone) (UnityEngine.GameObject)
[01:32:45] Turns: 1
[01:32:45] Player: Played Blue_D(Clone) (UnityEngine.GameObject)
[01:32:45] Turns: 1
[01:32:45] DiscardCounter: 1
[01:32:45] Top card: Blue_D(Clone) (UnityEngine.GameObject)
[01:32:45] Top Deck Card:Red_2(Clone) (UnityEngine.GameObject)
[01:32:45] Enemy 1: Drew Red_2(Clone) (UnityEngine.GameObject)
[01:32:45] Top Deck Card:Green_4(Clone) (UnityEngine.GameObject)
[01:32:45] Enemy 1: Drew Green_4(Clone) (UnityEngine.GameObject)
[01:32:45] Enemy 1: Drew 2 cards
[01:32:45] Skipped Enemy 1
[01:32:45] Top card: Blue_D(Clone) (UnityEngine.GameObject)
[01:32:45] Top card: Blue_D(Clone) (UnityEngine.GameObject)
[01:32:45] Turns: 3
[01:32:45] Enemy 2: Red_9(Clone) (UnityEngine.GameObject) (Card 0) did not match
[01:32:45] Turns: 4
[01:32:45] Enemy 2: Red_R(Clone) (UnityEngine.GameObject) (Card 1) did not match
[01:32:45] Turns: 5
[01:32:45] Enemy 2: Red_R(Clone) (UnityEngine.GameObject) (Card 2) did not match
[01:32:45] Turns: 6
[01:32:45] Enemy 2: CardW(Clone) (UnityEngine.GameObject) (Card 3) did not match
[01:32:45] Turns: 7
[01:32:45] Enemy 2: Yellow_5(Clone) (UnityEngine.GameObject) (Card 4) did not match
[01:32:45] Turns: 8
[01:32:45] Enemy 2: Green_5(Clone) (UnityEngine.GameObject) (Card 5) did not match
[01:32:45] Enemy 2: Played Blue_4(Clone) (UnityEngine.GameObject) (Card 6)
[01:32:45] Turns: 9
[04:45:29] Top card: 
[04:45:29] Delt cards
[04:45:29] Top card: 
[04:45:29] Top card: 
[04:45:29] Top card: 
[04:45:29] Top card: 
[04:45:29] Top card: 
[04:45:29] Top card: 
[04:45:29] Top card: 
[04:45:29] Top card: 
[04:45:29] Top card: 
[04:45:29] Top card: 
[04:45:29] Top card: 
[04:45:29] Top card: 
[04:45:29] Top card: 
[04:45:29] Top card: 
[04:45:29] Top card: 
[04:45:29] Top card: 
[04:45:29] Top card: 
[04:45:29] Top card: 
[04:45:29] Top card: 
[04:45:29] Top card: 
[04:45:29] Player: Played CardW(Clone) (UnityEngine.GameObject)
