[09:43:21] Player received: CardW4(Clone)
[09:43:21] Enemy1 received: Yellow_6(Clone)
[09:43:21] Enemy2 received: Green_9(Clone)
[09:43:21] Enemy3 received: Yellow_9(Clone)
[09:43:21] Player received: Blue_3(Clone)
[09:43:21] Enemy1 received: Green_7(Clone)
[09:43:21] Enemy2 received: Blue_2(Clone)
[09:43:21] Enemy3 received: Red_2(Clone)
[09:43:21] Player received: Yellow_5(Clone)
[09:43:21] Enemy1 received: Blue_5(Clone)
[09:43:21] Enemy2 received: CardW(Clone)
[09:43:21] Enemy3 received: Blue_9(Clone)
[09:43:21] Player received: CardW(Clone)
[09:43:21] Enemy1 received: Blue_D(Clone)
[09:43:21] Enemy2 received: Green_8(Clone)
[09:43:21] Enemy3 received: Yellow_S(Clone)
[09:43:21] Player received: Blue_D(Clone)
[09:43:21] Enemy1 received: Green_7(Clone)
[09:43:21] Enemy2 received: Blue_S(Clone)
[09:43:21] Enemy3 received: Green_D(Clone)
[09:43:21] Player received: Blue_0(Clone)
[09:43:21] Enemy1 received: Green_3(Clone)
[09:43:21] Enemy2 received: Green_2(Clone)
[09:43:21] Enemy3 received: Yellow_7(Clone)
[09:43:21] Player received: Blue_S(Clone)
[09:43:21] Enemy1 received: CardW(Clone)
[09:43:21] Enemy2 received: Yellow_4(Clone)
[09:43:21] Enemy3 received: CardW4(Clone)
[09:43:21] DiscardPile received: Green_9(Clone)
[09:43:21] Dealt cards
