[06:21:02]Last card index0
[06:21:02]Last card index0
[06:21:02]Last card index0
[06:21:02]Last card index0
[06:21:02]Last card index0
[06:21:02]Last card index0
[06:21:02]Last card index0
[06:21:02]Last card index0
[06:21:02]Last card index0
[06:21:02]Last card index0
[06:21:02]Last card index0
[06:21:02]Last card index0
[06:21:02]Last card index0
[06:21:02]Last card index0
[06:21:02]Last card index0
[06:21:02]Last card index0
[06:21:02]Last card index0
[06:21:02]Last card index0
[06:21:02]Last card index0
[06:21:02]Last card index0
[06:21:02]Last card index0
[06:21:02]Last card index0
[06:21:02]Last card index0
[06:21:02]Last card index0
[06:21:02]Last card index0
[06:21:02]Last card index0
[06:21:02]Last card index0
[06:21:02]Last card index0
[06:21:02]Last card index0
[06:21:02]Player: played card
[06:21:02]Turns = 1
[06:21:02]DiscardCounter: 1
[06:21:02]The top card is BlueTwo
[06:21:02]Enemy 1: Played card
[06:21:02]Turns = 2
[06:21:02]The top card is BlueTwo
[06:21:02]Enemy 2: Played card
[06:21:02]Turns = 3
[06:21:02]The top card is BlueTwo
[06:21:02]Enemy 3: Card couldn't be played
[06:21:02]Enemy 3: Skiping turn
