[10:13:45]Top card: 
[10:13:45]Top card: Yellow_5(Clone) (UnityEngine.GameObject)
[10:13:45]Top card: Yellow_5(Clone) (UnityEngine.GameObject)
[10:13:45]Top card: Yellow_5(Clone) (UnityEngine.GameObject)
[10:13:45]Top card: Yellow_5(Clone) (UnityEngine.GameObject)
[10:13:45]Top card: Yellow_5(Clone) (UnityEngine.GameObject)
[10:13:45]Top card: Yellow_5(Clone) (UnityEngine.GameObject)
[10:13:45]Top card: Yellow_5(Clone) (UnityEngine.GameObject)
[10:13:45]Top card: Yellow_5(Clone) (UnityEngine.GameObject)
[10:13:45]Top card: Yellow_5(Clone) (UnityEngine.GameObject)
[10:13:45]Top card: Yellow_5(Clone) (UnityEngine.GameObject)
[10:13:45]Top card: Yellow_5(Clone) (UnityEngine.GameObject)
[10:13:45]Top card: Yellow_5(Clone) (UnityEngine.GameObject)
[10:13:45]Top card: Yellow_5(Clone) (UnityEngine.GameObject)
[10:13:45]Top card: Yellow_5(Clone) (UnityEngine.GameObject)
[10:13:45]Top card: Yellow_5(Clone) (UnityEngine.GameObject)
[10:13:45]Top card: Yellow_5(Clone) (UnityEngine.GameObject)
[10:13:45]Top card: Yellow_5(Clone) (UnityEngine.GameObject)
[10:13:45]Top card: Yellow_5(Clone) (UnityEngine.GameObject)
[10:13:45]Top card: Yellow_5(Clone) (UnityEngine.GameObject)
[10:13:45]Top card: Yellow_5(Clone) (UnityEngine.GameObject)
[10:13:45]Top card: Yellow_5(Clone) (UnityEngine.GameObject)
[10:13:45]Top card: Yellow_5(Clone) (UnityEngine.GameObject)
[10:13:45]Top card: Yellow_5(Clone) (UnityEngine.GameObject)
[10:13:45]Top card: Yellow_5(Clone) (UnityEngine.GameObject)
[10:13:45]Top card: Yellow_5(Clone) (UnityEngine.GameObject)
[10:13:45]Top card: Yellow_5(Clone) (UnityEngine.GameObject)
[10:13:45]Top card: Yellow_5(Clone) (UnityEngine.GameObject)
[10:13:45]Top card: Yellow_5(Clone) (UnityEngine.GameObject)
[10:13:45]Player: played card
[10:13:45]Turns = 1
[10:13:45]DiscardCounter: 1
[10:13:45]Top card: Green_5(Clone) (UnityEngine.GameObject)
[10:13:45]Top card: Green_5(Clone) (UnityEngine.GameObject)
[10:13:45]Enemy 1: Yellow_6(Clone) (UnityEngine.GameObject) (Card 0) did not match
[10:13:45]Enemy 1: Red_4(Clone) (UnityEngine.GameObject) (Card 1) did not match
[10:13:45]Enemy 1: CardW(Clone) (UnityEngine.GameObject) (Card 2) did not match
[10:13:45]Enemy 1: Played Green_5(Clone) (UnityEngine.GameObject)(Card3)
[10:13:45]Turns: 2
[10:13:45]Top card: Green_5(Clone) (UnityEngine.GameObject)
[10:13:45]Top card: Green_5(Clone) (UnityEngine.GameObject)
[10:13:45]Enemy 2: CardW4(Clone) (UnityEngine.GameObject) (Card 0) did not match
[10:13:45]Enemy 2: Blue_1(Clone) (UnityEngine.GameObject) (Card 1) did not match
[10:13:45]Enemy 2: Played Green_2(Clone) (UnityEngine.GameObject)(Card2)
[10:13:45]Turns: 3
[10:13:45]Top card: Green_2(Clone) (UnityEngine.GameObject)
[10:13:45]Top card: Green_2(Clone) (UnityEngine.GameObject)
[10:13:45]Enemy 3: Played Green_1(Clone) (UnityEngine.GameObject)(Card0)
[10:13:45]Turns: 0
[10:13:45]Player: played card
[10:13:45]Turns = 1
[10:13:45]DiscardCounter: 1
[10:13:45]Top card: Green_3(Clone) (UnityEngine.GameObject)
[10:13:45]Top card: Green_3(Clone) (UnityEngine.GameObject)
[10:13:45]Enemy 1: Yellow_6(Clone) (UnityEngine.GameObject) (Card 0) did not match
[10:13:45]Enemy 1: Red_4(Clone) (UnityEngine.GameObject) (Card 1) did not match
[10:13:45]Enemy 1: CardW(Clone) (UnityEngine.GameObject) (Card 2) did not match
[10:13:45]Enemy 1: Played Green_5(Clone) (UnityEngine.GameObject)(Card3)
[10:13:45]Turns: 2
[10:13:45]Top card: Green_5(Clone) (UnityEngine.GameObject)
[10:13:45]Top card: Green_5(Clone) (UnityEngine.GameObject)
[10:13:45]Enemy 2: CardW4(Clone) (UnityEngine.GameObject) (Card 0) did not match
[10:13:45]Enemy 2: Blue_1(Clone) (UnityEngine.GameObject) (Card 1) did not match
[10:13:45]Enemy 2: Played Green_2(Clone) (UnityEngine.GameObject)(Card2)
[10:13:45]Turns: 3
[10:13:45]Top card: Green_2(Clone) (UnityEngine.GameObject)
[10:13:45]Top card: Green_2(Clone) (UnityEngine.GameObject)
[10:13:45]Enemy 3: Played Green_1(Clone) (UnityEngine.GameObject)(Card0)
[10:13:45]Turns: 0
[03:25:10] Top card: 
