[02:31:01] Top card: 
[02:31:01] Delt cards
[02:31:01] Top card: Green_6(Clone) (UnityEngine.GameObject)
[02:31:01] Top card: Green_6(Clone) (UnityEngine.GameObject)
[02:31:01] Top card: Green_6(Clone) (UnityEngine.GameObject)
[02:31:01] Top card: Green_6(Clone) (UnityEngine.GameObject)
[02:31:01] Top card: Green_6(Clone) (UnityEngine.GameObject)
[02:31:01] Top card: Green_6(Clone) (UnityEngine.GameObject)
[02:31:01] Top card: Green_6(Clone) (UnityEngine.GameObject)
[02:31:01] Top card: Green_6(Clone) (UnityEngine.GameObject)
[02:31:01] Top card: Green_6(Clone) (UnityEngine.GameObject)
[02:31:01] Top card: Green_6(Clone) (UnityEngine.GameObject)
[02:31:01] Top card: Green_6(Clone) (UnityEngine.GameObject)
[02:31:01] Top card: Green_6(Clone) (UnityEngine.GameObject)
[02:31:01] Top card: Green_6(Clone) (UnityEngine.GameObject)
[02:31:01] Top card: Green_6(Clone) (UnityEngine.GameObject)
[02:31:01] Top card: Green_6(Clone) (UnityEngine.GameObject)
[02:31:01] Top card: Green_6(Clone) (UnityEngine.GameObject)
[02:31:01] Top card: Green_6(Clone) (UnityEngine.GameObject)
[02:31:01] Top card: Green_6(Clone) (UnityEngine.GameObject)
[02:31:01] Top card: Green_6(Clone) (UnityEngine.GameObject)
[02:31:01] Top card: Green_6(Clone) (UnityEngine.GameObject)
[02:31:01] Top card: Green_6(Clone) (UnityEngine.GameObject)
[02:31:01] Top card: Green_6(Clone) (UnityEngine.GameObject)
[02:31:01] Top card: Green_6(Clone) (UnityEngine.GameObject)
[02:31:01] Top card: Green_6(Clone) (UnityEngine.GameObject)
[02:31:01] Top card: Green_6(Clone) (UnityEngine.GameObject)
[02:31:01] Top card: Green_6(Clone) (UnityEngine.GameObject)
[02:31:01] Top card: Green_6(Clone) (UnityEngine.GameObject)
[02:31:01] Top card: Green_6(Clone) (UnityEngine.GameObject)
[02:31:01] Turns: 1
[02:31:01] Player: Played Green_7(Clone) (UnityEngine.GameObject)
[02:31:01] Turns: 1
[02:31:01] DiscardCounter: 1
[02:31:01] Top card: Green_7(Clone) (UnityEngine.GameObject)
[02:31:01] Top card: Green_7(Clone) (UnityEngine.GameObject)
[02:31:01] Enemy 1: Red_9(Clone) (UnityEngine.GameObject) (Card 0) did not match
[02:31:01] Enemy 1: Blue_R(Clone) (UnityEngine.GameObject) (Card 1) did not match
[02:31:01] Enemy 1: Played Green_S(Clone) (UnityEngine.GameObject) (Card 2)
[02:31:01] Turns: 2
[02:31:01] Top card: Green_S(Clone) (UnityEngine.GameObject)
[02:31:01] Skipped Enemy 2
[02:31:01] Top card: Green_S(Clone) (UnityEngine.GameObject)
[02:31:01] Top card: Green_S(Clone) (UnityEngine.GameObject)
[02:31:01] Enemy 3: Yellow_3(Clone) (UnityEngine.GameObject) (Card 0) did not match
[02:31:01] Enemy 3: Played Green_2(Clone) (UnityEngine.GameObject) (Card 1)
[02:31:01] Turns: 0
[02:31:01] Turns: 1
[02:31:01] Player: Played Green_8(Clone) (UnityEngine.GameObject)
[02:31:01] Turns: 1
[02:31:01] DiscardCounter: 1
[02:31:01] Top card: Green_8(Clone) (UnityEngine.GameObject)
[02:31:01] Top card: Green_8(Clone) (UnityEngine.GameObject)
[02:31:01] Enemy 1: Red_9(Clone) (UnityEngine.GameObject) (Card 0) did not match
[02:31:01] Enemy 1: Blue_R(Clone) (UnityEngine.GameObject) (Card 1) did not match
[02:31:01] Enemy 1: Played Green_S(Clone) (UnityEngine.GameObject) (Card 2)
[02:31:01] Turns: 2
[02:31:01] Top card: Green_S(Clone) (UnityEngine.GameObject)
[02:31:01] Top card: Green_S(Clone) (UnityEngine.GameObject)
[02:31:01] Enemy 2: CardW4(Clone) (UnityEngine.GameObject) (Card 0) did not match
[02:31:01] Enemy 2: Played Green_8(Clone) (UnityEngine.GameObject) (Card 1)
[02:31:01] Turns: 3
[02:31:01] Top card: Green_8(Clone) (UnityEngine.GameObject)
[02:31:01] Top card: Green_8(Clone) (UnityEngine.GameObject)
[02:31:01] Enemy 3: Yellow_3(Clone) (UnityEngine.GameObject) (Card 0) did not match
[02:31:01] Enemy 3: Played Green_2(Clone) (UnityEngine.GameObject) (Card 1)
[02:31:01] Turns: 0
[02:31:01] Turns: 1
[02:31:01] Player: Played Green_3(Clone) (UnityEngine.GameObject)
[02:31:01] Turns: 1
[02:31:01] DiscardCounter: 1
[02:31:01] Top card: Green_3(Clone) (UnityEngine.GameObject)
[02:31:01] Top card: Green_3(Clone) (UnityEngine.GameObject)
[02:31:01] Enemy 1: Red_9(Clone) (UnityEngine.GameObject) (Card 0) did not match
[02:31:01] Enemy 1: Blue_R(Clone) (UnityEngine.GameObject) (Card 1) did not match
[02:31:01] Enemy 1: Played Green_S(Clone) (UnityEngine.GameObject) (Card 2)
[02:31:01] Turns: 2
[02:31:01] Top card: Green_S(Clone) (UnityEngine.GameObject)
[02:31:01] Top card: Green_S(Clone) (UnityEngine.GameObject)
[02:31:01] Enemy 2: CardW4(Clone) (UnityEngine.GameObject) (Card 0) did not match
[02:31:01] Enemy 2: Played Green_8(Clone) (UnityEngine.GameObject) (Card 1)
[02:31:01] Turns: 3
[02:31:01] Top card: Green_8(Clone) (UnityEngine.GameObject)
[02:31:01] Top card: Green_8(Clone) (UnityEngine.GameObject)
[02:31:01] Enemy 3: Yellow_3(Clone) (UnityEngine.GameObject) (Card 0) did not match
[02:31:01] Enemy 3: Played Green_2(Clone) (UnityEngine.GameObject) (Card 1)
[02:31:01] Turns: 0
[02:31:01] Turns: 1
[02:31:01] Player: Played Green_7(Clone) (UnityEngine.GameObject)
[02:31:01] Turns: 1
[02:31:01] DiscardCounter: 2
[02:31:01] Top card: Green_7(Clone) (UnityEngine.GameObject)
[02:31:01] Top card: Green_7(Clone) (UnityEngine.GameObject)
[02:31:01] Enemy 1: Red_9(Clone) (UnityEngine.GameObject) (Card 0) did not match
[02:31:01] Enemy 1: Blue_R(Clone) (UnityEngine.GameObject) (Card 1) did not match
[02:31:01] Enemy 1: Played Green_S(Clone) (UnityEngine.GameObject) (Card 2)
[02:31:01] Turns: 2
[02:31:01] Top card: Green_S(Clone) (UnityEngine.GameObject)
[02:31:01] Top card: Green_S(Clone) (UnityEngine.GameObject)
[02:31:01] Enemy 2: CardW4(Clone) (UnityEngine.GameObject) (Card 0) did not match
[02:31:01] Enemy 2: Played Green_8(Clone) (UnityEngine.GameObject) (Card 1)
[02:31:01] Turns: 3
[02:31:01] Top card: Green_8(Clone) (UnityEngine.GameObject)
[02:31:01] Top card: Green_8(Clone) (UnityEngine.GameObject)
[02:31:01] Enemy 3: Yellow_3(Clone) (UnityEngine.GameObject) (Card 0) did not match
[02:31:01] Enemy 3: Played Green_2(Clone) (UnityEngine.GameObject) (Card 1)
[02:31:01] Turns: 0
[02:31:01] Turns: 1
[02:31:01] Player: Played Green_D(Clone) (UnityEngine.GameObject)
[02:31:01] Turns: 1
[02:31:01] DiscardCounter: 1
[02:31:01] Top card: Green_D(Clone) (UnityEngine.GameObject)
[02:31:01] Top Deck Card:Blue_2(Clone) (UnityEngine.GameObject)
[02:31:01] Enemy 1: Drew Blue_2(Clone) (UnityEngine.GameObject)
[02:31:01] Top Deck Card:Yellow_0(Clone) (UnityEngine.GameObject)
[02:31:01] Enemy 1: Drew Yellow_0(Clone) (UnityEngine.GameObject)
[02:31:01] Enemy 1: Drew 2 cards
[02:31:01] Skipped Enemy 1
[02:31:01] Top card: Green_D(Clone) (UnityEngine.GameObject)
[02:31:01] Top card: Green_D(Clone) (UnityEngine.GameObject)
[02:31:01] Enemy 2: CardW4(Clone) (UnityEngine.GameObject) (Card 0) did not match
[02:31:01] Enemy 2: Played Green_8(Clone) (UnityEngine.GameObject) (Card 1)
[02:31:01] Turns: 3
[02:31:01] Top card: Green_8(Clone) (UnityEngine.GameObject)
[02:31:01] Top card: Green_8(Clone) (UnityEngine.GameObject)
[02:31:01] Enemy 3: Yellow_3(Clone) (UnityEngine.GameObject) (Card 0) did not match
[02:31:01] Enemy 3: Played Green_2(Clone) (UnityEngine.GameObject) (Card 1)
[02:31:01] Turns: 0
[02:31:01] Turns: 1
[02:31:01] Player: Played Yellow_9(Clone) (UnityEngine.GameObject)
[02:31:01] Turns: 1
[02:31:01] DiscardCounter: 1
[02:31:01] Top card: Yellow_9(Clone) (UnityEngine.GameObject)
[02:31:01] Top card: Yellow_9(Clone) (UnityEngine.GameObject)
[02:31:01] Enemy 1: Played Red_9(Clone) (UnityEngine.GameObject) (Card 0)
[02:31:01] Turns: 2
[02:31:01] Top card: Red_9(Clone) (UnityEngine.GameObject)
[02:31:01] Top card: Red_9(Clone) (UnityEngine.GameObject)
[02:31:01] Enemy 2: CardW4(Clone) (UnityEngine.GameObject) (Card 0) did not match
[02:31:01] Enemy 2: Green_8(Clone) (UnityEngine.GameObject) (Card 1) did not match
[02:31:01] Enemy 2: Blue_2(Clone) (UnityEngine.GameObject) (Card 2) did not match
[02:31:01] Enemy 2: Blue_6(Clone) (UnityEngine.GameObject) (Card 3) did not match
[02:31:01] Enemy 2: Played Blue_9(Clone) (UnityEngine.GameObject) (Card 4)
[02:31:01] Turns: 3
[02:31:01] Top card: Blue_9(Clone) (UnityEngine.GameObject)
[02:31:01] Top card: Blue_9(Clone) (UnityEngine.GameObject)
[02:31:01] Enemy 3: Yellow_3(Clone) (UnityEngine.GameObject) (Card 0) did not match
[02:31:01] Enemy 3: Green_2(Clone) (UnityEngine.GameObject) (Card 1) did not match
[02:31:01] Enemy 3: CardW4(Clone) (UnityEngine.GameObject) (Card 2) did not match
[02:31:01] Enemy 3: Red_4(Clone) (UnityEngine.GameObject) (Card 3) did not match
[02:31:01] Enemy 3: Yellow_R(Clone) (UnityEngine.GameObject) (Card 4) did not match
[02:31:01] Enemy 3: Green_7(Clone) (UnityEngine.GameObject) (Card 5) did not match
[02:31:01] Top Deck Card:Green_R(Clone) (UnityEngine.GameObject)
[02:31:01] Enemy 3: Drew Green_R(Clone) (UnityEngine.GameObject)
[02:31:01] Enemy 3: Drew 1 cards
[02:31:01] Enemy 3: Does not have a match
[02:31:01] Top card: Blue_9(Clone) (UnityEngine.GameObject)
[02:31:01] Enemy 3: Yellow_3(Clone) (UnityEngine.GameObject) (Card 0) did not match
[02:31:01] Enemy 3: Green_2(Clone) (UnityEngine.GameObject) (Card 1) did not match
[02:31:01] Enemy 3: CardW4(Clone) (UnityEngine.GameObject) (Card 2) did not match
[02:31:01] Enemy 3: Red_4(Clone) (UnityEngine.GameObject) (Card 3) did not match
[02:31:01] Enemy 3: Yellow_R(Clone) (UnityEngine.GameObject) (Card 4) did not match
[02:31:01] Enemy 3: Green_7(Clone) (UnityEngine.GameObject) (Card 5) did not match
[02:31:01] Enemy 3: Yellow_S(Clone) (UnityEngine.GameObject) (Card 6) did not match
[02:31:01] Top Deck Card:Blue_4(Clone) (UnityEngine.GameObject)
[02:31:01] Enemy 3: Drew Blue_4(Clone) (UnityEngine.GameObject)
[02:31:01] Enemy 3: Drew 1 cards
[02:31:01] Enemy 3: Does not have a match
[02:31:01] Top card: Blue_9(Clone) (UnityEngine.GameObject)
[02:31:01] Enemy 3: Yellow_3(Clone) (UnityEngine.GameObject) (Card 0) did not match
[02:31:01] Enemy 3: Green_2(Clone) (UnityEngine.GameObject) (Card 1) did not match
[02:31:01] Enemy 3: CardW4(Clone) (UnityEngine.GameObject) (Card 2) did not match
[02:31:01] Enemy 3: Red_4(Clone) (UnityEngine.GameObject) (Card 3) did not match
[02:31:01] Enemy 3: Yellow_R(Clone) (UnityEngine.GameObject) (Card 4) did not match
[02:31:01] Enemy 3: Green_7(Clone) (UnityEngine.GameObject) (Card 5) did not match
[02:31:01] Enemy 3: Yellow_S(Clone) (UnityEngine.GameObject) (Card 6) did not match
[02:31:01] Enemy 3: Green_R(Clone) (UnityEngine.GameObject) (Card 7) did not match
[02:31:01] Enemy 3: Played Blue_4(Clone) (UnityEngine.GameObject) (Card 8)
[02:31:01] Turns: 0
[02:31:01] Turns: 0
[02:31:01] Turns: 0
[02:31:01] Turns: 1
[02:31:01] Player: Played Yellow_5(Clone) (UnityEngine.GameObject)
[02:31:01] Turns: 1
[02:31:01] DiscardCounter: 1
[02:31:01] Top card: Yellow_5(Clone) (UnityEngine.GameObject)
[02:31:01] Top card: Yellow_5(Clone) (UnityEngine.GameObject)
[02:31:01] Enemy 1: Red_9(Clone) (UnityEngine.GameObject) (Card 0) did not match
[02:31:01] Enemy 1: Blue_R(Clone) (UnityEngine.GameObject) (Card 1) did not match
[02:31:01] Enemy 1: Green_S(Clone) (UnityEngine.GameObject) (Card 2) did not match
[02:31:01] Enemy 1: Green_1(Clone) (UnityEngine.GameObject) (Card 3) did not match
[02:31:01] Enemy 1: Played Yellow_D(Clone) (UnityEngine.GameObject) (Card 4)
[02:31:01] Turns: 2
[02:31:01] Top card: Yellow_D(Clone) (UnityEngine.GameObject)
[02:31:01] Top Deck Card:CardW(Clone) (UnityEngine.GameObject)
[02:31:01] Enemy 2: Drew CardW(Clone) (UnityEngine.GameObject)
[02:31:01] Top Deck Card:Red_9(Clone) (UnityEngine.GameObject)
[02:31:01] Enemy 2: Drew Red_9(Clone) (UnityEngine.GameObject)
[02:31:01] Enemy 2: Drew 2 cards
[02:31:01] Skipped Enemy 2
[02:31:01] Top card: Yellow_D(Clone) (UnityEngine.GameObject)
[02:31:01] Top card: Yellow_D(Clone) (UnityEngine.GameObject)
[02:31:01] Enemy 3: Played Yellow_3(Clone) (UnityEngine.GameObject) (Card 0)
[02:31:01] Turns: 0
[02:31:01] Turns: 1
[02:31:01] Player: Played Blue_D(Clone) (UnityEngine.GameObject)
[02:31:01] Turns: 1
[02:31:01] DiscardCounter: 1
[02:31:01] Top card: Blue_D(Clone) (UnityEngine.GameObject)
[02:31:01] Top Deck Card:Green_9(Clone) (UnityEngine.GameObject)
[02:31:01] Enemy 1: Drew Green_9(Clone) (UnityEngine.GameObject)
[02:31:01] Top Deck Card:Yellow_8(Clone) (UnityEngine.GameObject)
[02:31:01] Enemy 1: Drew Yellow_8(Clone) (UnityEngine.GameObject)
[02:31:01] Enemy 1: Drew 2 cards
[02:31:01] Skipped Enemy 1
[02:31:01] Top card: Blue_D(Clone) (UnityEngine.GameObject)
[02:31:01] Top card: Blue_D(Clone) (UnityEngine.GameObject)
[02:31:01] Enemy 2: CardW4(Clone) (UnityEngine.GameObject) (Card 0) did not match
[02:31:01] Enemy 2: Green_8(Clone) (UnityEngine.GameObject) (Card 1) did not match
[02:31:01] Enemy 2: Played Blue_2(Clone) (UnityEngine.GameObject) (Card 2)
[02:31:01] Turns: 3
[02:31:01] Top card: Blue_2(Clone) (UnityEngine.GameObject)
[02:31:01] Top card: Blue_2(Clone) (UnityEngine.GameObject)
[02:31:01] Enemy 3: Yellow_3(Clone) (UnityEngine.GameObject) (Card 0) did not match
[02:31:01] Enemy 3: Played Green_2(Clone) (UnityEngine.GameObject) (Card 1)
[02:31:01] Turns: 0
[02:31:01] Turns: 1
[02:31:01] Player: Played Red_9(Clone) (UnityEngine.GameObject)
[02:31:01] Turns: 1
[02:31:01] DiscardCounter: 1
[02:31:01] Top card: Red_9(Clone) (UnityEngine.GameObject)
[02:31:01] Top card: Red_9(Clone) (UnityEngine.GameObject)
[02:31:01] Enemy 1: Played Red_9(Clone) (UnityEngine.GameObject) (Card 0)
[02:31:01] Turns: 2
[02:31:01] Top card: Red_9(Clone) (UnityEngine.GameObject)
[02:31:01] Top card: Red_9(Clone) (UnityEngine.GameObject)
[02:31:01] Enemy 2: CardW4(Clone) (UnityEngine.GameObject) (Card 0) did not match
[02:31:01] Enemy 2: Green_8(Clone) (UnityEngine.GameObject) (Card 1) did not match
[02:31:01] Enemy 2: Blue_2(Clone) (UnityEngine.GameObject) (Card 2) did not match
[02:31:01] Enemy 2: Blue_6(Clone) (UnityEngine.GameObject) (Card 3) did not match
[02:31:01] Enemy 2: Played Blue_9(Clone) (UnityEngine.GameObject) (Card 4)
[02:31:01] Turns: 3
[02:31:01] Top card: Blue_9(Clone) (UnityEngine.GameObject)
[02:31:01] Top card: Blue_9(Clone) (UnityEngine.GameObject)
[02:31:01] Enemy 3: Yellow_3(Clone) (UnityEngine.GameObject) (Card 0) did not match
[02:31:01] Enemy 3: Green_2(Clone) (UnityEngine.GameObject) (Card 1) did not match
[02:31:01] Enemy 3: CardW4(Clone) (UnityEngine.GameObject) (Card 2) did not match
[02:31:01] Enemy 3: Red_4(Clone) (UnityEngine.GameObject) (Card 3) did not match
[02:31:01] Enemy 3: Yellow_R(Clone) (UnityEngine.GameObject) (Card 4) did not match
[02:31:01] Enemy 3: Green_7(Clone) (UnityEngine.GameObject) (Card 5) did not match
[02:31:01] Enemy 3: Yellow_S(Clone) (UnityEngine.GameObject) (Card 6) did not match
[02:31:01] Enemy 3: Green_R(Clone) (UnityEngine.GameObject) (Card 7) did not match
[02:31:01] Enemy 3: Played Blue_4(Clone) (UnityEngine.GameObject) (Card 8)
[02:31:01] Turns: 0
