[09:01:56]Top card: 
[03:04:08] Top card: 
[03:04:08] Delt cards
[03:04:08] Top card: Green_7(Clone) (UnityEngine.GameObject)
[03:04:08] Top card: Green_7(Clone) (UnityEngine.GameObject)
[03:04:08] Top card: Green_7(Clone) (UnityEngine.GameObject)
[03:04:08] Top card: Green_7(Clone) (UnityEngine.GameObject)
[03:04:08] Top card: Green_7(Clone) (UnityEngine.GameObject)
[03:04:08] Top card: Green_7(Clone) (UnityEngine.GameObject)
[03:04:08] Top card: Green_7(Clone) (UnityEngine.GameObject)
[03:04:08] Top card: Green_7(Clone) (UnityEngine.GameObject)
[03:04:08] Top card: Green_7(Clone) (UnityEngine.GameObject)
[03:04:08] Top card: Green_7(Clone) (UnityEngine.GameObject)
[03:04:08] Top card: Green_7(Clone) (UnityEngine.GameObject)
[03:04:08] Top card: Green_7(Clone) (UnityEngine.GameObject)
[03:04:08] Top card: Green_7(Clone) (UnityEngine.GameObject)
[03:04:08] Top card: Green_7(Clone) (UnityEngine.GameObject)
[03:04:08] Top card: Green_7(Clone) (UnityEngine.GameObject)
[03:04:08] Top card: Green_7(Clone) (UnityEngine.GameObject)
[03:04:08] Top card: Green_7(Clone) (UnityEngine.GameObject)
[03:04:08] Top card: Green_7(Clone) (UnityEngine.GameObject)
[03:04:08] Top card: Green_7(Clone) (UnityEngine.GameObject)
[03:04:08] Top card: Green_7(Clone) (UnityEngine.GameObject)
[03:04:08] Top card: Green_7(Clone) (UnityEngine.GameObject)
[03:04:08] Top card: Green_7(Clone) (UnityEngine.GameObject)
[03:04:08] Top card: Green_7(Clone) (UnityEngine.GameObject)
[03:04:08] Top card: Green_7(Clone) (UnityEngine.GameObject)
[03:04:08] Top card: Green_7(Clone) (UnityEngine.GameObject)
[03:04:08] Top card: Green_7(Clone) (UnityEngine.GameObject)
[03:04:08] Top card: Green_7(Clone) (UnityEngine.GameObject)
[03:04:08] Top card: Green_7(Clone) (UnityEngine.GameObject)
[03:04:08] Player: played card
[03:04:08] Turns: 1
[03:04:08] DiscardCounter: 1
[03:04:08] Top card: Red_7(Clone) (UnityEngine.GameObject)
[03:04:08] Top card: Red_7(Clone) (UnityEngine.GameObject)
[03:04:08] Enemy 1: Green_2(Clone) (UnityEngine.GameObject) (Card 0) did not match
[03:04:08] Enemy 1: Blue_5(Clone) (UnityEngine.GameObject) (Card 1) did not match
[03:04:08] Enemy 1: Played Red_1(Clone) (UnityEngine.GameObject) (Card 2)
[03:04:08] Turns: 2
[03:04:08] Top card: Red_1(Clone) (UnityEngine.GameObject)
[03:04:08] Top card: Red_1(Clone) (UnityEngine.GameObject)
[03:04:08] Enemy 2: Green_S(Clone) (UnityEngine.GameObject) (Card 0) did not match
[03:04:08] Enemy 2: Yellow_6(Clone) (UnityEngine.GameObject) (Card 1) did not match
[03:04:08] Enemy 2: Yellow_9(Clone) (UnityEngine.GameObject) (Card 2) did not match
[03:04:08] Enemy 2: Played Blue_1(Clone) (UnityEngine.GameObject) (Card 3)
[03:04:08] Turns: 3
[03:04:08] Top card: Blue_1(Clone) (UnityEngine.GameObject)
[03:04:08] Top card: Blue_1(Clone) (UnityEngine.GameObject)
[03:04:08] Enemy 3: Played Blue_4(Clone) (UnityEngine.GameObject) (Card 0)
[03:04:08] Turns: 0
[03:04:08] Player: played card
[03:04:08] Turns: 1
[03:04:08] DiscardCounter: 1
[03:04:08] Top card: Blue_6(Clone) (UnityEngine.GameObject)
[03:04:08] Top card: Blue_6(Clone) (UnityEngine.GameObject)
[03:04:08] Enemy 1: Green_2(Clone) (UnityEngine.GameObject) (Card 0) did not match
[03:04:08] Enemy 1: Played Blue_5(Clone) (UnityEngine.GameObject) (Card 1)
[03:04:08] Turns: 2
[03:04:08] Top card: Blue_5(Clone) (UnityEngine.GameObject)
[03:04:08] Top card: Blue_5(Clone) (UnityEngine.GameObject)
[03:04:08] Enemy 2: Green_S(Clone) (UnityEngine.GameObject) (Card 0) did not match
[03:04:08] Enemy 2: Yellow_6(Clone) (UnityEngine.GameObject) (Card 1) did not match
[03:04:08] Enemy 2: Yellow_9(Clone) (UnityEngine.GameObject) (Card 2) did not match
[03:04:08] Enemy 2: Played Blue_1(Clone) (UnityEngine.GameObject) (Card 3)
[03:04:08] Turns: 3
[03:04:08] Top card: Blue_1(Clone) (UnityEngine.GameObject)
[03:04:08] Top card: Blue_1(Clone) (UnityEngine.GameObject)
[03:04:08] Enemy 3: Played Blue_4(Clone) (UnityEngine.GameObject) (Card 0)
[03:04:08] Turns: 0
[03:04:08] Player: played card
[03:04:08] Turns: 1
[03:04:08] DiscardCounter: 1
[03:04:08] Top card: Blue_4(Clone) (UnityEngine.GameObject)
[03:04:08] Top card: Blue_4(Clone) (UnityEngine.GameObject)
[03:04:08] Enemy 1: Green_2(Clone) (UnityEngine.GameObject) (Card 0) did not match
[03:04:08] Enemy 1: Played Blue_5(Clone) (UnityEngine.GameObject) (Card 1)
[03:04:08] Turns: 2
[03:04:08] Top card: Blue_5(Clone) (UnityEngine.GameObject)
[03:04:08] Top card: Blue_5(Clone) (UnityEngine.GameObject)
[03:04:08] Enemy 2: Green_S(Clone) (UnityEngine.GameObject) (Card 0) did not match
[03:04:08] Enemy 2: Yellow_6(Clone) (UnityEngine.GameObject) (Card 1) did not match
[03:04:08] Enemy 2: Yellow_9(Clone) (UnityEngine.GameObject) (Card 2) did not match
[03:04:08] Enemy 2: Played Blue_1(Clone) (UnityEngine.GameObject) (Card 3)
[03:04:08] Turns: 3
[03:04:08] Top card: Blue_1(Clone) (UnityEngine.GameObject)
[03:04:08] Top card: Blue_1(Clone) (UnityEngine.GameObject)
[03:04:08] Enemy 3: Played Blue_4(Clone) (UnityEngine.GameObject) (Card 0)
[03:04:08] Turns: 0
[03:04:08] Player: played card
[03:04:08] Turns: 1
[03:04:08] DiscardCounter: 1
[03:04:08] Top card: Blue_5(Clone) (UnityEngine.GameObject)
[03:04:08] Top card: Blue_5(Clone) (UnityEngine.GameObject)
[03:04:08] Enemy 1: Green_2(Clone) (UnityEngine.GameObject) (Card 0) did not match
[03:04:08] Enemy 1: Played Blue_5(Clone) (UnityEngine.GameObject) (Card 1)
[03:04:08] Turns: 2
[03:04:08] Top card: Blue_5(Clone) (UnityEngine.GameObject)
[03:04:08] Top card: Blue_5(Clone) (UnityEngine.GameObject)
[03:04:08] Enemy 2: Green_S(Clone) (UnityEngine.GameObject) (Card 0) did not match
[03:04:08] Enemy 2: Yellow_6(Clone) (UnityEngine.GameObject) (Card 1) did not match
[03:04:08] Enemy 2: Yellow_9(Clone) (UnityEngine.GameObject) (Card 2) did not match
[03:04:08] Enemy 2: Played Blue_1(Clone) (UnityEngine.GameObject) (Card 3)
[03:04:08] Turns: 3
[03:04:08] Top card: Blue_1(Clone) (UnityEngine.GameObject)
[03:04:08] Top card: Blue_1(Clone) (UnityEngine.GameObject)
[03:04:08] Enemy 3: Played Blue_4(Clone) (UnityEngine.GameObject) (Card 0)
[03:04:08] Turns: 0
[03:04:08] Player: played card
[03:04:08] Turns: 1
[03:04:08] DiscardCounter: 2
[03:04:08] Top card: Blue_4(Clone) (UnityEngine.GameObject)
[03:04:08] Top card: Blue_4(Clone) (UnityEngine.GameObject)
[03:04:08] Enemy 1: Green_2(Clone) (UnityEngine.GameObject) (Card 0) did not match
[03:04:08] Enemy 1: Played Blue_5(Clone) (UnityEngine.GameObject) (Card 1)
[03:04:08] Turns: 2
[03:04:08] Top card: Blue_5(Clone) (UnityEngine.GameObject)
[03:04:08] Top card: Blue_5(Clone) (UnityEngine.GameObject)
[03:04:08] Enemy 2: Green_S(Clone) (UnityEngine.GameObject) (Card 0) did not match
[03:04:08] Enemy 2: Yellow_6(Clone) (UnityEngine.GameObject) (Card 1) did not match
[03:04:08] Enemy 2: Yellow_9(Clone) (UnityEngine.GameObject) (Card 2) did not match
[03:04:08] Enemy 2: Played Blue_1(Clone) (UnityEngine.GameObject) (Card 3)
[03:04:08] Turns: 3
[03:04:08] Top card: Blue_1(Clone) (UnityEngine.GameObject)
[03:04:08] Top card: Blue_1(Clone) (UnityEngine.GameObject)
[03:04:08] Enemy 3: Played Blue_4(Clone) (UnityEngine.GameObject) (Card 0)
[03:04:08] Turns: 0
[03:04:08] Player: played card
[03:04:08] Turns: 1
[03:04:08] DiscardCounter: 2
[03:04:08] Top card: Blue_6(Clone) (UnityEngine.GameObject)
[03:04:08] Top card: Blue_6(Clone) (UnityEngine.GameObject)
[03:04:08] Enemy 1: Green_2(Clone) (UnityEngine.GameObject) (Card 0) did not match
[03:04:08] Enemy 1: Played Blue_5(Clone) (UnityEngine.GameObject) (Card 1)
[03:04:08] Turns: 2
[03:04:08] Top card: Blue_5(Clone) (UnityEngine.GameObject)
[03:04:08] Top card: Blue_5(Clone) (UnityEngine.GameObject)
[03:04:08] Enemy 2: Green_S(Clone) (UnityEngine.GameObject) (Card 0) did not match
[03:04:08] Enemy 2: Yellow_6(Clone) (UnityEngine.GameObject) (Card 1) did not match
[03:04:08] Enemy 2: Yellow_9(Clone) (UnityEngine.GameObject) (Card 2) did not match
[03:04:08] Enemy 2: Played Blue_1(Clone) (UnityEngine.GameObject) (Card 3)
[03:04:08] Turns: 3
[03:04:08] Top card: Blue_1(Clone) (UnityEngine.GameObject)
[03:04:08] Top card: Blue_1(Clone) (UnityEngine.GameObject)
[03:04:08] Enemy 3: Played Blue_4(Clone) (UnityEngine.GameObject) (Card 0)
[03:04:08] Turns: 0
[03:04:08] Player: played card
[03:04:08] Turns: 1
[03:04:08] DiscardCounter: 2
[03:04:08] Top card: Blue_5(Clone) (UnityEngine.GameObject)
[03:04:08] Top card: Blue_5(Clone) (UnityEngine.GameObject)
[03:04:08] Enemy 1: Green_2(Clone) (UnityEngine.GameObject) (Card 0) did not match
[03:04:08] Enemy 1: Played Blue_5(Clone) (UnityEngine.GameObject) (Card 1)
[03:04:08] Turns: 2
[03:04:08] Top card: Blue_5(Clone) (UnityEngine.GameObject)
[03:04:08] Top card: Blue_5(Clone) (UnityEngine.GameObject)
[03:04:08] Enemy 2: Green_S(Clone) (UnityEngine.GameObject) (Card 0) did not match
[03:04:08] Enemy 2: Yellow_6(Clone) (UnityEngine.GameObject) (Card 1) did not match
[03:04:08] Enemy 2: Yellow_9(Clone) (UnityEngine.GameObject) (Card 2) did not match
[03:04:08] Enemy 2: Played Blue_1(Clone) (UnityEngine.GameObject) (Card 3)
[03:04:08] Turns: 3
[03:04:08] Top card: Blue_1(Clone) (UnityEngine.GameObject)
[03:04:08] Top card: Blue_1(Clone) (UnityEngine.GameObject)
[03:04:08] Enemy 3: Played Blue_4(Clone) (UnityEngine.GameObject) (Card 0)
[03:04:08] Turns: 0
[03:04:08] Player: played card
[03:04:08] Turns: 1
[03:04:08] DiscardCounter: 3
[03:04:08] Top card: Blue_6(Clone) (UnityEngine.GameObject)
[03:04:08] Top card: Blue_6(Clone) (UnityEngine.GameObject)
[03:04:08] Enemy 1: Green_2(Clone) (UnityEngine.GameObject) (Card 0) did not match
[03:04:08] Enemy 1: Played Blue_5(Clone) (UnityEngine.GameObject) (Card 1)
[03:04:08] Turns: 2
[03:04:08] Top card: Blue_5(Clone) (UnityEngine.GameObject)
[03:04:08] Top card: Blue_5(Clone) (UnityEngine.GameObject)
[03:04:08] Enemy 2: Green_S(Clone) (UnityEngine.GameObject) (Card 0) did not match
[03:04:08] Enemy 2: Yellow_6(Clone) (UnityEngine.GameObject) (Card 1) did not match
[03:04:08] Enemy 2: Yellow_9(Clone) (UnityEngine.GameObject) (Card 2) did not match
[03:04:08] Enemy 2: Played Blue_1(Clone) (UnityEngine.GameObject) (Card 3)
[03:04:08] Turns: 3
[03:04:08] Top card: Blue_1(Clone) (UnityEngine.GameObject)
[03:04:08] Top card: Blue_1(Clone) (UnityEngine.GameObject)
[03:04:08] Enemy 3: Played Blue_4(Clone) (UnityEngine.GameObject) (Card 0)
[03:04:08] Turns: 0
[03:04:08] Player: played card
[03:04:08] Turns: 1
[03:04:08] DiscardCounter: 3
[03:04:08] Top card: Blue_5(Clone) (UnityEngine.GameObject)
[03:04:08] Top card: Blue_5(Clone) (UnityEngine.GameObject)
[03:04:08] Enemy 1: Green_2(Clone) (UnityEngine.GameObject) (Card 0) did not match
[03:04:08] Enemy 1: Played Blue_5(Clone) (UnityEngine.GameObject) (Card 1)
[03:04:08] Turns: 2
[03:04:08] Top card: Blue_5(Clone) (UnityEngine.GameObject)
[03:04:08] Top card: Blue_5(Clone) (UnityEngine.GameObject)
[03:04:08] Enemy 2: Green_S(Clone) (UnityEngine.GameObject) (Card 0) did not match
[03:04:08] Enemy 2: Yellow_6(Clone) (UnityEngine.GameObject) (Card 1) did not match
[03:04:08] Enemy 2: Yellow_9(Clone) (UnityEngine.GameObject) (Card 2) did not match
[03:04:08] Enemy 2: Played Blue_1(Clone) (UnityEngine.GameObject) (Card 3)
[03:04:08] Turns: 3
[03:04:08] Top card: Blue_1(Clone) (UnityEngine.GameObject)
[03:04:08] Top card: Blue_1(Clone) (UnityEngine.GameObject)
[03:04:08] Enemy 3: Played Blue_4(Clone) (UnityEngine.GameObject) (Card 0)
[03:04:08] Turns: 0
[03:04:08] Player: played card
[03:04:08] Turns: 1
[03:04:08] DiscardCounter: 4
[03:04:08] Top card: Blue_6(Clone) (UnityEngine.GameObject)
[03:04:08] Top card: Blue_6(Clone) (UnityEngine.GameObject)
[03:04:08] Enemy 1: Green_2(Clone) (UnityEngine.GameObject) (Card 0) did not match
[03:04:08] Enemy 1: Played Blue_5(Clone) (UnityEngine.GameObject) (Card 1)
[03:04:08] Turns: 2
[03:04:08] Top card: Blue_5(Clone) (UnityEngine.GameObject)
[03:04:08] Top card: Blue_5(Clone) (UnityEngine.GameObject)
[03:04:08] Enemy 2: Green_S(Clone) (UnityEngine.GameObject) (Card 0) did not match
[03:04:08] Enemy 2: Yellow_6(Clone) (UnityEngine.GameObject) (Card 1) did not match
[03:04:08] Enemy 2: Yellow_9(Clone) (UnityEngine.GameObject) (Card 2) did not match
[03:04:08] Enemy 2: Played Blue_1(Clone) (UnityEngine.GameObject) (Card 3)
[03:04:08] Turns: 3
[03:04:08] Top card: Blue_1(Clone) (UnityEngine.GameObject)
[03:04:08] Top card: Blue_1(Clone) (UnityEngine.GameObject)
[03:04:08] Enemy 3: Played Blue_4(Clone) (UnityEngine.GameObject) (Card 0)
[03:04:08] Turns: 0
[03:04:08] Player: played card
[03:04:08] Turns: 1
[03:04:08] DiscardCounter: 2
[03:04:08] Top card: Red_7(Clone) (UnityEngine.GameObject)
[03:04:08] Top card: Red_7(Clone) (UnityEngine.GameObject)
[03:04:08] Enemy 1: Green_2(Clone) (UnityEngine.GameObject) (Card 0) did not match
[03:04:08] Enemy 1: Blue_5(Clone) (UnityEngine.GameObject) (Card 1) did not match
[03:04:08] Enemy 1: Played Red_1(Clone) (UnityEngine.GameObject) (Card 2)
[03:04:08] Turns: 2
[03:04:08] Top card: Red_1(Clone) (UnityEngine.GameObject)
[03:04:08] Top card: Red_1(Clone) (UnityEngine.GameObject)
[03:04:08] Enemy 2: Green_S(Clone) (UnityEngine.GameObject) (Card 0) did not match
[03:04:08] Enemy 2: Yellow_6(Clone) (UnityEngine.GameObject) (Card 1) did not match
[03:04:08] Enemy 2: Yellow_9(Clone) (UnityEngine.GameObject) (Card 2) did not match
[03:04:08] Enemy 2: Played Blue_1(Clone) (UnityEngine.GameObject) (Card 3)
[03:04:08] Turns: 3
[03:04:08] Top card: Blue_1(Clone) (UnityEngine.GameObject)
[03:04:08] Top card: Blue_1(Clone) (UnityEngine.GameObject)
[03:04:08] Enemy 3: Played Blue_4(Clone) (UnityEngine.GameObject) (Card 0)
[03:04:08] Turns: 0
[03:04:08] Player: played card
[03:04:08] Turns: 1
[03:04:08] DiscardCounter: 3
[03:04:08] Top card: Red_7(Clone) (UnityEngine.GameObject)
[03:04:08] Top card: Red_7(Clone) (UnityEngine.GameObject)
[03:04:08] Enemy 1: Green_2(Clone) (UnityEngine.GameObject) (Card 0) did not match
[03:04:08] Enemy 1: Blue_5(Clone) (UnityEngine.GameObject) (Card 1) did not match
[03:04:08] Enemy 1: Played Red_1(Clone) (UnityEngine.GameObject) (Card 2)
[03:04:08] Turns: 2
[03:04:08] Top card: Red_1(Clone) (UnityEngine.GameObject)
[03:04:08] Top card: Red_1(Clone) (UnityEngine.GameObject)
[03:04:08] Enemy 2: Green_S(Clone) (UnityEngine.GameObject) (Card 0) did not match
[03:04:08] Enemy 2: Yellow_6(Clone) (UnityEngine.GameObject) (Card 1) did not match
[03:04:08] Enemy 2: Yellow_9(Clone) (UnityEngine.GameObject) (Card 2) did not match
[03:04:08] Enemy 2: Played Blue_1(Clone) (UnityEngine.GameObject) (Card 3)
[03:04:08] Turns: 3
[03:04:08] Top card: Blue_1(Clone) (UnityEngine.GameObject)
[03:04:08] Top card: Blue_1(Clone) (UnityEngine.GameObject)
[03:04:08] Enemy 3: Played Blue_4(Clone) (UnityEngine.GameObject) (Card 0)
[03:04:08] Turns: 0
[03:04:08] Player: played card
[03:04:08] Turns: 1
[03:04:08] DiscardCounter: 4
[03:04:08] Top card: Red_7(Clone) (UnityEngine.GameObject)
[03:04:08] Top card: Red_7(Clone) (UnityEngine.GameObject)
[03:04:08] Enemy 1: Green_2(Clone) (UnityEngine.GameObject) (Card 0) did not match
[03:04:08] Enemy 1: Blue_5(Clone) (UnityEngine.GameObject) (Card 1) did not match
[03:04:08] Enemy 1: Played Red_1(Clone) (UnityEngine.GameObject) (Card 2)
[03:04:08] Turns: 2
[03:04:08] Top card: Red_1(Clone) (UnityEngine.GameObject)
[03:04:08] Top card: Red_1(Clone) (UnityEngine.GameObject)
[03:04:08] Enemy 2: Green_S(Clone) (UnityEngine.GameObject) (Card 0) did not match
[03:04:08] Enemy 2: Yellow_6(Clone) (UnityEngine.GameObject) (Card 1) did not match
[03:04:08] Enemy 2: Yellow_9(Clone) (UnityEngine.GameObject) (Card 2) did not match
[03:04:08] Enemy 2: Played Blue_1(Clone) (UnityEngine.GameObject) (Card 3)
[03:04:08] Turns: 3
[03:04:08] Top card: Blue_1(Clone) (UnityEngine.GameObject)
[03:04:08] Top card: Blue_1(Clone) (UnityEngine.GameObject)
[03:04:08] Enemy 3: Played Blue_4(Clone) (UnityEngine.GameObject) (Card 0)
[03:04:08] Turns: 0
[03:04:08] Player: played card
[03:04:08] Turns: 1
[03:04:08] DiscardCounter: 1
[03:04:08] Top card: Red_1(Clone) (UnityEngine.GameObject)
[03:04:08] Top card: Red_1(Clone) (UnityEngine.GameObject)
[03:04:08] Enemy 1: Green_2(Clone) (UnityEngine.GameObject) (Card 0) did not match
[03:04:08] Enemy 1: Blue_5(Clone) (UnityEngine.GameObject) (Card 1) did not match
[03:04:08] Enemy 1: Played Red_1(Clone) (UnityEngine.GameObject) (Card 2)
[03:04:08] Turns: 2
[03:04:08] Top card: Red_1(Clone) (UnityEngine.GameObject)
[03:04:08] Top card: Red_1(Clone) (UnityEngine.GameObject)
[03:04:08] Enemy 2: Green_S(Clone) (UnityEngine.GameObject) (Card 0) did not match
[03:04:08] Enemy 2: Yellow_6(Clone) (UnityEngine.GameObject) (Card 1) did not match
[03:04:08] Enemy 2: Yellow_9(Clone) (UnityEngine.GameObject) (Card 2) did not match
[03:04:08] Enemy 2: Played Blue_1(Clone) (UnityEngine.GameObject) (Card 3)
[03:04:08] Turns: 3
[03:04:08] Top card: Blue_1(Clone) (UnityEngine.GameObject)
[03:04:08] Top card: Blue_1(Clone) (UnityEngine.GameObject)
[03:04:08] Enemy 3: Played Blue_4(Clone) (UnityEngine.GameObject) (Card 0)
[03:04:08] Turns: 0
[03:04:08] Player: played card
[03:04:08] Turns: 1
[03:04:08] DiscardCounter: 5
[03:04:08] Top card: Red_7(Clone) (UnityEngine.GameObject)
[03:04:08] Top card: Red_7(Clone) (UnityEngine.GameObject)
[03:04:08] Enemy 1: Green_2(Clone) (UnityEngine.GameObject) (Card 0) did not match
[03:04:08] Enemy 1: Blue_5(Clone) (UnityEngine.GameObject) (Card 1) did not match
[03:04:08] Enemy 1: Played Red_1(Clone) (UnityEngine.GameObject) (Card 2)
[03:04:08] Turns: 2
[03:04:08] Top card: Red_1(Clone) (UnityEngine.GameObject)
[03:04:08] Top card: Red_1(Clone) (UnityEngine.GameObject)
[03:04:08] Enemy 2: Green_S(Clone) (UnityEngine.GameObject) (Card 0) did not match
[03:04:08] Enemy 2: Yellow_6(Clone) (UnityEngine.GameObject) (Card 1) did not match
[03:04:08] Enemy 2: Yellow_9(Clone) (UnityEngine.GameObject) (Card 2) did not match
[03:04:08] Enemy 2: Played Blue_1(Clone) (UnityEngine.GameObject) (Card 3)
[03:04:08] Turns: 3
[03:04:08] Top card: Blue_1(Clone) (UnityEngine.GameObject)
[03:04:08] Top card: Blue_1(Clone) (UnityEngine.GameObject)
[03:04:08] Enemy 3: Played Blue_4(Clone) (UnityEngine.GameObject) (Card 0)
[03:04:08] Turns: 0
[03:04:08] Player: played card
[03:04:08] Turns: 1
[03:04:08] DiscardCounter: 2
[03:04:08] Top card: Red_1(Clone) (UnityEngine.GameObject)
[03:04:08] Top card: Red_1(Clone) (UnityEngine.GameObject)
[03:04:08] Enemy 1: Green_2(Clone) (UnityEngine.GameObject) (Card 0) did not match
[03:04:08] Enemy 1: Blue_5(Clone) (UnityEngine.GameObject) (Card 1) did not match
[03:04:08] Enemy 1: Played Red_1(Clone) (UnityEngine.GameObject) (Card 2)
[03:04:08] Turns: 2
[03:04:08] Top card: Red_1(Clone) (UnityEngine.GameObject)
[03:04:08] Top card: Red_1(Clone) (UnityEngine.GameObject)
[03:04:08] Enemy 2: Green_S(Clone) (UnityEngine.GameObject) (Card 0) did not match
[03:04:08] Enemy 2: Yellow_6(Clone) (UnityEngine.GameObject) (Card 1) did not match
[03:04:08] Enemy 2: Yellow_9(Clone) (UnityEngine.GameObject) (Card 2) did not match
[03:04:08] Enemy 2: Played Blue_1(Clone) (UnityEngine.GameObject) (Card 3)
[03:04:08] Turns: 3
[03:04:08] Top card: Blue_1(Clone) (UnityEngine.GameObject)
[03:04:08] Top card: Blue_1(Clone) (UnityEngine.GameObject)
[03:04:08] Enemy 3: Played Blue_4(Clone) (UnityEngine.GameObject) (Card 0)
[03:04:08] Turns: 0
[03:04:08] Player: played card
[03:04:08] Turns: 1
[03:04:08] DiscardCounter: 1
[03:04:08] Top card: Green_7(Clone) (UnityEngine.GameObject)
[03:04:08] Top card: Green_7(Clone) (UnityEngine.GameObject)
[03:04:08] Enemy 1: Played Green_2(Clone) (UnityEngine.GameObject) (Card 0)
[03:04:08] Turns: 2
[03:04:08] Top card: Green_2(Clone) (UnityEngine.GameObject)
[03:04:08] Top card: Green_2(Clone) (UnityEngine.GameObject)
[03:04:08] Enemy 2: Played Green_S(Clone) (UnityEngine.GameObject) (Card 0)
[03:04:08] Turns: 3
[03:04:08] Top card: Green_S(Clone) (UnityEngine.GameObject)
[03:04:08] Skipped Enemy 3
[03:04:08] Player: played card
[03:04:08] Turns: 1
[03:04:08] DiscardCounter: 6
[03:04:08] Top card: Red_7(Clone) (UnityEngine.GameObject)
[03:04:08] Top card: Red_7(Clone) (UnityEngine.GameObject)
[03:04:08] Enemy 1: Green_2(Clone) (UnityEngine.GameObject) (Card 0) did not match
[03:04:08] Enemy 1: Blue_5(Clone) (UnityEngine.GameObject) (Card 1) did not match
[03:04:08] Enemy 1: Played Red_1(Clone) (UnityEngine.GameObject) (Card 2)
[03:04:08] Turns: 2
[03:04:08] Top card: Red_1(Clone) (UnityEngine.GameObject)
[03:04:08] Top card: Red_1(Clone) (UnityEngine.GameObject)
[03:04:08] Enemy 2: Green_S(Clone) (UnityEngine.GameObject) (Card 0) did not match
[03:04:08] Enemy 2: Yellow_6(Clone) (UnityEngine.GameObject) (Card 1) did not match
[03:04:08] Enemy 2: Yellow_9(Clone) (UnityEngine.GameObject) (Card 2) did not match
[03:04:08] Enemy 2: Played Blue_1(Clone) (UnityEngine.GameObject) (Card 3)
[03:04:08] Turns: 3
[03:04:08] Top card: Blue_1(Clone) (UnityEngine.GameObject)
[03:04:08] Top card: Blue_1(Clone) (UnityEngine.GameObject)
[03:04:08] Enemy 3: Played Blue_4(Clone) (UnityEngine.GameObject) (Card 0)
[03:04:08] Turns: 0
[03:04:08] Player: played card
[03:04:08] Turns: 1
[03:04:08] DiscardCounter: 3
[03:04:08] Top card: Red_1(Clone) (UnityEngine.GameObject)
[03:04:08] Top card: Red_1(Clone) (UnityEngine.GameObject)
[03:04:08] Enemy 1: Green_2(Clone) (UnityEngine.GameObject) (Card 0) did not match
[03:04:08] Enemy 1: Blue_5(Clone) (UnityEngine.GameObject) (Card 1) did not match
[03:04:08] Enemy 1: Played Red_1(Clone) (UnityEngine.GameObject) (Card 2)
[03:04:08] Turns: 2
[03:04:08] Top card: Red_1(Clone) (UnityEngine.GameObject)
[03:04:08] Top card: Red_1(Clone) (UnityEngine.GameObject)
[03:04:08] Enemy 2: Green_S(Clone) (UnityEngine.GameObject) (Card 0) did not match
[03:04:08] Enemy 2: Yellow_6(Clone) (UnityEngine.GameObject) (Card 1) did not match
[03:04:08] Enemy 2: Yellow_9(Clone) (UnityEngine.GameObject) (Card 2) did not match
[03:04:08] Enemy 2: Played Blue_1(Clone) (UnityEngine.GameObject) (Card 3)
[03:04:08] Turns: 3
[03:04:08] Top card: Blue_1(Clone) (UnityEngine.GameObject)
[03:04:08] Top card: Blue_1(Clone) (UnityEngine.GameObject)
[03:04:08] Enemy 3: Played Blue_4(Clone) (UnityEngine.GameObject) (Card 0)
[03:04:08] Turns: 0
