[12:05:30] Top card: 
[12:05:30] Delt cards
[12:05:30] Player: Played Red_7
[12:05:30] Turns: 1
[12:05:30] Turns: 1
[12:05:30] Top card: Red_7(Clone) (UnityEngine.GameObject)
[12:05:30] Top card: Red_7(Clone) (CardProperties)
[12:05:30] Enemy 1: Played Yellow_7(Clone) (UnityEngine.GameObject) (Card 0)
[12:05:30] Turns: 2
[12:05:30] Top card: Yellow_7(Clone) (UnityEngine.GameObject)
[12:05:30] Top card: Yellow_7(Clone) (CardProperties)
[12:05:30] Enemy 2: Red_R(Clone) (UnityEngine.GameObject) (Card 0) did not match
[12:05:30] Enemy 2: Played Yellow_3(Clone) (UnityEngine.GameObject) (Card 1)
[12:05:30] Turns: 3
[12:05:30] Top card: Yellow_3(Clone) (UnityEngine.GameObject)
[12:05:30] Top card: Yellow_3(Clone) (CardProperties)
[12:05:30] Enemy 3: Played Yellow_1(Clone) (UnityEngine.GameObject) (Card 0)
[12:05:30] Turns: 0
[12:05:30] Player: Played CardW
[12:05:30] Wild Menu shown
[12:05:30] Turns: 1
[12:05:30] Turns: 1
[12:05:30] Player called Green
[12:05:30] Wild Menu hidden
[12:05:30] Top card: CardW(Clone) (UnityEngine.GameObject)
[12:05:30] Top card: CardW(Clone) (CardProperties)
[12:05:30] Enemy 1: Played CardW(Clone) (UnityEngine.GameObject) (Card 0)
[12:05:30] Removed Red_7(Clone) (UnityEngine.GameObject)
[12:05:30] Turns: 2
[12:05:30] Top card: CardW(Clone) (UnityEngine.GameObject)
[12:05:30] Top card: CardW(Clone) (CardProperties)
[12:05:30] Enemy 2: Red_R(Clone) (UnityEngine.GameObject) (Card 0) did not match
[12:05:30] Enemy 2: Green_7(Clone) (UnityEngine.GameObject) (Card 1) did not match
[12:05:30] Enemy 2: Green_R(Clone) (UnityEngine.GameObject) (Card 2) did not match
[12:05:30] Enemy 2: Yellow_R(Clone) (UnityEngine.GameObject) (Card 3) did not match
[12:05:30] Enemy 2: Blue_1(Clone) (UnityEngine.GameObject) (Card 4) did not match
[12:05:30] Enemy 2: Red_R(Clone) (UnityEngine.GameObject) (Card 5) did not match
[12:05:30] HasFoundMatch = False
[12:05:30] Top Deck Card:Yellow_8(Clone) (UnityEngine.GameObject)
[12:05:30] Enemy 2: Drew Yellow_8(Clone) (UnityEngine.GameObject)
[12:05:30] Enemy 2: Drew 1 cards
[12:05:30] Turns: 3
[12:05:30] Top card: CardW(Clone) (UnityEngine.GameObject)
[12:05:30] Top card: CardW(Clone) (CardProperties)
[12:05:30] Enemy 3: Green_8(Clone) (UnityEngine.GameObject) (Card 0) did not match
[12:05:30] Enemy 3: Blue_2(Clone) (UnityEngine.GameObject) (Card 1) did not match
[12:05:30] Enemy 3: Yellow_0(Clone) (UnityEngine.GameObject) (Card 2) did not match
[12:05:30] Enemy 3: Green_S(Clone) (UnityEngine.GameObject) (Card 3) did not match
[12:05:30] Enemy 3: Green_1(Clone) (UnityEngine.GameObject) (Card 4) did not match
[12:05:30] Enemy 3: Green_D(Clone) (UnityEngine.GameObject) (Card 5) did not match
[12:05:30] HasFoundMatch = False
[12:05:30] Top Deck Card:Red_5(Clone) (UnityEngine.GameObject)
[12:05:30] Enemy 3: Drew Red_5(Clone) (UnityEngine.GameObject)
[12:05:30] Enemy 3: Drew 1 cards
[12:05:30] Turns: 0
