[04:58:22] Player received: Red_0(Clone)
[04:58:22] Enemy1 received: Yellow_3(Clone)
[04:58:22] Enemy2 received: Blue_2(Clone)
[04:58:22] Enemy3 received: Green_6(Clone)
[04:58:22] Player received: Blue_8(Clone)
[04:58:22] Enemy1 received: Green_6(Clone)
[04:58:22] Enemy2 received: Green_S(Clone)
[04:58:22] Enemy3 received: Green_R(Clone)
[04:58:22] Player received: CardW(Clone)
[04:58:22] Enemy1 received: Green_1(Clone)
[04:58:22] Enemy2 received: Yellow_2(Clone)
[04:58:22] Enemy3 received: Yellow_3(Clone)
[04:58:22] Player received: Blue_3(Clone)
[04:58:22] Enemy1 received: Blue_7(Clone)
[04:58:22] Enemy2 received: Blue_D(Clone)
[04:58:22] Enemy3 received: Red_D(Clone)
[04:58:22] Player received: Green_D(Clone)
[04:58:22] Enemy1 received: Blue_R(Clone)
[04:58:22] Enemy2 received: Yellow_8(Clone)
[04:58:22] Enemy3 received: Green_D(Clone)
[04:58:22] Player received: Green_D(Clone)
[04:58:22] Enemy1 received: Red_3(Clone)
[04:58:22] Enemy2 received: CardW(Clone)
[04:58:22] Enemy3 received: Red_9(Clone)
[04:58:22] Player received: Blue_R(Clone)
[04:58:22] Enemy1 received: Red_6(Clone)
[04:58:22] Enemy2 received: Blue_D(Clone)
[04:58:22] Enemy3 received: Blue_D(Clone)
[04:58:22] DiscardPile received: Blue_S(Clone)
[04:58:22] Dealt cards
[04:58:22] Player: Played Green_D
[09:10:38] Player received: Blue_R(Clone)
[09:10:38] Enemy1 received: Yellow_7(Clone)
[09:10:38] Enemy2 received: Green_1(Clone)
[09:10:38] Enemy3 received: Red_4(Clone)
[09:10:38] Player received: Yellow_3(Clone)
[09:10:38] Enemy1 received: Blue_2(Clone)
[09:10:38] Enemy2 received: Green_D(Clone)
[09:10:38] Enemy3 received: Blue_0(Clone)
[09:10:38] Player received: Blue_6(Clone)
[09:10:38] Enemy1 received: Red_3(Clone)
[09:10:38] Enemy2 received: Yellow_D(Clone)
[09:10:38] Enemy3 received: CardW4(Clone)
[09:10:38] Player received: CardW(Clone)
[09:10:38] Enemy1 received: Red_0(Clone)
[09:10:38] Enemy2 received: Green_8(Clone)
[09:10:38] Enemy3 received: Yellow_6(Clone)
[09:10:38] Player received: CardW(Clone)
[09:10:38] Enemy1 received: Yellow_8(Clone)
[09:10:38] Enemy2 received: Red_R(Clone)
[09:10:38] Enemy3 received: Red_D(Clone)
[09:10:38] Player received: Blue_R(Clone)
[09:10:38] Enemy1 received: Yellow_1(Clone)
[09:10:38] Enemy2 received: Yellow_4(Clone)
[09:10:38] Enemy3 received: CardW4(Clone)
[09:10:38] Player received: Red_3(Clone)
[09:10:38] Enemy1 received: CardW(Clone)
[09:10:38] Enemy2 received: Red_5(Clone)
[09:10:38] Enemy3 received: Yellow_D(Clone)
[09:10:38] DiscardPile received: Green_4(Clone)
[09:10:38] Dealt cards
