[07:01:15] Top card: 
[07:01:15] Delt cards
[07:01:15] Top card: 
[07:01:15] Top card: 
[07:01:15] Top card: 
[07:01:15] Top card: 
[07:01:15] Top card: 
[07:01:15] Top card: 
[07:01:15] Top card: 
[07:01:15] Top card: 
[07:01:15] Top card: 
[07:01:15] Top card: 
[07:01:15] Top card: 
[07:01:15] Top card: 
[07:01:15] Top card: 
[07:01:15] Top card: 
[07:01:15] Top card: 
[07:01:15] Top card: 
[07:01:15] Top card: 
[07:01:15] Top card: 
[07:01:15] Top card: 
[07:01:15] Top card: 
[07:01:15] Player: Played CardW(Clone) (UnityEngine.GameObject)
[07:01:15] Wild Menu shown
[07:01:15] Turns: 1
[07:01:15] Turns: 1
[07:01:15] Top card: CardW(Clone) (UnityEngine.GameObject)
[07:01:15] Top card: CardW(Clone) (UnityEngine.GameObject)
[07:01:15] Enemy 1: CardW4(Clone) (UnityEngine.GameObject) (Card 0) did not match
[07:01:15] Enemy 1: CardW4(Clone) (UnityEngine.GameObject) (Card 1) did not match
[07:01:15] Enemy 1: Played CardW(Clone) (UnityEngine.GameObject) (Card 2)
[07:01:15] Turns: 2
[07:01:15] Top card: CardW(Clone) (UnityEngine.GameObject)
[07:01:15] Top card: CardW(Clone) (UnityEngine.GameObject)
[07:01:15] Enemy 2: CardW4(Clone) (UnityEngine.GameObject) (Card 0) did not match
[07:01:15] Enemy 2: CardW4(Clone) (UnityEngine.GameObject) (Card 1) did not match
[07:01:15] Enemy 2: CardW4(Clone) (UnityEngine.GameObject) (Card 2) did not match
[07:01:15] Enemy 2: Played CardW(Clone) (UnityEngine.GameObject) (Card 3)
[07:01:15] Turns: 3
[07:01:15] Top card: CardW(Clone) (UnityEngine.GameObject)
[07:01:15] Top card: CardW(Clone) (UnityEngine.GameObject)
[07:01:15] Enemy 3: CardW4(Clone) (UnityEngine.GameObject) (Card 0) did not match
[07:01:15] Enemy 3: Played CardW(Clone) (UnityEngine.GameObject) (Card 1)
[07:01:15] Turns: 0
[09:39:39] Top card: 
[09:39:39] Delt cards
[09:39:39] Top card: Red_8(Clone) (UnityEngine.GameObject)
[09:39:39] Top card: Red_8(Clone) (UnityEngine.GameObject)
[09:39:39] Top card: Red_8(Clone) (UnityEngine.GameObject)
[09:39:39] Top card: Red_8(Clone) (UnityEngine.GameObject)
[09:39:39] Top card: Red_8(Clone) (UnityEngine.GameObject)
[09:39:39] Top card: Red_8(Clone) (UnityEngine.GameObject)
[09:39:39] Top card: Red_8(Clone) (UnityEngine.GameObject)
[09:39:39] Top card: Red_8(Clone) (UnityEngine.GameObject)
[09:39:39] Top card: Red_8(Clone) (UnityEngine.GameObject)
[09:39:39] Top card: Red_8(Clone) (UnityEngine.GameObject)
[09:39:39] Top card: Red_8(Clone) (UnityEngine.GameObject)
[09:39:39] Top card: Red_8(Clone) (UnityEngine.GameObject)
[09:39:39] Top card: Red_8(Clone) (UnityEngine.GameObject)
[09:39:39] Top card: Red_8(Clone) (UnityEngine.GameObject)
[09:39:39] Top card: Red_8(Clone) (UnityEngine.GameObject)
[09:39:39] Top card: Red_8(Clone) (UnityEngine.GameObject)
[09:39:39] Top card: Red_8(Clone) (UnityEngine.GameObject)
[09:39:39] Top card: Red_8(Clone) (UnityEngine.GameObject)
[09:39:39] Top card: Red_8(Clone) (UnityEngine.GameObject)
[09:39:39] Top card: Red_8(Clone) (UnityEngine.GameObject)
[09:39:39] Top card: Red_8(Clone) (UnityEngine.GameObject)
[09:39:39] Top card: Red_8(Clone) (UnityEngine.GameObject)
[09:39:39] Top card: Red_8(Clone) (UnityEngine.GameObject)
[09:39:39] Top card: Red_8(Clone) (UnityEngine.GameObject)
[09:39:39] Top card: Red_8(Clone) (UnityEngine.GameObject)
[09:39:39] Top card: Red_8(Clone) (UnityEngine.GameObject)
[09:39:39] Top card: Red_8(Clone) (UnityEngine.GameObject)
[09:39:39] Top card: Red_8(Clone) (UnityEngine.GameObject)
[09:39:39] Player: Played Blue_6(Clone) (UnityEngine.GameObject)
[09:39:39] Turns: 1
[09:39:39] Turns: 1
[09:39:39] Top card: Blue_6(Clone) (UnityEngine.GameObject)
[09:39:39] Top card: Blue_6(Clone) (CardProperties)
[09:39:39] Enemy 1: Green_S(Clone) (UnityEngine.GameObject) (Card 0) did not match
[09:39:39] Enemy 1: Green_D(Clone) (UnityEngine.GameObject) (Card 1) did not match
[09:39:39] Enemy 1: Red_4(Clone) (UnityEngine.GameObject) (Card 2) did not match
[09:39:39] Enemy 1: Green_S(Clone) (UnityEngine.GameObject) (Card 3) did not match
[09:39:39] Enemy 1: Played Blue_S(Clone) (UnityEngine.GameObject) (Card 4)
[09:39:39] Turns: 2
[09:39:39] Top card: Blue_S(Clone) (UnityEngine.GameObject)
[09:39:39] Skipped Enemy 2
[09:39:39] Top card: Blue_S(Clone) (UnityEngine.GameObject)
[09:39:39] Top card: Blue_S(Clone) (CardProperties)
[09:39:39] Enemy 3: Played Blue_S(Clone) (UnityEngine.GameObject) (Card 0)
[09:39:39] Turns: 0
