[08:51:04] Player received: Green_D(Clone)
[08:51:04] Enemy1 received: Green_9(Clone)
[08:51:04] Enemy2 received: Yellow_D(Clone)
[08:51:04] Enemy3 received: Yellow_4(Clone)
[08:51:04] Player received: Blue_7(Clone)
[08:51:04] Enemy1 received: CardW(Clone)
[08:51:04] Enemy2 received: Green_D(Clone)
[08:51:04] Enemy3 received: CardW(Clone)
[08:51:04] Player received: Yellow_3(Clone)
[08:51:04] Enemy1 received: CardW4(Clone)
[08:51:04] Enemy2 received: CardW(Clone)
[08:51:04] Enemy3 received: Blue_R(Clone)
[08:51:04] Player received: Red_3(Clone)
[08:51:04] Enemy1 received: Red_8(Clone)
[08:51:04] Enemy2 received: Green_3(Clone)
[08:51:04] Enemy3 received: Blue_S(Clone)
[08:51:04] Player received: Yellow_8(Clone)
[08:51:04] Enemy1 received: Green_1(Clone)
[08:51:04] Enemy2 received: Yellow_D(Clone)
[08:51:04] Enemy3 received: Yellow_D(Clone)
[08:51:04] Player received: Red_5(Clone)
[08:51:04] Enemy1 received: Yellow_6(Clone)
[08:51:04] Enemy2 received: Yellow_9(Clone)
[08:51:04] Enemy3 received: Blue_5(Clone)
[08:51:04] Player received: Yellow_6(Clone)
[08:51:04] Enemy1 received: CardW(Clone)
[08:51:04] Enemy2 received: Yellow_2(Clone)
[08:51:04] Enemy3 received: Yellow_R(Clone)
[08:51:04] DiscardPile received: Yellow_0(Clone)
[08:51:04] Dealt cards
[06:49:01] Player received: Yellow_1(Clone)
[06:49:01] Enemy1 received: Red_5(Clone)
[06:49:01] Enemy2 received: Yellow_7(Clone)
[06:49:01] Enemy3 received: Green_S(Clone)
[06:49:01] Player received: Green_1(Clone)
[06:49:01] Enemy1 received: Green_7(Clone)
[06:49:01] Enemy2 received: CardW(Clone)
[06:49:01] Enemy3 received: CardW4(Clone)
[06:49:01] Player received: Yellow_D(Clone)
[06:49:01] Enemy1 received: Green_D(Clone)
[06:49:01] Enemy2 received: Yellow_D(Clone)
[06:49:01] Enemy3 received: Red_9(Clone)
[06:49:01] Player received: Red_D(Clone)
[06:49:01] Enemy1 received: Yellow_S(Clone)
[06:49:01] Enemy2 received: Blue_8(Clone)
[06:49:01] Enemy3 received: Green_8(Clone)
[06:49:01] Player received: Blue_S(Clone)
[06:49:01] Enemy1 received: Green_D(Clone)
[06:49:01] Enemy2 received: Red_D(Clone)
[06:49:01] Enemy3 received: Red_1(Clone)
[06:49:01] Player received: CardW(Clone)
[06:49:01] Enemy1 received: Green_D(Clone)
[06:49:01] Enemy2 received: Green_5(Clone)
[06:49:01] Enemy3 received: CardW4(Clone)
[06:49:01] Player received: Blue_6(Clone)
[06:49:01] Enemy1 received: Green_4(Clone)
[06:49:01] Enemy2 received: Blue_5(Clone)
[06:49:01] Enemy3 received: Green_2(Clone)
[06:49:01] DiscardPile received: Green_3(Clone)
[06:49:01] Dealt cards
[06:49:01] Player: Played Green_1(Clone)
[06:49:01] Turns: 1
[06:49:01] Top card: Green_1(Clone) (UnityEngine.GameObject)
[06:49:01] Green_7(Clone) was added to PlayableCards
[06:49:01] Green_D(Clone) was added to PlayableCards
[06:49:01] Green_D(Clone) was added to PlayableCards
[06:49:01] Green_D(Clone) was added to PlayableCards
[06:49:01] Green_4(Clone) was added to PlayableCards
[06:49:01] Enemy 1: Played Green_D(Clone)
[06:49:01] HasPlayableCard = true
[06:49:01] Turns: 2
[06:49:01] Top card: Green_D(Clone) (UnityEngine.GameObject)
[06:49:01] Top Deck Card:Green_D(Clone)
[06:49:01] Enemy 2: Drew Green_D(Clone)
[06:49:01] Top Deck Card:Red_7(Clone)
[06:49:01] Enemy 2: Drew Red_7(Clone)
[06:49:01] Enemy 2: Drew 2 cards
[06:49:01] Turns: 3
[06:49:01] Top card: Green_D(Clone) (UnityEngine.GameObject)
[06:49:01] Green_S(Clone) was added to PlayableCards
[06:49:01] CardW4(Clone) was added to PlayableCards
[06:49:01] Green_8(Clone) was added to PlayableCards
[06:49:01] CardW4(Clone) was added to PlayableCards
[06:49:01] Green_2(Clone) was added to PlayableCards
[06:49:01] Enemy 3: Played Green_S(Clone)
[06:49:01] HasPlayableCard = true
[06:49:01] Turns: 0
[06:49:01] Hello from PlayerManager.Skip
[06:49:01] Turns: 1
[06:49:01] Top card: Green_S(Clone) (UnityEngine.GameObject)
[06:49:01] Green_7(Clone) was added to PlayableCards
[06:49:01] Yellow_S(Clone) was added to PlayableCards
[06:49:01] Green_D(Clone) was added to PlayableCards
[06:49:01] Green_D(Clone) was added to PlayableCards
[06:49:01] Green_4(Clone) was added to PlayableCards
[06:49:01] Enemy 1: Played Green_D(Clone)
[06:49:01] HasPlayableCard = true
[06:49:01] Turns: 2
[06:49:01] Top card: Green_D(Clone) (UnityEngine.GameObject)
[06:49:01] Top Deck Card:Blue_6(Clone)
[06:49:01] Enemy 2: Drew Blue_6(Clone)
[06:49:01] Top Deck Card:Red_D(Clone)
[06:49:01] Enemy 2: Drew Red_D(Clone)
[06:49:01] Enemy 2: Drew 2 cards
[06:49:01] Turns: 3
[06:49:01] Top card: Green_D(Clone) (UnityEngine.GameObject)
[06:49:01] CardW4(Clone) was added to PlayableCards
[06:49:01] Green_8(Clone) was added to PlayableCards
[06:49:01] CardW4(Clone) was added to PlayableCards
[06:49:01] Green_2(Clone) was added to PlayableCards
[06:49:01] Enemy 3: Played Green_8(Clone)
[06:49:01] HasPlayableCard = true
[06:49:01] Turns: 0
