[09:51:10]Top card: 
[09:51:10]Top card: Green_D(Clone) (UnityEngine.GameObject)
[09:51:10]Top card: Green_D(Clone) (UnityEngine.GameObject)
[09:51:10]Top card: Green_D(Clone) (UnityEngine.GameObject)
[09:51:10]Top card: Green_D(Clone) (UnityEngine.GameObject)
[09:51:10]Top card: Green_D(Clone) (UnityEngine.GameObject)
[09:51:10]Top card: Green_D(Clone) (UnityEngine.GameObject)
[09:51:10]Top card: Green_D(Clone) (UnityEngine.GameObject)
[09:51:10]Top card: Green_D(Clone) (UnityEngine.GameObject)
[09:51:10]Top card: Green_D(Clone) (UnityEngine.GameObject)
[09:51:10]Top card: Green_D(Clone) (UnityEngine.GameObject)
[09:51:10]Top card: Green_D(Clone) (UnityEngine.GameObject)
[09:51:10]Top card: Green_D(Clone) (UnityEngine.GameObject)
[09:51:10]Top card: Green_D(Clone) (UnityEngine.GameObject)
[09:51:10]Top card: Green_D(Clone) (UnityEngine.GameObject)
[09:51:10]Top card: Green_D(Clone) (UnityEngine.GameObject)
[09:51:10]Top card: Green_D(Clone) (UnityEngine.GameObject)
[09:51:10]Top card: Green_D(Clone) (UnityEngine.GameObject)
[09:51:10]Top card: Green_D(Clone) (UnityEngine.GameObject)
[09:51:10]Top card: Green_D(Clone) (UnityEngine.GameObject)
[09:51:10]Top card: Green_D(Clone) (UnityEngine.GameObject)
[09:51:10]Top card: Green_D(Clone) (UnityEngine.GameObject)
[09:51:10]Top card: Green_D(Clone) (UnityEngine.GameObject)
[09:51:10]Top card: Green_D(Clone) (UnityEngine.GameObject)
[09:51:10]Top card: Green_D(Clone) (UnityEngine.GameObject)
[09:51:10]Top card: Green_D(Clone) (UnityEngine.GameObject)
[09:51:10]Top card: Green_D(Clone) (UnityEngine.GameObject)
[09:51:10]Top card: Green_D(Clone) (UnityEngine.GameObject)
[09:51:10]Top card: Green_D(Clone) (UnityEngine.GameObject)
[09:51:10]Player: played card
[09:51:10]Turns = 1
[09:51:10]DiscardCounter: 1
[09:51:10]Top card: Green_D(Clone) (UnityEngine.GameObject)
[09:51:10]Red_4(Clone) (UnityEngine.GameObject)
[09:51:10]Red_D(Clone) (UnityEngine.GameObject)
[09:51:10]Top card: Green_D(Clone) (UnityEngine.GameObject)
[09:51:10]Blue_7(Clone) (UnityEngine.GameObject)
[09:51:10]Green_6(Clone) (UnityEngine.GameObject)
[09:51:10]Top card: Green_D(Clone) (UnityEngine.GameObject)
[09:51:10]Blue_D(Clone) (UnityEngine.GameObject)
[09:51:10]Yellow_9(Clone) (UnityEngine.GameObject)
