[10:33:12] Top card: 
[10:33:12] Top card: 
[10:33:12] Top card: 
[10:33:12] Top card: 
[10:33:12] Top card: 
[10:33:12] Top card: 
[10:33:12] Top card: 
[10:33:12] Top card: 
[10:33:12] Top card: 
[10:33:12] Top card: 
[10:33:12] Top card: 
[10:33:12] Top card: 
[10:33:12] Top card: 
[10:33:12] Top card: 
[10:33:12] Top card: 
[10:33:12] Top card: 
[10:33:12] Top card: 
[10:33:12] Top card: 
[10:33:12] Top card: 
[10:33:12] Top card: 
[10:33:12] Top card: 
[10:33:12] Top card: 
[10:33:12] Top card: 
[10:33:12] Top card: 
[10:33:12] Top card: 
[10:33:12] Top card: 
[10:33:12] Top card: 
[10:33:12] Top card: 
[10:33:12] hello from discard if statment
[10:33:12] hello from discard while loop
[10:33:12] Top card: 
[10:33:12] Delt cards
[11:36:30] Top card: 
[11:36:30] Top card: Green_7(Clone) (UnityEngine.GameObject)
[11:36:30] Top card: Green_7(Clone) (UnityEngine.GameObject)
[11:36:30] Top card: Green_7(Clone) (UnityEngine.GameObject)
[11:36:30] Top card: Green_7(Clone) (UnityEngine.GameObject)
[11:36:30] Top card: Green_7(Clone) (UnityEngine.GameObject)
[11:36:30] Top card: Green_7(Clone) (UnityEngine.GameObject)
[11:36:30] Top card: Green_7(Clone) (UnityEngine.GameObject)
[11:36:30] Top card: Green_7(Clone) (UnityEngine.GameObject)
[11:36:30] Top card: Green_7(Clone) (UnityEngine.GameObject)
[11:36:30] Top card: Green_7(Clone) (UnityEngine.GameObject)
[11:36:30] Top card: Green_7(Clone) (UnityEngine.GameObject)
[11:36:30] Top card: Green_7(Clone) (UnityEngine.GameObject)
[11:36:30] Top card: Green_7(Clone) (UnityEngine.GameObject)
[11:36:30] Top card: Green_7(Clone) (UnityEngine.GameObject)
[11:36:30] Top card: Green_7(Clone) (UnityEngine.GameObject)
[11:36:30] Top card: Green_7(Clone) (UnityEngine.GameObject)
[11:36:30] Top card: Green_7(Clone) (UnityEngine.GameObject)
[11:36:30] Top card: Green_7(Clone) (UnityEngine.GameObject)
[11:36:30] Top card: Green_7(Clone) (UnityEngine.GameObject)
[11:36:30] Top card: Green_7(Clone) (UnityEngine.GameObject)
[11:36:30] Top card: Green_7(Clone) (UnityEngine.GameObject)
[11:36:30] Top card: Green_7(Clone) (UnityEngine.GameObject)
[11:36:30] Top card: Green_7(Clone) (UnityEngine.GameObject)
[11:36:30] Top card: Green_7(Clone) (UnityEngine.GameObject)
[11:36:30] Top card: Green_7(Clone) (UnityEngine.GameObject)
[11:36:30] Top card: Green_7(Clone) (UnityEngine.GameObject)
[11:36:30] Top card: Green_7(Clone) (UnityEngine.GameObject)
[11:36:30] Delt cards
[11:36:30] Top card: Green_7(Clone) (UnityEngine.GameObject)
[11:36:30] Player: Played Yellow_R(Clone) (UnityEngine.GameObject)
[11:36:30] Turns: 3
[11:36:30] Turns: 3
[11:36:30] Top card: Yellow_R(Clone) (UnityEngine.GameObject)
[11:36:30] Top card: Yellow_R(Clone) (CardProperties)
[11:36:30] Enemy 3: Red_4(Clone) (UnityEngine.GameObject) (Card 0) did not match
[11:36:30] Enemy 3: Blue_3(Clone) (UnityEngine.GameObject) (Card 1) did not match
[11:36:30] Enemy 3: CardW4(Clone) (UnityEngine.GameObject) (Card 2) did not match
[11:36:30] Enemy 3: Played Yellow_R(Clone) (UnityEngine.GameObject) (Card 3)
[11:36:30] Top card: Yellow_R(Clone) (CardProperties)
[11:36:30] Enemy 3: Red_4(Clone) (UnityEngine.GameObject) (Card 0) did not match
[11:36:30] Enemy 3: Blue_3(Clone) (UnityEngine.GameObject) (Card 1) did not match
[11:36:30] Enemy 3: CardW4(Clone) (UnityEngine.GameObject) (Card 2) did not match
[11:36:30] Enemy 3: Played Yellow_R(Clone) (UnityEngine.GameObject) (Card 3)
[11:36:30] Turns: 2
[11:36:30] IsReversed: True
[11:36:30] Turns: 1
[11:36:30] Top card: Yellow_R(Clone) (UnityEngine.GameObject)
[11:36:30] Top card: Yellow_R(Clone) (CardProperties)
[11:36:30] Enemy 1: Blue_S(Clone) (UnityEngine.GameObject) (Card 0) did not match
[11:36:30] Enemy 1: Played Yellow_6(Clone) (UnityEngine.GameObject) (Card 1)
[11:36:30] Turns: 0
