[08:21:53] Top card: 
[08:21:53] Delt cards
[08:21:53] Player: Played Blue_S
[08:21:53] Made it this far (TurnManager)
[08:21:53] Skipped Player
[08:21:53] Turns: 2
[08:21:53] Turns: 2
[08:21:53] Top card: Blue_S(Clone) (UnityEngine.GameObject)
[08:21:53] Top card: Blue_S(Clone) (CardProperties)
[08:21:53] Enemy 2: Green_R(Clone) (UnityEngine.GameObject) (Card 0) did not match
[08:21:53] Enemy 2: Green_1(Clone) (UnityEngine.GameObject) (Card 1) did not match
[08:21:53] Enemy 2: Yellow_8(Clone) (UnityEngine.GameObject) (Card 2) did not match
[08:21:53] Enemy 2: Green_2(Clone) (UnityEngine.GameObject) (Card 3) did not match
[08:21:53] Enemy 2: Yellow_R(Clone) (UnityEngine.GameObject) (Card 4) did not match
[08:21:53] Enemy 2: Played Blue_D(Clone) (UnityEngine.GameObject) (Card 5)
[08:21:53] Turns: 3
[08:21:53] Top card: Blue_D(Clone) (UnityEngine.GameObject)
[08:21:53] Top Deck Card:Yellow_3(Clone) (UnityEngine.GameObject)
[08:21:53] Enemy 3: Drew Yellow_3(Clone) (UnityEngine.GameObject)
[08:21:53] Top Deck Card:Yellow_4(Clone) (UnityEngine.GameObject)
[08:21:53] Enemy 3: Drew Yellow_4(Clone) (UnityEngine.GameObject)
[08:21:53] Enemy 3: Drew 2 cards
[08:21:53] Skipped Enemy 3
