[03:22:45] Top card: 
[03:22:45] Delt cards
[03:22:45] Top card: Blue_3(Clone) (UnityEngine.GameObject)
[03:22:45] Top card: Blue_3(Clone) (UnityEngine.GameObject)
[03:22:45] Top card: Blue_3(Clone) (UnityEngine.GameObject)
[03:22:45] Top card: Blue_3(Clone) (UnityEngine.GameObject)
[03:22:45] Top card: Blue_3(Clone) (UnityEngine.GameObject)
[03:22:45] Top card: Blue_3(Clone) (UnityEngine.GameObject)
[03:22:45] Top card: Blue_3(Clone) (UnityEngine.GameObject)
[03:22:45] Top card: Blue_3(Clone) (UnityEngine.GameObject)
[03:22:45] Top card: Blue_3(Clone) (UnityEngine.GameObject)
[03:22:45] Top card: Blue_3(Clone) (UnityEngine.GameObject)
[03:22:45] Top card: Blue_3(Clone) (UnityEngine.GameObject)
[03:22:45] Top card: Blue_3(Clone) (UnityEngine.GameObject)
[03:22:45] Top card: Blue_3(Clone) (UnityEngine.GameObject)
[03:22:45] Top card: Blue_3(Clone) (UnityEngine.GameObject)
[03:22:45] Top card: Blue_3(Clone) (UnityEngine.GameObject)
[03:22:45] Top card: Blue_3(Clone) (UnityEngine.GameObject)
[03:22:45] Top card: Blue_3(Clone) (UnityEngine.GameObject)
[03:22:45] Top card: Blue_3(Clone) (UnityEngine.GameObject)
[03:22:45] Top card: Blue_3(Clone) (UnityEngine.GameObject)
[03:22:45] Top card: Blue_3(Clone) (UnityEngine.GameObject)
[03:22:45] Top card: Blue_3(Clone) (UnityEngine.GameObject)
[03:22:45] Top card: Blue_3(Clone) (UnityEngine.GameObject)
[03:22:45] Top card: Blue_3(Clone) (UnityEngine.GameObject)
[03:22:45] Top card: Blue_3(Clone) (UnityEngine.GameObject)
[03:22:45] Top card: Blue_3(Clone) (UnityEngine.GameObject)
[03:22:45] Top card: Blue_3(Clone) (UnityEngine.GameObject)
[03:22:45] Top card: Blue_3(Clone) (UnityEngine.GameObject)
[03:22:45] Top card: Blue_3(Clone) (UnityEngine.GameObject)
[03:22:45] Player: played card
[03:22:45] Turns: 1
[03:22:45] DiscardCounter: 1
[03:22:45] Top card: Blue_S(Clone) (UnityEngine.GameObject)
[03:22:45] Skipped Enemy 1
[03:22:45] Top card: Blue_S(Clone) (UnityEngine.GameObject)
[03:22:45] Top card: Blue_S(Clone) (UnityEngine.GameObject)
[03:22:45] Enemy 2: Played Blue_8(Clone) (UnityEngine.GameObject) (Card 0)
[03:22:45] Turns: 3
[03:22:45] Top card: Blue_8(Clone) (UnityEngine.GameObject)
[03:22:45] Top card: Blue_8(Clone) (UnityEngine.GameObject)
[03:22:45] Enemy 3: Green_7(Clone) (UnityEngine.GameObject) (Card 0) did not match
[03:22:45] Enemy 3: Red_9(Clone) (UnityEngine.GameObject) (Card 1) did not match
[03:22:45] Enemy 3: Yellow_6(Clone) (UnityEngine.GameObject) (Card 2) did not match
[03:22:45] Enemy 3: Yellow_1(Clone) (UnityEngine.GameObject) (Card 3) did not match
[03:22:45] Enemy 3: Green_3(Clone) (UnityEngine.GameObject) (Card 4) did not match
[03:22:45] Enemy 3: Played Blue_6(Clone) (UnityEngine.GameObject) (Card 5)
[03:22:45] Turns: 0
[03:22:45] Player: played card
[03:22:45] Turns: 1
[03:22:45] DiscardCounter: 1
[03:22:45] Top card: Green_6(Clone) (UnityEngine.GameObject)
[03:22:45] Top card: Green_6(Clone) (UnityEngine.GameObject)
[03:22:45] Enemy 1: Yellow_5(Clone) (UnityEngine.GameObject) (Card 0) did not match
[03:22:45] Enemy 1: Yellow_R(Clone) (UnityEngine.GameObject) (Card 1) did not match
[03:22:45] Enemy 1: CardW4(Clone) (UnityEngine.GameObject) (Card 2) did not match
[03:22:45] Enemy 1: Red_D(Clone) (UnityEngine.GameObject) (Card 3) did not match
[03:22:45] Enemy 1: Played Blue_6(Clone) (UnityEngine.GameObject) (Card 4)
[03:22:45] Turns: 2
[03:22:45] Top card: Blue_6(Clone) (UnityEngine.GameObject)
[03:22:45] Top card: Blue_6(Clone) (UnityEngine.GameObject)
[03:22:45] Enemy 2: Played Blue_8(Clone) (UnityEngine.GameObject) (Card 0)
[03:22:45] Turns: 3
[03:22:45] Top card: Blue_8(Clone) (UnityEngine.GameObject)
[03:22:45] Top card: Blue_8(Clone) (UnityEngine.GameObject)
[03:22:45] Enemy 3: Green_7(Clone) (UnityEngine.GameObject) (Card 0) did not match
[03:22:45] Enemy 3: Red_9(Clone) (UnityEngine.GameObject) (Card 1) did not match
[03:22:45] Enemy 3: Yellow_6(Clone) (UnityEngine.GameObject) (Card 2) did not match
[03:22:45] Enemy 3: Yellow_1(Clone) (UnityEngine.GameObject) (Card 3) did not match
[03:22:45] Enemy 3: Green_3(Clone) (UnityEngine.GameObject) (Card 4) did not match
[03:22:45] Enemy 3: Played Blue_6(Clone) (UnityEngine.GameObject) (Card 5)
[03:22:45] Turns: 0
