[12:49:10] Top card: 
[12:49:10] Top card: Red_7(Clone) (UnityEngine.GameObject)
[12:49:10] Top card: Red_7(Clone) (UnityEngine.GameObject)
[12:49:10] Top card: Red_7(Clone) (UnityEngine.GameObject)
[12:49:10] Top card: Red_7(Clone) (UnityEngine.GameObject)
[12:49:10] Top card: Red_7(Clone) (UnityEngine.GameObject)
[12:49:10] Top card: Red_7(Clone) (UnityEngine.GameObject)
[12:49:10] Top card: Red_7(Clone) (UnityEngine.GameObject)
[12:49:10] Top card: Red_7(Clone) (UnityEngine.GameObject)
[12:49:10] Top card: Red_7(Clone) (UnityEngine.GameObject)
[12:49:10] Top card: Red_7(Clone) (UnityEngine.GameObject)
[12:49:10] Top card: Red_7(Clone) (UnityEngine.GameObject)
[12:49:10] Top card: Red_7(Clone) (UnityEngine.GameObject)
[12:49:10] Top card: Red_7(Clone) (UnityEngine.GameObject)
[12:49:10] Top card: Red_7(Clone) (UnityEngine.GameObject)
[12:49:10] Top card: Red_7(Clone) (UnityEngine.GameObject)
[12:49:10] Top card: Red_7(Clone) (UnityEngine.GameObject)
[12:49:10] Top card: Red_7(Clone) (UnityEngine.GameObject)
[12:49:10] Top card: Red_7(Clone) (UnityEngine.GameObject)
[12:49:10] Top card: Red_7(Clone) (UnityEngine.GameObject)
[12:49:10] Top card: Red_7(Clone) (UnityEngine.GameObject)
[12:49:10] Top card: Red_7(Clone) (UnityEngine.GameObject)
[12:49:10] Top card: Red_7(Clone) (UnityEngine.GameObject)
[12:49:10] Top card: Red_7(Clone) (UnityEngine.GameObject)
[12:49:10] Top card: Red_7(Clone) (UnityEngine.GameObject)
[12:49:10] Top card: Red_7(Clone) (UnityEngine.GameObject)
[12:49:10] Top card: Red_7(Clone) (UnityEngine.GameObject)
[12:49:10] Top card: Red_7(Clone) (UnityEngine.GameObject)
[12:49:10] Top card: Red_7(Clone) (UnityEngine.GameObject)
[12:49:10] Player: played card
[12:49:10] Turns: 1
[12:49:10] DiscardCounter: 1
[12:49:10] Top card: Red_9(Clone) (UnityEngine.GameObject)
[12:49:10] Top card: Red_9(Clone) (UnityEngine.GameObject)
[12:49:10] Enemy 1: Blue_4(Clone) (UnityEngine.GameObject) (Card 0) did not match
[12:49:10] Enemy 1: Played Red_5(Clone) (UnityEngine.GameObject) (Card 1)
[12:49:10] Turns: 2
[12:49:10] Top card: Red_5(Clone) (UnityEngine.GameObject)
[12:49:10] Top card: Red_5(Clone) (UnityEngine.GameObject)
[12:49:10] Enemy 2: Green_8(Clone) (UnityEngine.GameObject) (Card 0) did not match
[12:49:10] Enemy 2: Blue_8(Clone) (UnityEngine.GameObject) (Card 1) did not match
[12:49:10] Enemy 2: Green_D(Clone) (UnityEngine.GameObject) (Card 2) did not match
[12:49:10] Enemy 2: Played Red_R(Clone) (UnityEngine.GameObject) (Card 3)
[12:49:10] Turns: 3
[12:49:10] Top card: Red_R(Clone) (UnityEngine.GameObject)
[12:49:10] Game Reversed (Not). Continuing as normal
[12:49:10] Top card: Red_R(Clone) (UnityEngine.GameObject)
[12:49:10] Enemy 3: Green_5(Clone) (UnityEngine.GameObject) (Card 0) did not match
[12:49:10] Enemy 3: Played Red_8(Clone) (UnityEngine.GameObject) (Card 1)
[12:49:10] Turns: 0
[12:49:10] Player: played card
[12:49:10] Turns: 1
[12:49:10] DiscardCounter: 1
[12:49:10] Top card: Yellow_6(Clone) (UnityEngine.GameObject)
[12:49:10] Top card: Yellow_6(Clone) (UnityEngine.GameObject)
[12:49:10] Enemy 1: Blue_4(Clone) (UnityEngine.GameObject) (Card 0) did not match
[12:49:10] Enemy 1: Red_5(Clone) (UnityEngine.GameObject) (Card 1) did not match
[12:49:10] Enemy 1: Red_D(Clone) (UnityEngine.GameObject) (Card 2) did not match
[12:49:10] Enemy 1: Green_4(Clone) (UnityEngine.GameObject) (Card 3) did not match
[12:49:10] Enemy 1: Played Yellow_7(Clone) (UnityEngine.GameObject) (Card 4)
[12:49:10] Turns: 2
[12:49:10] Top card: Yellow_7(Clone) (UnityEngine.GameObject)
[12:49:10] Top card: Yellow_7(Clone) (UnityEngine.GameObject)
[12:49:10] Enemy 2: Green_8(Clone) (UnityEngine.GameObject) (Card 0) did not match
[12:49:10] Enemy 2: Blue_8(Clone) (UnityEngine.GameObject) (Card 1) did not match
[12:49:10] Enemy 2: Green_D(Clone) (UnityEngine.GameObject) (Card 2) did not match
[12:49:10] Enemy 2: Red_R(Clone) (UnityEngine.GameObject) (Card 3) did not match
[12:49:10] Enemy 2: Blue_R(Clone) (UnityEngine.GameObject) (Card 4) did not match
[12:49:10] Enemy 2: Green_8(Clone) (UnityEngine.GameObject) (Card 5) did not match
[12:49:10] Red_1(Clone) (UnityEngine.GameObject)
[12:49:10] Enemy 2: Drew Red_1(Clone) (UnityEngine.GameObject)
[12:49:10] Enemy 2: Drew 1 cards
[12:49:10] Enemy 2: Does not have a match
[12:49:10] Top card: Yellow_7(Clone) (UnityEngine.GameObject)
[12:49:10] Enemy 2: Green_8(Clone) (UnityEngine.GameObject) (Card 0) did not match
[12:49:10] Enemy 2: Blue_8(Clone) (UnityEngine.GameObject) (Card 1) did not match
[12:49:10] Enemy 2: Green_D(Clone) (UnityEngine.GameObject) (Card 2) did not match
[12:49:10] Enemy 2: Red_R(Clone) (UnityEngine.GameObject) (Card 3) did not match
[12:49:10] Enemy 2: Blue_R(Clone) (UnityEngine.GameObject) (Card 4) did not match
[12:49:10] Enemy 2: Green_8(Clone) (UnityEngine.GameObject) (Card 5) did not match
[12:49:10] Enemy 2: Blue_3(Clone) (UnityEngine.GameObject) (Card 6) did not match
[12:49:10] Yellow_S(Clone) (UnityEngine.GameObject)
[12:49:10] Enemy 2: Drew Yellow_S(Clone) (UnityEngine.GameObject)
[12:49:10] Enemy 2: Drew 1 cards
[12:49:10] Enemy 2: Does not have a match
[12:49:10] Top card: Yellow_7(Clone) (UnityEngine.GameObject)
[12:49:10] Enemy 2: Green_8(Clone) (UnityEngine.GameObject) (Card 0) did not match
[12:49:10] Enemy 2: Blue_8(Clone) (UnityEngine.GameObject) (Card 1) did not match
[12:49:10] Enemy 2: Green_D(Clone) (UnityEngine.GameObject) (Card 2) did not match
[12:49:10] Enemy 2: Red_R(Clone) (UnityEngine.GameObject) (Card 3) did not match
[12:49:10] Enemy 2: Blue_R(Clone) (UnityEngine.GameObject) (Card 4) did not match
[12:49:10] Enemy 2: Green_8(Clone) (UnityEngine.GameObject) (Card 5) did not match
[12:49:10] Enemy 2: Blue_3(Clone) (UnityEngine.GameObject) (Card 6) did not match
[12:49:10] Enemy 2: Red_1(Clone) (UnityEngine.GameObject) (Card 7) did not match
[12:49:10] Enemy 2: Played Yellow_S(Clone) (UnityEngine.GameObject) (Card 8)
[12:49:10] Turns: 3
[12:49:10] Turns: 4
[12:49:10] Turns: 5
