[10:24:14] Top card: 
[10:24:14] Top card: 
[10:24:14] Top card: 
[10:24:14] Top card: 
[10:24:14] Top card: 
[10:24:14] Top card: 
[10:24:14] Top card: 
[10:24:14] Top card: 
[10:24:14] Top card: 
[10:24:14] Top card: 
[10:24:14] Top card: 
[10:24:14] Top card: 
[10:24:14] Top card: 
[10:24:14] Top card: 
[10:24:14] Top card: 
[10:24:14] Top card: 
[10:24:14] Top card: 
[10:24:14] Top card: 
[10:24:14] Top card: 
[10:24:14] Top card: 
[10:24:14] Top card: 
[10:24:14] Top card: 
[10:24:14] Top card: 
[10:24:14] Top card: 
[10:24:14] Top card: 
[10:24:14] Top card: 
[10:24:14] Top card: 
[10:24:14] Top card: 
[10:24:14] hello from discard for loop
[10:24:14] hello from discard if statment
[10:24:14] hello from discard while loop
[10:24:14] Top card: 
[10:24:14] Delt cards
[10:24:14] Top card: Yellow_2(Clone) (UnityEngine.GameObject)
[10:39:38] Top card: 
[10:39:38] hello from discard if statment
[10:39:38] hello from discard while loop
[10:39:38] Top card: Red_7(Clone) (UnityEngine.GameObject)
[10:39:38] Top card: Red_7(Clone) (UnityEngine.GameObject)
[10:39:38] Top card: Red_7(Clone) (UnityEngine.GameObject)
[10:39:38] Top card: Red_7(Clone) (UnityEngine.GameObject)
[10:39:38] Top card: Red_7(Clone) (UnityEngine.GameObject)
[10:39:38] Top card: Red_7(Clone) (UnityEngine.GameObject)
[10:39:38] Top card: Red_7(Clone) (UnityEngine.GameObject)
[10:39:38] Top card: Red_7(Clone) (UnityEngine.GameObject)
[10:39:38] Top card: Red_7(Clone) (UnityEngine.GameObject)
[10:39:38] Top card: Red_7(Clone) (UnityEngine.GameObject)
[10:39:38] Top card: Red_7(Clone) (UnityEngine.GameObject)
[10:39:38] Top card: Red_7(Clone) (UnityEngine.GameObject)
[10:39:38] Top card: Red_7(Clone) (UnityEngine.GameObject)
[10:39:38] Top card: Red_7(Clone) (UnityEngine.GameObject)
[10:39:38] Top card: Red_7(Clone) (UnityEngine.GameObject)
[10:39:38] Top card: Red_7(Clone) (UnityEngine.GameObject)
[10:39:38] Top card: Red_7(Clone) (UnityEngine.GameObject)
[10:39:38] Top card: Red_7(Clone) (UnityEngine.GameObject)
[10:39:38] Top card: Red_7(Clone) (UnityEngine.GameObject)
[10:39:38] Top card: Red_7(Clone) (UnityEngine.GameObject)
[10:39:38] Top card: Red_7(Clone) (UnityEngine.GameObject)
[10:39:38] Top card: Red_7(Clone) (UnityEngine.GameObject)
[10:39:38] Top card: Red_7(Clone) (UnityEngine.GameObject)
[10:39:38] Top card: Red_7(Clone) (UnityEngine.GameObject)
[10:39:38] Top card: Red_7(Clone) (UnityEngine.GameObject)
[10:39:38] Top card: Red_7(Clone) (UnityEngine.GameObject)
[10:39:38] Top card: Red_7(Clone) (UnityEngine.GameObject)
[10:39:38] Top card: Red_7(Clone) (UnityEngine.GameObject)
[10:39:38] Top card: Red_7(Clone) (UnityEngine.GameObject)
[10:39:38] Top card: Red_7(Clone) (UnityEngine.GameObject)
[10:39:38] Top card: Red_7(Clone) (UnityEngine.GameObject)
[10:39:38] Delt cards
[10:39:38] Top card: Red_7(Clone) (UnityEngine.GameObject)
