[01:24:57] Top card: 
[01:24:57] Delt cards
[09:25:57] Top card: 
[09:25:57] Delt cards
[09:25:57] Player: Played Green_S
[09:25:57] Made it this far (TurnManager)
[09:25:57] Skipped Player
[09:25:57] Turns: 2
[09:25:57] Turns: 2
[09:25:57] Top card: Green_S(Clone) (UnityEngine.GameObject)
[09:25:57] Top card: Green_S(Clone) (CardProperties)
[09:25:57] Enemy 2: Red_6(Clone) (UnityEngine.GameObject) (Card 0) did not match
[09:25:57] Enemy 2: Yellow_9(Clone) (UnityEngine.GameObject) (Card 1) did not match
[09:25:57] Enemy 2: Played Green_1(Clone) (UnityEngine.GameObject) (Card 2)
[09:25:57] Turns: 3
[09:25:57] Top card: Green_1(Clone) (UnityEngine.GameObject)
[09:25:57] Top card: Green_1(Clone) (CardProperties)
[09:25:57] Enemy 3: Yellow_9(Clone) (UnityEngine.GameObject) (Card 0) did not match
[09:25:57] Enemy 3: Blue_6(Clone) (UnityEngine.GameObject) (Card 1) did not match
[09:25:57] Enemy 3: Yellow_4(Clone) (UnityEngine.GameObject) (Card 2) did not match
[09:25:57] Enemy 3: Blue_S(Clone) (UnityEngine.GameObject) (Card 3) did not match
[09:25:57] Enemy 3: CardW4(Clone) (UnityEngine.GameObject) (Card 4) did not match
[09:25:57] Enemy 3: Blue_2(Clone) (UnityEngine.GameObject) (Card 5) did not match
[09:25:57] Enemy 3: CardW4(Clone) (UnityEngine.GameObject) (Card 6) did not match
[09:25:57] HasFoundMatch = False
[09:25:57] Top Deck Card:Green_3(Clone) (UnityEngine.GameObject)
[09:25:57] Enemy 3: Drew Green_3(Clone) (UnityEngine.GameObject)
[09:25:57] Enemy 3: Drew 1 cards
[09:25:57] Turns: 0
[09:25:57] Player: Played Green_6
[09:25:57] Made it this far (TurnManager)
[09:25:57] Turns: 1
[09:25:57] Turns: 1
[09:25:57] Top card: Green_6(Clone) (UnityEngine.GameObject)
[09:25:57] Top card: Green_6(Clone) (CardProperties)
[09:25:57] Enemy 1: Played Green_D(Clone) (UnityEngine.GameObject) (Card 0)
[09:25:57] Turns: 2
[09:25:57] Top card: Green_D(Clone) (UnityEngine.GameObject)
[09:25:57] Top Deck Card:Green_R(Clone) (UnityEngine.GameObject)
[09:25:57] Enemy 2: Drew Green_R(Clone) (UnityEngine.GameObject)
[09:25:57] Top Deck Card:Blue_1(Clone) (UnityEngine.GameObject)
[09:25:57] Enemy 2: Drew Blue_1(Clone) (UnityEngine.GameObject)
[09:25:57] Enemy 2: Drew 2 cards
[09:25:57] Skipped Enemy 2
[09:25:57] Top card: Green_D(Clone) (UnityEngine.GameObject)
[09:25:57] Top card: Green_D(Clone) (CardProperties)
[09:25:57] Enemy 3: Yellow_9(Clone) (UnityEngine.GameObject) (Card 0) did not match
[09:25:57] Enemy 3: Blue_6(Clone) (UnityEngine.GameObject) (Card 1) did not match
[09:25:57] Enemy 3: Yellow_4(Clone) (UnityEngine.GameObject) (Card 2) did not match
[09:25:57] Enemy 3: Blue_S(Clone) (UnityEngine.GameObject) (Card 3) did not match
[09:25:57] Enemy 3: CardW4(Clone) (UnityEngine.GameObject) (Card 4) did not match
[09:25:57] Enemy 3: Blue_2(Clone) (UnityEngine.GameObject) (Card 5) did not match
[09:25:57] Enemy 3: CardW4(Clone) (UnityEngine.GameObject) (Card 6) did not match
[09:25:57] Enemy 3: Played Green_3(Clone) (UnityEngine.GameObject) (Card 7)
[09:25:57] Turns: 0
[09:25:57] Player: Played CardW
[09:25:57] Removed Green_S(Clone) (UnityEngine.GameObject)
[09:25:57] Made it this far (TurnManager)
[09:25:57] Wild Menu shown
[09:25:57] Turns: 1
[09:25:57] Turns: 1
[09:25:57] Player called Yellow
[09:25:57] Wild Menu hidden
[09:25:57] Top card: CardW(Clone) (UnityEngine.GameObject)
[09:25:57] Top card: CardW(Clone) (CardProperties)
[09:25:57] Enemy 1: Blue_D(Clone) (UnityEngine.GameObject) (Card 0) did not match
[09:25:57] Enemy 1: CardW4(Clone) (UnityEngine.GameObject) (Card 1) did not match
[09:25:57] Enemy 1: Red_3(Clone) (UnityEngine.GameObject) (Card 2) did not match
[09:25:57] Enemy 1: Played Yellow_1(Clone) (UnityEngine.GameObject) (Card 3)
[09:25:57] Removed Green_1(Clone) (UnityEngine.GameObject)
[09:25:57] Turns: 2
[09:25:57] Top card: Yellow_1(Clone) (UnityEngine.GameObject)
[09:25:57] Top card: Yellow_1(Clone) (CardProperties)
[09:25:57] Enemy 2: Red_6(Clone) (UnityEngine.GameObject) (Card 0) did not match
[09:25:57] Enemy 2: Played Yellow_9(Clone) (UnityEngine.GameObject) (Card 1)
[09:25:57] Removed Green_6(Clone) (UnityEngine.GameObject)
[09:25:57] Turns: 3
[09:25:57] Top card: Yellow_9(Clone) (UnityEngine.GameObject)
[09:25:57] Top card: Yellow_9(Clone) (CardProperties)
[09:25:57] Enemy 3: Played Yellow_9(Clone) (UnityEngine.GameObject) (Card 0)
[09:25:57] Removed Green_D(Clone) (UnityEngine.GameObject)
[09:25:57] Turns: 0
[09:25:57] Player: Played Yellow_S
[09:25:57] Removed Green_3(Clone) (UnityEngine.GameObject)
[09:25:57] Made it this far (TurnManager)
[09:25:57] Skipped Player
[09:25:57] Turns: 2
[09:25:57] Turns: 2
[09:25:57] Top card: Yellow_S(Clone) (UnityEngine.GameObject)
[09:25:57] Top card: Yellow_S(Clone) (CardProperties)
[09:25:57] Enemy 2: Red_6(Clone) (UnityEngine.GameObject) (Card 0) did not match
[09:25:57] Enemy 2: CardW(Clone) (UnityEngine.GameObject) (Card 1) did not match
[09:25:57] Enemy 2: Played Yellow_7(Clone) (UnityEngine.GameObject) (Card 2)
[09:25:57] Removed CardW(Clone) (UnityEngine.GameObject)
[09:25:57] Turns: 3
[09:25:57] Top card: Yellow_7(Clone) (UnityEngine.GameObject)
[09:25:57] Top card: Yellow_7(Clone) (CardProperties)
[09:25:57] Enemy 3: Blue_6(Clone) (UnityEngine.GameObject) (Card 0) did not match
[09:25:57] Enemy 3: Played Yellow_4(Clone) (UnityEngine.GameObject) (Card 1)
[09:25:57] Removed Yellow_1(Clone) (UnityEngine.GameObject)
[09:25:57] Turns: 0
[09:25:57] Player: Played Yellow_0
[09:25:57] Removed Yellow_9(Clone) (UnityEngine.GameObject)
[09:25:57] Made it this far (TurnManager)
[09:25:57] Turns: 1
[09:25:57] Turns: 1
[09:25:57] Top card: Yellow_0(Clone) (UnityEngine.GameObject)
[09:25:57] Top card: Yellow_0(Clone) (CardProperties)
[09:25:57] Enemy 1: Blue_D(Clone) (UnityEngine.GameObject) (Card 0) did not match
[09:25:57] Enemy 1: CardW4(Clone) (UnityEngine.GameObject) (Card 1) did not match
[09:25:57] Enemy 1: Red_3(Clone) (UnityEngine.GameObject) (Card 2) did not match
[09:25:57] Enemy 1: Green_7(Clone) (UnityEngine.GameObject) (Card 3) did not match
[09:25:57] Enemy 1: Played Yellow_3(Clone) (UnityEngine.GameObject) (Card 4)
[09:25:57] Removed Yellow_9(Clone) (UnityEngine.GameObject)
[09:25:57] Turns: 2
[09:25:57] Top card: Yellow_3(Clone) (UnityEngine.GameObject)
[09:25:57] Top card: Yellow_3(Clone) (CardProperties)
[09:25:57] Enemy 2: Red_6(Clone) (UnityEngine.GameObject) (Card 0) did not match
[09:25:57] Enemy 2: CardW(Clone) (UnityEngine.GameObject) (Card 1) did not match
[09:25:57] Enemy 2: Green_1(Clone) (UnityEngine.GameObject) (Card 2) did not match
[09:25:57] Enemy 2: Blue_5(Clone) (UnityEngine.GameObject) (Card 3) did not match
[09:25:57] Enemy 2: Green_R(Clone) (UnityEngine.GameObject) (Card 4) did not match
[09:25:57] Enemy 2: Blue_1(Clone) (UnityEngine.GameObject) (Card 5) did not match
[09:25:57] HasFoundMatch = False
[09:25:57] Top Deck Card:Green_5(Clone) (UnityEngine.GameObject)
[09:25:57] Enemy 2: Drew Green_5(Clone) (UnityEngine.GameObject)
[09:25:57] Enemy 2: Drew 1 cards
[09:25:57] Turns: 3
[09:25:57] Top card: Yellow_3(Clone) (UnityEngine.GameObject)
[09:25:57] Top card: Yellow_3(Clone) (CardProperties)
[09:25:57] Enemy 3: Blue_6(Clone) (UnityEngine.GameObject) (Card 0) did not match
[09:25:57] Enemy 3: Blue_S(Clone) (UnityEngine.GameObject) (Card 1) did not match
[09:25:57] Enemy 3: CardW4(Clone) (UnityEngine.GameObject) (Card 2) did not match
[09:25:57] Enemy 3: Blue_2(Clone) (UnityEngine.GameObject) (Card 3) did not match
[09:25:57] Enemy 3: CardW4(Clone) (UnityEngine.GameObject) (Card 4) did not match
[09:25:57] HasFoundMatch = False
[09:25:57] Top Deck Card:Yellow_7(Clone) (UnityEngine.GameObject)
[09:25:57] Enemy 3: Drew Yellow_7(Clone) (UnityEngine.GameObject)
[09:25:57] Enemy 3: Drew 1 cards
[09:25:57] Turns: 0
[09:25:57] Player: Played Yellow_7
[09:25:57] Removed Yellow_S(Clone) (UnityEngine.GameObject)
[09:25:57] Made it this far (TurnManager)
[09:25:57] Turns: 1
[09:25:57] Turns: 1
[09:25:57] Top card: Yellow_7(Clone) (UnityEngine.GameObject)
[09:25:57] Top card: Yellow_7(Clone) (CardProperties)
[09:25:57] Enemy 1: Blue_D(Clone) (UnityEngine.GameObject) (Card 0) did not match
[09:25:57] Enemy 1: CardW4(Clone) (UnityEngine.GameObject) (Card 1) did not match
[09:25:57] Enemy 1: Red_3(Clone) (UnityEngine.GameObject) (Card 2) did not match
[09:25:57] Enemy 1: Played Green_7(Clone) (UnityEngine.GameObject) (Card 3)
[09:25:57] Removed Yellow_7(Clone) (UnityEngine.GameObject)
[09:25:57] Turns: 2
[09:25:57] Top card: Green_7(Clone) (UnityEngine.GameObject)
[09:25:57] Top card: Green_7(Clone) (CardProperties)
[09:25:57] Enemy 2: Red_6(Clone) (UnityEngine.GameObject) (Card 0) did not match
[09:25:57] Enemy 2: CardW(Clone) (UnityEngine.GameObject) (Card 1) did not match
[09:25:57] Enemy 2: Played Green_1(Clone) (UnityEngine.GameObject) (Card 2)
[09:25:57] Removed Yellow_4(Clone) (UnityEngine.GameObject)
[09:25:57] Turns: 3
[09:25:57] Top card: Green_1(Clone) (UnityEngine.GameObject)
[09:25:57] Top card: Green_1(Clone) (CardProperties)
[09:25:57] Enemy 3: Blue_6(Clone) (UnityEngine.GameObject) (Card 0) did not match
[09:25:57] Enemy 3: Blue_S(Clone) (UnityEngine.GameObject) (Card 1) did not match
[09:25:57] Enemy 3: CardW4(Clone) (UnityEngine.GameObject) (Card 2) did not match
[09:25:57] Enemy 3: Blue_2(Clone) (UnityEngine.GameObject) (Card 3) did not match
[09:25:57] Enemy 3: CardW4(Clone) (UnityEngine.GameObject) (Card 4) did not match
[09:25:57] Enemy 3: Yellow_7(Clone) (UnityEngine.GameObject) (Card 5) did not match
[09:25:57] HasFoundMatch = False
[09:25:57] Top Deck Card:Green_R(Clone) (UnityEngine.GameObject)
[09:25:57] Enemy 3: Drew Green_R(Clone) (UnityEngine.GameObject)
[09:25:57] Enemy 3: Drew 1 cards
[09:25:57] Turns: 0
[09:25:57] Player: Played Green_1
[09:25:57] Removed Yellow_0(Clone) (UnityEngine.GameObject)
[09:25:57] Made it this far (TurnManager)
[09:25:57] Turns: 1
[09:25:57] Turns: 1
[09:25:57] Top card: Green_1(Clone) (UnityEngine.GameObject)
[09:25:57] Top card: Green_1(Clone) (CardProperties)
[09:25:57] Enemy 1: Blue_D(Clone) (UnityEngine.GameObject) (Card 0) did not match
[09:25:57] Enemy 1: CardW4(Clone) (UnityEngine.GameObject) (Card 1) did not match
[09:25:57] Enemy 1: Red_3(Clone) (UnityEngine.GameObject) (Card 2) did not match
[09:25:57] HasFoundMatch = False
[09:25:57] Top Deck Card:Blue_5(Clone) (UnityEngine.GameObject)
[09:25:57] Enemy 1: Drew Blue_5(Clone) (UnityEngine.GameObject)
[09:25:57] Enemy 1: Drew 1 cards
[09:25:57] Turns: 2
[09:25:57] Top card: Green_1(Clone) (UnityEngine.GameObject)
[09:25:57] Top card: Green_1(Clone) (CardProperties)
[09:25:57] Enemy 2: Red_6(Clone) (UnityEngine.GameObject) (Card 0) did not match
[09:25:57] Enemy 2: CardW(Clone) (UnityEngine.GameObject) (Card 1) did not match
[09:25:57] Enemy 2: Blue_5(Clone) (UnityEngine.GameObject) (Card 2) did not match
[09:25:57] Enemy 2: Played Green_R(Clone) (UnityEngine.GameObject) (Card 3)
[09:25:57] Removed Yellow_3(Clone) (UnityEngine.GameObject)
[09:25:57] Top card: Green_R(Clone) (CardProperties)
[09:25:57] Enemy 2: Red_6(Clone) (UnityEngine.GameObject) (Card 0) did not match
[09:25:57] Enemy 2: CardW(Clone) (UnityEngine.GameObject) (Card 1) did not match
[09:25:57] Enemy 2: Blue_5(Clone) (UnityEngine.GameObject) (Card 2) did not match
[09:25:57] Enemy 2: Played Green_R(Clone) (UnityEngine.GameObject) (Card 3)
[09:25:57] Removed null
[09:25:57] Turns: 1
[09:25:57] IsReversed: True
[09:25:57] Turns: 0
[09:25:57] Player: Played Green_R
[09:25:57] Removed Green_7(Clone) (UnityEngine.GameObject)
[09:25:57] Made it this far (TurnManager)
[09:25:57] Turns: 3
[09:25:57] Turns: 3
[09:25:57] Top card: Green_R(Clone) (UnityEngine.GameObject)
[09:25:57] Top card: Green_R(Clone) (CardProperties)
[09:25:57] Enemy 3: Blue_6(Clone) (UnityEngine.GameObject) (Card 0) did not match
[09:25:57] Enemy 3: Blue_S(Clone) (UnityEngine.GameObject) (Card 1) did not match
[09:25:57] Enemy 3: CardW4(Clone) (UnityEngine.GameObject) (Card 2) did not match
[09:25:57] Enemy 3: Blue_2(Clone) (UnityEngine.GameObject) (Card 3) did not match
[09:25:57] Enemy 3: CardW4(Clone) (UnityEngine.GameObject) (Card 4) did not match
[09:25:57] Enemy 3: Yellow_7(Clone) (UnityEngine.GameObject) (Card 5) did not match
[09:25:57] Enemy 3: Played Green_R(Clone) (UnityEngine.GameObject) (Card 6)
[09:25:57] Removed Green_1(Clone) (UnityEngine.GameObject)
[09:25:57] Top card: Green_R(Clone) (CardProperties)
[09:25:57] Enemy 3: Blue_6(Clone) (UnityEngine.GameObject) (Card 0) did not match
[09:25:57] Enemy 3: Blue_S(Clone) (UnityEngine.GameObject) (Card 1) did not match
[09:25:57] Enemy 3: CardW4(Clone) (UnityEngine.GameObject) (Card 2) did not match
[09:25:57] Enemy 3: Blue_2(Clone) (UnityEngine.GameObject) (Card 3) did not match
[09:25:57] Enemy 3: CardW4(Clone) (UnityEngine.GameObject) (Card 4) did not match
[09:25:57] Enemy 3: Yellow_7(Clone) (UnityEngine.GameObject) (Card 5) did not match
[09:25:57] Enemy 3: Played Green_R(Clone) (UnityEngine.GameObject) (Card 6)
[09:25:57] Removed Green_1(Clone) (UnityEngine.GameObject)
[09:25:57] Turns: 0
[09:25:57] IsReversed: False
[09:25:57] Turns: 1
[09:25:57] Top card: Green_R(Clone) (UnityEngine.GameObject)
[09:25:57] Top card: Green_R(Clone) (CardProperties)
[09:25:57] Enemy 1: Blue_D(Clone) (UnityEngine.GameObject) (Card 0) did not match
[09:25:57] Enemy 1: CardW4(Clone) (UnityEngine.GameObject) (Card 1) did not match
[09:25:57] Enemy 1: Red_3(Clone) (UnityEngine.GameObject) (Card 2) did not match
[09:25:57] Enemy 1: Blue_5(Clone) (UnityEngine.GameObject) (Card 3) did not match
[09:25:57] HasFoundMatch = False
[09:25:57] Top Deck Card:Green_9(Clone) (UnityEngine.GameObject)
[09:25:57] Enemy 1: Drew Green_9(Clone) (UnityEngine.GameObject)
[09:25:57] Enemy 1: Drew 1 cards
[09:25:57] Turns: 2
[09:25:57] Top card: Green_R(Clone) (UnityEngine.GameObject)
[09:25:57] Top card: Green_R(Clone) (CardProperties)
[09:25:57] Enemy 2: Red_6(Clone) (UnityEngine.GameObject) (Card 0) did not match
[09:25:57] Enemy 2: CardW(Clone) (UnityEngine.GameObject) (Card 1) did not match
[09:25:57] Enemy 2: Blue_5(Clone) (UnityEngine.GameObject) (Card 2) did not match
[09:25:57] Enemy 2: Blue_1(Clone) (UnityEngine.GameObject) (Card 3) did not match
[09:25:57] Enemy 2: Played Green_5(Clone) (UnityEngine.GameObject) (Card 4)
[09:25:57] Removed Green_R(Clone) (UnityEngine.GameObject)
[09:25:57] Turns: 3
[09:25:57] Top card: Green_5(Clone) (UnityEngine.GameObject)
[09:25:57] Top card: Green_5(Clone) (CardProperties)
[09:25:57] Enemy 3: Blue_6(Clone) (UnityEngine.GameObject) (Card 0) did not match
[09:25:57] Enemy 3: Blue_S(Clone) (UnityEngine.GameObject) (Card 1) did not match
[09:25:57] Enemy 3: CardW4(Clone) (UnityEngine.GameObject) (Card 2) did not match
[09:25:57] Enemy 3: Blue_2(Clone) (UnityEngine.GameObject) (Card 3) did not match
[09:25:57] Enemy 3: CardW4(Clone) (UnityEngine.GameObject) (Card 4) did not match
[09:25:57] Enemy 3: Yellow_7(Clone) (UnityEngine.GameObject) (Card 5) did not match
[09:25:57] Enemy 3: Played Green_R(Clone) (UnityEngine.GameObject) (Card 6)
[09:25:57] Removed Green_R(Clone) (UnityEngine.GameObject)
[09:25:57] Turns: 0
[09:25:57] Player: Played Green_5
[09:25:57] Removed null
[09:25:57] Made it this far (TurnManager)
[09:25:57] Turns: 1
[09:25:57] Turns: 1
[09:25:57] Top card: Green_5(Clone) (UnityEngine.GameObject)
[09:25:57] Top card: Green_5(Clone) (CardProperties)
[09:25:57] Enemy 1: Blue_D(Clone) (UnityEngine.GameObject) (Card 0) did not match
[09:25:57] Enemy 1: CardW4(Clone) (UnityEngine.GameObject) (Card 1) did not match
[09:25:57] Enemy 1: Red_3(Clone) (UnityEngine.GameObject) (Card 2) did not match
[09:25:57] Enemy 1: Played Blue_5(Clone) (UnityEngine.GameObject) (Card 3)
[09:25:57] Removed Green_R(Clone) (UnityEngine.GameObject)
[09:25:57] Turns: 2
[09:25:57] Top card: Blue_5(Clone) (UnityEngine.GameObject)
[09:25:57] Top card: Blue_5(Clone) (CardProperties)
[09:25:57] Enemy 2: Red_6(Clone) (UnityEngine.GameObject) (Card 0) did not match
[09:25:57] Enemy 2: CardW(Clone) (UnityEngine.GameObject) (Card 1) did not match
[09:25:57] Enemy 2: Played Blue_5(Clone) (UnityEngine.GameObject) (Card 2)
[09:25:57] Removed Green_R(Clone) (UnityEngine.GameObject)
[09:25:57] Turns: 3
[09:25:57] Top card: Blue_5(Clone) (UnityEngine.GameObject)
[09:25:57] Top card: Blue_5(Clone) (CardProperties)
[09:25:57] Enemy 3: Played Blue_6(Clone) (UnityEngine.GameObject) (Card 0)
[09:25:57] Removed Green_5(Clone) (UnityEngine.GameObject)
[09:25:57] Turns: 0
[09:25:57] Player: Played Blue_6
[09:25:57] Removed null
[09:25:57] Made it this far (TurnManager)
[09:25:57] Turns: 1
[09:25:57] Turns: 1
[09:25:57] Top card: Blue_6(Clone) (UnityEngine.GameObject)
[09:25:57] Top card: Blue_6(Clone) (CardProperties)
[09:25:57] Enemy 1: Played Blue_D(Clone) (UnityEngine.GameObject) (Card 0)
[09:25:57] Removed null
[09:25:57] Turns: 2
[09:25:57] Top card: Blue_D(Clone) (UnityEngine.GameObject)
[09:25:57] Top Deck Card:Yellow_S(Clone) (UnityEngine.GameObject)
[09:25:57] Enemy 2: Drew Yellow_S(Clone) (UnityEngine.GameObject)
[09:25:57] Top Deck Card:Blue_S(Clone) (UnityEngine.GameObject)
[09:25:57] Enemy 2: Drew Blue_S(Clone) (UnityEngine.GameObject)
[09:25:57] Enemy 2: Drew 2 cards
[09:25:57] Skipped Enemy 2
[09:25:57] Top card: Blue_D(Clone) (UnityEngine.GameObject)
[09:25:57] Top card: Blue_D(Clone) (CardProperties)
[09:25:57] Enemy 3: Played Blue_S(Clone) (UnityEngine.GameObject) (Card 0)
[09:25:57] Removed Blue_5(Clone) (UnityEngine.GameObject)
[09:25:57] Turns: 0
[09:25:57] Player: Played Blue_S
[09:25:57] Removed Blue_5(Clone) (UnityEngine.GameObject)
[09:25:57] Made it this far (TurnManager)
[09:25:57] Skipped Player
[09:25:57] Turns: 2
[09:25:57] Turns: 2
[09:25:57] Top card: Blue_S(Clone) (UnityEngine.GameObject)
[09:25:57] Top card: Blue_S(Clone) (CardProperties)
[09:25:57] Enemy 2: Red_6(Clone) (UnityEngine.GameObject) (Card 0) did not match
[09:25:57] Enemy 2: CardW(Clone) (UnityEngine.GameObject) (Card 1) did not match
[09:25:57] Enemy 2: Played Blue_1(Clone) (UnityEngine.GameObject) (Card 2)
[09:25:57] Removed Blue_6(Clone) (UnityEngine.GameObject)
[09:25:57] Turns: 3
[09:25:57] Top card: Blue_1(Clone) (UnityEngine.GameObject)
[09:25:57] Top card: Blue_1(Clone) (CardProperties)
[09:25:57] Enemy 3: CardW4(Clone) (UnityEngine.GameObject) (Card 0) did not match
[09:25:57] Enemy 3: Played Blue_2(Clone) (UnityEngine.GameObject) (Card 1)
[09:25:57] Removed Blue_6(Clone) (UnityEngine.GameObject)
[09:25:57] Turns: 0
[09:25:57] Player: Played Blue_2
[09:25:57] Removed Blue_D(Clone) (UnityEngine.GameObject)
[09:25:57] Made it this far (TurnManager)
[09:25:57] Turns: 1
[09:25:57] Turns: 1
[09:25:57] Top card: Blue_2(Clone) (UnityEngine.GameObject)
[09:25:57] Top card: Blue_2(Clone) (CardProperties)
[09:25:57] Enemy 1: CardW4(Clone) (UnityEngine.GameObject) (Card 0) did not match
[09:25:57] Enemy 1: Red_3(Clone) (UnityEngine.GameObject) (Card 1) did not match
[09:25:57] Enemy 1: Green_9(Clone) (UnityEngine.GameObject) (Card 2) did not match
[09:25:57] HasFoundMatch = False
[09:25:57] Top Deck Card:Red_5(Clone) (UnityEngine.GameObject)
[09:25:57] Enemy 1: Drew Red_5(Clone) (UnityEngine.GameObject)
[09:25:57] Enemy 1: Drew 1 cards
[09:25:57] Turns: 2
[09:25:57] Top card: Blue_2(Clone) (UnityEngine.GameObject)
[09:25:57] Top card: Blue_2(Clone) (CardProperties)
[09:25:57] Enemy 2: Red_6(Clone) (UnityEngine.GameObject) (Card 0) did not match
[09:25:57] Enemy 2: CardW(Clone) (UnityEngine.GameObject) (Card 1) did not match
[09:25:57] Enemy 2: Yellow_S(Clone) (UnityEngine.GameObject) (Card 2) did not match
[09:25:57] Enemy 2: Played Blue_S(Clone) (UnityEngine.GameObject) (Card 3)
[09:25:57] Removed Blue_S(Clone) (UnityEngine.GameObject)
[09:25:57] Turns: 3
[09:25:57] Top card: Blue_S(Clone) (UnityEngine.GameObject)
[09:25:57] Skipped Enemy 3
[09:25:57] Player: Played Blue_S
[09:25:57] Removed null
[09:25:57] Made it this far (TurnManager)
[09:25:57] Turns: 1
[09:25:57] Turns: 1
[09:25:57] Top card: Blue_S(Clone) (UnityEngine.GameObject)
[09:25:57] Top card: Blue_S(Clone) (CardProperties)
[09:25:57] Enemy 1: CardW4(Clone) (UnityEngine.GameObject) (Card 0) did not match
[09:25:57] Enemy 1: Red_3(Clone) (UnityEngine.GameObject) (Card 1) did not match
[09:25:57] Enemy 1: Green_9(Clone) (UnityEngine.GameObject) (Card 2) did not match
[09:25:57] Enemy 1: Red_5(Clone) (UnityEngine.GameObject) (Card 3) did not match
[09:25:57] HasFoundMatch = False
[09:25:57] Top Deck Card:Green_D(Clone) (UnityEngine.GameObject)
[09:25:57] Enemy 1: Drew Green_D(Clone) (UnityEngine.GameObject)
[09:25:57] Enemy 1: Drew 1 cards
[09:25:57] Turns: 2
[09:25:57] Top card: Blue_S(Clone) (UnityEngine.GameObject)
[09:25:57] Top card: Blue_S(Clone) (CardProperties)
[09:25:57] Enemy 2: Red_6(Clone) (UnityEngine.GameObject) (Card 0) did not match
[09:25:57] Enemy 2: CardW(Clone) (UnityEngine.GameObject) (Card 1) did not match
[09:25:57] Enemy 2: Yellow_S(Clone) (UnityEngine.GameObject) (Card 2) did not match
[09:25:57] HasFoundMatch = False
[09:25:57] Top Deck Card:Yellow_D(Clone) (UnityEngine.GameObject)
[09:25:57] Enemy 2: Drew Yellow_D(Clone) (UnityEngine.GameObject)
[09:25:57] Enemy 2: Drew 1 cards
[09:25:57] Turns: 3
[09:25:57] Top card: Blue_S(Clone) (UnityEngine.GameObject)
[09:25:57] Top card: Blue_S(Clone) (CardProperties)
[09:25:57] Enemy 3: CardW4(Clone) (UnityEngine.GameObject) (Card 0) did not match
[09:25:57] Enemy 3: CardW4(Clone) (UnityEngine.GameObject) (Card 1) did not match
[09:25:57] Enemy 3: Yellow_7(Clone) (UnityEngine.GameObject) (Card 2) did not match
[09:25:57] HasFoundMatch = False
[09:25:57] Top Deck Card:Blue_7(Clone) (UnityEngine.GameObject)
[09:25:57] Enemy 3: Drew Blue_7(Clone) (UnityEngine.GameObject)
[09:25:57] Enemy 3: Drew 1 cards
[09:25:57] Turns: 0
[09:25:57] Player: Played Blue_S
[09:25:57] Removed Blue_1(Clone) (UnityEngine.GameObject)
[09:25:57] Made it this far (TurnManager)
[09:25:57] Turns: 1
[09:25:57] Turns: 1
[09:25:57] Top card: Blue_S(Clone) (UnityEngine.GameObject)
[09:25:57] Top card: Blue_S(Clone) (CardProperties)
[09:25:57] Enemy 1: CardW4(Clone) (UnityEngine.GameObject) (Card 0) did not match
[09:25:57] Enemy 1: Red_3(Clone) (UnityEngine.GameObject) (Card 1) did not match
[09:25:57] Enemy 1: Green_9(Clone) (UnityEngine.GameObject) (Card 2) did not match
[09:25:57] Enemy 1: Red_5(Clone) (UnityEngine.GameObject) (Card 3) did not match
[09:25:57] Enemy 1: Green_D(Clone) (UnityEngine.GameObject) (Card 4) did not match
[09:25:57] HasFoundMatch = False
[09:25:57] Top Deck Card:Red_D(Clone) (UnityEngine.GameObject)
[09:25:57] Enemy 1: Drew Red_D(Clone) (UnityEngine.GameObject)
[09:25:57] Enemy 1: Drew 1 cards
[09:25:57] Turns: 2
[09:25:57] Top card: Blue_S(Clone) (UnityEngine.GameObject)
[09:25:57] Top card: Blue_S(Clone) (CardProperties)
[09:25:57] Enemy 2: Red_6(Clone) (UnityEngine.GameObject) (Card 0) did not match
[09:25:57] Enemy 2: CardW(Clone) (UnityEngine.GameObject) (Card 1) did not match
[09:25:57] Enemy 2: Yellow_S(Clone) (UnityEngine.GameObject) (Card 2) did not match
[09:25:57] Enemy 2: Yellow_D(Clone) (UnityEngine.GameObject) (Card 3) did not match
[09:25:57] HasFoundMatch = False
[09:25:57] Top Deck Card:Blue_D(Clone) (UnityEngine.GameObject)
[09:25:57] Enemy 2: Drew Blue_D(Clone) (UnityEngine.GameObject)
[09:25:57] Enemy 2: Drew 1 cards
[09:25:57] Turns: 3
[09:25:57] Top card: Blue_S(Clone) (UnityEngine.GameObject)
[09:25:57] Top card: Blue_S(Clone) (CardProperties)
[09:25:57] Enemy 3: CardW4(Clone) (UnityEngine.GameObject) (Card 0) did not match
[09:25:57] Enemy 3: CardW4(Clone) (UnityEngine.GameObject) (Card 1) did not match
[09:25:57] Enemy 3: Yellow_7(Clone) (UnityEngine.GameObject) (Card 2) did not match
[09:25:57] Enemy 3: Played Blue_7(Clone) (UnityEngine.GameObject) (Card 3)
[09:25:57] Removed Blue_2(Clone) (UnityEngine.GameObject)
[09:25:57] Turns: 0
[09:25:57] Player: Played Blue_7
[09:25:57] Removed null
[09:25:57] Made it this far (TurnManager)
[09:25:57] Turns: 1
[09:25:57] Turns: 1
[09:25:57] Top card: Blue_7(Clone) (UnityEngine.GameObject)
[09:25:57] Top card: Blue_7(Clone) (CardProperties)
[09:25:57] Enemy 1: CardW4(Clone) (UnityEngine.GameObject) (Card 0) did not match
[09:25:57] Enemy 1: Red_3(Clone) (UnityEngine.GameObject) (Card 1) did not match
[09:25:57] Enemy 1: Green_9(Clone) (UnityEngine.GameObject) (Card 2) did not match
[09:25:57] Enemy 1: Red_5(Clone) (UnityEngine.GameObject) (Card 3) did not match
[09:25:57] Enemy 1: Green_D(Clone) (UnityEngine.GameObject) (Card 4) did not match
[09:25:57] Enemy 1: Red_D(Clone) (UnityEngine.GameObject) (Card 5) did not match
[09:25:57] HasFoundMatch = False
[09:25:57] Top Deck Card:Yellow_6(Clone) (UnityEngine.GameObject)
[09:25:57] Enemy 1: Drew Yellow_6(Clone) (UnityEngine.GameObject)
[09:25:57] Enemy 1: Drew 1 cards
[09:25:57] Turns: 2
[09:25:57] Top card: Blue_7(Clone) (UnityEngine.GameObject)
[09:25:57] Top card: Blue_7(Clone) (CardProperties)
[09:25:57] Enemy 2: Red_6(Clone) (UnityEngine.GameObject) (Card 0) did not match
[09:25:57] Enemy 2: CardW(Clone) (UnityEngine.GameObject) (Card 1) did not match
[09:25:57] Enemy 2: Yellow_S(Clone) (UnityEngine.GameObject) (Card 2) did not match
[09:25:57] Enemy 2: Yellow_D(Clone) (UnityEngine.GameObject) (Card 3) did not match
[09:25:57] Enemy 2: Played Blue_D(Clone) (UnityEngine.GameObject) (Card 4)
[09:25:57] Removed Blue_S(Clone) (UnityEngine.GameObject)
[09:25:57] Turns: 3
[09:25:57] Top card: Blue_D(Clone) (UnityEngine.GameObject)
[09:25:57] Top Deck Card:Blue_7(Clone) (UnityEngine.GameObject)
[09:25:57] Enemy 3: Drew Blue_7(Clone) (UnityEngine.GameObject)
[09:25:57] Top Deck Card:Green_4(Clone) (UnityEngine.GameObject)
[09:25:57] Enemy 3: Drew Green_4(Clone) (UnityEngine.GameObject)
[09:25:57] Enemy 3: Drew 2 cards
[09:25:57] Skipped Enemy 3
[09:25:57] Player: Played Blue_7
[09:25:57] Removed null
[09:25:57] Made it this far (TurnManager)
[09:25:57] Turns: 1
[09:25:57] Turns: 1
[09:25:57] Top card: Blue_7(Clone) (UnityEngine.GameObject)
[09:25:57] Top card: Blue_7(Clone) (CardProperties)
[09:25:57] Enemy 1: CardW4(Clone) (UnityEngine.GameObject) (Card 0) did not match
[09:25:57] Enemy 1: Red_3(Clone) (UnityEngine.GameObject) (Card 1) did not match
[09:25:57] Enemy 1: Green_9(Clone) (UnityEngine.GameObject) (Card 2) did not match
[09:25:57] Enemy 1: Red_5(Clone) (UnityEngine.GameObject) (Card 3) did not match
[09:25:57] Enemy 1: Green_D(Clone) (UnityEngine.GameObject) (Card 4) did not match
[09:25:57] Enemy 1: Red_D(Clone) (UnityEngine.GameObject) (Card 5) did not match
[09:25:57] Enemy 1: Yellow_6(Clone) (UnityEngine.GameObject) (Card 6) did not match
[09:25:57] HasFoundMatch = False
[09:25:57] Top Deck Card:Yellow_6(Clone) (UnityEngine.GameObject)
[09:25:57] Enemy 1: Drew Yellow_6(Clone) (UnityEngine.GameObject)
[09:25:57] Enemy 1: Drew 1 cards
[09:25:57] Turns: 2
[09:25:57] Top card: Blue_7(Clone) (UnityEngine.GameObject)
[09:25:57] Top card: Blue_7(Clone) (CardProperties)
[09:25:57] Enemy 2: Red_6(Clone) (UnityEngine.GameObject) (Card 0) did not match
[09:25:57] Enemy 2: CardW(Clone) (UnityEngine.GameObject) (Card 1) did not match
[09:25:57] Enemy 2: Yellow_S(Clone) (UnityEngine.GameObject) (Card 2) did not match
[09:25:57] Enemy 2: Yellow_D(Clone) (UnityEngine.GameObject) (Card 3) did not match
[09:25:57] HasFoundMatch = False
[09:25:57] Top Deck Card:Blue_9(Clone) (UnityEngine.GameObject)
[09:25:57] Enemy 2: Drew Blue_9(Clone) (UnityEngine.GameObject)
[09:25:57] Enemy 2: Drew 1 cards
[09:25:57] Turns: 3
[09:25:57] Top card: Blue_7(Clone) (UnityEngine.GameObject)
[09:25:57] Top card: Blue_7(Clone) (CardProperties)
[09:25:57] Enemy 3: CardW4(Clone) (UnityEngine.GameObject) (Card 0) did not match
[09:25:57] Enemy 3: CardW4(Clone) (UnityEngine.GameObject) (Card 1) did not match
[09:25:57] Enemy 3: Played Yellow_7(Clone) (UnityEngine.GameObject) (Card 2)
[09:25:57] Removed null
[09:25:57] Turns: 0
[09:25:57] Player: Played Blue_D
[09:25:57] Removed Blue_7(Clone) (UnityEngine.GameObject)
[09:25:57] Made it this far (TurnManager)
[09:25:57] Turns: 1
[09:25:57] Turns: 1
[09:25:57] Top card: Blue_D(Clone) (UnityEngine.GameObject)
[09:25:57] Top card: Blue_D(Clone) (CardProperties)
[09:25:57] Enemy 1: CardW4(Clone) (UnityEngine.GameObject) (Card 0) did not match
[09:25:57] Enemy 1: Red_3(Clone) (UnityEngine.GameObject) (Card 1) did not match
[09:25:57] Enemy 1: Green_9(Clone) (UnityEngine.GameObject) (Card 2) did not match
[09:25:57] Enemy 1: Red_5(Clone) (UnityEngine.GameObject) (Card 3) did not match
[09:25:57] Enemy 1: Green_D(Clone) (UnityEngine.GameObject) (Card 4) did not match
[09:25:57] Enemy 1: Red_D(Clone) (UnityEngine.GameObject) (Card 5) did not match
[09:25:57] Enemy 1: Yellow_6(Clone) (UnityEngine.GameObject) (Card 6) did not match
[09:25:57] Enemy 1: Yellow_6(Clone) (UnityEngine.GameObject) (Card 7) did not match
[09:25:57] HasFoundMatch = False
[09:25:57] Top Deck Card:Blue_3(Clone) (UnityEngine.GameObject)
[09:25:57] Enemy 1: Drew Blue_3(Clone) (UnityEngine.GameObject)
[09:25:57] Enemy 1: Drew 1 cards
[09:25:57] Turns: 2
[09:25:57] Top card: Blue_D(Clone) (UnityEngine.GameObject)
[09:25:57] Top card: Blue_D(Clone) (CardProperties)
[09:25:57] Enemy 2: Red_6(Clone) (UnityEngine.GameObject) (Card 0) did not match
[09:25:57] Enemy 2: CardW(Clone) (UnityEngine.GameObject) (Card 1) did not match
[09:25:57] Enemy 2: Yellow_S(Clone) (UnityEngine.GameObject) (Card 2) did not match
[09:25:57] Enemy 2: Yellow_D(Clone) (UnityEngine.GameObject) (Card 3) did not match
[09:25:57] Enemy 2: Played Blue_9(Clone) (UnityEngine.GameObject) (Card 4)
[09:25:57] Removed Blue_7(Clone) (UnityEngine.GameObject)
[09:25:57] Turns: 3
[09:25:57] Top card: Blue_9(Clone) (UnityEngine.GameObject)
[09:25:57] Top card: Blue_9(Clone) (CardProperties)
[09:25:57] Enemy 3: CardW4(Clone) (UnityEngine.GameObject) (Card 0) did not match
[09:25:57] Enemy 3: CardW4(Clone) (UnityEngine.GameObject) (Card 1) did not match
[09:25:57] Enemy 3: Played Blue_7(Clone) (UnityEngine.GameObject) (Card 2)
[09:25:57] Removed Blue_D(Clone) (UnityEngine.GameObject)
[09:25:57] Turns: 0
[09:25:57] Player: Played Yellow_7
[09:25:57] Removed null
[09:25:57] Made it this far (TurnManager)
[09:25:57] Turns: 1
[09:25:57] Turns: 1
[09:25:57] Top card: Yellow_7(Clone) (UnityEngine.GameObject)
[09:25:57] Top card: Yellow_7(Clone) (CardProperties)
[09:25:57] Enemy 1: CardW4(Clone) (UnityEngine.GameObject) (Card 0) did not match
[09:25:57] Enemy 1: Red_3(Clone) (UnityEngine.GameObject) (Card 1) did not match
[09:25:57] Enemy 1: Green_9(Clone) (UnityEngine.GameObject) (Card 2) did not match
[09:25:57] Enemy 1: Red_5(Clone) (UnityEngine.GameObject) (Card 3) did not match
[09:25:57] Enemy 1: Green_D(Clone) (UnityEngine.GameObject) (Card 4) did not match
[09:25:57] Enemy 1: Red_D(Clone) (UnityEngine.GameObject) (Card 5) did not match
[09:25:57] Enemy 1: Played Yellow_6(Clone) (UnityEngine.GameObject) (Card 6)
[09:25:57] Removed Yellow_7(Clone) (UnityEngine.GameObject)
[09:25:57] Turns: 2
[09:25:57] Top card: Yellow_6(Clone) (UnityEngine.GameObject)
[09:25:57] Top card: Yellow_6(Clone) (CardProperties)
[09:25:57] Enemy 2: Played Red_6(Clone) (UnityEngine.GameObject) (Card 0)
[09:25:57] Removed null
[09:25:57] Turns: 3
[09:25:57] Top card: Red_6(Clone) (UnityEngine.GameObject)
[09:25:57] Top card: Red_6(Clone) (CardProperties)
[09:25:57] Enemy 3: CardW4(Clone) (UnityEngine.GameObject) (Card 0) did not match
[09:25:57] Enemy 3: CardW4(Clone) (UnityEngine.GameObject) (Card 1) did not match
[09:25:57] Enemy 3: Green_4(Clone) (UnityEngine.GameObject) (Card 2) did not match
[09:25:57] HasFoundMatch = False
[09:25:57] Top Deck Card:Green_4(Clone) (UnityEngine.GameObject)
[09:25:57] Enemy 3: Drew Green_4(Clone) (UnityEngine.GameObject)
[09:25:57] Enemy 3: Drew 1 cards
[09:25:57] Turns: 0
[09:25:57] Player: Played Blue_7
[09:25:57] Removed Blue_9(Clone) (UnityEngine.GameObject)
[09:25:57] Made it this far (TurnManager)
[09:25:57] Turns: 1
[09:25:57] Turns: 1
[09:25:57] Top card: Blue_7(Clone) (UnityEngine.GameObject)
[09:25:57] Top card: Blue_7(Clone) (CardProperties)
[09:25:57] Enemy 1: CardW4(Clone) (UnityEngine.GameObject) (Card 0) did not match
[09:25:57] Enemy 1: Red_3(Clone) (UnityEngine.GameObject) (Card 1) did not match
[09:25:57] Enemy 1: Green_9(Clone) (UnityEngine.GameObject) (Card 2) did not match
[09:25:57] Enemy 1: Red_5(Clone) (UnityEngine.GameObject) (Card 3) did not match
[09:25:57] Enemy 1: Green_D(Clone) (UnityEngine.GameObject) (Card 4) did not match
[09:25:57] Enemy 1: Red_D(Clone) (UnityEngine.GameObject) (Card 5) did not match
[09:25:57] Enemy 1: Yellow_6(Clone) (UnityEngine.GameObject) (Card 6) did not match
[09:25:57] Enemy 1: Played Blue_3(Clone) (UnityEngine.GameObject) (Card 7)
[09:25:57] Removed Blue_7(Clone) (UnityEngine.GameObject)
[09:25:57] Turns: 2
[09:25:57] Top card: Blue_3(Clone) (UnityEngine.GameObject)
[09:25:57] Top card: Blue_3(Clone) (CardProperties)
[09:25:57] Enemy 2: CardW(Clone) (UnityEngine.GameObject) (Card 0) did not match
[09:25:57] Enemy 2: Yellow_S(Clone) (UnityEngine.GameObject) (Card 1) did not match
[09:25:57] Enemy 2: Yellow_D(Clone) (UnityEngine.GameObject) (Card 2) did not match
[09:25:57] HasFoundMatch = False
[09:25:57] Top Deck Card:Blue_3(Clone) (UnityEngine.GameObject)
[09:25:57] Enemy 2: Drew Blue_3(Clone) (UnityEngine.GameObject)
[09:25:57] Enemy 2: Drew 1 cards
[09:25:57] Turns: 3
[09:25:57] Top card: Blue_3(Clone) (UnityEngine.GameObject)
[09:25:57] Top card: Blue_3(Clone) (CardProperties)
[09:25:57] Enemy 3: CardW4(Clone) (UnityEngine.GameObject) (Card 0) did not match
[09:25:57] Enemy 3: CardW4(Clone) (UnityEngine.GameObject) (Card 1) did not match
[09:25:57] Enemy 3: Green_4(Clone) (UnityEngine.GameObject) (Card 2) did not match
[09:25:57] Enemy 3: Green_4(Clone) (UnityEngine.GameObject) (Card 3) did not match
[09:25:57] HasFoundMatch = False
[09:25:57] Top Deck Card:Red_2(Clone) (UnityEngine.GameObject)
[09:25:57] Enemy 3: Drew Red_2(Clone) (UnityEngine.GameObject)
[09:25:57] Enemy 3: Drew 1 cards
[09:25:57] Turns: 0
[09:25:57] Player: Played Red_6
[09:25:57] Removed null
[09:25:57] Made it this far (TurnManager)
[09:25:57] Turns: 1
[09:25:57] Turns: 1
[09:25:57] Top card: Red_6(Clone) (UnityEngine.GameObject)
[09:25:57] Top card: Red_6(Clone) (CardProperties)
[09:25:57] Enemy 1: CardW4(Clone) (UnityEngine.GameObject) (Card 0) did not match
[09:25:57] Enemy 1: Played Red_3(Clone) (UnityEngine.GameObject) (Card 1)
[09:25:57] Removed Yellow_6(Clone) (UnityEngine.GameObject)
[09:25:57] Turns: 2
[09:25:57] Top card: Red_3(Clone) (UnityEngine.GameObject)
[09:25:57] Top card: Red_3(Clone) (CardProperties)
[09:25:57] Enemy 2: CardW(Clone) (UnityEngine.GameObject) (Card 0) did not match
[09:25:57] Enemy 2: Yellow_S(Clone) (UnityEngine.GameObject) (Card 1) did not match
[09:25:57] Enemy 2: Yellow_D(Clone) (UnityEngine.GameObject) (Card 2) did not match
[09:25:57] Enemy 2: Played Blue_3(Clone) (UnityEngine.GameObject) (Card 3)
[09:25:57] Removed Red_6(Clone) (UnityEngine.GameObject)
[09:25:57] Turns: 3
[09:25:57] Top card: Blue_3(Clone) (UnityEngine.GameObject)
[09:25:57] Top card: Blue_3(Clone) (CardProperties)
[09:25:57] Enemy 3: CardW4(Clone) (UnityEngine.GameObject) (Card 0) did not match
[09:25:57] Enemy 3: CardW4(Clone) (UnityEngine.GameObject) (Card 1) did not match
[09:25:57] Enemy 3: Green_4(Clone) (UnityEngine.GameObject) (Card 2) did not match
[09:25:57] Enemy 3: Green_4(Clone) (UnityEngine.GameObject) (Card 3) did not match
[09:25:57] Enemy 3: Red_2(Clone) (UnityEngine.GameObject) (Card 4) did not match
[09:25:57] HasFoundMatch = False
[09:25:57] Top Deck Card:Red_4(Clone) (UnityEngine.GameObject)
[09:25:57] Enemy 3: Drew Red_4(Clone) (UnityEngine.GameObject)
[09:25:57] Enemy 3: Drew 1 cards
[09:25:57] Turns: 0
[09:25:57] Player: Played Blue_3
[09:25:57] Removed null
[09:25:57] Made it this far (TurnManager)
[09:25:57] Turns: 1
[09:25:57] Turns: 1
[09:25:57] Top card: Blue_3(Clone) (UnityEngine.GameObject)
[09:25:57] Top card: Blue_3(Clone) (CardProperties)
[09:25:57] Enemy 1: CardW4(Clone) (UnityEngine.GameObject) (Card 0) did not match
[09:25:57] Enemy 1: Green_9(Clone) (UnityEngine.GameObject) (Card 1) did not match
[09:25:57] Enemy 1: Red_5(Clone) (UnityEngine.GameObject) (Card 2) did not match
[09:25:57] Enemy 1: Green_D(Clone) (UnityEngine.GameObject) (Card 3) did not match
[09:25:57] Enemy 1: Red_D(Clone) (UnityEngine.GameObject) (Card 4) did not match
[09:25:57] Enemy 1: Yellow_6(Clone) (UnityEngine.GameObject) (Card 5) did not match
[09:25:57] HasFoundMatch = False
[09:25:57] Top Deck Card:Blue_8(Clone) (UnityEngine.GameObject)
[09:25:57] Enemy 1: Drew Blue_8(Clone) (UnityEngine.GameObject)
[09:25:57] Enemy 1: Drew 1 cards
[09:25:57] Turns: 2
[09:25:57] Top card: Blue_3(Clone) (UnityEngine.GameObject)
[09:25:57] Top card: Blue_3(Clone) (CardProperties)
[09:25:57] Enemy 2: CardW(Clone) (UnityEngine.GameObject) (Card 0) did not match
[09:25:57] Enemy 2: Yellow_S(Clone) (UnityEngine.GameObject) (Card 1) did not match
[09:25:57] Enemy 2: Yellow_D(Clone) (UnityEngine.GameObject) (Card 2) did not match
[09:25:57] HasFoundMatch = False
[09:25:57] Top Deck Card:Green_7(Clone) (UnityEngine.GameObject)
[09:25:57] Enemy 2: Drew Green_7(Clone) (UnityEngine.GameObject)
[09:25:57] Enemy 2: Drew 1 cards
[09:25:57] Turns: 3
[09:25:57] Top card: Blue_3(Clone) (UnityEngine.GameObject)
[09:25:57] Top card: Blue_3(Clone) (CardProperties)
[09:25:57] Enemy 3: CardW4(Clone) (UnityEngine.GameObject) (Card 0) did not match
[09:25:57] Enemy 3: CardW4(Clone) (UnityEngine.GameObject) (Card 1) did not match
[09:25:57] Enemy 3: Green_4(Clone) (UnityEngine.GameObject) (Card 2) did not match
[09:25:57] Enemy 3: Green_4(Clone) (UnityEngine.GameObject) (Card 3) did not match
[09:25:57] Enemy 3: Red_2(Clone) (UnityEngine.GameObject) (Card 4) did not match
[09:25:57] Enemy 3: Red_4(Clone) (UnityEngine.GameObject) (Card 5) did not match
[09:25:57] HasFoundMatch = False
[09:25:57] Top Deck Card:CardW(Clone) (UnityEngine.GameObject)
[09:25:57] Enemy 3: Drew CardW(Clone) (UnityEngine.GameObject)
[09:25:57] Enemy 3: Drew 1 cards
[09:25:57] Turns: 0
[09:25:57] Player: Played Blue_3
[09:25:57] Removed Blue_3(Clone) (UnityEngine.GameObject)
[09:25:57] Made it this far (TurnManager)
[09:25:57] Turns: 1
[09:25:57] Turns: 1
[09:25:57] Top card: Blue_3(Clone) (UnityEngine.GameObject)
[09:25:57] Top card: Blue_3(Clone) (CardProperties)
[09:25:57] Enemy 1: CardW4(Clone) (UnityEngine.GameObject) (Card 0) did not match
[09:25:57] Enemy 1: Green_9(Clone) (UnityEngine.GameObject) (Card 1) did not match
[09:25:57] Enemy 1: Red_5(Clone) (UnityEngine.GameObject) (Card 2) did not match
[09:25:57] Enemy 1: Green_D(Clone) (UnityEngine.GameObject) (Card 3) did not match
[09:25:57] Enemy 1: Red_D(Clone) (UnityEngine.GameObject) (Card 4) did not match
[09:25:57] Enemy 1: Yellow_6(Clone) (UnityEngine.GameObject) (Card 5) did not match
[09:25:57] Enemy 1: Played Blue_8(Clone) (UnityEngine.GameObject) (Card 6)
[09:25:57] Removed null
[09:25:57] Turns: 2
[09:25:57] Top card: Blue_8(Clone) (UnityEngine.GameObject)
[09:25:57] Top card: Blue_8(Clone) (CardProperties)
[09:25:57] Enemy 2: CardW(Clone) (UnityEngine.GameObject) (Card 0) did not match
[09:25:57] Enemy 2: Yellow_S(Clone) (UnityEngine.GameObject) (Card 1) did not match
[09:25:57] Enemy 2: Yellow_D(Clone) (UnityEngine.GameObject) (Card 2) did not match
[09:25:57] Enemy 2: Green_7(Clone) (UnityEngine.GameObject) (Card 3) did not match
[09:25:57] HasFoundMatch = False
[09:25:57] Top Deck Card:Blue_8(Clone) (UnityEngine.GameObject)
[09:25:57] Enemy 2: Drew Blue_8(Clone) (UnityEngine.GameObject)
[09:25:57] Enemy 2: Drew 1 cards
[09:25:57] Turns: 3
[09:25:57] Top card: Blue_8(Clone) (UnityEngine.GameObject)
[09:25:57] Top card: Blue_8(Clone) (CardProperties)
[09:25:57] Enemy 3: CardW4(Clone) (UnityEngine.GameObject) (Card 0) did not match
[09:25:57] Enemy 3: CardW4(Clone) (UnityEngine.GameObject) (Card 1) did not match
[09:25:57] Enemy 3: Green_4(Clone) (UnityEngine.GameObject) (Card 2) did not match
[09:25:57] Enemy 3: Green_4(Clone) (UnityEngine.GameObject) (Card 3) did not match
[09:25:57] Enemy 3: Red_2(Clone) (UnityEngine.GameObject) (Card 4) did not match
[09:25:57] Enemy 3: Red_4(Clone) (UnityEngine.GameObject) (Card 5) did not match
[09:25:57] Enemy 3: CardW(Clone) (UnityEngine.GameObject) (Card 6) did not match
[09:25:57] HasFoundMatch = False
[09:25:57] Top Deck Card:Red_2(Clone) (UnityEngine.GameObject)
[09:25:57] Enemy 3: Drew Red_2(Clone) (UnityEngine.GameObject)
[09:25:57] Enemy 3: Drew 1 cards
[09:25:57] Turns: 0
[09:25:57] Player: Played Blue_3
[09:25:57] Removed Red_3(Clone) (UnityEngine.GameObject)
[09:25:57] Made it this far (TurnManager)
[09:25:57] Turns: 1
[09:25:57] Turns: 1
[09:25:57] Top card: Blue_3(Clone) (UnityEngine.GameObject)
[09:25:57] Top card: Blue_3(Clone) (CardProperties)
[09:25:57] Enemy 1: CardW4(Clone) (UnityEngine.GameObject) (Card 0) did not match
[09:25:57] Enemy 1: Green_9(Clone) (UnityEngine.GameObject) (Card 1) did not match
[09:25:57] Enemy 1: Red_5(Clone) (UnityEngine.GameObject) (Card 2) did not match
[09:25:57] Enemy 1: Green_D(Clone) (UnityEngine.GameObject) (Card 3) did not match
[09:25:57] Enemy 1: Red_D(Clone) (UnityEngine.GameObject) (Card 4) did not match
[09:25:57] Enemy 1: Yellow_6(Clone) (UnityEngine.GameObject) (Card 5) did not match
[09:25:57] HasFoundMatch = False
[09:25:57] Top Deck Card:Yellow_2(Clone) (UnityEngine.GameObject)
[09:25:57] Enemy 1: Drew Yellow_2(Clone) (UnityEngine.GameObject)
[09:25:57] Enemy 1: Drew 1 cards
[09:25:57] Turns: 2
[09:25:57] Top card: Blue_3(Clone) (UnityEngine.GameObject)
[09:25:57] Top card: Blue_3(Clone) (CardProperties)
[09:25:57] Enemy 2: CardW(Clone) (UnityEngine.GameObject) (Card 0) did not match
[09:25:57] Enemy 2: Yellow_S(Clone) (UnityEngine.GameObject) (Card 1) did not match
[09:25:57] Enemy 2: Yellow_D(Clone) (UnityEngine.GameObject) (Card 2) did not match
[09:25:57] Enemy 2: Green_7(Clone) (UnityEngine.GameObject) (Card 3) did not match
[09:25:57] Enemy 2: Played Blue_8(Clone) (UnityEngine.GameObject) (Card 4)
[09:25:57] Removed Blue_3(Clone) (UnityEngine.GameObject)
[09:25:57] Turns: 3
[09:25:57] Top card: Blue_8(Clone) (UnityEngine.GameObject)
[09:25:57] Top card: Blue_8(Clone) (CardProperties)
[09:25:57] Enemy 3: CardW4(Clone) (UnityEngine.GameObject) (Card 0) did not match
[09:25:57] Enemy 3: CardW4(Clone) (UnityEngine.GameObject) (Card 1) did not match
[09:25:57] Enemy 3: Green_4(Clone) (UnityEngine.GameObject) (Card 2) did not match
[09:25:57] Enemy 3: Green_4(Clone) (UnityEngine.GameObject) (Card 3) did not match
[09:25:57] Enemy 3: Red_2(Clone) (UnityEngine.GameObject) (Card 4) did not match
[09:25:57] Enemy 3: Red_4(Clone) (UnityEngine.GameObject) (Card 5) did not match
[09:25:57] Enemy 3: CardW(Clone) (UnityEngine.GameObject) (Card 6) did not match
[09:25:57] Enemy 3: Red_2(Clone) (UnityEngine.GameObject) (Card 7) did not match
[09:25:57] HasFoundMatch = False
[09:25:57] Top Deck Card:Yellow_R(Clone) (UnityEngine.GameObject)
[09:25:57] Enemy 3: Drew Yellow_R(Clone) (UnityEngine.GameObject)
[09:25:57] Enemy 3: Drew 1 cards
[09:25:57] Turns: 0
[09:25:57] Player: Played Blue_8
[09:25:57] Removed null
[09:25:57] Made it this far (TurnManager)
[09:25:57] Turns: 1
[09:25:57] Turns: 1
[09:25:57] Top card: Blue_8(Clone) (UnityEngine.GameObject)
[09:25:57] Top card: Blue_8(Clone) (CardProperties)
[09:25:57] Enemy 1: CardW4(Clone) (UnityEngine.GameObject) (Card 0) did not match
[09:25:57] Enemy 1: Green_9(Clone) (UnityEngine.GameObject) (Card 1) did not match
[09:25:57] Enemy 1: Red_5(Clone) (UnityEngine.GameObject) (Card 2) did not match
[09:25:57] Enemy 1: Green_D(Clone) (UnityEngine.GameObject) (Card 3) did not match
[09:25:57] Enemy 1: Red_D(Clone) (UnityEngine.GameObject) (Card 4) did not match
[09:25:57] Enemy 1: Yellow_6(Clone) (UnityEngine.GameObject) (Card 5) did not match
[09:25:57] Enemy 1: Yellow_2(Clone) (UnityEngine.GameObject) (Card 6) did not match
[09:25:57] HasFoundMatch = False
[09:25:57] Top Deck Card:Red_7(Clone) (UnityEngine.GameObject)
[09:25:57] Enemy 1: Drew Red_7(Clone) (UnityEngine.GameObject)
[09:25:57] Enemy 1: Drew 1 cards
[09:25:57] Turns: 2
[09:25:57] Top card: Blue_8(Clone) (UnityEngine.GameObject)
[09:25:57] Top card: Blue_8(Clone) (CardProperties)
[09:25:57] Enemy 2: CardW(Clone) (UnityEngine.GameObject) (Card 0) did not match
[09:25:57] Enemy 2: Yellow_S(Clone) (UnityEngine.GameObject) (Card 1) did not match
[09:25:57] Enemy 2: Yellow_D(Clone) (UnityEngine.GameObject) (Card 2) did not match
[09:25:57] Enemy 2: Green_7(Clone) (UnityEngine.GameObject) (Card 3) did not match
[09:25:57] HasFoundMatch = False
[09:25:57] Top Deck Card:Blue_0(Clone) (UnityEngine.GameObject)
[09:25:57] Enemy 2: Drew Blue_0(Clone) (UnityEngine.GameObject)
[09:25:57] Enemy 2: Drew 1 cards
[09:25:57] Turns: 3
[09:25:57] Top card: Blue_8(Clone) (UnityEngine.GameObject)
[09:25:57] Top card: Blue_8(Clone) (CardProperties)
[09:25:57] Enemy 3: CardW4(Clone) (UnityEngine.GameObject) (Card 0) did not match
[09:25:57] Enemy 3: CardW4(Clone) (UnityEngine.GameObject) (Card 1) did not match
[09:25:57] Enemy 3: Green_4(Clone) (UnityEngine.GameObject) (Card 2) did not match
[09:25:57] Enemy 3: Green_4(Clone) (UnityEngine.GameObject) (Card 3) did not match
[09:25:57] Enemy 3: Red_2(Clone) (UnityEngine.GameObject) (Card 4) did not match
[09:25:57] Enemy 3: Red_4(Clone) (UnityEngine.GameObject) (Card 5) did not match
[09:25:57] Enemy 3: CardW(Clone) (UnityEngine.GameObject) (Card 6) did not match
[09:25:57] Enemy 3: Red_2(Clone) (UnityEngine.GameObject) (Card 7) did not match
[09:25:57] Enemy 3: Yellow_R(Clone) (UnityEngine.GameObject) (Card 8) did not match
[09:25:57] HasFoundMatch = False
[09:25:57] Top Deck Card:Red_3(Clone) (UnityEngine.GameObject)
[09:25:57] Enemy 3: Drew Red_3(Clone) (UnityEngine.GameObject)
[09:25:57] Enemy 3: Drew 1 cards
[09:25:57] Turns: 0
[09:25:57] Player: Played Blue_8
[09:25:57] Removed null
[09:25:57] Made it this far (TurnManager)
[09:25:57] Turns: 1
[09:25:57] Turns: 1
[09:25:57] Top card: Blue_8(Clone) (UnityEngine.GameObject)
[09:25:57] Top card: Blue_8(Clone) (CardProperties)
[09:25:57] Enemy 1: CardW4(Clone) (UnityEngine.GameObject) (Card 0) did not match
[09:25:57] Enemy 1: Green_9(Clone) (UnityEngine.GameObject) (Card 1) did not match
[09:25:57] Enemy 1: Red_5(Clone) (UnityEngine.GameObject) (Card 2) did not match
[09:25:57] Enemy 1: Green_D(Clone) (UnityEngine.GameObject) (Card 3) did not match
[09:25:57] Enemy 1: Red_D(Clone) (UnityEngine.GameObject) (Card 4) did not match
[09:25:57] Enemy 1: Yellow_6(Clone) (UnityEngine.GameObject) (Card 5) did not match
[09:25:57] Enemy 1: Yellow_2(Clone) (UnityEngine.GameObject) (Card 6) did not match
[09:25:57] Enemy 1: Red_7(Clone) (UnityEngine.GameObject) (Card 7) did not match
[09:25:57] HasFoundMatch = False
[09:25:57] Top Deck Card:Yellow_8(Clone) (UnityEngine.GameObject)
[09:25:57] Enemy 1: Drew Yellow_8(Clone) (UnityEngine.GameObject)
[09:25:57] Enemy 1: Drew 1 cards
[09:25:57] Turns: 2
[09:25:57] Top card: Blue_8(Clone) (UnityEngine.GameObject)
[09:25:57] Top card: Blue_8(Clone) (CardProperties)
[09:25:57] Enemy 2: CardW(Clone) (UnityEngine.GameObject) (Card 0) did not match
[09:25:57] Enemy 2: Yellow_S(Clone) (UnityEngine.GameObject) (Card 1) did not match
[09:25:57] Enemy 2: Yellow_D(Clone) (UnityEngine.GameObject) (Card 2) did not match
[09:25:57] Enemy 2: Green_7(Clone) (UnityEngine.GameObject) (Card 3) did not match
[09:25:57] Enemy 2: Played Blue_0(Clone) (UnityEngine.GameObject) (Card 4)
[09:25:57] Removed Blue_8(Clone) (UnityEngine.GameObject)
[09:25:57] Turns: 3
[09:25:57] Top card: Blue_0(Clone) (UnityEngine.GameObject)
[09:25:57] Top card: Blue_0(Clone) (CardProperties)
[09:25:57] Enemy 3: CardW4(Clone) (UnityEngine.GameObject) (Card 0) did not match
[09:25:57] Enemy 3: CardW4(Clone) (UnityEngine.GameObject) (Card 1) did not match
[09:25:57] Enemy 3: Green_4(Clone) (UnityEngine.GameObject) (Card 2) did not match
[09:25:57] Enemy 3: Green_4(Clone) (UnityEngine.GameObject) (Card 3) did not match
[09:25:57] Enemy 3: Red_2(Clone) (UnityEngine.GameObject) (Card 4) did not match
[09:25:57] Enemy 3: Red_4(Clone) (UnityEngine.GameObject) (Card 5) did not match
[09:25:57] Enemy 3: CardW(Clone) (UnityEngine.GameObject) (Card 6) did not match
[09:25:57] Enemy 3: Red_2(Clone) (UnityEngine.GameObject) (Card 7) did not match
[09:25:57] Enemy 3: Yellow_R(Clone) (UnityEngine.GameObject) (Card 8) did not match
[09:25:57] Enemy 3: Red_3(Clone) (UnityEngine.GameObject) (Card 9) did not match
[09:25:57] HasFoundMatch = False
[09:25:57] Top Deck Card:Green_8(Clone) (UnityEngine.GameObject)
[09:25:57] Enemy 3: Drew Green_8(Clone) (UnityEngine.GameObject)
[09:25:57] Enemy 3: Drew 1 cards
[09:25:57] Turns: 0
[09:25:57] Player: Played Blue_8
[09:25:57] Removed null
[09:25:57] Made it this far (TurnManager)
[09:25:57] Turns: 1
[09:25:57] Turns: 1
[09:25:57] Top card: Blue_8(Clone) (UnityEngine.GameObject)
[09:25:57] Top card: Blue_8(Clone) (CardProperties)
[09:25:57] Enemy 1: CardW4(Clone) (UnityEngine.GameObject) (Card 0) did not match
[09:25:57] Enemy 1: Green_9(Clone) (UnityEngine.GameObject) (Card 1) did not match
[09:25:57] Enemy 1: Red_5(Clone) (UnityEngine.GameObject) (Card 2) did not match
[09:25:57] Enemy 1: Green_D(Clone) (UnityEngine.GameObject) (Card 3) did not match
[09:25:57] Enemy 1: Red_D(Clone) (UnityEngine.GameObject) (Card 4) did not match
[09:25:57] Enemy 1: Yellow_6(Clone) (UnityEngine.GameObject) (Card 5) did not match
[09:25:57] Enemy 1: Yellow_2(Clone) (UnityEngine.GameObject) (Card 6) did not match
[09:25:57] Enemy 1: Red_7(Clone) (UnityEngine.GameObject) (Card 7) did not match
[09:25:57] Enemy 1: Played Yellow_8(Clone) (UnityEngine.GameObject) (Card 8)
[09:25:57] Removed Blue_8(Clone) (UnityEngine.GameObject)
[09:25:57] Turns: 2
[09:25:57] Top card: Yellow_8(Clone) (UnityEngine.GameObject)
[09:25:57] Top card: Yellow_8(Clone) (CardProperties)
[09:25:57] Enemy 2: CardW(Clone) (UnityEngine.GameObject) (Card 0) did not match
[09:25:57] Enemy 2: Played Yellow_S(Clone) (UnityEngine.GameObject) (Card 1)
[09:25:57] Removed null
[09:25:57] Turns: 3
[09:25:57] Top card: Yellow_S(Clone) (UnityEngine.GameObject)
[09:25:57] Skipped Enemy 3
[09:25:57] Player: Played Blue_0
[09:25:57] Removed null
[09:25:57] Made it this far (TurnManager)
[09:25:57] Turns: 1
[09:25:57] Turns: 1
[09:25:57] Top card: Blue_0(Clone) (UnityEngine.GameObject)
[09:25:57] Top card: Blue_0(Clone) (CardProperties)
[09:25:57] Enemy 1: CardW4(Clone) (UnityEngine.GameObject) (Card 0) did not match
[09:25:57] Enemy 1: Green_9(Clone) (UnityEngine.GameObject) (Card 1) did not match
[09:25:57] Enemy 1: Red_5(Clone) (UnityEngine.GameObject) (Card 2) did not match
[09:25:57] Enemy 1: Green_D(Clone) (UnityEngine.GameObject) (Card 3) did not match
[09:25:57] Enemy 1: Red_D(Clone) (UnityEngine.GameObject) (Card 4) did not match
[09:25:57] Enemy 1: Yellow_6(Clone) (UnityEngine.GameObject) (Card 5) did not match
[09:25:57] Enemy 1: Yellow_2(Clone) (UnityEngine.GameObject) (Card 6) did not match
[09:25:57] Enemy 1: Red_7(Clone) (UnityEngine.GameObject) (Card 7) did not match
[09:25:57] HasFoundMatch = False
[09:25:57] Top Deck Card:Green_5(Clone) (UnityEngine.GameObject)
[09:25:57] Enemy 1: Drew Green_5(Clone) (UnityEngine.GameObject)
[09:25:57] Enemy 1: Drew 1 cards
[09:25:57] Turns: 2
[09:25:57] Top card: Blue_0(Clone) (UnityEngine.GameObject)
[09:25:57] Top card: Blue_0(Clone) (CardProperties)
[09:25:57] Enemy 2: CardW(Clone) (UnityEngine.GameObject) (Card 0) did not match
[09:25:57] Enemy 2: Yellow_D(Clone) (UnityEngine.GameObject) (Card 1) did not match
[09:25:57] Enemy 2: Green_7(Clone) (UnityEngine.GameObject) (Card 2) did not match
[09:25:57] HasFoundMatch = False
[09:25:57] Top Deck Card:CardW(Clone) (UnityEngine.GameObject)
[09:25:57] Enemy 2: Drew CardW(Clone) (UnityEngine.GameObject)
[09:25:57] Enemy 2: Drew 1 cards
[09:25:57] Turns: 3
[09:25:57] Top card: Blue_0(Clone) (UnityEngine.GameObject)
[09:25:57] Top card: Blue_0(Clone) (CardProperties)
[09:25:57] Enemy 3: CardW4(Clone) (UnityEngine.GameObject) (Card 0) did not match
[09:25:57] Enemy 3: CardW4(Clone) (UnityEngine.GameObject) (Card 1) did not match
[09:25:57] Enemy 3: Green_4(Clone) (UnityEngine.GameObject) (Card 2) did not match
[09:25:57] Enemy 3: Green_4(Clone) (UnityEngine.GameObject) (Card 3) did not match
[09:25:57] Enemy 3: Red_2(Clone) (UnityEngine.GameObject) (Card 4) did not match
[09:25:57] Enemy 3: Red_4(Clone) (UnityEngine.GameObject) (Card 5) did not match
[09:25:57] Enemy 3: CardW(Clone) (UnityEngine.GameObject) (Card 6) did not match
[09:25:57] Enemy 3: Red_2(Clone) (UnityEngine.GameObject) (Card 7) did not match
[09:25:57] Enemy 3: Yellow_R(Clone) (UnityEngine.GameObject) (Card 8) did not match
[09:25:57] Enemy 3: Red_3(Clone) (UnityEngine.GameObject) (Card 9) did not match
[09:25:57] Enemy 3: Green_8(Clone) (UnityEngine.GameObject) (Card 10) did not match
[09:25:57] HasFoundMatch = False
[09:25:57] Top Deck Card:Red_8(Clone) (UnityEngine.GameObject)
[09:25:57] Enemy 3: Drew Red_8(Clone) (UnityEngine.GameObject)
[09:25:57] Enemy 3: Drew 1 cards
[09:25:57] Turns: 0
[09:25:57] Player: Played Yellow_S
[09:25:57] Removed Blue_0(Clone) (UnityEngine.GameObject)
[09:25:57] Made it this far (TurnManager)
[09:25:57] Turns: 1
[09:25:57] Turns: 1
[09:25:57] Top card: Yellow_S(Clone) (UnityEngine.GameObject)
[09:25:57] Top card: Yellow_S(Clone) (CardProperties)
[09:25:57] Enemy 1: CardW4(Clone) (UnityEngine.GameObject) (Card 0) did not match
[09:25:57] Enemy 1: Green_9(Clone) (UnityEngine.GameObject) (Card 1) did not match
[09:25:57] Enemy 1: Red_5(Clone) (UnityEngine.GameObject) (Card 2) did not match
[09:25:57] Enemy 1: Green_D(Clone) (UnityEngine.GameObject) (Card 3) did not match
[09:25:57] Enemy 1: Red_D(Clone) (UnityEngine.GameObject) (Card 4) did not match
[09:25:57] Enemy 1: Played Yellow_6(Clone) (UnityEngine.GameObject) (Card 5)
[09:25:57] Removed null
[09:25:57] Turns: 2
[09:25:57] Top card: Yellow_6(Clone) (UnityEngine.GameObject)
[09:25:57] Top card: Yellow_6(Clone) (CardProperties)
[09:25:57] Enemy 2: CardW(Clone) (UnityEngine.GameObject) (Card 0) did not match
[09:25:57] Enemy 2: Played Yellow_D(Clone) (UnityEngine.GameObject) (Card 1)
[09:25:57] Removed Yellow_8(Clone) (UnityEngine.GameObject)
[09:25:57] Turns: 3
[09:25:57] Top card: Yellow_D(Clone) (UnityEngine.GameObject)
[09:25:57] Top Deck Card:Red_R(Clone) (UnityEngine.GameObject)
[09:25:57] Enemy 3: Drew Red_R(Clone) (UnityEngine.GameObject)
[09:25:57] Top Deck Card:CardW4(Clone) (UnityEngine.GameObject)
[09:25:57] Enemy 3: Drew CardW4(Clone) (UnityEngine.GameObject)
[09:25:57] Enemy 3: Drew 2 cards
[09:25:57] Skipped Enemy 3
[09:25:57] Player: Played Yellow_S
[09:25:57] Removed Yellow_S(Clone) (UnityEngine.GameObject)
[09:25:57] Made it this far (TurnManager)
[09:25:57] Turns: 1
[09:25:57] Turns: 1
[09:25:57] Top card: Yellow_S(Clone) (UnityEngine.GameObject)
[09:25:57] Top card: Yellow_S(Clone) (CardProperties)
[09:25:57] Enemy 1: CardW4(Clone) (UnityEngine.GameObject) (Card 0) did not match
[09:25:57] Enemy 1: Green_9(Clone) (UnityEngine.GameObject) (Card 1) did not match
[09:25:57] Enemy 1: Red_5(Clone) (UnityEngine.GameObject) (Card 2) did not match
[09:25:57] Enemy 1: Green_D(Clone) (UnityEngine.GameObject) (Card 3) did not match
[09:25:57] Enemy 1: Red_D(Clone) (UnityEngine.GameObject) (Card 4) did not match
[09:25:57] Enemy 1: Played Yellow_2(Clone) (UnityEngine.GameObject) (Card 5)
[09:25:57] Removed null
[09:25:57] Turns: 2
[09:25:57] Top card: Yellow_2(Clone) (UnityEngine.GameObject)
[09:25:57] Top card: Yellow_2(Clone) (CardProperties)
[09:25:57] Enemy 2: CardW(Clone) (UnityEngine.GameObject) (Card 0) did not match
[09:25:57] Enemy 2: Green_7(Clone) (UnityEngine.GameObject) (Card 1) did not match
[09:25:57] Enemy 2: CardW(Clone) (UnityEngine.GameObject) (Card 2) did not match
[09:25:57] HasFoundMatch = False
[09:25:57] Top Deck Card:Green_3(Clone) (UnityEngine.GameObject)
[09:25:57] Enemy 2: Drew Green_3(Clone) (UnityEngine.GameObject)
[09:25:57] Enemy 2: Drew 1 cards
[09:25:57] Turns: 3
[09:25:57] Top card: Yellow_2(Clone) (UnityEngine.GameObject)
[09:25:57] Top card: Yellow_2(Clone) (CardProperties)
[09:25:57] Enemy 3: CardW4(Clone) (UnityEngine.GameObject) (Card 0) did not match
[09:25:57] Enemy 3: CardW4(Clone) (UnityEngine.GameObject) (Card 1) did not match
[09:25:57] Enemy 3: Green_4(Clone) (UnityEngine.GameObject) (Card 2) did not match
[09:25:57] Enemy 3: Green_4(Clone) (UnityEngine.GameObject) (Card 3) did not match
[09:25:57] Enemy 3: Played Red_2(Clone) (UnityEngine.GameObject) (Card 4)
[09:25:57] Removed Yellow_S(Clone) (UnityEngine.GameObject)
[09:25:57] Turns: 0
[09:25:57] Player: Played Yellow_D
[09:25:57] Removed Yellow_6(Clone) (UnityEngine.GameObject)
[09:25:57] Made it this far (TurnManager)
[09:25:57] Turns: 1
[09:25:57] Turns: 1
[09:25:57] Top card: Yellow_D(Clone) (UnityEngine.GameObject)
[09:25:57] Top card: Yellow_D(Clone) (CardProperties)
[09:25:57] Enemy 1: CardW4(Clone) (UnityEngine.GameObject) (Card 0) did not match
[09:25:57] Enemy 1: Green_9(Clone) (UnityEngine.GameObject) (Card 1) did not match
[09:25:57] Enemy 1: Red_5(Clone) (UnityEngine.GameObject) (Card 2) did not match
[09:25:57] Enemy 1: Green_D(Clone) (UnityEngine.GameObject) (Card 3) did not match
[09:25:57] Enemy 1: Red_D(Clone) (UnityEngine.GameObject) (Card 4) did not match
[09:25:57] Enemy 1: Red_7(Clone) (UnityEngine.GameObject) (Card 5) did not match
[09:25:57] Enemy 1: Green_5(Clone) (UnityEngine.GameObject) (Card 6) did not match
[09:25:57] HasFoundMatch = False
[09:25:57] Top Deck Card:Red_7(Clone) (UnityEngine.GameObject)
[09:25:57] Enemy 1: Drew Red_7(Clone) (UnityEngine.GameObject)
[09:25:57] Enemy 1: Drew 1 cards
[09:25:57] Turns: 2
[09:25:57] Top card: Yellow_D(Clone) (UnityEngine.GameObject)
[09:25:57] Top card: Yellow_D(Clone) (CardProperties)
[09:25:57] Enemy 2: CardW(Clone) (UnityEngine.GameObject) (Card 0) did not match
[09:25:57] Enemy 2: Green_7(Clone) (UnityEngine.GameObject) (Card 1) did not match
[09:25:57] Enemy 2: CardW(Clone) (UnityEngine.GameObject) (Card 2) did not match
[09:25:57] Enemy 2: Green_3(Clone) (UnityEngine.GameObject) (Card 3) did not match
[09:25:57] HasFoundMatch = False
[09:25:57] Top Deck Card:Yellow_3(Clone) (UnityEngine.GameObject)
[09:25:57] Enemy 2: Drew Yellow_3(Clone) (UnityEngine.GameObject)
[09:25:57] Enemy 2: Drew 1 cards
[09:25:57] Turns: 3
[09:25:57] Top card: Yellow_D(Clone) (UnityEngine.GameObject)
[09:25:57] Top card: Yellow_D(Clone) (CardProperties)
[09:25:57] Enemy 3: CardW4(Clone) (UnityEngine.GameObject) (Card 0) did not match
[09:25:57] Enemy 3: CardW4(Clone) (UnityEngine.GameObject) (Card 1) did not match
[09:25:57] Enemy 3: Green_4(Clone) (UnityEngine.GameObject) (Card 2) did not match
[09:25:57] Enemy 3: Green_4(Clone) (UnityEngine.GameObject) (Card 3) did not match
[09:25:57] Enemy 3: Red_4(Clone) (UnityEngine.GameObject) (Card 4) did not match
[09:25:57] Enemy 3: CardW(Clone) (UnityEngine.GameObject) (Card 5) did not match
[09:25:57] Enemy 3: Red_2(Clone) (UnityEngine.GameObject) (Card 6) did not match
[09:25:57] Enemy 3: Played Yellow_R(Clone) (UnityEngine.GameObject) (Card 7)
[09:25:57] Removed Yellow_D(Clone) (UnityEngine.GameObject)
[09:25:57] Top card: Yellow_R(Clone) (CardProperties)
[09:25:57] Enemy 3: CardW4(Clone) (UnityEngine.GameObject) (Card 0) did not match
[09:25:57] Enemy 3: CardW4(Clone) (UnityEngine.GameObject) (Card 1) did not match
[09:25:57] Enemy 3: Green_4(Clone) (UnityEngine.GameObject) (Card 2) did not match
[09:25:57] Enemy 3: Green_4(Clone) (UnityEngine.GameObject) (Card 3) did not match
[09:25:57] Enemy 3: Red_4(Clone) (UnityEngine.GameObject) (Card 4) did not match
[09:25:57] Enemy 3: CardW(Clone) (UnityEngine.GameObject) (Card 5) did not match
[09:25:57] Enemy 3: Red_2(Clone) (UnityEngine.GameObject) (Card 6) did not match
[09:25:57] Enemy 3: Played Yellow_R(Clone) (UnityEngine.GameObject) (Card 7)
[09:25:57] Removed null
[09:25:57] Turns: 2
[09:25:57] IsReversed: True
[09:25:57] Turns: 1
[09:25:57] Top card: Yellow_R(Clone) (UnityEngine.GameObject)
[09:25:57] Top card: Yellow_R(Clone) (CardProperties)
[09:25:57] Enemy 1: CardW4(Clone) (UnityEngine.GameObject) (Card 0) did not match
[09:25:57] Enemy 1: Green_9(Clone) (UnityEngine.GameObject) (Card 1) did not match
[09:25:57] Enemy 1: Red_5(Clone) (UnityEngine.GameObject) (Card 2) did not match
[09:25:57] Enemy 1: Green_D(Clone) (UnityEngine.GameObject) (Card 3) did not match
[09:25:57] Enemy 1: Red_D(Clone) (UnityEngine.GameObject) (Card 4) did not match
[09:25:57] Enemy 1: Red_7(Clone) (UnityEngine.GameObject) (Card 5) did not match
[09:25:57] Enemy 1: Green_5(Clone) (UnityEngine.GameObject) (Card 6) did not match
[09:25:57] Enemy 1: Red_7(Clone) (UnityEngine.GameObject) (Card 7) did not match
[09:25:57] HasFoundMatch = False
[09:25:57] Top Deck Card:CardW(Clone) (UnityEngine.GameObject)
[09:25:57] Enemy 1: Drew CardW(Clone) (UnityEngine.GameObject)
[09:25:57] Enemy 1: Drew 1 cards
[09:25:57] Turns: 0
[09:25:57] Player: Played Red_2
[09:25:57] Removed Yellow_2(Clone) (UnityEngine.GameObject)
[09:25:57] Made it this far (TurnManager)
[09:25:57] Turns: 3
[09:25:57] Turns: 3
[09:25:57] Top card: Red_2(Clone) (UnityEngine.GameObject)
[09:25:57] Top card: Red_2(Clone) (CardProperties)
[09:25:57] Enemy 3: CardW4(Clone) (UnityEngine.GameObject) (Card 0) did not match
[09:25:57] Enemy 3: CardW4(Clone) (UnityEngine.GameObject) (Card 1) did not match
[09:25:57] Enemy 3: Green_4(Clone) (UnityEngine.GameObject) (Card 2) did not match
[09:25:57] Enemy 3: Green_4(Clone) (UnityEngine.GameObject) (Card 3) did not match
[09:25:57] Enemy 3: Played Red_4(Clone) (UnityEngine.GameObject) (Card 4)
[09:25:57] Removed Red_2(Clone) (UnityEngine.GameObject)
[09:25:57] Turns: 2
[09:25:57] Top card: Red_4(Clone) (UnityEngine.GameObject)
[09:25:57] Top card: Red_4(Clone) (CardProperties)
[09:25:57] Enemy 2: CardW(Clone) (UnityEngine.GameObject) (Card 0) did not match
[09:25:57] Enemy 2: Green_7(Clone) (UnityEngine.GameObject) (Card 1) did not match
[09:25:57] Enemy 2: CardW(Clone) (UnityEngine.GameObject) (Card 2) did not match
[09:25:57] Enemy 2: Green_3(Clone) (UnityEngine.GameObject) (Card 3) did not match
[09:25:57] Enemy 2: Yellow_3(Clone) (UnityEngine.GameObject) (Card 4) did not match
[09:25:57] HasFoundMatch = False
[09:25:57] Top Deck Card:CardW4(Clone) (UnityEngine.GameObject)
[09:25:57] Enemy 2: Drew CardW4(Clone) (UnityEngine.GameObject)
[09:25:57] Enemy 2: Drew 1 cards
[09:25:57] Turns: 1
[09:25:57] Top card: Red_4(Clone) (UnityEngine.GameObject)
[09:25:57] Top card: Red_4(Clone) (CardProperties)
[09:25:57] Enemy 1: CardW4(Clone) (UnityEngine.GameObject) (Card 0) did not match
[09:25:57] Enemy 1: Green_9(Clone) (UnityEngine.GameObject) (Card 1) did not match
[09:25:57] Enemy 1: Played Red_5(Clone) (UnityEngine.GameObject) (Card 2)
[09:25:57] Removed null
[09:25:57] Turns: 0
[09:25:57] Player: Played Yellow_R
[09:25:57] Removed Yellow_R(Clone) (UnityEngine.GameObject)
[09:25:57] Made it this far (TurnManager)
[09:25:57] Turns: 3
[09:25:57] Turns: 3
[09:25:57] Top card: Yellow_R(Clone) (UnityEngine.GameObject)
[09:25:57] Top card: Yellow_R(Clone) (CardProperties)
[09:25:57] Enemy 3: CardW4(Clone) (UnityEngine.GameObject) (Card 0) did not match
[09:25:57] Enemy 3: CardW4(Clone) (UnityEngine.GameObject) (Card 1) did not match
[09:25:57] Enemy 3: Green_4(Clone) (UnityEngine.GameObject) (Card 2) did not match
[09:25:57] Enemy 3: Green_4(Clone) (UnityEngine.GameObject) (Card 3) did not match
[09:25:57] Enemy 3: CardW(Clone) (UnityEngine.GameObject) (Card 4) did not match
[09:25:57] Enemy 3: Red_2(Clone) (UnityEngine.GameObject) (Card 5) did not match
[09:25:57] Enemy 3: Red_3(Clone) (UnityEngine.GameObject) (Card 6) did not match
[09:25:57] Enemy 3: Green_8(Clone) (UnityEngine.GameObject) (Card 7) did not match
[09:25:57] Enemy 3: Red_8(Clone) (UnityEngine.GameObject) (Card 8) did not match
[09:25:57] Enemy 3: Red_R(Clone) (UnityEngine.GameObject) (Card 9) did not match
[09:25:57] Enemy 3: CardW4(Clone) (UnityEngine.GameObject) (Card 10) did not match
[09:25:57] HasFoundMatch = False
[09:25:57] Top Deck Card:CardW4(Clone) (UnityEngine.GameObject)
[09:25:57] Enemy 3: Drew CardW4(Clone) (UnityEngine.GameObject)
[09:25:57] Enemy 3: Drew 1 cards
[09:25:57] Turns: 2
[09:25:57] Player: Played Red_5
[09:25:57] Removed null
[09:25:57] Turns: 2
[09:25:57] Top card: Red_5(Clone) (UnityEngine.GameObject)
[09:25:57] Top card: Red_5(Clone) (CardProperties)
[09:25:57] Enemy 2: CardW(Clone) (UnityEngine.GameObject) (Card 0) did not match
[09:25:57] Enemy 2: Green_7(Clone) (UnityEngine.GameObject) (Card 1) did not match
[09:25:57] Enemy 2: CardW(Clone) (UnityEngine.GameObject) (Card 2) did not match
[09:25:57] Enemy 2: Green_3(Clone) (UnityEngine.GameObject) (Card 3) did not match
[09:25:57] Enemy 2: Yellow_3(Clone) (UnityEngine.GameObject) (Card 4) did not match
[09:25:57] Enemy 2: CardW4(Clone) (UnityEngine.GameObject) (Card 5) did not match
[09:25:57] HasFoundMatch = False
[09:25:57] Top Deck Card:Yellow_4(Clone) (UnityEngine.GameObject)
[09:25:57] Enemy 2: Drew Yellow_4(Clone) (UnityEngine.GameObject)
[09:25:57] Enemy 2: Drew 1 cards
[09:25:57] Turns: 1
[09:25:57] Top card: Red_5(Clone) (UnityEngine.GameObject)
[09:25:57] Top card: Red_5(Clone) (CardProperties)
[09:25:57] Enemy 1: CardW4(Clone) (UnityEngine.GameObject) (Card 0) did not match
[09:25:57] Enemy 1: Green_9(Clone) (UnityEngine.GameObject) (Card 1) did not match
[09:25:57] Enemy 1: Green_D(Clone) (UnityEngine.GameObject) (Card 2) did not match
[09:25:57] Enemy 1: Played Red_D(Clone) (UnityEngine.GameObject) (Card 3)
[09:25:57] Removed null
[09:25:57] Turns: 0
[09:25:57] Player: Played Red_5
[09:25:57] Removed Red_4(Clone) (UnityEngine.GameObject)
[09:25:57] Made it this far (TurnManager)
[09:25:57] Turns: 3
[09:25:57] Turns: 3
[09:25:57] Top card: Red_5(Clone) (UnityEngine.GameObject)
[09:25:57] Top card: Red_5(Clone) (CardProperties)
[09:25:57] Enemy 3: CardW4(Clone) (UnityEngine.GameObject) (Card 0) did not match
[09:25:57] Enemy 3: CardW4(Clone) (UnityEngine.GameObject) (Card 1) did not match
[09:25:57] Enemy 3: Green_4(Clone) (UnityEngine.GameObject) (Card 2) did not match
[09:25:57] Enemy 3: Green_4(Clone) (UnityEngine.GameObject) (Card 3) did not match
[09:25:57] Enemy 3: CardW(Clone) (UnityEngine.GameObject) (Card 4) did not match
[09:25:57] Enemy 3: Played Red_2(Clone) (UnityEngine.GameObject) (Card 5)
[09:25:57] Removed Red_5(Clone) (UnityEngine.GameObject)
[09:25:57] Turns: 2
[09:25:57] Top card: Red_2(Clone) (UnityEngine.GameObject)
[09:25:57] Top card: Red_2(Clone) (CardProperties)
[09:25:57] Enemy 2: CardW(Clone) (UnityEngine.GameObject) (Card 0) did not match
[09:25:57] Enemy 2: Green_7(Clone) (UnityEngine.GameObject) (Card 1) did not match
[09:25:57] Enemy 2: CardW(Clone) (UnityEngine.GameObject) (Card 2) did not match
[09:25:57] Enemy 2: Green_3(Clone) (UnityEngine.GameObject) (Card 3) did not match
[09:25:57] Enemy 2: Yellow_3(Clone) (UnityEngine.GameObject) (Card 4) did not match
[09:25:57] Enemy 2: CardW4(Clone) (UnityEngine.GameObject) (Card 5) did not match
[09:25:57] Enemy 2: Yellow_4(Clone) (UnityEngine.GameObject) (Card 6) did not match
[09:25:57] HasFoundMatch = False
[09:25:57] Top Deck Card:Blue_S(Clone) (UnityEngine.GameObject)
[09:25:57] Enemy 2: Drew Blue_S(Clone) (UnityEngine.GameObject)
[09:25:57] Enemy 2: Drew 1 cards
[09:25:57] Turns: 1
[09:25:57] Top card: Red_2(Clone) (UnityEngine.GameObject)
[09:25:57] Top card: Red_2(Clone) (CardProperties)
[09:25:57] Enemy 1: CardW4(Clone) (UnityEngine.GameObject) (Card 0) did not match
[09:25:57] Enemy 1: Green_9(Clone) (UnityEngine.GameObject) (Card 1) did not match
[09:25:57] Enemy 1: Green_D(Clone) (UnityEngine.GameObject) (Card 2) did not match
[09:25:57] Enemy 1: Played Red_7(Clone) (UnityEngine.GameObject) (Card 3)
[09:25:57] Removed null
[09:25:57] Turns: 0
[09:25:57] Player: Played Red_D
[09:25:57] Removed null
[09:25:57] Made it this far (TurnManager)
[09:25:57] Top Deck Card:Yellow_5(Clone) (UnityEngine.GameObject)
[09:25:57] Player: Drew Yellow_5(Clone) (UnityEngine.GameObject)
[09:25:57] Top Deck Card:Green_S(Clone) (UnityEngine.GameObject)
[09:25:57] Player: Drew Green_S(Clone) (UnityEngine.GameObject)
[09:25:57] Player: Drew 2 cards
[09:25:57] Turns: 3
[09:25:57] Turns: 3
[09:25:57] Top card: Red_D(Clone) (UnityEngine.GameObject)
[09:25:57] Top Deck Card:Yellow_1(Clone) (UnityEngine.GameObject)
[09:25:57] Enemy 3: Drew Yellow_1(Clone) (UnityEngine.GameObject)
[09:25:57] Top Deck Card:Green_9(Clone) (UnityEngine.GameObject)
[09:25:57] Enemy 3: Drew Green_9(Clone) (UnityEngine.GameObject)
[09:25:57] Enemy 3: Drew 2 cards
[09:25:57] Skipped Enemy 3
[09:25:57] Player: Played Red_7
[09:25:57] Removed Red_D(Clone) (UnityEngine.GameObject)
[09:25:57] Made it this far (TurnManager)
[09:25:57] Turns: 3
[09:25:57] Turns: 3
[09:25:57] Top card: Red_7(Clone) (UnityEngine.GameObject)
[09:25:57] Top card: Red_7(Clone) (CardProperties)
[09:25:57] Enemy 3: CardW4(Clone) (UnityEngine.GameObject) (Card 0) did not match
[09:25:57] Enemy 3: CardW4(Clone) (UnityEngine.GameObject) (Card 1) did not match
[09:25:57] Enemy 3: Green_4(Clone) (UnityEngine.GameObject) (Card 2) did not match
[09:25:57] Enemy 3: Green_4(Clone) (UnityEngine.GameObject) (Card 3) did not match
[09:25:57] Enemy 3: CardW(Clone) (UnityEngine.GameObject) (Card 4) did not match
[09:25:57] Enemy 3: Played Red_3(Clone) (UnityEngine.GameObject) (Card 5)
[09:25:57] Removed null
[09:25:57] Turns: 2
[09:25:57] Top card: Red_3(Clone) (UnityEngine.GameObject)
[09:25:57] Top card: Red_3(Clone) (CardProperties)
[09:25:57] Enemy 2: CardW(Clone) (UnityEngine.GameObject) (Card 0) did not match
[09:25:57] Enemy 2: Green_7(Clone) (UnityEngine.GameObject) (Card 1) did not match
[09:25:57] Enemy 2: CardW(Clone) (UnityEngine.GameObject) (Card 2) did not match
[09:25:57] Enemy 2: Played Green_3(Clone) (UnityEngine.GameObject) (Card 3)
[09:25:57] Removed Red_2(Clone) (UnityEngine.GameObject)
[09:25:57] Turns: 1
[09:25:57] Top card: Green_3(Clone) (UnityEngine.GameObject)
[09:25:57] Top card: Green_3(Clone) (CardProperties)
[09:25:57] Enemy 1: CardW4(Clone) (UnityEngine.GameObject) (Card 0) did not match
[09:25:57] Enemy 1: Played Green_9(Clone) (UnityEngine.GameObject) (Card 1)
[09:25:57] Removed Red_7(Clone) (UnityEngine.GameObject)
[09:25:57] Turns: 0
[09:25:57] Player: Played Green_9
[09:25:57] Removed null
[09:25:57] Made it this far (TurnManager)
[09:25:57] Turns: 3
[09:25:57] Turns: 3
[09:25:57] Top card: Green_9(Clone) (UnityEngine.GameObject)
[09:25:57] Top card: Green_9(Clone) (CardProperties)
[09:25:57] Enemy 3: CardW4(Clone) (UnityEngine.GameObject) (Card 0) did not match
[09:25:57] Enemy 3: CardW4(Clone) (UnityEngine.GameObject) (Card 1) did not match
[09:25:57] Enemy 3: Played Green_4(Clone) (UnityEngine.GameObject) (Card 2)
[09:25:57] Removed null
[09:25:57] Turns: 2
[09:25:57] Top card: Green_4(Clone) (UnityEngine.GameObject)
[09:25:57] Top card: Green_4(Clone) (CardProperties)
[09:25:57] Enemy 2: CardW(Clone) (UnityEngine.GameObject) (Card 0) did not match
[09:25:57] Enemy 2: Played Green_7(Clone) (UnityEngine.GameObject) (Card 1)
[09:25:57] Removed Red_3(Clone) (UnityEngine.GameObject)
[09:25:57] Turns: 1
[09:25:57] Top card: Green_7(Clone) (UnityEngine.GameObject)
[09:25:57] Top card: Green_7(Clone) (CardProperties)
[09:25:57] Enemy 1: CardW4(Clone) (UnityEngine.GameObject) (Card 0) did not match
[09:25:57] Enemy 1: Played Green_D(Clone) (UnityEngine.GameObject) (Card 1)
[09:25:57] Removed Green_3(Clone) (UnityEngine.GameObject)
[09:25:57] Turns: 0
[09:25:57] Player: Played Green_9
[09:25:57] Removed Green_9(Clone) (UnityEngine.GameObject)
[09:25:57] Made it this far (TurnManager)
[09:25:57] Turns: 3
[09:25:57] Turns: 3
[09:25:57] Top card: Green_9(Clone) (UnityEngine.GameObject)
[09:25:57] Top card: Green_9(Clone) (CardProperties)
[09:25:57] Enemy 3: CardW4(Clone) (UnityEngine.GameObject) (Card 0) did not match
[09:25:57] Enemy 3: CardW4(Clone) (UnityEngine.GameObject) (Card 1) did not match
[09:25:57] Enemy 3: Played Green_4(Clone) (UnityEngine.GameObject) (Card 2)
[09:25:57] Removed Green_9(Clone) (UnityEngine.GameObject)
[09:25:57] Turns: 2
[09:25:57] Top card: Green_4(Clone) (UnityEngine.GameObject)
[09:25:57] Top card: Green_4(Clone) (CardProperties)
[09:25:57] Enemy 2: CardW(Clone) (UnityEngine.GameObject) (Card 0) did not match
[09:25:57] Enemy 2: CardW(Clone) (UnityEngine.GameObject) (Card 1) did not match
[09:25:57] Enemy 2: Yellow_3(Clone) (UnityEngine.GameObject) (Card 2) did not match
[09:25:57] Enemy 2: CardW4(Clone) (UnityEngine.GameObject) (Card 3) did not match
[09:25:57] Enemy 2: Played Yellow_4(Clone) (UnityEngine.GameObject) (Card 4)
[09:25:57] Removed Green_4(Clone) (UnityEngine.GameObject)
[09:25:57] Turns: 1
[09:25:57] Top card: Yellow_4(Clone) (UnityEngine.GameObject)
[09:25:57] Top card: Yellow_4(Clone) (CardProperties)
[09:25:57] Enemy 1: CardW4(Clone) (UnityEngine.GameObject) (Card 0) did not match
[09:25:57] Enemy 1: Green_5(Clone) (UnityEngine.GameObject) (Card 1) did not match
[09:25:57] Enemy 1: Red_7(Clone) (UnityEngine.GameObject) (Card 2) did not match
[09:25:57] Enemy 1: CardW(Clone) (UnityEngine.GameObject) (Card 3) did not match
[09:25:57] HasFoundMatch = False
[09:25:57] Top Deck Card:Red_D(Clone) (UnityEngine.GameObject)
[09:25:57] Enemy 1: Drew Red_D(Clone) (UnityEngine.GameObject)
[09:25:57] Enemy 1: Drew 1 cards
[09:25:57] Turns: 0
[09:25:57] Player: Played Green_D
[09:25:57] Removed Green_7(Clone) (UnityEngine.GameObject)
[09:25:57] Made it this far (TurnManager)
[09:25:57] Top Deck Card:Blue_S(Clone) (UnityEngine.GameObject)
[09:25:57] Player: Drew Blue_S(Clone) (UnityEngine.GameObject)
[09:25:57] Top Deck Card:Red_4(Clone) (UnityEngine.GameObject)
[09:25:57] Player: Drew Red_4(Clone) (UnityEngine.GameObject)
[09:25:57] Player: Drew 2 cards
[09:25:57] Turns: 3
[09:25:57] Turns: 3
[09:25:57] Top card: Green_D(Clone) (UnityEngine.GameObject)
[09:25:57] Top Deck Card:Red_9(Clone) (UnityEngine.GameObject)
[09:25:57] Enemy 3: Drew Red_9(Clone) (UnityEngine.GameObject)
[09:25:57] Top Deck Card:Red_1(Clone) (UnityEngine.GameObject)
[09:25:57] Enemy 3: Drew Red_1(Clone) (UnityEngine.GameObject)
[09:25:57] Enemy 3: Drew 2 cards
[09:25:57] Skipped Enemy 3
[09:25:57] Player: Played Yellow_4
[09:25:57] Removed Green_D(Clone) (UnityEngine.GameObject)
[09:25:57] Made it this far (TurnManager)
[09:25:57] Turns: 3
[09:25:57] Turns: 3
[09:25:57] Top card: Yellow_4(Clone) (UnityEngine.GameObject)
[09:25:57] Top card: Yellow_4(Clone) (CardProperties)
[09:25:57] Enemy 3: CardW4(Clone) (UnityEngine.GameObject) (Card 0) did not match
[09:25:57] Enemy 3: CardW4(Clone) (UnityEngine.GameObject) (Card 1) did not match
[09:25:57] Enemy 3: CardW(Clone) (UnityEngine.GameObject) (Card 2) did not match
[09:25:57] Enemy 3: Green_8(Clone) (UnityEngine.GameObject) (Card 3) did not match
[09:25:57] Enemy 3: Red_8(Clone) (UnityEngine.GameObject) (Card 4) did not match
[09:25:57] Enemy 3: Red_R(Clone) (UnityEngine.GameObject) (Card 5) did not match
[09:25:57] Enemy 3: CardW4(Clone) (UnityEngine.GameObject) (Card 6) did not match
[09:25:57] Enemy 3: CardW4(Clone) (UnityEngine.GameObject) (Card 7) did not match
[09:25:57] Enemy 3: Played Yellow_1(Clone) (UnityEngine.GameObject) (Card 8)
[09:25:57] Removed null
[09:25:57] Turns: 2
[09:25:57] Top card: Yellow_1(Clone) (UnityEngine.GameObject)
[09:25:57] Top card: Yellow_1(Clone) (CardProperties)
[09:25:57] Enemy 2: CardW(Clone) (UnityEngine.GameObject) (Card 0) did not match
[09:25:57] Enemy 2: CardW(Clone) (UnityEngine.GameObject) (Card 1) did not match
[09:25:57] Enemy 2: Played Yellow_3(Clone) (UnityEngine.GameObject) (Card 2)
[09:25:57] Removed Green_4(Clone) (UnityEngine.GameObject)
[09:25:57] Turns: 1
[09:25:57] Top card: Yellow_3(Clone) (UnityEngine.GameObject)
[09:25:57] Top card: Yellow_3(Clone) (CardProperties)
[09:25:57] Enemy 1: CardW4(Clone) (UnityEngine.GameObject) (Card 0) did not match
[09:25:57] Enemy 1: Green_5(Clone) (UnityEngine.GameObject) (Card 1) did not match
[09:25:57] Enemy 1: Red_7(Clone) (UnityEngine.GameObject) (Card 2) did not match
[09:25:57] Enemy 1: CardW(Clone) (UnityEngine.GameObject) (Card 3) did not match
[09:25:57] Enemy 1: Red_D(Clone) (UnityEngine.GameObject) (Card 4) did not match
[09:25:57] HasFoundMatch = False
[09:25:57] Top Deck Card:CardW4(Clone) (UnityEngine.GameObject)
[09:25:57] Enemy 1: Drew CardW4(Clone) (UnityEngine.GameObject)
[09:25:57] Enemy 1: Drew 1 cards
[09:25:57] Turns: 0
[09:25:57] Player: Played Yellow_4
[09:25:57] Removed Yellow_4(Clone) (UnityEngine.GameObject)
[09:25:57] Made it this far (TurnManager)
[09:25:57] Turns: 3
[09:25:57] Turns: 3
[09:25:57] Top card: Yellow_4(Clone) (UnityEngine.GameObject)
[09:25:57] Top card: Yellow_4(Clone) (CardProperties)
[09:25:57] Enemy 3: CardW4(Clone) (UnityEngine.GameObject) (Card 0) did not match
[09:25:57] Enemy 3: CardW4(Clone) (UnityEngine.GameObject) (Card 1) did not match
[09:25:57] Enemy 3: CardW(Clone) (UnityEngine.GameObject) (Card 2) did not match
[09:25:57] Enemy 3: Green_8(Clone) (UnityEngine.GameObject) (Card 3) did not match
[09:25:57] Enemy 3: Red_8(Clone) (UnityEngine.GameObject) (Card 4) did not match
[09:25:57] Enemy 3: Red_R(Clone) (UnityEngine.GameObject) (Card 5) did not match
[09:25:57] Enemy 3: CardW4(Clone) (UnityEngine.GameObject) (Card 6) did not match
[09:25:57] Enemy 3: CardW4(Clone) (UnityEngine.GameObject) (Card 7) did not match
[09:25:57] Enemy 3: Green_9(Clone) (UnityEngine.GameObject) (Card 8) did not match
[09:25:57] Enemy 3: Red_9(Clone) (UnityEngine.GameObject) (Card 9) did not match
[09:25:57] Enemy 3: Red_1(Clone) (UnityEngine.GameObject) (Card 10) did not match
[09:25:57] HasFoundMatch = False
[09:25:57] Top Deck Card:Blue_4(Clone) (UnityEngine.GameObject)
[09:25:57] Enemy 3: Drew Blue_4(Clone) (UnityEngine.GameObject)
[09:25:57] Enemy 3: Drew 1 cards
[09:25:57] Turns: 2
[09:25:57] Player: Played Yellow_3
[09:25:57] Removed null
[09:25:57] Turns: 2
[09:25:57] Top card: Yellow_3(Clone) (UnityEngine.GameObject)
[09:25:57] Top card: Yellow_3(Clone) (CardProperties)
[09:25:57] Enemy 2: CardW(Clone) (UnityEngine.GameObject) (Card 0) did not match
[09:25:57] Enemy 2: CardW(Clone) (UnityEngine.GameObject) (Card 1) did not match
[09:25:57] Enemy 2: CardW4(Clone) (UnityEngine.GameObject) (Card 2) did not match
[09:25:57] Enemy 2: Blue_S(Clone) (UnityEngine.GameObject) (Card 3) did not match
[09:25:57] HasFoundMatch = False
[09:25:57] Top Deck Card:Red_0(Clone) (UnityEngine.GameObject)
[09:25:57] Enemy 2: Drew Red_0(Clone) (UnityEngine.GameObject)
[09:25:57] Enemy 2: Drew 1 cards
[09:25:57] Turns: 1
[09:25:57] Top card: Yellow_3(Clone) (UnityEngine.GameObject)
[09:25:57] Top card: Yellow_3(Clone) (CardProperties)
[09:25:57] Enemy 1: CardW4(Clone) (UnityEngine.GameObject) (Card 0) did not match
[09:25:57] Enemy 1: Green_5(Clone) (UnityEngine.GameObject) (Card 1) did not match
[09:25:57] Enemy 1: Red_7(Clone) (UnityEngine.GameObject) (Card 2) did not match
[09:25:57] Enemy 1: CardW(Clone) (UnityEngine.GameObject) (Card 3) did not match
[09:25:57] Enemy 1: Red_D(Clone) (UnityEngine.GameObject) (Card 4) did not match
[09:25:57] Enemy 1: CardW4(Clone) (UnityEngine.GameObject) (Card 5) did not match
[09:25:57] HasFoundMatch = False
[09:25:57] Top Deck Card:Blue_R(Clone) (UnityEngine.GameObject)
[09:25:57] Enemy 1: Drew Blue_R(Clone) (UnityEngine.GameObject)
[09:25:57] Enemy 1: Drew 1 cards
[09:25:57] Turns: 0
[09:25:57] Player: Played Yellow_3
[09:25:57] Removed null
[09:25:57] Made it this far (TurnManager)
[09:25:57] Turns: 3
[09:25:57] Turns: 3
[09:25:57] Top card: Yellow_3(Clone) (UnityEngine.GameObject)
[09:25:57] Top card: Yellow_3(Clone) (CardProperties)
[09:25:57] Enemy 3: CardW4(Clone) (UnityEngine.GameObject) (Card 0) did not match
[09:25:57] Enemy 3: CardW4(Clone) (UnityEngine.GameObject) (Card 1) did not match
[09:25:57] Enemy 3: CardW(Clone) (UnityEngine.GameObject) (Card 2) did not match
[09:25:57] Enemy 3: Green_8(Clone) (UnityEngine.GameObject) (Card 3) did not match
[09:25:57] Enemy 3: Red_8(Clone) (UnityEngine.GameObject) (Card 4) did not match
[09:25:57] Enemy 3: Red_R(Clone) (UnityEngine.GameObject) (Card 5) did not match
[09:25:57] Enemy 3: CardW4(Clone) (UnityEngine.GameObject) (Card 6) did not match
[09:25:57] Enemy 3: CardW4(Clone) (UnityEngine.GameObject) (Card 7) did not match
[09:25:57] Enemy 3: Green_9(Clone) (UnityEngine.GameObject) (Card 8) did not match
[09:25:57] Enemy 3: Red_9(Clone) (UnityEngine.GameObject) (Card 9) did not match
[09:25:57] Enemy 3: Red_1(Clone) (UnityEngine.GameObject) (Card 10) did not match
[09:25:57] Enemy 3: Blue_4(Clone) (UnityEngine.GameObject) (Card 11) did not match
[09:25:57] HasFoundMatch = False
[09:25:57] Top Deck Card:Green_0(Clone) (UnityEngine.GameObject)
[09:25:57] Enemy 3: Drew Green_0(Clone) (UnityEngine.GameObject)
[09:25:57] Enemy 3: Drew 1 cards
[09:25:57] Turns: 2
[09:25:57] Top card: Yellow_3(Clone) (UnityEngine.GameObject)
[09:25:57] Top card: Yellow_3(Clone) (CardProperties)
[09:25:57] Enemy 2: CardW(Clone) (UnityEngine.GameObject) (Card 0) did not match
[09:25:57] Enemy 2: CardW(Clone) (UnityEngine.GameObject) (Card 1) did not match
[09:25:57] Enemy 2: CardW4(Clone) (UnityEngine.GameObject) (Card 2) did not match
[09:25:57] Enemy 2: Blue_S(Clone) (UnityEngine.GameObject) (Card 3) did not match
[09:25:57] Enemy 2: Red_0(Clone) (UnityEngine.GameObject) (Card 4) did not match
[09:25:57] HasFoundMatch = False
[09:25:57] Top Deck Card:Red_8(Clone) (UnityEngine.GameObject)
[09:25:57] Enemy 2: Drew Red_8(Clone) (UnityEngine.GameObject)
[09:25:57] Enemy 2: Drew 1 cards
[09:25:57] Turns: 1
[09:25:57] Top card: Yellow_3(Clone) (UnityEngine.GameObject)
[09:25:57] Top card: Yellow_3(Clone) (CardProperties)
[09:25:57] Enemy 1: CardW4(Clone) (UnityEngine.GameObject) (Card 0) did not match
[09:25:57] Enemy 1: Green_5(Clone) (UnityEngine.GameObject) (Card 1) did not match
[09:25:57] Enemy 1: Red_7(Clone) (UnityEngine.GameObject) (Card 2) did not match
[09:25:57] Enemy 1: CardW(Clone) (UnityEngine.GameObject) (Card 3) did not match
[09:25:57] Enemy 1: Red_D(Clone) (UnityEngine.GameObject) (Card 4) did not match
[09:25:57] Enemy 1: CardW4(Clone) (UnityEngine.GameObject) (Card 5) did not match
[09:25:57] Enemy 1: Blue_R(Clone) (UnityEngine.GameObject) (Card 6) did not match
[09:25:57] HasFoundMatch = False
[09:25:57] Top Deck Card:Green_8(Clone) (UnityEngine.GameObject)
[09:25:57] Enemy 1: Drew Green_8(Clone) (UnityEngine.GameObject)
[09:25:57] Enemy 1: Drew 1 cards
[09:25:57] Turns: 0
[09:25:57] Player: Played Yellow_3
[09:25:57] Removed Yellow_1(Clone) (UnityEngine.GameObject)
[09:25:57] Made it this far (TurnManager)
[09:25:57] Turns: 3
[09:25:57] Turns: 3
[09:25:57] Top card: Yellow_3(Clone) (UnityEngine.GameObject)
[09:25:57] Top card: Yellow_3(Clone) (CardProperties)
[09:25:57] Enemy 3: CardW4(Clone) (UnityEngine.GameObject) (Card 0) did not match
[09:25:57] Enemy 3: CardW4(Clone) (UnityEngine.GameObject) (Card 1) did not match
[09:25:57] Enemy 3: CardW(Clone) (UnityEngine.GameObject) (Card 2) did not match
[09:25:57] Enemy 3: Green_8(Clone) (UnityEngine.GameObject) (Card 3) did not match
[09:25:57] Enemy 3: Red_8(Clone) (UnityEngine.GameObject) (Card 4) did not match
[09:25:57] Enemy 3: Red_R(Clone) (UnityEngine.GameObject) (Card 5) did not match
[09:25:57] Enemy 3: CardW4(Clone) (UnityEngine.GameObject) (Card 6) did not match
[09:25:57] Enemy 3: CardW4(Clone) (UnityEngine.GameObject) (Card 7) did not match
[09:25:57] Enemy 3: Green_9(Clone) (UnityEngine.GameObject) (Card 8) did not match
[09:25:57] Enemy 3: Red_9(Clone) (UnityEngine.GameObject) (Card 9) did not match
[09:25:57] Enemy 3: Red_1(Clone) (UnityEngine.GameObject) (Card 10) did not match
[09:25:57] Enemy 3: Blue_4(Clone) (UnityEngine.GameObject) (Card 11) did not match
[09:25:57] Enemy 3: Green_0(Clone) (UnityEngine.GameObject) (Card 12) did not match
[09:25:57] HasFoundMatch = False
[09:25:57] Top Deck Card:Green_2(Clone) (UnityEngine.GameObject)
[09:25:57] Enemy 3: Drew Green_2(Clone) (UnityEngine.GameObject)
[09:25:57] Enemy 3: Drew 1 cards
[09:25:57] Turns: 2
[09:25:57] Top card: Yellow_3(Clone) (UnityEngine.GameObject)
[09:25:57] Top card: Yellow_3(Clone) (CardProperties)
[09:25:57] Enemy 2: CardW(Clone) (UnityEngine.GameObject) (Card 0) did not match
[09:25:57] Enemy 2: CardW(Clone) (UnityEngine.GameObject) (Card 1) did not match
[09:25:57] Enemy 2: CardW4(Clone) (UnityEngine.GameObject) (Card 2) did not match
[09:25:57] Enemy 2: Blue_S(Clone) (UnityEngine.GameObject) (Card 3) did not match
[09:25:57] Enemy 2: Red_0(Clone) (UnityEngine.GameObject) (Card 4) did not match
[09:25:57] Enemy 2: Red_8(Clone) (UnityEngine.GameObject) (Card 5) did not match
[09:25:57] HasFoundMatch = False
[09:25:57] Top Deck Card:Blue_R(Clone) (UnityEngine.GameObject)
[09:25:57] Enemy 2: Drew Blue_R(Clone) (UnityEngine.GameObject)
[09:25:57] Enemy 2: Drew 1 cards
[09:25:57] Turns: 1
[09:25:57] Top card: Yellow_3(Clone) (UnityEngine.GameObject)
[09:25:57] Top card: Yellow_3(Clone) (CardProperties)
[09:25:57] Enemy 1: CardW4(Clone) (UnityEngine.GameObject) (Card 0) did not match
[09:25:57] Enemy 1: Green_5(Clone) (UnityEngine.GameObject) (Card 1) did not match
[09:25:57] Enemy 1: Red_7(Clone) (UnityEngine.GameObject) (Card 2) did not match
[09:25:57] Enemy 1: CardW(Clone) (UnityEngine.GameObject) (Card 3) did not match
[09:25:57] Enemy 1: Red_D(Clone) (UnityEngine.GameObject) (Card 4) did not match
[09:25:57] Enemy 1: CardW4(Clone) (UnityEngine.GameObject) (Card 5) did not match
[09:25:57] Enemy 1: Blue_R(Clone) (UnityEngine.GameObject) (Card 6) did not match
[09:25:57] Enemy 1: Green_8(Clone) (UnityEngine.GameObject) (Card 7) did not match
[09:25:57] HasFoundMatch = False
[09:25:57] Top Deck Card:Blue_2(Clone) (UnityEngine.GameObject)
[09:25:57] Enemy 1: Drew Blue_2(Clone) (UnityEngine.GameObject)
[09:25:57] Enemy 1: Drew 1 cards
[09:25:57] Turns: 0
[09:25:57] Player: Played Yellow_3
[09:25:57] Removed Yellow_3(Clone) (UnityEngine.GameObject)
[09:25:57] Made it this far (TurnManager)
[09:25:57] Turns: 3
[09:25:57] Turns: 3
[09:25:57] Top card: Yellow_3(Clone) (UnityEngine.GameObject)
[09:25:57] Top card: Yellow_3(Clone) (CardProperties)
[09:25:57] Enemy 3: CardW4(Clone) (UnityEngine.GameObject) (Card 0) did not match
[09:25:57] Enemy 3: CardW4(Clone) (UnityEngine.GameObject) (Card 1) did not match
[09:25:57] Enemy 3: CardW(Clone) (UnityEngine.GameObject) (Card 2) did not match
[09:25:57] Enemy 3: Green_8(Clone) (UnityEngine.GameObject) (Card 3) did not match
[09:25:57] Enemy 3: Red_8(Clone) (UnityEngine.GameObject) (Card 4) did not match
[09:25:57] Enemy 3: Red_R(Clone) (UnityEngine.GameObject) (Card 5) did not match
[09:25:57] Enemy 3: CardW4(Clone) (UnityEngine.GameObject) (Card 6) did not match
[09:25:57] Enemy 3: CardW4(Clone) (UnityEngine.GameObject) (Card 7) did not match
[09:25:57] Enemy 3: Green_9(Clone) (UnityEngine.GameObject) (Card 8) did not match
[09:25:57] Enemy 3: Red_9(Clone) (UnityEngine.GameObject) (Card 9) did not match
[09:25:57] Enemy 3: Red_1(Clone) (UnityEngine.GameObject) (Card 10) did not match
[09:25:57] Enemy 3: Blue_4(Clone) (UnityEngine.GameObject) (Card 11) did not match
[09:25:57] Enemy 3: Green_0(Clone) (UnityEngine.GameObject) (Card 12) did not match
[09:25:57] Enemy 3: Green_2(Clone) (UnityEngine.GameObject) (Card 13) did not match
[09:25:57] HasFoundMatch = False
[09:25:57] Top Deck Card:Red_6(Clone) (UnityEngine.GameObject)
[09:25:57] Enemy 3: Drew Red_6(Clone) (UnityEngine.GameObject)
[09:25:57] Enemy 3: Drew 1 cards
[09:25:57] Turns: 2
