[02:45:57] Top card: 
[02:45:57] Delt cards
[02:45:57] Top card: Blue_S(Clone) (UnityEngine.GameObject)
[02:45:57] Top card: Blue_S(Clone) (UnityEngine.GameObject)
[02:45:57] Top card: Blue_S(Clone) (UnityEngine.GameObject)
[02:45:57] Top card: Blue_S(Clone) (UnityEngine.GameObject)
[02:45:57] Top card: Blue_S(Clone) (UnityEngine.GameObject)
[02:45:57] Top card: Blue_S(Clone) (UnityEngine.GameObject)
[02:45:57] Top card: Blue_S(Clone) (UnityEngine.GameObject)
[02:45:57] Top card: Blue_S(Clone) (UnityEngine.GameObject)
[02:45:57] Top card: Blue_S(Clone) (UnityEngine.GameObject)
[02:45:57] Top card: Blue_S(Clone) (UnityEngine.GameObject)
[02:45:57] Top card: Blue_S(Clone) (UnityEngine.GameObject)
[02:45:57] Top card: Blue_S(Clone) (UnityEngine.GameObject)
[02:45:57] Top card: Blue_S(Clone) (UnityEngine.GameObject)
[02:45:57] Top card: Blue_S(Clone) (UnityEngine.GameObject)
[02:45:57] Top card: Blue_S(Clone) (UnityEngine.GameObject)
[02:45:57] Top card: Blue_S(Clone) (UnityEngine.GameObject)
[02:45:57] Top card: Blue_S(Clone) (UnityEngine.GameObject)
[02:45:57] Top card: Blue_S(Clone) (UnityEngine.GameObject)
[02:45:57] Top card: Blue_S(Clone) (UnityEngine.GameObject)
[02:45:57] Top card: Blue_S(Clone) (UnityEngine.GameObject)
[02:45:57] Top card: Blue_S(Clone) (UnityEngine.GameObject)
[02:45:57] Top card: Blue_S(Clone) (UnityEngine.GameObject)
[02:45:57] Top card: Blue_S(Clone) (UnityEngine.GameObject)
[02:45:57] Top card: Blue_S(Clone) (UnityEngine.GameObject)
[02:45:57] Top card: Blue_S(Clone) (UnityEngine.GameObject)
[02:45:57] Top card: Blue_S(Clone) (UnityEngine.GameObject)
[02:45:57] Top card: Blue_S(Clone) (UnityEngine.GameObject)
[02:45:57] Top card: Blue_S(Clone) (UnityEngine.GameObject)
[02:45:57] Turns: 1
[02:45:57] Player: Played Blue_6(Clone) (UnityEngine.GameObject)
[02:45:57] Turns: 1
[02:45:57] DiscardCounter: 1
[02:45:57] Top card: Blue_6(Clone) (UnityEngine.GameObject)
[02:45:57] Top card: Blue_6(Clone) (UnityEngine.GameObject)
[02:45:57] Enemy 1: Red_0(Clone) (UnityEngine.GameObject) (Card 0) did not match
[02:45:57] Enemy 1: Yellow_D(Clone) (UnityEngine.GameObject) (Card 1) did not match
[02:45:57] Enemy 1: Played Green_6(Clone) (UnityEngine.GameObject) (Card 2)
[02:45:57] Turns: 2
[02:45:57] Top card: Green_6(Clone) (UnityEngine.GameObject)
[02:45:57] Top card: Green_6(Clone) (UnityEngine.GameObject)
[02:45:57] Enemy 2: Blue_3(Clone) (UnityEngine.GameObject) (Card 0) did not match
[02:45:57] Enemy 2: Red_8(Clone) (UnityEngine.GameObject) (Card 1) did not match
[02:45:57] Enemy 2: Red_5(Clone) (UnityEngine.GameObject) (Card 2) did not match
[02:45:57] Enemy 2: CardW4(Clone) (UnityEngine.GameObject) (Card 3) did not match
[02:45:57] Enemy 2: Red_7(Clone) (UnityEngine.GameObject) (Card 4) did not match
[02:45:57] Enemy 2: Red_R(Clone) (UnityEngine.GameObject) (Card 5) did not match
[02:45:57] Top Deck Card:Green_2(Clone) (UnityEngine.GameObject)
[02:45:57] Enemy 2: Drew Green_2(Clone) (UnityEngine.GameObject)
[02:45:57] Enemy 2: Drew 1 cards
[02:45:57] Enemy 2: Does not have a match
[02:45:57] Top card: Green_6(Clone) (UnityEngine.GameObject)
[02:45:57] Enemy 2: Blue_3(Clone) (UnityEngine.GameObject) (Card 0) did not match
[02:45:57] Enemy 2: Red_8(Clone) (UnityEngine.GameObject) (Card 1) did not match
[02:45:57] Enemy 2: Red_5(Clone) (UnityEngine.GameObject) (Card 2) did not match
[02:45:57] Enemy 2: CardW4(Clone) (UnityEngine.GameObject) (Card 3) did not match
[02:45:57] Enemy 2: Red_7(Clone) (UnityEngine.GameObject) (Card 4) did not match
[02:45:57] Enemy 2: Red_R(Clone) (UnityEngine.GameObject) (Card 5) did not match
[02:45:57] Enemy 2: Blue_S(Clone) (UnityEngine.GameObject) (Card 6) did not match
[02:45:57] Enemy 2: Played Green_2(Clone) (UnityEngine.GameObject) (Card 7)
[02:45:57] Turns: 3
[02:45:57] Turns: 4
[09:24:40] Top card: 
