[11:44:52] Player received: Yellow_R(Clone)
[11:44:52] Enemy1 received: Green_6(Clone)
[11:44:52] Enemy2 received: Blue_D(Clone)
[11:44:52] Enemy3 received: Yellow_8(Clone)
[11:44:52] Player received: Blue_7(Clone)
[11:44:52] Enemy1 received: Yellow_D(Clone)
[11:44:52] Enemy2 received: Red_6(Clone)
[11:44:52] Enemy3 received: Yellow_S(Clone)
[11:44:52] Player received: Yellow_7(Clone)
[11:44:52] Enemy1 received: Blue_0(Clone)
[11:44:52] Enemy2 received: Blue_S(Clone)
[11:44:52] Enemy3 received: Green_8(Clone)
[11:44:52] Player received: Green_S(Clone)
[11:44:52] Enemy1 received: Yellow_9(Clone)
[11:44:52] Enemy2 received: Green_1(Clone)
[11:44:52] Enemy3 received: Yellow_6(Clone)
[11:44:52] Player received: Red_8(Clone)
[11:44:52] Enemy1 received: Green_5(Clone)
[11:44:52] Enemy2 received: Green_2(Clone)
[11:44:52] Enemy3 received: Red_4(Clone)
[11:44:52] Player received: Blue_D(Clone)
[11:44:52] Enemy1 received: CardW(Clone)
[11:44:52] Enemy2 received: Yellow_3(Clone)
[11:44:52] Enemy3 received: Green_D(Clone)
[11:44:52] Player received: Green_8(Clone)
[11:44:52] Enemy1 received: Blue_R(Clone)
[11:44:52] Enemy2 received: Blue_3(Clone)
[11:44:52] Enemy3 received: Red_1(Clone)
[11:44:52] DiscardPile received: Blue_S(Clone)
[11:44:52] Hello from PlayerManager.Skip
[11:44:52] Dealt cards
[11:44:52] Turns: 1
[11:44:52] Top card: Blue_S(Clone) (UnityEngine.GameObject)
[11:44:52] Blue_0(Clone) (UnityEngine.GameObject) was added to PlayableCards
[11:44:52] CardW(Clone) (UnityEngine.GameObject) was added to PlayableCards
[11:44:52] Blue_R(Clone) (UnityEngine.GameObject) was added to PlayableCards
[11:44:52] Enemy 1: Played Blue_R(Clone)
[11:44:52] HasPlayableCard = true
[11:44:52] Turns: 0
[11:44:52] Player: Played Blue_7
[11:44:52] Turns: 3
[11:44:52] Top card: Blue_7(Clone) (UnityEngine.GameObject)
[11:44:52] HasPlayableCard = false
[11:44:52] Top Deck Card:Red_4(Clone) (UnityEngine.GameObject)
[11:44:52] Enemy 3: Drew Red_4(Clone) (UnityEngine.GameObject)
[11:44:52] Enemy 3: Drew 1 cards
[11:44:52] Turns: 2
[11:44:52] Top card: Blue_7(Clone) (UnityEngine.GameObject)
[11:44:52] Blue_D(Clone) (UnityEngine.GameObject) was added to PlayableCards
[11:44:52] Blue_S(Clone) (UnityEngine.GameObject) was added to PlayableCards
[11:44:52] Blue_3(Clone) (UnityEngine.GameObject) was added to PlayableCards
[11:44:52] Enemy 2: Played Blue_D(Clone)
[11:44:52] HasPlayableCard = true
[11:44:52] Turns: 1
[11:44:52] Top card: Blue_D(Clone) (UnityEngine.GameObject)
[11:44:52] Top Deck Card:Blue_4(Clone) (UnityEngine.GameObject)
[11:44:52] Enemy 1: Drew Blue_4(Clone) (UnityEngine.GameObject)
[11:44:52] Top Deck Card:Red_3(Clone) (UnityEngine.GameObject)
[11:44:52] Enemy 1: Drew Red_3(Clone) (UnityEngine.GameObject)
[11:44:52] Enemy 1: Drew 2 cards
[11:44:52] Turns: 0
[11:44:52] Player: Played Blue_D
[11:44:52] Turns: 3
[11:44:52] Top card: Blue_D(Clone) (UnityEngine.GameObject)
[11:44:52] Top Deck Card:Green_0(Clone) (UnityEngine.GameObject)
[11:44:52] Enemy 3: Drew Green_0(Clone) (UnityEngine.GameObject)
[11:44:52] Top Deck Card:Red_2(Clone) (UnityEngine.GameObject)
[11:44:52] Enemy 3: Drew Red_2(Clone) (UnityEngine.GameObject)
[11:44:52] Enemy 3: Drew 2 cards
[11:44:52] Turns: 2
[11:44:52] Top card: Blue_D(Clone) (UnityEngine.GameObject)
[11:44:52] Blue_S(Clone) (UnityEngine.GameObject) was added to PlayableCards
[11:44:52] Blue_3(Clone) (UnityEngine.GameObject) was added to PlayableCards
[11:44:52] Enemy 2: Played Blue_S(Clone)
[11:44:52] HasPlayableCard = true
[11:44:52] Turns: 1
[11:44:52] Top card: Blue_S(Clone) (UnityEngine.GameObject)
[11:44:52] Turns: 0
[11:44:52] Player: Played Green_S
[11:44:52] Turns: 3
[11:44:52] Top card: Green_S(Clone) (UnityEngine.GameObject)
[11:44:52] Turns: 2
[11:44:52] Top card: Green_S(Clone) (UnityEngine.GameObject)
[11:44:52] Green_1(Clone) (UnityEngine.GameObject) was added to PlayableCards
[11:44:52] Green_2(Clone) (UnityEngine.GameObject) was added to PlayableCards
[11:44:52] Enemy 2: Played Green_1(Clone)
[11:44:52] HasPlayableCard = true
[11:44:52] Turns: 1
[11:44:52] Top card: Green_1(Clone) (UnityEngine.GameObject)
[11:44:52] Green_6(Clone) (UnityEngine.GameObject) was added to PlayableCards
[11:44:52] Green_5(Clone) (UnityEngine.GameObject) was added to PlayableCards
[11:44:52] CardW(Clone) (UnityEngine.GameObject) was added to PlayableCards
[11:44:52] Enemy 1: Played Green_6(Clone)
[11:44:52] HasPlayableCard = true
[11:44:52] Turns: 0
[11:44:52] Player: Played Green_8
[11:44:52] Turns: 3
[11:44:52] Top card: Green_8(Clone) (UnityEngine.GameObject)
[11:44:52] Yellow_8(Clone) (UnityEngine.GameObject) was added to PlayableCards
[11:44:52] Green_8(Clone) (UnityEngine.GameObject) was added to PlayableCards
[11:44:52] Green_D(Clone) (UnityEngine.GameObject) was added to PlayableCards
[11:44:52] Green_0(Clone) (UnityEngine.GameObject) was added to PlayableCards
[11:44:52] Enemy 3: Played Green_D(Clone)
[11:44:52] HasPlayableCard = true
[11:44:52] Turns: 2
[11:44:52] Top card: Green_D(Clone) (UnityEngine.GameObject)
[11:44:52] Top Deck Card:Red_9(Clone) (UnityEngine.GameObject)
[11:44:52] Enemy 2: Drew Red_9(Clone) (UnityEngine.GameObject)
[11:44:52] Top Deck Card:Yellow_D(Clone) (UnityEngine.GameObject)
[11:44:52] Enemy 2: Drew Yellow_D(Clone) (UnityEngine.GameObject)
[11:44:52] Enemy 2: Drew 2 cards
[11:44:52] Turns: 1
[11:44:52] Top card: Green_D(Clone) (UnityEngine.GameObject)
[11:44:52] Yellow_D(Clone) (UnityEngine.GameObject) was added to PlayableCards
[11:44:52] Green_5(Clone) (UnityEngine.GameObject) was added to PlayableCards
[11:44:52] CardW(Clone) (UnityEngine.GameObject) was added to PlayableCards
[11:44:52] Enemy 1: Played Yellow_D(Clone)
[11:44:52] HasPlayableCard = true
[11:44:52] Turns: 0
[11:44:52] Hello from PlayerManager.Draw2
[11:44:52] Top Deck Card:Green_9(Clone) (UnityEngine.GameObject)
[11:44:52] Player: Drew Green_9(Clone) (UnityEngine.GameObject)
[11:44:52] Top Deck Card:CardW(Clone) (UnityEngine.GameObject)
[11:44:52] Player: Drew CardW(Clone) (UnityEngine.GameObject)
[11:44:52] Player: Drew 2 cards
[11:44:52] Turns: 3
[11:44:52] Top card: Yellow_D(Clone) (UnityEngine.GameObject)
[11:44:52] Yellow_8(Clone) (UnityEngine.GameObject) was added to PlayableCards
[11:44:52] Yellow_S(Clone) (UnityEngine.GameObject) was added to PlayableCards
[11:44:52] Yellow_6(Clone) (UnityEngine.GameObject) was added to PlayableCards
[11:44:52] Enemy 3: Played Yellow_S(Clone)
[11:44:52] HasPlayableCard = true
[11:44:52] Turns: 2
[11:44:52] Top card: Yellow_S(Clone) (UnityEngine.GameObject)
[11:44:52] Turns: 1
[11:44:52] Top card: Yellow_S(Clone) (UnityEngine.GameObject)
[11:44:52] Yellow_9(Clone) (UnityEngine.GameObject) was added to PlayableCards
[11:44:52] CardW(Clone) (UnityEngine.GameObject) was added to PlayableCards
[11:44:52] Enemy 1: Played Yellow_9(Clone)
[11:44:52] HasPlayableCard = true
[11:44:52] Turns: 0
[11:44:52] Player: Played Yellow_R
[11:44:52] Turns: 1
[11:44:52] Top card: Yellow_R(Clone) (UnityEngine.GameObject)
[11:44:52] CardW(Clone) (UnityEngine.GameObject) was added to PlayableCards
[11:44:52] Enemy 1: Played CardW(Clone)
[11:44:52] redCards: 1
[11:44:52] yellowCards: 0
[11:44:52] greenCards: 1
[11:44:52] blueCards: 2
[11:44:52] Largest number among 1, 0, 1 and 2 is 1
[11:44:52] wild color set to red
[11:44:52] HasPlayableCard = true
[11:44:52] Turns: 2
[11:44:52] Top card: CardW(Clone) (UnityEngine.GameObject)
[11:44:52] Red_6(Clone) (UnityEngine.GameObject) was added to PlayableCards
[11:44:52] Red_9(Clone) (UnityEngine.GameObject) was added to PlayableCards
[11:44:52] Enemy 2: Played Red_6(Clone)
[11:44:52] HasPlayableCard = true
[11:44:52] Turns: 3
[11:44:52] Top card: Red_6(Clone) (UnityEngine.GameObject)
[11:44:52] Yellow_6(Clone) (UnityEngine.GameObject) was added to PlayableCards
[11:44:52] Red_4(Clone) (UnityEngine.GameObject) was added to PlayableCards
[11:44:52] Red_1(Clone) (UnityEngine.GameObject) was added to PlayableCards
[11:44:52] Red_4(Clone) (UnityEngine.GameObject) was added to PlayableCards
[11:44:52] Red_2(Clone) (UnityEngine.GameObject) was added to PlayableCards
[11:44:52] Enemy 3: Played Yellow_6(Clone)
[11:44:52] HasPlayableCard = true
[11:44:52] Turns: 0
[11:44:52] Player: Played Yellow_7
[11:44:52] Turns: 1
[11:44:52] Top card: Yellow_7(Clone) (UnityEngine.GameObject)
[11:44:52] HasPlayableCard = false
[11:44:52] Top Deck Card:CardW4(Clone) (UnityEngine.GameObject)
[11:44:52] Enemy 1: Drew CardW4(Clone) (UnityEngine.GameObject)
[11:44:52] Enemy 1: Drew 1 cards
[11:44:52] Turns: 2
[11:44:52] Top card: Yellow_7(Clone) (UnityEngine.GameObject)
[11:44:52] Yellow_3(Clone) (UnityEngine.GameObject) was added to PlayableCards
[11:44:52] Yellow_D(Clone) (UnityEngine.GameObject) was added to PlayableCards
[11:44:52] Enemy 2: Played Yellow_D(Clone)
[11:44:52] HasPlayableCard = true
[11:44:52] Turns: 3
[11:44:52] Top card: Yellow_D(Clone) (UnityEngine.GameObject)
[11:44:52] Top Deck Card:Yellow_1(Clone) (UnityEngine.GameObject)
[11:44:52] Enemy 3: Drew Yellow_1(Clone) (UnityEngine.GameObject)
[11:44:52] Top Deck Card:Blue_1(Clone) (UnityEngine.GameObject)
[11:44:52] Enemy 3: Drew Blue_1(Clone) (UnityEngine.GameObject)
[11:44:52] Enemy 3: Drew 2 cards
[11:44:52] Turns: 0
