[06:59:22] Top card: 
[06:59:22] Delt cards
[06:59:22] Top card: 
[06:59:22] Top card: 
[06:59:22] Top card: 
[06:59:22] Top card: 
[06:59:22] Top card: 
[06:59:22] Top card: 
[06:59:22] Top card: 
[06:59:22] Top card: 
[06:59:22] Top card: 
[06:59:22] Top card: 
[06:59:22] Top card: 
[06:59:22] Top card: 
[06:59:22] Top card: 
[06:59:22] Top card: 
[06:59:22] Top card: 
[06:59:22] Top card: 
[06:59:22] Top card: 
[06:59:22] Top card: 
[06:59:22] Top card: 
[06:59:22] Top card: 
[06:59:22] Player: Played CardW(Clone) (UnityEngine.GameObject)
[06:59:22] Wild Menu shown
[06:59:22] Turns: 1
[06:59:22] Turns: 1
[06:59:22] Top card: CardW(Clone) (UnityEngine.GameObject)
[06:59:22] Top card: CardW(Clone) (UnityEngine.GameObject)
[06:59:22] Enemy 1: CardW4(Clone) (UnityEngine.GameObject) (Card 0) did not match
[06:59:22] Enemy 1: CardW4(Clone) (UnityEngine.GameObject) (Card 1) did not match
[06:59:22] Enemy 1: Played CardW(Clone) (UnityEngine.GameObject) (Card 2)
[06:59:22] Turns: 2
[06:59:22] Top card: CardW(Clone) (UnityEngine.GameObject)
[06:59:22] Top card: CardW(Clone) (UnityEngine.GameObject)
[06:59:22] Enemy 2: Played CardW(Clone) (UnityEngine.GameObject) (Card 0)
[06:59:22] Turns: 3
[06:59:22] Top card: CardW(Clone) (UnityEngine.GameObject)
[06:59:22] Top card: CardW(Clone) (UnityEngine.GameObject)
[06:59:22] Enemy 3: Played CardW(Clone) (UnityEngine.GameObject) (Card 0)
[06:59:22] Turns: 0
