[01:29:10] Player received: Blue_9(Clone)
[01:29:10] Enemy1 received: Green_D(Clone)
[01:29:10] Enemy2 received: Red_8(Clone)
[01:29:10] Enemy3 received: Green_3(Clone)
[01:29:10] Player received: CardW4(Clone)
[01:29:10] Enemy1 received: CardW(Clone)
[01:29:10] Enemy2 received: Blue_D(Clone)
[01:29:10] Enemy3 received: Blue_S(Clone)
[01:29:10] Player received: Green_1(Clone)
[01:29:10] Enemy1 received: Red_3(Clone)
[01:29:10] Enemy2 received: Green_9(Clone)
[01:29:10] Enemy3 received: Blue_3(Clone)
[01:29:10] Player received: Green_2(Clone)
[01:29:10] Enemy1 received: Yellow_R(Clone)
[01:29:10] Enemy2 received: Blue_5(Clone)
[01:29:10] Enemy3 received: Red_4(Clone)
[01:29:10] Player received: Blue_1(Clone)
[01:29:10] Enemy1 received: Yellow_5(Clone)
[01:29:10] Enemy2 received: Yellow_S(Clone)
[01:29:10] Enemy3 received: Yellow_R(Clone)
[01:29:10] Player received: CardW(Clone)
[01:29:10] Enemy1 received: Red_9(Clone)
[01:29:10] Enemy2 received: Green_9(Clone)
[01:29:10] Enemy3 received: Red_5(Clone)
[01:29:10] Player received: Yellow_D(Clone)
[01:29:10] Enemy1 received: CardW(Clone)
[01:29:10] Enemy2 received: Yellow_8(Clone)
[01:29:10] Enemy3 received: Green_7(Clone)
[01:29:10] DiscardPile received: Red_1(Clone)
[01:29:10] Dealt cards
[01:29:10] Player: Played Blue_1
[01:29:10] Turns: 1
[01:29:10] Top card: Blue_1(Clone) (UnityEngine.GameObject)
[01:29:10] CardW(Clone) (UnityEngine.GameObject) was added to PlayableCards
[01:29:10] CardW(Clone) (UnityEngine.GameObject) was added to PlayableCards
[01:29:10] Enemy 1: Played CardW(Clone)
[01:29:10] redCards: 2
[01:29:10] yellowCards: 2
[01:29:10] greenCards: 1
[01:29:10] blueCards: 0
[01:29:10] Largest number among 2, 2, 1 and 0 is 2
[01:29:10] wild color set to red
[01:29:10] Enemy 1: Played CardW(Clone)
[01:29:10] redCards: 2
[01:29:10] yellowCards: 2
[01:29:10] greenCards: 1
[01:29:10] blueCards: 0
[01:29:10] Largest number among 2, 2, 1 and 0 is 2
[01:29:10] wild color set to red
[01:29:10] HasPlayableCard = true
[01:29:10] Turns: 2
[01:29:10] Top card: CardW(Clone) (UnityEngine.GameObject)
[01:29:10] Red_8(Clone) (UnityEngine.GameObject) was added to PlayableCards
[01:29:10] Enemy 2: Played Red_8(Clone)
[01:29:10] HasPlayableCard = true
[01:29:10] Removed Red_1(Clone) (UnityEngine.GameObject)
[01:29:10] Turns: 3
[01:29:10] Top card: Red_8(Clone) (UnityEngine.GameObject)
[01:29:10] Red_4(Clone) (UnityEngine.GameObject) was added to PlayableCards
[01:29:10] Red_5(Clone) (UnityEngine.GameObject) was added to PlayableCards
[01:29:10] Enemy 3: Played Red_4(Clone)
[01:29:10] HasPlayableCard = true
[01:29:10] Removed Blue_1(Clone) (UnityEngine.GameObject)
[01:29:10] Turns: 0
[01:29:10] Wild Menu shown
[01:29:10] Player: Played CardW
[01:29:10] Removed CardW(Clone) (UnityEngine.GameObject)
[01:29:10] Player called Blue
[01:29:10] Wild Menu hidden
[01:29:10] Turns: 1
[01:29:10] Top card: CardW(Clone) (UnityEngine.GameObject)
[01:29:10] HasPlayableCard = false
[01:29:10] Top Deck Card:Green_4(Clone) (UnityEngine.GameObject)
[01:29:10] Enemy 1: Drew Green_4(Clone) (UnityEngine.GameObject)
[01:29:10] Enemy 1: Drew 1 cards
[01:29:10] Turns: 2
[01:29:10] Top card: CardW(Clone) (UnityEngine.GameObject)
[01:29:10] Blue_D(Clone) (UnityEngine.GameObject) was added to PlayableCards
[01:29:10] Blue_5(Clone) (UnityEngine.GameObject) was added to PlayableCards
[01:29:10] Enemy 2: Played Blue_D(Clone)
[01:29:10] HasPlayableCard = true
[01:29:10] Removed CardW(Clone) (UnityEngine.GameObject)
[01:29:10] Turns: 3
[01:29:10] Top card: Blue_D(Clone) (UnityEngine.GameObject)
[01:29:10] Top Deck Card:Blue_1(Clone) (UnityEngine.GameObject)
[01:29:10] Enemy 3: Drew Blue_1(Clone) (UnityEngine.GameObject)
[01:29:10] Top Deck Card:Green_D(Clone) (UnityEngine.GameObject)
[01:29:10] Enemy 3: Drew Green_D(Clone) (UnityEngine.GameObject)
[01:29:10] Enemy 3: Drew 2 cards
[01:29:10] Turns: 0
[01:29:10] Player: Played Blue_9
[01:29:10] Removed Red_8(Clone) (UnityEngine.GameObject)
[01:29:10] Turns: 1
[01:29:10] Top card: Blue_9(Clone) (UnityEngine.GameObject)
[01:29:10] Red_9(Clone) (UnityEngine.GameObject) was added to PlayableCards
[01:29:10] Enemy 1: Played Red_9(Clone)
[01:29:10] HasPlayableCard = true
[01:29:10] Removed Red_4(Clone) (UnityEngine.GameObject)
[01:29:10] Turns: 2
[01:29:10] Top card: Red_9(Clone) (UnityEngine.GameObject)
[01:29:10] Green_9(Clone) (UnityEngine.GameObject) was added to PlayableCards
[01:29:10] Green_9(Clone) (UnityEngine.GameObject) was added to PlayableCards
[01:29:10] Enemy 2: Played Green_9(Clone)
[01:29:10] HasPlayableCard = true
[01:29:10] Removed CardW(Clone) (UnityEngine.GameObject)
[01:29:10] Turns: 3
[06:48:02] Player received: Yellow_6(Clone)
[06:48:02] Enemy1 received: Red_D(Clone)
[06:48:02] Enemy2 received: CardW4(Clone)
[06:48:02] Enemy3 received: Red_D(Clone)
[06:48:02] Player received: Green_8(Clone)
[06:48:02] Enemy1 received: Blue_R(Clone)
[06:48:02] Enemy2 received: Red_9(Clone)
