[04:32:37] Top card: 
[04:32:37] Delt cards
[04:32:37] Top card: CardW4(Clone) (UnityEngine.GameObject)
[04:32:37] Top card: CardW4(Clone) (UnityEngine.GameObject)
[04:32:37] Top card: CardW4(Clone) (UnityEngine.GameObject)
[04:32:37] Top card: CardW4(Clone) (UnityEngine.GameObject)
[04:32:37] Top card: CardW4(Clone) (UnityEngine.GameObject)
[04:32:37] Top card: CardW4(Clone) (UnityEngine.GameObject)
[04:32:37] Top card: CardW4(Clone) (UnityEngine.GameObject)
[04:32:37] Top card: CardW4(Clone) (UnityEngine.GameObject)
[04:32:37] Top card: CardW4(Clone) (UnityEngine.GameObject)
[04:32:37] Top card: CardW4(Clone) (UnityEngine.GameObject)
[04:32:37] Top card: CardW4(Clone) (UnityEngine.GameObject)
[04:32:37] Top card: CardW4(Clone) (UnityEngine.GameObject)
[04:32:37] Top card: CardW4(Clone) (UnityEngine.GameObject)
[04:32:37] Top card: CardW4(Clone) (UnityEngine.GameObject)
[04:32:37] Top card: CardW4(Clone) (UnityEngine.GameObject)
[04:32:37] Top card: CardW4(Clone) (UnityEngine.GameObject)
[04:32:37] Top card: CardW4(Clone) (UnityEngine.GameObject)
[04:32:37] Top card: CardW4(Clone) (UnityEngine.GameObject)
[04:32:37] Top card: CardW4(Clone) (UnityEngine.GameObject)
[04:32:37] Top card: CardW4(Clone) (UnityEngine.GameObject)
[04:32:37] Top card: CardW4(Clone) (UnityEngine.GameObject)
[04:32:37] Top card: CardW4(Clone) (UnityEngine.GameObject)
[04:32:37] Top card: CardW4(Clone) (UnityEngine.GameObject)
[04:32:37] Top card: CardW4(Clone) (UnityEngine.GameObject)
[04:32:37] Top card: CardW4(Clone) (UnityEngine.GameObject)
[04:32:37] Top card: CardW4(Clone) (UnityEngine.GameObject)
[04:32:37] Top card: CardW4(Clone) (UnityEngine.GameObject)
[04:32:37] Top card: CardW4(Clone) (UnityEngine.GameObject)
[04:41:57] Top card: 
[04:41:57] Delt cards
[04:41:57] Top card: Yellow_8(Clone) (UnityEngine.GameObject)
[04:41:57] Top card: Yellow_8(Clone) (UnityEngine.GameObject)
[04:41:57] Top card: Yellow_8(Clone) (UnityEngine.GameObject)
[04:41:57] Top card: Yellow_8(Clone) (UnityEngine.GameObject)
[04:41:57] Top card: Yellow_8(Clone) (UnityEngine.GameObject)
[04:41:57] Top card: Yellow_8(Clone) (UnityEngine.GameObject)
[04:41:57] Top card: Yellow_8(Clone) (UnityEngine.GameObject)
[04:41:57] Top card: Yellow_8(Clone) (UnityEngine.GameObject)
[04:41:57] Top card: Yellow_8(Clone) (UnityEngine.GameObject)
[04:41:57] Top card: Yellow_8(Clone) (UnityEngine.GameObject)
[04:41:57] Top card: Yellow_8(Clone) (UnityEngine.GameObject)
[04:41:57] Top card: Yellow_8(Clone) (UnityEngine.GameObject)
[04:41:57] Top card: Yellow_8(Clone) (UnityEngine.GameObject)
[04:41:57] Top card: Yellow_8(Clone) (UnityEngine.GameObject)
[04:41:57] Top card: Yellow_8(Clone) (UnityEngine.GameObject)
[04:41:57] Top card: Yellow_8(Clone) (UnityEngine.GameObject)
[04:41:57] Top card: Yellow_8(Clone) (UnityEngine.GameObject)
[04:41:57] Top card: Yellow_8(Clone) (UnityEngine.GameObject)
[04:41:57] Top card: Yellow_8(Clone) (UnityEngine.GameObject)
[04:41:57] Top card: Yellow_8(Clone) (UnityEngine.GameObject)
[04:41:57] Top card: Yellow_8(Clone) (UnityEngine.GameObject)
[04:41:57] Top card: Yellow_8(Clone) (UnityEngine.GameObject)
[04:41:57] Top card: Yellow_8(Clone) (UnityEngine.GameObject)
[04:41:57] Top card: Yellow_8(Clone) (UnityEngine.GameObject)
[04:41:57] Top card: Yellow_8(Clone) (UnityEngine.GameObject)
[04:41:57] Top card: Yellow_8(Clone) (UnityEngine.GameObject)
[04:41:57] Top card: Yellow_8(Clone) (UnityEngine.GameObject)
[04:41:57] Top card: Yellow_8(Clone) (UnityEngine.GameObject)
[06:16:19] Top card: 
[06:16:19] Delt cards
[06:16:19] Top card: 
[06:16:19] Top card: 
[06:16:19] Top card: 
[06:16:19] Top card: 
[06:16:19] Top card: 
[06:16:19] Top card: 
[06:16:19] Top card: 
[06:16:19] Top card: 
[06:16:19] Top card: 
[06:16:19] Top card: 
[06:16:19] Top card: 
[06:16:19] Top card: 
[06:16:19] Top card: 
[06:16:19] Top card: 
[06:16:19] Top card: 
[06:16:19] Top card: 
[06:16:19] Top card: 
[06:16:19] Top card: 
[06:16:19] Top card: 
[06:16:19] Top card: 
[06:16:19] Player: Played CardW(Clone) (UnityEngine.GameObject)
[06:16:19] Turns: 1
[06:16:19] Turns: 1
[06:16:19] Top card: CardW(Clone) (UnityEngine.GameObject)
[06:16:19] Top card: CardW(Clone) (UnityEngine.GameObject)
[06:16:19] Enemy 1: Played CardW(Clone) (UnityEngine.GameObject) (Card 0)
[06:16:19] Turns: 2
[06:16:19] Top card: CardW(Clone) (UnityEngine.GameObject)
[06:16:19] Top card: CardW(Clone) (UnityEngine.GameObject)
[06:16:19] Enemy 2: CardW4(Clone) (UnityEngine.GameObject) (Card 0) did not match
[06:16:19] Enemy 2: CardW4(Clone) (UnityEngine.GameObject) (Card 1) did not match
[06:16:19] Enemy 2: Played CardW(Clone) (UnityEngine.GameObject) (Card 2)
[06:16:19] Turns: 3
[06:16:19] Top card: CardW(Clone) (UnityEngine.GameObject)
[06:16:19] Top card: CardW(Clone) (UnityEngine.GameObject)
[06:16:19] Enemy 3: Played CardW(Clone) (UnityEngine.GameObject) (Card 0)
[06:16:19] Turns: 0
