[02:45:56] Top card: 
[04:20:15] Top card: 
[04:20:15] Delt cards
[04:20:15] Player: Played CardW
[04:20:15] Wild Menu shown
[04:20:15] Turns: 1
[04:20:15] Turns: 1
[04:20:15] Player called Blue
[04:20:15] Wild Menu hidden
[04:20:15] Top card: CardW(Clone) (UnityEngine.GameObject)
[04:20:15] Top card: CardW(Clone) (CardProperties)
[04:20:15] Enemy 1: Played Blue_6(Clone) (UnityEngine.GameObject) (Card 0)
[04:20:15] Turns: 2
[04:20:15] Top card: Blue_6(Clone) (UnityEngine.GameObject)
[04:20:15] Top card: Blue_6(Clone) (CardProperties)
[04:20:15] Enemy 2: Green_7(Clone) (UnityEngine.GameObject) (Card 0) did not match
[04:20:15] Enemy 2: Played Blue_4(Clone) (UnityEngine.GameObject) (Card 1)
[04:20:15] Turns: 3
[04:20:15] Top card: Blue_4(Clone) (UnityEngine.GameObject)
[04:20:15] Top card: Blue_4(Clone) (CardProperties)
[04:20:15] Enemy 3: Played Blue_8(Clone) (UnityEngine.GameObject) (Card 0)
[04:20:15] Turns: 0
[04:20:15] Player: Played Blue_3
[04:20:15] Turns: 1
[04:20:15] Turns: 1
[04:20:15] Top card: Blue_3(Clone) (UnityEngine.GameObject)
[04:20:15] Top card: Blue_3(Clone) (CardProperties)
[04:20:15] Enemy 1: Green_8(Clone) (UnityEngine.GameObject) (Card 0) did not match
[04:20:15] Enemy 1: Played Blue_6(Clone) (UnityEngine.GameObject) (Card 1)
[04:20:15] Removed CardW(Clone) (UnityEngine.GameObject)
[04:20:15] Turns: 2
[04:20:15] Top card: Blue_6(Clone) (UnityEngine.GameObject)
[04:20:15] Top card: Blue_6(Clone) (CardProperties)
[04:20:15] Enemy 2: Green_7(Clone) (UnityEngine.GameObject) (Card 0) did not match
[04:20:15] Enemy 2: Yellow_5(Clone) (UnityEngine.GameObject) (Card 1) did not match
[04:20:15] Enemy 2: Red_5(Clone) (UnityEngine.GameObject) (Card 2) did not match
[04:20:15] Enemy 2: Yellow_S(Clone) (UnityEngine.GameObject) (Card 3) did not match
[04:20:15] Enemy 2: Green_S(Clone) (UnityEngine.GameObject) (Card 4) did not match
[04:20:15] Enemy 2: CardW4(Clone) (UnityEngine.GameObject) (Card 5) did not match
[04:20:15] HasFoundMatch = False
[04:20:15] Top Deck Card:Red_0(Clone) (UnityEngine.GameObject)
[04:20:15] Enemy 2: Drew Red_0(Clone) (UnityEngine.GameObject)
[04:20:15] Enemy 2: Drew 1 cards
[04:20:15] Turns: 3
[04:20:15] Top card: Blue_6(Clone) (UnityEngine.GameObject)
[04:20:15] Top card: Blue_6(Clone) (CardProperties)
[04:20:15] Enemy 3: Yellow_S(Clone) (UnityEngine.GameObject) (Card 0) did not match
[04:20:15] Enemy 3: CardW4(Clone) (UnityEngine.GameObject) (Card 1) did not match
[04:20:15] Enemy 3: CardW(Clone) (UnityEngine.GameObject) (Card 2) did not match
[04:20:15] Enemy 3: Played Blue_4(Clone) (UnityEngine.GameObject) (Card 3)
[04:20:15] Removed Blue_6(Clone) (UnityEngine.GameObject)
[04:20:15] Turns: 0
[04:20:15] Player: Played Green_3
[04:20:15] Removed Blue_4(Clone) (UnityEngine.GameObject)
[04:20:15] Turns: 1
[04:20:15] Turns: 1
[04:20:15] Top card: Green_3(Clone) (UnityEngine.GameObject)
[04:20:15] Top card: Green_3(Clone) (CardProperties)
[04:20:15] Enemy 1: Played Green_8(Clone) (UnityEngine.GameObject) (Card 0)
[04:20:15] Removed Blue_8(Clone) (UnityEngine.GameObject)
[04:20:15] Turns: 2
[04:20:15] Top card: Green_8(Clone) (UnityEngine.GameObject)
[04:20:15] Top card: Green_8(Clone) (CardProperties)
[04:20:15] Enemy 2: Played Green_7(Clone) (UnityEngine.GameObject) (Card 0)
[04:20:15] Removed Blue_3(Clone) (UnityEngine.GameObject)
[04:20:15] Turns: 3
[04:20:15] Top card: Green_7(Clone) (UnityEngine.GameObject)
[04:20:15] Top card: Green_7(Clone) (CardProperties)
[04:20:15] Enemy 3: Yellow_S(Clone) (UnityEngine.GameObject) (Card 0) did not match
[04:20:15] Enemy 3: CardW4(Clone) (UnityEngine.GameObject) (Card 1) did not match
[04:20:15] Enemy 3: CardW(Clone) (UnityEngine.GameObject) (Card 2) did not match
[04:20:15] Enemy 3: CardW(Clone) (UnityEngine.GameObject) (Card 3) did not match
[04:20:15] Enemy 3: Blue_S(Clone) (UnityEngine.GameObject) (Card 4) did not match
[04:20:15] HasFoundMatch = False
[04:20:15] Top Deck Card:Red_D(Clone) (UnityEngine.GameObject)
[04:20:15] Enemy 3: Drew Red_D(Clone) (UnityEngine.GameObject)
[04:20:15] Enemy 3: Drew 1 cards
[04:20:15] Turns: 0
[04:20:15] Player: Played Green_7
[04:20:15] Removed Blue_6(Clone) (UnityEngine.GameObject)
[04:20:15] Turns: 1
[04:20:15] Turns: 1
[04:20:15] Top card: Green_7(Clone) (UnityEngine.GameObject)
[04:20:15] Top card: Green_7(Clone) (CardProperties)
[04:20:15] Enemy 1: Played Blue_7(Clone) (UnityEngine.GameObject) (Card 0)
[04:20:15] Removed Blue_4(Clone) (UnityEngine.GameObject)
[04:20:15] Turns: 2
[04:20:15] Top card: Blue_7(Clone) (UnityEngine.GameObject)
[04:20:15] Top card: Blue_7(Clone) (CardProperties)
[04:20:15] Enemy 2: Yellow_5(Clone) (UnityEngine.GameObject) (Card 0) did not match
[04:20:15] Enemy 2: Red_5(Clone) (UnityEngine.GameObject) (Card 1) did not match
[04:20:15] Enemy 2: Yellow_S(Clone) (UnityEngine.GameObject) (Card 2) did not match
[04:20:15] Enemy 2: Green_S(Clone) (UnityEngine.GameObject) (Card 3) did not match
[04:20:15] Enemy 2: CardW4(Clone) (UnityEngine.GameObject) (Card 4) did not match
[04:20:15] Enemy 2: Red_0(Clone) (UnityEngine.GameObject) (Card 5) did not match
[04:20:15] HasFoundMatch = False
[04:20:15] Top Deck Card:Red_D(Clone) (UnityEngine.GameObject)
[04:20:15] Enemy 2: Drew Red_D(Clone) (UnityEngine.GameObject)
[04:20:15] Enemy 2: Drew 1 cards
[04:20:15] Turns: 3
[04:20:15] Top card: Blue_7(Clone) (UnityEngine.GameObject)
[04:20:15] Top card: Blue_7(Clone) (CardProperties)
[04:20:15] Enemy 3: Yellow_S(Clone) (UnityEngine.GameObject) (Card 0) did not match
[04:20:15] Enemy 3: CardW4(Clone) (UnityEngine.GameObject) (Card 1) did not match
[04:20:15] Enemy 3: CardW(Clone) (UnityEngine.GameObject) (Card 2) did not match
[04:20:15] Enemy 3: CardW(Clone) (UnityEngine.GameObject) (Card 3) did not match
[04:20:15] Enemy 3: Played Blue_S(Clone) (UnityEngine.GameObject) (Card 4)
[04:20:15] Removed Green_3(Clone) (UnityEngine.GameObject)
[04:20:15] Turns: 0
[04:20:15] Player: Played Green_6
[04:20:15] Removed Green_8(Clone) (UnityEngine.GameObject)
[04:20:15] Turns: 1
[04:20:15] Turns: 1
[04:20:15] Top card: Green_6(Clone) (UnityEngine.GameObject)
[04:20:15] Top card: Green_6(Clone) (CardProperties)
[04:20:15] Enemy 1: Red_2(Clone) (UnityEngine.GameObject) (Card 0) did not match
[04:20:15] Enemy 1: Yellow_8(Clone) (UnityEngine.GameObject) (Card 1) did not match
[04:20:15] Enemy 1: Yellow_R(Clone) (UnityEngine.GameObject) (Card 2) did not match
[04:20:15] HasFoundMatch = False
[04:20:15] Top Deck Card:Blue_0(Clone) (UnityEngine.GameObject)
[04:20:15] Enemy 1: Drew Blue_0(Clone) (UnityEngine.GameObject)
[04:20:15] Enemy 1: Drew 1 cards
[04:20:15] Turns: 2
[04:20:15] Top card: Green_6(Clone) (UnityEngine.GameObject)
[04:20:15] Top card: Green_6(Clone) (CardProperties)
[04:20:15] Enemy 2: Yellow_5(Clone) (UnityEngine.GameObject) (Card 0) did not match
[04:20:15] Enemy 2: Red_5(Clone) (UnityEngine.GameObject) (Card 1) did not match
[04:20:15] Enemy 2: Yellow_S(Clone) (UnityEngine.GameObject) (Card 2) did not match
[04:20:15] Enemy 2: Played Green_S(Clone) (UnityEngine.GameObject) (Card 3)
[04:20:15] Removed Green_7(Clone) (UnityEngine.GameObject)
[04:20:15] Turns: 3
[04:20:15] Top card: Green_S(Clone) (UnityEngine.GameObject)
[04:20:15] Skipped Enemy 3
[04:20:15] Player: Played Red_6
[04:20:15] Removed Green_7(Clone) (UnityEngine.GameObject)
[04:20:15] Turns: 1
[04:20:15] Turns: 1
[04:20:15] Top card: Red_6(Clone) (UnityEngine.GameObject)
[04:20:15] Top card: Red_6(Clone) (CardProperties)
[04:20:15] Enemy 1: Played Red_2(Clone) (UnityEngine.GameObject) (Card 0)
[04:20:15] Removed Blue_7(Clone) (UnityEngine.GameObject)
[04:20:15] Turns: 2
[04:20:15] Top card: Red_2(Clone) (UnityEngine.GameObject)
[04:20:15] Top card: Red_2(Clone) (CardProperties)
[04:20:15] Enemy 2: Yellow_5(Clone) (UnityEngine.GameObject) (Card 0) did not match
[04:20:15] Enemy 2: Played Red_5(Clone) (UnityEngine.GameObject) (Card 1)
[04:20:15] Removed Blue_S(Clone) (UnityEngine.GameObject)
[04:20:15] Turns: 3
[04:20:15] Top card: Red_5(Clone) (UnityEngine.GameObject)
[04:20:15] Top card: Red_5(Clone) (CardProperties)
[04:20:15] Enemy 3: Yellow_S(Clone) (UnityEngine.GameObject) (Card 0) did not match
[04:20:15] Enemy 3: CardW4(Clone) (UnityEngine.GameObject) (Card 1) did not match
[04:20:15] Enemy 3: CardW(Clone) (UnityEngine.GameObject) (Card 2) did not match
[04:20:15] Enemy 3: CardW(Clone) (UnityEngine.GameObject) (Card 3) did not match
[04:20:15] Enemy 3: Played Red_D(Clone) (UnityEngine.GameObject) (Card 4)
[04:20:15] Removed Green_6(Clone) (UnityEngine.GameObject)
[04:20:15] Turns: 0
[04:20:15] Player: Played Yellow_8
[04:20:15] Removed Green_S(Clone) (UnityEngine.GameObject)
[04:20:15] Turns: 1
[04:20:15] Turns: 1
[04:20:15] Top card: Yellow_8(Clone) (UnityEngine.GameObject)
[04:20:15] Top card: Yellow_8(Clone) (CardProperties)
[04:20:15] Enemy 1: Played Yellow_8(Clone) (UnityEngine.GameObject) (Card 0)
[04:20:15] Removed Red_6(Clone) (UnityEngine.GameObject)
[04:20:15] Turns: 2
[04:20:15] Top card: Yellow_8(Clone) (UnityEngine.GameObject)
[04:20:15] Top card: Yellow_8(Clone) (CardProperties)
[04:20:15] Enemy 2: Played Yellow_5(Clone) (UnityEngine.GameObject) (Card 0)
[04:20:15] Removed Red_2(Clone) (UnityEngine.GameObject)
[04:20:15] Turns: 3
[04:20:15] Top card: Yellow_5(Clone) (UnityEngine.GameObject)
[04:20:15] Top card: Yellow_5(Clone) (CardProperties)
[04:20:15] Enemy 3: Played Yellow_S(Clone) (UnityEngine.GameObject) (Card 0)
[04:20:15] Removed Red_5(Clone) (UnityEngine.GameObject)
[04:20:15] Turns: 0
