[12:54:31] Top card: 
[07:40:33] Top card: 
[07:40:33] Delt cards
[07:40:33] Top card: 
[07:40:33] Top card: 
[07:40:33] Top card: 
[07:40:33] Top card: 
[07:40:33] Top card: 
[07:40:33] Top card: 
[07:40:33] Top card: 
[07:40:33] Top card: 
[07:40:33] Top card: 
[07:40:33] Top card: 
[07:40:33] Top card: 
[07:40:33] Top card: 
[07:40:33] Top card: 
[07:40:33] Top card: 
[07:40:33] Top card: 
[07:40:33] Top card: 
[07:40:33] Top card: 
[07:40:33] Top card: 
[07:40:33] Top card: 
[07:40:33] Top card: 
[07:40:33] Player: Played CardW(Clone) (UnityEngine.GameObject)
[07:40:33] Wild Menu shown
[07:40:33] Turns: 1
[07:40:33] Turns: 1
[07:40:33] Player called red
[07:40:33] Wild Menu hidden
[07:40:33] Top card: CardW(Clone) (UnityEngine.GameObject)
[07:40:33] Top card: CardW(Clone) (UnityEngine.GameObject)
[07:40:33] Enemy 1: Played CardW(Clone) (UnityEngine.GameObject) (Card 0)
[07:40:33] Turns: 2
[07:40:33] Top card: CardW(Clone) (UnityEngine.GameObject)
[07:40:33] Top card: CardW(Clone) (UnityEngine.GameObject)
[07:40:33] Enemy 2: Played CardW(Clone) (UnityEngine.GameObject) (Card 0)
[07:40:33] Turns: 3
[07:40:33] Top card: CardW(Clone) (UnityEngine.GameObject)
[07:40:33] Top card: CardW(Clone) (UnityEngine.GameObject)
[07:40:33] Enemy 3: Played CardW(Clone) (UnityEngine.GameObject) (Card 0)
[07:40:33] Turns: 0
