[03:57:54] Player received: Green_7(Clone)
[03:57:54] Enemy1 received: Blue_1(Clone)
[03:57:54] Enemy2 received: Yellow_D(Clone)
[03:57:54] Enemy3 received: Red_4(Clone)
[03:57:54] Player received: Yellow_2(Clone)
[03:57:54] Enemy1 received: Yellow_6(Clone)
[03:57:54] Enemy2 received: Blue_S(Clone)
[03:57:54] Enemy3 received: Red_0(Clone)
[03:57:54] Player received: Yellow_S(Clone)
[03:57:54] Enemy1 received: Blue_S(Clone)
[03:57:54] Enemy2 received: Red_7(Clone)
[03:57:54] Enemy3 received: Green_2(Clone)
[03:57:54] Player received: Red_6(Clone)
[03:57:54] Enemy1 received: Blue_2(Clone)
[03:57:54] Enemy2 received: Blue_D(Clone)
[03:57:54] Enemy3 received: Red_5(Clone)
[03:57:54] Player received: Red_6(Clone)
[03:57:54] Enemy1 received: Yellow_R(Clone)
[03:57:54] Enemy2 received: Red_5(Clone)
[03:57:54] Enemy3 received: Red_D(Clone)
[03:57:54] Player received: Red_1(Clone)
[03:57:54] Enemy1 received: Red_R(Clone)
[03:57:54] Enemy2 received: CardW(Clone)
[03:57:54] Enemy3 received: Yellow_1(Clone)
[03:57:54] Player received: Red_D(Clone)
[03:57:54] Enemy1 received: CardW(Clone)
[03:57:54] Enemy2 received: Yellow_5(Clone)
[03:57:54] Enemy3 received: CardW(Clone)
[03:57:54] DiscardPile received: Green_S(Clone)
[03:57:54] Hello from PlayerManager.Skip
[03:57:54] Dealt cards
[03:57:54] Turns: 1
[03:57:54] Top card: Green_S(Clone) (UnityEngine.GameObject)
[03:57:54] Blue_S(Clone) (UnityEngine.GameObject) was added to PlayableCards
[03:57:54] CardW(Clone) (UnityEngine.GameObject) was added to PlayableCards
[03:57:54] Enemy 1: Played Blue_S(Clone)
[03:57:54] HasPlayableCard = true
[03:57:54] Turns: 2
[03:57:54] Top card: Blue_S(Clone) (UnityEngine.GameObject)
[03:57:54] Turns: 3
[03:57:54] Top card: Blue_S(Clone) (UnityEngine.GameObject)
[03:57:54] CardW(Clone) (UnityEngine.GameObject) was added to PlayableCards
[03:57:54] Enemy 3: Played CardW(Clone)
[03:57:54] redCards: 4
[03:57:54] yellowCards: 1
[03:57:54] greenCards: 1
[03:57:54] blueCards: 0
[03:57:54] Largest number among 4, 1, 1 and 0 is 4
[03:57:54] wild color set to red
[03:57:54] HasPlayableCard = true
[03:57:54] Turns: 0
[03:57:54] Player: Played Red_D
[03:57:54] Turns: 1
[03:57:54] Top card: Red_D(Clone) (UnityEngine.GameObject)
[03:57:54] Top Deck Card:Blue_2(Clone) (UnityEngine.GameObject)
[03:57:54] Enemy 1: Drew Blue_2(Clone) (UnityEngine.GameObject)
[03:57:54] Top Deck Card:Blue_5(Clone) (UnityEngine.GameObject)
[03:57:54] Enemy 1: Drew Blue_5(Clone) (UnityEngine.GameObject)
[03:57:54] Enemy 1: Drew 2 cards
[03:57:54] Turns: 2
[03:57:54] Top card: Red_D(Clone) (UnityEngine.GameObject)
[03:57:54] Yellow_D(Clone) (UnityEngine.GameObject) was added to PlayableCards
[03:57:54] Red_7(Clone) (UnityEngine.GameObject) was added to PlayableCards
[03:57:54] Blue_D(Clone) (UnityEngine.GameObject) was added to PlayableCards
[03:57:54] Red_5(Clone) (UnityEngine.GameObject) was added to PlayableCards
[03:57:54] CardW(Clone) (UnityEngine.GameObject) was added to PlayableCards
[03:57:54] Enemy 2: Played Yellow_D(Clone)
[03:57:54] HasPlayableCard = true
[03:57:54] Removed Green_S(Clone) (UnityEngine.GameObject)
[03:57:54] Turns: 3
[03:57:54] Top card: Yellow_D(Clone) (UnityEngine.GameObject)
[03:57:54] Top Deck Card:Blue_R(Clone) (UnityEngine.GameObject)
[03:57:54] Enemy 3: Drew Blue_R(Clone) (UnityEngine.GameObject)
[03:57:54] Top Deck Card:Red_9(Clone) (UnityEngine.GameObject)
[03:57:54] Enemy 3: Drew Red_9(Clone) (UnityEngine.GameObject)
[03:57:54] Enemy 3: Drew 2 cards
[03:57:54] Turns: 0
[03:57:54] Player: Played Yellow_S
[03:57:54] Removed Blue_S(Clone) (UnityEngine.GameObject)
[03:57:54] Turns: 1
[03:57:54] Top card: Yellow_S(Clone) (UnityEngine.GameObject)
[03:57:54] Turns: 2
[03:57:54] Top card: Yellow_S(Clone) (UnityEngine.GameObject)
[03:57:54] Blue_S(Clone) (UnityEngine.GameObject) was added to PlayableCards
[03:57:54] CardW(Clone) (UnityEngine.GameObject) was added to PlayableCards
[03:57:54] Yellow_5(Clone) (UnityEngine.GameObject) was added to PlayableCards
[03:57:54] Enemy 2: Played Blue_S(Clone)
[03:57:54] HasPlayableCard = true
[03:57:54] Removed CardW(Clone) (UnityEngine.GameObject)
[03:57:54] Turns: 3
[03:57:54] Top card: Blue_S(Clone) (UnityEngine.GameObject)
[03:57:54] Turns: 0
[03:57:54] player didn't have a playable card
[03:57:54] player didn't have a playable card
[03:57:54] player didn't have a playable card
[03:57:54] Player: Played Yellow_2
[03:57:54] Removed Red_D(Clone) (UnityEngine.GameObject)
[03:57:54] Turns: 1
[03:57:54] Top card: Yellow_2(Clone) (UnityEngine.GameObject)
[03:57:54] Yellow_6(Clone) (UnityEngine.GameObject) was added to PlayableCards
[03:57:54] Blue_2(Clone) (UnityEngine.GameObject) was added to PlayableCards
[03:57:54] Yellow_R(Clone) (UnityEngine.GameObject) was added to PlayableCards
[03:57:54] CardW(Clone) (UnityEngine.GameObject) was added to PlayableCards
[03:57:54] Blue_2(Clone) (UnityEngine.GameObject) was added to PlayableCards
[03:57:54] Enemy 1: Played Yellow_R(Clone)
[03:57:54] HasPlayableCard = true
[03:57:54] Removed Yellow_D(Clone) (UnityEngine.GameObject)
[03:57:54] Turns: 0
