[08:59:06] Top card: 
[08:59:06] player cards gotBlue_7(Clone) (UnityEngine.GameObject)
[08:59:06] enemy1 cards gotYellow_7(Clone) (UnityEngine.GameObject)
[08:59:06] enemy2 cards gotBlue_9(Clone) (UnityEngine.GameObject)
[08:59:06] enemy3 cards gotYellow_5(Clone) (UnityEngine.GameObject)
[08:59:06] player cards gotYellow_9(Clone) (UnityEngine.GameObject)
[08:59:06] enemy1 cards gotCardW(Clone) (UnityEngine.GameObject)
[08:59:06] enemy2 cards gotBlue_3(Clone) (UnityEngine.GameObject)
[08:59:06] enemy3 cards gotYellow_6(Clone) (UnityEngine.GameObject)
[08:59:06] player cards gotYellow_3(Clone) (UnityEngine.GameObject)
[08:59:06] enemy1 cards gotCardW(Clone) (UnityEngine.GameObject)
[08:59:06] enemy2 cards gotCardW(Clone) (UnityEngine.GameObject)
[08:59:06] enemy3 cards gotGreen_8(Clone) (UnityEngine.GameObject)
[08:59:06] player cards gotCardW4(Clone) (UnityEngine.GameObject)
[08:59:06] enemy1 cards gotRed_4(Clone) (UnityEngine.GameObject)
[08:59:06] enemy2 cards gotRed_9(Clone) (UnityEngine.GameObject)
[08:59:06] enemy3 cards gotBlue_D(Clone) (UnityEngine.GameObject)
[08:59:06] player cards gotRed_2(Clone) (UnityEngine.GameObject)
[08:59:06] enemy1 cards gotBlue_7(Clone) (UnityEngine.GameObject)
[08:59:06] enemy2 cards gotYellow_4(Clone) (UnityEngine.GameObject)
[08:59:06] enemy3 cards gotBlue_6(Clone) (UnityEngine.GameObject)
[08:59:06] player cards gotRed_D(Clone) (UnityEngine.GameObject)
[08:59:06] enemy1 cards gotYellow_9(Clone) (UnityEngine.GameObject)
[08:59:06] enemy2 cards gotRed_R(Clone) (UnityEngine.GameObject)
[08:59:06] enemy3 cards gotYellow_4(Clone) (UnityEngine.GameObject)
[08:59:06] player cards gotGreen_1(Clone) (UnityEngine.GameObject)
[08:59:06] enemy1 cards gotCardW4(Clone) (UnityEngine.GameObject)
[08:59:06] enemy2 cards gotCardW4(Clone) (UnityEngine.GameObject)
[08:59:06] enemy3 cards gotGreen_7(Clone) (UnityEngine.GameObject)
[08:59:06] Delt cards
[08:59:06] Player: Played Yellow_3
[08:59:06] Turns: 1
[08:59:06] Top card: Yellow_3(Clone) (UnityEngine.GameObject)
[08:59:06] Turns: 2
[08:59:06] Top card: Yellow_3(Clone) (UnityEngine.GameObject)
[08:59:06] Turns: 3
[08:59:06] Top card: Yellow_3(Clone) (UnityEngine.GameObject)
[08:59:06] Turns: 0
[08:59:06] Turns: 0
