[04:42:16] Top card: 
[04:42:16] Delt cards
[04:42:16] Top card: Blue_6(Clone) (UnityEngine.GameObject)
[04:42:16] Top card: Blue_6(Clone) (UnityEngine.GameObject)
[04:42:16] Top card: Blue_6(Clone) (UnityEngine.GameObject)
[04:42:16] Top card: Blue_6(Clone) (UnityEngine.GameObject)
[04:42:16] Top card: Blue_6(Clone) (UnityEngine.GameObject)
[04:42:16] Top card: Blue_6(Clone) (UnityEngine.GameObject)
[04:42:16] Top card: Blue_6(Clone) (UnityEngine.GameObject)
[04:42:16] Top card: Blue_6(Clone) (UnityEngine.GameObject)
[04:42:16] Top card: Blue_6(Clone) (UnityEngine.GameObject)
[04:42:16] Top card: Blue_6(Clone) (UnityEngine.GameObject)
[04:42:16] Top card: Blue_6(Clone) (UnityEngine.GameObject)
[04:42:16] Top card: Blue_6(Clone) (UnityEngine.GameObject)
[04:42:16] Top card: Blue_6(Clone) (UnityEngine.GameObject)
[04:42:16] Top card: Blue_6(Clone) (UnityEngine.GameObject)
[04:42:16] Top card: Blue_6(Clone) (UnityEngine.GameObject)
[04:42:16] Top card: Blue_6(Clone) (UnityEngine.GameObject)
[04:42:16] Top card: Blue_6(Clone) (UnityEngine.GameObject)
[04:42:16] Top card: Blue_6(Clone) (UnityEngine.GameObject)
[04:42:16] Top card: Blue_6(Clone) (UnityEngine.GameObject)
[04:42:16] Top card: Blue_6(Clone) (UnityEngine.GameObject)
[04:42:16] Top card: Blue_6(Clone) (UnityEngine.GameObject)
[04:42:16] Top card: Blue_6(Clone) (UnityEngine.GameObject)
[04:42:16] Top card: Blue_6(Clone) (UnityEngine.GameObject)
[04:42:16] Top card: Blue_6(Clone) (UnityEngine.GameObject)
[04:42:16] Top card: Blue_6(Clone) (UnityEngine.GameObject)
[04:42:16] Top card: Blue_6(Clone) (UnityEngine.GameObject)
[04:42:16] Top card: Blue_6(Clone) (UnityEngine.GameObject)
[04:42:16] Top card: Blue_6(Clone) (UnityEngine.GameObject)
[06:13:57] Top card: 
[08:56:50] Top card: 
[08:56:50] Delt cards
[08:56:50] Top card: 
[08:56:50] Top card: 
[08:56:50] Top card: 
[08:56:50] Top card: 
[08:56:50] Top card: 
[08:56:50] Top card: 
[08:56:50] Top card: 
[08:56:50] Top card: 
[08:56:50] Top card: 
[08:56:50] Top card: 
[08:56:50] Top card: 
[08:56:50] Top card: 
[08:56:50] Top card: 
[08:56:50] Top card: 
[08:56:50] Top card: 
[08:56:50] Top card: 
[08:56:50] Top card: 
[08:56:50] Top card: 
[08:56:50] Top card: 
[08:56:50] Top card: 
[08:56:50] Player: Played Green_0(Clone) (UnityEngine.GameObject)
[08:56:50] Turns: 1
[08:56:50] Turns: 1
[08:56:50] Top card: Green_0(Clone) (UnityEngine.GameObject)
[08:56:50] Top card: Green_0(Clone) (CardProperties)
[08:56:50] Enemy 1: Played Red_0(Clone) (UnityEngine.GameObject) (Card 0)
[08:56:50] Turns: 2
[08:56:50] Top card: Red_0(Clone) (UnityEngine.GameObject)
[08:56:50] Top card: Red_0(Clone) (CardProperties)
[08:56:50] Enemy 2: CardW(Clone) (UnityEngine.GameObject) (Card 0) did not match
[08:56:50] Enemy 2: Played Blue_0(Clone) (UnityEngine.GameObject) (Card 1)
[08:56:50] Turns: 3
[08:56:50] Top card: Blue_0(Clone) (UnityEngine.GameObject)
[08:56:50] Top card: Blue_0(Clone) (CardProperties)
[08:56:50] Enemy 3: Played Yellow_0(Clone) (UnityEngine.GameObject) (Card 0)
[08:56:50] Turns: 0
