[06:13:47] Discard was WILD!!!
[06:13:47] Player received: Yellow_R(Clone)
[06:13:47] Enemy1 received: Green_D(Clone)
[06:13:47] Enemy2 received: Red_3(Clone)
[06:13:47] Enemy3 received: Green_2(Clone)
[06:13:47] Player received: Red_D(Clone)
[06:13:47] Enemy1 received: CardW(Clone)
[06:13:47] Enemy2 received: Yellow_1(Clone)
[06:13:47] Enemy3 received: Yellow_R(Clone)
[06:13:47] Player received: CardW4(Clone)
[06:13:47] Enemy1 received: Green_4(Clone)
[06:13:47] Enemy2 received: Red_5(Clone)
[06:13:47] Enemy3 received: CardW(Clone)
[06:13:47] Player received: Blue_R(Clone)
[06:13:47] Enemy1 received: Yellow_5(Clone)
[06:13:47] Enemy2 received: CardW4(Clone)
[06:13:47] Enemy3 received: Blue_9(Clone)
[06:13:47] Player received: Blue_R(Clone)
[06:13:47] Enemy1 received: Red_0(Clone)
[06:13:47] Enemy2 received: Red_2(Clone)
[06:13:47] Enemy3 received: Green_7(Clone)
[06:13:47] Player received: Blue_D(Clone)
[06:13:47] Enemy1 received: Blue_S(Clone)
[06:13:47] Enemy2 received: Red_7(Clone)
[06:13:47] Enemy3 received: Green_4(Clone)
[06:13:47] Player received: Yellow_3(Clone)
[06:13:47] Enemy1 received: Blue_D(Clone)
[06:13:47] Enemy2 received: Green_2(Clone)
[06:13:47] Enemy3 received: Yellow_D(Clone)
[06:13:47] DiscardPile received: Green_D(Clone)
[06:13:47] Hello from PlayerManager.Draw2
[06:13:47] Dealt cards
[06:13:47] Top Deck Card:Yellow_1(Clone)
[06:13:47] Player: Drew Yellow_1(Clone)
[06:13:47] Top Deck Card:Blue_S(Clone)
[06:13:47] Player: Drew Blue_S(Clone)
[06:13:47] Player: Drew 2 cards
[06:13:47] Turns: 1
[06:13:47] Top card: Green_D(Clone) (UnityEngine.GameObject)
[06:13:47] Green_D(Clone) was added to PlayableCards
[06:13:47] CardW(Clone) was added to PlayableCards
[06:13:47] Green_4(Clone) was added to PlayableCards
[06:13:47] Blue_D(Clone) was added to PlayableCards
[06:13:47] Enemy 1: Played Green_D(Clone)
[06:13:47] HasPlayableCard = true
[06:13:47] Turns: 2
[06:13:47] Top card: Green_D(Clone) (UnityEngine.GameObject)
[06:13:47] Top Deck Card:Red_9(Clone)
[06:13:47] Enemy 2: Drew Red_9(Clone)
[06:13:47] Top Deck Card:Red_6(Clone)
[06:13:47] Enemy 2: Drew Red_6(Clone)
[06:13:47] Enemy 2: Drew 2 cards
[06:13:47] Turns: 3
[06:13:47] Top card: Green_D(Clone) (UnityEngine.GameObject)
[06:13:47] Green_2(Clone) was added to PlayableCards
[06:13:47] CardW(Clone) was added to PlayableCards
[06:13:47] Green_7(Clone) was added to PlayableCards
[06:13:47] Green_4(Clone) was added to PlayableCards
[06:13:47] Yellow_D(Clone) was added to PlayableCards
[06:13:47] Enemy 3: Played Yellow_D(Clone)
[06:13:47] HasPlayableCard = true
[06:13:47] Turns: 0
[06:13:47] Hello from PlayerManager.Draw2
[06:13:47] Top Deck Card:Green_0(Clone)
[06:13:47] Player: Drew Green_0(Clone)
[06:13:47] Top Deck Card:CardW4(Clone)
[06:13:47] Player: Drew CardW4(Clone)
[06:13:47] Player: Drew 2 cards
[06:13:47] Turns: 1
[06:13:47] Top card: Yellow_D(Clone) (UnityEngine.GameObject)
[06:13:47] CardW(Clone) was added to PlayableCards
[06:13:47] Yellow_5(Clone) was added to PlayableCards
[06:13:47] Blue_D(Clone) was added to PlayableCards
[06:13:47] Enemy 1: Played Blue_D(Clone)
[06:13:47] HasPlayableCard = true
[06:13:47] Turns: 2
[06:13:47] Top card: Blue_D(Clone) (UnityEngine.GameObject)
[06:13:47] Top Deck Card:Blue_7(Clone)
[06:13:47] Enemy 2: Drew Blue_7(Clone)
[06:13:47] Top Deck Card:Green_S(Clone)
[06:13:47] Enemy 2: Drew Green_S(Clone)
[06:13:47] Enemy 2: Drew 2 cards
[06:13:47] Turns: 3
[06:13:47] Top card: Blue_D(Clone) (UnityEngine.GameObject)
[06:13:47] CardW(Clone) was added to PlayableCards
[06:13:47] Blue_9(Clone) was added to PlayableCards
[06:13:47] Enemy 3: Played Blue_9(Clone)
[06:13:47] HasPlayableCard = true
[06:13:47] Removed Green_D(Clone) (UnityEngine.GameObject)
[06:13:47] Turns: 0
[06:13:47] Player: Played Blue_D(Clone)
[06:13:47] Removed Yellow_D(Clone) (UnityEngine.GameObject)
[06:13:47] Turns: 1
[06:13:47] Top card: Blue_D(Clone) (UnityEngine.GameObject)
[06:13:47] Top Deck Card:Red_6(Clone)
[06:13:47] Enemy 1: Drew Red_6(Clone)
[06:13:47] Top Deck Card:Red_D(Clone)
[06:13:47] Enemy 1: Drew Red_D(Clone)
[06:13:47] Enemy 1: Drew 2 cards
[06:13:47] Turns: 2
[06:13:47] Top card: Blue_D(Clone) (UnityEngine.GameObject)
[06:13:47] CardW4(Clone) was added to PlayableCards
[06:13:47] Blue_7(Clone) was added to PlayableCards
[06:13:47] Enemy 2: Played Blue_7(Clone)
[06:13:47] HasPlayableCard = true
[06:13:47] Removed Blue_D(Clone) (UnityEngine.GameObject)
[06:13:47] Turns: 3
[06:13:47] Top card: Blue_7(Clone) (UnityEngine.GameObject)
[06:13:47] CardW(Clone) was added to PlayableCards
[06:13:47] Green_7(Clone) was added to PlayableCards
[06:13:47] Enemy 3: Played Green_7(Clone)
[06:13:47] HasPlayableCard = true
[06:13:47] Removed Blue_9(Clone) (UnityEngine.GameObject)
[06:13:47] Turns: 0
[06:13:47] Player: Played Green_0(Clone)
[06:13:47] Removed Blue_D(Clone) (UnityEngine.GameObject)
[06:13:47] Turns: 1
[06:13:47] Top card: Green_0(Clone) (UnityEngine.GameObject)
[06:13:47] CardW(Clone) was added to PlayableCards
[06:13:47] Green_4(Clone) was added to PlayableCards
[06:13:47] Red_0(Clone) was added to PlayableCards
[06:13:47] Enemy 1: Played Green_4(Clone)
[06:13:47] HasPlayableCard = true
[06:13:47] Removed Blue_7(Clone) (UnityEngine.GameObject)
[06:13:47] Turns: 2
[06:13:47] Top card: Green_4(Clone) (UnityEngine.GameObject)
[06:13:47] CardW4(Clone) was added to PlayableCards
[06:13:47] Green_2(Clone) was added to PlayableCards
[06:13:47] Green_S(Clone) was added to PlayableCards
[06:13:47] Enemy 2: Played Green_S(Clone)
[06:13:47] HasPlayableCard = true
[06:13:47] Removed Green_7(Clone) (UnityEngine.GameObject)
[06:13:47] Turns: 3
[06:13:47] Top card: Green_S(Clone) (UnityEngine.GameObject)
[06:13:47] Turns: 0
[06:13:47] Player: Played Blue_S(Clone)
[06:13:47] Removed Green_0(Clone) (UnityEngine.GameObject)
[06:13:47] Turns: 1
[06:13:47] Top card: Blue_S(Clone) (UnityEngine.GameObject)
[06:13:47] Turns: 2
[06:13:47] Top card: Blue_S(Clone) (UnityEngine.GameObject)
[06:13:47] CardW4(Clone) was added to PlayableCards
[06:13:47] Enemy 2: Played CardW4(Clone)
[06:13:47] redCards: 6
[06:13:47] yellowCards: 1
[06:13:47] greenCards: 1
[06:13:47] blueCards: 0
[06:13:47] Largest number among 6, 1, 1 and 0 is 6
[06:13:47] wild color set to red
[06:13:47] HasPlayableCard = true
[06:13:47] Removed Green_4(Clone) (UnityEngine.GameObject)
[06:13:47] Turns: 3
[06:13:47] Top card: CardW4(Clone) (UnityEngine.GameObject)
[06:13:47] Top Deck Card:Yellow_2(Clone)
[06:13:47] Enemy 3: Drew Yellow_2(Clone)
[06:13:47] Top Deck Card:Yellow_5(Clone)
[06:13:47] Enemy 3: Drew Yellow_5(Clone)
[06:13:47] Top Deck Card:Green_R(Clone)
[06:13:47] Enemy 3: Drew Green_R(Clone)
[06:13:47] Turns: 0
[06:13:47] Top Deck Card:Yellow_4(Clone)
[06:13:47] Enemy 3: Drew Yellow_4(Clone)
[06:13:47] Enemy 3: Drew 4 cards
[06:13:47] Player: Played Red_D(Clone)
[06:13:47] Removed Green_S(Clone) (UnityEngine.GameObject)
[06:13:47] Turns: 1
[06:13:47] Top card: Red_D(Clone) (UnityEngine.GameObject)
[06:13:47] Top Deck Card:Red_8(Clone)
[06:13:47] Enemy 1: Drew Red_8(Clone)
[06:13:47] Top Deck Card:Blue_1(Clone)
[06:13:47] Enemy 1: Drew Blue_1(Clone)
[06:13:47] Enemy 1: Drew 2 cards
[06:13:47] Turns: 2
[06:13:47] Top card: Red_D(Clone) (UnityEngine.GameObject)
[06:13:47] Red_3(Clone) was added to PlayableCards
[06:13:47] Red_5(Clone) was added to PlayableCards
[06:13:47] Red_2(Clone) was added to PlayableCards
[06:13:47] Red_7(Clone) was added to PlayableCards
[06:13:47] Red_9(Clone) was added to PlayableCards
[06:13:47] Red_6(Clone) was added to PlayableCards
[06:13:47] Enemy 2: Played Red_3(Clone)
[06:13:47] HasPlayableCard = true
[06:13:47] Removed Blue_S(Clone) (UnityEngine.GameObject)
[06:13:47] Turns: 3
[06:13:47] Top card: Red_3(Clone) (UnityEngine.GameObject)
[06:13:47] CardW(Clone) was added to PlayableCards
[06:13:47] Enemy 3: Played CardW(Clone)
[06:13:47] redCards: 0
[06:13:47] yellowCards: 4
[06:13:47] greenCards: 3
[06:13:47] blueCards: 0
[06:13:47] Largest number among 0, 4, 3 and 0 is 4
[06:13:47] Largest number among 0, 4, 3 and 0 is 4
[06:13:47] wild color set to yellow
[06:13:47] HasPlayableCard = true
[06:13:47] Removed CardW4(Clone) (UnityEngine.GameObject)
[06:13:47] Turns: 0
[06:13:47] Player: Played Yellow_R(Clone)
[06:13:47] Removed Red_D(Clone) (UnityEngine.GameObject)
[06:13:47] Turns: 3
[06:46:46] Player received: Green_6(Clone)
[06:46:46] Enemy1 received: Yellow_S(Clone)
[06:46:46] Enemy2 received: CardW(Clone)
[06:46:46] Enemy3 received: Yellow_7(Clone)
[06:46:46] Player received: Green_4(Clone)
[06:46:46] Enemy1 received: Yellow_5(Clone)
[06:46:46] Enemy2 received: Yellow_2(Clone)
[06:46:46] Enemy3 received: Red_1(Clone)
[06:46:46] Player received: Green_S(Clone)
[06:46:46] Enemy1 received: CardW4(Clone)
[06:46:46] Enemy2 received: Green_5(Clone)
[06:46:46] Enemy3 received: Green_2(Clone)
[06:46:46] Player received: Blue_S(Clone)
[06:46:46] Enemy1 received: Blue_S(Clone)
[06:46:46] Enemy2 received: CardW4(Clone)
[06:46:46] Enemy3 received: CardW4(Clone)
[06:46:46] Player received: Yellow_S(Clone)
[06:46:46] Enemy1 received: Blue_4(Clone)
[06:46:46] Enemy2 received: Red_0(Clone)
[06:46:46] Enemy3 received: Blue_9(Clone)
[06:46:46] Player received: CardW(Clone)
[06:46:46] Enemy1 received: Blue_1(Clone)
[06:46:46] Enemy2 received: Red_D(Clone)
[06:46:46] Enemy3 received: Blue_9(Clone)
[06:46:46] Player received: Blue_3(Clone)
[06:46:46] Enemy1 received: Green_4(Clone)
[06:46:46] Enemy2 received: Red_9(Clone)
[06:46:46] Enemy3 received: Green_D(Clone)
[06:46:46] DiscardPile received: Red_9(Clone)
[06:46:46] Dealt cards
[06:46:46] Wild Menu shown
[06:46:46] Player: Played CardW(Clone)
[06:46:46] Player called Green
[06:46:46] Wild Menu hidden
