[12:25:02] Top card: 
[12:25:02] Top card: Yellow_6(Clone) (UnityEngine.GameObject)
[12:25:02] Top card: Yellow_6(Clone) (UnityEngine.GameObject)
[12:25:02] Top card: Yellow_6(Clone) (UnityEngine.GameObject)
[12:25:02] Top card: Yellow_6(Clone) (UnityEngine.GameObject)
[12:25:02] Top card: Yellow_6(Clone) (UnityEngine.GameObject)
[12:25:02] Top card: Yellow_6(Clone) (UnityEngine.GameObject)
[12:25:02] Top card: Yellow_6(Clone) (UnityEngine.GameObject)
[12:25:02] Top card: Yellow_6(Clone) (UnityEngine.GameObject)
[12:25:02] Top card: Yellow_6(Clone) (UnityEngine.GameObject)
[12:25:02] Top card: Yellow_6(Clone) (UnityEngine.GameObject)
[12:25:02] Top card: Yellow_6(Clone) (UnityEngine.GameObject)
[12:25:02] Top card: Yellow_6(Clone) (UnityEngine.GameObject)
[12:25:02] Top card: Yellow_6(Clone) (UnityEngine.GameObject)
[12:25:02] Top card: Yellow_6(Clone) (UnityEngine.GameObject)
[12:25:02] Top card: Yellow_6(Clone) (UnityEngine.GameObject)
[12:25:02] Top card: Yellow_6(Clone) (UnityEngine.GameObject)
[12:25:02] Top card: Yellow_6(Clone) (UnityEngine.GameObject)
[12:25:02] Top card: Yellow_6(Clone) (UnityEngine.GameObject)
[12:25:02] Top card: Yellow_6(Clone) (UnityEngine.GameObject)
[12:25:02] Top card: Yellow_6(Clone) (UnityEngine.GameObject)
[12:25:02] Top card: Yellow_6(Clone) (UnityEngine.GameObject)
[12:25:02] Top card: Yellow_6(Clone) (UnityEngine.GameObject)
[12:25:02] Top card: Yellow_6(Clone) (UnityEngine.GameObject)
[12:25:02] Top card: Yellow_6(Clone) (UnityEngine.GameObject)
[12:25:02] Top card: Yellow_6(Clone) (UnityEngine.GameObject)
[12:25:02] Top card: Yellow_6(Clone) (UnityEngine.GameObject)
[12:25:02] Top card: Yellow_6(Clone) (UnityEngine.GameObject)
[12:25:02] Top card: Yellow_6(Clone) (UnityEngine.GameObject)
[12:25:02] Player: played card
[12:25:02] Turns: 1
[12:25:02] DiscardCounter: 1
[12:25:02] Top card: Yellow_D(Clone) (UnityEngine.GameObject)
[12:25:02] Red_4(Clone) (UnityEngine.GameObject)
[12:25:02] Enemy 1: Drew Red_4(Clone) (UnityEngine.GameObject)
[12:25:02] Green_R(Clone) (UnityEngine.GameObject)
[12:25:02] Enemy 1: Drew Green_R(Clone) (UnityEngine.GameObject)
[12:25:02] Enemy 1: Drew 2 cards
[12:25:02] Skipped Enemy 1
[12:25:02] Skipped Enemy 2
[12:25:02] Skipped Enemy 3
