[02:22:06] Top card: 
[02:22:06] Delt cards
[02:22:06] Top card: Yellow_S(Clone) (UnityEngine.GameObject)
[02:22:06] Top card: Yellow_S(Clone) (UnityEngine.GameObject)
[02:22:06] Top card: Yellow_S(Clone) (UnityEngine.GameObject)
[02:22:06] Top card: Yellow_S(Clone) (UnityEngine.GameObject)
[02:22:06] Top card: Yellow_S(Clone) (UnityEngine.GameObject)
[02:22:06] Top card: Yellow_S(Clone) (UnityEngine.GameObject)
[02:22:06] Top card: Yellow_S(Clone) (UnityEngine.GameObject)
[02:22:06] Top card: Yellow_S(Clone) (UnityEngine.GameObject)
[02:22:06] Top card: Yellow_S(Clone) (UnityEngine.GameObject)
[02:22:06] Top card: Yellow_S(Clone) (UnityEngine.GameObject)
[02:22:06] Top card: Yellow_S(Clone) (UnityEngine.GameObject)
[02:22:06] Top card: Yellow_S(Clone) (UnityEngine.GameObject)
[02:22:06] Top card: Yellow_S(Clone) (UnityEngine.GameObject)
[02:22:06] Top card: Yellow_S(Clone) (UnityEngine.GameObject)
[02:22:06] Top card: Yellow_S(Clone) (UnityEngine.GameObject)
[02:22:06] Top card: Yellow_S(Clone) (UnityEngine.GameObject)
[02:22:06] Top card: Yellow_S(Clone) (UnityEngine.GameObject)
[02:22:06] Top card: Yellow_S(Clone) (UnityEngine.GameObject)
[02:22:06] Top card: Yellow_S(Clone) (UnityEngine.GameObject)
[02:22:06] Top card: Yellow_S(Clone) (UnityEngine.GameObject)
[02:22:06] Top card: Yellow_S(Clone) (UnityEngine.GameObject)
[02:22:06] Top card: Yellow_S(Clone) (UnityEngine.GameObject)
[02:22:06] Top card: Yellow_S(Clone) (UnityEngine.GameObject)
[02:22:06] Top card: Yellow_S(Clone) (UnityEngine.GameObject)
[02:22:06] Top card: Yellow_S(Clone) (UnityEngine.GameObject)
[02:22:06] Top card: Yellow_S(Clone) (UnityEngine.GameObject)
[02:22:06] Top card: Yellow_S(Clone) (UnityEngine.GameObject)
[02:22:06] Top card: Yellow_S(Clone) (UnityEngine.GameObject)
[02:22:06] Turns: 1
[02:22:06] Player: Played Yellow_6(Clone) (UnityEngine.GameObject)
[02:22:06] Turns: 1
[02:22:06] DiscardCounter: 1
[02:22:06] Top card: Yellow_6(Clone) (UnityEngine.GameObject)
[02:22:06] Top card: Yellow_6(Clone) (UnityEngine.GameObject)
[02:22:06] Turns: 2
[02:22:06] Enemy 1: Green_0(Clone) (UnityEngine.GameObject) (Card 0) did not match
[02:22:06] Turns: 3
[02:22:06] Enemy 1: Blue_5(Clone) (UnityEngine.GameObject) (Card 1) did not match
[02:22:06] Enemy 1: Played Yellow_2(Clone) (UnityEngine.GameObject) (Card 2)
[02:22:06] Turns: 4
[05:46:52] Top card: 
[05:46:52] Delt cards
[05:46:52] Top card: 
[05:46:52] Top card: 
[05:46:52] Top card: 
[05:46:52] Top card: 
[05:46:52] Top card: 
[05:46:52] Top card: 
[05:46:52] Top card: 
[05:46:52] Top card: 
[05:46:52] Top card: 
[05:46:52] Top card: 
[05:46:52] Top card: 
[05:46:52] Top card: 
[05:46:52] Top card: 
[05:46:52] Top card: 
[05:46:52] Top card: 
[05:46:52] Top card: 
[05:46:52] Top card: 
[05:46:52] Top card: 
[05:46:52] Top card: 
[05:46:52] Top card: 
[05:46:52] Player: Played CardW(Clone) (UnityEngine.GameObject)
