[01:53:44] Top card: 
[01:53:44] Delt cards
[01:53:44] Top card: Yellow_4(Clone) (UnityEngine.GameObject)
[01:53:44] Top card: Yellow_4(Clone) (UnityEngine.GameObject)
[01:53:44] Top card: Yellow_4(Clone) (UnityEngine.GameObject)
[01:53:44] Top card: Yellow_4(Clone) (UnityEngine.GameObject)
[01:53:44] Top card: Yellow_4(Clone) (UnityEngine.GameObject)
[01:53:44] Top card: Yellow_4(Clone) (UnityEngine.GameObject)
[01:53:44] Top card: Yellow_4(Clone) (UnityEngine.GameObject)
[01:53:44] Top card: Yellow_4(Clone) (UnityEngine.GameObject)
[01:53:44] Top card: Yellow_4(Clone) (UnityEngine.GameObject)
[01:53:44] Top card: Yellow_4(Clone) (UnityEngine.GameObject)
[01:53:44] Top card: Yellow_4(Clone) (UnityEngine.GameObject)
[01:53:44] Top card: Yellow_4(Clone) (UnityEngine.GameObject)
[01:53:44] Top card: Yellow_4(Clone) (UnityEngine.GameObject)
[01:53:44] Top card: Yellow_4(Clone) (UnityEngine.GameObject)
[01:53:44] Top card: Yellow_4(Clone) (UnityEngine.GameObject)
[01:53:44] Top card: Yellow_4(Clone) (UnityEngine.GameObject)
[01:53:44] Top card: Yellow_4(Clone) (UnityEngine.GameObject)
[01:53:44] Top card: Yellow_4(Clone) (UnityEngine.GameObject)
[01:53:44] Top card: Yellow_4(Clone) (UnityEngine.GameObject)
[01:53:44] Top card: Yellow_4(Clone) (UnityEngine.GameObject)
[01:53:44] Top card: Yellow_4(Clone) (UnityEngine.GameObject)
[01:53:44] Top card: Yellow_4(Clone) (UnityEngine.GameObject)
[01:53:44] Top card: Yellow_4(Clone) (UnityEngine.GameObject)
[01:53:44] Top card: Yellow_4(Clone) (UnityEngine.GameObject)
[01:53:44] Top card: Yellow_4(Clone) (UnityEngine.GameObject)
[01:53:44] Top card: Yellow_4(Clone) (UnityEngine.GameObject)
[01:53:44] Top card: Yellow_4(Clone) (UnityEngine.GameObject)
[01:53:44] Top card: Yellow_4(Clone) (UnityEngine.GameObject)
[01:53:44] Turns: 1
[01:53:44] Player: Played Red_4(Clone) (UnityEngine.GameObject)
[01:53:44] Turns: 1
[01:53:44] DiscardCounter: 1
[01:53:44] Top card: Red_4(Clone) (UnityEngine.GameObject)
[01:53:44] Top card: Red_4(Clone) (UnityEngine.GameObject)
[01:53:44] Enemy 1: Played Red_9(Clone) (UnityEngine.GameObject) (Card 0)
[01:53:44] Turns: 2
[01:53:44] Top card: Red_9(Clone) (UnityEngine.GameObject)
[01:53:44] Top card: Red_9(Clone) (UnityEngine.GameObject)
[01:53:44] Turns: 3
[01:53:44] Enemy 2: Green_5(Clone) (UnityEngine.GameObject) (Card 0) did not match
[01:53:44] Turns: 4
[01:53:44] Enemy 2: Blue_R(Clone) (UnityEngine.GameObject) (Card 1) did not match
[01:53:44] Turns: 5
[01:53:44] Enemy 2: Green_3(Clone) (UnityEngine.GameObject) (Card 2) did not match
[01:53:44] Turns: 6
[01:53:44] Enemy 2: Blue_7(Clone) (UnityEngine.GameObject) (Card 3) did not match
[01:53:44] Enemy 2: Played Red_8(Clone) (UnityEngine.GameObject) (Card 4)
[01:53:44] Turns: 7
[01:53:44] Turns: 8
[01:53:44] Player: Played Red_9(Clone) (UnityEngine.GameObject)
[01:53:44] Turns: 8
[01:53:44] DiscardCounter: 1
[04:44:23] Top card: 
