[04:32:21] Player received: Yellow_D(Clone)
[04:32:21] Enemy1 received: CardW4(Clone)
[04:32:21] Enemy2 received: Red_6(Clone)
[04:32:21] Enemy3 received: Red_5(Clone)
[04:32:21] Player received: Blue_4(Clone)
[04:32:21] Enemy1 received: Blue_S(Clone)
[04:32:21] Enemy2 received: Red_D(Clone)
[04:32:21] Enemy3 received: Red_D(Clone)
[04:32:21] Player received: Green_6(Clone)
[04:32:21] Enemy1 received: Yellow_2(Clone)
[04:32:21] Enemy2 received: Blue_S(Clone)
[04:32:21] Enemy3 received: Red_7(Clone)
[04:32:21] Player received: Green_2(Clone)
[04:32:21] Enemy1 received: Blue_D(Clone)
[04:32:21] Enemy2 received: CardW4(Clone)
[04:32:21] Enemy3 received: Red_8(Clone)
[04:32:21] Player received: Yellow_8(Clone)
[04:32:21] Enemy1 received: Red_7(Clone)
[04:32:21] Enemy2 received: Green_3(Clone)
[04:32:21] Enemy3 received: CardW(Clone)
[04:32:21] Player received: Blue_6(Clone)
[04:32:21] Enemy1 received: Blue_3(Clone)
[04:32:21] Enemy2 received: Blue_6(Clone)
[04:32:21] Enemy3 received: CardW(Clone)
[04:32:21] Player received: Red_R(Clone)
[04:32:21] Enemy1 received: Yellow_5(Clone)
[04:32:21] Enemy2 received: CardW(Clone)
[04:32:21] Enemy3 received: Green_8(Clone)
[04:32:21] DiscardPile received: Green_4(Clone)
[04:32:21] Dealt cards
[04:32:21] Player: Played Green_6
[04:32:21] Turns: 1
[04:32:21] Top card: Green_6(Clone) (UnityEngine.GameObject)
[04:32:21] CardW4(Clone) (UnityEngine.GameObject) was added to PlayableCards
[04:32:21] Enemy 1: Played CardW4(Clone)
[04:32:21] redCards: 1
[04:32:21] yellowCards: 2
[04:32:21] greenCards: 0
[04:32:21] blueCards: 3
[04:32:21] Largest number among 1, 2, 0 and 3 is 3
[04:32:21] Largest number among 1, 2, 0 and 3 is 3
[04:32:21] Largest number among 1, 2, 0 and 3 is 3
[04:32:21] Largest number among 1, 2, 0 and 3 is 3
[04:32:21] wild color set to blue
[04:32:21] HasPlayableCard = true
[04:32:21] Turns: 2
[04:32:21] Top card: CardW4(Clone) (UnityEngine.GameObject)
[04:32:21] Top Deck Card:Blue_D(Clone) (UnityEngine.GameObject)
[04:32:21] Enemy 2: Drew Blue_D(Clone) (UnityEngine.GameObject)
[04:32:21] Top Deck Card:Yellow_6(Clone) (UnityEngine.GameObject)
[04:32:21] Enemy 2: Drew Yellow_6(Clone) (UnityEngine.GameObject)
[04:32:21] Top Deck Card:Green_1(Clone) (UnityEngine.GameObject)
[04:32:21] Enemy 2: Drew Green_1(Clone) (UnityEngine.GameObject)
[04:32:21] Turns: 3
[04:32:21] Top card: CardW4(Clone) (UnityEngine.GameObject)
[04:32:21] CardW(Clone) (UnityEngine.GameObject) was added to PlayableCards
[04:32:21] CardW(Clone) (UnityEngine.GameObject) was added to PlayableCards
[04:32:21] Enemy 3: Played CardW(Clone)
[04:32:21] redCards: 4
[04:32:21] yellowCards: 0
[04:32:21] greenCards: 1
[04:32:21] blueCards: 0
[04:32:21] Largest number among 4, 0, 1 and 0 is 4
[04:32:21] wild color set to red
[04:32:21] HasPlayableCard = true
[04:32:21] Top Deck Card:Yellow_0(Clone) (UnityEngine.GameObject)
[04:32:21] Enemy 2: Drew Yellow_0(Clone) (UnityEngine.GameObject)
[04:32:21] Enemy 2: Drew 4 cards
[04:32:21] Turns: 0
[04:32:21] Player: Played Red_R
[04:32:21] Removed Green_6(Clone) (UnityEngine.GameObject)
[04:32:21] Turns: 3
[04:32:21] Top card: Red_R(Clone) (UnityEngine.GameObject)
[04:32:21] Red_5(Clone) (UnityEngine.GameObject) was added to PlayableCards
[04:32:21] Red_D(Clone) (UnityEngine.GameObject) was added to PlayableCards
[04:32:21] Red_7(Clone) (UnityEngine.GameObject) was added to PlayableCards
[04:32:21] Red_8(Clone) (UnityEngine.GameObject) was added to PlayableCards
[04:32:21] CardW(Clone) (UnityEngine.GameObject) was added to PlayableCards
[04:32:21] Enemy 3: Played Red_D(Clone)
[04:32:21] HasPlayableCard = true
[04:32:21] Removed CardW4(Clone) (UnityEngine.GameObject)
[04:32:21] Turns: 2
[04:32:21] Top card: Red_D(Clone) (UnityEngine.GameObject)
[04:32:21] Top Deck Card:Red_9(Clone) (UnityEngine.GameObject)
[04:32:21] Enemy 2: Drew Red_9(Clone) (UnityEngine.GameObject)
[04:32:21] Top Deck Card:Red_R(Clone) (UnityEngine.GameObject)
[04:32:21] Enemy 2: Drew Red_R(Clone) (UnityEngine.GameObject)
[04:32:21] Enemy 2: Drew 2 cards
[04:32:21] Turns: 1
[04:32:21] Top card: Red_D(Clone) (UnityEngine.GameObject)
[04:32:21] Blue_D(Clone) (UnityEngine.GameObject) was added to PlayableCards
[04:32:21] Red_7(Clone) (UnityEngine.GameObject) was added to PlayableCards
[04:32:21] Enemy 1: Played Blue_D(Clone)
[04:32:21] HasPlayableCard = true
[04:32:21] Removed CardW(Clone) (UnityEngine.GameObject)
[04:32:21] Turns: 0
[04:32:21] Hello from PlayerManager.Draw2
[04:32:21] Top Deck Card:Blue_D(Clone) (UnityEngine.GameObject)
[04:32:21] Player: Drew Blue_D(Clone) (UnityEngine.GameObject)
[04:32:21] Top Deck Card:Green_D(Clone) (UnityEngine.GameObject)
[04:32:21] Player: Drew Green_D(Clone) (UnityEngine.GameObject)
[04:32:21] Player: Drew 2 cards
[04:32:21] Turns: 3
[04:32:21] Top card: Blue_D(Clone) (UnityEngine.GameObject)
[04:32:21] CardW(Clone) (UnityEngine.GameObject) was added to PlayableCards
[04:32:21] Enemy 3: Played CardW(Clone)
[04:32:21] redCards: 3
[04:32:21] yellowCards: 0
[04:32:21] greenCards: 1
[04:32:21] blueCards: 0
[04:32:21] Largest number among 3, 0, 1 and 0 is 3
[04:32:21] wild color set to red
[04:32:21] HasPlayableCard = true
[04:32:21] Removed Red_R(Clone) (UnityEngine.GameObject)
[04:32:21] Turns: 2
[04:32:21] Top card: CardW(Clone) (UnityEngine.GameObject)
[04:32:21] Red_6(Clone) (UnityEngine.GameObject) was added to PlayableCards
[04:32:21] Red_D(Clone) (UnityEngine.GameObject) was added to PlayableCards
[04:32:21] CardW4(Clone) (UnityEngine.GameObject) was added to PlayableCards
[04:32:21] CardW(Clone) (UnityEngine.GameObject) was added to PlayableCards
[04:32:21] Red_9(Clone) (UnityEngine.GameObject) was added to PlayableCards
[04:32:21] Red_R(Clone) (UnityEngine.GameObject) was added to PlayableCards
[04:32:21] Enemy 2: Played Red_D(Clone)
[04:32:21] HasPlayableCard = true
[04:32:21] Removed Red_D(Clone) (UnityEngine.GameObject)
[04:32:21] Turns: 1
[04:32:21] Top card: Red_D(Clone) (UnityEngine.GameObject)
[04:32:21] Top Deck Card:CardW(Clone) (UnityEngine.GameObject)
[04:32:21] Enemy 1: Drew CardW(Clone) (UnityEngine.GameObject)
[04:32:21] Top Deck Card:Blue_8(Clone) (UnityEngine.GameObject)
[04:32:21] Enemy 1: Drew Blue_8(Clone) (UnityEngine.GameObject)
[04:32:21] Enemy 1: Drew 2 cards
[04:32:21] Turns: 0
