[06:34:49]Last card index 
[06:34:49]Last card index Blue_6(Clone) (UnityEngine.GameObject)
[06:34:49]Last card index Blue_6(Clone) (UnityEngine.GameObject)
[06:34:49]Last card index Blue_6(Clone) (UnityEngine.GameObject)
[06:34:49]Last card index Blue_6(Clone) (UnityEngine.GameObject)
[06:34:49]Last card index Blue_6(Clone) (UnityEngine.GameObject)
[06:34:49]Last card index Blue_6(Clone) (UnityEngine.GameObject)
[06:34:49]Last card index Blue_6(Clone) (UnityEngine.GameObject)
[06:34:49]Last card index Blue_6(Clone) (UnityEngine.GameObject)
[06:34:49]Last card index Blue_6(Clone) (UnityEngine.GameObject)
[06:34:49]Last card index Blue_6(Clone) (UnityEngine.GameObject)
[06:34:49]Last card index Blue_6(Clone) (UnityEngine.GameObject)
[06:34:49]Last card index Blue_6(Clone) (UnityEngine.GameObject)
[06:34:49]Last card index Blue_6(Clone) (UnityEngine.GameObject)
[06:34:49]Last card index Blue_6(Clone) (UnityEngine.GameObject)
[06:34:49]Last card index Blue_6(Clone) (UnityEngine.GameObject)
[06:34:49]Last card index Blue_6(Clone) (UnityEngine.GameObject)
[06:34:49]Last card index Blue_6(Clone) (UnityEngine.GameObject)
[06:34:49]Last card index Blue_6(Clone) (UnityEngine.GameObject)
[06:34:49]Last card index Blue_6(Clone) (UnityEngine.GameObject)
[06:34:49]Last card index Blue_6(Clone) (UnityEngine.GameObject)
[06:34:49]Last card index Blue_6(Clone) (UnityEngine.GameObject)
[06:34:49]Last card index Blue_6(Clone) (UnityEngine.GameObject)
[06:34:49]Last card index Blue_6(Clone) (UnityEngine.GameObject)
[06:34:49]Last card index Blue_6(Clone) (UnityEngine.GameObject)
[06:34:49]Last card index Blue_6(Clone) (UnityEngine.GameObject)
[06:34:49]Last card index Blue_6(Clone) (UnityEngine.GameObject)
[06:34:49]Last card index Blue_6(Clone) (UnityEngine.GameObject)
[06:34:49]Last card index Blue_6(Clone) (UnityEngine.GameObject)
[06:34:49]Player: played card
[06:34:49]Turns = 1
[06:34:49]DiscardCounter: 1
[06:34:49]The top card is BlueZero
[06:34:49]Enemy 1: Card couldn't be played
[06:34:49]Enemy 1: Skiping turn
[06:34:49]The top card is BlueZero
[06:34:49]Enemy 1: Card couldn't be played
[06:34:49]Enemy 1: Skiping turn
[06:34:49]The top card is BlueZero
[06:34:49]Enemy 1: Card couldn't be played
[06:34:49]Enemy 1: Skiping turn
[06:34:49]The top card is BlueZero
[06:34:49]Enemy 1: Card couldn't be played
[06:34:49]Enemy 1: Skiping turn
[06:34:49]The top card is BlueZero
[06:34:49]Enemy 1: Played card
[06:34:49]Turns = 2
[06:34:49]The top card is BlueSeven
[06:34:49]Enemy 2: Played card
[06:34:49]Turns = 3
[06:34:49]The top card is BlueSeven
[06:34:49]Enemy 3: Card couldn't be played
[06:34:49]Enemy 3: Skiping turn
[06:34:49]The top card is BlueSeven
[06:34:49]Enemy 3: Card couldn't be played
[06:34:49]Enemy 3: Skiping turn
[06:34:49]The top card is BlueSeven
[06:34:49]Enemy 3: Card couldn't be played
[06:34:49]Enemy 3: Skiping turn
[06:34:49]The top card is BlueSeven
[06:34:49]Enemy 3: Card couldn't be played
[06:34:49]Enemy 3: Skiping turn
[06:34:49]The top card is BlueSeven
[06:34:49]Enemy 3: Card couldn't be played
[06:34:49]Enemy 3: Skiping turn
[06:34:49]The top card is BlueSeven
[06:34:49]Enemy 3: Played card
[06:34:49]Turns = 0
