[08:35:08] Top card: 
[08:35:08] Delt cards
[08:35:08] Top card: 
[08:35:08] Top card: 
[08:35:08] Top card: 
[08:35:08] Top card: 
[08:35:08] Top card: 
[08:35:08] Top card: 
[08:35:08] Top card: 
[08:35:08] Top card: 
[08:35:08] Top card: 
[08:35:08] Top card: 
[08:35:08] Top card: 
[08:35:08] Top card: 
[08:35:08] Top card: 
[08:35:08] Top card: 
[08:35:08] Top card: 
[08:35:08] Top card: 
[08:35:08] Top card: 
[08:35:08] Top card: 
[08:35:08] Top card: 
[08:35:08] Top card: 
[08:35:08] Top card: 
[08:35:08] Top card: 
[08:35:08] Top card: 
[08:35:08] Top card: 
[08:35:08] Top card: 
[08:35:08] Top card: 
[08:35:08] Top card: 
[08:35:08] Top card: 
[08:35:08] Top card: Red_D(Clone) (UnityEngine.GameObject)
[08:59:29] Top card: 
[08:59:29] Delt cards
[08:59:29] Top card: 
[08:59:29] Top card: 
[08:59:29] Top card: 
[08:59:29] Top card: 
[08:59:29] Top card: 
[08:59:29] Top card: 
[08:59:29] Top card: 
[08:59:29] Top card: 
[08:59:29] Top card: 
[08:59:29] Top card: 
[08:59:29] Top card: 
[08:59:29] Top card: 
[08:59:29] Top card: 
[08:59:29] Top card: 
[08:59:29] Top card: 
[08:59:29] Top card: 
[08:59:29] Top card: 
[08:59:29] Top card: 
[08:59:29] Top card: 
[08:59:29] Top card: 
[08:59:29] Top card: 
[08:59:29] Top card: 
[08:59:29] Top card: 
[08:59:29] Top card: 
[08:59:29] Top card: 
[08:59:29] Top card: 
[08:59:29] Top card: 
[08:59:29] Top card: 
[03:18:41] Top card: 
[03:18:41] Delt cards
[03:18:41] Player: Played Red_1(Clone) (UnityEngine.GameObject)
[03:18:41] Turns: 1
[03:18:41] Turns: 1
[03:18:41] Top card: Red_1(Clone) (UnityEngine.GameObject)
[03:18:41] Top card: Red_1(Clone) (CardProperties)
[03:18:41] Enemy 1: Green_2(Clone) (UnityEngine.GameObject) (Card 0) did not match
[03:18:41] Top card: Red_1(Clone) (CardProperties)
[03:18:41] Enemy 1: Green_0(Clone) (UnityEngine.GameObject) (Card 1) did not match
[03:18:41] Top card: Red_1(Clone) (CardProperties)
[03:18:41] Enemy 1: Played Blue_1(Clone) (UnityEngine.GameObject) (Card 2)
[03:18:41] Turns: 2
[03:18:41] HasFoundMatch = False
[03:18:41] Top Deck Card:Green_2(Clone) (UnityEngine.GameObject)
[03:18:41] Enemy 1: Drew Green_2(Clone) (UnityEngine.GameObject)
[03:18:41] Enemy 1: Drew 1 cards
[03:18:41] Top card: Blue_1(Clone) (CardProperties)
[03:18:41] Top card: Blue_1(Clone) (UnityEngine.GameObject)
[03:18:41] Top card: Blue_1(Clone) (CardProperties)
[03:18:41] Enemy 2: Played Blue_2(Clone) (UnityEngine.GameObject) (Card 0)
[03:18:41] Turns: 3
[03:18:41] HasFoundMatch = False
[03:18:41] Top Deck Card:Blue_4(Clone) (UnityEngine.GameObject)
[03:18:41] Enemy 2: Drew Blue_4(Clone) (UnityEngine.GameObject)
[03:18:41] Enemy 2: Drew 1 cards
[03:18:41] Top card: Blue_2(Clone) (CardProperties)
[03:18:41] Top card: Blue_2(Clone) (UnityEngine.GameObject)
[03:18:41] Top card: Blue_2(Clone) (CardProperties)
[03:18:41] Enemy 3: Green_6(Clone) (UnityEngine.GameObject) (Card 0) did not match
[03:18:41] Top card: Blue_2(Clone) (CardProperties)
[03:18:41] Enemy 3: Played Blue_0(Clone) (UnityEngine.GameObject) (Card 1)
[03:18:41] Turns: 0
[03:18:41] HasFoundMatch = False
[03:18:41] Top Deck Card:Red_3(Clone) (UnityEngine.GameObject)
[03:18:41] Enemy 3: Drew Red_3(Clone) (UnityEngine.GameObject)
[03:18:41] Enemy 3: Drew 1 cards
[03:18:41] Top card: Blue_0(Clone) (CardProperties)
[03:18:41] Player: Played Red_0(Clone) (UnityEngine.GameObject)
[03:18:41] Turns: 1
[03:18:41] Turns: 1
[03:18:41] Top card: Red_0(Clone) (UnityEngine.GameObject)
[03:18:41] Top card: Red_0(Clone) (CardProperties)
[03:18:41] Enemy 1: Green_2(Clone) (UnityEngine.GameObject) (Card 0) did not match
[03:18:41] Top card: Red_0(Clone) (CardProperties)
[03:18:41] Enemy 1: Played Green_0(Clone) (UnityEngine.GameObject) (Card 1)
[03:18:41] Turns: 2
[03:18:41] HasFoundMatch = False
[03:18:41] Top Deck Card:CardW(Clone) (UnityEngine.GameObject)
[03:18:41] Enemy 1: Drew CardW(Clone) (UnityEngine.GameObject)
[03:18:41] Enemy 1: Drew 1 cards
[03:18:41] Top card: Green_0(Clone) (CardProperties)
[03:18:41] Enemy 1: Played Green_2(Clone) (UnityEngine.GameObject) (Card 0)
[03:18:41] Turns: 3
[03:18:41] Top card: Green_2(Clone) (UnityEngine.GameObject)
[03:18:41] Top card: Green_2(Clone) (CardProperties)
[03:18:41] Enemy 3: Played Green_6(Clone) (UnityEngine.GameObject) (Card 0)
[03:18:41] Turns: 0
[03:18:41] HasFoundMatch = False
[03:18:41] Top Deck Card:Blue_D(Clone) (UnityEngine.GameObject)
[03:18:41] Enemy 3: Drew Blue_D(Clone) (UnityEngine.GameObject)
[03:18:41] Enemy 3: Drew 1 cards
[03:18:41] Top card: Green_6(Clone) (CardProperties)
[03:18:41] Player: Played Blue_6(Clone) (UnityEngine.GameObject)
[03:18:41] Turns: 1
[03:18:41] Turns: 1
[03:18:41] Top card: Blue_6(Clone) (UnityEngine.GameObject)
[03:18:41] Top card: Blue_6(Clone) (CardProperties)
[03:18:41] Enemy 1: Played Blue_7(Clone) (UnityEngine.GameObject) (Card 0)
[03:18:41] Turns: 2
[03:18:41] HasFoundMatch = False
[03:18:41] Top Deck Card:Blue_6(Clone) (UnityEngine.GameObject)
[03:18:41] Enemy 1: Drew Blue_6(Clone) (UnityEngine.GameObject)
[03:18:41] Enemy 1: Drew 1 cards
[03:18:41] Top card: Blue_7(Clone) (CardProperties)
[03:18:41] Enemy 1: Played Blue_3(Clone) (UnityEngine.GameObject) (Card 0)
[03:18:41] Turns: 3
[03:18:41] Top card: Blue_3(Clone) (UnityEngine.GameObject)
[03:18:41] Top card: Blue_3(Clone) (CardProperties)
[03:18:41] Enemy 3: Yellow_5(Clone) (UnityEngine.GameObject) (Card 0) did not match
[03:18:41] Top card: Blue_3(Clone) (CardProperties)
[03:18:41] Enemy 3: Played Blue_4(Clone) (UnityEngine.GameObject) (Card 1)
[03:18:41] Turns: 0
[03:18:41] HasFoundMatch = False
[03:18:41] Top Deck Card:Green_1(Clone) (UnityEngine.GameObject)
[03:18:41] Enemy 3: Drew Green_1(Clone) (UnityEngine.GameObject)
[03:18:41] Enemy 3: Drew 1 cards
[03:18:41] Top card: Blue_4(Clone) (CardProperties)
[03:18:41] Player: Played Blue_S(Clone) (UnityEngine.GameObject)
[03:18:41] Turns: 1
[03:18:41] Turns: 1
[03:18:41] Top card: Blue_S(Clone) (UnityEngine.GameObject)
[03:18:41] Skipped Enemy 1
[03:18:41] Top card: Blue_S(Clone) (UnityEngine.GameObject)
[03:18:41] Top card: Blue_S(Clone) (CardProperties)
[03:18:41] Enemy 2: Green_8(Clone) (UnityEngine.GameObject) (Card 0) did not match
[03:18:41] Top card: Blue_S(Clone) (CardProperties)
[03:18:41] Enemy 2: Green_3(Clone) (UnityEngine.GameObject) (Card 1) did not match
[03:18:41] Top card: Blue_S(Clone) (CardProperties)
[03:18:41] Enemy 2: Yellow_8(Clone) (UnityEngine.GameObject) (Card 2) did not match
[03:18:41] Top card: Blue_S(Clone) (CardProperties)
[03:18:41] Enemy 2: Yellow_4(Clone) (UnityEngine.GameObject) (Card 3) did not match
[03:18:41] Top card: Blue_S(Clone) (CardProperties)
[03:18:41] Enemy 2: Played Blue_1(Clone) (UnityEngine.GameObject) (Card 4)
[03:18:41] Turns: 3
[03:18:41] HasFoundMatch = False
[03:18:41] Top Deck Card:Yellow_5(Clone) (UnityEngine.GameObject)
[03:18:41] Enemy 2: Drew Yellow_5(Clone) (UnityEngine.GameObject)
[03:18:41] Enemy 2: Drew 1 cards
[03:18:41] Top card: Blue_1(Clone) (CardProperties)
[03:18:41] Top card: Blue_1(Clone) (UnityEngine.GameObject)
[03:18:41] Top card: Blue_1(Clone) (CardProperties)
[03:18:41] Enemy 3: Yellow_5(Clone) (UnityEngine.GameObject) (Card 0) did not match
[03:18:41] Top card: Blue_1(Clone) (CardProperties)
[03:18:41] Enemy 3: Red_2(Clone) (UnityEngine.GameObject) (Card 1) did not match
[03:18:41] Top card: Blue_1(Clone) (CardProperties)
[03:18:41] Enemy 3: CardW(Clone) (UnityEngine.GameObject) (Card 2) did not match
[03:18:41] Top card: Blue_1(Clone) (CardProperties)
[03:18:41] Enemy 3: Yellow_2(Clone) (UnityEngine.GameObject) (Card 3) did not match
[03:18:41] Top card: Blue_1(Clone) (CardProperties)
[03:18:41] Enemy 3: Red_3(Clone) (UnityEngine.GameObject) (Card 4) did not match
[03:18:41] Top card: Blue_1(Clone) (CardProperties)
[03:18:41] Enemy 3: Played Blue_D(Clone) (UnityEngine.GameObject) (Card 5)
[03:18:41] Turns: 0
[03:18:41] HasFoundMatch = False
[03:18:41] Top Deck Card:Green_S(Clone) (UnityEngine.GameObject)
[03:18:41] Enemy 3: Drew Green_S(Clone) (UnityEngine.GameObject)
[03:18:41] Enemy 3: Drew 1 cards
[03:18:41] Top card: Blue_D(Clone) (CardProperties)
[03:18:41] Player: Played CardW4(Clone) (UnityEngine.GameObject)
[03:18:41] Wild Menu shown
[03:18:41] Turns: 1
[03:18:41] Turns: 1
[03:18:41] Player called red
[03:18:41] Wild Menu hidden
[03:18:41] Top card: CardW4(Clone) (UnityEngine.GameObject)
[03:18:41] Top Deck Card:Yellow_6(Clone) (UnityEngine.GameObject)
[03:18:41] Enemy 1: Drew Yellow_6(Clone) (UnityEngine.GameObject)
[03:18:41] Top Deck Card:Blue_2(Clone) (UnityEngine.GameObject)
[03:18:41] Enemy 1: Drew Blue_2(Clone) (UnityEngine.GameObject)
[03:18:41] Top Deck Card:Red_8(Clone) (UnityEngine.GameObject)
[03:18:41] Enemy 1: Drew Red_8(Clone) (UnityEngine.GameObject)
[03:18:41] Top Deck Card:Yellow_0(Clone) (UnityEngine.GameObject)
[03:18:41] Enemy 1: Drew Yellow_0(Clone) (UnityEngine.GameObject)
[03:18:41] Enemy 1: Drew 4 cards
[03:18:41] Skipped Enemy 1
[03:18:41] Top card: CardW4(Clone) (UnityEngine.GameObject)
[03:18:41] Top card: CardW4(Clone) (CardProperties)
[03:18:41] Enemy 2: Green_8(Clone) (UnityEngine.GameObject) (Card 0) did not match
[03:18:41] Top card: CardW4(Clone) (CardProperties)
[03:18:41] Enemy 2: Green_3(Clone) (UnityEngine.GameObject) (Card 1) did not match
[03:18:41] Top card: CardW4(Clone) (CardProperties)
[03:18:41] Enemy 2: Yellow_8(Clone) (UnityEngine.GameObject) (Card 2) did not match
[03:18:41] Top card: CardW4(Clone) (CardProperties)
[03:18:41] Enemy 2: Yellow_4(Clone) (UnityEngine.GameObject) (Card 3) did not match
[03:18:41] Top card: CardW4(Clone) (CardProperties)
[03:18:41] Enemy 2: Blue_9(Clone) (UnityEngine.GameObject) (Card 4) did not match
[03:18:41] Top card: CardW4(Clone) (CardProperties)
[03:18:41] Enemy 2: Blue_4(Clone) (UnityEngine.GameObject) (Card 5) did not match
[03:18:41] Top card: CardW4(Clone) (CardProperties)
[03:18:41] Enemy 2: Yellow_5(Clone) (UnityEngine.GameObject) (Card 6) did not match
[03:18:41] HasFoundMatch = False
[03:18:41] Top Deck Card:Blue_9(Clone) (UnityEngine.GameObject)
[03:18:41] Enemy 2: Drew Blue_9(Clone) (UnityEngine.GameObject)
[03:18:41] Enemy 2: Drew 1 cards
[03:18:41] Top card: CardW4(Clone) (CardProperties)
[03:18:41] Top card: CardW4(Clone) (UnityEngine.GameObject)
[03:18:41] Top card: CardW4(Clone) (CardProperties)
[03:18:41] Enemy 2: Green_8(Clone) (UnityEngine.GameObject) (Card 0) did not match
[03:18:41] Top card: CardW4(Clone) (CardProperties)
[03:18:41] Enemy 2: Green_3(Clone) (UnityEngine.GameObject) (Card 1) did not match
[03:18:41] Top card: CardW4(Clone) (CardProperties)
[03:18:41] Enemy 2: Yellow_8(Clone) (UnityEngine.GameObject) (Card 2) did not match
[03:18:41] Top card: CardW4(Clone) (CardProperties)
[03:18:41] Enemy 2: Yellow_4(Clone) (UnityEngine.GameObject) (Card 3) did not match
[03:18:41] Top card: CardW4(Clone) (CardProperties)
[03:18:41] Enemy 2: Blue_9(Clone) (UnityEngine.GameObject) (Card 4) did not match
[03:18:41] Top card: CardW4(Clone) (CardProperties)
[03:18:41] Enemy 2: Blue_4(Clone) (UnityEngine.GameObject) (Card 5) did not match
[03:18:41] Top card: CardW4(Clone) (CardProperties)
[03:18:41] Enemy 2: Yellow_5(Clone) (UnityEngine.GameObject) (Card 6) did not match
[03:18:41] Top card: CardW4(Clone) (CardProperties)
[03:18:41] Enemy 2: Blue_9(Clone) (UnityEngine.GameObject) (Card 7) did not match
[03:18:41] HasFoundMatch = False
[03:18:41] Top Deck Card:Green_D(Clone) (UnityEngine.GameObject)
[03:18:41] Enemy 2: Drew Green_D(Clone) (UnityEngine.GameObject)
[03:18:41] Enemy 2: Drew 1 cards
[03:18:41] Top card: CardW4(Clone) (CardProperties)
[03:18:41] Top card: CardW4(Clone) (UnityEngine.GameObject)
[03:18:41] Top card: CardW4(Clone) (CardProperties)
[03:18:41] Enemy 2: Green_8(Clone) (UnityEngine.GameObject) (Card 0) did not match
[03:18:41] Top card: CardW4(Clone) (CardProperties)
[03:18:41] Enemy 2: Green_3(Clone) (UnityEngine.GameObject) (Card 1) did not match
[03:18:41] Top card: CardW4(Clone) (CardProperties)
[03:18:41] Enemy 2: Yellow_8(Clone) (UnityEngine.GameObject) (Card 2) did not match
[03:18:41] Top card: CardW4(Clone) (CardProperties)
[03:18:41] Enemy 2: Yellow_4(Clone) (UnityEngine.GameObject) (Card 3) did not match
[03:18:41] Top card: CardW4(Clone) (CardProperties)
[03:18:41] Enemy 2: Blue_9(Clone) (UnityEngine.GameObject) (Card 4) did not match
[03:18:41] Top card: CardW4(Clone) (CardProperties)
[03:18:41] Enemy 2: Blue_4(Clone) (UnityEngine.GameObject) (Card 5) did not match
[03:18:41] Top card: CardW4(Clone) (CardProperties)
[03:18:41] Enemy 2: Yellow_5(Clone) (UnityEngine.GameObject) (Card 6) did not match
[03:18:41] Top card: CardW4(Clone) (CardProperties)
[03:18:41] Enemy 2: Blue_9(Clone) (UnityEngine.GameObject) (Card 7) did not match
[03:18:41] Top card: CardW4(Clone) (CardProperties)
[03:18:41] Enemy 2: Green_D(Clone) (UnityEngine.GameObject) (Card 8) did not match
[03:18:41] HasFoundMatch = False
[03:18:41] Top Deck Card:Red_1(Clone) (UnityEngine.GameObject)
[03:18:41] Enemy 2: Drew Red_1(Clone) (UnityEngine.GameObject)
[03:18:41] Enemy 2: Drew 1 cards
[03:18:41] Top card: CardW4(Clone) (CardProperties)
[03:18:41] Top card: CardW4(Clone) (UnityEngine.GameObject)
[03:18:41] Top card: CardW4(Clone) (CardProperties)
[03:18:41] Enemy 2: Green_8(Clone) (UnityEngine.GameObject) (Card 0) did not match
[03:18:41] Top card: CardW4(Clone) (CardProperties)
[03:18:41] Enemy 2: Green_3(Clone) (UnityEngine.GameObject) (Card 1) did not match
[03:18:41] Top card: CardW4(Clone) (CardProperties)
[03:18:41] Enemy 2: Yellow_8(Clone) (UnityEngine.GameObject) (Card 2) did not match
[03:18:41] Top card: CardW4(Clone) (CardProperties)
[03:18:41] Enemy 2: Yellow_4(Clone) (UnityEngine.GameObject) (Card 3) did not match
[03:18:41] Top card: CardW4(Clone) (CardProperties)
[03:18:41] Enemy 2: Blue_9(Clone) (UnityEngine.GameObject) (Card 4) did not match
[03:18:41] Top card: CardW4(Clone) (CardProperties)
[03:18:41] Enemy 2: Blue_4(Clone) (UnityEngine.GameObject) (Card 5) did not match
[03:18:41] Top card: CardW4(Clone) (CardProperties)
[03:18:41] Enemy 2: Yellow_5(Clone) (UnityEngine.GameObject) (Card 6) did not match
[03:18:41] Top card: CardW4(Clone) (CardProperties)
[03:18:41] Enemy 2: Blue_9(Clone) (UnityEngine.GameObject) (Card 7) did not match
[03:18:41] Top card: CardW4(Clone) (CardProperties)
[03:18:41] Enemy 2: Green_D(Clone) (UnityEngine.GameObject) (Card 8) did not match
[03:18:41] Top card: CardW4(Clone) (CardProperties)
[03:18:41] Enemy 2: Played Red_1(Clone) (UnityEngine.GameObject) (Card 9)
[03:18:41] Turns: 3
[03:18:41] HasFoundMatch = False
[03:18:41] Top Deck Card:Yellow_2(Clone) (UnityEngine.GameObject)
[03:18:41] Enemy 2: Drew Yellow_2(Clone) (UnityEngine.GameObject)
[03:18:41] Enemy 2: Drew 1 cards
[03:18:41] Top card: Red_1(Clone) (CardProperties)
[03:18:41] Top card: Red_1(Clone) (UnityEngine.GameObject)
[03:18:41] Top card: Red_1(Clone) (CardProperties)
[03:18:41] Enemy 3: Yellow_5(Clone) (UnityEngine.GameObject) (Card 0) did not match
[03:18:41] Top card: Red_1(Clone) (CardProperties)
[03:18:41] Enemy 3: Played Red_2(Clone) (UnityEngine.GameObject) (Card 1)
[03:18:41] Turns: 0
[03:18:41] HasFoundMatch = False
[03:18:41] Top Deck Card:Red_8(Clone) (UnityEngine.GameObject)
[03:18:41] Enemy 3: Drew Red_8(Clone) (UnityEngine.GameObject)
[03:18:41] Enemy 3: Drew 1 cards
[03:18:41] Top card: Red_2(Clone) (CardProperties)
[03:18:41] Player: Played Red_R(Clone) (UnityEngine.GameObject)
[03:18:41] Turns: 3
[03:18:41] Turns: 3
[03:18:41] Top card: Red_R(Clone) (UnityEngine.GameObject)
[03:18:41] Top card: Red_R(Clone) (CardProperties)
[03:18:41] Enemy 3: Yellow_5(Clone) (UnityEngine.GameObject) (Card 0) did not match
[03:18:41] Top card: Red_R(Clone) (CardProperties)
[03:18:41] Enemy 3: CardW(Clone) (UnityEngine.GameObject) (Card 1) did not match
[03:18:41] Top card: Red_R(Clone) (CardProperties)
[03:18:41] Enemy 3: Yellow_2(Clone) (UnityEngine.GameObject) (Card 2) did not match
[03:18:41] Top card: Red_R(Clone) (CardProperties)
[03:18:41] Enemy 3: Played Red_3(Clone) (UnityEngine.GameObject) (Card 3)
[03:18:41] Turns: 2
[03:18:41] HasFoundMatch = False
[03:18:41] Top Deck Card:Blue_S(Clone) (UnityEngine.GameObject)
[03:18:41] Enemy 3: Drew Blue_S(Clone) (UnityEngine.GameObject)
[03:18:41] Enemy 3: Drew 1 cards
[03:18:41] Top card: Red_3(Clone) (CardProperties)
[03:18:41] Top card: Red_3(Clone) (UnityEngine.GameObject)
[03:18:41] Top card: Red_3(Clone) (CardProperties)
[03:18:41] Enemy 2: Green_8(Clone) (UnityEngine.GameObject) (Card 0) did not match
[03:18:41] Top card: Red_3(Clone) (CardProperties)
[03:18:41] Enemy 2: Played Green_3(Clone) (UnityEngine.GameObject) (Card 1)
[03:18:41] Turns: 1
[03:18:41] HasFoundMatch = False
[03:18:41] Top Deck Card:Green_5(Clone) (UnityEngine.GameObject)
[03:18:41] Enemy 2: Drew Green_5(Clone) (UnityEngine.GameObject)
[03:18:41] Enemy 2: Drew 1 cards
[03:18:41] Top card: Green_3(Clone) (CardProperties)
[03:18:41] Enemy 2: Played Green_8(Clone) (UnityEngine.GameObject) (Card 0)
[03:18:41] Turns: 0
[03:18:41] Player: Played Yellow_R(Clone) (UnityEngine.GameObject)
[03:18:41] Turns: 1
[03:18:41] Turns: 1
[03:18:41] Top card: Yellow_R(Clone) (UnityEngine.GameObject)
[03:18:41] Top card: Yellow_R(Clone) (CardProperties)
[03:18:41] Enemy 1: Played Yellow_S(Clone) (UnityEngine.GameObject) (Card 0)
[03:18:41] Turns: 2
[03:18:41] HasFoundMatch = False
[03:18:41] Top Deck Card:Yellow_6(Clone) (UnityEngine.GameObject)
[03:18:41] Enemy 1: Drew Yellow_6(Clone) (UnityEngine.GameObject)
[03:18:41] Enemy 1: Drew 1 cards
[03:18:41] Top card: Yellow_S(Clone) (CardProperties)
[03:18:41] Top card: Yellow_S(Clone) (UnityEngine.GameObject)
[03:18:41] Skipped Enemy 2
[03:18:41] Top card: Yellow_S(Clone) (UnityEngine.GameObject)
[03:18:41] Top card: Yellow_S(Clone) (CardProperties)
[03:18:41] Enemy 3: Played Yellow_5(Clone) (UnityEngine.GameObject) (Card 0)
[03:18:41] Turns: 0
[03:18:41] HasFoundMatch = False
[03:18:41] Top Deck Card:Blue_7(Clone) (UnityEngine.GameObject)
[03:18:41] Enemy 3: Drew Blue_7(Clone) (UnityEngine.GameObject)
[03:18:41] Enemy 3: Drew 1 cards
[03:18:41] Top card: Yellow_5(Clone) (CardProperties)
[09:40:52] Top card: 
[09:40:52] Delt cards
[09:40:52] Player: Played Green_8
[09:40:52] Turns: 1
[09:40:52] Turns: 1
[09:40:52] Top card: Green_8(Clone) (UnityEngine.GameObject)
[09:40:52] Top card: Green_8(Clone) (CardProperties)
[09:40:52] Enemy 1: Red_4(Clone) (UnityEngine.GameObject) (Card 0) did not match
[09:40:52] Enemy 1: Played Green_5(Clone) (UnityEngine.GameObject) (Card 1)
[09:40:52] Turns: 2
[09:40:52] Top card: Green_5(Clone) (UnityEngine.GameObject)
[09:40:52] Top card: Green_5(Clone) (CardProperties)
[09:40:52] Enemy 2: Played Green_3(Clone) (UnityEngine.GameObject) (Card 0)
[09:40:52] Turns: 3
[09:40:52] Top card: Green_3(Clone) (UnityEngine.GameObject)
[09:40:52] Top card: Green_3(Clone) (CardProperties)
[09:40:52] Enemy 3: Red_9(Clone) (UnityEngine.GameObject) (Card 0) did not match
[09:40:52] Enemy 3: Blue_6(Clone) (UnityEngine.GameObject) (Card 1) did not match
[09:40:52] Enemy 3: Blue_8(Clone) (UnityEngine.GameObject) (Card 2) did not match
[09:40:52] Enemy 3: Yellow_4(Clone) (UnityEngine.GameObject) (Card 3) did not match
[09:40:52] Enemy 3: Played Green_7(Clone) (UnityEngine.GameObject) (Card 4)
[09:40:52] Turns: 0
[09:40:52] Player: Played Green_8
[09:40:52] Turns: 1
[09:40:52] Turns: 1
[09:40:52] Top card: Green_8(Clone) (UnityEngine.GameObject)
[09:40:52] Top card: Green_8(Clone) (CardProperties)
[09:40:52] Enemy 1: Red_4(Clone) (UnityEngine.GameObject) (Card 0) did not match
[09:40:52] Enemy 1: Played Green_5(Clone) (UnityEngine.GameObject) (Card 1)
[09:40:52] Turns: 2
[09:40:52] Top card: Green_5(Clone) (UnityEngine.GameObject)
[09:40:52] Top card: Green_5(Clone) (CardProperties)
[09:40:52] Enemy 2: Played Green_3(Clone) (UnityEngine.GameObject) (Card 0)
[09:40:52] Turns: 3
[09:40:52] Top card: Green_3(Clone) (UnityEngine.GameObject)
[09:40:52] Top card: Green_3(Clone) (CardProperties)
[09:40:52] Enemy 3: Red_9(Clone) (UnityEngine.GameObject) (Card 0) did not match
[09:40:52] Enemy 3: Blue_6(Clone) (UnityEngine.GameObject) (Card 1) did not match
[09:40:52] Enemy 3: Blue_8(Clone) (UnityEngine.GameObject) (Card 2) did not match
[09:40:52] Enemy 3: Yellow_4(Clone) (UnityEngine.GameObject) (Card 3) did not match
[09:40:52] Enemy 3: Played Green_7(Clone) (UnityEngine.GameObject) (Card 4)
[09:40:52] Turns: 0
[09:40:52] Player: Played Green_4
[09:40:52] Turns: 1
[09:40:52] Turns: 1
[09:40:52] Top card: Green_4(Clone) (UnityEngine.GameObject)
[09:40:52] Top card: Green_4(Clone) (CardProperties)
[09:40:52] Enemy 1: Played Red_4(Clone) (UnityEngine.GameObject) (Card 0)
[09:40:52] Turns: 2
[09:40:52] Top card: Red_4(Clone) (UnityEngine.GameObject)
[09:40:52] Top card: Red_4(Clone) (CardProperties)
[09:40:52] Enemy 2: Played Red_9(Clone) (UnityEngine.GameObject) (Card 0)
[09:40:52] Turns: 3
[09:40:52] Top card: Red_9(Clone) (UnityEngine.GameObject)
[09:40:52] Top card: Red_9(Clone) (CardProperties)
[09:40:52] Enemy 3: Played Red_9(Clone) (UnityEngine.GameObject) (Card 0)
[09:40:52] Turns: 0
[09:40:52] Player: Played Red_0
[09:40:52] Turns: 1
[09:40:52] Turns: 1
[09:40:52] Top card: Red_0(Clone) (UnityEngine.GameObject)
[09:40:52] Top card: Red_0(Clone) (CardProperties)
[09:40:52] Enemy 1: CardW4(Clone) (UnityEngine.GameObject) (Card 0) did not match
[09:40:52] Enemy 1: Yellow_7(Clone) (UnityEngine.GameObject) (Card 1) did not match
[09:40:52] Enemy 1: Blue_R(Clone) (UnityEngine.GameObject) (Card 2) did not match
[09:40:52] Enemy 1: Green_D(Clone) (UnityEngine.GameObject) (Card 3) did not match
[09:40:52] Enemy 1: Green_5(Clone) (UnityEngine.GameObject) (Card 4) did not match
[09:40:52] HasFoundMatch = False
[09:40:52] Top Deck Card:Blue_S(Clone) (UnityEngine.GameObject)
[09:40:52] Enemy 1: Drew Blue_S(Clone) (UnityEngine.GameObject)
[09:40:52] Enemy 1: Drew 1 cards
[09:40:52] Turns: 2
[09:40:52] Top card: Red_0(Clone) (UnityEngine.GameObject)
[09:40:52] Top card: Red_0(Clone) (CardProperties)
[09:40:52] Enemy 2: Green_2(Clone) (UnityEngine.GameObject) (Card 0) did not match
[09:40:52] Enemy 2: CardW4(Clone) (UnityEngine.GameObject) (Card 1) did not match
[09:40:52] Enemy 2: Played Blue_0(Clone) (UnityEngine.GameObject) (Card 2)
[09:40:52] Turns: 3
[09:40:52] Top card: Blue_0(Clone) (UnityEngine.GameObject)
[09:40:52] Top card: Blue_0(Clone) (CardProperties)
[09:40:52] Enemy 3: Played Blue_6(Clone) (UnityEngine.GameObject) (Card 0)
[09:40:52] Turns: 0
