[09:07:44] Player received: Green_3(Clone)
[09:07:44] Enemy1 received: Yellow_D(Clone)
[09:07:44] Enemy2 received: Red_8(Clone)
[09:07:44] Enemy3 received: CardW(Clone)
[09:07:44] Player received: Green_7(Clone)
[09:07:44] Enemy1 received: Red_5(Clone)
[09:07:44] Enemy2 received: Red_1(Clone)
[09:07:44] Enemy3 received: Green_9(Clone)
[09:07:44] Player received: Red_4(Clone)
[09:07:44] Enemy1 received: Yellow_3(Clone)
[09:07:44] Enemy2 received: Green_1(Clone)
[09:07:44] Enemy3 received: Green_3(Clone)
[09:07:44] Player received: Red_6(Clone)
[09:07:44] Enemy1 received: Yellow_D(Clone)
[09:07:44] Enemy2 received: Green_8(Clone)
[09:07:44] Enemy3 received: Green_D(Clone)
[09:07:44] Player received: Yellow_7(Clone)
[09:07:44] Enemy1 received: Green_D(Clone)
[09:07:44] Enemy2 received: Yellow_7(Clone)
[09:07:44] Enemy3 received: Blue_5(Clone)
[09:07:44] Player received: Green_D(Clone)
[09:07:44] Enemy1 received: Yellow_D(Clone)
[09:07:44] Enemy2 received: Blue_7(Clone)
[09:07:44] Enemy3 received: Blue_D(Clone)
[09:07:44] Player received: Green_6(Clone)
[09:07:44] Enemy1 received: Green_S(Clone)
[09:07:44] Enemy2 received: Green_5(Clone)
[09:07:44] Enemy3 received: Blue_D(Clone)
[09:07:44] DiscardPile received: Blue_4(Clone)
[09:07:44] Dealt cards
[09:07:44] Player: Played Green_D
[09:07:44] Turns: 1
[09:07:44] Top card: Green_D(Clone) (UnityEngine.GameObject)
[09:07:44] Top Deck Card:Green_D(Clone) (UnityEngine.GameObject)
[09:07:44] Enemy 1: Drew Green_D(Clone) (UnityEngine.GameObject)
[09:07:44] Top Deck Card:Green_5(Clone) (UnityEngine.GameObject)
[09:07:44] Enemy 1: Drew Green_5(Clone) (UnityEngine.GameObject)
[09:07:44] Enemy 1: Drew 2 cards
[09:07:44] Turns: 2
[09:07:44] Top card: Green_D(Clone) (UnityEngine.GameObject)
[09:07:44] Green_1(Clone) (UnityEngine.GameObject) was added to PlayableCards
[09:07:44] Green_8(Clone) (UnityEngine.GameObject) was added to PlayableCards
[09:07:44] Green_5(Clone) (UnityEngine.GameObject) was added to PlayableCards
[09:07:44] Enemy 2: Played Green_1(Clone)
[09:07:44] HasPlayableCard = true
[09:07:44] Turns: 3
[09:07:44] Top card: Green_1(Clone) (UnityEngine.GameObject)
[09:07:44] CardW(Clone) (UnityEngine.GameObject) was added to PlayableCards
[09:07:44] Green_9(Clone) (UnityEngine.GameObject) was added to PlayableCards
[09:07:44] Green_3(Clone) (UnityEngine.GameObject) was added to PlayableCards
[09:07:44] Green_D(Clone) (UnityEngine.GameObject) was added to PlayableCards
[09:07:44] Enemy 3: Played Green_D(Clone)
[09:07:44] HasPlayableCard = true
[09:07:44] Turns: 0
[09:07:44] Hello from PlayerManager.Draw2
[09:07:44] Top Deck Card:Blue_D(Clone) (UnityEngine.GameObject)
[09:07:44] Player: Drew Blue_D(Clone) (UnityEngine.GameObject)
[09:07:44] Top Deck Card:CardW4(Clone) (UnityEngine.GameObject)
[09:07:44] Player: Drew CardW4(Clone) (UnityEngine.GameObject)
[09:07:44] Player: Drew 2 cards
[09:07:44] Turns: 1
[09:07:44] Top card: Green_D(Clone) (UnityEngine.GameObject)
[09:07:44] Yellow_D(Clone) (UnityEngine.GameObject) was added to PlayableCards
[09:07:44] Yellow_D(Clone) (UnityEngine.GameObject) was added to PlayableCards
[09:07:44] Green_D(Clone) (UnityEngine.GameObject) was added to PlayableCards
[09:07:44] Yellow_D(Clone) (UnityEngine.GameObject) was added to PlayableCards
[09:07:44] Green_S(Clone) (UnityEngine.GameObject) was added to PlayableCards
[09:07:44] Green_D(Clone) (UnityEngine.GameObject) was added to PlayableCards
[09:07:44] Green_5(Clone) (UnityEngine.GameObject) was added to PlayableCards
[09:07:44] Enemy 1: Played Yellow_D(Clone)
[09:07:44] HasPlayableCard = true
[09:07:44] Turns: 2
[09:07:44] Top card: Yellow_D(Clone) (UnityEngine.GameObject)
[09:07:44] Top Deck Card:Green_4(Clone) (UnityEngine.GameObject)
[09:07:44] Enemy 2: Drew Green_4(Clone) (UnityEngine.GameObject)
[09:07:44] Top Deck Card:Red_D(Clone) (UnityEngine.GameObject)
[09:07:44] Enemy 2: Drew Red_D(Clone) (UnityEngine.GameObject)
[09:07:44] Enemy 2: Drew 2 cards
[09:07:44] Turns: 3
[09:07:44] Top card: Yellow_D(Clone) (UnityEngine.GameObject)
[09:07:44] CardW(Clone) (UnityEngine.GameObject) was added to PlayableCards
[09:07:44] Blue_D(Clone) (UnityEngine.GameObject) was added to PlayableCards
[09:07:44] Blue_D(Clone) (UnityEngine.GameObject) was added to PlayableCards
[09:07:44] Enemy 3: Played Blue_D(Clone)
[09:07:44] Removed Green_D(Clone) (UnityEngine.GameObject)
[09:07:44] HasPlayableCard = true
[09:07:44] Turns: 0
[09:07:44] Hello from PlayerManager.Draw2
[09:07:44] Top Deck Card:Red_D(Clone) (UnityEngine.GameObject)
[09:07:44] Player: Drew Red_D(Clone) (UnityEngine.GameObject)
[09:07:44] Top Deck Card:Green_1(Clone) (UnityEngine.GameObject)
[09:07:44] Player: Drew Green_1(Clone) (UnityEngine.GameObject)
[09:07:44] Player: Drew 2 cards
[09:07:44] Turns: 1
[09:07:44] Top card: Blue_D(Clone) (UnityEngine.GameObject)
[09:07:44] Yellow_D(Clone) (UnityEngine.GameObject) was added to PlayableCards
[09:07:44] Green_D(Clone) (UnityEngine.GameObject) was added to PlayableCards
[09:07:44] Yellow_D(Clone) (UnityEngine.GameObject) was added to PlayableCards
[09:07:44] Green_D(Clone) (UnityEngine.GameObject) was added to PlayableCards
[09:07:44] Enemy 1: Played Yellow_D(Clone)
[09:07:44] Removed Green_1(Clone) (UnityEngine.GameObject)
[09:07:44] HasPlayableCard = true
[09:07:44] Turns: 2
[09:07:44] Top card: Yellow_D(Clone) (UnityEngine.GameObject)
[09:07:44] Top Deck Card:Yellow_6(Clone) (UnityEngine.GameObject)
[09:07:44] Enemy 2: Drew Yellow_6(Clone) (UnityEngine.GameObject)
[09:07:44] Top Deck Card:Green_2(Clone) (UnityEngine.GameObject)
[09:07:44] Enemy 2: Drew Green_2(Clone) (UnityEngine.GameObject)
[09:07:44] Enemy 2: Drew 2 cards
[09:07:44] Turns: 3
[09:07:44] Top card: Yellow_D(Clone) (UnityEngine.GameObject)
[09:07:44] CardW(Clone) (UnityEngine.GameObject) was added to PlayableCards
[09:07:44] Blue_D(Clone) (UnityEngine.GameObject) was added to PlayableCards
[09:07:44] Enemy 3: Played Blue_D(Clone)
[09:07:44] Removed Green_D(Clone) (UnityEngine.GameObject)
[09:07:44] HasPlayableCard = true
[09:07:44] Turns: 0
[09:07:44] Hello from PlayerManager.Draw2
[09:07:44] Top Deck Card:Yellow_9(Clone) (UnityEngine.GameObject)
[09:07:44] Player: Drew Yellow_9(Clone) (UnityEngine.GameObject)
[09:07:44] Top Deck Card:Blue_5(Clone) (UnityEngine.GameObject)
[09:07:44] Player: Drew Blue_5(Clone) (UnityEngine.GameObject)
[09:07:44] Player: Drew 2 cards
[09:07:44] Turns: 1
[09:07:44] Top card: Blue_D(Clone) (UnityEngine.GameObject)
[09:07:44] Green_D(Clone) (UnityEngine.GameObject) was added to PlayableCards
[09:07:44] Yellow_D(Clone) (UnityEngine.GameObject) was added to PlayableCards
[09:07:44] Green_D(Clone) (UnityEngine.GameObject) was added to PlayableCards
[09:07:44] Enemy 1: Played Green_D(Clone)
[09:07:44] Removed Yellow_D(Clone) (UnityEngine.GameObject)
[09:07:44] HasPlayableCard = true
[09:07:44] Turns: 2
[09:07:44] Top card: Green_D(Clone) (UnityEngine.GameObject)
[09:07:44] Top Deck Card:Yellow_4(Clone) (UnityEngine.GameObject)
[09:07:44] Enemy 2: Drew Yellow_4(Clone) (UnityEngine.GameObject)
[09:07:44] Top Deck Card:Blue_4(Clone) (UnityEngine.GameObject)
[09:07:44] Enemy 2: Drew Blue_4(Clone) (UnityEngine.GameObject)
[09:07:44] Enemy 2: Drew 2 cards
[09:07:44] Turns: 3
[09:07:44] Top card: Green_D(Clone) (UnityEngine.GameObject)
[09:07:44] CardW(Clone) (UnityEngine.GameObject) was added to PlayableCards
[09:07:44] Green_9(Clone) (UnityEngine.GameObject) was added to PlayableCards
[09:07:44] Green_3(Clone) (UnityEngine.GameObject) was added to PlayableCards
[09:07:44] Enemy 3: Played Green_9(Clone)
[09:07:44] Removed Blue_D(Clone) (UnityEngine.GameObject)
[09:07:44] HasPlayableCard = true
[09:07:44] Turns: 0
