[10:54:07] Player received: Blue_D(Clone)
[10:54:07] Enemy1 received: Red_7(Clone)
[10:54:07] Enemy2 received: Green_0(Clone)
[10:54:07] Enemy3 received: Yellow_3(Clone)
[10:54:07] Player received: Green_6(Clone)
[10:54:07] Enemy1 received: Blue_2(Clone)
[10:54:07] Enemy2 received: Green_D(Clone)
[10:54:07] Enemy3 received: Red_8(Clone)
[10:54:07] Player received: Red_R(Clone)
[10:54:07] Enemy1 received: Yellow_2(Clone)
[10:54:07] Enemy2 received: CardW(Clone)
[10:54:07] Enemy3 received: Green_2(Clone)
[10:54:07] Player received: CardW(Clone)
[10:54:07] Enemy1 received: Yellow_0(Clone)
[10:54:07] Enemy2 received: Green_9(Clone)
[10:54:07] Enemy3 received: Yellow_S(Clone)
[10:54:07] Player received: CardW4(Clone)
[10:54:07] Enemy1 received: Blue_0(Clone)
[10:54:07] Enemy2 received: Blue_S(Clone)
[10:54:07] Enemy3 received: CardW(Clone)
[10:54:07] Player received: Green_S(Clone)
[10:54:07] Enemy1 received: Green_D(Clone)
[10:54:07] Enemy2 received: Blue_R(Clone)
[10:54:07] Enemy3 received: Yellow_9(Clone)
[10:54:07] Player received: Green_5(Clone)
[10:54:07] Enemy1 received: Blue_9(Clone)
[10:54:07] Enemy2 received: Blue_4(Clone)
[10:54:07] Enemy3 received: CardW4(Clone)
[10:54:07] DiscardPile received: Green_S(Clone)
[10:54:07] Used PlayerLogic
[10:54:07] Green_S(Clone) (UnityEngine.GameObject)
[10:54:07] Player: Played Green_S
[10:54:07] Dealt cards
[10:54:07] Turns: 1
[10:54:07] Top card: Green_S(Clone) (UnityEngine.GameObject)
[10:54:07] Turns: 2
[10:54:07] Top card: Green_S(Clone) (UnityEngine.GameObject)
[10:54:07] Green_0(Clone) (UnityEngine.GameObject) was added to PlayableCards
[10:54:07] Green_D(Clone) (UnityEngine.GameObject) was added to PlayableCards
[10:54:07] CardW(Clone) (UnityEngine.GameObject) was added to PlayableCards
[10:54:07] Green_9(Clone) (UnityEngine.GameObject) was added to PlayableCards
[10:54:07] Blue_S(Clone) (UnityEngine.GameObject) was added to PlayableCards
[10:54:07] Enemy 2: Played Green_D(Clone)
[10:54:07] HasPlayableCard = true
[10:54:07] Turns: 3
[10:54:07] Top card: Green_D(Clone) (UnityEngine.GameObject)
[10:54:07] Top Deck Card:Green_2(Clone) (UnityEngine.GameObject)
[10:54:07] Enemy 3: Drew Green_2(Clone) (UnityEngine.GameObject)
[10:54:07] Top Deck Card:Blue_9(Clone) (UnityEngine.GameObject)
[10:54:07] Enemy 3: Drew Blue_9(Clone) (UnityEngine.GameObject)
[10:54:07] Enemy 3: Drew 2 cards
[10:54:07] Turns: 0
