[04:30:15] Player received: Blue_D(Clone)
[04:30:15] Enemy1 received: Yellow_D(Clone)
[04:30:15] Enemy2 received: Green_2(Clone)
[04:30:15] Enemy3 received: Red_3(Clone)
[04:30:15] Player received: Yellow_2(Clone)
[04:30:15] Enemy1 received: Blue_R(Clone)
[04:30:15] Enemy2 received: Blue_5(Clone)
[04:30:15] Enemy3 received: Yellow_3(Clone)
[04:30:15] Player received: Green_8(Clone)
[04:30:15] Enemy1 received: Red_9(Clone)
[04:30:15] Enemy2 received: Blue_8(Clone)
[04:30:15] Enemy3 received: Red_1(Clone)
[04:30:15] Player received: CardW4(Clone)
[04:30:15] Enemy1 received: Green_S(Clone)
[04:30:15] Enemy2 received: Green_R(Clone)
[04:30:15] Enemy3 received: Blue_3(Clone)
[04:30:15] Player received: Green_0(Clone)
[04:30:15] Enemy1 received: Red_D(Clone)
[04:30:15] Enemy2 received: Blue_6(Clone)
[04:30:15] Enemy3 received: Yellow_D(Clone)
[04:30:15] Player received: Green_3(Clone)
[04:30:15] Enemy1 received: Red_2(Clone)
[04:30:15] Enemy2 received: Yellow_D(Clone)
[04:30:15] Enemy3 received: CardW4(Clone)
[04:30:15] Player received: CardW(Clone)
[04:30:15] Enemy1 received: Green_9(Clone)
[04:30:15] Enemy2 received: Yellow_S(Clone)
[04:30:15] Enemy3 received: Yellow_6(Clone)
[04:30:15] DiscardPile received: Yellow_R(Clone)
[04:30:15] Dealt cards
[04:30:15] Wild Menu shown
[04:30:15] Player: Played CardW4
[04:30:15] Turns: 1
[04:30:15] Player called Yellow
[04:30:15] Wild Menu hidden
