[03:07:22] Top card: 
[03:07:22] Delt cards
[03:07:22] Top card: Green_6(Clone) (UnityEngine.GameObject)
[03:07:22] Top card: Green_6(Clone) (UnityEngine.GameObject)
[03:07:22] Top card: Green_6(Clone) (UnityEngine.GameObject)
[03:07:22] Top card: Green_6(Clone) (UnityEngine.GameObject)
[03:07:22] Top card: Green_6(Clone) (UnityEngine.GameObject)
[03:07:22] Top card: Green_6(Clone) (UnityEngine.GameObject)
[03:07:22] Top card: Green_6(Clone) (UnityEngine.GameObject)
[03:07:22] Top card: Green_6(Clone) (UnityEngine.GameObject)
[03:07:22] Top card: Green_6(Clone) (UnityEngine.GameObject)
[03:07:22] Top card: Green_6(Clone) (UnityEngine.GameObject)
[03:07:22] Top card: Green_6(Clone) (UnityEngine.GameObject)
[03:07:22] Top card: Green_6(Clone) (UnityEngine.GameObject)
[03:07:22] Top card: Green_6(Clone) (UnityEngine.GameObject)
[03:07:22] Top card: Green_6(Clone) (UnityEngine.GameObject)
[03:07:22] Top card: Green_6(Clone) (UnityEngine.GameObject)
[03:07:22] Top card: Green_6(Clone) (UnityEngine.GameObject)
[03:07:22] Top card: Green_6(Clone) (UnityEngine.GameObject)
[03:07:22] Top card: Green_6(Clone) (UnityEngine.GameObject)
[03:07:22] Top card: Green_6(Clone) (UnityEngine.GameObject)
[03:07:22] Top card: Green_6(Clone) (UnityEngine.GameObject)
[03:07:22] Top card: Green_6(Clone) (UnityEngine.GameObject)
[03:07:22] Top card: Green_6(Clone) (UnityEngine.GameObject)
[03:07:22] Top card: Green_6(Clone) (UnityEngine.GameObject)
[03:07:22] Top card: Green_6(Clone) (UnityEngine.GameObject)
[03:07:22] Top card: Green_6(Clone) (UnityEngine.GameObject)
[03:07:22] Top card: Green_6(Clone) (UnityEngine.GameObject)
[03:07:22] Top card: Green_6(Clone) (UnityEngine.GameObject)
[03:07:22] Top card: Green_6(Clone) (UnityEngine.GameObject)
[03:07:22] Turns: 1
[03:07:22] Player: Played Green_7(Clone) (UnityEngine.GameObject)
[03:07:22] Turns: 1
[03:07:22] DiscardCounter: 1
[03:07:22] Top card: Green_7(Clone) (UnityEngine.GameObject)
[03:07:22] Top card: Green_7(Clone) (UnityEngine.GameObject)
[03:07:22] Enemy 1: Played Green_1(Clone) (UnityEngine.GameObject) (Card 0)
[03:07:22] Turns: 2
[03:07:22] Top card: Green_1(Clone) (UnityEngine.GameObject)
[03:07:22] Top card: Green_1(Clone) (UnityEngine.GameObject)
[03:07:22] Enemy 2: Played Green_1(Clone) (UnityEngine.GameObject) (Card 0)
[03:07:22] Turns: 3
[03:07:22] Top card: Green_1(Clone) (UnityEngine.GameObject)
[03:07:22] Top card: Green_1(Clone) (UnityEngine.GameObject)
[03:07:22] Enemy 3: Blue_S(Clone) (UnityEngine.GameObject) (Card 0) did not match
[03:07:22] Enemy 3: Blue_6(Clone) (UnityEngine.GameObject) (Card 1) did not match
[03:07:22] Enemy 3: Played Green_D(Clone) (UnityEngine.GameObject) (Card 2)
[03:07:22] Turns: 0
[03:07:22] Turns: 1
[03:07:22] Player: Played Green_4(Clone) (UnityEngine.GameObject)
[03:07:22] Turns: 1
[03:07:22] DiscardCounter: 1
[03:07:22] Top card: Green_4(Clone) (UnityEngine.GameObject)
[03:07:22] Top card: Green_4(Clone) (UnityEngine.GameObject)
[03:07:22] Enemy 1: Played Green_1(Clone) (UnityEngine.GameObject) (Card 0)
[03:07:22] Turns: 2
[03:07:22] Top card: Green_1(Clone) (UnityEngine.GameObject)
[03:07:22] Top card: Green_1(Clone) (UnityEngine.GameObject)
[03:07:22] Enemy 2: Played Green_1(Clone) (UnityEngine.GameObject) (Card 0)
[03:07:22] Turns: 3
[03:07:22] Top card: Green_1(Clone) (UnityEngine.GameObject)
[03:07:22] Top card: Green_1(Clone) (UnityEngine.GameObject)
[03:07:22] Enemy 3: Blue_S(Clone) (UnityEngine.GameObject) (Card 0) did not match
[03:07:22] Enemy 3: Blue_6(Clone) (UnityEngine.GameObject) (Card 1) did not match
[03:07:22] Enemy 3: Played Green_D(Clone) (UnityEngine.GameObject) (Card 2)
[03:07:22] Turns: 0
[03:07:22] Turns: 1
[03:07:22] Player: Played Green_0(Clone) (UnityEngine.GameObject)
[03:07:22] Turns: 1
[03:07:22] DiscardCounter: 1
[03:07:22] Top card: Green_0(Clone) (UnityEngine.GameObject)
[03:07:22] Top card: Green_0(Clone) (UnityEngine.GameObject)
[03:07:22] Enemy 1: Played Green_1(Clone) (UnityEngine.GameObject) (Card 0)
[03:07:22] Turns: 2
[03:07:22] Top card: Green_1(Clone) (UnityEngine.GameObject)
[03:07:22] Top card: Green_1(Clone) (UnityEngine.GameObject)
[03:07:22] Enemy 2: Played Green_1(Clone) (UnityEngine.GameObject) (Card 0)
[03:07:22] Turns: 3
[03:07:22] Top card: Green_1(Clone) (UnityEngine.GameObject)
[03:07:22] Top card: Green_1(Clone) (UnityEngine.GameObject)
[03:07:22] Enemy 3: Blue_S(Clone) (UnityEngine.GameObject) (Card 0) did not match
[03:07:22] Enemy 3: Blue_6(Clone) (UnityEngine.GameObject) (Card 1) did not match
[03:07:22] Enemy 3: Played Green_D(Clone) (UnityEngine.GameObject) (Card 2)
[03:07:22] Turns: 0
[03:07:22] Turns: 1
[03:07:22] Player: Played Green_R(Clone) (UnityEngine.GameObject)
[03:07:22] Turns: 1
[03:07:22] DiscardCounter: 1
[03:07:22] Top card: Green_R(Clone) (UnityEngine.GameObject)
[03:07:22] Top card: Green_R(Clone) (UnityEngine.GameObject)
[03:07:22] Enemy 1: Played Green_1(Clone) (UnityEngine.GameObject) (Card 0)
[03:07:22] Turns: 2
[03:07:22] IsReversed: True
[03:07:22] Top card: Green_1(Clone) (UnityEngine.GameObject)
[03:07:22] Enemy 1: Played Green_1(Clone) (UnityEngine.GameObject) (Card 0)
[03:07:22] Turns: 3
[03:07:22] IsReversed: False
[03:07:22] Game Reversed (Not). Continuing as normal
[03:07:22] Top card: Green_1(Clone) (UnityEngine.GameObject)
[03:07:22] Top card: Green_1(Clone) (UnityEngine.GameObject)
[03:07:22] Enemy 3: Blue_S(Clone) (UnityEngine.GameObject) (Card 0) did not match
[03:07:22] Enemy 3: Blue_6(Clone) (UnityEngine.GameObject) (Card 1) did not match
[03:07:22] Enemy 3: Played Green_D(Clone) (UnityEngine.GameObject) (Card 2)
[03:07:22] Turns: 0
[06:43:42] Top card: 
[06:43:42] Delt cards
[06:43:42] Top card: 
[06:43:42] Top card: 
[06:43:42] Top card: 
[06:43:42] Top card: 
[06:43:42] Top card: 
[06:43:42] Top card: 
[06:43:42] Top card: 
[06:43:42] Top card: 
[06:43:42] Top card: 
[06:43:42] Top card: 
[06:43:42] Top card: 
[06:43:42] Top card: 
[06:43:42] Top card: 
[06:43:42] Top card: 
[06:43:42] Top card: 
[06:43:42] Top card: 
[06:43:42] Top card: 
[06:43:42] Top card: 
[06:43:42] Top card: 
[06:43:42] Top card: 
[06:43:42] Player: Played CardW(Clone) (UnityEngine.GameObject)
[06:43:42] Wild Menu shown
[06:43:42] Turns: 1
[06:43:42] Turns: 1
[06:43:42] Top card: CardW(Clone) (UnityEngine.GameObject)
[06:43:42] Top card: CardW(Clone) (UnityEngine.GameObject)
[06:43:42] Enemy 1: Played CardW(Clone) (UnityEngine.GameObject) (Card 0)
[06:43:42] Turns: 2
[06:43:42] Top card: CardW(Clone) (UnityEngine.GameObject)
[06:43:42] Top card: CardW(Clone) (UnityEngine.GameObject)
[06:43:42] Enemy 2: CardW4(Clone) (UnityEngine.GameObject) (Card 0) did not match
[06:43:42] Enemy 2: CardW4(Clone) (UnityEngine.GameObject) (Card 1) did not match
[06:43:42] Enemy 2: Played CardW(Clone) (UnityEngine.GameObject) (Card 2)
[06:43:42] Turns: 3
[06:43:42] Top card: CardW(Clone) (UnityEngine.GameObject)
[06:43:42] Top card: CardW(Clone) (UnityEngine.GameObject)
[06:43:42] Enemy 3: CardW4(Clone) (UnityEngine.GameObject) (Card 0) did not match
[06:43:42] Enemy 3: Played CardW(Clone) (UnityEngine.GameObject) (Card 1)
[06:43:42] Turns: 0
