[08:27:05] Top card: 
[08:27:05] Delt cards
[08:27:05] Top card: 
[08:27:05] Top card: 
[08:27:05] Top card: 
[08:27:05] Top card: 
[08:27:05] Top card: 
[08:27:05] Top card: 
[08:27:05] Top card: 
[08:27:05] Top card: 
[08:27:05] Top card: 
[08:27:05] Top card: 
[08:27:05] Top card: 
[08:27:05] Top card: 
[08:27:05] Top card: 
[08:27:05] Top card: 
[08:27:05] Top card: 
[08:27:05] Top card: 
[08:27:05] Top card: 
[08:27:05] Top card: 
[08:27:05] Top card: 
[08:27:05] Top card: 
[08:27:05] Player: Played Green_R(Clone) (UnityEngine.GameObject)
[08:27:05] Turns: 1
[08:27:05] Turns: 1
[08:27:05] Top card: Green_R(Clone) (UnityEngine.GameObject)
[08:27:05] Top card: Green_R(Clone) (UnityEngine.GameObject)
[08:27:05] Enemy 1: CardW(Clone) (UnityEngine.GameObject) (Card 0) did not match
[08:27:05] Enemy 1: Played Green_R(Clone) (UnityEngine.GameObject) (Card 1)
[08:27:05] Top card: Green_R(Clone) (UnityEngine.GameObject)
[08:27:05] Enemy 1: CardW(Clone) (UnityEngine.GameObject) (Card 0) did not match
[08:27:05] Enemy 1: Played Blue_R(Clone) (UnityEngine.GameObject) (Card 1)
[08:27:05] Top card: Blue_R(Clone) (UnityEngine.GameObject)
[08:27:05] Enemy 1: CardW(Clone) (UnityEngine.GameObject) (Card 0) did not match
[08:27:05] Enemy 1: CardW4(Clone) (UnityEngine.GameObject) (Card 1) did not match
[08:27:05] Enemy 1: Yellow_0(Clone) (UnityEngine.GameObject) (Card 2) did not match
[08:27:05] IsReversed: False
[08:27:05] Turns: 2
[08:27:05] IsReversed: False
[08:27:05] Turns: 3
[08:27:05] Top card: Blue_R(Clone) (UnityEngine.GameObject)
[08:27:05] Top card: Blue_R(Clone) (UnityEngine.GameObject)
[08:27:05] Enemy 3: Played Red_R(Clone) (UnityEngine.GameObject) (Card 0)
[08:27:05] Top card: Red_R(Clone) (UnityEngine.GameObject)
[08:27:05] Enemy 3: CardW4(Clone) (UnityEngine.GameObject) (Card 0) did not match
[08:27:05] Enemy 3: Played Red_0(Clone) (UnityEngine.GameObject) (Card 1)
[08:27:05] Top card: Red_0(Clone) (UnityEngine.GameObject)
[08:27:05] Enemy 3: CardW4(Clone) (UnityEngine.GameObject) (Card 0) did not match
[08:27:05] Enemy 3: Played Green_0(Clone) (UnityEngine.GameObject) (Card 1)
[08:27:05] Turns: 0
[08:27:05] IsReversed: False
[08:27:05] Turns: 0
[08:27:05] IsReversed: False
[08:27:05] Turns: 0
