[11:16:39] Top card: 
[11:16:39] Top card: Blue_3(Clone) (UnityEngine.GameObject)
[11:16:39] Top card: Blue_3(Clone) (UnityEngine.GameObject)
[11:16:39] Top card: Blue_3(Clone) (UnityEngine.GameObject)
[11:16:39] Top card: Blue_3(Clone) (UnityEngine.GameObject)
[11:16:39] Top card: Blue_3(Clone) (UnityEngine.GameObject)
[11:16:39] Top card: Blue_3(Clone) (UnityEngine.GameObject)
[11:16:39] Top card: Blue_3(Clone) (UnityEngine.GameObject)
[11:16:39] Top card: Blue_3(Clone) (UnityEngine.GameObject)
[11:16:39] Top card: Blue_3(Clone) (UnityEngine.GameObject)
[11:16:39] Top card: Blue_3(Clone) (UnityEngine.GameObject)
[11:16:39] Top card: Blue_3(Clone) (UnityEngine.GameObject)
[11:16:39] Top card: Blue_3(Clone) (UnityEngine.GameObject)
[11:16:39] Top card: Blue_3(Clone) (UnityEngine.GameObject)
[11:16:39] Top card: Blue_3(Clone) (UnityEngine.GameObject)
[11:16:39] Top card: Blue_3(Clone) (UnityEngine.GameObject)
[11:16:39] Top card: Blue_3(Clone) (UnityEngine.GameObject)
[11:16:39] Top card: Blue_3(Clone) (UnityEngine.GameObject)
[11:16:39] Top card: Blue_3(Clone) (UnityEngine.GameObject)
[11:16:39] Top card: Blue_3(Clone) (UnityEngine.GameObject)
[11:16:39] Top card: Blue_3(Clone) (UnityEngine.GameObject)
[11:16:39] Top card: Blue_3(Clone) (UnityEngine.GameObject)
[11:16:39] Top card: Blue_3(Clone) (UnityEngine.GameObject)
[11:16:39] Top card: Blue_3(Clone) (UnityEngine.GameObject)
[11:16:39] Top card: Blue_3(Clone) (UnityEngine.GameObject)
[11:16:39] Top card: Blue_3(Clone) (UnityEngine.GameObject)
[11:16:39] Top card: Blue_3(Clone) (UnityEngine.GameObject)
[11:16:39] Top card: Blue_3(Clone) (UnityEngine.GameObject)
[11:16:39] Delt cards
[11:16:39] Top card: Blue_3(Clone) (UnityEngine.GameObject)
[11:16:39] Player: Played Blue_4(Clone) (UnityEngine.GameObject)
[11:16:39] Turns: 1
[11:16:39] Turns: 1
[11:16:39] Top card: Blue_4(Clone) (UnityEngine.GameObject)
[11:16:39] Top card: Blue_4(Clone) (CardProperties)
[11:16:39] Enemy 1: Green_3(Clone) (UnityEngine.GameObject) (Card 0) did not match
[11:16:39] Enemy 1: Yellow_2(Clone) (UnityEngine.GameObject) (Card 1) did not match
[11:16:39] Enemy 1: Yellow_9(Clone) (UnityEngine.GameObject) (Card 2) did not match
[11:16:39] Enemy 1: CardW(Clone) (UnityEngine.GameObject) (Card 3) did not match
[11:16:39] Enemy 1: Played Blue_7(Clone) (UnityEngine.GameObject) (Card 4)
[11:16:39] Turns: 2
[11:16:39] Top card: Blue_7(Clone) (UnityEngine.GameObject)
[11:16:39] Top card: Blue_7(Clone) (CardProperties)
[11:16:39] Enemy 2: Played Blue_6(Clone) (UnityEngine.GameObject) (Card 0)
[11:16:39] Turns: 3
[11:16:39] Top card: Blue_6(Clone) (UnityEngine.GameObject)
[11:16:39] Top card: Blue_6(Clone) (CardProperties)
[11:16:39] Enemy 3: Red_9(Clone) (UnityEngine.GameObject) (Card 0) did not match
[11:16:39] Enemy 3: Played Blue_9(Clone) (UnityEngine.GameObject) (Card 1)
[11:16:39] Turns: 0
