[03:40:22] Top card: 
[03:40:22] Delt cards
[03:40:22] Top card: Blue_5(Clone) (UnityEngine.GameObject)
[03:40:22] Top card: Blue_5(Clone) (UnityEngine.GameObject)
[03:40:22] Top card: Blue_5(Clone) (UnityEngine.GameObject)
[03:40:22] Top card: Blue_5(Clone) (UnityEngine.GameObject)
[03:40:22] Top card: Blue_5(Clone) (UnityEngine.GameObject)
[03:40:22] Top card: Blue_5(Clone) (UnityEngine.GameObject)
[03:40:22] Top card: Blue_5(Clone) (UnityEngine.GameObject)
[03:40:22] Top card: Blue_5(Clone) (UnityEngine.GameObject)
[03:40:22] Top card: Blue_5(Clone) (UnityEngine.GameObject)
[03:40:22] Top card: Blue_5(Clone) (UnityEngine.GameObject)
[03:40:22] Top card: Blue_5(Clone) (UnityEngine.GameObject)
[03:40:22] Top card: Blue_5(Clone) (UnityEngine.GameObject)
[03:40:22] Top card: Blue_5(Clone) (UnityEngine.GameObject)
[03:40:22] Top card: Blue_5(Clone) (UnityEngine.GameObject)
[03:40:22] Top card: Blue_5(Clone) (UnityEngine.GameObject)
[03:40:22] Top card: Blue_5(Clone) (UnityEngine.GameObject)
[03:40:22] Top card: Blue_5(Clone) (UnityEngine.GameObject)
[03:40:22] Top card: Blue_5(Clone) (UnityEngine.GameObject)
[03:40:22] Top card: Blue_5(Clone) (UnityEngine.GameObject)
[03:40:22] Top card: Blue_5(Clone) (UnityEngine.GameObject)
[03:40:22] Top card: Blue_5(Clone) (UnityEngine.GameObject)
[03:40:22] Top card: Blue_5(Clone) (UnityEngine.GameObject)
[03:40:22] Top card: Blue_5(Clone) (UnityEngine.GameObject)
[03:40:22] Top card: Blue_5(Clone) (UnityEngine.GameObject)
[03:40:22] Top card: Blue_5(Clone) (UnityEngine.GameObject)
[03:40:22] Top card: Blue_5(Clone) (UnityEngine.GameObject)
[03:40:22] Top card: Blue_5(Clone) (UnityEngine.GameObject)
[03:40:22] Top card: Blue_5(Clone) (UnityEngine.GameObject)
[03:40:22] Player: Played Blue_8(Clone) (UnityEngine.GameObject)
[03:40:22] Turns: 1
[03:40:22] Turns: 1
[03:40:22] Top card: Blue_8(Clone) (UnityEngine.GameObject)
[03:40:22] Top card: Blue_8(Clone) (UnityEngine.GameObject)
[03:40:22] Enemy 1: Green_2(Clone) (UnityEngine.GameObject) (Card 0) did not match
[03:40:22] Enemy 1: Red_D(Clone) (UnityEngine.GameObject) (Card 1) did not match
[03:40:22] Enemy 1: Green_5(Clone) (UnityEngine.GameObject) (Card 2) did not match
[03:40:22] Enemy 1: Played Blue_2(Clone) (UnityEngine.GameObject) (Card 3)
[03:40:22] Turns: 2
[03:40:22] Top card: Blue_2(Clone) (UnityEngine.GameObject)
[03:40:22] Top card: Blue_2(Clone) (UnityEngine.GameObject)
[03:40:22] Enemy 2: Yellow_6(Clone) (UnityEngine.GameObject) (Card 0) did not match
[03:40:22] Enemy 2: Played Blue_6(Clone) (UnityEngine.GameObject) (Card 1)
[03:40:22] Turns: 3
[03:40:22] Top card: Blue_6(Clone) (UnityEngine.GameObject)
[03:40:22] Top card: Blue_6(Clone) (UnityEngine.GameObject)
[03:40:22] Enemy 3: Played Blue_S(Clone) (UnityEngine.GameObject) (Card 0)
[03:40:22] Turns: 0
