[10:19:18] Top card: 
[10:19:18] Delt cards
[10:19:18] Player: Played Red_7
[10:19:18] Turns: 1
[10:19:18] Turns: 1
[10:19:18] Top card: Red_7(Clone) (UnityEngine.GameObject)
[10:19:18] Top card: Red_7(Clone) (CardProperties)
[10:19:18] Enemy 1: Played Red_5(Clone) (UnityEngine.GameObject) (Card 0)
[10:19:18] Turns: 2
[10:19:18] Top card: Red_5(Clone) (UnityEngine.GameObject)
[10:19:18] Top card: Red_5(Clone) (CardProperties)
[10:19:18] Enemy 2: Played Red_8(Clone) (UnityEngine.GameObject) (Card 0)
[10:19:18] Turns: 3
[10:19:18] Top card: Red_8(Clone) (UnityEngine.GameObject)
[10:19:18] Top card: Red_8(Clone) (CardProperties)
[10:19:18] Enemy 3: Yellow_4(Clone) (UnityEngine.GameObject) (Card 0) did not match
[10:19:18] Enemy 3: CardW(Clone) (UnityEngine.GameObject) (Card 1) did not match
[10:19:18] Enemy 3: CardW4(Clone) (UnityEngine.GameObject) (Card 2) did not match
[10:19:18] Enemy 3: Played Red_D(Clone) (UnityEngine.GameObject) (Card 3)
[10:19:18] Turns: 0
[10:19:18] Player: Played Red_7
[10:19:18] Turns: 1
[10:19:18] Turns: 1
[10:19:18] Top card: Red_7(Clone) (UnityEngine.GameObject)
[10:19:18] Top card: Red_7(Clone) (CardProperties)
[10:19:18] Enemy 1: Blue_S(Clone) (UnityEngine.GameObject) (Card 0) did not match
[10:19:18] Enemy 1: Played Red_1(Clone) (UnityEngine.GameObject) (Card 1)
[10:19:18] Turns: 2
[10:19:18] Top card: Red_1(Clone) (UnityEngine.GameObject)
[10:19:18] Top card: Red_1(Clone) (CardProperties)
[10:19:18] Enemy 2: CardW4(Clone) (UnityEngine.GameObject) (Card 0) did not match
[10:19:18] Enemy 2: Blue_9(Clone) (UnityEngine.GameObject) (Card 1) did not match
[10:19:18] Enemy 2: Played Red_D(Clone) (UnityEngine.GameObject) (Card 2)
[10:19:18] Turns: 3
[10:19:18] Top card: Red_D(Clone) (UnityEngine.GameObject)
[10:19:18] Top Deck Card:CardW(Clone) (UnityEngine.GameObject)
[10:19:18] Enemy 3: Drew CardW(Clone) (UnityEngine.GameObject)
[10:19:18] Top Deck Card:Green_6(Clone) (UnityEngine.GameObject)
[10:19:18] Enemy 3: Drew Green_6(Clone) (UnityEngine.GameObject)
[10:19:18] Enemy 3: Drew 2 cards
[10:19:18] Skipped Enemy 3
[10:19:18] Player: Played Red_2
[10:19:18] Turns: 1
[10:19:18] Turns: 1
[10:19:18] Top card: Red_2(Clone) (UnityEngine.GameObject)
[10:19:18] Top card: Red_2(Clone) (CardProperties)
[10:19:18] Enemy 1: Blue_S(Clone) (UnityEngine.GameObject) (Card 0) did not match
[10:19:18] Enemy 1: Green_S(Clone) (UnityEngine.GameObject) (Card 1) did not match
[10:19:18] Enemy 1: Played Blue_2(Clone) (UnityEngine.GameObject) (Card 2)
[10:19:18] Turns: 2
[10:19:18] Top card: Blue_2(Clone) (UnityEngine.GameObject)
[10:19:18] Top card: Blue_2(Clone) (CardProperties)
[10:19:18] Enemy 2: CardW4(Clone) (UnityEngine.GameObject) (Card 0) did not match
[10:19:18] Enemy 2: Played Blue_9(Clone) (UnityEngine.GameObject) (Card 1)
[10:19:18] Turns: 3
[10:19:18] Top card: Blue_9(Clone) (UnityEngine.GameObject)
[10:19:18] Top card: Blue_9(Clone) (CardProperties)
[10:19:18] Enemy 3: Yellow_4(Clone) (UnityEngine.GameObject) (Card 0) did not match
[10:19:18] Enemy 3: CardW(Clone) (UnityEngine.GameObject) (Card 1) did not match
[10:19:18] Enemy 3: CardW4(Clone) (UnityEngine.GameObject) (Card 2) did not match
[10:19:18] Enemy 3: Red_0(Clone) (UnityEngine.GameObject) (Card 3) did not match
[10:19:18] Enemy 3: Yellow_R(Clone) (UnityEngine.GameObject) (Card 4) did not match
[10:19:18] Enemy 3: Played Blue_3(Clone) (UnityEngine.GameObject) (Card 5)
[10:19:18] Turns: 0
