[08:47:42] Player received: Blue_3(Clone)
[08:47:42] Enemy1 received: Red_R(Clone)
[08:47:42] Enemy2 received: Red_4(Clone)
[08:47:42] Enemy3 received: Red_3(Clone)
[08:47:42] Player received: Yellow_9(Clone)
[08:47:42] Enemy1 received: Blue_S(Clone)
[08:47:42] Enemy2 received: Red_6(Clone)
[08:47:42] Enemy3 received: Blue_D(Clone)
[08:47:42] Player received: Blue_1(Clone)
[08:47:42] Enemy1 received: Blue_7(Clone)
[08:47:42] Enemy2 received: CardW(Clone)
[08:47:42] Enemy3 received: Yellow_3(Clone)
[08:47:42] Player received: Green_8(Clone)
[08:47:42] Enemy1 received: Green_7(Clone)
[08:47:42] Enemy2 received: CardW4(Clone)
[08:47:42] Enemy3 received: Green_9(Clone)
[08:47:42] Player received: Red_D(Clone)
[08:47:42] Enemy1 received: Yellow_4(Clone)
[08:47:42] Enemy2 received: Yellow_D(Clone)
[08:47:42] Enemy3 received: Green_S(Clone)
[08:47:42] Player received: Blue_5(Clone)
[08:47:42] Enemy1 received: Blue_D(Clone)
[08:47:42] Enemy2 received: Blue_4(Clone)
[08:47:42] Enemy3 received: Yellow_D(Clone)
[08:47:42] Player received: CardW4(Clone)
[08:47:42] Enemy1 received: Red_D(Clone)
[08:47:42] Enemy2 received: Yellow_8(Clone)
[08:47:42] Enemy3 received: Green_R(Clone)
[08:47:42] DiscardPile received: Green_D(Clone)
[08:47:42] Hello from PlayerManager.Draw2
[08:47:42] Dealt cards
[08:47:42] Top Deck Card:Green_2(Clone) (UnityEngine.GameObject)
[08:47:42] Player: Drew Green_2(Clone) (UnityEngine.GameObject)
[08:47:42] Top Deck Card:Yellow_7(Clone) (UnityEngine.GameObject)
[08:47:42] Player: Drew Yellow_7(Clone) (UnityEngine.GameObject)
[08:47:42] Player: Drew 2 cards
[08:47:42] Turns: 1
[08:47:42] Top card: Green_D(Clone) (UnityEngine.GameObject)
[08:47:42] Green_7(Clone) (UnityEngine.GameObject) was added to PlayableCards
[08:47:42] Blue_D(Clone) (UnityEngine.GameObject) was added to PlayableCards
[08:47:42] Red_D(Clone) (UnityEngine.GameObject) was added to PlayableCards
[08:47:42] Enemy 1: Played Blue_D(Clone)
[08:47:42] HasPlayableCard = true
[08:47:42] Turns: 2
[08:47:42] Top card: Blue_D(Clone) (UnityEngine.GameObject)
[08:47:42] Top Deck Card:CardW(Clone) (UnityEngine.GameObject)
[08:47:42] Enemy 2: Drew CardW(Clone) (UnityEngine.GameObject)
[08:47:42] Top Deck Card:Green_8(Clone) (UnityEngine.GameObject)
[08:47:42] Enemy 2: Drew Green_8(Clone) (UnityEngine.GameObject)
[08:47:42] Enemy 2: Drew 2 cards
[08:47:42] Turns: 3
[08:47:42] Top card: Blue_D(Clone) (UnityEngine.GameObject)
[08:47:42] Blue_D(Clone) (UnityEngine.GameObject) was added to PlayableCards
[08:47:42] Yellow_D(Clone) (UnityEngine.GameObject) was added to PlayableCards
[08:47:42] Enemy 3: Played Blue_D(Clone)
[08:47:42] HasPlayableCard = true
[08:47:42] Turns: 0
[08:47:42] Hello from PlayerManager.Draw2
[08:47:42] Top Deck Card:Yellow_3(Clone) (UnityEngine.GameObject)
[08:47:42] Player: Drew Yellow_3(Clone) (UnityEngine.GameObject)
[08:47:42] Top Deck Card:Green_D(Clone) (UnityEngine.GameObject)
[08:47:42] Player: Drew Green_D(Clone) (UnityEngine.GameObject)
[08:47:42] Player: Drew 2 cards
[08:47:42] Turns: 1
[08:47:42] Top card: Blue_D(Clone) (UnityEngine.GameObject)
[08:47:42] Blue_S(Clone) (UnityEngine.GameObject) was added to PlayableCards
[08:47:42] Blue_7(Clone) (UnityEngine.GameObject) was added to PlayableCards
[08:47:42] Red_D(Clone) (UnityEngine.GameObject) was added to PlayableCards
[08:47:42] Enemy 1: Played Red_D(Clone)
[08:47:42] HasPlayableCard = true
[08:47:42] Turns: 2
[08:47:42] Top card: Red_D(Clone) (UnityEngine.GameObject)
[08:47:42] Top Deck Card:Red_9(Clone) (UnityEngine.GameObject)
[08:47:42] Enemy 2: Drew Red_9(Clone) (UnityEngine.GameObject)
[08:47:42] Top Deck Card:Blue_4(Clone) (UnityEngine.GameObject)
[08:47:42] Enemy 2: Drew Blue_4(Clone) (UnityEngine.GameObject)
[08:47:42] Enemy 2: Drew 2 cards
[08:47:42] Turns: 3
[08:47:42] Top card: Red_D(Clone) (UnityEngine.GameObject)
[08:47:42] Red_3(Clone) (UnityEngine.GameObject) was added to PlayableCards
[08:47:42] Yellow_D(Clone) (UnityEngine.GameObject) was added to PlayableCards
[08:47:42] Enemy 3: Played Yellow_D(Clone)
[08:47:42] Removed Green_D(Clone) (UnityEngine.GameObject)
[08:47:42] HasPlayableCard = true
[08:47:42] Turns: 0
[08:47:42] Hello from PlayerManager.Draw2
[08:47:42] Top Deck Card:CardW4(Clone) (UnityEngine.GameObject)
[08:47:42] Player: Drew CardW4(Clone) (UnityEngine.GameObject)
[08:47:42] Top Deck Card:Green_6(Clone) (UnityEngine.GameObject)
[08:47:42] Player: Drew Green_6(Clone) (UnityEngine.GameObject)
[08:47:42] Player: Drew 2 cards
[08:47:42] Turns: 1
[08:47:42] Top card: Yellow_D(Clone) (UnityEngine.GameObject)
[08:47:42] Yellow_4(Clone) (UnityEngine.GameObject) was added to PlayableCards
[08:47:42] Enemy 1: Played Yellow_4(Clone)
[08:47:42] Removed Blue_D(Clone) (UnityEngine.GameObject)
[08:47:42] HasPlayableCard = true
[08:47:42] Turns: 2
[08:47:42] Top card: Yellow_4(Clone) (UnityEngine.GameObject)
[08:47:42] Red_4(Clone) (UnityEngine.GameObject) was added to PlayableCards
[08:47:42] CardW(Clone) (UnityEngine.GameObject) was added to PlayableCards
[08:47:42] CardW4(Clone) (UnityEngine.GameObject) was added to PlayableCards
[08:47:42] Yellow_D(Clone) (UnityEngine.GameObject) was added to PlayableCards
[08:47:42] Blue_4(Clone) (UnityEngine.GameObject) was added to PlayableCards
[08:47:42] Yellow_8(Clone) (UnityEngine.GameObject) was added to PlayableCards
[08:47:42] CardW(Clone) (UnityEngine.GameObject) was added to PlayableCards
[08:47:42] Blue_4(Clone) (UnityEngine.GameObject) was added to PlayableCards
[08:47:42] Enemy 2: Played Yellow_D(Clone)
[08:47:42] Removed Blue_D(Clone) (UnityEngine.GameObject)
[08:47:42] HasPlayableCard = true
[08:47:42] Turns: 3
[08:47:42] Top card: Yellow_D(Clone) (UnityEngine.GameObject)
[08:47:42] Top Deck Card:CardW4(Clone) (UnityEngine.GameObject)
[08:47:42] Enemy 3: Drew CardW4(Clone) (UnityEngine.GameObject)
[08:47:42] Top Deck Card:Red_D(Clone) (UnityEngine.GameObject)
[08:47:42] Enemy 3: Drew Red_D(Clone) (UnityEngine.GameObject)
[08:47:42] Enemy 3: Drew 2 cards
[08:47:42] Turns: 0
[08:47:42] Player: Played Red_D
[08:47:42] Turns: 1
[08:47:42] Top card: Red_D(Clone) (UnityEngine.GameObject)
[08:47:42] Top Deck Card:Red_D(Clone) (UnityEngine.GameObject)
[08:47:42] Enemy 1: Drew Red_D(Clone) (UnityEngine.GameObject)
[08:47:42] Top Deck Card:Red_5(Clone) (UnityEngine.GameObject)
[08:47:42] Enemy 1: Drew Red_5(Clone) (UnityEngine.GameObject)
[08:47:42] Enemy 1: Drew 2 cards
[08:47:42] Turns: 2
[08:47:42] Top card: Red_D(Clone) (UnityEngine.GameObject)
[08:47:42] Red_4(Clone) (UnityEngine.GameObject) was added to PlayableCards
[08:47:42] Red_6(Clone) (UnityEngine.GameObject) was added to PlayableCards
[08:47:42] CardW(Clone) (UnityEngine.GameObject) was added to PlayableCards
[08:47:42] CardW4(Clone) (UnityEngine.GameObject) was added to PlayableCards
[08:47:42] CardW(Clone) (UnityEngine.GameObject) was added to PlayableCards
[08:47:42] Red_9(Clone) (UnityEngine.GameObject) was added to PlayableCards
[08:47:42] Enemy 2: Played Red_4(Clone)
[08:47:42] HasPlayableCard = true
[08:47:42] Turns: 3
[08:47:42] Top card: Red_4(Clone) (UnityEngine.GameObject)
[08:47:42] Red_3(Clone) (UnityEngine.GameObject) was added to PlayableCards
[08:47:42] CardW4(Clone) (UnityEngine.GameObject) was added to PlayableCards
[08:47:42] Red_D(Clone) (UnityEngine.GameObject) was added to PlayableCards
[08:47:42] Enemy 3: Played Red_D(Clone)
[08:47:42] HasPlayableCard = true
[08:47:42] Turns: 0
[08:47:42] Hello from PlayerManager.Draw2
[08:47:42] Top Deck Card:Green_5(Clone) (UnityEngine.GameObject)
[08:47:42] Player: Drew Green_5(Clone) (UnityEngine.GameObject)
[08:47:42] Top Deck Card:Yellow_R(Clone) (UnityEngine.GameObject)
[08:47:42] Player: Drew Yellow_R(Clone) (UnityEngine.GameObject)
[08:47:42] Player: Drew 2 cards
[08:47:42] Turns: 1
[08:47:42] Top card: Red_D(Clone) (UnityEngine.GameObject)
[08:47:42] Red_R(Clone) (UnityEngine.GameObject) was added to PlayableCards
[08:47:42] Red_D(Clone) (UnityEngine.GameObject) was added to PlayableCards
[08:47:42] Red_5(Clone) (UnityEngine.GameObject) was added to PlayableCards
[08:47:42] Enemy 1: Played Red_D(Clone)
[08:47:42] HasPlayableCard = true
[08:47:42] Turns: 2
[08:47:42] Top card: Red_D(Clone) (UnityEngine.GameObject)
[08:47:42] Top Deck Card:Blue_6(Clone) (UnityEngine.GameObject)
[08:47:42] Enemy 2: Drew Blue_6(Clone) (UnityEngine.GameObject)
[08:47:42] Top Deck Card:Red_8(Clone) (UnityEngine.GameObject)
[08:47:42] Enemy 2: Drew Red_8(Clone) (UnityEngine.GameObject)
[08:47:42] Enemy 2: Drew 2 cards
[08:47:42] Turns: 3
[08:47:42] Top card: Red_D(Clone) (UnityEngine.GameObject)
[08:47:42] Red_3(Clone) (UnityEngine.GameObject) was added to PlayableCards
[08:47:42] CardW4(Clone) (UnityEngine.GameObject) was added to PlayableCards
[08:47:42] Enemy 3: Played Red_3(Clone)
[08:47:42] HasPlayableCard = true
[08:47:42] Turns: 0
[08:47:42] Wild Menu shown
[08:47:42] Player: Played CardW4
[08:47:42] Turns: 1
[08:47:42] Player called Yellow
[08:47:42] Wild Menu hidden
