[08:06:39]Top card: 
[08:06:39]Top card: Yellow_2(Clone) (UnityEngine.GameObject)
[08:06:39]Top card: Yellow_2(Clone) (UnityEngine.GameObject)
[08:06:39]Top card: Yellow_2(Clone) (UnityEngine.GameObject)
[08:06:39]Top card: Yellow_2(Clone) (UnityEngine.GameObject)
[08:06:39]Top card: Yellow_2(Clone) (UnityEngine.GameObject)
[08:06:39]Top card: Yellow_2(Clone) (UnityEngine.GameObject)
[08:06:39]Top card: Yellow_2(Clone) (UnityEngine.GameObject)
[08:06:39]Top card: Yellow_2(Clone) (UnityEngine.GameObject)
[08:06:39]Top card: Yellow_2(Clone) (UnityEngine.GameObject)
[08:06:39]Top card: Yellow_2(Clone) (UnityEngine.GameObject)
[08:06:39]Top card: Yellow_2(Clone) (UnityEngine.GameObject)
[08:06:39]Top card: Yellow_2(Clone) (UnityEngine.GameObject)
[08:06:39]Top card: Yellow_2(Clone) (UnityEngine.GameObject)
[08:06:39]Top card: Yellow_2(Clone) (UnityEngine.GameObject)
[08:06:39]Top card: Yellow_2(Clone) (UnityEngine.GameObject)
[08:06:39]Top card: Yellow_2(Clone) (UnityEngine.GameObject)
[08:06:39]Top card: Yellow_2(Clone) (UnityEngine.GameObject)
[08:06:39]Top card: Yellow_2(Clone) (UnityEngine.GameObject)
[08:06:39]Top card: Yellow_2(Clone) (UnityEngine.GameObject)
[08:06:39]Top card: Yellow_2(Clone) (UnityEngine.GameObject)
[08:06:39]Top card: Yellow_2(Clone) (UnityEngine.GameObject)
[08:06:39]Top card: Yellow_2(Clone) (UnityEngine.GameObject)
[08:06:39]Top card: Yellow_2(Clone) (UnityEngine.GameObject)
[08:06:39]Top card: Yellow_2(Clone) (UnityEngine.GameObject)
[08:06:39]Top card: Yellow_2(Clone) (UnityEngine.GameObject)
[08:06:39]Top card: Yellow_2(Clone) (UnityEngine.GameObject)
[08:06:39]Top card: Yellow_2(Clone) (UnityEngine.GameObject)
[08:06:39]Top card: Yellow_2(Clone) (UnityEngine.GameObject)
[08:06:39]Player: played card
[08:06:39]Turns = 1
[08:06:39]DiscardCounter: 1
[08:06:39]Top card: YellowSkip
[08:06:39]Enemy 1: Couldn't find card match
[08:06:39]Enemy 1: Played card
[08:06:39]Yellow_8(Clone) (UnityEngine.GameObject)
[08:06:39]Turns = 2
[08:06:39]The top card is YellowEight
[08:06:39]Enemy 2: Card couldn't be played
[08:06:39]Enemy 2: Skiping turn
[08:06:39]The top card is YellowEight
[08:06:39]Enemy 2: Played card
[08:06:39]Turns = 3
[08:06:39]The top card is YellowEight
[08:06:39]Enemy 3: Played card
[08:06:39]Turns = 0
