[12:43:01] Top card: 
[12:43:01] Top card: Blue_3(Clone) (UnityEngine.GameObject)
[12:43:01] Top card: Blue_3(Clone) (UnityEngine.GameObject)
[12:43:01] Top card: Blue_3(Clone) (UnityEngine.GameObject)
[12:43:01] Top card: Blue_3(Clone) (UnityEngine.GameObject)
[12:43:01] Top card: Blue_3(Clone) (UnityEngine.GameObject)
[12:43:01] Top card: Blue_3(Clone) (UnityEngine.GameObject)
[12:43:01] Top card: Blue_3(Clone) (UnityEngine.GameObject)
[12:43:01] Top card: Blue_3(Clone) (UnityEngine.GameObject)
[12:43:01] Top card: Blue_3(Clone) (UnityEngine.GameObject)
[12:43:01] Top card: Blue_3(Clone) (UnityEngine.GameObject)
[12:43:01] Top card: Blue_3(Clone) (UnityEngine.GameObject)
[12:43:01] Top card: Blue_3(Clone) (UnityEngine.GameObject)
[12:43:01] Top card: Blue_3(Clone) (UnityEngine.GameObject)
[12:43:01] Top card: Blue_3(Clone) (UnityEngine.GameObject)
[12:43:01] Top card: Blue_3(Clone) (UnityEngine.GameObject)
[12:43:01] Top card: Blue_3(Clone) (UnityEngine.GameObject)
[12:43:01] Top card: Blue_3(Clone) (UnityEngine.GameObject)
[12:43:01] Top card: Blue_3(Clone) (UnityEngine.GameObject)
[12:43:01] Top card: Blue_3(Clone) (UnityEngine.GameObject)
[12:43:01] Top card: Blue_3(Clone) (UnityEngine.GameObject)
[12:43:01] Top card: Blue_3(Clone) (UnityEngine.GameObject)
[12:43:01] Top card: Blue_3(Clone) (UnityEngine.GameObject)
[12:43:01] Top card: Blue_3(Clone) (UnityEngine.GameObject)
[12:43:01] Top card: Blue_3(Clone) (UnityEngine.GameObject)
[12:43:01] Top card: Blue_3(Clone) (UnityEngine.GameObject)
[12:43:01] Top card: Blue_3(Clone) (UnityEngine.GameObject)
[12:43:01] Top card: Blue_3(Clone) (UnityEngine.GameObject)
[12:43:01] Top card: Blue_3(Clone) (UnityEngine.GameObject)
[12:43:01] Player: played card
[12:43:01] Turns: 1
[12:43:01] DiscardCounter: 1
[12:43:01] Top card: Yellow_S(Clone) (UnityEngine.GameObject)
[12:43:01] Skipped Enemy 1
[12:43:01] Skipped Enemy 2
[12:43:01] Skipped Enemy 3
