[08:46:55] Player received: Green_9(Clone)
[08:46:55] Enemy1 received: Green_8(Clone)
[08:46:55] Enemy2 received: Red_D(Clone)
[08:46:55] Enemy3 received: Blue_4(Clone)
[08:46:55] Player received: Green_S(Clone)
[08:46:55] Enemy1 received: CardW(Clone)
[08:46:55] Enemy2 received: Blue_0(Clone)
[08:46:55] Enemy3 received: Red_4(Clone)
[08:46:55] Player received: Red_5(Clone)
[08:46:55] Enemy1 received: CardW(Clone)
[08:46:55] Enemy2 received: Red_R(Clone)
[08:46:55] Enemy3 received: Green_D(Clone)
[08:46:55] Player received: Yellow_D(Clone)
[08:46:55] Enemy1 received: Green_4(Clone)
[08:46:55] Enemy2 received: Yellow_6(Clone)
[08:46:55] Enemy3 received: Green_D(Clone)
[08:46:55] Player received: CardW(Clone)
[08:46:55] Enemy1 received: Yellow_8(Clone)
[08:46:55] Enemy2 received: Yellow_S(Clone)
[08:46:55] Enemy3 received: Yellow_5(Clone)
[08:46:55] Player received: Blue_D(Clone)
[08:46:55] Enemy1 received: Green_D(Clone)
[08:46:55] Enemy2 received: Green_5(Clone)
[08:46:55] Enemy3 received: Yellow_4(Clone)
[08:46:55] Player received: Red_7(Clone)
[08:46:55] Enemy1 received: Green_1(Clone)
[08:46:55] Enemy2 received: Yellow_D(Clone)
[08:46:55] Enemy3 received: Red_4(Clone)
[08:46:55] DiscardPile received: Blue_4(Clone)
[08:46:55] Dealt cards
