[07:58:08] Player received: Green_8(Clone)
[07:58:08] Enemy1 received: Red_D(Clone)
[07:58:08] Enemy2 received: Blue_2(Clone)
[07:58:08] Enemy3 received: Blue_S(Clone)
[07:58:08] Player received: Red_2(Clone)
[07:58:08] Enemy1 received: Green_D(Clone)
[07:58:08] Enemy2 received: Green_0(Clone)
[07:58:08] Enemy3 received: CardW(Clone)
[07:58:08] Player received: Blue_5(Clone)
[07:58:08] Enemy1 received: Red_7(Clone)
[07:58:08] Enemy2 received: Blue_8(Clone)
[07:58:08] Enemy3 received: CardW4(Clone)
[07:58:08] Player received: Blue_R(Clone)
[07:58:08] Enemy1 received: Green_2(Clone)
[07:58:08] Enemy2 received: Green_S(Clone)
[07:58:08] Enemy3 received: CardW4(Clone)
[07:58:08] Player received: Red_3(Clone)
[07:58:08] Enemy1 received: Red_5(Clone)
[07:58:08] Enemy2 received: Red_3(Clone)
[07:58:08] Enemy3 received: Green_6(Clone)
[07:58:08] Player received: CardW(Clone)
[07:58:08] Enemy1 received: Red_6(Clone)
[07:58:08] Enemy2 received: Green_R(Clone)
[07:58:08] Enemy3 received: Red_D(Clone)
[07:58:08] Player received: Green_9(Clone)
[07:58:08] Enemy1 received: Red_R(Clone)
[07:58:08] Enemy2 received: Yellow_2(Clone)
[07:58:08] Enemy3 received: Blue_4(Clone)
[07:58:08] DiscardPile received: Blue_S(Clone)
[07:58:08] Dealt cards
[07:58:08] Player: Played Green_9
[07:58:08] Turns: 1
[07:58:08] Top card: Green_9(Clone) (UnityEngine.GameObject)
[07:58:08] Green_D(Clone) (UnityEngine.GameObject) was added to PlayableCards
[07:58:08] Green_2(Clone) (UnityEngine.GameObject) was added to PlayableCards
[07:58:08] Enemy 1: Played Green_D(Clone)
[07:58:08] HasPlayableCard = true
[07:58:08] Turns: 2
[07:58:08] Top card: Green_D(Clone) (UnityEngine.GameObject)
[07:58:08] Top Deck Card:Yellow_D(Clone) (UnityEngine.GameObject)
[07:58:08] Enemy 2: Drew Yellow_D(Clone) (UnityEngine.GameObject)
[07:58:08] Top Deck Card:Blue_6(Clone) (UnityEngine.GameObject)
[07:58:08] Enemy 2: Drew Blue_6(Clone) (UnityEngine.GameObject)
[07:58:08] Enemy 2: Drew 2 cards
[07:58:08] Turns: 3
[07:58:08] Top card: Green_D(Clone) (UnityEngine.GameObject)
[07:58:08] CardW(Clone) (UnityEngine.GameObject) was added to PlayableCards
[07:58:08] CardW4(Clone) (UnityEngine.GameObject) was added to PlayableCards
[07:58:08] CardW4(Clone) (UnityEngine.GameObject) was added to PlayableCards
[07:58:08] Green_6(Clone) (UnityEngine.GameObject) was added to PlayableCards
[07:58:08] Red_D(Clone) (UnityEngine.GameObject) was added to PlayableCards
[07:58:08] Enemy 3: Played Red_D(Clone)
[07:58:08] HasPlayableCard = true
[07:58:08] Turns: 0
[07:58:08] Hello from PlayerManager.Draw2
[07:58:08] Top Deck Card:Green_D(Clone) (UnityEngine.GameObject)
[07:58:08] Player: Drew Green_D(Clone) (UnityEngine.GameObject)
[07:58:08] Top Deck Card:Yellow_4(Clone) (UnityEngine.GameObject)
[07:58:08] Player: Drew Yellow_4(Clone) (UnityEngine.GameObject)
[07:58:08] Player: Drew 2 cards
[07:58:08] Turns: 1
[07:58:08] Top card: Red_D(Clone) (UnityEngine.GameObject)
[07:58:08] Red_D(Clone) (UnityEngine.GameObject) was added to PlayableCards
[07:58:08] Red_7(Clone) (UnityEngine.GameObject) was added to PlayableCards
[07:58:08] Red_5(Clone) (UnityEngine.GameObject) was added to PlayableCards
[07:58:08] Red_6(Clone) (UnityEngine.GameObject) was added to PlayableCards
[07:58:08] Red_R(Clone) (UnityEngine.GameObject) was added to PlayableCards
[07:58:08] Enemy 1: Played Red_D(Clone)
[07:58:08] HasPlayableCard = true
[07:58:08] Turns: 2
[07:58:08] Top card: Red_D(Clone) (UnityEngine.GameObject)
[07:58:08] Top Deck Card:Red_D(Clone) (UnityEngine.GameObject)
[07:58:08] Enemy 2: Drew Red_D(Clone) (UnityEngine.GameObject)
[07:58:08] Top Deck Card:Yellow_S(Clone) (UnityEngine.GameObject)
[07:58:08] Enemy 2: Drew Yellow_S(Clone) (UnityEngine.GameObject)
[07:58:08] Enemy 2: Drew 2 cards
[07:58:08] Turns: 3
[07:58:08] Top card: Red_D(Clone) (UnityEngine.GameObject)
[07:58:08] CardW(Clone) (UnityEngine.GameObject) was added to PlayableCards
[07:58:08] CardW4(Clone) (UnityEngine.GameObject) was added to PlayableCards
[07:58:08] CardW4(Clone) (UnityEngine.GameObject) was added to PlayableCards
[07:58:08] HasPlayableCard = true
[07:58:08] Turns: 0
