[04:42:42] Player received: CardW(Clone)
[04:42:42] Enemy1 received: CardW(Clone)
[04:42:42] Enemy2 received: CardW4(Clone)
[04:42:42] Enemy3 received: Blue_D(Clone)
[04:42:42] Player received: Blue_D(Clone)
[04:42:42] Enemy1 received: Green_2(Clone)
[04:42:42] Enemy2 received: Yellow_2(Clone)
[04:42:42] Enemy3 received: Red_6(Clone)
[04:42:42] Player received: Blue_S(Clone)
[04:42:42] Enemy1 received: Green_8(Clone)
[04:42:42] Enemy2 received: Green_7(Clone)
[04:42:42] Enemy3 received: Green_9(Clone)
[04:42:42] Player received: Yellow_D(Clone)
[04:42:42] Enemy1 received: CardW(Clone)
[04:42:42] Enemy2 received: Green_7(Clone)
[04:42:42] Enemy3 received: Yellow_8(Clone)
[04:42:42] Player received: Yellow_9(Clone)
[04:42:42] Enemy1 received: Yellow_6(Clone)
[04:42:42] Enemy2 received: Red_D(Clone)
[04:42:42] Enemy3 received: Green_D(Clone)
[04:42:42] Player received: Green_S(Clone)
[04:42:42] Enemy1 received: Red_4(Clone)
[04:42:42] Enemy2 received: Red_1(Clone)
[04:42:42] Enemy3 received: Red_9(Clone)
[04:42:42] Player received: Red_8(Clone)
[04:42:42] Enemy1 received: Yellow_2(Clone)
[04:42:42] Enemy2 received: CardW(Clone)
[04:42:42] Enemy3 received: Blue_D(Clone)
[04:42:42] DiscardPile received: Blue_S(Clone)
[04:42:42] Dealt cards
[04:53:49] Player received: Yellow_9(Clone)
[04:53:49] Enemy1 received: Red_2(Clone)
[04:53:49] Enemy2 received: Green_R(Clone)
[04:53:49] Enemy3 received: Yellow_2(Clone)
[04:53:49] Player received: Blue_D(Clone)
[04:53:49] Enemy1 received: Green_4(Clone)
[04:53:49] Enemy2 received: CardW(Clone)
[04:53:49] Enemy3 received: Yellow_S(Clone)
[04:53:49] Player received: Red_D(Clone)
[04:53:49] Enemy1 received: Blue_4(Clone)
[04:53:49] Enemy2 received: Blue_S(Clone)
[04:53:49] Enemy3 received: Yellow_5(Clone)
[04:53:49] Player received: Green_9(Clone)
[04:53:49] Enemy1 received: Blue_1(Clone)
[04:53:49] Enemy2 received: Red_1(Clone)
[04:53:49] Enemy3 received: Red_D(Clone)
[04:53:49] Player received: CardW4(Clone)
[04:53:49] Enemy1 received: Blue_R(Clone)
[04:53:49] Enemy2 received: Green_2(Clone)
[04:53:49] Enemy3 received: Yellow_R(Clone)
[04:53:49] Player received: Green_D(Clone)
[04:53:49] Enemy1 received: Yellow_D(Clone)
[04:53:49] Enemy2 received: Blue_D(Clone)
[04:53:49] Enemy3 received: Green_D(Clone)
[04:53:49] Player received: Green_S(Clone)
[04:53:49] Enemy1 received: CardW4(Clone)
[04:53:49] Enemy2 received: Yellow_S(Clone)
[04:53:49] Enemy3 received: Yellow_D(Clone)
[04:53:49] DiscardPile received: Blue_9(Clone)
[04:53:49] Dealt cards
[04:53:49] Player: Played Green_D
