[08:43:55] Player received: Green_8(Clone)
[08:43:55] Enemy1 received: Blue_D(Clone)
[08:43:55] Enemy2 received: Green_4(Clone)
[08:43:55] Enemy3 received: Red_7(Clone)
[08:43:55] Player received: Green_6(Clone)
[08:43:55] Enemy1 received: CardW(Clone)
[08:43:55] Enemy2 received: Blue_D(Clone)
[08:43:55] Enemy3 received: Blue_8(Clone)
[08:43:55] Player received: Green_D(Clone)
[08:43:55] Enemy1 received: Green_S(Clone)
[08:43:55] Enemy2 received: Red_2(Clone)
[08:43:55] Enemy3 received: Red_1(Clone)
[08:43:55] Player received: Green_S(Clone)
[08:43:55] Enemy1 received: Blue_R(Clone)
[08:43:55] Enemy2 received: Blue_7(Clone)
[08:43:55] Enemy3 received: Green_9(Clone)
[08:43:55] Player received: Green_1(Clone)
[08:43:55] Enemy1 received: CardW4(Clone)
[08:43:55] Enemy2 received: Yellow_S(Clone)
[08:43:55] Enemy3 received: Blue_R(Clone)
[08:43:55] Player received: Yellow_2(Clone)
[08:43:55] Enemy1 received: Green_5(Clone)
[08:43:55] Enemy2 received: Blue_7(Clone)
[08:43:55] Enemy3 received: Red_R(Clone)
[08:43:55] Player received: Green_5(Clone)
[08:43:55] Enemy1 received: Yellow_1(Clone)
[08:43:55] Enemy2 received: Blue_D(Clone)
[08:43:55] Enemy3 received: Blue_4(Clone)
[08:43:55] DiscardPile received: Blue_2(Clone)
[08:43:55] Dealt cards
[08:43:55] Player: Played Green_D
[08:43:55] Turns: 1
[08:43:55] Top card: Green_D(Clone) (UnityEngine.GameObject)
[08:43:55] Top Deck Card:Blue_9(Clone) (UnityEngine.GameObject)
[08:43:55] Enemy 1: Drew Blue_9(Clone) (UnityEngine.GameObject)
[08:43:55] Top Deck Card:Yellow_R(Clone) (UnityEngine.GameObject)
[08:43:55] Enemy 1: Drew Yellow_R(Clone) (UnityEngine.GameObject)
[08:43:55] Enemy 1: Drew 2 cards
[08:43:55] Turns: 2
[08:43:55] Top card: Green_D(Clone) (UnityEngine.GameObject)
[08:43:55] Green_4(Clone) (UnityEngine.GameObject) was added to PlayableCards
[08:43:55] Blue_D(Clone) (UnityEngine.GameObject) was added to PlayableCards
[08:43:55] Blue_D(Clone) (UnityEngine.GameObject) was added to PlayableCards
[08:43:55] Enemy 2: Played Blue_D(Clone)
[08:43:55] HasPlayableCard = true
[08:43:55] Turns: 3
[08:43:55] Top card: Blue_D(Clone) (UnityEngine.GameObject)
[08:43:55] Top Deck Card:Blue_D(Clone) (UnityEngine.GameObject)
[08:43:55] Enemy 3: Drew Blue_D(Clone) (UnityEngine.GameObject)
[08:43:55] Top Deck Card:Green_0(Clone) (UnityEngine.GameObject)
[08:43:55] Enemy 3: Drew Green_0(Clone) (UnityEngine.GameObject)
[08:43:55] Enemy 3: Drew 2 cards
[08:43:55] Turns: 0
[08:43:55] player didn't have a playable card
[08:43:55] Player: Played Green_S
[08:43:55] Turns: 1
[08:43:55] Top card: Green_S(Clone) (UnityEngine.GameObject)
[08:43:55] Turns: 2
[08:43:55] Top card: Green_S(Clone) (UnityEngine.GameObject)
[08:43:55] Green_4(Clone) (UnityEngine.GameObject) was added to PlayableCards
[08:43:55] Yellow_S(Clone) (UnityEngine.GameObject) was added to PlayableCards
[08:43:55] Enemy 2: Played Yellow_S(Clone)
[08:43:55] Removed Blue_2(Clone) (UnityEngine.GameObject)
[08:43:55] HasPlayableCard = true
[08:43:55] Turns: 3
[08:43:55] Top card: Yellow_S(Clone) (UnityEngine.GameObject)
[08:43:55] Turns: 0
[08:43:55] Player: Played Yellow_2
[08:43:55] Turns: 1
[08:43:55] Top card: Yellow_2(Clone) (UnityEngine.GameObject)
[08:43:55] CardW(Clone) (UnityEngine.GameObject) was added to PlayableCards
[08:43:55] CardW4(Clone) (UnityEngine.GameObject) was added to PlayableCards
[08:43:55] Yellow_1(Clone) (UnityEngine.GameObject) was added to PlayableCards
[08:43:55] Yellow_R(Clone) (UnityEngine.GameObject) was added to PlayableCards
[08:43:55] Enemy 1: Played Yellow_R(Clone)
[08:43:55] HasPlayableCard = true
[08:43:55] Turns: 0
[08:43:55] player didn't have a playable card
[08:43:55] Player: Played Green_5
[08:43:55] Turns: 3
[08:43:55] Top card: Green_5(Clone) (UnityEngine.GameObject)
[08:43:55] Green_9(Clone) (UnityEngine.GameObject) was added to PlayableCards
[08:43:55] Green_0(Clone) (UnityEngine.GameObject) was added to PlayableCards
[08:43:55] Enemy 3: Played Green_9(Clone)
[08:43:55] HasPlayableCard = true
[08:43:55] Turns: 2
[08:43:55] Top card: Green_9(Clone) (UnityEngine.GameObject)
[08:43:55] Green_4(Clone) (UnityEngine.GameObject) was added to PlayableCards
[08:43:55] Enemy 2: Played Green_4(Clone)
[08:43:55] HasPlayableCard = true
[08:43:55] Turns: 1
[08:43:55] Top card: Green_4(Clone) (UnityEngine.GameObject)
[08:43:55] CardW(Clone) (UnityEngine.GameObject) was added to PlayableCards
[08:43:55] Green_S(Clone) (UnityEngine.GameObject) was added to PlayableCards
[08:43:55] CardW4(Clone) (UnityEngine.GameObject) was added to PlayableCards
[08:43:55] Green_5(Clone) (UnityEngine.GameObject) was added to PlayableCards
[08:43:55] Enemy 1: Played Green_S(Clone)
[08:43:55] HasPlayableCard = true
[08:43:55] Turns: 0
[08:43:55] Hello from PlayerManager.Skip
[08:43:55] Turns: 3
[08:43:55] Top card: Green_S(Clone) (UnityEngine.GameObject)
[08:43:55] Green_0(Clone) (UnityEngine.GameObject) was added to PlayableCards
[08:43:55] Enemy 3: Played Green_0(Clone)
[08:43:55] HasPlayableCard = true
[08:43:55] Turns: 2
[08:43:55] Top card: Green_0(Clone) (UnityEngine.GameObject)
[08:43:55] HasPlayableCard = false
[08:43:55] Top Deck Card:Red_7(Clone) (UnityEngine.GameObject)
[08:43:55] Enemy 2: Drew Red_7(Clone) (UnityEngine.GameObject)
[08:43:55] Enemy 2: Drew 1 cards
[08:43:55] Turns: 1
[08:43:55] Top card: Green_0(Clone) (UnityEngine.GameObject)
[08:43:55] CardW(Clone) (UnityEngine.GameObject) was added to PlayableCards
[08:43:55] CardW4(Clone) (UnityEngine.GameObject) was added to PlayableCards
[08:43:55] Green_5(Clone) (UnityEngine.GameObject) was added to PlayableCards
[08:43:55] Enemy 1: Played Green_5(Clone)
[08:43:55] HasPlayableCard = true
[08:43:55] Turns: 0
[08:43:55] Player: Played Green_8
[08:43:55] Turns: 3
[08:43:55] Top card: Green_8(Clone) (UnityEngine.GameObject)
[08:43:55] Blue_8(Clone) (UnityEngine.GameObject) was added to PlayableCards
[08:43:55] Enemy 3: Played Blue_8(Clone)
[08:43:55] HasPlayableCard = true
[08:43:55] Turns: 2
[08:43:55] Top card: Blue_8(Clone) (UnityEngine.GameObject)
[08:43:55] Blue_7(Clone) (UnityEngine.GameObject) was added to PlayableCards
[08:43:55] Blue_7(Clone) (UnityEngine.GameObject) was added to PlayableCards
[08:43:55] Blue_D(Clone) (UnityEngine.GameObject) was added to PlayableCards
[08:43:55] Enemy 2: Played Blue_D(Clone)
[08:43:55] HasPlayableCard = true
[08:43:55] Turns: 1
[08:43:55] Top card: Blue_D(Clone) (UnityEngine.GameObject)
[08:43:55] Top Deck Card:Red_6(Clone) (UnityEngine.GameObject)
[08:43:55] Enemy 1: Drew Red_6(Clone) (UnityEngine.GameObject)
[08:43:55] Top Deck Card:Yellow_0(Clone) (UnityEngine.GameObject)
[08:43:55] Enemy 1: Drew Yellow_0(Clone) (UnityEngine.GameObject)
[08:43:55] Enemy 1: Drew 2 cards
[08:43:55] Turns: 0
[08:43:55] player didn't have a playable card
[08:43:55] Wild Menu shown
[08:43:55] Player: Played CardW
[08:43:55] Turns: 3
[08:43:55] Player called Green
[08:43:55] Wild Menu hidden
[11:40:25] Player received: Yellow_D(Clone)
[11:40:25] Enemy1 received: Red_7(Clone)
[11:40:25] Enemy2 received: Red_1(Clone)
[11:40:25] Enemy3 received: Red_R(Clone)
[11:40:25] Player received: Green_D(Clone)
[11:40:25] Enemy1 received: Yellow_2(Clone)
[11:40:25] Enemy2 received: Green_D(Clone)
[11:40:25] Enemy3 received: Green_9(Clone)
[11:40:25] Player received: Red_8(Clone)
[11:40:25] Enemy1 received: Green_4(Clone)
[11:40:25] Enemy2 received: Red_D(Clone)
[11:40:25] Enemy3 received: Yellow_S(Clone)
[11:40:25] Player received: Yellow_S(Clone)
[11:40:25] Enemy1 received: Yellow_D(Clone)
[11:40:25] Enemy2 received: Yellow_4(Clone)
[11:40:25] Enemy3 received: Green_2(Clone)
[11:40:25] Player received: Green_2(Clone)
[11:40:25] Enemy1 received: Red_9(Clone)
[11:40:25] Enemy2 received: Red_9(Clone)
[11:40:25] Enemy3 received: Yellow_3(Clone)
[11:40:25] Player received: Red_6(Clone)
[11:40:25] Enemy1 received: CardW4(Clone)
[11:40:25] Enemy2 received: Green_D(Clone)
[11:40:25] Enemy3 received: Green_7(Clone)
[11:40:25] Player received: CardW(Clone)
[11:40:25] Enemy1 received: Yellow_1(Clone)
[11:40:25] Enemy2 received: Blue_S(Clone)
[11:40:25] Enemy3 received: Yellow_D(Clone)
[11:40:25] DiscardPile received: Red_7(Clone)
[11:40:25] Dealt cards
[11:40:25] Wild Menu shown
[11:40:25] Player: Played CardW
[11:40:25] Player called Yellow
[11:40:25] Wild Menu hidden
[11:40:25] Turns: 1
[11:40:25] Top card: CardW(Clone) (UnityEngine.GameObject)
[11:40:25] Yellow_2(Clone) (UnityEngine.GameObject) was added to PlayableCards
[11:40:25] Yellow_D(Clone) (UnityEngine.GameObject) was added to PlayableCards
[11:40:25] CardW4(Clone) (UnityEngine.GameObject) was added to PlayableCards
[11:40:25] Yellow_1(Clone) (UnityEngine.GameObject) was added to PlayableCards
[11:40:25] Enemy 1: Played Yellow_D(Clone)
[11:40:25] HasPlayableCard = true
[11:40:25] Turns: 2
[11:40:25] Top card: Yellow_D(Clone) (UnityEngine.GameObject)
[11:40:25] Top Deck Card:Green_1(Clone) (UnityEngine.GameObject)
[11:40:25] Enemy 2: Drew Green_1(Clone) (UnityEngine.GameObject)
[11:40:25] Top Deck Card:Red_4(Clone) (UnityEngine.GameObject)
[11:40:25] Enemy 2: Drew Red_4(Clone) (UnityEngine.GameObject)
[11:40:25] Enemy 2: Drew 2 cards
[11:40:25] Turns: 3
[11:40:25] Top card: Yellow_D(Clone) (UnityEngine.GameObject)
[11:40:25] Yellow_S(Clone) (UnityEngine.GameObject) was added to PlayableCards
[11:40:25] Yellow_3(Clone) (UnityEngine.GameObject) was added to PlayableCards
[11:40:25] Yellow_D(Clone) (UnityEngine.GameObject) was added to PlayableCards
[11:40:25] Enemy 3: Played Yellow_D(Clone)
[11:40:25] HasPlayableCard = true
[11:40:25] Turns: 0
[11:40:25] Hello from PlayerManager.Draw2
[11:40:25] Top Deck Card:Red_D(Clone) (UnityEngine.GameObject)
[11:40:25] Player: Drew Red_D(Clone) (UnityEngine.GameObject)
[11:40:25] Top Deck Card:Green_R(Clone) (UnityEngine.GameObject)
[11:40:25] Player: Drew Green_R(Clone) (UnityEngine.GameObject)
[11:40:25] Player: Drew 2 cards
[11:40:25] Turns: 1
[11:40:25] Top card: Yellow_D(Clone) (UnityEngine.GameObject)
[11:40:25] Yellow_2(Clone) (UnityEngine.GameObject) was added to PlayableCards
[11:40:25] CardW4(Clone) (UnityEngine.GameObject) was added to PlayableCards
[11:40:25] Yellow_1(Clone) (UnityEngine.GameObject) was added to PlayableCards
[11:40:25] Enemy 1: Played Yellow_2(Clone)
[11:40:25] Removed Red_7(Clone) (UnityEngine.GameObject)
[11:40:25] HasPlayableCard = true
[11:40:25] Turns: 2
[11:40:25] Top card: Yellow_2(Clone) (UnityEngine.GameObject)
[11:40:25] Yellow_4(Clone) (UnityEngine.GameObject) was added to PlayableCards
[11:40:25] Enemy 2: Played Yellow_4(Clone)
[11:40:25] Removed CardW(Clone) (UnityEngine.GameObject)
[11:40:25] HasPlayableCard = true
[11:40:25] Turns: 3
[11:40:25] Top card: Yellow_4(Clone) (UnityEngine.GameObject)
[11:40:25] Yellow_S(Clone) (UnityEngine.GameObject) was added to PlayableCards
[11:40:25] Yellow_3(Clone) (UnityEngine.GameObject) was added to PlayableCards
[11:40:25] Enemy 3: Played Yellow_S(Clone)
[11:40:25] Removed Yellow_D(Clone) (UnityEngine.GameObject)
[11:40:25] HasPlayableCard = true
[11:40:25] Turns: 0
[11:40:25] Hello from PlayerManager.Skip
[12:13:38] Player received: Green_6(Clone)
[12:13:38] Enemy1 received: Red_D(Clone)
[12:13:38] Enemy2 received: Green_D(Clone)
[12:13:38] Enemy3 received: CardW4(Clone)
[12:13:38] Player received: Blue_5(Clone)
[12:13:38] Enemy1 received: Blue_S(Clone)
[12:13:38] Enemy2 received: Red_D(Clone)
[12:13:38] Enemy3 received: Red_D(Clone)
[12:13:38] Player received: Yellow_S(Clone)
[12:13:38] Enemy1 received: Blue_8(Clone)
[12:13:38] Enemy2 received: Blue_2(Clone)
[12:13:38] Enemy3 received: Yellow_3(Clone)
[12:13:38] Player received: Red_4(Clone)
[12:13:38] Enemy1 received: Red_1(Clone)
[12:13:38] Enemy2 received: Green_0(Clone)
[12:13:38] Enemy3 received: Red_2(Clone)
[12:13:38] Player received: Red_R(Clone)
[12:13:38] Enemy1 received: Yellow_9(Clone)
[12:13:38] Enemy2 received: Red_D(Clone)
[12:13:38] Enemy3 received: Blue_D(Clone)
[12:13:38] Player received: Yellow_8(Clone)
[12:13:38] Enemy1 received: Green_D(Clone)
[12:13:38] Enemy2 received: Red_5(Clone)
[12:13:38] Enemy3 received: Green_D(Clone)
[12:13:38] Player received: Red_6(Clone)
[12:13:38] Enemy1 received: Red_R(Clone)
[12:13:38] Enemy2 received: Yellow_2(Clone)
[12:13:38] Enemy3 received: Blue_D(Clone)
[12:13:38] DiscardPile received: Blue_R(Clone)
[12:13:38] Dealt cards
[12:13:38] Player: Played Red_R
[12:13:38] Turns: 3
[12:13:38] Top card: Red_R(Clone) (UnityEngine.GameObject)
[12:13:38] CardW4(Clone) (UnityEngine.GameObject) was added to PlayableCards
[12:13:38] Red_D(Clone) (UnityEngine.GameObject) was added to PlayableCards
[12:13:38] Red_2(Clone) (UnityEngine.GameObject) was added to PlayableCards
[12:13:38] Enemy 3: Played Red_D(Clone)
[12:13:38] HasPlayableCard = true
[12:13:38] Turns: 2
[12:13:38] Top card: Red_D(Clone) (UnityEngine.GameObject)
[12:13:38] Top Deck Card:Green_2(Clone) (UnityEngine.GameObject)
[12:13:38] Enemy 2: Drew Green_2(Clone) (UnityEngine.GameObject)
[12:13:38] Top Deck Card:Red_8(Clone) (UnityEngine.GameObject)
[12:13:38] Enemy 2: Drew Red_8(Clone) (UnityEngine.GameObject)
[12:13:38] Enemy 2: Drew 2 cards
[12:13:38] Turns: 1
[12:13:38] Top card: Red_D(Clone) (UnityEngine.GameObject)
[12:13:38] Red_D(Clone) (UnityEngine.GameObject) was added to PlayableCards
[12:13:38] Red_1(Clone) (UnityEngine.GameObject) was added to PlayableCards
[12:13:38] Green_D(Clone) (UnityEngine.GameObject) was added to PlayableCards
[12:13:38] Red_R(Clone) (UnityEngine.GameObject) was added to PlayableCards
[12:13:38] Enemy 1: Played Red_D(Clone)
[12:13:38] HasPlayableCard = true
[12:13:38] Turns: 0
[12:13:38] Hello from PlayerManager.Draw2
[12:13:38] Top Deck Card:Blue_R(Clone) (UnityEngine.GameObject)
[12:13:38] Player: Drew Blue_R(Clone) (UnityEngine.GameObject)
[12:13:38] Top Deck Card:Red_9(Clone) (UnityEngine.GameObject)
[12:13:38] Player: Drew Red_9(Clone) (UnityEngine.GameObject)
[12:13:38] Player: Drew 2 cards
[12:13:38] Turns: 3
[12:13:38] Top card: Red_D(Clone) (UnityEngine.GameObject)
[12:13:38] CardW4(Clone) (UnityEngine.GameObject) was added to PlayableCards
[12:13:38] Red_2(Clone) (UnityEngine.GameObject) was added to PlayableCards
[12:13:38] Blue_D(Clone) (UnityEngine.GameObject) was added to PlayableCards
[12:13:38] Green_D(Clone) (UnityEngine.GameObject) was added to PlayableCards
[12:13:38] Blue_D(Clone) (UnityEngine.GameObject) was added to PlayableCards
[12:13:38] Enemy 3: Played Blue_D(Clone)
[12:13:38] HasPlayableCard = true
[12:13:38] Removed Blue_R(Clone) (UnityEngine.GameObject)
[12:13:38] Turns: 2
[12:13:38] Top card: Blue_D(Clone) (UnityEngine.GameObject)
[12:13:38] Top Deck Card:CardW(Clone) (UnityEngine.GameObject)
[12:13:38] Enemy 2: Drew CardW(Clone) (UnityEngine.GameObject)
[12:13:38] Top Deck Card:Yellow_7(Clone) (UnityEngine.GameObject)
[12:13:38] Enemy 2: Drew Yellow_7(Clone) (UnityEngine.GameObject)
[12:13:38] Enemy 2: Drew 2 cards
[12:13:38] Turns: 1
[12:13:38] Top card: Blue_D(Clone) (UnityEngine.GameObject)
[12:13:38] Blue_S(Clone) (UnityEngine.GameObject) was added to PlayableCards
[12:13:38] Blue_8(Clone) (UnityEngine.GameObject) was added to PlayableCards
[12:13:38] Green_D(Clone) (UnityEngine.GameObject) was added to PlayableCards
[12:13:38] Enemy 1: Played Green_D(Clone)
[12:13:38] HasPlayableCard = true
[12:13:38] Removed Red_R(Clone) (UnityEngine.GameObject)
[12:13:38] Turns: 0
[12:13:38] Hello from PlayerManager.Draw2
[12:13:38] Top Deck Card:CardW(Clone) (UnityEngine.GameObject)
[12:13:38] Player: Drew CardW(Clone) (UnityEngine.GameObject)
[12:13:38] Top Deck Card:Green_5(Clone) (UnityEngine.GameObject)
[12:13:38] Player: Drew Green_5(Clone) (UnityEngine.GameObject)
[12:13:38] Player: Drew 2 cards
[12:13:38] Turns: 3
