[08:04:37]Last card index 
[08:04:37]Last card index Green_D(Clone) (UnityEngine.GameObject)
[08:04:37]Last card index Green_D(Clone) (UnityEngine.GameObject)
[08:04:37]Last card index Green_D(Clone) (UnityEngine.GameObject)
[08:04:37]Last card index Green_D(Clone) (UnityEngine.GameObject)
[08:04:37]Last card index Green_D(Clone) (UnityEngine.GameObject)
[08:04:37]Last card index Green_D(Clone) (UnityEngine.GameObject)
[08:04:37]Last card index Green_D(Clone) (UnityEngine.GameObject)
[08:04:37]Last card index Green_D(Clone) (UnityEngine.GameObject)
[08:04:37]Last card index Green_D(Clone) (UnityEngine.GameObject)
[08:04:37]Last card index Green_D(Clone) (UnityEngine.GameObject)
[08:04:37]Last card index Green_D(Clone) (UnityEngine.GameObject)
[08:04:37]Last card index Green_D(Clone) (UnityEngine.GameObject)
[08:04:37]Last card index Green_D(Clone) (UnityEngine.GameObject)
[08:04:37]Last card index Green_D(Clone) (UnityEngine.GameObject)
[08:04:37]Last card index Green_D(Clone) (UnityEngine.GameObject)
[08:04:37]Last card index Green_D(Clone) (UnityEngine.GameObject)
[08:04:37]Last card index Green_D(Clone) (UnityEngine.GameObject)
[08:04:37]Last card index Green_D(Clone) (UnityEngine.GameObject)
[08:04:37]Last card index Green_D(Clone) (UnityEngine.GameObject)
[08:04:37]Last card index Green_D(Clone) (UnityEngine.GameObject)
[08:04:37]Last card index Green_D(Clone) (UnityEngine.GameObject)
[08:04:37]Last card index Green_D(Clone) (UnityEngine.GameObject)
[08:04:37]Last card index Green_D(Clone) (UnityEngine.GameObject)
[08:04:37]Last card index Green_D(Clone) (UnityEngine.GameObject)
[08:04:37]Last card index Green_D(Clone) (UnityEngine.GameObject)
[08:04:37]Last card index Green_D(Clone) (UnityEngine.GameObject)
[08:04:37]Last card index Green_D(Clone) (UnityEngine.GameObject)
[08:04:37]Last card index Green_D(Clone) (UnityEngine.GameObject)
[08:04:37]Player: played card
[08:04:37]Turns = 1
[08:04:37]DiscardCounter: 1
[08:04:37]The top card is GreenSeven
[08:04:37]Enemy 1: Couldn't find card match
[08:04:37]Enemy 1: Couldn't find card match
[08:04:37]Enemy 1: Couldn't find card match
[08:04:37]Enemy 1: Couldn't find card match
[08:04:37]Enemy 1: Couldn't find card match
[08:04:37]Enemy 1: Played card
[08:04:37]Green_2(Clone) (UnityEngine.GameObject)
[08:04:37]Turns = 3
[08:04:37]The top card is GreenTwo
[08:04:37]Enemy 3: Card couldn't be played
[08:04:37]Enemy 3: Skiping turn
[08:04:37]The top card is GreenTwo
[08:04:37]Enemy 3: Card couldn't be played
[08:04:37]Enemy 3: Skiping turn
[08:04:37]The top card is GreenTwo
[08:04:37]Enemy 3: Card couldn't be played
[08:04:37]Enemy 3: Skiping turn
[08:04:37]The top card is GreenTwo
[08:04:37]Enemy 3: Card couldn't be played
[08:04:37]Enemy 3: Skiping turn
[08:04:37]The top card is GreenTwo
[08:04:37]Enemy 3: Card couldn't be played
[08:04:37]Enemy 3: Skiping turn
[08:04:37]The top card is GreenTwo
[08:04:37]Enemy 3: Card couldn't be played
[08:04:37]Enemy 3: Skiping turn
[08:04:37]The top card is GreenTwo
[08:04:37]Enemy 3: Card couldn't be played
[08:04:37]Enemy 3: Skiping turn
[08:04:37]The top card is GreenTwo
[08:04:37]Enemy 3: Card couldn't be played
[08:04:37]Enemy 3: Skiping turn
[08:04:37]The top card is GreenTwo
[08:04:37]Enemy 3: Played card
[08:04:37]Turns = 0
