[05:00:26] Player received: Blue_R(Clone)
[05:00:26] Enemy1 received: Yellow_D(Clone)
[05:00:26] Enemy2 received: Green_9(Clone)
[05:00:26] Enemy3 received: CardW(Clone)
[05:00:26] Player received: Yellow_S(Clone)
[05:00:26] Enemy1 received: CardW4(Clone)
[05:00:26] Enemy2 received: Blue_S(Clone)
[05:00:26] Enemy3 received: Yellow_5(Clone)
[05:00:26] Player received: Blue_1(Clone)
[05:00:26] Enemy1 received: Blue_8(Clone)
[05:00:26] Enemy2 received: Yellow_8(Clone)
[05:00:26] Enemy3 received: Yellow_2(Clone)
[05:00:26] Player received: Yellow_3(Clone)
[05:00:26] Enemy1 received: Yellow_R(Clone)
[05:00:26] Enemy2 received: CardW4(Clone)
[05:00:26] Enemy3 received: Blue_1(Clone)
[05:00:26] Player received: Red_7(Clone)
[05:00:26] Enemy1 received: Green_3(Clone)
[05:00:26] Enemy2 received: Yellow_D(Clone)
[05:00:26] Enemy3 received: Blue_0(Clone)
[05:00:26] Player received: Green_D(Clone)
[05:00:26] Enemy1 received: Green_3(Clone)
[05:00:26] Enemy2 received: CardW4(Clone)
[05:00:26] Enemy3 received: Yellow_7(Clone)
[05:00:26] Player received: Yellow_R(Clone)
[05:00:26] Enemy1 received: Blue_D(Clone)
[05:00:26] Enemy2 received: Yellow_6(Clone)
[05:00:26] Enemy3 received: Green_6(Clone)
[05:00:26] DiscardPile received: CardW(Clone)
[05:00:26] Dealt cards
[05:00:26] Player: Played Green_D
[05:00:26] Turns: 1
[05:00:26] Top card: Green_D(Clone) (UnityEngine.GameObject)
[05:00:26] Turns: 2
[05:00:26] Top card: Green_D(Clone) (UnityEngine.GameObject)
[05:00:26] Green_9(Clone) (UnityEngine.GameObject) was added to PlayableCards
[05:00:26] CardW4(Clone) (UnityEngine.GameObject) was added to PlayableCards
[05:00:26] Yellow_D(Clone) (UnityEngine.GameObject) was added to PlayableCards
[05:00:26] CardW4(Clone) (UnityEngine.GameObject) was added to PlayableCards
[05:00:26] Enemy 2: Played Yellow_D(Clone)
[05:00:26] Turns: 3
[05:00:26] Top card: Yellow_D(Clone) (UnityEngine.GameObject)
[05:00:26] Turns: 0
[05:00:26] HasPlayableCard = true
[05:00:26] Top Deck Card:Red_D(Clone) (UnityEngine.GameObject)
[05:00:26] Enemy 1: Drew Red_D(Clone) (UnityEngine.GameObject)
[05:00:26] Top Deck Card:Red_D(Clone) (UnityEngine.GameObject)
[05:00:26] Enemy 3: Drew Red_D(Clone) (UnityEngine.GameObject)
[05:00:26] Top Deck Card:Blue_D(Clone) (UnityEngine.GameObject)
[05:00:26] Enemy 1: Drew Blue_D(Clone) (UnityEngine.GameObject)
[05:00:26] Enemy 1: Drew 2 cards
[05:00:26] Top Deck Card:Blue_D(Clone) (UnityEngine.GameObject)
[05:00:26] Enemy 3: Drew Blue_D(Clone) (UnityEngine.GameObject)
[05:00:26] Enemy 3: Drew 2 cards
