[09:57:02] Player received: Red_R(Clone)
[09:57:02] Enemy1 received: Red_D(Clone)
[09:57:02] Enemy2 received: Red_7(Clone)
[09:57:02] Enemy3 received: Red_D(Clone)
[09:57:02] Player received: Yellow_D(Clone)
[09:57:02] Enemy1 received: Green_S(Clone)
[09:57:02] Enemy2 received: CardW(Clone)
[09:57:02] Enemy3 received: Yellow_9(Clone)
[09:57:02] Player received: Yellow_D(Clone)
[09:57:02] Enemy1 received: Yellow_8(Clone)
[09:57:02] Enemy2 received: Red_2(Clone)
[09:57:02] Enemy3 received: Yellow_1(Clone)
[09:57:02] Player received: Yellow_5(Clone)
[09:57:02] Enemy1 received: Blue_D(Clone)
[09:57:02] Enemy2 received: Blue_8(Clone)
[09:57:02] Enemy3 received: Green_7(Clone)
[09:57:02] Player received: CardW(Clone)
[09:57:02] Enemy1 received: Green_4(Clone)
[09:57:02] Enemy2 received: Yellow_2(Clone)
[09:57:02] Enemy3 received: Red_8(Clone)
[09:57:02] Player received: Yellow_R(Clone)
[09:57:02] Enemy1 received: Blue_S(Clone)
[09:57:02] Enemy2 received: Red_8(Clone)
[09:57:02] Enemy3 received: Yellow_D(Clone)
[09:57:02] Player received: Green_8(Clone)
[09:57:02] Enemy1 received: Blue_3(Clone)
[09:57:02] Enemy2 received: CardW4(Clone)
[09:57:02] Enemy3 received: Blue_6(Clone)
[09:57:02] DiscardPile received: Yellow_D(Clone)
[09:57:02] Used PlayerLogic
[09:57:02] Dealt cards
