[07:45:24]Last card index 
[07:45:24]Last card index Blue_4(Clone) (UnityEngine.GameObject)
[07:45:24]Last card index Blue_4(Clone) (UnityEngine.GameObject)
[07:45:24]Last card index Blue_4(Clone) (UnityEngine.GameObject)
[07:45:24]Last card index Blue_4(Clone) (UnityEngine.GameObject)
[07:45:24]Last card index Blue_4(Clone) (UnityEngine.GameObject)
[07:45:24]Last card index Blue_4(Clone) (UnityEngine.GameObject)
[07:45:24]Last card index Blue_4(Clone) (UnityEngine.GameObject)
[07:45:24]Last card index Blue_4(Clone) (UnityEngine.GameObject)
[07:45:24]Last card index Blue_4(Clone) (UnityEngine.GameObject)
[07:45:24]Last card index Blue_4(Clone) (UnityEngine.GameObject)
[07:45:24]Last card index Blue_4(Clone) (UnityEngine.GameObject)
[07:45:24]Last card index Blue_4(Clone) (UnityEngine.GameObject)
[07:45:24]Last card index Blue_4(Clone) (UnityEngine.GameObject)
[07:45:24]Last card index Blue_4(Clone) (UnityEngine.GameObject)
[07:45:24]Last card index Blue_4(Clone) (UnityEngine.GameObject)
[07:45:24]Last card index Blue_4(Clone) (UnityEngine.GameObject)
[07:45:24]Last card index Blue_4(Clone) (UnityEngine.GameObject)
[07:45:24]Last card index Blue_4(Clone) (UnityEngine.GameObject)
[07:45:24]Last card index Blue_4(Clone) (UnityEngine.GameObject)
[07:45:24]Last card index Blue_4(Clone) (UnityEngine.GameObject)
[07:45:24]Last card index Blue_4(Clone) (UnityEngine.GameObject)
[07:45:24]Last card index Blue_4(Clone) (UnityEngine.GameObject)
[07:45:24]Last card index Blue_4(Clone) (UnityEngine.GameObject)
[07:45:24]Last card index Blue_4(Clone) (UnityEngine.GameObject)
[07:45:24]Last card index Blue_4(Clone) (UnityEngine.GameObject)
[07:45:24]Last card index Blue_4(Clone) (UnityEngine.GameObject)
[07:45:24]Last card index Blue_4(Clone) (UnityEngine.GameObject)
[07:45:24]Last card index Blue_4(Clone) (UnityEngine.GameObject)
[07:45:24]Player: played card
[07:45:24]Turns = 1
[07:45:24]DiscardCounter: 1
[07:45:24]The top card is BlueReverse
[07:45:24]Enemy 1: Couldn't find card match
[07:45:24]Enemy 1: Couldn't find card match
[07:45:24]Enemy 1: Couldn't find card match
[07:45:24]Enemy 1: Couldn't find card match
[07:45:24]Enemy 1: Couldn't find card match
[07:45:24]Enemy 1: Couldn't find card match
[07:45:24]Enemy 1: Couldn't find card match
[07:45:24]The top card is BlueReverse
[07:45:24]Enemy 1: Couldn't find card match
[07:45:24]Enemy 1: Couldn't find card match
[07:45:24]Enemy 1: Couldn't find card match
[07:45:24]Enemy 1: Couldn't find card match
[07:45:24]Enemy 1: Couldn't find card match
[07:45:24]Enemy 1: Couldn't find card match
[07:45:24]Enemy 1: Couldn't find card match
[07:45:24]The top card is BlueReverse
[07:45:24]Enemy 1: Couldn't find card match
[07:45:24]Enemy 1: Couldn't find card match
[07:45:24]Enemy 1: Couldn't find card match
[07:45:24]Enemy 1: Couldn't find card match
[07:45:24]Enemy 1: Couldn't find card match
[07:45:24]Enemy 1: Couldn't find card match
[07:45:24]Enemy 1: Couldn't find card match
[07:45:24]The top card is BlueReverse
[07:45:24]Enemy 1: Couldn't find card match
[07:45:24]Enemy 1: Couldn't find card match
[07:45:24]Enemy 1: Couldn't find card match
[07:45:24]Enemy 1: Couldn't find card match
[07:45:24]Enemy 1: Couldn't find card match
[07:45:24]Enemy 1: Couldn't find card match
[07:45:24]Enemy 1: Couldn't find card match
[07:45:24]The top card is BlueReverse
[07:45:24]Enemy 1: Couldn't find card match
[07:45:24]Enemy 1: Couldn't find card match
[07:45:24]Enemy 1: Couldn't find card match
[07:45:24]Enemy 1: Couldn't find card match
[07:45:24]Enemy 1: Couldn't find card match
[07:45:24]Enemy 1: Couldn't find card match
[07:45:24]Enemy 1: Couldn't find card match
[07:45:24]The top card is BlueReverse
[07:45:24]Enemy 1: Played card
[07:45:24]Turns = 2
[07:45:24]The top card is BlueSix
[07:45:24]Enemy 2: Played card
[07:45:24]Turns = 3
[07:45:24]The top card is BlueSix
[07:45:24]Enemy 3: Card couldn't be played
[07:45:24]Enemy 3: Skiping turn
[07:45:24]The top card is BlueSix
[07:45:24]Enemy 3: Played card
[07:45:24]Turns = 0
[07:45:24]Player: played card
[07:45:24]Turns = 1
[07:45:24]DiscardCounter: 1
[07:45:24]The top card is RedSeven
[07:45:24]Enemy 1: Couldn't find card match
[07:45:24]Enemy 1: Couldn't find card match
[07:45:24]Enemy 1: Couldn't find card match
[07:45:24]Enemy 1: Couldn't find card match
[07:45:24]Enemy 1: Couldn't find card match
[07:45:24]Enemy 1: Couldn't find card match
[07:45:24]Enemy 1: Couldn't find card match
