[05:21:27]Player: played card
[05:21:27]Turns = 1
[05:21:27]DiscardCounter: 1
[05:21:27]Enemy 1: Card couldn't be played
[05:21:27]Enemy 1: Skiping turn
[05:21:27]Enemy 2: Card couldn't be played
[05:21:27]Enemy 2: Skiping turn
[05:21:27]Enemy 3: Card couldn't be played
[05:21:27]Enemy 3: Skiping turn
[05:34:52]Player: played card
[05:34:52]Turns = 1
[05:34:52]DiscardCounter: 1
[05:34:52]Enemy 1: Card couldn't be played
[05:34:52]Enemy 1: Skiping turn
[05:34:52]Enemy 2: Played card
[05:34:52]Turns = 3
[05:34:52]Enemy 3: Card couldn't be played
[05:34:52]Enemy 3: Skiping turn
[05:34:52]Player: played card
[05:34:52]Turns = 1
[05:34:52]DiscardCounter: 1
[05:34:52]Enemy 1: Card couldn't be played
[05:34:52]Enemy 1: Skiping turn
[05:34:52]Enemy 2: Card couldn't be played
[05:34:52]Enemy 2: Skiping turn
[05:34:52]Enemy 3: Card couldn't be played
[05:34:52]Enemy 3: Skiping turn
[05:34:52]Player: played card
[05:34:52]Turns = 1
[05:34:52]DiscardCounter: 1
[05:34:52]Enemy 1: Card couldn't be played
[05:34:52]Enemy 1: Skiping turn
[05:34:52]Enemy 2: Card couldn't be played
[05:34:52]Enemy 2: Skiping turn
[05:34:52]Enemy 3: Card couldn't be played
[05:34:52]Enemy 3: Skiping turn
[05:34:52]Player: played card
[05:34:52]Turns = 1
[05:34:52]DiscardCounter: 1
[05:34:52]Enemy 1: Card couldn't be played
[05:34:52]Enemy 1: Skiping turn
[05:34:52]Enemy 2: Played card
[05:34:52]Turns = 3
[05:34:52]Enemy 3: Card couldn't be played
[05:34:52]Enemy 3: Skiping turn
[05:34:52]Player: played card
[05:34:52]Turns = 1
[05:34:52]DiscardCounter: 1
[05:34:52]Enemy 1: Card couldn't be played
[05:34:52]Enemy 1: Skiping turn
[05:34:52]Enemy 2: Card couldn't be played
[05:34:52]Enemy 2: Skiping turn
[05:34:52]Enemy 3: Card couldn't be played
[05:34:52]Enemy 3: Skiping turn
[05:34:52]Player: played card
[05:34:52]Turns = 1
[05:34:52]DiscardCounter: 1
[05:34:52]Enemy 1: Card couldn't be played
[05:34:52]Enemy 1: Skiping turn
[05:34:52]Enemy 2: Played card
[05:34:52]Turns = 3
[05:34:52]Enemy 3: Card couldn't be played
[05:34:52]Enemy 3: Skiping turn
[05:34:52]Player: played card
[05:34:52]Turns = 1
[05:34:52]DiscardCounter: 1
[05:34:52]Enemy 1: Card couldn't be played
[05:34:52]Enemy 1: Skiping turn
[05:34:52]Enemy 2: Played card
[05:34:52]Turns = 3
[05:34:52]Enemy 3: Card couldn't be played
[05:34:52]Enemy 3: Skiping turn
[05:34:52]Player: played card
[05:34:52]Turns = 1
[05:34:52]DiscardCounter: 1
[05:34:52]Enemy 1: Played card
[05:34:52]Turns = 2
[05:34:52]Enemy 2: Card couldn't be played
[05:34:52]Enemy 2: Skiping turn
[05:34:52]Enemy 3: Card couldn't be played
[05:34:52]Enemy 3: Skiping turn
[05:34:52]Player: played card
[05:34:52]Turns = 1
[05:34:52]DiscardCounter: 1
[05:34:52]Enemy 1: Card couldn't be played
[05:34:52]Enemy 1: Skiping turn
[05:34:52]Enemy 2: Card couldn't be played
[05:34:52]Enemy 2: Skiping turn
[05:34:52]Enemy 3: Card couldn't be played
[05:34:52]Enemy 3: Skiping turn
[05:34:52]Player: played card
[05:34:52]Turns = 1
[05:34:52]DiscardCounter: 1
[05:34:52]Enemy 1: Card couldn't be played
[05:34:52]Enemy 1: Skiping turn
[05:34:52]Enemy 2: Card couldn't be played
[05:34:52]Enemy 2: Skiping turn
[05:34:52]Enemy 3: Card couldn't be played
[05:34:52]Enemy 3: Skiping turn
[05:34:52]Player: played card
[05:34:52]Turns = 1
[05:34:52]DiscardCounter: 1
[05:34:52]Enemy 1: Played card
[05:34:52]Turns = 2
[05:34:52]Enemy 2: Played card
[05:34:52]Turns = 3
[05:34:52]Enemy 3: Card couldn't be played
[05:34:52]Enemy 3: Skiping turn
[05:34:52]Player: played card
[05:34:52]Turns = 1
[05:34:52]DiscardCounter: 1
[05:34:52]Enemy 1: Card couldn't be played
[05:34:52]Enemy 1: Skiping turn
[05:34:52]Enemy 2: Played card
[05:34:52]Turns = 3
[05:34:52]Enemy 3: Card couldn't be played
[05:34:52]Enemy 3: Skiping turn
[05:39:05]Player: played card
[05:39:05]Turns = 1
[05:39:05]DiscardCounter: 1
[05:39:05]Enemy 1: Played card
[05:39:05]Turns = 2
[05:39:05]Enemy 2: Card couldn't be played
[05:39:05]Enemy 2: Skiping turn
[05:39:05]Enemy 3: Played card
[05:39:05]Turns = 0
[05:53:20]0
[05:53:20]0
[05:53:20]0
[05:53:20]0
[05:53:20]0
[05:53:20]0
[05:53:20]0
[05:53:20]0
[05:53:20]0
[05:53:20]0
[05:53:20]0
[05:53:20]0
[05:53:20]0
[05:53:20]0
[05:53:20]0
[05:53:20]0
[05:53:20]0
[05:53:20]0
[05:53:20]0
[05:53:20]0
[05:53:20]0
[05:53:20]0
[05:53:20]0
[05:53:20]0
[05:53:20]0
[05:53:20]0
[05:53:20]0
[05:53:20]0
[05:53:20]0
[05:53:20]Player: played card
[05:53:20]Turns = 1
[05:53:20]DiscardCounter: 1
[05:53:20]The top card is RedFive
[05:53:20]Enemy 1: Played card
[05:53:20]Turns = 2
[05:53:20]The top card is RedFive
[05:53:20]Enemy 2: Card couldn't be played
[05:53:20]Enemy 2: Skiping turn
[05:53:20]The top card is RedFive
[05:53:20]Enemy 3: Card couldn't be played
[05:53:20]Enemy 3: Skiping turn
[05:53:20]Player: played card
[05:53:20]Turns = 1
[05:53:20]DiscardCounter: 1
[05:53:20]The top card is RedFive
[05:53:20]Enemy 1: Card couldn't be played
[05:53:20]Enemy 1: Skiping turn
[05:53:20]The top card is RedFive
[05:53:20]Enemy 2: Card couldn't be played
[05:53:20]Enemy 2: Skiping turn
[05:53:20]The top card is RedFive
[05:53:20]Enemy 3: Card couldn't be played
[05:53:20]Enemy 3: Skiping turn
[05:53:20]Player: played card
[05:53:20]Turns = 1
[05:53:20]DiscardCounter: 1
[05:53:20]The top card is RedFive
[05:53:20]Enemy 1: Card couldn't be played
[05:53:20]Enemy 1: Skiping turn
[05:53:20]The top card is RedFive
[05:53:20]Enemy 2: Played card
[05:53:20]Turns = 3
[05:53:20]The top card is RedFive
[05:53:20]Enemy 3: Card couldn't be played
[05:53:20]Enemy 3: Skiping turn
