[08:01:38] Player received: Red_D(Clone)
[08:01:38] Enemy1 received: Yellow_D(Clone)
[08:01:38] Enemy2 received: CardW4(Clone)
[08:01:38] Enemy3 received: Yellow_S(Clone)
[08:01:38] Player received: Green_4(Clone)
[08:01:38] Enemy1 received: Blue_8(Clone)
[08:01:38] Enemy2 received: CardW(Clone)
[08:01:38] Enemy3 received: Red_R(Clone)
[08:01:38] Player received: Red_5(Clone)
[08:01:38] Enemy1 received: CardW4(Clone)
[08:01:38] Enemy2 received: Green_D(Clone)
[08:01:38] Enemy3 received: Green_9(Clone)
[08:01:38] Player received: Yellow_2(Clone)
[08:01:38] Enemy1 received: CardW4(Clone)
[08:01:38] Enemy2 received: Green_S(Clone)
[08:01:38] Enemy3 received: Red_D(Clone)
[08:01:38] Player received: CardW(Clone)
[08:01:38] Enemy1 received: Yellow_9(Clone)
[08:01:38] Enemy2 received: Yellow_6(Clone)
[08:01:38] Enemy3 received: Blue_S(Clone)
[08:01:38] Player received: Green_D(Clone)
[08:01:38] Enemy1 received: Blue_5(Clone)
[08:01:38] Enemy2 received: Red_4(Clone)
[08:01:38] Enemy3 received: Blue_2(Clone)
[08:01:38] Player received: Blue_D(Clone)
[08:01:38] Enemy1 received: Red_D(Clone)
[08:01:38] Enemy2 received: Red_D(Clone)
[08:01:38] Enemy3 received: Red_4(Clone)
[08:01:38] DiscardPile received: Yellow_D(Clone)
[08:01:38] Dealt cards
[08:01:38] Player: Played Red_D
[08:01:38] Turns: 1
[08:01:38] Top card: Red_D(Clone) (UnityEngine.GameObject)
[08:01:38] Top Deck Card:Red_9(Clone) (UnityEngine.GameObject)
[08:01:38] Enemy 1: Drew Red_9(Clone) (UnityEngine.GameObject)
[08:01:38] Top Deck Card:Blue_7(Clone) (UnityEngine.GameObject)
[08:01:38] Enemy 1: Drew Blue_7(Clone) (UnityEngine.GameObject)
[08:01:38] Enemy 1: Drew 2 cards
[08:01:38] Turns: 2
[08:01:38] Top card: Red_D(Clone) (UnityEngine.GameObject)
[08:01:38] CardW4(Clone) (UnityEngine.GameObject) was added to PlayableCards
[08:01:38] CardW(Clone) (UnityEngine.GameObject) was added to PlayableCards
[08:01:38] Green_D(Clone) (UnityEngine.GameObject) was added to PlayableCards
[08:01:38] Red_4(Clone) (UnityEngine.GameObject) was added to PlayableCards
[08:01:38] Red_D(Clone) (UnityEngine.GameObject) was added to PlayableCards
[08:01:38] Enemy 2: Played Green_D(Clone)
[08:01:38] HasPlayableCard = true
[08:01:38] Turns: 3
[08:01:38] Top card: Green_D(Clone) (UnityEngine.GameObject)
[08:01:38] Top Deck Card:Green_R(Clone) (UnityEngine.GameObject)
[08:01:38] Enemy 3: Drew Green_R(Clone) (UnityEngine.GameObject)
[08:01:38] Top Deck Card:Green_8(Clone) (UnityEngine.GameObject)
[08:01:38] Enemy 3: Drew Green_8(Clone) (UnityEngine.GameObject)
[08:01:38] Enemy 3: Drew 2 cards
[08:01:38] Turns: 0
