[01:25:44] Top card: 
[01:25:44] Delt cards
[01:25:44] Player: Played CardW
[01:25:44] Wild Menu shown
[01:25:44] Turns: 1
[01:25:44] Turns: 1
[01:25:44] Player called Blue
[01:25:44] Wild Menu hidden
[01:25:44] Top card: CardW(Clone) (UnityEngine.GameObject)
[01:25:44] Top card: CardW(Clone) (CardProperties)
[01:25:44] Enemy 1: Played Blue_3(Clone) (UnityEngine.GameObject) (Card 0)
[01:25:44] Turns: 2
[01:25:44] Top card: Blue_3(Clone) (UnityEngine.GameObject)
[01:25:44] Top card: Blue_3(Clone) (CardProperties)
[01:25:44] Enemy 2: Green_9(Clone) (UnityEngine.GameObject) (Card 0) did not match
[01:25:44] Enemy 2: Green_2(Clone) (UnityEngine.GameObject) (Card 1) did not match
[01:25:44] Enemy 2: Yellow_S(Clone) (UnityEngine.GameObject) (Card 2) did not match
[01:25:44] Enemy 2: Yellow_D(Clone) (UnityEngine.GameObject) (Card 3) did not match
[01:25:44] Enemy 2: Green_D(Clone) (UnityEngine.GameObject) (Card 4) did not match
[01:25:44] Enemy 2: Yellow_1(Clone) (UnityEngine.GameObject) (Card 5) did not match
[01:25:44] Enemy 2: Played Blue_4(Clone) (UnityEngine.GameObject) (Card 6)
[01:25:44] Turns: 3
[01:25:44] Top card: Blue_4(Clone) (UnityEngine.GameObject)
[01:25:44] Top card: Blue_4(Clone) (CardProperties)
[01:25:44] Enemy 3: Green_6(Clone) (UnityEngine.GameObject) (Card 0) did not match
[01:25:44] Enemy 3: Red_6(Clone) (UnityEngine.GameObject) (Card 1) did not match
[01:25:44] Enemy 3: Played Blue_D(Clone) (UnityEngine.GameObject) (Card 2)
[01:25:44] Turns: 0
