[03:20:47] Top card: 
[03:20:47] Delt cards
[03:20:47] Player: Played Red_2(Clone) (UnityEngine.GameObject)
[03:20:47] Turns: 1
[03:20:47] Turns: 1
[03:20:47] Top card: Red_2(Clone) (UnityEngine.GameObject)
[03:20:47] Top card: Red_2(Clone) (CardProperties)
[03:20:47] Enemy 1: Green_S(Clone) (UnityEngine.GameObject) (Card 0) did not match
[03:20:47] Enemy 1: Played Red_9(Clone) (UnityEngine.GameObject) (Card 1)
[03:20:47] Turns: 2
[03:20:47] Top card: Red_9(Clone) (UnityEngine.GameObject)
[03:20:47] Top card: Red_9(Clone) (CardProperties)
[03:20:47] Enemy 2: Played Red_0(Clone) (UnityEngine.GameObject) (Card 0)
[03:20:47] Turns: 3
[03:20:47] Top card: Red_0(Clone) (UnityEngine.GameObject)
[03:20:47] Top card: Red_0(Clone) (CardProperties)
[03:20:47] Enemy 3: Played Red_3(Clone) (UnityEngine.GameObject) (Card 0)
[03:20:47] Turns: 0
[03:20:47] Player: Played Red_7(Clone) (UnityEngine.GameObject)
[03:20:47] Turns: 1
[03:20:47] Turns: 1
[03:20:47] Top card: Red_7(Clone) (UnityEngine.GameObject)
[03:20:47] Top card: Red_7(Clone) (CardProperties)
[03:20:47] Enemy 1: Green_S(Clone) (UnityEngine.GameObject) (Card 0) did not match
[03:20:47] Enemy 1: Green_5(Clone) (UnityEngine.GameObject) (Card 1) did not match
[03:20:47] Enemy 1: Played Red_8(Clone) (UnityEngine.GameObject) (Card 2)
[03:20:47] Turns: 2
[03:20:47] Top card: Red_8(Clone) (UnityEngine.GameObject)
[03:20:47] Top card: Red_8(Clone) (CardProperties)
[03:20:47] Enemy 2: Green_1(Clone) (UnityEngine.GameObject) (Card 0) did not match
[03:20:47] Enemy 2: Yellow_R(Clone) (UnityEngine.GameObject) (Card 1) did not match
[03:20:47] Enemy 2: Played Red_4(Clone) (UnityEngine.GameObject) (Card 2)
[03:20:47] Turns: 3
[03:20:47] Top card: Red_4(Clone) (UnityEngine.GameObject)
[03:20:47] Top card: Red_4(Clone) (CardProperties)
[03:20:47] Enemy 3: Green_9(Clone) (UnityEngine.GameObject) (Card 0) did not match
[03:20:47] Enemy 3: Yellow_2(Clone) (UnityEngine.GameObject) (Card 1) did not match
[03:20:47] Enemy 3: Yellow_6(Clone) (UnityEngine.GameObject) (Card 2) did not match
[03:20:47] Enemy 3: Blue_3(Clone) (UnityEngine.GameObject) (Card 3) did not match
[03:20:47] Enemy 3: Yellow_5(Clone) (UnityEngine.GameObject) (Card 4) did not match
[03:20:47] Enemy 3: Blue_1(Clone) (UnityEngine.GameObject) (Card 5) did not match
[03:20:47] HasFoundMatch = False
[03:20:47] Top Deck Card:Blue_6(Clone) (UnityEngine.GameObject)
[03:20:47] Enemy 3: Drew Blue_6(Clone) (UnityEngine.GameObject)
[03:20:47] Enemy 3: Drew 1 cards
[03:20:47] Turns: 0
[03:20:47] Player: Played Green_4(Clone) (UnityEngine.GameObject)
[03:20:47] Turns: 1
[03:20:47] Turns: 1
[03:20:47] Top card: Green_4(Clone) (UnityEngine.GameObject)
[03:20:47] Top card: Green_4(Clone) (CardProperties)
[03:20:47] Enemy 1: Played Green_S(Clone) (UnityEngine.GameObject) (Card 0)
[03:20:47] Turns: 2
[03:20:47] Top card: Green_S(Clone) (UnityEngine.GameObject)
[03:20:47] Skipped Enemy 2
[03:20:47] Top card: Green_S(Clone) (UnityEngine.GameObject)
[03:20:47] Top card: Green_S(Clone) (CardProperties)
[03:20:47] Enemy 3: Played Green_9(Clone) (UnityEngine.GameObject) (Card 0)
[03:20:47] Turns: 0
[03:20:47] Player: Played Green_2(Clone) (UnityEngine.GameObject)
[03:20:47] Turns: 1
[03:20:47] Turns: 1
[03:20:47] Top card: Green_2(Clone) (UnityEngine.GameObject)
[03:20:47] Top card: Green_2(Clone) (CardProperties)
[03:20:47] Enemy 1: Played Green_5(Clone) (UnityEngine.GameObject) (Card 0)
[03:20:47] Turns: 2
[03:20:47] Top card: Green_5(Clone) (UnityEngine.GameObject)
[03:20:47] Top card: Green_5(Clone) (CardProperties)
[03:20:47] Enemy 2: Played Green_1(Clone) (UnityEngine.GameObject) (Card 0)
[03:20:47] Turns: 3
[03:20:47] Top card: Green_1(Clone) (UnityEngine.GameObject)
[03:20:47] Top card: Green_1(Clone) (CardProperties)
[03:20:47] Enemy 3: Yellow_2(Clone) (UnityEngine.GameObject) (Card 0) did not match
[03:20:47] Enemy 3: Yellow_6(Clone) (UnityEngine.GameObject) (Card 1) did not match
[03:20:47] Enemy 3: Blue_3(Clone) (UnityEngine.GameObject) (Card 2) did not match
[03:20:47] Enemy 3: Yellow_5(Clone) (UnityEngine.GameObject) (Card 3) did not match
[03:20:47] Enemy 3: Played Blue_1(Clone) (UnityEngine.GameObject) (Card 4)
[03:20:47] Turns: 0
[03:20:47] Player: Played Red_7(Clone) (UnityEngine.GameObject)
[03:20:47] Turns: 1
[03:20:47] Turns: 1
[03:20:47] Top card: Red_7(Clone) (UnityEngine.GameObject)
[03:20:47] Top card: Red_7(Clone) (CardProperties)
[03:20:47] Enemy 1: Green_5(Clone) (UnityEngine.GameObject) (Card 0) did not match
[03:20:47] Enemy 1: Played Red_6(Clone) (UnityEngine.GameObject) (Card 1)
[03:20:47] Turns: 2
[03:20:47] Top card: Red_6(Clone) (UnityEngine.GameObject)
[03:20:47] Top card: Red_6(Clone) (CardProperties)
[03:20:47] Enemy 2: Green_1(Clone) (UnityEngine.GameObject) (Card 0) did not match
[03:20:47] Enemy 2: Yellow_R(Clone) (UnityEngine.GameObject) (Card 1) did not match
[03:20:47] Enemy 2: Yellow_S(Clone) (UnityEngine.GameObject) (Card 2) did not match
[03:20:47] Enemy 2: Green_8(Clone) (UnityEngine.GameObject) (Card 3) did not match
[03:20:47] Enemy 2: Blue_4(Clone) (UnityEngine.GameObject) (Card 4) did not match
[03:20:47] HasFoundMatch = False
[03:20:47] Top Deck Card:Green_8(Clone) (UnityEngine.GameObject)
[03:20:47] Enemy 2: Drew Green_8(Clone) (UnityEngine.GameObject)
[03:20:47] Enemy 2: Drew 1 cards
[03:20:47] Turns: 3
[03:20:47] Top card: Red_6(Clone) (UnityEngine.GameObject)
[03:20:47] Top card: Red_6(Clone) (CardProperties)
[03:20:47] Enemy 3: Yellow_2(Clone) (UnityEngine.GameObject) (Card 0) did not match
[03:20:47] Enemy 3: Played Yellow_6(Clone) (UnityEngine.GameObject) (Card 1)
[03:20:47] Turns: 0
[03:20:47] Player: Played Yellow_8(Clone) (UnityEngine.GameObject)
[03:20:47] Turns: 1
[03:20:47] Turns: 1
[03:20:47] Top card: Yellow_8(Clone) (UnityEngine.GameObject)
[03:20:47] Top card: Yellow_8(Clone) (CardProperties)
[03:20:47] Enemy 1: Blue_9(Clone) (UnityEngine.GameObject) (Card 0) did not match
[03:20:47] Enemy 1: Blue_0(Clone) (UnityEngine.GameObject) (Card 1) did not match
[03:20:47] HasFoundMatch = False
[03:20:47] Top Deck Card:Yellow_R(Clone) (UnityEngine.GameObject)
[03:20:47] Enemy 1: Drew Yellow_R(Clone) (UnityEngine.GameObject)
[03:20:47] Enemy 1: Drew 1 cards
[03:20:47] Turns: 2
[03:20:47] Top card: Yellow_8(Clone) (UnityEngine.GameObject)
[03:20:47] Top card: Yellow_8(Clone) (CardProperties)
[03:20:47] Enemy 2: Played Yellow_R(Clone) (UnityEngine.GameObject) (Card 0)
[03:20:47] Top card: Yellow_R(Clone) (CardProperties)
[03:20:47] Enemy 2: Played Yellow_R(Clone) (UnityEngine.GameObject) (Card 0)
[03:20:47] Turns: 1
[03:20:47] IsReversed: True
[03:20:47] Turns: 0
[03:20:47] Player: Played Green_S(Clone) (UnityEngine.GameObject)
[03:20:47] Turns: 3
[03:20:47] Turns: 3
[03:20:47] Top card: Green_S(Clone) (UnityEngine.GameObject)
[03:20:47] Skipped Enemy 3
[03:20:47] Player: Played Blue_R(Clone) (UnityEngine.GameObject)
[03:20:47] Turns: 1
[03:20:47] Turns: 1
[03:20:47] Top card: Blue_R(Clone) (UnityEngine.GameObject)
[03:20:47] Top card: Blue_R(Clone) (CardProperties)
[03:20:47] Enemy 1: Played Blue_9(Clone) (UnityEngine.GameObject) (Card 0)
[03:20:47] Turns: 2
[03:20:47] Top card: Blue_9(Clone) (UnityEngine.GameObject)
[03:20:47] Top card: Blue_9(Clone) (CardProperties)
[03:20:47] Enemy 2: Yellow_S(Clone) (UnityEngine.GameObject) (Card 0) did not match
[03:20:47] Enemy 2: Green_8(Clone) (UnityEngine.GameObject) (Card 1) did not match
[03:20:47] Enemy 2: Played Blue_4(Clone) (UnityEngine.GameObject) (Card 2)
[03:20:47] Turns: 3
[03:20:47] Top card: Blue_4(Clone) (UnityEngine.GameObject)
[03:20:47] Top card: Blue_4(Clone) (CardProperties)
[03:20:47] Enemy 3: Yellow_2(Clone) (UnityEngine.GameObject) (Card 0) did not match
[03:20:47] Enemy 3: Played Blue_3(Clone) (UnityEngine.GameObject) (Card 1)
[03:20:47] Turns: 0
