[08:51:20] Top card: 
[08:51:20] Delt cards
[08:51:20] Top card: 
[08:51:20] Top card: 
[08:51:20] Top card: 
[08:51:20] Top card: 
[08:51:20] Top card: 
[08:51:20] Top card: 
[08:51:20] Top card: 
[08:51:20] Top card: 
[08:51:20] Top card: 
[08:51:20] Top card: 
[08:51:20] Top card: 
[08:51:20] Top card: 
[08:51:20] Top card: 
[08:51:20] Top card: 
[08:51:20] Top card: 
[08:51:20] Top card: 
[08:51:20] Top card: 
[08:51:20] Top card: 
[08:51:20] Top card: 
[08:51:20] Top card: 
[08:51:20] Top card: 
[08:51:20] Top card: 
[08:51:20] Top card: 
[08:51:20] Top card: 
[08:51:20] Top card: 
[08:51:20] Top card: 
[08:51:20] Top card: 
[08:51:20] Top card: 
[08:51:20] Top card: Blue_D(Clone) (UnityEngine.GameObject)
[06:15:06] Top card: 
[06:15:06] Delt cards
[06:15:06] Player: Played CardW4
[06:15:06] Player: Played CardW4(Clone) (UnityEngine.GameObject)
[06:15:06] Wild Menu shown
[06:15:06] Turns: 1
[06:15:06] Turns: 1
[06:15:06] Player called Red
[06:15:06] Wild Menu hidden
[06:15:06] Top card: CardW4(Clone) (UnityEngine.GameObject)
[06:15:06] Top Deck Card:Red_D(Clone) (UnityEngine.GameObject)
[06:15:06] Enemy 1: Drew Red_D(Clone) (UnityEngine.GameObject)
[06:15:06] Top Deck Card:Red_D(Clone) (UnityEngine.GameObject)
[06:15:06] Enemy 1: Drew Red_D(Clone) (UnityEngine.GameObject)
[06:15:06] Top Deck Card:Red_D(Clone) (UnityEngine.GameObject)
[06:15:06] Enemy 1: Drew Red_D(Clone) (UnityEngine.GameObject)
[06:15:06] Top Deck Card:Red_D(Clone) (UnityEngine.GameObject)
[06:15:06] Enemy 1: Drew Red_D(Clone) (UnityEngine.GameObject)
[06:15:06] Enemy 1: Drew 4 cards
[06:15:06] Skipped Enemy 1
[06:15:06] Top card: CardW4(Clone) (UnityEngine.GameObject)
[06:15:06] Top card: CardW4(Clone) (CardProperties)
[06:15:06] Enemy 2: Yellow_8(Clone) (UnityEngine.GameObject) (Card 0) did not match
[06:15:06] Enemy 2: Green_8(Clone) (UnityEngine.GameObject) (Card 1) did not match
[06:15:06] Enemy 2: Blue_D(Clone) (UnityEngine.GameObject) (Card 2) did not match
[06:15:06] Enemy 2: Yellow_3(Clone) (UnityEngine.GameObject) (Card 3) did not match
[06:15:06] Enemy 2: Blue_9(Clone) (UnityEngine.GameObject) (Card 4) did not match
[06:15:06] Enemy 2: Played Red_D(Clone) (UnityEngine.GameObject) (Card 5)
[06:15:06] Turns: 3
[06:15:06] Top card: Red_D(Clone) (UnityEngine.GameObject)
[06:15:06] Top Deck Card:Red_D(Clone) (UnityEngine.GameObject)
[06:15:06] Enemy 3: Drew Red_D(Clone) (UnityEngine.GameObject)
[06:15:06] Top Deck Card:Red_D(Clone) (UnityEngine.GameObject)
[06:15:06] Enemy 3: Drew Red_D(Clone) (UnityEngine.GameObject)
[06:15:06] Enemy 3: Drew 2 cards
[06:15:06] Skipped Enemy 3
