[04:43:52] Top card: 
[04:43:52] Delt cards
[04:43:52] Top card: CardW(Clone) (UnityEngine.GameObject)
[04:43:52] Top card: CardW(Clone) (UnityEngine.GameObject)
[04:43:52] Top card: CardW(Clone) (UnityEngine.GameObject)
[04:43:52] Top card: CardW(Clone) (UnityEngine.GameObject)
[04:43:52] Top card: CardW(Clone) (UnityEngine.GameObject)
[04:43:52] Top card: CardW(Clone) (UnityEngine.GameObject)
[04:43:52] Top card: CardW(Clone) (UnityEngine.GameObject)
[04:43:52] Top card: CardW(Clone) (UnityEngine.GameObject)
[04:43:52] Top card: CardW(Clone) (UnityEngine.GameObject)
[04:43:52] Top card: CardW(Clone) (UnityEngine.GameObject)
[04:43:52] Top card: CardW(Clone) (UnityEngine.GameObject)
[04:43:52] Top card: CardW(Clone) (UnityEngine.GameObject)
[04:43:52] Top card: CardW(Clone) (UnityEngine.GameObject)
[04:43:52] Top card: CardW(Clone) (UnityEngine.GameObject)
[04:43:52] Top card: CardW(Clone) (UnityEngine.GameObject)
[04:43:52] Top card: CardW(Clone) (UnityEngine.GameObject)
[04:43:52] Top card: CardW(Clone) (UnityEngine.GameObject)
[04:43:52] Top card: CardW(Clone) (UnityEngine.GameObject)
[04:43:52] Top card: CardW(Clone) (UnityEngine.GameObject)
[04:43:52] Top card: CardW(Clone) (UnityEngine.GameObject)
[04:43:52] Top card: CardW(Clone) (UnityEngine.GameObject)
[04:43:52] Top card: CardW(Clone) (UnityEngine.GameObject)
[04:43:52] Top card: CardW(Clone) (UnityEngine.GameObject)
[04:43:52] Top card: CardW(Clone) (UnityEngine.GameObject)
[04:43:52] Top card: CardW(Clone) (UnityEngine.GameObject)
[04:43:52] Top card: CardW(Clone) (UnityEngine.GameObject)
[04:43:52] Top card: CardW(Clone) (UnityEngine.GameObject)
[04:43:52] Top card: CardW(Clone) (UnityEngine.GameObject)
[06:15:25] Top card: 
[06:15:25] Delt cards
[06:15:25] Top card: 
[06:15:25] Top card: 
[06:15:25] Top card: 
[06:15:25] Top card: 
[06:15:25] Top card: 
[06:15:25] Top card: 
[06:15:25] Top card: 
[06:15:25] Top card: 
[06:15:25] Top card: 
[06:15:25] Top card: 
[06:15:25] Top card: 
[06:15:25] Top card: 
[06:15:25] Top card: 
[06:15:25] Top card: 
[06:15:25] Top card: 
[06:15:25] Top card: 
[06:15:25] Top card: 
[06:15:25] Top card: 
[06:15:25] Top card: 
[06:15:25] Top card: 
[06:15:25] Player: Played CardW(Clone) (UnityEngine.GameObject)
[06:15:25] Turns: 1
[06:15:25] Turns: 1
[06:15:25] Top card: CardW(Clone) (UnityEngine.GameObject)
[06:15:25] Top card: CardW(Clone) (UnityEngine.GameObject)
[06:15:25] Enemy 1: CardW4(Clone) (UnityEngine.GameObject) (Card 0) did not match
[06:15:25] Enemy 1: CardW4(Clone) (UnityEngine.GameObject) (Card 1) did not match
[06:15:25] Enemy 1: Played CardW(Clone) (UnityEngine.GameObject) (Card 2)
[06:15:25] Turns: 2
[06:15:25] Top card: CardW(Clone) (UnityEngine.GameObject)
[06:15:25] Top card: CardW(Clone) (UnityEngine.GameObject)
[06:15:25] Enemy 2: CardW4(Clone) (UnityEngine.GameObject) (Card 0) did not match
[06:15:25] Enemy 2: CardW4(Clone) (UnityEngine.GameObject) (Card 1) did not match
[06:15:25] Enemy 2: Played CardW(Clone) (UnityEngine.GameObject) (Card 2)
[06:15:25] Turns: 3
[06:15:25] Top card: CardW(Clone) (UnityEngine.GameObject)
[06:15:25] Top card: CardW(Clone) (UnityEngine.GameObject)
[06:15:25] Enemy 3: Played CardW(Clone) (UnityEngine.GameObject) (Card 0)
[06:15:25] Turns: 0
[08:48:43] Top card: 
[08:48:43] Delt cards
[08:48:43] Top card: 
[08:48:43] Top card: 
[08:48:43] Top card: 
[08:48:43] Top card: 
[08:48:43] Top card: 
[08:48:43] Top card: 
[08:48:43] Top card: 
[08:48:43] Top card: 
[08:48:43] Top card: 
[08:48:43] Top card: 
[08:48:43] Top card: 
[08:48:43] Top card: 
[08:48:43] Top card: 
[08:48:43] Top card: 
[08:48:43] Top card: 
[08:48:43] Top card: 
[08:48:43] Top card: 
[08:48:43] Top card: 
[08:48:43] Top card: 
[08:48:43] Top card: 
[08:48:43] Player: Played Red_0(Clone) (UnityEngine.GameObject)
[08:48:43] Turns: 1
[08:48:43] Turns: 1
[08:48:43] Top card: Red_0(Clone) (UnityEngine.GameObject)
[08:48:43] Top card: Red_0(Clone) (CardProperties)
[08:48:43] Enemy 1: Played Red_R(Clone) (UnityEngine.GameObject) (Card 0)
[08:48:43] Top card: Red_R(Clone) (CardProperties)
[08:48:43] Enemy 1: CardW(Clone) (UnityEngine.GameObject) (Card 0) did not match
[08:48:43] Enemy 1: Green_0(Clone) (UnityEngine.GameObject) (Card 1) did not match
[08:48:43] Enemy 1: Played Yellow_R(Clone) (UnityEngine.GameObject) (Card 2)
[08:48:43] Top card: Yellow_R(Clone) (CardProperties)
[08:48:43] Enemy 1: CardW(Clone) (UnityEngine.GameObject) (Card 0) did not match
[08:48:43] Enemy 1: Green_0(Clone) (UnityEngine.GameObject) (Card 1) did not match
[08:48:43] Enemy 1: CardW(Clone) (UnityEngine.GameObject) (Card 2) did not match
[08:48:43] IsReversed: False
[08:48:43] Turns: 2
[08:48:43] IsReversed: False
[08:48:43] Turns: 3
[08:48:43] Top card: Yellow_R(Clone) (UnityEngine.GameObject)
[08:48:43] Top card: Yellow_R(Clone) (CardProperties)
[08:48:43] Enemy 3: Played Green_R(Clone) (UnityEngine.GameObject) (Card 0)
[08:48:43] Top card: Green_R(Clone) (CardProperties)
[08:48:43] Enemy 3: CardW(Clone) (UnityEngine.GameObject) (Card 0) did not match
[08:48:43] Enemy 3: Played Red_R(Clone) (UnityEngine.GameObject) (Card 1)
[08:48:43] Top card: Red_R(Clone) (CardProperties)
[08:48:43] Enemy 3: CardW(Clone) (UnityEngine.GameObject) (Card 0) did not match
[08:48:43] Enemy 3: CardW4(Clone) (UnityEngine.GameObject) (Card 1) did not match
[08:48:43] Enemy 3: Played Green_R(Clone) (UnityEngine.GameObject) (Card 2)
[08:48:43] Top card: Green_R(Clone) (CardProperties)
[08:48:43] Enemy 3: CardW(Clone) (UnityEngine.GameObject) (Card 0) did not match
[08:48:43] Enemy 3: CardW4(Clone) (UnityEngine.GameObject) (Card 1) did not match
[08:48:43] IsReversed: True
[08:48:43] Turns: 2
[08:48:43] IsReversed: True
[08:48:43] Turns: 1
[08:48:43] IsReversed: True
[08:48:43] Turns: 0
