[09:34:30] Top card: 
[09:34:30] Delt cards
[09:34:30] Player: Played CardW4
[09:34:30] Made it this far (TurnManager)
[09:34:30] Wild Menu shown
[09:34:30] Top Deck Card:Yellow_9(Clone) (UnityEngine.GameObject)
[09:34:30] Player: Drew Yellow_9(Clone) (UnityEngine.GameObject)
[09:34:30] Top Deck Card:Yellow_3(Clone) (UnityEngine.GameObject)
[09:34:30] Player: Drew Yellow_3(Clone) (UnityEngine.GameObject)
[09:34:30] Top Deck Card:Blue_3(Clone) (UnityEngine.GameObject)
[09:34:30] Player: Drew Blue_3(Clone) (UnityEngine.GameObject)
[09:34:30] Top Deck Card:Red_5(Clone) (UnityEngine.GameObject)
[09:34:30] Player: Drew Red_5(Clone) (UnityEngine.GameObject)
[09:34:30] Player: Drew 4 cards
[09:34:30] Turns: 1
[09:34:30] Turns: 1
[09:34:30] Player called Yellow
[09:34:30] Wild Menu hidden
[09:34:30] Top card: CardW4(Clone) (UnityEngine.GameObject)
[09:34:30] Top Deck Card:Yellow_7(Clone) (UnityEngine.GameObject)
[09:34:30] Enemy 1: Drew Yellow_7(Clone) (UnityEngine.GameObject)
[09:34:30] Top Deck Card:Red_7(Clone) (UnityEngine.GameObject)
[09:34:30] Enemy 1: Drew Red_7(Clone) (UnityEngine.GameObject)
[09:34:30] Top Deck Card:Green_7(Clone) (UnityEngine.GameObject)
[09:34:30] Enemy 1: Drew Green_7(Clone) (UnityEngine.GameObject)
[09:34:30] Top Deck Card:CardW(Clone) (UnityEngine.GameObject)
[09:34:30] Enemy 1: Drew CardW(Clone) (UnityEngine.GameObject)
[09:34:30] Enemy 1: Drew 4 cards
[09:34:30] Skipped Enemy 1
[09:34:30] Top card: CardW4(Clone) (UnityEngine.GameObject)
[09:34:30] Top card: CardW4(Clone) (CardProperties)
[09:34:30] Enemy 2: Played Yellow_0(Clone) (UnityEngine.GameObject) (Card 0)
[09:34:30] Turns: 3
[09:34:30] Top card: Yellow_0(Clone) (UnityEngine.GameObject)
[09:34:30] Top card: Yellow_0(Clone) (CardProperties)
[09:34:30] Enemy 3: CardW4(Clone) (UnityEngine.GameObject) (Card 0) did not match
[09:34:30] Enemy 3: Red_2(Clone) (UnityEngine.GameObject) (Card 1) did not match
[09:34:30] Enemy 3: Red_3(Clone) (UnityEngine.GameObject) (Card 2) did not match
[09:34:30] Enemy 3: CardW(Clone) (UnityEngine.GameObject) (Card 3) did not match
[09:34:30] Enemy 3: CardW(Clone) (UnityEngine.GameObject) (Card 4) did not match
[09:34:30] Enemy 3: Blue_7(Clone) (UnityEngine.GameObject) (Card 5) did not match
[09:34:30] Enemy 3: CardW(Clone) (UnityEngine.GameObject) (Card 6) did not match
[09:34:30] HasFoundMatch = False
[09:34:30] Top Deck Card:Red_1(Clone) (UnityEngine.GameObject)
[09:34:30] Enemy 3: Drew Red_1(Clone) (UnityEngine.GameObject)
[09:34:30] Enemy 3: Drew 1 cards
[09:34:30] Turns: 0
