[08:14:05] Top card: 
[08:14:05] Delt cards
[08:14:05] Top card: 
[08:14:05] Top card: 
[08:14:05] Top card: 
[08:14:05] Top card: 
[08:14:05] Top card: 
[08:14:05] Top card: 
[08:14:05] Top card: 
[08:14:05] Top card: 
[08:14:05] Top card: 
[08:14:05] Top card: 
[08:14:05] Top card: 
[08:14:05] Top card: 
[08:14:05] Top card: 
[08:14:05] Top card: 
[08:14:05] Top card: 
[08:14:05] Top card: 
[08:14:05] Top card: 
[08:14:05] Top card: 
[08:14:05] Top card: 
[08:14:05] Top card: 
[08:14:05] Player: Played CardW(Clone) (UnityEngine.GameObject)
[08:14:05] Wild Menu shown
[08:14:05] Turns: 1
[08:14:05] Turns: 1
[08:14:05] Player called yellow
[08:14:05] Wild Menu hidden
[08:14:05] Top card: CardW(Clone) (UnityEngine.GameObject)
[08:14:05] Top card: CardW(Clone) (UnityEngine.GameObject)
[08:14:05] Enemy 1: Played Yellow_R(Clone) (UnityEngine.GameObject) (Card 0)
[08:14:05] Turns: 2
[08:14:05] Top card: Yellow_R(Clone) (UnityEngine.GameObject)
[08:14:05] Top card: Yellow_R(Clone) (UnityEngine.GameObject)
[08:14:05] Enemy 2: Played Yellow_0(Clone) (UnityEngine.GameObject) (Card 0)
[08:14:05] Turns: 1
[08:14:05] IsReversed: True
[08:14:05] Top card: Yellow_0(Clone) (UnityEngine.GameObject)
[08:14:05] Top card: Yellow_0(Clone) (UnityEngine.GameObject)
[08:14:05] Enemy 1: Played Yellow_R(Clone) (UnityEngine.GameObject) (Card 0)
[08:14:05] Turns: 0
