[08:25:33] Player received: Red_1(Clone)
[08:25:33] Enemy1 received: Green_R(Clone)
[08:25:33] Enemy2 received: Blue_8(Clone)
[08:25:33] Enemy3 received: Yellow_D(Clone)
[08:25:33] Player received: CardW(Clone)
[08:25:33] Enemy1 received: Yellow_2(Clone)
[08:25:33] Enemy2 received: Blue_1(Clone)
[08:25:33] Enemy3 received: Yellow_4(Clone)
[08:25:33] Player received: Green_9(Clone)
[08:25:33] Enemy1 received: Blue_D(Clone)
[08:25:33] Enemy2 received: Red_8(Clone)
[08:25:33] Enemy3 received: Green_5(Clone)
[08:25:33] Player received: Yellow_S(Clone)
[08:25:33] Enemy1 received: Red_6(Clone)
[08:25:33] Enemy2 received: Green_6(Clone)
[08:25:33] Enemy3 received: Blue_1(Clone)
[08:25:33] Player received: Blue_7(Clone)
[08:25:33] Enemy1 received: CardW4(Clone)
[08:25:33] Enemy2 received: Yellow_8(Clone)
[08:25:33] Enemy3 received: Green_5(Clone)
[08:25:33] Player received: Red_6(Clone)
[08:25:33] Enemy1 received: CardW(Clone)
[08:25:33] Enemy2 received: CardW4(Clone)
[08:25:33] Enemy3 received: Red_4(Clone)
[08:25:33] Player received: Red_R(Clone)
[08:25:33] Enemy1 received: Green_D(Clone)
[08:25:33] Enemy2 received: Yellow_5(Clone)
[08:25:33] Enemy3 received: CardW(Clone)
[08:25:33] DiscardPile received: Green_D(Clone)
[08:25:33] Used PlayerLogic
[08:25:33] Green_D(Clone) (UnityEngine.GameObject)
[08:25:33] Player: Played Green_D
[08:25:33] Dealt cards
[08:25:33] Turns: 1
[08:25:33] Top card: Green_D(Clone) (UnityEngine.GameObject)
[08:25:33] Top Deck Card:Blue_D(Clone) (UnityEngine.GameObject)
[08:25:33] Enemy 1: Drew Blue_D(Clone) (UnityEngine.GameObject)
[08:25:33] Top Deck Card:Blue_2(Clone) (UnityEngine.GameObject)
[08:25:33] Enemy 1: Drew Blue_2(Clone) (UnityEngine.GameObject)
[08:25:33] Enemy 1: Drew 2 cards
[08:25:33] Turns: 2
[08:25:33] Top card: Green_D(Clone) (UnityEngine.GameObject)
[08:25:33] Green_6(Clone) (UnityEngine.GameObject) was added to PlayableCards
[08:25:33] CardW4(Clone) (UnityEngine.GameObject) was added to PlayableCards
[08:25:33] Enemy 2: Played Green_6(Clone)
[08:25:33] HasPlayableCard = true
[08:25:33] Turns: 3
[08:25:33] Top card: Green_6(Clone) (UnityEngine.GameObject)
[08:25:33] Green_5(Clone) (UnityEngine.GameObject) was added to PlayableCards
[08:25:33] Green_5(Clone) (UnityEngine.GameObject) was added to PlayableCards
[08:25:33] CardW(Clone) (UnityEngine.GameObject) was added to PlayableCards
[08:25:33] Enemy 3: Played Green_5(Clone)
[08:25:33] HasPlayableCard = true
[08:25:33] Turns: 0
[08:25:33] Used PlayerLogic
[08:25:33] Green_D(Clone) (UnityEngine.GameObject)
[08:25:33] Wild Menu shown
[08:25:33] Player: Played CardW
[08:25:33] Player called Yellow
[08:25:33] Wild Menu hidden
[08:25:33] Turns: 1
[08:25:33] Top card: CardW(Clone) (UnityEngine.GameObject)
[08:25:33] Yellow_2(Clone) (UnityEngine.GameObject) was added to PlayableCards
[08:25:33] CardW4(Clone) (UnityEngine.GameObject) was added to PlayableCards
[08:25:33] CardW(Clone) (UnityEngine.GameObject) was added to PlayableCards
[08:25:33] Enemy 1: Played Yellow_2(Clone)
[08:25:33] HasPlayableCard = true
[08:25:33] Turns: 2
[08:25:33] Top card: Yellow_2(Clone) (UnityEngine.GameObject)
[08:25:33] Yellow_8(Clone) (UnityEngine.GameObject) was added to PlayableCards
[08:25:33] CardW4(Clone) (UnityEngine.GameObject) was added to PlayableCards
[08:25:33] Yellow_5(Clone) (UnityEngine.GameObject) was added to PlayableCards
[08:25:33] Enemy 2: Played Yellow_8(Clone)
[08:25:33] HasPlayableCard = true
[08:25:33] Turns: 3
[08:25:33] Top card: Yellow_8(Clone) (UnityEngine.GameObject)
[08:25:33] Yellow_D(Clone) (UnityEngine.GameObject) was added to PlayableCards
[08:25:33] Yellow_4(Clone) (UnityEngine.GameObject) was added to PlayableCards
[08:25:33] CardW(Clone) (UnityEngine.GameObject) was added to PlayableCards
[08:25:33] Enemy 3: Played Yellow_D(Clone)
[08:25:33] HasPlayableCard = true
[08:25:33] Turns: 0
[08:25:33] Hello from PlayerManager.Draw2
[08:25:33] Top Deck Card:Blue_D(Clone) (UnityEngine.GameObject)
[08:25:33] Player: Drew Blue_D(Clone) (UnityEngine.GameObject)
[08:25:33] Top Deck Card:Yellow_3(Clone) (UnityEngine.GameObject)
[08:25:33] Player: Drew Yellow_3(Clone) (UnityEngine.GameObject)
[08:25:33] Player: Drew 2 cards
[08:25:33] Turns: 1
[08:25:33] Top card: Yellow_D(Clone) (UnityEngine.GameObject)
[08:25:33] Blue_D(Clone) (UnityEngine.GameObject) was added to PlayableCards
[08:25:33] CardW4(Clone) (UnityEngine.GameObject) was added to PlayableCards
[08:25:33] CardW(Clone) (UnityEngine.GameObject) was added to PlayableCards
[08:25:33] Green_D(Clone) (UnityEngine.GameObject) was added to PlayableCards
[08:25:33] Blue_D(Clone) (UnityEngine.GameObject) was added to PlayableCards
[08:25:33] Enemy 1: Played Blue_D(Clone)
[08:25:33] HasPlayableCard = true
[08:25:33] Turns: 2
[08:25:33] Top card: Blue_D(Clone) (UnityEngine.GameObject)
[08:25:33] Top Deck Card:Yellow_7(Clone) (UnityEngine.GameObject)
[08:25:33] Enemy 2: Drew Yellow_7(Clone) (UnityEngine.GameObject)
[08:25:33] Top Deck Card:Blue_8(Clone) (UnityEngine.GameObject)
[08:25:33] Enemy 2: Drew Blue_8(Clone) (UnityEngine.GameObject)
[08:25:33] Enemy 2: Drew 2 cards
[08:25:33] Turns: 3
[08:25:33] Top card: Blue_D(Clone) (UnityEngine.GameObject)
[08:25:33] Blue_1(Clone) (UnityEngine.GameObject) was added to PlayableCards
[08:25:33] CardW(Clone) (UnityEngine.GameObject) was added to PlayableCards
[08:25:33] Enemy 3: Played Blue_1(Clone)
[08:25:33] HasPlayableCard = true
[08:25:33] Turns: 0
[06:23:46] Player received: Green_0(Clone)
[06:23:46] Enemy1 received: Red_D(Clone)
[06:23:46] Enemy2 received: CardW4(Clone)
[06:23:46] Enemy3 received: Yellow_D(Clone)
[06:23:46] Player received: Green_R(Clone)
[06:23:46] Enemy1 received: Blue_S(Clone)
[06:23:46] Enemy2 received: Blue_4(Clone)
[06:23:46] Enemy3 received: Red_7(Clone)
[06:23:46] Player received: Yellow_4(Clone)
[06:23:46] Enemy1 received: Blue_6(Clone)
[06:23:46] Enemy2 received: Blue_5(Clone)
[06:23:46] Enemy3 received: Green_D(Clone)
[06:23:46] Player received: Green_S(Clone)
[06:23:46] Enemy1 received: Blue_S(Clone)
[06:23:46] Enemy2 received: Red_4(Clone)
[06:23:46] Enemy3 received: Red_2(Clone)
[06:23:46] Player received: Yellow_9(Clone)
[06:23:46] Enemy1 received: Red_R(Clone)
[06:23:46] Enemy2 received: Green_4(Clone)
[06:23:46] Enemy3 received: CardW4(Clone)
[06:23:46] Player received: Green_5(Clone)
[06:23:46] Enemy1 received: Yellow_D(Clone)
[06:23:46] Enemy2 received: Red_4(Clone)
[06:23:46] Enemy3 received: Blue_1(Clone)
[06:23:46] Player received: Blue_9(Clone)
[06:23:46] Enemy1 received: Green_D(Clone)
[06:23:46] Enemy2 received: Green_5(Clone)
[06:23:46] Enemy3 received: Green_7(Clone)
[06:23:46] DiscardPile received: Blue_S(Clone)
[06:23:46] Hello from PlayerManager.Skip
[06:23:46] Dealt cards
[06:23:46] Turns: 1
[06:23:46] Top card: Blue_S(Clone) (UnityEngine.GameObject)
[06:23:46] Blue_S(Clone) was added to PlayableCards
[06:23:46] Blue_6(Clone) was added to PlayableCards
[06:23:46] Blue_S(Clone) was added to PlayableCards
[06:23:46] Enemy 1: Played Blue_S(Clone)
[06:23:46] HasPlayableCard = true
[06:23:46] Turns: 2
[06:23:46] Top card: Blue_S(Clone) (UnityEngine.GameObject)
[06:23:46] Turns: 3
[06:23:46] Top card: Blue_S(Clone) (UnityEngine.GameObject)
[06:23:46] CardW4(Clone) was added to PlayableCards
[06:23:46] Blue_1(Clone) was added to PlayableCards
[06:23:46] Enemy 3: Played Blue_1(Clone)
[06:23:46] HasPlayableCard = true
[06:23:46] Turns: 0
[06:23:46] Player: Played Blue_9(Clone)
[06:23:46] Turns: 1
[06:23:46] Top card: Blue_9(Clone) (UnityEngine.GameObject)
[06:23:46] Blue_6(Clone) was added to PlayableCards
[06:23:46] Blue_S(Clone) was added to PlayableCards
[06:23:46] Enemy 1: Played Blue_S(Clone)
[06:23:46] HasPlayableCard = true
[06:23:46] Removed Blue_S(Clone) (UnityEngine.GameObject)
[06:23:46] Turns: 2
[06:23:46] Top card: Blue_S(Clone) (UnityEngine.GameObject)
[06:23:46] Turns: 3
[06:23:46] Top card: Blue_S(Clone) (UnityEngine.GameObject)
[06:23:46] CardW4(Clone) was added to PlayableCards
[06:23:46] Enemy 3: Played CardW4(Clone)
[06:23:46] redCards: 2
[06:23:46] yellowCards: 1
[06:23:46] greenCards: 2
[06:23:46] blueCards: 0
[06:23:46] Largest number among 2, 1, 2 and 0 is 2
[06:23:46] wild color set to red
[06:23:46] HasPlayableCard = true
[06:23:46] Removed Blue_1(Clone) (UnityEngine.GameObject)
[06:23:46] Turns: 0
[06:23:46] Hello from PlayerManager.WildDraw4
[06:23:46] Top Deck Card:Blue_S(Clone)
[06:23:46] Player: Drew Blue_S(Clone)
[06:23:46] Top Deck Card:Green_2(Clone)
[06:23:46] Player: Drew Green_2(Clone)
[06:23:46] Top Deck Card:Blue_3(Clone)
[06:23:46] Player: Drew Blue_3(Clone)
[06:23:46] Turns: 1
[06:23:46] Top card: CardW4(Clone) (UnityEngine.GameObject)
[06:23:46] Red_D(Clone) was added to PlayableCards
[06:23:46] Red_R(Clone) was added to PlayableCards
[06:23:46] Enemy 1: Played Red_D(Clone)
[06:23:46] HasPlayableCard = true
[06:23:46] Removed Blue_9(Clone) (UnityEngine.GameObject)
[06:23:46] Top Deck Card:Green_S(Clone)
[06:23:46] Player: Drew Green_S(Clone)
[06:23:46] Player: Drew 4 cards
[06:23:46] Turns: 2
