[04:44:11] Top card: 
[06:15:09] Top card: 
[06:15:09] Delt cards
[06:15:09] Top card: 
[06:15:09] Top card: 
[06:15:09] Top card: 
[06:15:09] Top card: 
[06:15:09] Top card: 
[06:15:09] Top card: 
[06:15:09] Top card: 
[06:15:09] Top card: 
[06:15:09] Top card: 
[06:15:09] Top card: 
[06:15:09] Top card: 
[06:15:09] Top card: 
[06:15:09] Top card: 
[06:15:09] Top card: 
[06:15:09] Top card: 
[06:15:09] Top card: 
[06:15:09] Top card: 
[06:15:09] Top card: 
[06:15:09] Top card: 
[06:15:09] Top card: 
[06:15:09] Player: Played CardW(Clone) (UnityEngine.GameObject)
[06:15:09] Turns: 1
[06:15:09] Turns: 1
[06:15:09] Top card: CardW(Clone) (UnityEngine.GameObject)
[06:15:09] Top card: CardW(Clone) (UnityEngine.GameObject)
[06:15:09] Enemy 1: Played CardW(Clone) (UnityEngine.GameObject) (Card 0)
[06:15:09] Turns: 2
[06:15:09] Top card: CardW(Clone) (UnityEngine.GameObject)
[06:15:09] Top card: CardW(Clone) (UnityEngine.GameObject)
[06:15:09] Enemy 2: CardW4(Clone) (UnityEngine.GameObject) (Card 0) did not match
[06:15:09] Enemy 2: Played CardW(Clone) (UnityEngine.GameObject) (Card 1)
[06:15:09] Turns: 3
[06:15:09] Top card: CardW(Clone) (UnityEngine.GameObject)
[06:15:09] Top card: CardW(Clone) (UnityEngine.GameObject)
[06:15:09] Enemy 3: Played CardW(Clone) (UnityEngine.GameObject) (Card 0)
[06:15:09] Turns: 0
