[10:13:15] Top card: 
[10:13:15] Top card: 
[10:13:15] Top card: 
[10:13:15] Top card: 
[10:13:15] Top card: 
[10:13:15] Top card: 
[10:13:15] Top card: 
[10:13:15] Top card: 
[10:13:15] Top card: 
[10:13:15] Top card: 
[10:13:15] Top card: 
[10:13:15] Top card: 
[10:13:15] Top card: 
[10:13:15] Top card: 
[10:13:15] Top card: 
[10:13:15] Top card: 
[10:13:15] Top card: 
[10:13:15] Top card: 
[10:13:15] Top card: 
[10:13:15] Top card: 
[10:13:15] Top card: 
[10:13:15] Top card: 
[10:13:15] Top card: 
[10:13:15] Top card: 
[10:13:15] Top card: 
[10:13:15] Top card: 
[10:13:15] Top card: 
[10:13:15] Top card: 
[10:13:15] hello from discard for loop
[10:13:15] hello from discard if statment
[10:13:15] hello from discard while loop
[10:13:15] Top card: 
[10:13:15] Delt cards
