[06:59:13] Top card: 
[06:59:13] Delt cards
[06:59:13] Top card: 
[06:59:13] Top card: 
[06:59:13] Top card: 
[06:59:13] Top card: 
[06:59:13] Top card: 
[06:59:13] Top card: 
[06:59:13] Top card: 
[06:59:13] Top card: 
[06:59:13] Top card: 
[06:59:13] Top card: 
[06:59:13] Top card: 
[06:59:13] Top card: 
[06:59:13] Top card: 
[06:59:13] Top card: 
[06:59:13] Top card: 
[06:59:13] Top card: 
[06:59:13] Top card: 
[06:59:13] Top card: 
[06:59:13] Top card: 
[06:59:13] Top card: 
[06:59:13] Player: Played CardW(Clone) (UnityEngine.GameObject)
[06:59:13] Wild Menu shown
[06:59:13] Turns: 1
[06:59:13] Turns: 1
[06:59:13] Top card: CardW(Clone) (UnityEngine.GameObject)
[06:59:13] Top card: CardW(Clone) (UnityEngine.GameObject)
[06:59:13] Enemy 1: Played CardW(Clone) (UnityEngine.GameObject) (Card 0)
[06:59:13] Turns: 2
[06:59:13] Top card: CardW(Clone) (UnityEngine.GameObject)
[06:59:13] Top card: CardW(Clone) (UnityEngine.GameObject)
[06:59:13] Enemy 2: Played CardW(Clone) (UnityEngine.GameObject) (Card 0)
[06:59:13] Turns: 3
[06:59:13] Top card: CardW(Clone) (UnityEngine.GameObject)
[06:59:13] Top card: CardW(Clone) (UnityEngine.GameObject)
[06:59:13] Enemy 3: Played CardW(Clone) (UnityEngine.GameObject) (Card 0)
[06:59:13] Turns: 0
