[12:18:17] Top card: 
[12:18:17] Delt cards
[12:18:17] Player: Played Blue_6(Clone) (UnityEngine.GameObject)
[12:18:17] Turns: 1
[12:18:17] Turns: 1
[12:18:17] Top card: Blue_6(Clone) (UnityEngine.GameObject)
[12:18:17] Top card: Blue_6(Clone) (CardProperties)
[12:18:17] Enemy 1: Red_D(Clone) (UnityEngine.GameObject) (Card 0) did not match
[12:18:17] Enemy 1: Green_S(Clone) (UnityEngine.GameObject) (Card 1) did not match
[12:18:17] Enemy 1: Yellow_D(Clone) (UnityEngine.GameObject) (Card 2) did not match
[12:18:17] Enemy 1: Played Blue_7(Clone) (UnityEngine.GameObject) (Card 3)
[12:18:17] Turns: 2
[12:18:17] Top card: Blue_7(Clone) (UnityEngine.GameObject)
[12:18:17] Top card: Blue_7(Clone) (CardProperties)
[12:18:17] Enemy 2: Red_6(Clone) (UnityEngine.GameObject) (Card 0) did not match
[12:18:17] Enemy 2: Played Blue_S(Clone) (UnityEngine.GameObject) (Card 1)
[12:18:17] Turns: 3
[12:18:17] Top card: Blue_S(Clone) (UnityEngine.GameObject)
[12:18:17] Skipped Enemy 3
[12:18:17] Player: Played Blue_D(Clone) (UnityEngine.GameObject)
[12:18:17] Turns: 1
[12:18:17] Turns: 1
[12:18:17] Top card: Blue_D(Clone) (UnityEngine.GameObject)
[12:18:17] Top Deck Card:Blue_1(Clone) (UnityEngine.GameObject)
[12:18:17] Enemy 1: Drew Blue_1(Clone) (UnityEngine.GameObject)
[12:18:17] Top Deck Card:Blue_9(Clone) (UnityEngine.GameObject)
[12:18:17] Enemy 1: Drew Blue_9(Clone) (UnityEngine.GameObject)
[12:18:17] Enemy 1: Drew 2 cards
[12:18:17] Skipped Enemy 1
[12:18:17] Top card: Blue_D(Clone) (UnityEngine.GameObject)
[12:18:17] Top card: Blue_D(Clone) (CardProperties)
[12:18:17] Enemy 2: Red_6(Clone) (UnityEngine.GameObject) (Card 0) did not match
[12:18:17] Enemy 2: Yellow_7(Clone) (UnityEngine.GameObject) (Card 1) did not match
[12:18:17] Enemy 2: Green_4(Clone) (UnityEngine.GameObject) (Card 2) did not match
[12:18:17] Enemy 2: CardW4(Clone) (UnityEngine.GameObject) (Card 3) did not match
[12:18:17] Enemy 2: Yellow_5(Clone) (UnityEngine.GameObject) (Card 4) did not match
[12:18:17] Enemy 2: Green_R(Clone) (UnityEngine.GameObject) (Card 5) did not match
[12:18:17] Top Deck Card:CardW(Clone) (UnityEngine.GameObject)
[12:18:17] Enemy 2: Drew CardW(Clone) (UnityEngine.GameObject)
[12:18:17] Enemy 2: Drew 1 cards
[12:18:17] Top card: Blue_D(Clone) (UnityEngine.GameObject)
[12:18:17] Top card: Blue_D(Clone) (CardProperties)
[12:18:17] Enemy 2: Red_6(Clone) (UnityEngine.GameObject) (Card 0) did not match
[12:18:17] Enemy 2: Yellow_7(Clone) (UnityEngine.GameObject) (Card 1) did not match
[12:18:17] Enemy 2: Green_4(Clone) (UnityEngine.GameObject) (Card 2) did not match
[12:18:17] Enemy 2: CardW4(Clone) (UnityEngine.GameObject) (Card 3) did not match
[12:18:17] Enemy 2: Yellow_5(Clone) (UnityEngine.GameObject) (Card 4) did not match
[12:18:17] Enemy 2: Green_R(Clone) (UnityEngine.GameObject) (Card 5) did not match
[12:18:17] Enemy 2: CardW(Clone) (UnityEngine.GameObject) (Card 6) did not match
[12:18:17] Top Deck Card:Green_4(Clone) (UnityEngine.GameObject)
[12:18:17] Enemy 2: Drew Green_4(Clone) (UnityEngine.GameObject)
[12:18:17] Enemy 2: Drew 1 cards
[12:18:17] Top card: Blue_D(Clone) (UnityEngine.GameObject)
[12:18:17] Top card: Blue_D(Clone) (CardProperties)
[12:18:17] Enemy 2: Red_6(Clone) (UnityEngine.GameObject) (Card 0) did not match
[12:18:17] Enemy 2: Yellow_7(Clone) (UnityEngine.GameObject) (Card 1) did not match
[12:18:17] Enemy 2: Green_4(Clone) (UnityEngine.GameObject) (Card 2) did not match
[12:18:17] Enemy 2: CardW4(Clone) (UnityEngine.GameObject) (Card 3) did not match
[12:18:17] Enemy 2: Yellow_5(Clone) (UnityEngine.GameObject) (Card 4) did not match
[12:18:17] Enemy 2: Green_R(Clone) (UnityEngine.GameObject) (Card 5) did not match
[12:18:17] Enemy 2: CardW(Clone) (UnityEngine.GameObject) (Card 6) did not match
[12:18:17] Enemy 2: Green_4(Clone) (UnityEngine.GameObject) (Card 7) did not match
[12:18:17] Top Deck Card:Green_9(Clone) (UnityEngine.GameObject)
[12:18:17] Enemy 2: Drew Green_9(Clone) (UnityEngine.GameObject)
[12:18:17] Enemy 2: Drew 1 cards
[12:18:17] Top card: Blue_D(Clone) (UnityEngine.GameObject)
[12:18:17] Top card: Blue_D(Clone) (CardProperties)
[12:18:17] Enemy 2: Red_6(Clone) (UnityEngine.GameObject) (Card 0) did not match
[12:18:17] Enemy 2: Yellow_7(Clone) (UnityEngine.GameObject) (Card 1) did not match
[12:18:17] Enemy 2: Green_4(Clone) (UnityEngine.GameObject) (Card 2) did not match
[12:18:17] Enemy 2: CardW4(Clone) (UnityEngine.GameObject) (Card 3) did not match
[12:18:17] Enemy 2: Yellow_5(Clone) (UnityEngine.GameObject) (Card 4) did not match
[12:18:17] Enemy 2: Green_R(Clone) (UnityEngine.GameObject) (Card 5) did not match
[12:18:17] Enemy 2: CardW(Clone) (UnityEngine.GameObject) (Card 6) did not match
[12:18:17] Enemy 2: Green_4(Clone) (UnityEngine.GameObject) (Card 7) did not match
[12:18:17] Enemy 2: Green_9(Clone) (UnityEngine.GameObject) (Card 8) did not match
[12:18:17] Top Deck Card:Yellow_9(Clone) (UnityEngine.GameObject)
[12:18:17] Enemy 2: Drew Yellow_9(Clone) (UnityEngine.GameObject)
[12:18:17] Enemy 2: Drew 1 cards
[12:18:17] Top card: Blue_D(Clone) (UnityEngine.GameObject)
[12:18:17] Top card: Blue_D(Clone) (CardProperties)
[12:18:17] Enemy 2: Red_6(Clone) (UnityEngine.GameObject) (Card 0) did not match
[12:18:17] Enemy 2: Yellow_7(Clone) (UnityEngine.GameObject) (Card 1) did not match
[12:18:17] Enemy 2: Green_4(Clone) (UnityEngine.GameObject) (Card 2) did not match
[12:18:17] Enemy 2: CardW4(Clone) (UnityEngine.GameObject) (Card 3) did not match
[12:18:17] Enemy 2: Yellow_5(Clone) (UnityEngine.GameObject) (Card 4) did not match
[12:18:17] Enemy 2: Green_R(Clone) (UnityEngine.GameObject) (Card 5) did not match
[12:18:17] Enemy 2: CardW(Clone) (UnityEngine.GameObject) (Card 6) did not match
[12:18:17] Enemy 2: Green_4(Clone) (UnityEngine.GameObject) (Card 7) did not match
[12:18:17] Enemy 2: Green_9(Clone) (UnityEngine.GameObject) (Card 8) did not match
[12:18:17] Enemy 2: Yellow_9(Clone) (UnityEngine.GameObject) (Card 9) did not match
[12:18:17] Top Deck Card:Red_2(Clone) (UnityEngine.GameObject)
[12:18:17] Enemy 2: Drew Red_2(Clone) (UnityEngine.GameObject)
[12:18:17] Enemy 2: Drew 1 cards
[12:18:17] Top card: Blue_D(Clone) (UnityEngine.GameObject)
[12:18:17] Top card: Blue_D(Clone) (CardProperties)
[12:18:17] Enemy 2: Red_6(Clone) (UnityEngine.GameObject) (Card 0) did not match
[12:18:17] Enemy 2: Yellow_7(Clone) (UnityEngine.GameObject) (Card 1) did not match
[12:18:17] Enemy 2: Green_4(Clone) (UnityEngine.GameObject) (Card 2) did not match
[12:18:17] Enemy 2: CardW4(Clone) (UnityEngine.GameObject) (Card 3) did not match
[12:18:17] Enemy 2: Yellow_5(Clone) (UnityEngine.GameObject) (Card 4) did not match
[12:18:17] Enemy 2: Green_R(Clone) (UnityEngine.GameObject) (Card 5) did not match
[12:18:17] Enemy 2: CardW(Clone) (UnityEngine.GameObject) (Card 6) did not match
[12:18:17] Enemy 2: Green_4(Clone) (UnityEngine.GameObject) (Card 7) did not match
[12:18:17] Enemy 2: Green_9(Clone) (UnityEngine.GameObject) (Card 8) did not match
[12:18:17] Enemy 2: Yellow_9(Clone) (UnityEngine.GameObject) (Card 9) did not match
[12:18:17] Enemy 2: Red_2(Clone) (UnityEngine.GameObject) (Card 10) did not match
[12:18:17] Top Deck Card:Yellow_2(Clone) (UnityEngine.GameObject)
[12:18:17] Enemy 2: Drew Yellow_2(Clone) (UnityEngine.GameObject)
[12:18:17] Enemy 2: Drew 1 cards
[12:18:17] Top card: Blue_D(Clone) (UnityEngine.GameObject)
[12:18:17] Top card: Blue_D(Clone) (CardProperties)
[12:18:17] Enemy 2: Red_6(Clone) (UnityEngine.GameObject) (Card 0) did not match
[12:18:17] Enemy 2: Yellow_7(Clone) (UnityEngine.GameObject) (Card 1) did not match
[12:18:17] Enemy 2: Green_4(Clone) (UnityEngine.GameObject) (Card 2) did not match
[12:18:17] Enemy 2: CardW4(Clone) (UnityEngine.GameObject) (Card 3) did not match
[12:18:17] Enemy 2: Yellow_5(Clone) (UnityEngine.GameObject) (Card 4) did not match
[12:18:17] Enemy 2: Green_R(Clone) (UnityEngine.GameObject) (Card 5) did not match
[12:18:17] Enemy 2: CardW(Clone) (UnityEngine.GameObject) (Card 6) did not match
[12:18:17] Enemy 2: Green_4(Clone) (UnityEngine.GameObject) (Card 7) did not match
[12:18:17] Enemy 2: Green_9(Clone) (UnityEngine.GameObject) (Card 8) did not match
[12:18:17] Enemy 2: Yellow_9(Clone) (UnityEngine.GameObject) (Card 9) did not match
[12:18:17] Enemy 2: Red_2(Clone) (UnityEngine.GameObject) (Card 10) did not match
[12:18:17] Enemy 2: Yellow_2(Clone) (UnityEngine.GameObject) (Card 11) did not match
[12:18:17] Top Deck Card:Yellow_S(Clone) (UnityEngine.GameObject)
[12:18:17] Enemy 2: Drew Yellow_S(Clone) (UnityEngine.GameObject)
[12:18:17] Enemy 2: Drew 1 cards
[12:18:17] Top card: Blue_D(Clone) (UnityEngine.GameObject)
[12:18:17] Top card: Blue_D(Clone) (CardProperties)
[12:18:17] Enemy 2: Red_6(Clone) (UnityEngine.GameObject) (Card 0) did not match
[12:18:17] Enemy 2: Yellow_7(Clone) (UnityEngine.GameObject) (Card 1) did not match
[12:18:17] Enemy 2: Green_4(Clone) (UnityEngine.GameObject) (Card 2) did not match
[12:18:17] Enemy 2: CardW4(Clone) (UnityEngine.GameObject) (Card 3) did not match
[12:18:17] Enemy 2: Yellow_5(Clone) (UnityEngine.GameObject) (Card 4) did not match
[12:18:17] Enemy 2: Green_R(Clone) (UnityEngine.GameObject) (Card 5) did not match
[12:18:17] Enemy 2: CardW(Clone) (UnityEngine.GameObject) (Card 6) did not match
[12:18:17] Enemy 2: Green_4(Clone) (UnityEngine.GameObject) (Card 7) did not match
[12:18:17] Enemy 2: Green_9(Clone) (UnityEngine.GameObject) (Card 8) did not match
[12:18:17] Enemy 2: Yellow_9(Clone) (UnityEngine.GameObject) (Card 9) did not match
[12:18:17] Enemy 2: Red_2(Clone) (UnityEngine.GameObject) (Card 10) did not match
[12:18:17] Enemy 2: Yellow_2(Clone) (UnityEngine.GameObject) (Card 11) did not match
[12:18:17] Enemy 2: Yellow_S(Clone) (UnityEngine.GameObject) (Card 12) did not match
[12:18:17] Top Deck Card:Blue_2(Clone) (UnityEngine.GameObject)
[12:18:17] Enemy 2: Drew Blue_2(Clone) (UnityEngine.GameObject)
[12:18:17] Enemy 2: Drew 1 cards
[12:18:17] Top card: Blue_D(Clone) (UnityEngine.GameObject)
[12:18:17] Top card: Blue_D(Clone) (CardProperties)
[12:18:17] Enemy 2: Red_6(Clone) (UnityEngine.GameObject) (Card 0) did not match
[12:18:17] Enemy 2: Yellow_7(Clone) (UnityEngine.GameObject) (Card 1) did not match
[12:18:17] Enemy 2: Green_4(Clone) (UnityEngine.GameObject) (Card 2) did not match
[12:18:17] Enemy 2: CardW4(Clone) (UnityEngine.GameObject) (Card 3) did not match
[12:18:17] Enemy 2: Yellow_5(Clone) (UnityEngine.GameObject) (Card 4) did not match
[12:18:17] Enemy 2: Green_R(Clone) (UnityEngine.GameObject) (Card 5) did not match
[12:18:17] Enemy 2: CardW(Clone) (UnityEngine.GameObject) (Card 6) did not match
[12:18:17] Enemy 2: Green_4(Clone) (UnityEngine.GameObject) (Card 7) did not match
[12:18:17] Enemy 2: Green_9(Clone) (UnityEngine.GameObject) (Card 8) did not match
[12:18:17] Enemy 2: Yellow_9(Clone) (UnityEngine.GameObject) (Card 9) did not match
[12:18:17] Enemy 2: Red_2(Clone) (UnityEngine.GameObject) (Card 10) did not match
[12:18:17] Enemy 2: Yellow_2(Clone) (UnityEngine.GameObject) (Card 11) did not match
[12:18:17] Enemy 2: Yellow_S(Clone) (UnityEngine.GameObject) (Card 12) did not match
[12:18:17] Enemy 2: Played Blue_2(Clone) (UnityEngine.GameObject) (Card 13)
[12:18:17] Turns: 3
[12:18:17] Top card: Blue_2(Clone) (UnityEngine.GameObject)
[12:18:17] Top card: Blue_2(Clone) (CardProperties)
[12:18:17] Enemy 3: Yellow_0(Clone) (UnityEngine.GameObject) (Card 0) did not match
[12:18:17] Enemy 3: Played Green_2(Clone) (UnityEngine.GameObject) (Card 1)
[12:18:17] Turns: 0
[06:29:11] Top card: 
[06:29:11] Delt cards
[06:29:11] Player: Played Green_4
[06:29:11] Player: Played Green_4(Clone) (UnityEngine.GameObject)
[06:29:11] Turns: 1
[06:29:11] Turns: 1
[06:29:11] Top card: Green_4(Clone) (UnityEngine.GameObject)
[06:29:11] Top card: Green_4(Clone) (CardProperties)
[06:29:11] Enemy 1: Blue_2(Clone) (UnityEngine.GameObject) (Card 0) did not match
[06:29:11] Enemy 1: Blue_2(Clone) (UnityEngine.GameObject) (Card 1) did not match
[06:29:11] Enemy 1: Blue_5(Clone) (UnityEngine.GameObject) (Card 2) did not match
[06:29:11] Enemy 1: Blue_8(Clone) (UnityEngine.GameObject) (Card 3) did not match
[06:29:11] Enemy 1: Blue_S(Clone) (UnityEngine.GameObject) (Card 4) did not match
[06:29:11] Enemy 1: Played Green_2(Clone) (UnityEngine.GameObject) (Card 5)
[06:29:11] Turns: 2
[06:29:11] Top card: Green_2(Clone) (UnityEngine.GameObject)
[06:29:11] Top card: Green_2(Clone) (CardProperties)
[06:29:11] Enemy 2: Played Green_9(Clone) (UnityEngine.GameObject) (Card 0)
[06:29:11] Turns: 3
[06:29:11] Top card: Green_9(Clone) (UnityEngine.GameObject)
[06:29:11] Top card: Green_9(Clone) (CardProperties)
[06:29:11] Enemy 3: Blue_7(Clone) (UnityEngine.GameObject) (Card 0) did not match
[06:29:11] Enemy 3: Yellow_4(Clone) (UnityEngine.GameObject) (Card 1) did not match
[06:29:11] Enemy 3: Red_7(Clone) (UnityEngine.GameObject) (Card 2) did not match
[06:29:11] Enemy 3: CardW4(Clone) (UnityEngine.GameObject) (Card 3) did not match
[06:29:11] Enemy 3: Played Green_3(Clone) (UnityEngine.GameObject) (Card 4)
[06:29:11] Turns: 0
[06:29:11] Player: Played Green_8
[06:29:11] Player: Played Green_8(Clone) (UnityEngine.GameObject)
[06:29:11] Turns: 1
[06:29:11] Turns: 1
[06:29:11] Top card: Green_8(Clone) (UnityEngine.GameObject)
[06:29:11] Top card: Green_8(Clone) (CardProperties)
[06:29:11] Enemy 1: Blue_2(Clone) (UnityEngine.GameObject) (Card 0) did not match
[06:29:11] Enemy 1: Blue_2(Clone) (UnityEngine.GameObject) (Card 1) did not match
[06:29:11] Enemy 1: Blue_5(Clone) (UnityEngine.GameObject) (Card 2) did not match
[06:29:11] Enemy 1: Played Blue_8(Clone) (UnityEngine.GameObject) (Card 3)
[06:29:11] Turns: 2
[06:29:11] Top card: Blue_8(Clone) (UnityEngine.GameObject)
[06:29:11] Top card: Blue_8(Clone) (CardProperties)
[06:29:11] Enemy 2: Played Blue_8(Clone) (UnityEngine.GameObject) (Card 0)
[06:29:11] Turns: 3
[06:29:11] Top card: Blue_8(Clone) (UnityEngine.GameObject)
[06:29:11] Top card: Blue_8(Clone) (CardProperties)
[06:29:11] Enemy 3: Played Blue_7(Clone) (UnityEngine.GameObject) (Card 0)
[06:29:11] Turns: 0
[06:29:11] Player: Played Yellow_5
[06:29:11] Player: Played Yellow_5(Clone) (UnityEngine.GameObject)
[06:29:11] Turns: 1
[06:29:11] Turns: 1
[06:29:11] Top card: Yellow_5(Clone) (UnityEngine.GameObject)
[06:29:11] Top card: Yellow_5(Clone) (CardProperties)
[06:29:11] Enemy 1: Blue_2(Clone) (UnityEngine.GameObject) (Card 0) did not match
[06:29:11] Enemy 1: Blue_2(Clone) (UnityEngine.GameObject) (Card 1) did not match
[06:29:11] Enemy 1: Played Blue_5(Clone) (UnityEngine.GameObject) (Card 2)
[06:29:11] Turns: 2
[06:29:11] Top card: Blue_5(Clone) (UnityEngine.GameObject)
[06:29:11] Top card: Blue_5(Clone) (CardProperties)
[06:29:11] Enemy 2: Green_S(Clone) (UnityEngine.GameObject) (Card 0) did not match
[06:29:11] Enemy 2: Played Blue_S(Clone) (UnityEngine.GameObject) (Card 1)
[06:29:11] Turns: 3
[06:29:11] Top card: Blue_S(Clone) (UnityEngine.GameObject)
[06:29:11] Skipped Enemy 3
[06:29:11] Player: Played Yellow_3
[06:29:11] Player: Played Yellow_3(Clone) (UnityEngine.GameObject)
[06:29:11] Turns: 1
[06:29:11] Turns: 1
[06:29:11] Top card: Yellow_3(Clone) (UnityEngine.GameObject)
[06:29:11] Top card: Yellow_3(Clone) (CardProperties)
[06:29:11] Enemy 1: Blue_2(Clone) (UnityEngine.GameObject) (Card 0) did not match
[06:29:11] Enemy 1: Blue_2(Clone) (UnityEngine.GameObject) (Card 1) did not match
[06:29:11] Enemy 1: Blue_S(Clone) (UnityEngine.GameObject) (Card 2) did not match
[06:29:11] Enemy 1: Played Yellow_1(Clone) (UnityEngine.GameObject) (Card 3)
[06:29:11] Turns: 2
[06:29:11] Top card: Yellow_1(Clone) (UnityEngine.GameObject)
[06:29:11] Top card: Yellow_1(Clone) (CardProperties)
[06:29:11] Enemy 2: Green_S(Clone) (UnityEngine.GameObject) (Card 0) did not match
[06:29:11] Enemy 2: CardW(Clone) (UnityEngine.GameObject) (Card 1) did not match
[06:29:11] Enemy 2: Green_0(Clone) (UnityEngine.GameObject) (Card 2) did not match
[06:29:11] Enemy 2: Played Yellow_1(Clone) (UnityEngine.GameObject) (Card 3)
[06:29:11] Turns: 3
[06:29:11] Top card: Yellow_1(Clone) (UnityEngine.GameObject)
[06:29:11] Top card: Yellow_1(Clone) (CardProperties)
[06:29:11] Enemy 3: Played Yellow_4(Clone) (UnityEngine.GameObject) (Card 0)
[06:29:11] Turns: 0
[06:29:11] Player: Played Red_2
[06:29:11] Player: Played Red_2(Clone) (UnityEngine.GameObject)
[06:29:11] Turns: 1
[06:29:11] Turns: 1
[06:29:11] Top card: Red_2(Clone) (UnityEngine.GameObject)
[06:29:11] Top card: Red_2(Clone) (CardProperties)
[06:29:11] Enemy 1: Played Blue_2(Clone) (UnityEngine.GameObject) (Card 0)
[06:29:11] Turns: 2
[06:29:11] Top card: Blue_2(Clone) (UnityEngine.GameObject)
[06:29:11] Top card: Blue_2(Clone) (CardProperties)
[06:29:11] Enemy 2: Green_S(Clone) (UnityEngine.GameObject) (Card 0) did not match
[06:29:11] Enemy 2: CardW(Clone) (UnityEngine.GameObject) (Card 1) did not match
[06:29:11] Enemy 2: Green_0(Clone) (UnityEngine.GameObject) (Card 2) did not match
[06:29:11] HasFoundMatch = False
[06:29:11] Top Deck Card:Green_S(Clone) (UnityEngine.GameObject)
[06:29:11] Enemy 2: Drew Green_S(Clone) (UnityEngine.GameObject)
[06:29:11] Enemy 2: Drew 1 cards
[06:29:11] Turns: 3
[06:29:11] Top card: Blue_2(Clone) (UnityEngine.GameObject)
[06:29:11] Top card: Blue_2(Clone) (CardProperties)
[06:29:11] Enemy 3: Red_7(Clone) (UnityEngine.GameObject) (Card 0) did not match
[06:29:11] Enemy 3: CardW4(Clone) (UnityEngine.GameObject) (Card 1) did not match
[06:29:11] Enemy 3: Green_5(Clone) (UnityEngine.GameObject) (Card 2) did not match
[06:29:11] Enemy 3: CardW(Clone) (UnityEngine.GameObject) (Card 3) did not match
[06:29:11] HasFoundMatch = False
[06:29:11] Top Deck Card:Green_S(Clone) (UnityEngine.GameObject)
[06:29:11] Enemy 3: Drew Green_S(Clone) (UnityEngine.GameObject)
[06:29:11] Enemy 3: Drew 1 cards
[06:29:11] Turns: 0
[06:29:11] Player: Played Red_R
[06:29:11] Player: Played Red_R(Clone) (UnityEngine.GameObject)
[06:29:11] Turns: 3
[06:29:11] Turns: 3
[06:29:11] Top card: Red_R(Clone) (UnityEngine.GameObject)
[06:29:11] Top card: Red_R(Clone) (CardProperties)
[06:29:11] Enemy 3: Played Red_7(Clone) (UnityEngine.GameObject) (Card 0)
[06:29:11] Turns: 2
[06:29:11] Top card: Red_7(Clone) (UnityEngine.GameObject)
[06:29:11] Top card: Red_7(Clone) (CardProperties)
[06:29:11] Enemy 2: Green_S(Clone) (UnityEngine.GameObject) (Card 0) did not match
[06:29:11] Enemy 2: CardW(Clone) (UnityEngine.GameObject) (Card 1) did not match
[06:29:11] Enemy 2: Green_0(Clone) (UnityEngine.GameObject) (Card 2) did not match
[06:29:11] Enemy 2: Green_S(Clone) (UnityEngine.GameObject) (Card 3) did not match
[06:29:11] HasFoundMatch = False
[06:29:11] Top Deck Card:Blue_D(Clone) (UnityEngine.GameObject)
[06:29:11] Enemy 2: Drew Blue_D(Clone) (UnityEngine.GameObject)
[06:29:11] Enemy 2: Drew 1 cards
[06:29:11] Turns: 1
[06:29:11] Top card: Red_7(Clone) (UnityEngine.GameObject)
[06:29:11] Top card: Red_7(Clone) (CardProperties)
[06:29:11] Enemy 1: Blue_2(Clone) (UnityEngine.GameObject) (Card 0) did not match
[06:29:11] Enemy 1: Blue_S(Clone) (UnityEngine.GameObject) (Card 1) did not match
[06:29:11] HasFoundMatch = False
[06:29:11] Top Deck Card:Blue_D(Clone) (UnityEngine.GameObject)
[06:29:11] Enemy 1: Drew Blue_D(Clone) (UnityEngine.GameObject)
[06:29:11] Enemy 1: Drew 1 cards
[06:29:11] Turns: 0
[06:29:11] Player: Played Red_5
[06:29:11] Player: Played Red_5(Clone) (UnityEngine.GameObject)
[06:29:11] Turns: 3
[06:29:11] Turns: 3
[06:29:11] Top card: Red_5(Clone) (UnityEngine.GameObject)
[06:29:11] Top card: Red_5(Clone) (CardProperties)
[06:29:11] Enemy 3: CardW4(Clone) (UnityEngine.GameObject) (Card 0) did not match
[06:29:11] Enemy 3: Played Green_5(Clone) (UnityEngine.GameObject) (Card 1)
[06:29:11] Turns: 2
[06:29:11] Top card: Green_5(Clone) (UnityEngine.GameObject)
[06:29:11] Top card: Green_5(Clone) (CardProperties)
[06:29:11] Enemy 2: Played Green_S(Clone) (UnityEngine.GameObject) (Card 0)
[06:29:11] Turns: 1
[06:29:11] Top card: Green_S(Clone) (UnityEngine.GameObject)
[06:29:11] Skipped Enemy 1
[06:29:11] Top card: Green_S(Clone) (UnityEngine.GameObject)
[06:29:11] Top card: Green_S(Clone) (CardProperties)
[06:29:11] Enemy 2: Played Green_S(Clone) (UnityEngine.GameObject) (Card 0)
[06:29:11] Turns: 1
[06:29:11] Top card: Green_S(Clone) (UnityEngine.GameObject)
[06:29:11] Top card: Green_S(Clone) (CardProperties)
[06:29:11] Enemy 1: Blue_2(Clone) (UnityEngine.GameObject) (Card 0) did not match
[06:29:11] Enemy 1: Blue_S(Clone) (UnityEngine.GameObject) (Card 1) did not match
[06:29:11] Enemy 1: Blue_D(Clone) (UnityEngine.GameObject) (Card 2) did not match
[06:29:11] HasFoundMatch = False
[06:29:11] Top Deck Card:Red_8(Clone) (UnityEngine.GameObject)
[06:29:11] Enemy 1: Drew Red_8(Clone) (UnityEngine.GameObject)
[06:29:11] Enemy 1: Drew 1 cards
[06:29:11] Turns: 0
