[07:26:04] Player received: Blue_D(Clone)
[07:26:04] Enemy1 received: Blue_3(Clone)
[07:26:04] Enemy2 received: Green_D(Clone)
[07:26:04] Enemy3 received: Green_R(Clone)
[07:26:04] Player received: Red_9(Clone)
[07:26:04] Enemy1 received: Yellow_D(Clone)
[07:26:04] Enemy2 received: Red_5(Clone)
[07:26:04] Enemy3 received: Blue_5(Clone)
[07:26:04] Player received: Red_D(Clone)
[07:26:04] Enemy1 received: Blue_2(Clone)
[07:26:04] Enemy2 received: Red_1(Clone)
[07:26:04] Enemy3 received: Yellow_D(Clone)
[07:26:04] Player received: Green_8(Clone)
[07:26:04] Enemy1 received: Green_9(Clone)
[07:26:04] Enemy2 received: Yellow_R(Clone)
[07:26:04] Enemy3 received: Green_9(Clone)
[07:26:04] Player received: CardW(Clone)
[07:26:04] Enemy1 received: Blue_9(Clone)
[07:26:04] Enemy2 received: Blue_S(Clone)
[07:26:04] Enemy3 received: CardW4(Clone)
[07:26:04] Player received: Green_S(Clone)
[07:26:04] Enemy1 received: Yellow_2(Clone)
[07:26:04] Enemy2 received: Blue_7(Clone)
[07:26:04] Enemy3 received: Blue_D(Clone)
[07:26:04] Player received: Yellow_6(Clone)
[07:26:04] Enemy1 received: Green_7(Clone)
[07:26:04] Enemy2 received: Red_D(Clone)
[07:26:04] Enemy3 received: Blue_4(Clone)
[07:26:04] DiscardPile received: Green_7(Clone)
[07:26:04] Dealt cards
[07:26:04] Player: Played Green_S
[07:26:04] Turns: 1
[07:26:04] Top card: Green_S(Clone) (UnityEngine.GameObject)
[07:26:04] Turns: 2
[07:26:04] Top card: Green_S(Clone) (UnityEngine.GameObject)
[07:26:04] Green_D(Clone) (UnityEngine.GameObject) was added to PlayableCards
[07:26:04] Blue_S(Clone) (UnityEngine.GameObject) was added to PlayableCards
[07:26:04] Enemy 2: Played Green_D(Clone)
[07:26:04] HasPlayableCard = true
[07:26:04] Turns: 3
[07:26:04] Top card: Green_D(Clone) (UnityEngine.GameObject)
[07:26:04] Top Deck Card:Blue_8(Clone) (UnityEngine.GameObject)
[07:26:04] Enemy 3: Drew Blue_8(Clone) (UnityEngine.GameObject)
[07:26:04] Top Deck Card:Red_2(Clone) (UnityEngine.GameObject)
[07:26:04] Enemy 3: Drew Red_2(Clone) (UnityEngine.GameObject)
[07:26:04] Enemy 3: Drew 2 cards
[07:26:04] Turns: 0
