[04:31:24] Player received: CardW4(Clone)
[04:31:24] Enemy1 received: Yellow_D(Clone)
[04:31:24] Enemy2 received: Red_2(Clone)
[04:31:24] Enemy3 received: Blue_3(Clone)
[04:31:24] Player received: Yellow_2(Clone)
[04:31:24] Enemy1 received: Red_5(Clone)
[04:31:24] Enemy2 received: Green_0(Clone)
[04:31:24] Enemy3 received: Blue_R(Clone)
[04:31:24] Player received: Red_8(Clone)
[04:31:24] Enemy1 received: CardW(Clone)
[04:31:24] Enemy2 received: Red_2(Clone)
[04:31:24] Enemy3 received: Red_D(Clone)
[04:31:24] Player received: CardW4(Clone)
[04:31:24] Enemy1 received: Yellow_D(Clone)
[04:31:24] Enemy2 received: Blue_7(Clone)
[04:31:24] Enemy3 received: Blue_S(Clone)
[04:31:24] Player received: Blue_2(Clone)
[04:31:24] Enemy1 received: Green_9(Clone)
[04:31:24] Enemy2 received: Green_3(Clone)
[04:31:24] Enemy3 received: Yellow_R(Clone)
[04:31:24] Player received: Green_S(Clone)
[04:31:24] Enemy1 received: Blue_S(Clone)
[04:31:24] Enemy2 received: Yellow_R(Clone)
[04:31:24] Enemy3 received: Blue_9(Clone)
[04:31:24] Player received: Yellow_6(Clone)
[04:31:24] Enemy1 received: Red_4(Clone)
[04:31:24] Enemy2 received: Red_D(Clone)
[04:31:24] Enemy3 received: Yellow_S(Clone)
[04:31:24] DiscardPile received: Green_4(Clone)
[04:31:24] Dealt cards
[04:31:24] Player: Played Green_S
[04:31:24] Turns: 1
[04:31:24] Top card: Green_S(Clone) (UnityEngine.GameObject)
[04:31:24] Turns: 2
[04:31:24] Top card: Green_S(Clone) (UnityEngine.GameObject)
[04:31:24] Green_0(Clone) (UnityEngine.GameObject) was added to PlayableCards
[04:31:24] Green_3(Clone) (UnityEngine.GameObject) was added to PlayableCards
[04:31:24] Enemy 2: Played Green_0(Clone)
[04:31:24] HasPlayableCard = true
[04:31:24] Turns: 3
[04:31:24] Top card: Green_0(Clone) (UnityEngine.GameObject)
[04:31:24] HasPlayableCard = false
[04:31:24] Top Deck Card:Green_D(Clone) (UnityEngine.GameObject)
[04:31:24] Enemy 3: Drew Green_D(Clone) (UnityEngine.GameObject)
[04:31:24] Enemy 3: Drew 1 cards
[04:31:24] Turns: 0
