[05:45:05] Top card: 
[05:45:05] Delt cards
[05:45:05] Player: Played CardW4
[05:45:05] Player: Played CardW4(Clone) (UnityEngine.GameObject)
[05:45:05] Wild Menu shown
[05:45:05] Turns: 1
[05:45:05] Turns: 1
[05:45:05] Wild Menu hidden
[05:45:05] Top card: CardW4(Clone) (UnityEngine.GameObject)
[05:45:05] Top Deck Card:Green_D(Clone) (UnityEngine.GameObject)
[05:45:05] Enemy 1: Drew Green_D(Clone) (UnityEngine.GameObject)
[05:45:05] Top Deck Card:Green_D(Clone) (UnityEngine.GameObject)
[05:45:05] Enemy 1: Drew Green_D(Clone) (UnityEngine.GameObject)
[05:45:05] Top Deck Card:Green_D(Clone) (UnityEngine.GameObject)
[05:45:05] Enemy 1: Drew Green_D(Clone) (UnityEngine.GameObject)
[05:45:05] Top Deck Card:Green_D(Clone) (UnityEngine.GameObject)
[05:45:05] Enemy 1: Drew Green_D(Clone) (UnityEngine.GameObject)
[05:45:05] Enemy 1: Drew 4 cards
[05:45:05] Skipped Enemy 1
[05:45:05] Top card: CardW4(Clone) (UnityEngine.GameObject)
[05:45:05] Top card: CardW4(Clone) (CardProperties)
[05:45:05] Enemy 2: Played Green_9(Clone) (UnityEngine.GameObject) (Card 0)
[05:45:05] Turns: 3
[05:45:05] Top card: Green_9(Clone) (UnityEngine.GameObject)
[05:45:05] Top card: Green_9(Clone) (CardProperties)
[05:45:05] Enemy 3: Blue_4(Clone) (UnityEngine.GameObject) (Card 0) did not match
[05:45:05] Enemy 3: Blue_8(Clone) (UnityEngine.GameObject) (Card 1) did not match
[05:45:05] Enemy 3: CardW4(Clone) (UnityEngine.GameObject) (Card 2) did not match
[05:45:05] Enemy 3: CardW(Clone) (UnityEngine.GameObject) (Card 3) did not match
[05:45:05] Enemy 3: Played Green_R(Clone) (UnityEngine.GameObject) (Card 4)
[05:45:05] Top card: Green_R(Clone) (CardProperties)
[05:45:05] Enemy 3: Blue_4(Clone) (UnityEngine.GameObject) (Card 0) did not match
[05:45:05] Enemy 3: Blue_8(Clone) (UnityEngine.GameObject) (Card 1) did not match
[05:45:05] Enemy 3: CardW4(Clone) (UnityEngine.GameObject) (Card 2) did not match
[05:45:05] Enemy 3: CardW(Clone) (UnityEngine.GameObject) (Card 3) did not match
[05:45:05] Enemy 3: Played Green_R(Clone) (UnityEngine.GameObject) (Card 4)
[05:45:05] Turns: 2
[05:45:05] IsReversed: True
[05:45:05] Turns: 1
[05:45:05] Top card: Green_R(Clone) (UnityEngine.GameObject)
[05:45:05] Top card: Green_R(Clone) (CardProperties)
[05:45:05] Enemy 1: Red_8(Clone) (UnityEngine.GameObject) (Card 0) did not match
[05:45:05] Enemy 1: Played Green_7(Clone) (UnityEngine.GameObject) (Card 1)
[05:45:05] Turns: 0
