[02:25:38] Top card: 
[02:25:38] Top card: Yellow_8(Clone) (UnityEngine.GameObject)
[02:25:38] Top card: Yellow_8(Clone) (UnityEngine.GameObject)
[02:25:38] Top card: Yellow_8(Clone) (UnityEngine.GameObject)
[02:25:38] Top card: Yellow_8(Clone) (UnityEngine.GameObject)
[02:25:38] Top card: Yellow_8(Clone) (UnityEngine.GameObject)
[02:25:38] Top card: Yellow_8(Clone) (UnityEngine.GameObject)
[02:25:38] Top card: Yellow_8(Clone) (UnityEngine.GameObject)
[02:25:38] Top card: Yellow_8(Clone) (UnityEngine.GameObject)
[02:25:38] Top card: Yellow_8(Clone) (UnityEngine.GameObject)
[02:25:38] Top card: Yellow_8(Clone) (UnityEngine.GameObject)
[02:25:38] Top card: Yellow_8(Clone) (UnityEngine.GameObject)
[02:25:38] Top card: Yellow_8(Clone) (UnityEngine.GameObject)
[02:25:38] Top card: Yellow_8(Clone) (UnityEngine.GameObject)
[02:25:38] Top card: Yellow_8(Clone) (UnityEngine.GameObject)
[02:25:38] Top card: Yellow_8(Clone) (UnityEngine.GameObject)
[02:25:38] Top card: Yellow_8(Clone) (UnityEngine.GameObject)
[02:25:38] Top card: Yellow_8(Clone) (UnityEngine.GameObject)
[02:25:38] Top card: Yellow_8(Clone) (UnityEngine.GameObject)
[02:25:38] Top card: Yellow_8(Clone) (UnityEngine.GameObject)
[02:25:38] Top card: Yellow_8(Clone) (UnityEngine.GameObject)
[02:25:38] Top card: Yellow_8(Clone) (UnityEngine.GameObject)
[02:25:38] Top card: Yellow_8(Clone) (UnityEngine.GameObject)
[02:25:38] Top card: Yellow_8(Clone) (UnityEngine.GameObject)
[02:25:38] Top card: Yellow_8(Clone) (UnityEngine.GameObject)
[02:25:38] Top card: Yellow_8(Clone) (UnityEngine.GameObject)
[02:25:38] Top card: Yellow_8(Clone) (UnityEngine.GameObject)
[02:25:38] Top card: Yellow_8(Clone) (UnityEngine.GameObject)
[02:25:38] Top card: Yellow_8(Clone) (UnityEngine.GameObject)
[03:02:01] Top card: 
[03:02:01] Delt cards
[03:02:01] Top card: Red_2(Clone) (UnityEngine.GameObject)
[03:02:01] Top card: Red_2(Clone) (UnityEngine.GameObject)
[03:02:01] Top card: Red_2(Clone) (UnityEngine.GameObject)
[03:02:01] Top card: Red_2(Clone) (UnityEngine.GameObject)
[03:02:01] Top card: Red_2(Clone) (UnityEngine.GameObject)
[03:02:01] Top card: Red_2(Clone) (UnityEngine.GameObject)
[03:02:01] Top card: Red_2(Clone) (UnityEngine.GameObject)
[03:02:01] Top card: Red_2(Clone) (UnityEngine.GameObject)
[03:02:01] Top card: Red_2(Clone) (UnityEngine.GameObject)
[03:02:01] Top card: Red_2(Clone) (UnityEngine.GameObject)
[03:02:01] Top card: Red_2(Clone) (UnityEngine.GameObject)
[03:02:01] Top card: Red_2(Clone) (UnityEngine.GameObject)
[03:02:01] Top card: Red_2(Clone) (UnityEngine.GameObject)
[03:02:01] Top card: Red_2(Clone) (UnityEngine.GameObject)
[03:02:01] Top card: Red_2(Clone) (UnityEngine.GameObject)
[03:02:01] Top card: Red_2(Clone) (UnityEngine.GameObject)
[03:02:01] Top card: Red_2(Clone) (UnityEngine.GameObject)
[03:02:01] Top card: Red_2(Clone) (UnityEngine.GameObject)
[03:02:01] Top card: Red_2(Clone) (UnityEngine.GameObject)
[03:02:01] Top card: Red_2(Clone) (UnityEngine.GameObject)
[03:02:01] Top card: Red_2(Clone) (UnityEngine.GameObject)
[03:02:01] Top card: Red_2(Clone) (UnityEngine.GameObject)
[03:02:01] Top card: Red_2(Clone) (UnityEngine.GameObject)
[03:02:01] Top card: Red_2(Clone) (UnityEngine.GameObject)
[03:02:01] Top card: Red_2(Clone) (UnityEngine.GameObject)
[03:02:01] Top card: Red_2(Clone) (UnityEngine.GameObject)
[03:02:01] Top card: Red_2(Clone) (UnityEngine.GameObject)
[03:02:01] Top card: Red_2(Clone) (UnityEngine.GameObject)
[03:02:01] Player: played card
[03:02:01] Turns: 1
[03:02:01] DiscardCounter: 1
[03:02:01] Top card: Green_S(Clone) (UnityEngine.GameObject)
[03:02:01] Skipped Enemy 1
[03:02:01] Skipped Enemy 2
[03:02:01] Skipped Enemy 3
[03:15:00] Top card: 
[03:15:00] Delt cards
[03:15:00] Top card: Yellow_D(Clone) (UnityEngine.GameObject)
[03:15:00] Top card: Yellow_D(Clone) (UnityEngine.GameObject)
[03:15:00] Top card: Yellow_D(Clone) (UnityEngine.GameObject)
[03:15:00] Top card: Yellow_D(Clone) (UnityEngine.GameObject)
[03:15:00] Top card: Yellow_D(Clone) (UnityEngine.GameObject)
[03:15:00] Top card: Yellow_D(Clone) (UnityEngine.GameObject)
[03:15:00] Top card: Yellow_D(Clone) (UnityEngine.GameObject)
[03:15:00] Top card: Yellow_D(Clone) (UnityEngine.GameObject)
[03:15:00] Top card: Yellow_D(Clone) (UnityEngine.GameObject)
[03:15:00] Top card: Yellow_D(Clone) (UnityEngine.GameObject)
[03:15:00] Top card: Yellow_D(Clone) (UnityEngine.GameObject)
[03:15:00] Top card: Yellow_D(Clone) (UnityEngine.GameObject)
[03:15:00] Top card: Yellow_D(Clone) (UnityEngine.GameObject)
[03:15:00] Top card: Yellow_D(Clone) (UnityEngine.GameObject)
[03:15:00] Top card: Yellow_D(Clone) (UnityEngine.GameObject)
[03:15:00] Top card: Yellow_D(Clone) (UnityEngine.GameObject)
[03:15:00] Top card: Yellow_D(Clone) (UnityEngine.GameObject)
[03:15:00] Top card: Yellow_D(Clone) (UnityEngine.GameObject)
[03:15:00] Top card: Yellow_D(Clone) (UnityEngine.GameObject)
[03:15:00] Top card: Yellow_D(Clone) (UnityEngine.GameObject)
[03:15:00] Top card: Yellow_D(Clone) (UnityEngine.GameObject)
[03:15:00] Top card: Yellow_D(Clone) (UnityEngine.GameObject)
[03:15:00] Top card: Yellow_D(Clone) (UnityEngine.GameObject)
[03:15:00] Top card: Yellow_D(Clone) (UnityEngine.GameObject)
[03:15:00] Top card: Yellow_D(Clone) (UnityEngine.GameObject)
[03:15:00] Top card: Yellow_D(Clone) (UnityEngine.GameObject)
[03:15:00] Top card: Yellow_D(Clone) (UnityEngine.GameObject)
[03:15:00] Top card: Yellow_D(Clone) (UnityEngine.GameObject)
[03:15:00] Player: played card
[03:15:00] Turns: 1
[03:15:00] DiscardCounter: 1
[03:15:00] Top card: Blue_S(Clone) (UnityEngine.GameObject)
[03:15:00] Skipped Enemy 1
[03:15:00] Skipped Enemy 2
[03:15:00] Skipped Enemy 3
