[04:47:28] Player received: CardW(Clone)
[04:47:28] Enemy1 received: Green_8(Clone)
[04:47:28] Enemy2 received: CardW4(Clone)
[04:47:28] Enemy3 received: Yellow_8(Clone)
[04:47:28] Player received: Red_4(Clone)
[04:47:28] Enemy1 received: Yellow_9(Clone)
[04:47:28] Enemy2 received: Blue_4(Clone)
[04:47:28] Enemy3 received: Blue_D(Clone)
[04:47:28] Player received: Red_4(Clone)
[04:47:28] Enemy1 received: Blue_D(Clone)
[04:47:28] Enemy2 received: CardW(Clone)
[04:47:28] Enemy3 received: Yellow_4(Clone)
[04:47:28] Player received: Red_5(Clone)
[04:47:28] Enemy1 received: Green_R(Clone)
[04:47:28] Enemy2 received: Blue_8(Clone)
[04:47:28] Enemy3 received: Yellow_D(Clone)
[04:47:28] Player received: Green_D(Clone)
[04:47:28] Enemy1 received: Blue_S(Clone)
[04:47:28] Enemy2 received: Blue_5(Clone)
[04:47:28] Enemy3 received: Blue_S(Clone)
[04:47:28] Player received: Blue_D(Clone)
[04:47:28] Enemy1 received: CardW(Clone)
[04:47:28] Enemy2 received: Yellow_D(Clone)
[04:47:28] Enemy3 received: Yellow_1(Clone)
[04:47:28] Player received: Yellow_0(Clone)
[04:47:28] Enemy1 received: CardW4(Clone)
[04:47:28] Enemy2 received: Green_D(Clone)
[04:47:28] Enemy3 received: Red_R(Clone)
[04:47:28] DiscardPile received: Green_6(Clone)
[04:47:28] Dealt cards
[04:47:28] Player: Played Green_D
[04:47:28] Turns: 1
[04:47:28] Top card: Green_D(Clone) (UnityEngine.GameObject)
[04:47:28] Top Deck Card:Yellow_5(Clone) (UnityEngine.GameObject)
[04:47:28] Enemy 1: Drew Yellow_5(Clone) (UnityEngine.GameObject)
[04:47:28] Top Deck Card:Blue_R(Clone) (UnityEngine.GameObject)
[04:47:28] Enemy 1: Drew Blue_R(Clone) (UnityEngine.GameObject)
[04:47:28] Enemy 1: Drew 2 cards
[04:47:28] Turns: 2
[04:47:28] Top card: Green_D(Clone) (UnityEngine.GameObject)
[04:47:28] CardW4(Clone) (UnityEngine.GameObject) was added to PlayableCards
[04:47:28] CardW(Clone) (UnityEngine.GameObject) was added to PlayableCards
[04:47:28] Yellow_D(Clone) (UnityEngine.GameObject) was added to PlayableCards
[04:47:28] Green_D(Clone) (UnityEngine.GameObject) was added to PlayableCards
[04:47:28] Enemy 2: Played Yellow_D(Clone)
[04:47:28] HasPlayableCard = true
[04:47:28] Turns: 3
[04:47:28] Top card: Yellow_D(Clone) (UnityEngine.GameObject)
[04:47:28] Top Deck Card:Yellow_6(Clone) (UnityEngine.GameObject)
[04:47:28] Enemy 3: Drew Yellow_6(Clone) (UnityEngine.GameObject)
[04:47:28] Top Deck Card:Blue_S(Clone) (UnityEngine.GameObject)
[04:47:28] Enemy 3: Drew Blue_S(Clone) (UnityEngine.GameObject)
[04:47:28] Enemy 3: Drew 2 cards
[04:47:28] Turns: 0
[04:47:28] Player: Played Yellow_0
[04:47:28] Turns: 1
[04:47:28] Top card: Yellow_0(Clone) (UnityEngine.GameObject)
[04:47:28] Yellow_9(Clone) (UnityEngine.GameObject) was added to PlayableCards
[04:47:28] CardW(Clone) (UnityEngine.GameObject) was added to PlayableCards
[04:47:28] CardW4(Clone) (UnityEngine.GameObject) was added to PlayableCards
[04:47:28] Yellow_5(Clone) (UnityEngine.GameObject) was added to PlayableCards
[04:47:28] Enemy 1: Played Yellow_9(Clone)
[04:47:28] HasPlayableCard = true
[04:47:28] Removed Green_D(Clone) (UnityEngine.GameObject)
[04:47:28] Turns: 2
[04:47:28] Top card: Yellow_9(Clone) (UnityEngine.GameObject)
[04:47:28] CardW4(Clone) (UnityEngine.GameObject) was added to PlayableCards
[04:47:28] CardW(Clone) (UnityEngine.GameObject) was added to PlayableCards
[04:47:28] Enemy 2: Played CardW(Clone)
[04:47:28] redCards: 0
[04:47:28] yellowCards: 0
[04:47:28] greenCards: 1
[04:47:28] blueCards: 3
[04:47:28] Largest number among 0, 0, 1 and 3 is 3
[04:47:28] Largest number among 0, 0, 1 and 3 is 3
[04:47:28] Largest number among 0, 0, 1 and 3 is 3
[04:47:28] Largest number among 0, 0, 1 and 3 is 3
[04:47:28] wild color set to blue
[04:47:28] HasPlayableCard = true
[04:47:28] Removed Yellow_D(Clone) (UnityEngine.GameObject)
[04:47:28] Turns: 3
[04:47:28] Top card: CardW(Clone) (UnityEngine.GameObject)
[04:47:28] Blue_D(Clone) (UnityEngine.GameObject) was added to PlayableCards
[04:47:28] Blue_S(Clone) (UnityEngine.GameObject) was added to PlayableCards
[04:47:28] Blue_S(Clone) (UnityEngine.GameObject) was added to PlayableCards
[04:47:28] Enemy 3: Played Blue_D(Clone)
[04:47:28] HasPlayableCard = true
[04:47:28] Removed Yellow_0(Clone) (UnityEngine.GameObject)
[04:47:28] Turns: 0
[04:47:28] Hello from PlayerManager.Draw2
[04:47:28] Top Deck Card:Red_5(Clone) (UnityEngine.GameObject)
[04:47:28] Player: Drew Red_5(Clone) (UnityEngine.GameObject)
[04:47:28] Top Deck Card:CardW(Clone) (UnityEngine.GameObject)
[04:47:28] Player: Drew CardW(Clone) (UnityEngine.GameObject)
[04:47:28] Player: Drew 2 cards
[04:47:28] Turns: 1
[04:47:28] Top card: Blue_D(Clone) (UnityEngine.GameObject)
[04:47:28] Blue_D(Clone) (UnityEngine.GameObject) was added to PlayableCards
[04:47:28] Blue_S(Clone) (UnityEngine.GameObject) was added to PlayableCards
[04:47:28] CardW(Clone) (UnityEngine.GameObject) was added to PlayableCards
[04:47:28] CardW4(Clone) (UnityEngine.GameObject) was added to PlayableCards
[04:47:28] Blue_R(Clone) (UnityEngine.GameObject) was added to PlayableCards
[04:47:28] Enemy 1: Played Blue_D(Clone)
[04:47:28] HasPlayableCard = true
[04:47:28] Removed Yellow_9(Clone) (UnityEngine.GameObject)
[04:47:28] Turns: 2
[04:47:28] Top card: Blue_D(Clone) (UnityEngine.GameObject)
[04:47:28] Top Deck Card:Green_6(Clone) (UnityEngine.GameObject)
[04:47:28] Enemy 2: Drew Green_6(Clone) (UnityEngine.GameObject)
[04:47:28] Top Deck Card:Blue_D(Clone) (UnityEngine.GameObject)
[04:47:28] Enemy 2: Drew Blue_D(Clone) (UnityEngine.GameObject)
[04:47:28] Enemy 2: Drew 2 cards
[04:47:28] Turns: 3
[04:47:28] Top card: Blue_D(Clone) (UnityEngine.GameObject)
[04:47:28] Yellow_D(Clone) (UnityEngine.GameObject) was added to PlayableCards
[04:47:28] Blue_S(Clone) (UnityEngine.GameObject) was added to PlayableCards
[04:47:28] Blue_S(Clone) (UnityEngine.GameObject) was added to PlayableCards
[04:47:28] Enemy 3: Played Yellow_D(Clone)
[04:47:28] HasPlayableCard = true
[04:47:28] Removed CardW(Clone) (UnityEngine.GameObject)
[04:47:28] Turns: 0
[04:47:28] Hello from PlayerManager.Draw2
[04:47:28] Top Deck Card:Red_6(Clone) (UnityEngine.GameObject)
[04:47:28] Player: Drew Red_6(Clone) (UnityEngine.GameObject)
[04:47:28] Top Deck Card:Yellow_3(Clone) (UnityEngine.GameObject)
[04:47:28] Player: Drew Yellow_3(Clone) (UnityEngine.GameObject)
[04:47:28] Player: Drew 2 cards
[04:47:28] Turns: 1
[04:47:28] Top card: Yellow_D(Clone) (UnityEngine.GameObject)
[04:47:28] CardW(Clone) (UnityEngine.GameObject) was added to PlayableCards
[04:47:28] CardW4(Clone) (UnityEngine.GameObject) was added to PlayableCards
[04:47:28] Yellow_5(Clone) (UnityEngine.GameObject) was added to PlayableCards
[04:47:28] Enemy 1: Played Yellow_5(Clone)
[04:47:28] HasPlayableCard = true
[04:47:28] Removed Blue_D(Clone) (UnityEngine.GameObject)
[04:47:28] Turns: 2
[04:47:28] Top card: Yellow_5(Clone) (UnityEngine.GameObject)
[04:47:28] CardW4(Clone) (UnityEngine.GameObject) was added to PlayableCards
[04:47:28] Blue_5(Clone) (UnityEngine.GameObject) was added to PlayableCards
[04:47:28] Enemy 2: Played Blue_5(Clone)
[04:47:28] HasPlayableCard = true
[04:47:28] Removed Blue_D(Clone) (UnityEngine.GameObject)
[04:47:28] Turns: 3
[04:47:28] Top card: Blue_5(Clone) (UnityEngine.GameObject)
[04:47:28] Blue_S(Clone) (UnityEngine.GameObject) was added to PlayableCards
[04:47:28] Blue_S(Clone) (UnityEngine.GameObject) was added to PlayableCards
[04:47:28] Enemy 3: Played Blue_S(Clone)
[04:47:28] HasPlayableCard = true
[04:47:28] Removed Yellow_D(Clone) (UnityEngine.GameObject)
[04:47:28] Turns: 0
[04:47:28] Hello from PlayerManager.Skip
[04:47:28] Turns: 1
[04:47:28] Top card: Blue_S(Clone) (UnityEngine.GameObject)
[04:47:28] Blue_S(Clone) (UnityEngine.GameObject) was added to PlayableCards
[04:47:28] CardW(Clone) (UnityEngine.GameObject) was added to PlayableCards
[04:47:28] CardW4(Clone) (UnityEngine.GameObject) was added to PlayableCards
[04:47:28] Blue_R(Clone) (UnityEngine.GameObject) was added to PlayableCards
[04:47:28] Enemy 1: Played Blue_S(Clone)
[04:47:28] HasPlayableCard = true
[04:47:28] Removed Yellow_5(Clone) (UnityEngine.GameObject)
[04:47:28] Turns: 2
[04:47:28] Top card: Blue_S(Clone) (UnityEngine.GameObject)
[04:47:28] Turns: 3
[04:47:28] Top card: Blue_S(Clone) (UnityEngine.GameObject)
[04:47:28] Blue_S(Clone) (UnityEngine.GameObject) was added to PlayableCards
[04:47:28] Enemy 3: Played Blue_S(Clone)
[04:47:28] HasPlayableCard = true
[04:47:28] Removed Blue_5(Clone) (UnityEngine.GameObject)
[04:47:28] Turns: 0
[04:47:28] Hello from PlayerManager.Skip
