[03:37:38] Top card: 
[03:37:38] Delt cards
[03:37:38] Top card: Green_D(Clone) (UnityEngine.GameObject)
[03:37:38] Top card: Green_D(Clone) (UnityEngine.GameObject)
[03:37:38] Top card: Green_D(Clone) (UnityEngine.GameObject)
[03:37:38] Top card: Green_D(Clone) (UnityEngine.GameObject)
[03:37:38] Top card: Green_D(Clone) (UnityEngine.GameObject)
[03:37:38] Top card: Green_D(Clone) (UnityEngine.GameObject)
[03:37:38] Top card: Green_D(Clone) (UnityEngine.GameObject)
[03:37:38] Top card: Green_D(Clone) (UnityEngine.GameObject)
[03:37:38] Top card: Green_D(Clone) (UnityEngine.GameObject)
[03:37:38] Top card: Green_D(Clone) (UnityEngine.GameObject)
[03:37:38] Top card: Green_D(Clone) (UnityEngine.GameObject)
[03:37:38] Top card: Green_D(Clone) (UnityEngine.GameObject)
[03:37:38] Top card: Green_D(Clone) (UnityEngine.GameObject)
[03:37:38] Top card: Green_D(Clone) (UnityEngine.GameObject)
[03:37:38] Top card: Green_D(Clone) (UnityEngine.GameObject)
[03:37:38] Top card: Green_D(Clone) (UnityEngine.GameObject)
[03:37:38] Top card: Green_D(Clone) (UnityEngine.GameObject)
[03:37:38] Top card: Green_D(Clone) (UnityEngine.GameObject)
[03:37:38] Top card: Green_D(Clone) (UnityEngine.GameObject)
[03:37:38] Top card: Green_D(Clone) (UnityEngine.GameObject)
[03:37:38] Top card: Green_D(Clone) (UnityEngine.GameObject)
[03:37:38] Top card: Green_D(Clone) (UnityEngine.GameObject)
[03:37:38] Top card: Green_D(Clone) (UnityEngine.GameObject)
[03:37:38] Top card: Green_D(Clone) (UnityEngine.GameObject)
[03:37:38] Top card: Green_D(Clone) (UnityEngine.GameObject)
[03:37:38] Top card: Green_D(Clone) (UnityEngine.GameObject)
[03:37:38] Top card: Green_D(Clone) (UnityEngine.GameObject)
[03:37:38] Top card: Green_D(Clone) (UnityEngine.GameObject)
[03:37:38] Player: Played Yellow_9(Clone) (UnityEngine.GameObject)
[03:37:38] Turns: 1
[03:37:38] Turns: 1
[03:37:38] Top card: Yellow_9(Clone) (UnityEngine.GameObject)
[03:37:38] Top card: Yellow_9(Clone) (UnityEngine.GameObject)
[03:37:38] Enemy 1: Red_2(Clone) (UnityEngine.GameObject) (Card 0) did not match
[03:37:38] Enemy 1: Blue_4(Clone) (UnityEngine.GameObject) (Card 1) did not match
[03:37:38] Enemy 1: Green_1(Clone) (UnityEngine.GameObject) (Card 2) did not match
[03:37:38] Enemy 1: CardW(Clone) (UnityEngine.GameObject) (Card 3) did not match
[03:37:38] Enemy 1: Red_7(Clone) (UnityEngine.GameObject) (Card 4) did not match
[03:37:38] Enemy 1: Blue_S(Clone) (UnityEngine.GameObject) (Card 5) did not match
[03:37:38] Top Deck Card:Green_5(Clone) (UnityEngine.GameObject)
[03:37:38] Enemy 1: Drew Green_5(Clone) (UnityEngine.GameObject)
[03:37:38] Enemy 1: Drew 1 cards
[03:37:38] Enemy 1: Does not have a match
[03:37:38] Top card: Yellow_9(Clone) (UnityEngine.GameObject)
[03:37:38] Enemy 1: Red_2(Clone) (UnityEngine.GameObject) (Card 0) did not match
[03:37:38] Enemy 1: Blue_4(Clone) (UnityEngine.GameObject) (Card 1) did not match
[03:37:38] Enemy 1: Green_1(Clone) (UnityEngine.GameObject) (Card 2) did not match
[03:37:38] Enemy 1: CardW(Clone) (UnityEngine.GameObject) (Card 3) did not match
[03:37:38] Enemy 1: Red_7(Clone) (UnityEngine.GameObject) (Card 4) did not match
[03:37:38] Enemy 1: Blue_S(Clone) (UnityEngine.GameObject) (Card 5) did not match
[03:37:38] Enemy 1: Blue_1(Clone) (UnityEngine.GameObject) (Card 6) did not match
[03:37:38] Top Deck Card:Green_3(Clone) (UnityEngine.GameObject)
[03:37:38] Enemy 1: Drew Green_3(Clone) (UnityEngine.GameObject)
[03:37:38] Enemy 1: Drew 1 cards
[03:37:38] Enemy 1: Does not have a match
[03:37:38] Top card: Yellow_9(Clone) (UnityEngine.GameObject)
[03:37:38] Enemy 1: Red_2(Clone) (UnityEngine.GameObject) (Card 0) did not match
[03:37:38] Enemy 1: Blue_4(Clone) (UnityEngine.GameObject) (Card 1) did not match
[03:37:38] Enemy 1: Green_1(Clone) (UnityEngine.GameObject) (Card 2) did not match
[03:37:38] Enemy 1: CardW(Clone) (UnityEngine.GameObject) (Card 3) did not match
[03:37:38] Enemy 1: Red_7(Clone) (UnityEngine.GameObject) (Card 4) did not match
[03:37:38] Enemy 1: Blue_S(Clone) (UnityEngine.GameObject) (Card 5) did not match
[03:37:38] Enemy 1: Blue_1(Clone) (UnityEngine.GameObject) (Card 6) did not match
[03:37:38] Enemy 1: Green_5(Clone) (UnityEngine.GameObject) (Card 7) did not match
[03:37:38] Top Deck Card:Red_0(Clone) (UnityEngine.GameObject)
[03:37:38] Enemy 1: Drew Red_0(Clone) (UnityEngine.GameObject)
[03:37:38] Enemy 1: Drew 1 cards
[03:37:38] Enemy 1: Does not have a match
[03:37:38] Top card: Yellow_9(Clone) (UnityEngine.GameObject)
[03:37:38] Enemy 1: Red_2(Clone) (UnityEngine.GameObject) (Card 0) did not match
[03:37:38] Enemy 1: Blue_4(Clone) (UnityEngine.GameObject) (Card 1) did not match
[03:37:38] Enemy 1: Green_1(Clone) (UnityEngine.GameObject) (Card 2) did not match
[03:37:38] Enemy 1: CardW(Clone) (UnityEngine.GameObject) (Card 3) did not match
[03:37:38] Enemy 1: Red_7(Clone) (UnityEngine.GameObject) (Card 4) did not match
[03:37:38] Enemy 1: Blue_S(Clone) (UnityEngine.GameObject) (Card 5) did not match
[03:37:38] Enemy 1: Blue_1(Clone) (UnityEngine.GameObject) (Card 6) did not match
[03:37:38] Enemy 1: Green_5(Clone) (UnityEngine.GameObject) (Card 7) did not match
[03:37:38] Enemy 1: Green_3(Clone) (UnityEngine.GameObject) (Card 8) did not match
[03:37:38] Top Deck Card:Yellow_8(Clone) (UnityEngine.GameObject)
[03:37:38] Enemy 1: Drew Yellow_8(Clone) (UnityEngine.GameObject)
[03:37:38] Enemy 1: Drew 1 cards
[03:37:38] Enemy 1: Does not have a match
[03:37:38] Top card: Yellow_9(Clone) (UnityEngine.GameObject)
[03:37:38] Enemy 1: Red_2(Clone) (UnityEngine.GameObject) (Card 0) did not match
[03:37:38] Enemy 1: Blue_4(Clone) (UnityEngine.GameObject) (Card 1) did not match
[03:37:38] Enemy 1: Green_1(Clone) (UnityEngine.GameObject) (Card 2) did not match
[03:37:38] Enemy 1: CardW(Clone) (UnityEngine.GameObject) (Card 3) did not match
[03:37:38] Enemy 1: Red_7(Clone) (UnityEngine.GameObject) (Card 4) did not match
[03:37:38] Enemy 1: Blue_S(Clone) (UnityEngine.GameObject) (Card 5) did not match
[03:37:38] Enemy 1: Blue_1(Clone) (UnityEngine.GameObject) (Card 6) did not match
[03:37:38] Enemy 1: Green_5(Clone) (UnityEngine.GameObject) (Card 7) did not match
[03:37:38] Enemy 1: Green_3(Clone) (UnityEngine.GameObject) (Card 8) did not match
[03:37:38] Enemy 1: Red_0(Clone) (UnityEngine.GameObject) (Card 9) did not match
[03:37:38] Enemy 1: Played Yellow_8(Clone) (UnityEngine.GameObject) (Card 10)
[03:37:38] Turns: 2
[03:37:38] Turns: 3
[03:37:38] Turns: 4
[03:37:38] Turns: 5
[03:37:38] Turns: 6
[07:08:33] Top card: 
[07:08:33] Delt cards
[07:08:33] Top card: 
[07:08:33] Top card: 
[07:08:33] Top card: 
[07:08:33] Top card: 
[07:08:33] Top card: 
[07:08:33] Top card: 
[07:08:33] Top card: 
[07:08:33] Top card: 
[07:08:33] Top card: 
[07:08:33] Top card: 
[07:08:33] Top card: 
[07:08:33] Top card: 
[07:08:33] Top card: 
[07:08:33] Top card: 
[07:08:33] Top card: 
[07:08:33] Top card: 
[07:08:33] Top card: 
[07:08:33] Top card: 
[07:08:33] Top card: 
[07:08:33] Top card: 
[07:08:33] Player: Played CardW(Clone) (UnityEngine.GameObject)
[07:08:33] Wild Menu shown
[07:08:33] Turns: 1
[07:08:33] Turns: 1
[07:08:33] Top card: CardW(Clone) (UnityEngine.GameObject)
[07:08:33] Top card: CardW(Clone) (UnityEngine.GameObject)
[07:08:33] Enemy 1: CardW4(Clone) (UnityEngine.GameObject) (Card 0) did not match
[07:08:33] Enemy 1: CardW4(Clone) (UnityEngine.GameObject) (Card 1) did not match
[07:08:33] Enemy 1: Played CardW(Clone) (UnityEngine.GameObject) (Card 2)
[07:08:33] Turns: 2
[07:08:33] Top card: CardW(Clone) (UnityEngine.GameObject)
[07:08:33] Top card: CardW(Clone) (UnityEngine.GameObject)
[07:08:33] Enemy 2: Played CardW(Clone) (UnityEngine.GameObject) (Card 0)
[07:08:33] Turns: 3
[07:08:33] Top card: CardW(Clone) (UnityEngine.GameObject)
[07:08:33] Top card: CardW(Clone) (UnityEngine.GameObject)
[07:08:33] Enemy 3: Played CardW(Clone) (UnityEngine.GameObject) (Card 0)
[07:08:33] Turns: 0
