[02:47:48] Top card: 
[03:57:02] Top card: 
[03:57:02] Delt cards
[03:57:02] Player: Played Red_R
[03:57:02] Turns: 3
[03:57:02] Turns: 3
[03:57:02] Top card: Red_R(Clone) (UnityEngine.GameObject)
[03:57:02] Top card: Red_R(Clone) (CardProperties)
[03:57:02] Enemy 3: Yellow_6(Clone) (UnityEngine.GameObject) (Card 0) did not match
[03:57:02] Enemy 3: Played Red_2(Clone) (UnityEngine.GameObject) (Card 1)
[03:57:02] Turns: 2
[03:57:02] Top card: Red_2(Clone) (UnityEngine.GameObject)
[03:57:02] Top card: Red_2(Clone) (CardProperties)
[03:57:02] Enemy 2: Yellow_8(Clone) (UnityEngine.GameObject) (Card 0) did not match
[03:57:02] Enemy 2: Blue_3(Clone) (UnityEngine.GameObject) (Card 1) did not match
[03:57:02] Enemy 2: CardW(Clone) (UnityEngine.GameObject) (Card 2) did not match
[03:57:02] Enemy 2: Green_S(Clone) (UnityEngine.GameObject) (Card 3) did not match
[03:57:02] Enemy 2: Played Red_4(Clone) (UnityEngine.GameObject) (Card 4)
[03:57:02] Turns: 1
[03:57:02] Top card: Red_4(Clone) (UnityEngine.GameObject)
[03:57:02] Top card: Red_4(Clone) (CardProperties)
[03:57:02] Enemy 1: Yellow_3(Clone) (UnityEngine.GameObject) (Card 0) did not match
[03:57:02] Enemy 1: Played Red_8(Clone) (UnityEngine.GameObject) (Card 1)
[03:57:02] Turns: 0
[03:57:02] Player: Played Blue_5
[03:57:02] Turns: 3
[03:57:02] Turns: 3
[03:57:02] Top card: Blue_5(Clone) (UnityEngine.GameObject)
[03:57:02] Top card: Blue_5(Clone) (CardProperties)
[03:57:02] Enemy 3: Yellow_6(Clone) (UnityEngine.GameObject) (Card 0) did not match
[03:57:02] Enemy 3: Green_1(Clone) (UnityEngine.GameObject) (Card 1) did not match
[03:57:02] Enemy 3: Yellow_R(Clone) (UnityEngine.GameObject) (Card 2) did not match
[03:57:02] Enemy 3: Green_R(Clone) (UnityEngine.GameObject) (Card 3) did not match
[03:57:02] Enemy 3: Yellow_9(Clone) (UnityEngine.GameObject) (Card 4) did not match
[03:57:02] Enemy 3: Green_D(Clone) (UnityEngine.GameObject) (Card 5) did not match
[03:57:02] HasFoundMatch = False
[03:57:02] Top Deck Card:Blue_5(Clone) (UnityEngine.GameObject)
[03:57:02] Enemy 3: Drew Blue_5(Clone) (UnityEngine.GameObject)
[03:57:02] Enemy 3: Drew 1 cards
[03:57:02] Turns: 2
[03:57:02] Top card: Blue_5(Clone) (UnityEngine.GameObject)
[03:57:02] Top card: Blue_5(Clone) (CardProperties)
[03:57:02] Enemy 2: Yellow_8(Clone) (UnityEngine.GameObject) (Card 0) did not match
[03:57:02] Enemy 2: Played Blue_3(Clone) (UnityEngine.GameObject) (Card 1)
[03:57:02] Removed Red_R(Clone) (UnityEngine.GameObject)
[03:57:02] Turns: 1
[03:57:02] Top card: Blue_3(Clone) (UnityEngine.GameObject)
[03:57:02] Top card: Blue_3(Clone) (CardProperties)
[03:57:02] Enemy 1: Played Yellow_3(Clone) (UnityEngine.GameObject) (Card 0)
[03:57:02] Removed Red_2(Clone) (UnityEngine.GameObject)
[03:57:02] Turns: 0
[03:57:02] Player: Played Blue_0
[03:57:02] Removed Red_4(Clone) (UnityEngine.GameObject)
[03:57:02] Turns: 3
[03:57:02] Turns: 3
[03:57:02] Top card: Blue_0(Clone) (UnityEngine.GameObject)
[03:57:02] Top card: Blue_0(Clone) (CardProperties)
[03:57:02] Enemy 3: Yellow_6(Clone) (UnityEngine.GameObject) (Card 0) did not match
[03:57:02] Enemy 3: Green_1(Clone) (UnityEngine.GameObject) (Card 1) did not match
[03:57:02] Enemy 3: Yellow_R(Clone) (UnityEngine.GameObject) (Card 2) did not match
[03:57:02] Enemy 3: Green_R(Clone) (UnityEngine.GameObject) (Card 3) did not match
[03:57:02] Enemy 3: Yellow_9(Clone) (UnityEngine.GameObject) (Card 4) did not match
[03:57:02] Enemy 3: Green_D(Clone) (UnityEngine.GameObject) (Card 5) did not match
[03:57:02] Enemy 3: Played Blue_5(Clone) (UnityEngine.GameObject) (Card 6)
[03:57:02] Removed Red_8(Clone) (UnityEngine.GameObject)
[03:57:02] Turns: 2
[03:57:02] Top card: Blue_5(Clone) (UnityEngine.GameObject)
[03:57:02] Top card: Blue_5(Clone) (CardProperties)
[03:57:02] Enemy 2: Yellow_8(Clone) (UnityEngine.GameObject) (Card 0) did not match
[03:57:02] Enemy 2: CardW(Clone) (UnityEngine.GameObject) (Card 1) did not match
[03:57:02] Enemy 2: Green_S(Clone) (UnityEngine.GameObject) (Card 2) did not match
[03:57:02] Enemy 2: CardW(Clone) (UnityEngine.GameObject) (Card 3) did not match
[03:57:02] Enemy 2: Red_6(Clone) (UnityEngine.GameObject) (Card 4) did not match
[03:57:02] HasFoundMatch = False
[03:57:02] Top Deck Card:Blue_0(Clone) (UnityEngine.GameObject)
[03:57:02] Enemy 2: Drew Blue_0(Clone) (UnityEngine.GameObject)
[03:57:02] Enemy 2: Drew 1 cards
[03:57:02] Turns: 1
[03:57:02] Top card: Blue_5(Clone) (UnityEngine.GameObject)
[03:57:02] Top card: Blue_5(Clone) (CardProperties)
[03:57:02] Enemy 1: CardW(Clone) (UnityEngine.GameObject) (Card 0) did not match
[03:57:02] Enemy 1: Yellow_9(Clone) (UnityEngine.GameObject) (Card 1) did not match
[03:57:02] Enemy 1: Played Blue_7(Clone) (UnityEngine.GameObject) (Card 2)
[03:57:02] Removed Blue_5(Clone) (UnityEngine.GameObject)
[03:57:02] Turns: 0
[03:57:02] Player: Played Yellow_3
[03:57:02] Removed Blue_3(Clone) (UnityEngine.GameObject)
[03:57:02] Turns: 3
[03:57:02] Turns: 3
[03:57:02] Top card: Yellow_3(Clone) (UnityEngine.GameObject)
[03:57:02] Top card: Yellow_3(Clone) (CardProperties)
[03:57:02] Enemy 3: Played Yellow_6(Clone) (UnityEngine.GameObject) (Card 0)
[03:57:02] Removed Yellow_3(Clone) (UnityEngine.GameObject)
[03:57:02] Turns: 2
[03:57:02] Top card: Yellow_6(Clone) (UnityEngine.GameObject)
[03:57:02] Top card: Yellow_6(Clone) (CardProperties)
[03:57:02] Enemy 2: Played Yellow_8(Clone) (UnityEngine.GameObject) (Card 0)
[03:57:02] Removed Blue_0(Clone) (UnityEngine.GameObject)
[03:57:02] Turns: 1
[03:57:02] Top card: Yellow_8(Clone) (UnityEngine.GameObject)
[03:57:02] Top card: Yellow_8(Clone) (CardProperties)
[03:57:02] Enemy 1: CardW(Clone) (UnityEngine.GameObject) (Card 0) did not match
[03:57:02] Enemy 1: Played Yellow_9(Clone) (UnityEngine.GameObject) (Card 1)
[03:57:02] Removed null
[03:57:02] Turns: 0
[03:57:02] Player: Played Blue_R
[03:57:02] Removed Blue_7(Clone) (UnityEngine.GameObject)
[03:57:02] Turns: 1
[03:57:02] Turns: 1
[03:57:02] Top card: Blue_R(Clone) (UnityEngine.GameObject)
[03:57:02] Top card: Blue_R(Clone) (CardProperties)
[03:57:02] Enemy 1: CardW(Clone) (UnityEngine.GameObject) (Card 0) did not match
[03:57:02] Enemy 1: Yellow_9(Clone) (UnityEngine.GameObject) (Card 1) did not match
[03:57:02] Enemy 1: Green_6(Clone) (UnityEngine.GameObject) (Card 2) did not match
[03:57:02] Enemy 1: Yellow_7(Clone) (UnityEngine.GameObject) (Card 3) did not match
[03:57:02] HasFoundMatch = False
[03:57:02] Top Deck Card:Yellow_3(Clone) (UnityEngine.GameObject)
[03:57:02] Enemy 1: Drew Yellow_3(Clone) (UnityEngine.GameObject)
[03:57:02] Enemy 1: Drew 1 cards
[03:57:02] Turns: 2
[03:57:02] Top card: Blue_R(Clone) (UnityEngine.GameObject)
[03:57:02] Top card: Blue_R(Clone) (CardProperties)
[03:57:02] Enemy 2: Yellow_8(Clone) (UnityEngine.GameObject) (Card 0) did not match
[03:57:02] Enemy 2: CardW(Clone) (UnityEngine.GameObject) (Card 1) did not match
[03:57:02] Enemy 2: Green_S(Clone) (UnityEngine.GameObject) (Card 2) did not match
[03:57:02] Enemy 2: CardW(Clone) (UnityEngine.GameObject) (Card 3) did not match
[03:57:02] Enemy 2: Red_6(Clone) (UnityEngine.GameObject) (Card 4) did not match
[03:57:02] Top card: Blue_R(Clone) (UnityEngine.GameObject)
[03:57:02] Top card: Blue_R(Clone) (CardProperties)
[03:57:02] Enemy 2: CardW(Clone) (UnityEngine.GameObject) (Card 0) did not match
[03:57:02] Enemy 2: Green_S(Clone) (UnityEngine.GameObject) (Card 1) did not match
[03:57:02] Enemy 2: CardW(Clone) (UnityEngine.GameObject) (Card 2) did not match
[03:57:02] Enemy 2: Red_6(Clone) (UnityEngine.GameObject) (Card 3) did not match
[03:57:02] Top card: Blue_R(Clone) (UnityEngine.GameObject)
[03:57:02] Top card: Blue_R(Clone) (CardProperties)
[03:57:02] Enemy 2: CardW(Clone) (UnityEngine.GameObject) (Card 0) did not match
[03:57:02] Enemy 2: Green_S(Clone) (UnityEngine.GameObject) (Card 1) did not match
[03:57:02] Enemy 2: CardW(Clone) (UnityEngine.GameObject) (Card 2) did not match
[03:57:02] Enemy 2: Red_6(Clone) (UnityEngine.GameObject) (Card 3) did not match
[03:57:02] Top card: Blue_R(Clone) (UnityEngine.GameObject)
[03:57:02] Top card: Blue_R(Clone) (CardProperties)
[03:57:02] Enemy 2: CardW(Clone) (UnityEngine.GameObject) (Card 0) did not match
[03:57:02] Enemy 2: Green_S(Clone) (UnityEngine.GameObject) (Card 1) did not match
[03:57:02] Enemy 2: CardW(Clone) (UnityEngine.GameObject) (Card 2) did not match
[03:57:02] Enemy 2: Red_6(Clone) (UnityEngine.GameObject) (Card 3) did not match
[03:57:02] Top card: Blue_R(Clone) (UnityEngine.GameObject)
[03:57:02] Top card: Blue_R(Clone) (CardProperties)
[03:57:02] Enemy 2: CardW(Clone) (UnityEngine.GameObject) (Card 0) did not match
[03:57:02] Enemy 2: Green_S(Clone) (UnityEngine.GameObject) (Card 1) did not match
[03:57:02] Enemy 2: CardW(Clone) (UnityEngine.GameObject) (Card 2) did not match
[03:57:02] Enemy 2: Red_6(Clone) (UnityEngine.GameObject) (Card 3) did not match
[03:57:02] Top card: Blue_R(Clone) (UnityEngine.GameObject)
[03:57:02] Top card: Blue_R(Clone) (CardProperties)
[03:57:02] Enemy 2: CardW(Clone) (UnityEngine.GameObject) (Card 0) did not match
[03:57:02] Enemy 2: Green_S(Clone) (UnityEngine.GameObject) (Card 1) did not match
[03:57:02] Enemy 2: CardW(Clone) (UnityEngine.GameObject) (Card 2) did not match
[03:57:02] Enemy 2: Red_6(Clone) (UnityEngine.GameObject) (Card 3) did not match
[03:57:02] Top card: Blue_R(Clone) (UnityEngine.GameObject)
[03:57:02] Top card: Blue_R(Clone) (CardProperties)
[03:57:02] Enemy 2: CardW(Clone) (UnityEngine.GameObject) (Card 0) did not match
[03:57:02] Enemy 2: Green_S(Clone) (UnityEngine.GameObject) (Card 1) did not match
[03:57:02] Enemy 2: CardW(Clone) (UnityEngine.GameObject) (Card 2) did not match
[03:57:02] Enemy 2: Red_6(Clone) (UnityEngine.GameObject) (Card 3) did not match
[03:57:02] Top card: Blue_R(Clone) (UnityEngine.GameObject)
[03:57:02] Top card: Blue_R(Clone) (CardProperties)
[03:57:02] Enemy 2: CardW(Clone) (UnityEngine.GameObject) (Card 0) did not match
[03:57:02] Enemy 2: Green_S(Clone) (UnityEngine.GameObject) (Card 1) did not match
[03:57:02] Enemy 2: CardW(Clone) (UnityEngine.GameObject) (Card 2) did not match
[03:57:02] Enemy 2: Red_6(Clone) (UnityEngine.GameObject) (Card 3) did not match
[03:57:02] Top card: Blue_R(Clone) (UnityEngine.GameObject)
[03:57:02] Top card: Blue_R(Clone) (CardProperties)
[03:57:02] Enemy 2: CardW(Clone) (UnityEngine.GameObject) (Card 0) did not match
[03:57:02] Enemy 2: Green_S(Clone) (UnityEngine.GameObject) (Card 1) did not match
[03:57:02] Enemy 2: CardW(Clone) (UnityEngine.GameObject) (Card 2) did not match
[03:57:02] Enemy 2: Red_6(Clone) (UnityEngine.GameObject) (Card 3) did not match
[03:57:02] Top card: Blue_R(Clone) (UnityEngine.GameObject)
[03:57:02] Top card: Blue_R(Clone) (CardProperties)
[03:57:02] Enemy 2: CardW(Clone) (UnityEngine.GameObject) (Card 0) did not match
[03:57:02] Enemy 2: Green_S(Clone) (UnityEngine.GameObject) (Card 1) did not match
[03:57:02] Enemy 2: CardW(Clone) (UnityEngine.GameObject) (Card 2) did not match
[03:57:02] Enemy 2: Red_6(Clone) (UnityEngine.GameObject) (Card 3) did not match
[03:57:02] Top card: Blue_R(Clone) (UnityEngine.GameObject)
[03:57:02] Top card: Blue_R(Clone) (CardProperties)
[03:57:02] Enemy 2: CardW(Clone) (UnityEngine.GameObject) (Card 0) did not match
[03:57:02] Enemy 2: Green_S(Clone) (UnityEngine.GameObject) (Card 1) did not match
[03:57:02] Enemy 2: CardW(Clone) (UnityEngine.GameObject) (Card 2) did not match
[03:57:02] Enemy 2: Red_6(Clone) (UnityEngine.GameObject) (Card 3) did not match
[03:57:02] Top card: Blue_R(Clone) (UnityEngine.GameObject)
[03:57:02] Top card: Blue_R(Clone) (CardProperties)
[03:57:02] Enemy 2: CardW(Clone) (UnityEngine.GameObject) (Card 0) did not match
[03:57:02] Enemy 2: Green_S(Clone) (UnityEngine.GameObject) (Card 1) did not match
[03:57:02] Enemy 2: CardW(Clone) (UnityEngine.GameObject) (Card 2) did not match
[03:57:02] Enemy 2: Red_6(Clone) (UnityEngine.GameObject) (Card 3) did not match
[03:57:02] Top card: Blue_R(Clone) (UnityEngine.GameObject)
[03:57:02] Top card: Blue_R(Clone) (CardProperties)
[03:57:02] Enemy 2: CardW(Clone) (UnityEngine.GameObject) (Card 0) did not match
[03:57:02] Enemy 2: Green_S(Clone) (UnityEngine.GameObject) (Card 1) did not match
[03:57:02] Enemy 2: CardW(Clone) (UnityEngine.GameObject) (Card 2) did not match
[03:57:02] Enemy 2: Red_6(Clone) (UnityEngine.GameObject) (Card 3) did not match
[03:57:02] Top card: Blue_R(Clone) (UnityEngine.GameObject)
[03:57:02] Top card: Blue_R(Clone) (CardProperties)
[03:57:02] Enemy 2: CardW(Clone) (UnityEngine.GameObject) (Card 0) did not match
[03:57:02] Enemy 2: Green_S(Clone) (UnityEngine.GameObject) (Card 1) did not match
[03:57:02] Enemy 2: CardW(Clone) (UnityEngine.GameObject) (Card 2) did not match
[03:57:02] Enemy 2: Red_6(Clone) (UnityEngine.GameObject) (Card 3) did not match
[03:57:02] Top card: Blue_R(Clone) (UnityEngine.GameObject)
[03:57:02] Top card: Blue_R(Clone) (CardProperties)
[03:57:02] Enemy 2: CardW(Clone) (UnityEngine.GameObject) (Card 0) did not match
[03:57:02] Enemy 2: Green_S(Clone) (UnityEngine.GameObject) (Card 1) did not match
[03:57:02] Enemy 2: CardW(Clone) (UnityEngine.GameObject) (Card 2) did not match
[03:57:02] Enemy 2: Red_6(Clone) (UnityEngine.GameObject) (Card 3) did not match
[03:57:02] Top card: Blue_R(Clone) (UnityEngine.GameObject)
[03:57:02] Top card: Blue_R(Clone) (CardProperties)
[03:57:02] Enemy 2: CardW(Clone) (UnityEngine.GameObject) (Card 0) did not match
[03:57:02] Enemy 2: Green_S(Clone) (UnityEngine.GameObject) (Card 1) did not match
[03:57:02] Enemy 2: CardW(Clone) (UnityEngine.GameObject) (Card 2) did not match
[03:57:02] Enemy 2: Red_6(Clone) (UnityEngine.GameObject) (Card 3) did not match
[03:57:02] Player: Played Yellow_2
[03:57:02] Removed Yellow_3(Clone) (UnityEngine.GameObject)
[03:57:02] Turns: 3
[03:57:02] Turns: 3
[03:57:02] Top card: Yellow_2(Clone) (UnityEngine.GameObject)
[03:57:02] Top card: Yellow_2(Clone) (CardProperties)
[03:57:02] Enemy 3: Green_1(Clone) (UnityEngine.GameObject) (Card 0) did not match
[03:57:02] Enemy 3: Played Yellow_R(Clone) (UnityEngine.GameObject) (Card 1)
[03:57:02] Removed Yellow_6(Clone) (UnityEngine.GameObject)
[03:57:02] Top card: Yellow_R(Clone) (CardProperties)
[03:57:02] Enemy 3: Green_1(Clone) (UnityEngine.GameObject) (Card 0) did not match
[03:57:02] Enemy 3: Played Yellow_R(Clone) (UnityEngine.GameObject) (Card 1)
[03:57:02] Removed Yellow_8(Clone) (UnityEngine.GameObject)
[03:57:02] Turns: 2
[03:57:02] IsReversed: True
[03:57:02] Turns: 1
[03:57:02] Top card: Yellow_R(Clone) (UnityEngine.GameObject)
[03:57:02] Top card: Yellow_R(Clone) (CardProperties)
[03:57:02] Enemy 1: CardW(Clone) (UnityEngine.GameObject) (Card 0) did not match
[03:57:02] Enemy 1: Green_6(Clone) (UnityEngine.GameObject) (Card 1) did not match
[03:57:02] Enemy 1: Played Yellow_7(Clone) (UnityEngine.GameObject) (Card 2)
[03:57:02] Removed Yellow_9(Clone) (UnityEngine.GameObject)
[03:57:02] Turns: 0
[03:57:02] Player: Played Yellow_6
[03:57:02] Removed Blue_R(Clone) (UnityEngine.GameObject)
[03:57:02] Turns: 3
[03:57:02] Turns: 3
[03:57:02] Top card: Yellow_6(Clone) (UnityEngine.GameObject)
[03:57:02] Top card: Yellow_6(Clone) (CardProperties)
[03:57:02] Enemy 3: Green_1(Clone) (UnityEngine.GameObject) (Card 0) did not match
[03:57:02] Enemy 3: Played Yellow_R(Clone) (UnityEngine.GameObject) (Card 1)
[03:57:02] Removed Yellow_2(Clone) (UnityEngine.GameObject)
[03:57:02] Turns: 2
[03:57:02] Top card: Yellow_R(Clone) (UnityEngine.GameObject)
[03:57:02] Top card: Yellow_R(Clone) (CardProperties)
[03:57:02] Enemy 2: CardW(Clone) (UnityEngine.GameObject) (Card 0) did not match
[03:57:02] Enemy 2: Green_S(Clone) (UnityEngine.GameObject) (Card 1) did not match
[03:57:02] Enemy 2: CardW(Clone) (UnityEngine.GameObject) (Card 2) did not match
[03:57:02] Enemy 2: Red_6(Clone) (UnityEngine.GameObject) (Card 3) did not match
[03:57:02] Top card: Yellow_R(Clone) (UnityEngine.GameObject)
[03:57:02] Top card: Yellow_R(Clone) (CardProperties)
[03:57:02] Enemy 2: CardW(Clone) (UnityEngine.GameObject) (Card 0) did not match
[03:57:02] Enemy 2: Green_S(Clone) (UnityEngine.GameObject) (Card 1) did not match
[03:57:02] Enemy 2: CardW(Clone) (UnityEngine.GameObject) (Card 2) did not match
[03:57:02] Enemy 2: Red_6(Clone) (UnityEngine.GameObject) (Card 3) did not match
[03:57:02] Top card: Yellow_R(Clone) (UnityEngine.GameObject)
[03:57:02] Top card: Yellow_R(Clone) (CardProperties)
[03:57:02] Enemy 2: CardW(Clone) (UnityEngine.GameObject) (Card 0) did not match
[03:57:02] Enemy 2: Green_S(Clone) (UnityEngine.GameObject) (Card 1) did not match
[03:57:02] Enemy 2: CardW(Clone) (UnityEngine.GameObject) (Card 2) did not match
[03:57:02] Enemy 2: Red_6(Clone) (UnityEngine.GameObject) (Card 3) did not match
[03:57:02] Top card: Yellow_R(Clone) (UnityEngine.GameObject)
[03:57:02] Top card: Yellow_R(Clone) (CardProperties)
[03:57:02] Enemy 2: CardW(Clone) (UnityEngine.GameObject) (Card 0) did not match
[03:57:02] Enemy 2: Green_S(Clone) (UnityEngine.GameObject) (Card 1) did not match
[03:57:02] Enemy 2: CardW(Clone) (UnityEngine.GameObject) (Card 2) did not match
[03:57:02] Enemy 2: Red_6(Clone) (UnityEngine.GameObject) (Card 3) did not match
[03:57:02] Top card: Yellow_R(Clone) (UnityEngine.GameObject)
[03:57:02] Top card: Yellow_R(Clone) (CardProperties)
[03:57:02] Enemy 2: CardW(Clone) (UnityEngine.GameObject) (Card 0) did not match
[03:57:02] Enemy 2: Green_S(Clone) (UnityEngine.GameObject) (Card 1) did not match
[03:57:02] Enemy 2: CardW(Clone) (UnityEngine.GameObject) (Card 2) did not match
[03:57:02] Enemy 2: Red_6(Clone) (UnityEngine.GameObject) (Card 3) did not match
[03:57:02] Top card: Yellow_R(Clone) (UnityEngine.GameObject)
[03:57:02] Top card: Yellow_R(Clone) (CardProperties)
[03:57:02] Enemy 2: CardW(Clone) (UnityEngine.GameObject) (Card 0) did not match
[03:57:02] Enemy 2: Green_S(Clone) (UnityEngine.GameObject) (Card 1) did not match
[03:57:02] Enemy 2: CardW(Clone) (UnityEngine.GameObject) (Card 2) did not match
[03:57:02] Enemy 2: Red_6(Clone) (UnityEngine.GameObject) (Card 3) did not match
[03:57:02] Top card: Yellow_R(Clone) (UnityEngine.GameObject)
[03:57:02] Top card: Yellow_R(Clone) (CardProperties)
[03:57:02] Enemy 2: CardW(Clone) (UnityEngine.GameObject) (Card 0) did not match
[03:57:02] Enemy 2: Green_S(Clone) (UnityEngine.GameObject) (Card 1) did not match
[03:57:02] Enemy 2: CardW(Clone) (UnityEngine.GameObject) (Card 2) did not match
[03:57:02] Enemy 2: Red_6(Clone) (UnityEngine.GameObject) (Card 3) did not match
[03:57:02] Top card: Yellow_R(Clone) (UnityEngine.GameObject)
[03:57:02] Top card: Yellow_R(Clone) (CardProperties)
[03:57:02] Enemy 2: CardW(Clone) (UnityEngine.GameObject) (Card 0) did not match
[03:57:02] Enemy 2: Green_S(Clone) (UnityEngine.GameObject) (Card 1) did not match
[03:57:02] Enemy 2: CardW(Clone) (UnityEngine.GameObject) (Card 2) did not match
[03:57:02] Enemy 2: Red_6(Clone) (UnityEngine.GameObject) (Card 3) did not match
[03:57:02] Top card: Yellow_R(Clone) (UnityEngine.GameObject)
[03:57:02] Top card: Yellow_R(Clone) (CardProperties)
[03:57:02] Enemy 2: CardW(Clone) (UnityEngine.GameObject) (Card 0) did not match
[03:57:02] Enemy 2: Green_S(Clone) (UnityEngine.GameObject) (Card 1) did not match
[03:57:02] Enemy 2: CardW(Clone) (UnityEngine.GameObject) (Card 2) did not match
[03:57:02] Enemy 2: Red_6(Clone) (UnityEngine.GameObject) (Card 3) did not match
[03:57:02] Top card: Yellow_R(Clone) (UnityEngine.GameObject)
[03:57:02] Top card: Yellow_R(Clone) (CardProperties)
[03:57:02] Enemy 2: CardW(Clone) (UnityEngine.GameObject) (Card 0) did not match
[03:57:02] Enemy 2: Green_S(Clone) (UnityEngine.GameObject) (Card 1) did not match
[03:57:02] Enemy 2: CardW(Clone) (UnityEngine.GameObject) (Card 2) did not match
[03:57:02] Enemy 2: Red_6(Clone) (UnityEngine.GameObject) (Card 3) did not match
[03:57:02] Top card: Yellow_R(Clone) (UnityEngine.GameObject)
[03:57:02] Top card: Yellow_R(Clone) (CardProperties)
[03:57:02] Enemy 2: CardW(Clone) (UnityEngine.GameObject) (Card 0) did not match
[03:57:02] Enemy 2: Green_S(Clone) (UnityEngine.GameObject) (Card 1) did not match
[03:57:02] Enemy 2: CardW(Clone) (UnityEngine.GameObject) (Card 2) did not match
[03:57:02] Enemy 2: Red_6(Clone) (UnityEngine.GameObject) (Card 3) did not match
[03:57:02] Top card: Yellow_R(Clone) (UnityEngine.GameObject)
[03:57:02] Top card: Yellow_R(Clone) (CardProperties)
[03:57:02] Enemy 2: CardW(Clone) (UnityEngine.GameObject) (Card 0) did not match
[03:57:02] Enemy 2: Green_S(Clone) (UnityEngine.GameObject) (Card 1) did not match
[03:57:02] Enemy 2: CardW(Clone) (UnityEngine.GameObject) (Card 2) did not match
[03:57:02] Enemy 2: Red_6(Clone) (UnityEngine.GameObject) (Card 3) did not match
[03:57:02] Top card: Yellow_R(Clone) (UnityEngine.GameObject)
[03:57:02] Top card: Yellow_R(Clone) (CardProperties)
[03:57:02] Enemy 2: CardW(Clone) (UnityEngine.GameObject) (Card 0) did not match
[03:57:02] Enemy 2: Green_S(Clone) (UnityEngine.GameObject) (Card 1) did not match
[03:57:02] Enemy 2: CardW(Clone) (UnityEngine.GameObject) (Card 2) did not match
[03:57:02] Enemy 2: Red_6(Clone) (UnityEngine.GameObject) (Card 3) did not match
[03:57:02] Top card: Yellow_R(Clone) (UnityEngine.GameObject)
[03:57:02] Top card: Yellow_R(Clone) (CardProperties)
[03:57:02] Enemy 2: CardW(Clone) (UnityEngine.GameObject) (Card 0) did not match
[03:57:02] Enemy 2: Green_S(Clone) (UnityEngine.GameObject) (Card 1) did not match
[03:57:02] Enemy 2: CardW(Clone) (UnityEngine.GameObject) (Card 2) did not match
[03:57:02] Enemy 2: Red_6(Clone) (UnityEngine.GameObject) (Card 3) did not match
[03:57:02] Top card: Yellow_R(Clone) (UnityEngine.GameObject)
[03:57:02] Top card: Yellow_R(Clone) (CardProperties)
[03:57:02] Enemy 2: CardW(Clone) (UnityEngine.GameObject) (Card 0) did not match
[03:57:02] Enemy 2: Green_S(Clone) (UnityEngine.GameObject) (Card 1) did not match
[03:57:02] Enemy 2: CardW(Clone) (UnityEngine.GameObject) (Card 2) did not match
[03:57:02] Enemy 2: Red_6(Clone) (UnityEngine.GameObject) (Card 3) did not match
[03:57:02] Top card: Yellow_R(Clone) (UnityEngine.GameObject)
[03:57:02] Top card: Yellow_R(Clone) (CardProperties)
[03:57:02] Enemy 2: CardW(Clone) (UnityEngine.GameObject) (Card 0) did not match
[03:57:02] Enemy 2: Green_S(Clone) (UnityEngine.GameObject) (Card 1) did not match
[03:57:02] Enemy 2: CardW(Clone) (UnityEngine.GameObject) (Card 2) did not match
[03:57:02] Enemy 2: Red_6(Clone) (UnityEngine.GameObject) (Card 3) did not match
[03:57:02] Top card: Yellow_R(Clone) (UnityEngine.GameObject)
[03:57:02] Top card: Yellow_R(Clone) (CardProperties)
[03:57:02] Enemy 2: CardW(Clone) (UnityEngine.GameObject) (Card 0) did not match
[03:57:02] Enemy 2: Green_S(Clone) (UnityEngine.GameObject) (Card 1) did not match
[03:57:02] Enemy 2: CardW(Clone) (UnityEngine.GameObject) (Card 2) did not match
[03:57:02] Enemy 2: Red_6(Clone) (UnityEngine.GameObject) (Card 3) did not match
[03:57:02] Top card: Yellow_R(Clone) (UnityEngine.GameObject)
[03:57:02] Top card: Yellow_R(Clone) (CardProperties)
[03:57:02] Enemy 2: CardW(Clone) (UnityEngine.GameObject) (Card 0) did not match
[03:57:02] Enemy 2: Green_S(Clone) (UnityEngine.GameObject) (Card 1) did not match
[03:57:02] Enemy 2: CardW(Clone) (UnityEngine.GameObject) (Card 2) did not match
[03:57:02] Enemy 2: Red_6(Clone) (UnityEngine.GameObject) (Card 3) did not match
[03:57:02] Top card: Yellow_R(Clone) (UnityEngine.GameObject)
[03:57:02] Top card: Yellow_R(Clone) (CardProperties)
[03:57:02] Enemy 2: CardW(Clone) (UnityEngine.GameObject) (Card 0) did not match
[03:57:02] Enemy 2: Green_S(Clone) (UnityEngine.GameObject) (Card 1) did not match
[03:57:02] Enemy 2: CardW(Clone) (UnityEngine.GameObject) (Card 2) did not match
[03:57:02] Enemy 2: Red_6(Clone) (UnityEngine.GameObject) (Card 3) did not match
[03:57:02] Player: Played Green_5
[03:57:02] Removed Yellow_R(Clone) (UnityEngine.GameObject)
[03:57:02] Turns: 1
[03:57:02] Turns: 1
[03:57:02] Top card: Green_5(Clone) (UnityEngine.GameObject)
[03:57:02] Top card: Green_5(Clone) (CardProperties)
[03:57:02] Enemy 1: CardW(Clone) (UnityEngine.GameObject) (Card 0) did not match
[03:57:02] Enemy 1: Played Green_6(Clone) (UnityEngine.GameObject) (Card 1)
[03:57:02] Removed Yellow_R(Clone) (UnityEngine.GameObject)
[03:57:02] Turns: 0
[03:57:02] Player: Played Yellow_8
[03:57:02] Removed Yellow_7(Clone) (UnityEngine.GameObject)
[03:57:02] Turns: 3
[03:57:02] Turns: 3
[03:57:02] Top card: Yellow_8(Clone) (UnityEngine.GameObject)
[03:57:02] Top card: Yellow_8(Clone) (CardProperties)
[03:57:02] Enemy 3: Green_1(Clone) (UnityEngine.GameObject) (Card 0) did not match
[03:57:02] Enemy 3: Green_R(Clone) (UnityEngine.GameObject) (Card 1) did not match
[03:57:02] Enemy 3: Played Yellow_9(Clone) (UnityEngine.GameObject) (Card 2)
[03:57:02] Removed Yellow_6(Clone) (UnityEngine.GameObject)
[03:57:02] Turns: 2
[03:57:02] Top card: Yellow_9(Clone) (UnityEngine.GameObject)
[03:57:02] Top card: Yellow_9(Clone) (CardProperties)
[03:57:02] Enemy 2: CardW(Clone) (UnityEngine.GameObject) (Card 0) did not match
[03:57:02] Enemy 2: Green_S(Clone) (UnityEngine.GameObject) (Card 1) did not match
[03:57:02] Enemy 2: CardW(Clone) (UnityEngine.GameObject) (Card 2) did not match
[03:57:02] Enemy 2: Red_6(Clone) (UnityEngine.GameObject) (Card 3) did not match
[03:57:02] Top card: Yellow_9(Clone) (UnityEngine.GameObject)
[03:57:02] Top card: Yellow_9(Clone) (CardProperties)
[03:57:02] Enemy 2: CardW(Clone) (UnityEngine.GameObject) (Card 0) did not match
[03:57:02] Enemy 2: Green_S(Clone) (UnityEngine.GameObject) (Card 1) did not match
[03:57:02] Enemy 2: CardW(Clone) (UnityEngine.GameObject) (Card 2) did not match
[03:57:02] Enemy 2: Red_6(Clone) (UnityEngine.GameObject) (Card 3) did not match
[03:57:02] Top card: Yellow_9(Clone) (UnityEngine.GameObject)
[03:57:02] Top card: Yellow_9(Clone) (CardProperties)
[03:57:02] Enemy 2: CardW(Clone) (UnityEngine.GameObject) (Card 0) did not match
[03:57:02] Enemy 2: Green_S(Clone) (UnityEngine.GameObject) (Card 1) did not match
[03:57:02] Enemy 2: CardW(Clone) (UnityEngine.GameObject) (Card 2) did not match
[03:57:02] Enemy 2: Red_6(Clone) (UnityEngine.GameObject) (Card 3) did not match
[03:57:02] Top card: Yellow_9(Clone) (UnityEngine.GameObject)
[03:57:02] Top card: Yellow_9(Clone) (CardProperties)
[03:57:02] Enemy 2: CardW(Clone) (UnityEngine.GameObject) (Card 0) did not match
[03:57:02] Enemy 2: Green_S(Clone) (UnityEngine.GameObject) (Card 1) did not match
[03:57:02] Enemy 2: CardW(Clone) (UnityEngine.GameObject) (Card 2) did not match
[03:57:02] Enemy 2: Red_6(Clone) (UnityEngine.GameObject) (Card 3) did not match
[03:57:02] Top card: Yellow_9(Clone) (UnityEngine.GameObject)
[03:57:02] Top card: Yellow_9(Clone) (CardProperties)
[03:57:02] Enemy 2: CardW(Clone) (UnityEngine.GameObject) (Card 0) did not match
[03:57:02] Enemy 2: Green_S(Clone) (UnityEngine.GameObject) (Card 1) did not match
[03:57:02] Enemy 2: CardW(Clone) (UnityEngine.GameObject) (Card 2) did not match
[03:57:02] Enemy 2: Red_6(Clone) (UnityEngine.GameObject) (Card 3) did not match
[03:57:02] Top card: Yellow_9(Clone) (UnityEngine.GameObject)
[03:57:02] Top card: Yellow_9(Clone) (CardProperties)
[03:57:02] Enemy 2: CardW(Clone) (UnityEngine.GameObject) (Card 0) did not match
[03:57:02] Enemy 2: Green_S(Clone) (UnityEngine.GameObject) (Card 1) did not match
[03:57:02] Enemy 2: CardW(Clone) (UnityEngine.GameObject) (Card 2) did not match
[03:57:02] Enemy 2: Red_6(Clone) (UnityEngine.GameObject) (Card 3) did not match
[03:57:02] Top card: Yellow_9(Clone) (UnityEngine.GameObject)
[03:57:02] Top card: Yellow_9(Clone) (CardProperties)
[03:57:02] Enemy 2: CardW(Clone) (UnityEngine.GameObject) (Card 0) did not match
[03:57:02] Enemy 2: Green_S(Clone) (UnityEngine.GameObject) (Card 1) did not match
[03:57:02] Enemy 2: CardW(Clone) (UnityEngine.GameObject) (Card 2) did not match
[03:57:02] Enemy 2: Red_6(Clone) (UnityEngine.GameObject) (Card 3) did not match
[03:57:02] Top card: Yellow_9(Clone) (UnityEngine.GameObject)
[03:57:02] Top card: Yellow_9(Clone) (CardProperties)
[03:57:02] Enemy 2: CardW(Clone) (UnityEngine.GameObject) (Card 0) did not match
[03:57:02] Enemy 2: Green_S(Clone) (UnityEngine.GameObject) (Card 1) did not match
[03:57:02] Enemy 2: CardW(Clone) (UnityEngine.GameObject) (Card 2) did not match
[03:57:02] Enemy 2: Red_6(Clone) (UnityEngine.GameObject) (Card 3) did not match
[03:57:02] Top card: Yellow_9(Clone) (UnityEngine.GameObject)
[03:57:02] Top card: Yellow_9(Clone) (CardProperties)
[03:57:02] Enemy 2: CardW(Clone) (UnityEngine.GameObject) (Card 0) did not match
[03:57:02] Enemy 2: Green_S(Clone) (UnityEngine.GameObject) (Card 1) did not match
[03:57:02] Enemy 2: CardW(Clone) (UnityEngine.GameObject) (Card 2) did not match
[03:57:02] Enemy 2: Red_6(Clone) (UnityEngine.GameObject) (Card 3) did not match
[03:57:02] Top card: Yellow_9(Clone) (UnityEngine.GameObject)
[03:57:02] Top card: Yellow_9(Clone) (CardProperties)
[03:57:02] Enemy 2: CardW(Clone) (UnityEngine.GameObject) (Card 0) did not match
[03:57:02] Enemy 2: Green_S(Clone) (UnityEngine.GameObject) (Card 1) did not match
[03:57:02] Enemy 2: CardW(Clone) (UnityEngine.GameObject) (Card 2) did not match
[03:57:02] Enemy 2: Red_6(Clone) (UnityEngine.GameObject) (Card 3) did not match
[03:57:02] Top card: Yellow_9(Clone) (UnityEngine.GameObject)
[03:57:02] Top card: Yellow_9(Clone) (CardProperties)
[03:57:02] Enemy 2: CardW(Clone) (UnityEngine.GameObject) (Card 0) did not match
[03:57:02] Enemy 2: Green_S(Clone) (UnityEngine.GameObject) (Card 1) did not match
[03:57:02] Enemy 2: CardW(Clone) (UnityEngine.GameObject) (Card 2) did not match
[03:57:02] Enemy 2: Red_6(Clone) (UnityEngine.GameObject) (Card 3) did not match
[03:57:02] Top card: Yellow_9(Clone) (UnityEngine.GameObject)
[03:57:02] Top card: Yellow_9(Clone) (CardProperties)
[03:57:02] Enemy 2: CardW(Clone) (UnityEngine.GameObject) (Card 0) did not match
[03:57:02] Enemy 2: Green_S(Clone) (UnityEngine.GameObject) (Card 1) did not match
[03:57:02] Enemy 2: CardW(Clone) (UnityEngine.GameObject) (Card 2) did not match
[03:57:02] Enemy 2: Red_6(Clone) (UnityEngine.GameObject) (Card 3) did not match
[03:57:02] Player: Played Yellow_4
[03:57:02] Removed null
[03:57:02] Turns: 1
[03:57:02] Turns: 1
[03:57:02] Top card: Yellow_4(Clone) (UnityEngine.GameObject)
[03:57:02] Top card: Yellow_4(Clone) (CardProperties)
[03:57:02] Enemy 1: CardW(Clone) (UnityEngine.GameObject) (Card 0) did not match
[03:57:02] Top card: Yellow_4(Clone) (UnityEngine.GameObject)
[03:57:02] Top card: Yellow_4(Clone) (CardProperties)
[03:57:02] Enemy 1: CardW(Clone) (UnityEngine.GameObject) (Card 0) did not match
[03:57:02] Top card: Yellow_4(Clone) (UnityEngine.GameObject)
[03:57:02] Top card: Yellow_4(Clone) (CardProperties)
[03:57:02] Enemy 1: CardW(Clone) (UnityEngine.GameObject) (Card 0) did not match
[03:57:02] Top card: Yellow_4(Clone) (UnityEngine.GameObject)
[03:57:02] Top card: Yellow_4(Clone) (CardProperties)
[03:57:02] Enemy 1: CardW(Clone) (UnityEngine.GameObject) (Card 0) did not match
[03:57:02] Top card: Yellow_4(Clone) (UnityEngine.GameObject)
[03:57:02] Top card: Yellow_4(Clone) (CardProperties)
[03:57:02] Enemy 1: CardW(Clone) (UnityEngine.GameObject) (Card 0) did not match
[03:57:02] Top card: Yellow_4(Clone) (UnityEngine.GameObject)
[03:57:02] Top card: Yellow_4(Clone) (CardProperties)
[03:57:02] Enemy 1: CardW(Clone) (UnityEngine.GameObject) (Card 0) did not match
[03:57:02] Top card: Yellow_4(Clone) (UnityEngine.GameObject)
[03:57:02] Top card: Yellow_4(Clone) (CardProperties)
[03:57:02] Enemy 1: CardW(Clone) (UnityEngine.GameObject) (Card 0) did not match
[03:57:02] Top card: Yellow_4(Clone) (UnityEngine.GameObject)
[03:57:02] Top card: Yellow_4(Clone) (CardProperties)
[03:57:02] Enemy 1: CardW(Clone) (UnityEngine.GameObject) (Card 0) did not match
[03:57:02] Top card: Yellow_4(Clone) (UnityEngine.GameObject)
[03:57:02] Top card: Yellow_4(Clone) (CardProperties)
[03:57:02] Enemy 1: CardW(Clone) (UnityEngine.GameObject) (Card 0) did not match
[03:57:02] Top card: Yellow_4(Clone) (UnityEngine.GameObject)
[03:57:02] Top card: Yellow_4(Clone) (CardProperties)
[03:57:02] Enemy 1: CardW(Clone) (UnityEngine.GameObject) (Card 0) did not match
[03:57:02] Top card: Yellow_4(Clone) (UnityEngine.GameObject)
[03:57:02] Top card: Yellow_4(Clone) (CardProperties)
[03:57:02] Enemy 1: CardW(Clone) (UnityEngine.GameObject) (Card 0) did not match
[03:57:02] Top card: Yellow_4(Clone) (UnityEngine.GameObject)
[03:57:02] Top card: Yellow_4(Clone) (CardProperties)
[03:57:02] Enemy 1: CardW(Clone) (UnityEngine.GameObject) (Card 0) did not match
[03:57:02] Top card: Yellow_4(Clone) (UnityEngine.GameObject)
[03:57:02] Top card: Yellow_4(Clone) (CardProperties)
[03:57:02] Enemy 1: CardW(Clone) (UnityEngine.GameObject) (Card 0) did not match
[03:57:02] Top card: Yellow_4(Clone) (UnityEngine.GameObject)
[03:57:02] Top card: Yellow_4(Clone) (CardProperties)
[03:57:02] Enemy 1: CardW(Clone) (UnityEngine.GameObject) (Card 0) did not match
[03:57:02] Top card: Yellow_4(Clone) (UnityEngine.GameObject)
[03:57:02] Top card: Yellow_4(Clone) (CardProperties)
[03:57:02] Enemy 1: CardW(Clone) (UnityEngine.GameObject) (Card 0) did not match
[03:57:02] Top card: Yellow_4(Clone) (UnityEngine.GameObject)
[03:57:02] Top card: Yellow_4(Clone) (CardProperties)
[03:57:02] Enemy 1: CardW(Clone) (UnityEngine.GameObject) (Card 0) did not match
[03:57:02] Top card: Yellow_4(Clone) (UnityEngine.GameObject)
[03:57:02] Top card: Yellow_4(Clone) (CardProperties)
[03:57:02] Enemy 1: CardW(Clone) (UnityEngine.GameObject) (Card 0) did not match
[03:57:02] Top card: Yellow_4(Clone) (UnityEngine.GameObject)
[03:57:02] Top card: Yellow_4(Clone) (CardProperties)
[03:57:02] Enemy 1: CardW(Clone) (UnityEngine.GameObject) (Card 0) did not match
[03:57:02] Top card: Yellow_4(Clone) (UnityEngine.GameObject)
[03:57:02] Top card: Yellow_4(Clone) (CardProperties)
[03:57:02] Enemy 1: CardW(Clone) (UnityEngine.GameObject) (Card 0) did not match
[03:57:02] Top card: Yellow_4(Clone) (UnityEngine.GameObject)
[03:57:02] Top card: Yellow_4(Clone) (CardProperties)
[03:57:02] Enemy 1: CardW(Clone) (UnityEngine.GameObject) (Card 0) did not match
[03:57:02] Top card: Yellow_4(Clone) (UnityEngine.GameObject)
[03:57:02] Top card: Yellow_4(Clone) (CardProperties)
[03:57:02] Enemy 1: CardW(Clone) (UnityEngine.GameObject) (Card 0) did not match
[03:57:02] Top card: Yellow_4(Clone) (UnityEngine.GameObject)
[03:57:02] Top card: Yellow_4(Clone) (CardProperties)
[03:57:02] Enemy 1: CardW(Clone) (UnityEngine.GameObject) (Card 0) did not match
[03:57:02] Top card: Yellow_4(Clone) (UnityEngine.GameObject)
[03:57:02] Top card: Yellow_4(Clone) (CardProperties)
[03:57:02] Enemy 1: CardW(Clone) (UnityEngine.GameObject) (Card 0) did not match
[03:57:02] Top card: Yellow_4(Clone) (UnityEngine.GameObject)
[03:57:02] Top card: Yellow_4(Clone) (CardProperties)
[03:57:02] Enemy 1: CardW(Clone) (UnityEngine.GameObject) (Card 0) did not match
[03:57:02] Player: Played Red_1
[03:57:02] Removed Green_5(Clone) (UnityEngine.GameObject)
[03:57:02] Turns: 0
[03:57:02] Turns: 0
[03:57:02] Player: Played Blue_8
[03:57:02] Removed Green_6(Clone) (UnityEngine.GameObject)
[03:57:02] Turns: 3
[03:57:02] Turns: 3
[03:57:02] Top card: Blue_8(Clone) (UnityEngine.GameObject)
[03:57:02] Top card: Blue_8(Clone) (CardProperties)
[03:57:02] Enemy 3: Green_1(Clone) (UnityEngine.GameObject) (Card 0) did not match
[03:57:02] Enemy 3: Green_R(Clone) (UnityEngine.GameObject) (Card 1) did not match
[03:57:02] Enemy 3: Green_D(Clone) (UnityEngine.GameObject) (Card 2) did not match
[03:57:02] HasFoundMatch = False
[03:57:02] Top Deck Card:null
[03:57:02] Top card: Blue_8(Clone) (UnityEngine.GameObject)
[03:57:02] Top card: Blue_8(Clone) (CardProperties)
[03:57:02] Enemy 3: Green_1(Clone) (UnityEngine.GameObject) (Card 0) did not match
[03:57:02] Enemy 3: Green_R(Clone) (UnityEngine.GameObject) (Card 1) did not match
[03:57:02] Enemy 3: Green_D(Clone) (UnityEngine.GameObject) (Card 2) did not match
[03:57:02] HasFoundMatch = False
[03:57:02] Top Deck Card:null
[03:57:02] Top card: Blue_8(Clone) (UnityEngine.GameObject)
[03:57:02] Top card: Blue_8(Clone) (CardProperties)
[03:57:02] Enemy 3: Green_1(Clone) (UnityEngine.GameObject) (Card 0) did not match
[03:57:02] Enemy 3: Green_R(Clone) (UnityEngine.GameObject) (Card 1) did not match
[03:57:02] Enemy 3: Green_D(Clone) (UnityEngine.GameObject) (Card 2) did not match
[03:57:02] HasFoundMatch = False
[03:57:02] Top Deck Card:null
[03:57:02] Top card: Blue_8(Clone) (UnityEngine.GameObject)
[03:57:02] Top card: Blue_8(Clone) (CardProperties)
[03:57:02] Enemy 3: Green_1(Clone) (UnityEngine.GameObject) (Card 0) did not match
[03:57:02] Enemy 3: Green_R(Clone) (UnityEngine.GameObject) (Card 1) did not match
[03:57:02] Enemy 3: Green_D(Clone) (UnityEngine.GameObject) (Card 2) did not match
[03:57:02] HasFoundMatch = False
[03:57:02] Top Deck Card:null
[03:57:02] Top card: Blue_8(Clone) (UnityEngine.GameObject)
[03:57:02] Top card: Blue_8(Clone) (CardProperties)
[03:57:02] Enemy 3: Green_1(Clone) (UnityEngine.GameObject) (Card 0) did not match
[03:57:02] Enemy 3: Green_R(Clone) (UnityEngine.GameObject) (Card 1) did not match
[03:57:02] Enemy 3: Green_D(Clone) (UnityEngine.GameObject) (Card 2) did not match
[03:57:02] HasFoundMatch = False
[03:57:02] Top Deck Card:null
[03:57:02] Top card: Blue_8(Clone) (UnityEngine.GameObject)
[03:57:02] Top card: Blue_8(Clone) (CardProperties)
[03:57:02] Enemy 3: Green_1(Clone) (UnityEngine.GameObject) (Card 0) did not match
[03:57:02] Enemy 3: Green_R(Clone) (UnityEngine.GameObject) (Card 1) did not match
[03:57:02] Enemy 3: Green_D(Clone) (UnityEngine.GameObject) (Card 2) did not match
[03:57:02] HasFoundMatch = False
[03:57:02] Top Deck Card:null
[03:57:02] Top card: Blue_8(Clone) (UnityEngine.GameObject)
[03:57:02] Top card: Blue_8(Clone) (CardProperties)
[03:57:02] Enemy 3: Green_1(Clone) (UnityEngine.GameObject) (Card 0) did not match
[03:57:02] Enemy 3: Green_R(Clone) (UnityEngine.GameObject) (Card 1) did not match
[03:57:02] Enemy 3: Green_D(Clone) (UnityEngine.GameObject) (Card 2) did not match
[03:57:02] HasFoundMatch = False
[03:57:02] Top Deck Card:null
[03:57:02] Top card: Blue_8(Clone) (UnityEngine.GameObject)
[03:57:02] Top card: Blue_8(Clone) (CardProperties)
[03:57:02] Enemy 3: Green_1(Clone) (UnityEngine.GameObject) (Card 0) did not match
[03:57:02] Enemy 3: Green_R(Clone) (UnityEngine.GameObject) (Card 1) did not match
[03:57:02] Enemy 3: Green_D(Clone) (UnityEngine.GameObject) (Card 2) did not match
[03:57:02] HasFoundMatch = False
[03:57:02] Top Deck Card:null
[03:57:02] Top card: Blue_8(Clone) (UnityEngine.GameObject)
[03:57:02] Top card: Blue_8(Clone) (CardProperties)
[03:57:02] Enemy 3: Green_1(Clone) (UnityEngine.GameObject) (Card 0) did not match
[03:57:02] Enemy 3: Green_R(Clone) (UnityEngine.GameObject) (Card 1) did not match
[03:57:02] Enemy 3: Green_D(Clone) (UnityEngine.GameObject) (Card 2) did not match
[03:57:02] HasFoundMatch = False
[03:57:02] Top Deck Card:null
[03:57:02] Top card: Blue_8(Clone) (UnityEngine.GameObject)
[03:57:02] Top card: Blue_8(Clone) (CardProperties)
[03:57:02] Enemy 3: Green_1(Clone) (UnityEngine.GameObject) (Card 0) did not match
[03:57:02] Enemy 3: Green_R(Clone) (UnityEngine.GameObject) (Card 1) did not match
[03:57:02] Enemy 3: Green_D(Clone) (UnityEngine.GameObject) (Card 2) did not match
[03:57:02] HasFoundMatch = False
[03:57:02] Top Deck Card:null
[03:57:02] Top card: Blue_8(Clone) (UnityEngine.GameObject)
[03:57:02] Top card: Blue_8(Clone) (CardProperties)
[03:57:02] Enemy 3: Green_1(Clone) (UnityEngine.GameObject) (Card 0) did not match
[03:57:02] Enemy 3: Green_R(Clone) (UnityEngine.GameObject) (Card 1) did not match
[03:57:02] Enemy 3: Green_D(Clone) (UnityEngine.GameObject) (Card 2) did not match
[03:57:02] HasFoundMatch = False
[03:57:02] Top Deck Card:null
[03:57:02] Top card: Blue_8(Clone) (UnityEngine.GameObject)
[03:57:02] Top card: Blue_8(Clone) (CardProperties)
[03:57:02] Enemy 3: Green_1(Clone) (UnityEngine.GameObject) (Card 0) did not match
[03:57:02] Enemy 3: Green_R(Clone) (UnityEngine.GameObject) (Card 1) did not match
[03:57:02] Enemy 3: Green_D(Clone) (UnityEngine.GameObject) (Card 2) did not match
[03:57:02] HasFoundMatch = False
[03:57:02] Top Deck Card:null
[03:57:02] Top card: Blue_8(Clone) (UnityEngine.GameObject)
[03:57:02] Top card: Blue_8(Clone) (CardProperties)
[03:57:02] Enemy 3: Green_1(Clone) (UnityEngine.GameObject) (Card 0) did not match
[03:57:02] Enemy 3: Green_R(Clone) (UnityEngine.GameObject) (Card 1) did not match
[03:57:02] Enemy 3: Green_D(Clone) (UnityEngine.GameObject) (Card 2) did not match
[03:57:02] HasFoundMatch = False
[03:57:02] Top Deck Card:null
[03:57:02] Top card: Blue_8(Clone) (UnityEngine.GameObject)
[03:57:02] Top card: Blue_8(Clone) (CardProperties)
[03:57:02] Enemy 3: Green_1(Clone) (UnityEngine.GameObject) (Card 0) did not match
[03:57:02] Enemy 3: Green_R(Clone) (UnityEngine.GameObject) (Card 1) did not match
[03:57:02] Enemy 3: Green_D(Clone) (UnityEngine.GameObject) (Card 2) did not match
[03:57:02] HasFoundMatch = False
[03:57:02] Top Deck Card:null
[03:57:02] Top card: Blue_8(Clone) (UnityEngine.GameObject)
[03:57:02] Top card: Blue_8(Clone) (CardProperties)
[03:57:02] Enemy 3: Green_1(Clone) (UnityEngine.GameObject) (Card 0) did not match
[03:57:02] Enemy 3: Green_R(Clone) (UnityEngine.GameObject) (Card 1) did not match
[03:57:02] Enemy 3: Green_D(Clone) (UnityEngine.GameObject) (Card 2) did not match
[03:57:02] HasFoundMatch = False
[03:57:02] Top Deck Card:null
[03:57:02] Top card: Blue_8(Clone) (UnityEngine.GameObject)
[03:57:02] Top card: Blue_8(Clone) (CardProperties)
[03:57:02] Enemy 3: Green_1(Clone) (UnityEngine.GameObject) (Card 0) did not match
[03:57:02] Enemy 3: Green_R(Clone) (UnityEngine.GameObject) (Card 1) did not match
[03:57:02] Enemy 3: Green_D(Clone) (UnityEngine.GameObject) (Card 2) did not match
[03:57:02] HasFoundMatch = False
[03:57:02] Top Deck Card:null
[03:57:02] Top card: Blue_8(Clone) (UnityEngine.GameObject)
[03:57:02] Top card: Blue_8(Clone) (CardProperties)
[03:57:02] Enemy 3: Green_1(Clone) (UnityEngine.GameObject) (Card 0) did not match
[03:57:02] Enemy 3: Green_R(Clone) (UnityEngine.GameObject) (Card 1) did not match
[03:57:02] Enemy 3: Green_D(Clone) (UnityEngine.GameObject) (Card 2) did not match
[03:57:02] HasFoundMatch = False
[03:57:02] Top Deck Card:null
[03:57:02] Top card: Blue_8(Clone) (UnityEngine.GameObject)
[03:57:02] Top card: Blue_8(Clone) (CardProperties)
[03:57:02] Enemy 3: Green_1(Clone) (UnityEngine.GameObject) (Card 0) did not match
[03:57:02] Enemy 3: Green_R(Clone) (UnityEngine.GameObject) (Card 1) did not match
[03:57:02] Enemy 3: Green_D(Clone) (UnityEngine.GameObject) (Card 2) did not match
[03:57:02] HasFoundMatch = False
[03:57:02] Top Deck Card:null
[03:57:02] Top card: Blue_8(Clone) (UnityEngine.GameObject)
[03:57:02] Top card: Blue_8(Clone) (CardProperties)
[03:57:02] Enemy 3: Green_1(Clone) (UnityEngine.GameObject) (Card 0) did not match
[03:57:02] Enemy 3: Green_R(Clone) (UnityEngine.GameObject) (Card 1) did not match
[03:57:02] Enemy 3: Green_D(Clone) (UnityEngine.GameObject) (Card 2) did not match
[03:57:02] HasFoundMatch = False
[03:57:02] Top Deck Card:null
[03:57:02] Top card: Blue_8(Clone) (UnityEngine.GameObject)
[03:57:02] Top card: Blue_8(Clone) (CardProperties)
[03:57:02] Enemy 3: Green_1(Clone) (UnityEngine.GameObject) (Card 0) did not match
[03:57:02] Enemy 3: Green_R(Clone) (UnityEngine.GameObject) (Card 1) did not match
[03:57:02] Enemy 3: Green_D(Clone) (UnityEngine.GameObject) (Card 2) did not match
[03:57:02] HasFoundMatch = False
[03:57:02] Top Deck Card:null
[03:57:02] Top card: Blue_8(Clone) (UnityEngine.GameObject)
[03:57:02] Top card: Blue_8(Clone) (CardProperties)
[03:57:02] Enemy 3: Green_1(Clone) (UnityEngine.GameObject) (Card 0) did not match
[03:57:02] Enemy 3: Green_R(Clone) (UnityEngine.GameObject) (Card 1) did not match
[03:57:02] Enemy 3: Green_D(Clone) (UnityEngine.GameObject) (Card 2) did not match
[03:57:02] HasFoundMatch = False
[03:57:02] Top Deck Card:null
[03:57:02] Top card: Blue_8(Clone) (UnityEngine.GameObject)
[03:57:02] Top card: Blue_8(Clone) (CardProperties)
[03:57:02] Enemy 3: Green_1(Clone) (UnityEngine.GameObject) (Card 0) did not match
[03:57:02] Enemy 3: Green_R(Clone) (UnityEngine.GameObject) (Card 1) did not match
[03:57:02] Enemy 3: Green_D(Clone) (UnityEngine.GameObject) (Card 2) did not match
[03:57:02] HasFoundMatch = False
[03:57:02] Top Deck Card:null
[03:57:02] Top card: Blue_8(Clone) (UnityEngine.GameObject)
[03:57:02] Top card: Blue_8(Clone) (CardProperties)
[03:57:02] Enemy 3: Green_1(Clone) (UnityEngine.GameObject) (Card 0) did not match
[03:57:02] Enemy 3: Green_R(Clone) (UnityEngine.GameObject) (Card 1) did not match
[03:57:02] Enemy 3: Green_D(Clone) (UnityEngine.GameObject) (Card 2) did not match
[03:57:02] HasFoundMatch = False
[03:57:02] Top Deck Card:null
[03:57:02] Top card: Blue_8(Clone) (UnityEngine.GameObject)
[03:57:02] Top card: Blue_8(Clone) (CardProperties)
[03:57:02] Enemy 3: Green_1(Clone) (UnityEngine.GameObject) (Card 0) did not match
[03:57:02] Enemy 3: Green_R(Clone) (UnityEngine.GameObject) (Card 1) did not match
[03:57:02] Enemy 3: Green_D(Clone) (UnityEngine.GameObject) (Card 2) did not match
[03:57:02] HasFoundMatch = False
[03:57:02] Top Deck Card:null
[03:57:02] Top card: Blue_8(Clone) (UnityEngine.GameObject)
[03:57:02] Top card: Blue_8(Clone) (CardProperties)
[03:57:02] Enemy 3: Green_1(Clone) (UnityEngine.GameObject) (Card 0) did not match
[03:57:02] Enemy 3: Green_R(Clone) (UnityEngine.GameObject) (Card 1) did not match
[03:57:02] Enemy 3: Green_D(Clone) (UnityEngine.GameObject) (Card 2) did not match
[03:57:02] HasFoundMatch = False
[03:57:02] Top Deck Card:null
[03:57:02] Top card: Blue_8(Clone) (UnityEngine.GameObject)
[03:57:02] Top card: Blue_8(Clone) (CardProperties)
[03:57:02] Enemy 3: Green_1(Clone) (UnityEngine.GameObject) (Card 0) did not match
[03:57:02] Enemy 3: Green_R(Clone) (UnityEngine.GameObject) (Card 1) did not match
[03:57:02] Enemy 3: Green_D(Clone) (UnityEngine.GameObject) (Card 2) did not match
[03:57:02] HasFoundMatch = False
[03:57:02] Top Deck Card:null
[03:57:02] Top card: Blue_8(Clone) (UnityEngine.GameObject)
[03:57:02] Top card: Blue_8(Clone) (CardProperties)
[03:57:02] Enemy 3: Green_1(Clone) (UnityEngine.GameObject) (Card 0) did not match
[03:57:02] Enemy 3: Green_R(Clone) (UnityEngine.GameObject) (Card 1) did not match
[03:57:02] Enemy 3: Green_D(Clone) (UnityEngine.GameObject) (Card 2) did not match
[03:57:02] HasFoundMatch = False
[03:57:02] Top Deck Card:null
[03:57:02] Top card: Blue_8(Clone) (UnityEngine.GameObject)
[03:57:02] Top card: Blue_8(Clone) (CardProperties)
[03:57:02] Enemy 3: Green_1(Clone) (UnityEngine.GameObject) (Card 0) did not match
[03:57:02] Enemy 3: Green_R(Clone) (UnityEngine.GameObject) (Card 1) did not match
[03:57:02] Enemy 3: Green_D(Clone) (UnityEngine.GameObject) (Card 2) did not match
[03:57:02] HasFoundMatch = False
[03:57:02] Top Deck Card:null
[03:57:02] Top card: Blue_8(Clone) (UnityEngine.GameObject)
[03:57:02] Top card: Blue_8(Clone) (CardProperties)
[03:57:02] Enemy 3: Green_1(Clone) (UnityEngine.GameObject) (Card 0) did not match
[03:57:02] Enemy 3: Green_R(Clone) (UnityEngine.GameObject) (Card 1) did not match
[03:57:02] Enemy 3: Green_D(Clone) (UnityEngine.GameObject) (Card 2) did not match
[03:57:02] HasFoundMatch = False
[03:57:02] Top Deck Card:null
[03:57:02] Top card: Blue_8(Clone) (UnityEngine.GameObject)
[03:57:02] Top card: Blue_8(Clone) (CardProperties)
[03:57:02] Enemy 3: Green_1(Clone) (UnityEngine.GameObject) (Card 0) did not match
[03:57:02] Enemy 3: Green_R(Clone) (UnityEngine.GameObject) (Card 1) did not match
[03:57:02] Enemy 3: Green_D(Clone) (UnityEngine.GameObject) (Card 2) did not match
[03:57:02] HasFoundMatch = False
[03:57:02] Top Deck Card:null
[03:57:02] Top card: Blue_8(Clone) (UnityEngine.GameObject)
[03:57:02] Top card: Blue_8(Clone) (CardProperties)
[03:57:02] Enemy 3: Green_1(Clone) (UnityEngine.GameObject) (Card 0) did not match
[03:57:02] Enemy 3: Green_R(Clone) (UnityEngine.GameObject) (Card 1) did not match
[03:57:02] Enemy 3: Green_D(Clone) (UnityEngine.GameObject) (Card 2) did not match
[03:57:02] HasFoundMatch = False
[03:57:02] Top Deck Card:null
[03:57:02] Top card: Blue_8(Clone) (UnityEngine.GameObject)
[03:57:02] Top card: Blue_8(Clone) (CardProperties)
[03:57:02] Enemy 3: Green_1(Clone) (UnityEngine.GameObject) (Card 0) did not match
[03:57:02] Enemy 3: Green_R(Clone) (UnityEngine.GameObject) (Card 1) did not match
[03:57:02] Enemy 3: Green_D(Clone) (UnityEngine.GameObject) (Card 2) did not match
[03:57:02] HasFoundMatch = False
[03:57:02] Top Deck Card:null
[03:57:02] Top card: Blue_8(Clone) (UnityEngine.GameObject)
[03:57:02] Top card: Blue_8(Clone) (CardProperties)
[03:57:02] Enemy 3: Green_1(Clone) (UnityEngine.GameObject) (Card 0) did not match
[03:57:02] Enemy 3: Green_R(Clone) (UnityEngine.GameObject) (Card 1) did not match
[03:57:02] Enemy 3: Green_D(Clone) (UnityEngine.GameObject) (Card 2) did not match
[03:57:02] HasFoundMatch = False
[03:57:02] Top Deck Card:null
[03:57:02] Top card: Blue_8(Clone) (UnityEngine.GameObject)
[03:57:02] Top card: Blue_8(Clone) (CardProperties)
[03:57:02] Enemy 3: Green_1(Clone) (UnityEngine.GameObject) (Card 0) did not match
[03:57:02] Enemy 3: Green_R(Clone) (UnityEngine.GameObject) (Card 1) did not match
[03:57:02] Enemy 3: Green_D(Clone) (UnityEngine.GameObject) (Card 2) did not match
[03:57:02] HasFoundMatch = False
[03:57:02] Top Deck Card:null
[03:57:02] Top card: Blue_8(Clone) (UnityEngine.GameObject)
[03:57:02] Top card: Blue_8(Clone) (CardProperties)
[03:57:02] Enemy 3: Green_1(Clone) (UnityEngine.GameObject) (Card 0) did not match
[03:57:02] Enemy 3: Green_R(Clone) (UnityEngine.GameObject) (Card 1) did not match
[03:57:02] Enemy 3: Green_D(Clone) (UnityEngine.GameObject) (Card 2) did not match
[03:57:02] HasFoundMatch = False
[03:57:02] Top Deck Card:null
[03:57:02] Top card: Blue_8(Clone) (UnityEngine.GameObject)
[03:57:02] Top card: Blue_8(Clone) (CardProperties)
[03:57:02] Enemy 3: Green_1(Clone) (UnityEngine.GameObject) (Card 0) did not match
[03:57:02] Enemy 3: Green_R(Clone) (UnityEngine.GameObject) (Card 1) did not match
[03:57:02] Enemy 3: Green_D(Clone) (UnityEngine.GameObject) (Card 2) did not match
[03:57:02] HasFoundMatch = False
[03:57:02] Top Deck Card:null
[03:57:02] Top card: Blue_8(Clone) (UnityEngine.GameObject)
[03:57:02] Top card: Blue_8(Clone) (CardProperties)
[03:57:02] Enemy 3: Green_1(Clone) (UnityEngine.GameObject) (Card 0) did not match
[03:57:02] Enemy 3: Green_R(Clone) (UnityEngine.GameObject) (Card 1) did not match
[03:57:02] Enemy 3: Green_D(Clone) (UnityEngine.GameObject) (Card 2) did not match
[03:57:02] HasFoundMatch = False
[03:57:02] Top Deck Card:null
[03:57:02] Top card: Blue_8(Clone) (UnityEngine.GameObject)
[03:57:02] Top card: Blue_8(Clone) (CardProperties)
[03:57:02] Enemy 3: Green_1(Clone) (UnityEngine.GameObject) (Card 0) did not match
[03:57:02] Enemy 3: Green_R(Clone) (UnityEngine.GameObject) (Card 1) did not match
[03:57:02] Enemy 3: Green_D(Clone) (UnityEngine.GameObject) (Card 2) did not match
[03:57:02] HasFoundMatch = False
[03:57:02] Top Deck Card:null
[03:57:02] Top card: Blue_8(Clone) (UnityEngine.GameObject)
[03:57:02] Top card: Blue_8(Clone) (CardProperties)
[03:57:02] Enemy 3: Green_1(Clone) (UnityEngine.GameObject) (Card 0) did not match
[03:57:02] Enemy 3: Green_R(Clone) (UnityEngine.GameObject) (Card 1) did not match
[03:57:02] Enemy 3: Green_D(Clone) (UnityEngine.GameObject) (Card 2) did not match
[03:57:02] HasFoundMatch = False
[03:57:02] Top Deck Card:null
[03:57:02] Top card: Blue_8(Clone) (UnityEngine.GameObject)
[03:57:02] Top card: Blue_8(Clone) (CardProperties)
[03:57:02] Enemy 3: Green_1(Clone) (UnityEngine.GameObject) (Card 0) did not match
[03:57:02] Enemy 3: Green_R(Clone) (UnityEngine.GameObject) (Card 1) did not match
[03:57:02] Enemy 3: Green_D(Clone) (UnityEngine.GameObject) (Card 2) did not match
[03:57:02] HasFoundMatch = False
[03:57:02] Top Deck Card:null
[03:57:02] Top card: Blue_8(Clone) (UnityEngine.GameObject)
[03:57:02] Top card: Blue_8(Clone) (CardProperties)
[03:57:02] Enemy 3: Green_1(Clone) (UnityEngine.GameObject) (Card 0) did not match
[03:57:02] Enemy 3: Green_R(Clone) (UnityEngine.GameObject) (Card 1) did not match
[03:57:02] Enemy 3: Green_D(Clone) (UnityEngine.GameObject) (Card 2) did not match
[03:57:02] HasFoundMatch = False
[03:57:02] Top Deck Card:null
[03:57:02] Top card: Blue_8(Clone) (UnityEngine.GameObject)
[03:57:02] Top card: Blue_8(Clone) (CardProperties)
[03:57:02] Enemy 3: Green_1(Clone) (UnityEngine.GameObject) (Card 0) did not match
[03:57:02] Enemy 3: Green_R(Clone) (UnityEngine.GameObject) (Card 1) did not match
[03:57:02] Enemy 3: Green_D(Clone) (UnityEngine.GameObject) (Card 2) did not match
[03:57:02] HasFoundMatch = False
[03:57:02] Top Deck Card:null
[03:57:02] Top card: Blue_8(Clone) (UnityEngine.GameObject)
[03:57:02] Top card: Blue_8(Clone) (CardProperties)
[03:57:02] Enemy 3: Green_1(Clone) (UnityEngine.GameObject) (Card 0) did not match
[03:57:02] Enemy 3: Green_R(Clone) (UnityEngine.GameObject) (Card 1) did not match
[03:57:02] Enemy 3: Green_D(Clone) (UnityEngine.GameObject) (Card 2) did not match
[03:57:02] HasFoundMatch = False
[03:57:02] Top Deck Card:null
[03:57:02] Top card: Blue_8(Clone) (UnityEngine.GameObject)
[03:57:02] Top card: Blue_8(Clone) (CardProperties)
[03:57:02] Enemy 3: Green_1(Clone) (UnityEngine.GameObject) (Card 0) did not match
[03:57:02] Enemy 3: Green_R(Clone) (UnityEngine.GameObject) (Card 1) did not match
[03:57:02] Enemy 3: Green_D(Clone) (UnityEngine.GameObject) (Card 2) did not match
[03:57:02] HasFoundMatch = False
[03:57:02] Top Deck Card:null
[03:57:02] Top card: Blue_8(Clone) (UnityEngine.GameObject)
[03:57:02] Top card: Blue_8(Clone) (CardProperties)
[03:57:02] Enemy 3: Green_1(Clone) (UnityEngine.GameObject) (Card 0) did not match
[03:57:02] Enemy 3: Green_R(Clone) (UnityEngine.GameObject) (Card 1) did not match
[03:57:02] Enemy 3: Green_D(Clone) (UnityEngine.GameObject) (Card 2) did not match
[03:57:02] HasFoundMatch = False
[03:57:02] Top Deck Card:null
[03:57:02] Top card: Blue_8(Clone) (UnityEngine.GameObject)
[03:57:02] Top card: Blue_8(Clone) (CardProperties)
[03:57:02] Enemy 3: Green_1(Clone) (UnityEngine.GameObject) (Card 0) did not match
[03:57:02] Enemy 3: Green_R(Clone) (UnityEngine.GameObject) (Card 1) did not match
[03:57:02] Enemy 3: Green_D(Clone) (UnityEngine.GameObject) (Card 2) did not match
[03:57:02] HasFoundMatch = False
[03:57:02] Top Deck Card:null
[03:57:02] Top card: Blue_8(Clone) (UnityEngine.GameObject)
[03:57:02] Top card: Blue_8(Clone) (CardProperties)
[03:57:02] Enemy 3: Green_1(Clone) (UnityEngine.GameObject) (Card 0) did not match
[03:57:02] Enemy 3: Green_R(Clone) (UnityEngine.GameObject) (Card 1) did not match
[03:57:02] Enemy 3: Green_D(Clone) (UnityEngine.GameObject) (Card 2) did not match
[03:57:02] HasFoundMatch = False
[03:57:02] Top Deck Card:null
[03:57:02] Top card: Blue_8(Clone) (UnityEngine.GameObject)
[03:57:02] Top card: Blue_8(Clone) (CardProperties)
[03:57:02] Enemy 3: Green_1(Clone) (UnityEngine.GameObject) (Card 0) did not match
[03:57:02] Enemy 3: Green_R(Clone) (UnityEngine.GameObject) (Card 1) did not match
[03:57:02] Enemy 3: Green_D(Clone) (UnityEngine.GameObject) (Card 2) did not match
[03:57:02] HasFoundMatch = False
[03:57:02] Top Deck Card:null
[03:57:02] Top card: Blue_8(Clone) (UnityEngine.GameObject)
[03:57:02] Top card: Blue_8(Clone) (CardProperties)
[03:57:02] Enemy 3: Green_1(Clone) (UnityEngine.GameObject) (Card 0) did not match
[03:57:02] Enemy 3: Green_R(Clone) (UnityEngine.GameObject) (Card 1) did not match
[03:57:02] Enemy 3: Green_D(Clone) (UnityEngine.GameObject) (Card 2) did not match
[03:57:02] HasFoundMatch = False
[03:57:02] Top Deck Card:null
[03:57:02] Top card: Blue_8(Clone) (UnityEngine.GameObject)
[03:57:02] Top card: Blue_8(Clone) (CardProperties)
[03:57:02] Enemy 3: Green_1(Clone) (UnityEngine.GameObject) (Card 0) did not match
[03:57:02] Enemy 3: Green_R(Clone) (UnityEngine.GameObject) (Card 1) did not match
[03:57:02] Enemy 3: Green_D(Clone) (UnityEngine.GameObject) (Card 2) did not match
[03:57:02] HasFoundMatch = False
[03:57:02] Top Deck Card:null
[03:57:02] Top card: Blue_8(Clone) (UnityEngine.GameObject)
[03:57:02] Top card: Blue_8(Clone) (CardProperties)
[03:57:02] Enemy 3: Green_1(Clone) (UnityEngine.GameObject) (Card 0) did not match
[03:57:02] Enemy 3: Green_R(Clone) (UnityEngine.GameObject) (Card 1) did not match
[03:57:02] Enemy 3: Green_D(Clone) (UnityEngine.GameObject) (Card 2) did not match
[03:57:02] HasFoundMatch = False
[03:57:02] Top Deck Card:null
[03:57:02] Top card: Blue_8(Clone) (UnityEngine.GameObject)
[03:57:02] Top card: Blue_8(Clone) (CardProperties)
[03:57:02] Enemy 3: Green_1(Clone) (UnityEngine.GameObject) (Card 0) did not match
[03:57:02] Enemy 3: Green_R(Clone) (UnityEngine.GameObject) (Card 1) did not match
[03:57:02] Enemy 3: Green_D(Clone) (UnityEngine.GameObject) (Card 2) did not match
[03:57:02] HasFoundMatch = False
[03:57:02] Top Deck Card:null
[03:57:02] Top card: Blue_8(Clone) (UnityEngine.GameObject)
[03:57:02] Top card: Blue_8(Clone) (CardProperties)
[03:57:02] Enemy 3: Green_1(Clone) (UnityEngine.GameObject) (Card 0) did not match
[03:57:02] Enemy 3: Green_R(Clone) (UnityEngine.GameObject) (Card 1) did not match
[03:57:02] Enemy 3: Green_D(Clone) (UnityEngine.GameObject) (Card 2) did not match
[03:57:02] HasFoundMatch = False
[03:57:02] Top Deck Card:null
[03:57:02] Top card: Blue_8(Clone) (UnityEngine.GameObject)
[03:57:02] Top card: Blue_8(Clone) (CardProperties)
[03:57:02] Enemy 3: Green_1(Clone) (UnityEngine.GameObject) (Card 0) did not match
[03:57:02] Enemy 3: Green_R(Clone) (UnityEngine.GameObject) (Card 1) did not match
[03:57:02] Enemy 3: Green_D(Clone) (UnityEngine.GameObject) (Card 2) did not match
[03:57:02] HasFoundMatch = False
[03:57:02] Top Deck Card:null
[03:57:02] Top card: Blue_8(Clone) (UnityEngine.GameObject)
[03:57:02] Top card: Blue_8(Clone) (CardProperties)
[03:57:02] Enemy 3: Green_1(Clone) (UnityEngine.GameObject) (Card 0) did not match
[03:57:02] Enemy 3: Green_R(Clone) (UnityEngine.GameObject) (Card 1) did not match
[03:57:02] Enemy 3: Green_D(Clone) (UnityEngine.GameObject) (Card 2) did not match
[03:57:02] HasFoundMatch = False
[03:57:02] Top Deck Card:null
[03:57:02] Top card: Blue_8(Clone) (UnityEngine.GameObject)
[03:57:02] Top card: Blue_8(Clone) (CardProperties)
[03:57:02] Enemy 3: Green_1(Clone) (UnityEngine.GameObject) (Card 0) did not match
[03:57:02] Enemy 3: Green_R(Clone) (UnityEngine.GameObject) (Card 1) did not match
[03:57:02] Enemy 3: Green_D(Clone) (UnityEngine.GameObject) (Card 2) did not match
[03:57:02] HasFoundMatch = False
[03:57:02] Top Deck Card:null
[03:57:02] Top card: Blue_8(Clone) (UnityEngine.GameObject)
[03:57:02] Top card: Blue_8(Clone) (CardProperties)
[03:57:02] Enemy 3: Green_1(Clone) (UnityEngine.GameObject) (Card 0) did not match
[03:57:02] Enemy 3: Green_R(Clone) (UnityEngine.GameObject) (Card 1) did not match
[03:57:02] Enemy 3: Green_D(Clone) (UnityEngine.GameObject) (Card 2) did not match
[03:57:02] HasFoundMatch = False
[03:57:02] Top Deck Card:null
[03:57:02] Top card: Blue_8(Clone) (UnityEngine.GameObject)
[03:57:02] Top card: Blue_8(Clone) (CardProperties)
[03:57:02] Enemy 3: Green_1(Clone) (UnityEngine.GameObject) (Card 0) did not match
[03:57:02] Enemy 3: Green_R(Clone) (UnityEngine.GameObject) (Card 1) did not match
[03:57:02] Enemy 3: Green_D(Clone) (UnityEngine.GameObject) (Card 2) did not match
[03:57:02] HasFoundMatch = False
[03:57:02] Top Deck Card:null
[03:57:02] Top card: Blue_8(Clone) (UnityEngine.GameObject)
[03:57:02] Top card: Blue_8(Clone) (CardProperties)
[03:57:02] Enemy 3: Green_1(Clone) (UnityEngine.GameObject) (Card 0) did not match
[03:57:02] Enemy 3: Green_R(Clone) (UnityEngine.GameObject) (Card 1) did not match
[03:57:02] Enemy 3: Green_D(Clone) (UnityEngine.GameObject) (Card 2) did not match
[03:57:02] HasFoundMatch = False
[03:57:02] Top Deck Card:null
[03:57:02] Top card: Blue_8(Clone) (UnityEngine.GameObject)
[03:57:02] Top card: Blue_8(Clone) (CardProperties)
[03:57:02] Enemy 3: Green_1(Clone) (UnityEngine.GameObject) (Card 0) did not match
[03:57:02] Enemy 3: Green_R(Clone) (UnityEngine.GameObject) (Card 1) did not match
[03:57:02] Enemy 3: Green_D(Clone) (UnityEngine.GameObject) (Card 2) did not match
[03:57:02] HasFoundMatch = False
[03:57:02] Top Deck Card:null
[03:57:02] Top card: Blue_8(Clone) (UnityEngine.GameObject)
[03:57:02] Top card: Blue_8(Clone) (CardProperties)
[03:57:02] Enemy 3: Green_1(Clone) (UnityEngine.GameObject) (Card 0) did not match
[03:57:02] Enemy 3: Green_R(Clone) (UnityEngine.GameObject) (Card 1) did not match
[03:57:02] Enemy 3: Green_D(Clone) (UnityEngine.GameObject) (Card 2) did not match
[03:57:02] HasFoundMatch = False
[03:57:02] Top Deck Card:null
[03:57:02] Top card: Blue_8(Clone) (UnityEngine.GameObject)
[03:57:02] Top card: Blue_8(Clone) (CardProperties)
[03:57:02] Enemy 3: Green_1(Clone) (UnityEngine.GameObject) (Card 0) did not match
[03:57:02] Enemy 3: Green_R(Clone) (UnityEngine.GameObject) (Card 1) did not match
[03:57:02] Enemy 3: Green_D(Clone) (UnityEngine.GameObject) (Card 2) did not match
[03:57:02] HasFoundMatch = False
[03:57:02] Top Deck Card:null
[03:57:02] Top card: Blue_8(Clone) (UnityEngine.GameObject)
[03:57:02] Top card: Blue_8(Clone) (CardProperties)
[03:57:02] Enemy 3: Green_1(Clone) (UnityEngine.GameObject) (Card 0) did not match
[03:57:02] Enemy 3: Green_R(Clone) (UnityEngine.GameObject) (Card 1) did not match
[03:57:02] Enemy 3: Green_D(Clone) (UnityEngine.GameObject) (Card 2) did not match
[03:57:02] HasFoundMatch = False
[03:57:02] Top Deck Card:null
[03:57:02] Top card: Blue_8(Clone) (UnityEngine.GameObject)
[03:57:02] Top card: Blue_8(Clone) (CardProperties)
[03:57:02] Enemy 3: Green_1(Clone) (UnityEngine.GameObject) (Card 0) did not match
[03:57:02] Enemy 3: Green_R(Clone) (UnityEngine.GameObject) (Card 1) did not match
[03:57:02] Enemy 3: Green_D(Clone) (UnityEngine.GameObject) (Card 2) did not match
[03:57:02] HasFoundMatch = False
[03:57:02] Top Deck Card:null
[03:57:02] Top card: Blue_8(Clone) (UnityEngine.GameObject)
[03:57:02] Top card: Blue_8(Clone) (CardProperties)
[03:57:02] Enemy 3: Green_1(Clone) (UnityEngine.GameObject) (Card 0) did not match
[03:57:02] Enemy 3: Green_R(Clone) (UnityEngine.GameObject) (Card 1) did not match
[03:57:02] Enemy 3: Green_D(Clone) (UnityEngine.GameObject) (Card 2) did not match
[03:57:02] HasFoundMatch = False
[03:57:02] Top Deck Card:null
[03:57:02] Top card: Blue_8(Clone) (UnityEngine.GameObject)
[03:57:02] Top card: Blue_8(Clone) (CardProperties)
[03:57:02] Enemy 3: Green_1(Clone) (UnityEngine.GameObject) (Card 0) did not match
[03:57:02] Enemy 3: Green_R(Clone) (UnityEngine.GameObject) (Card 1) did not match
[03:57:02] Enemy 3: Green_D(Clone) (UnityEngine.GameObject) (Card 2) did not match
[03:57:02] HasFoundMatch = False
[03:57:02] Top Deck Card:null
[03:57:02] Top card: Blue_8(Clone) (UnityEngine.GameObject)
[03:57:02] Top card: Blue_8(Clone) (CardProperties)
[03:57:02] Enemy 3: Green_1(Clone) (UnityEngine.GameObject) (Card 0) did not match
[03:57:02] Enemy 3: Green_R(Clone) (UnityEngine.GameObject) (Card 1) did not match
[03:57:02] Enemy 3: Green_D(Clone) (UnityEngine.GameObject) (Card 2) did not match
[03:57:02] HasFoundMatch = False
[03:57:02] Top Deck Card:null
[03:57:02] Top card: Blue_8(Clone) (UnityEngine.GameObject)
[03:57:02] Top card: Blue_8(Clone) (CardProperties)
[03:57:02] Enemy 3: Green_1(Clone) (UnityEngine.GameObject) (Card 0) did not match
[03:57:02] Enemy 3: Green_R(Clone) (UnityEngine.GameObject) (Card 1) did not match
[03:57:02] Enemy 3: Green_D(Clone) (UnityEngine.GameObject) (Card 2) did not match
[03:57:02] HasFoundMatch = False
[03:57:02] Top Deck Card:null
[03:57:02] Top card: Blue_8(Clone) (UnityEngine.GameObject)
[03:57:02] Top card: Blue_8(Clone) (CardProperties)
[03:57:02] Enemy 3: Green_1(Clone) (UnityEngine.GameObject) (Card 0) did not match
[03:57:02] Enemy 3: Green_R(Clone) (UnityEngine.GameObject) (Card 1) did not match
[03:57:02] Enemy 3: Green_D(Clone) (UnityEngine.GameObject) (Card 2) did not match
[03:57:02] HasFoundMatch = False
[03:57:02] Top Deck Card:null
[03:57:02] Top card: Blue_8(Clone) (UnityEngine.GameObject)
[03:57:02] Top card: Blue_8(Clone) (CardProperties)
[03:57:02] Enemy 3: Green_1(Clone) (UnityEngine.GameObject) (Card 0) did not match
[03:57:02] Enemy 3: Green_R(Clone) (UnityEngine.GameObject) (Card 1) did not match
[03:57:02] Enemy 3: Green_D(Clone) (UnityEngine.GameObject) (Card 2) did not match
[03:57:02] HasFoundMatch = False
[03:57:02] Top Deck Card:null
[03:57:02] Top card: Blue_8(Clone) (UnityEngine.GameObject)
[03:57:02] Top card: Blue_8(Clone) (CardProperties)
[03:57:02] Enemy 3: Green_1(Clone) (UnityEngine.GameObject) (Card 0) did not match
[03:57:02] Enemy 3: Green_R(Clone) (UnityEngine.GameObject) (Card 1) did not match
[03:57:02] Enemy 3: Green_D(Clone) (UnityEngine.GameObject) (Card 2) did not match
[03:57:02] HasFoundMatch = False
[03:57:02] Top Deck Card:null
[03:57:02] Top card: Blue_8(Clone) (UnityEngine.GameObject)
[03:57:02] Top card: Blue_8(Clone) (CardProperties)
[03:57:02] Enemy 3: Green_1(Clone) (UnityEngine.GameObject) (Card 0) did not match
[03:57:02] Enemy 3: Green_R(Clone) (UnityEngine.GameObject) (Card 1) did not match
[03:57:02] Enemy 3: Green_D(Clone) (UnityEngine.GameObject) (Card 2) did not match
[03:57:02] HasFoundMatch = False
[03:57:02] Top Deck Card:null
[03:57:02] Top card: Blue_8(Clone) (UnityEngine.GameObject)
[03:57:02] Top card: Blue_8(Clone) (CardProperties)
[03:57:02] Enemy 3: Green_1(Clone) (UnityEngine.GameObject) (Card 0) did not match
[03:57:02] Enemy 3: Green_R(Clone) (UnityEngine.GameObject) (Card 1) did not match
[03:57:02] Enemy 3: Green_D(Clone) (UnityEngine.GameObject) (Card 2) did not match
[03:57:02] HasFoundMatch = False
[03:57:02] Top Deck Card:null
[03:57:02] Top card: Blue_8(Clone) (UnityEngine.GameObject)
[03:57:02] Top card: Blue_8(Clone) (CardProperties)
[03:57:02] Enemy 3: Green_1(Clone) (UnityEngine.GameObject) (Card 0) did not match
[03:57:02] Enemy 3: Green_R(Clone) (UnityEngine.GameObject) (Card 1) did not match
[03:57:02] Enemy 3: Green_D(Clone) (UnityEngine.GameObject) (Card 2) did not match
[03:57:02] HasFoundMatch = False
[03:57:02] Top Deck Card:null
[03:57:02] Top card: Blue_8(Clone) (UnityEngine.GameObject)
[03:57:02] Top card: Blue_8(Clone) (CardProperties)
[03:57:02] Enemy 3: Green_1(Clone) (UnityEngine.GameObject) (Card 0) did not match
[03:57:02] Enemy 3: Green_R(Clone) (UnityEngine.GameObject) (Card 1) did not match
[03:57:02] Enemy 3: Green_D(Clone) (UnityEngine.GameObject) (Card 2) did not match
[03:57:02] HasFoundMatch = False
[03:57:02] Top Deck Card:null
[03:57:02] Top card: Blue_8(Clone) (UnityEngine.GameObject)
[03:57:02] Top card: Blue_8(Clone) (CardProperties)
[03:57:02] Enemy 3: Green_1(Clone) (UnityEngine.GameObject) (Card 0) did not match
[03:57:02] Enemy 3: Green_R(Clone) (UnityEngine.GameObject) (Card 1) did not match
[03:57:02] Enemy 3: Green_D(Clone) (UnityEngine.GameObject) (Card 2) did not match
[03:57:02] HasFoundMatch = False
[03:57:02] Top Deck Card:null
[03:57:02] Top card: Blue_8(Clone) (UnityEngine.GameObject)
[03:57:02] Top card: Blue_8(Clone) (CardProperties)
[03:57:02] Enemy 3: Green_1(Clone) (UnityEngine.GameObject) (Card 0) did not match
[03:57:02] Enemy 3: Green_R(Clone) (UnityEngine.GameObject) (Card 1) did not match
[03:57:02] Enemy 3: Green_D(Clone) (UnityEngine.GameObject) (Card 2) did not match
[03:57:02] HasFoundMatch = False
[03:57:02] Top Deck Card:null
[03:57:02] Top card: Blue_8(Clone) (UnityEngine.GameObject)
[03:57:02] Top card: Blue_8(Clone) (CardProperties)
[03:57:02] Enemy 3: Green_1(Clone) (UnityEngine.GameObject) (Card 0) did not match
[03:57:02] Enemy 3: Green_R(Clone) (UnityEngine.GameObject) (Card 1) did not match
[03:57:02] Enemy 3: Green_D(Clone) (UnityEngine.GameObject) (Card 2) did not match
[03:57:02] HasFoundMatch = False
[03:57:02] Top Deck Card:null
[03:57:02] Top card: Blue_8(Clone) (UnityEngine.GameObject)
[03:57:02] Top card: Blue_8(Clone) (CardProperties)
[03:57:02] Enemy 3: Green_1(Clone) (UnityEngine.GameObject) (Card 0) did not match
[03:57:02] Enemy 3: Green_R(Clone) (UnityEngine.GameObject) (Card 1) did not match
[03:57:02] Enemy 3: Green_D(Clone) (UnityEngine.GameObject) (Card 2) did not match
[03:57:02] HasFoundMatch = False
[03:57:02] Top Deck Card:null
[03:57:02] Top card: Blue_8(Clone) (UnityEngine.GameObject)
[03:57:02] Top card: Blue_8(Clone) (CardProperties)
[03:57:02] Enemy 3: Green_1(Clone) (UnityEngine.GameObject) (Card 0) did not match
[03:57:02] Enemy 3: Green_R(Clone) (UnityEngine.GameObject) (Card 1) did not match
[03:57:02] Enemy 3: Green_D(Clone) (UnityEngine.GameObject) (Card 2) did not match
[03:57:02] HasFoundMatch = False
[03:57:02] Top Deck Card:null
[03:57:02] Top card: Blue_8(Clone) (UnityEngine.GameObject)
[03:57:02] Top card: Blue_8(Clone) (CardProperties)
[03:57:02] Enemy 3: Green_1(Clone) (UnityEngine.GameObject) (Card 0) did not match
[03:57:02] Enemy 3: Green_R(Clone) (UnityEngine.GameObject) (Card 1) did not match
[03:57:02] Enemy 3: Green_D(Clone) (UnityEngine.GameObject) (Card 2) did not match
[03:57:02] HasFoundMatch = False
[03:57:02] Top Deck Card:null
