[07:38:05] Top card: 
[07:38:05] Delt cards
[07:38:05] Top card: 
[07:38:05] Top card: 
[07:38:05] Top card: 
[07:38:05] Top card: 
[07:38:05] Top card: 
[07:38:05] Top card: 
[07:38:05] Top card: 
[07:38:05] Top card: 
[07:38:05] Top card: 
[07:38:05] Top card: 
[07:38:05] Top card: 
[07:38:05] Top card: 
[07:38:05] Top card: 
[07:38:05] Top card: 
[07:38:05] Top card: 
[07:38:05] Top card: 
[07:38:05] Top card: 
[07:38:05] Top card: 
[07:38:05] Top card: 
[07:38:05] Top card: 
[07:38:05] Player: Played CardW(Clone) (UnityEngine.GameObject)
[07:38:05] Wild Menu shown
[07:38:05] Turns: 1
[07:38:05] Turns: 1
[07:38:05] Player called red
[07:38:05] Wild Menu hidden
[07:38:05] Top card: CardW(Clone) (UnityEngine.GameObject)
[07:38:05] Top card: CardW(Clone) (UnityEngine.GameObject)
[07:38:05] Enemy 1: CardW4(Clone) (UnityEngine.GameObject) (Card 0) did not match
[07:38:05] Enemy 1: Played CardW(Clone) (UnityEngine.GameObject) (Card 1)
[07:38:05] Turns: 2
[07:38:05] Top card: CardW(Clone) (UnityEngine.GameObject)
[07:38:05] Top card: CardW(Clone) (UnityEngine.GameObject)
[07:38:05] Enemy 2: Played CardW(Clone) (UnityEngine.GameObject) (Card 0)
[07:38:05] Turns: 3
[07:38:05] Top card: CardW(Clone) (UnityEngine.GameObject)
[07:38:05] Top card: CardW(Clone) (UnityEngine.GameObject)
[07:38:05] Enemy 3: Played CardW(Clone) (UnityEngine.GameObject) (Card 0)
[07:38:05] Turns: 0
[07:38:05] Player: Played CardW4(Clone) (UnityEngine.GameObject)
[07:38:05] Wild Menu shown
[07:38:05] Turns: 1
[07:38:05] Turns: 1
[07:38:05] Player called yellow
[07:38:05] Wild Menu hidden
[07:38:05] Top card: CardW4(Clone) (UnityEngine.GameObject)
[07:38:05] Top card: CardW4(Clone) (UnityEngine.GameObject)
[07:38:05] Enemy 1: Played CardW4(Clone) (UnityEngine.GameObject) (Card 0)
[07:38:05] Turns: 2
[07:38:05] Top card: CardW4(Clone) (UnityEngine.GameObject)
[07:38:05] Top card: CardW4(Clone) (UnityEngine.GameObject)
[07:38:05] Enemy 2: CardW(Clone) (UnityEngine.GameObject) (Card 0) did not match
[07:38:05] Enemy 2: CardW(Clone) (UnityEngine.GameObject) (Card 1) did not match
[07:38:05] Enemy 2: CardW(Clone) (UnityEngine.GameObject) (Card 2) did not match
[07:38:05] Enemy 2: Played CardW4(Clone) (UnityEngine.GameObject) (Card 3)
[07:38:05] Turns: 3
[07:38:05] Top card: CardW4(Clone) (UnityEngine.GameObject)
[07:38:05] Top card: CardW4(Clone) (UnityEngine.GameObject)
[07:38:05] Enemy 3: Played CardW4(Clone) (UnityEngine.GameObject) (Card 0)
[07:38:05] Turns: 0
