[04:32:31] Top card: 
[04:32:31] Delt cards
[04:32:31] Top card: Yellow_D(Clone) (UnityEngine.GameObject)
[04:32:31] Top card: Yellow_D(Clone) (UnityEngine.GameObject)
[04:32:31] Top card: Yellow_D(Clone) (UnityEngine.GameObject)
[04:32:31] Top card: Yellow_D(Clone) (UnityEngine.GameObject)
[04:32:31] Top card: Yellow_D(Clone) (UnityEngine.GameObject)
[04:32:31] Top card: Yellow_D(Clone) (UnityEngine.GameObject)
[04:32:31] Top card: Yellow_D(Clone) (UnityEngine.GameObject)
[04:32:31] Top card: Yellow_D(Clone) (UnityEngine.GameObject)
[04:32:31] Top card: Yellow_D(Clone) (UnityEngine.GameObject)
[04:32:31] Top card: Yellow_D(Clone) (UnityEngine.GameObject)
[04:32:31] Top card: Yellow_D(Clone) (UnityEngine.GameObject)
[04:32:31] Top card: Yellow_D(Clone) (UnityEngine.GameObject)
[04:32:31] Top card: Yellow_D(Clone) (UnityEngine.GameObject)
[04:32:31] Top card: Yellow_D(Clone) (UnityEngine.GameObject)
[04:32:31] Top card: Yellow_D(Clone) (UnityEngine.GameObject)
[04:32:31] Top card: Yellow_D(Clone) (UnityEngine.GameObject)
[04:32:31] Top card: Yellow_D(Clone) (UnityEngine.GameObject)
[04:32:31] Top card: Yellow_D(Clone) (UnityEngine.GameObject)
[04:32:31] Top card: Yellow_D(Clone) (UnityEngine.GameObject)
[04:32:31] Top card: Yellow_D(Clone) (UnityEngine.GameObject)
[04:32:31] Top card: Yellow_D(Clone) (UnityEngine.GameObject)
[04:32:31] Top card: Yellow_D(Clone) (UnityEngine.GameObject)
[04:32:31] Top card: Yellow_D(Clone) (UnityEngine.GameObject)
[04:32:31] Top card: Yellow_D(Clone) (UnityEngine.GameObject)
[04:32:31] Top card: Yellow_D(Clone) (UnityEngine.GameObject)
[04:32:31] Top card: Yellow_D(Clone) (UnityEngine.GameObject)
[04:32:31] Top card: Yellow_D(Clone) (UnityEngine.GameObject)
[04:32:31] Top card: Yellow_D(Clone) (UnityEngine.GameObject)
[06:43:28] Top card: 
[06:43:28] Delt cards
[06:43:28] Top card: 
[06:43:28] Top card: 
[06:43:28] Top card: 
[06:43:28] Top card: 
[06:43:28] Top card: 
[06:43:28] Top card: 
[06:43:28] Top card: 
[06:43:28] Top card: 
[06:43:28] Top card: 
[06:43:28] Top card: 
[06:43:28] Top card: 
[06:43:28] Top card: 
[06:43:28] Top card: 
[06:43:28] Top card: 
[06:43:28] Top card: 
[06:43:28] Top card: 
[06:43:28] Top card: 
[06:43:28] Top card: 
[06:43:28] Top card: 
[06:43:28] Top card: 
[06:43:28] Player: Played CardW(Clone) (UnityEngine.GameObject)
[06:43:28] Wild Menu shown
[06:43:28] Turns: 1
[06:43:28] Turns: 1
[06:43:28] Top card: CardW(Clone) (UnityEngine.GameObject)
[06:43:28] Top card: CardW(Clone) (UnityEngine.GameObject)
[06:43:28] Enemy 1: Played CardW(Clone) (UnityEngine.GameObject) (Card 0)
[06:43:28] Turns: 2
[06:43:28] Top card: CardW(Clone) (UnityEngine.GameObject)
[06:43:28] Top card: CardW(Clone) (UnityEngine.GameObject)
[06:43:28] Enemy 2: Played CardW(Clone) (UnityEngine.GameObject) (Card 0)
[06:43:28] Turns: 3
[06:43:28] Top card: CardW(Clone) (UnityEngine.GameObject)
[06:43:28] Top card: CardW(Clone) (UnityEngine.GameObject)
[06:43:28] Enemy 3: CardW4(Clone) (UnityEngine.GameObject) (Card 0) did not match
[06:43:28] Enemy 3: Played CardW(Clone) (UnityEngine.GameObject) (Card 1)
[06:43:28] Turns: 0
[09:36:39] Top card: 
[09:36:39] Delt cards
[09:36:39] Top card: CardW4(Clone) (UnityEngine.GameObject)
[09:36:39] Top card: CardW4(Clone) (UnityEngine.GameObject)
[09:36:39] Top card: CardW4(Clone) (UnityEngine.GameObject)
[09:36:39] Top card: CardW4(Clone) (UnityEngine.GameObject)
[09:36:39] Top card: CardW4(Clone) (UnityEngine.GameObject)
[09:36:39] Top card: CardW4(Clone) (UnityEngine.GameObject)
[09:36:39] Top card: CardW4(Clone) (UnityEngine.GameObject)
[09:36:39] Top card: CardW4(Clone) (UnityEngine.GameObject)
[09:36:39] Top card: CardW4(Clone) (UnityEngine.GameObject)
[09:36:39] Top card: CardW4(Clone) (UnityEngine.GameObject)
[09:36:39] Top card: CardW4(Clone) (UnityEngine.GameObject)
[09:36:39] Top card: CardW4(Clone) (UnityEngine.GameObject)
[09:36:39] Top card: CardW4(Clone) (UnityEngine.GameObject)
[09:36:39] Top card: CardW4(Clone) (UnityEngine.GameObject)
[09:36:39] Top card: CardW4(Clone) (UnityEngine.GameObject)
[09:36:39] Top card: CardW4(Clone) (UnityEngine.GameObject)
[09:36:39] Top card: CardW4(Clone) (UnityEngine.GameObject)
[09:36:39] Top card: CardW4(Clone) (UnityEngine.GameObject)
[09:36:39] Top card: CardW4(Clone) (UnityEngine.GameObject)
[09:36:39] Top card: CardW4(Clone) (UnityEngine.GameObject)
[09:36:39] Top card: CardW4(Clone) (UnityEngine.GameObject)
[09:36:39] Top card: CardW4(Clone) (UnityEngine.GameObject)
[09:36:39] Top card: CardW4(Clone) (UnityEngine.GameObject)
[09:36:39] Top card: CardW4(Clone) (UnityEngine.GameObject)
[09:36:39] Top card: CardW4(Clone) (UnityEngine.GameObject)
[09:36:39] Top card: CardW4(Clone) (UnityEngine.GameObject)
[09:36:39] Top card: CardW4(Clone) (UnityEngine.GameObject)
[09:36:39] Top card: CardW4(Clone) (UnityEngine.GameObject)
[09:36:39] Player: Played Red_6(Clone) (UnityEngine.GameObject)
[09:36:39] Turns: 1
[09:36:39] Turns: 1
[09:36:39] Top card: Red_6(Clone) (UnityEngine.GameObject)
[09:36:39] Top card: Red_6(Clone) (CardProperties)
[09:36:39] Enemy 1: Played Green_6(Clone) (UnityEngine.GameObject) (Card 0)
[09:36:39] Turns: 2
[09:36:39] Top card: Green_6(Clone) (UnityEngine.GameObject)
[09:36:39] Top card: Green_6(Clone) (CardProperties)
[09:36:39] Enemy 2: Red_D(Clone) (UnityEngine.GameObject) (Card 0) did not match
[09:36:39] Enemy 2: Yellow_5(Clone) (UnityEngine.GameObject) (Card 1) did not match
[09:36:39] Enemy 2: Yellow_7(Clone) (UnityEngine.GameObject) (Card 2) did not match
[09:36:39] Enemy 2: Blue_5(Clone) (UnityEngine.GameObject) (Card 3) did not match
[09:36:39] Enemy 2: CardW(Clone) (UnityEngine.GameObject) (Card 4) did not match
[09:36:39] Enemy 2: Played Green_7(Clone) (UnityEngine.GameObject) (Card 5)
[09:36:39] Turns: 3
[09:36:39] Top card: Green_7(Clone) (UnityEngine.GameObject)
[09:36:39] Top card: Green_7(Clone) (CardProperties)
[09:36:39] Enemy 3: Blue_S(Clone) (UnityEngine.GameObject) (Card 0) did not match
[09:36:39] Enemy 3: Played Green_D(Clone) (UnityEngine.GameObject) (Card 1)
[09:36:39] Turns: 0
