[02:49:24] Top card: 
[09:33:47] Top card: 
[09:33:47] Delt cards
[09:33:47] Player: Played Green_S
[09:33:47] Made it this far (TurnManager)
[09:33:47] Skipped Player
[09:33:47] Turns: 2
[09:33:47] Turns: 2
[09:33:47] Top card: Green_S(Clone) (UnityEngine.GameObject)
[09:33:47] Top card: Green_S(Clone) (CardProperties)
[09:33:47] Enemy 2: Blue_2(Clone) (UnityEngine.GameObject) (Card 0) did not match
[09:33:47] Enemy 2: Red_5(Clone) (UnityEngine.GameObject) (Card 1) did not match
[09:33:47] Enemy 2: Blue_S(Clone) (UnityEngine.GameObject) (Card 2) did not match
[09:33:47] Enemy 2: Red_2(Clone) (UnityEngine.GameObject) (Card 3) did not match
[09:33:47] Enemy 2: Blue_6(Clone) (UnityEngine.GameObject) (Card 4) did not match
[09:33:47] Enemy 2: Played Green_D(Clone) (UnityEngine.GameObject) (Card 5)
[09:33:47] Turns: 3
[09:33:47] Top card: Green_D(Clone) (UnityEngine.GameObject)
[09:33:47] Top Deck Card:Red_9(Clone) (UnityEngine.GameObject)
[09:33:47] Enemy 3: Drew Red_9(Clone) (UnityEngine.GameObject)
[09:33:47] Top Deck Card:Red_8(Clone) (UnityEngine.GameObject)
[09:33:47] Enemy 3: Drew Red_8(Clone) (UnityEngine.GameObject)
[09:33:47] Enemy 3: Drew 2 cards
[09:33:47] Skipped Enemy 3
