[06:12:55] Player received: Yellow_D(Clone)
[06:12:55] Enemy1 received: Yellow_4(Clone)
[06:12:55] Enemy2 received: Green_R(Clone)
[06:12:55] Enemy3 received: Yellow_1(Clone)
[06:12:55] Player received: Blue_5(Clone)
[06:12:55] Enemy1 received: Green_5(Clone)
[06:12:55] Enemy2 received: Green_0(Clone)
[06:12:55] Enemy3 received: CardW(Clone)
[06:12:55] Player received: CardW4(Clone)
[06:12:55] Enemy1 received: Green_6(Clone)
[06:12:55] Enemy2 received: Blue_7(Clone)
[06:12:55] Enemy3 received: Yellow_7(Clone)
[06:12:55] Player received: Green_D(Clone)
[06:12:55] Enemy1 received: Blue_D(Clone)
[06:12:55] Enemy2 received: Green_S(Clone)
[06:12:55] Enemy3 received: Yellow_0(Clone)
[06:12:55] Player received: Red_1(Clone)
[06:12:55] Enemy1 received: Green_4(Clone)
[06:12:55] Enemy2 received: Blue_4(Clone)
[06:12:55] Enemy3 received: Yellow_D(Clone)
[06:12:55] Player received: Red_7(Clone)
[06:12:55] Enemy1 received: Yellow_9(Clone)
[06:12:55] Enemy2 received: Red_8(Clone)
[06:12:55] Enemy3 received: Blue_8(Clone)
[06:12:55] Player received: Red_D(Clone)
[06:12:55] Enemy1 received: Red_D(Clone)
[06:12:55] Enemy2 received: Green_8(Clone)
[06:12:55] Enemy3 received: Green_D(Clone)
[06:12:55] DiscardPile received: Yellow_4(Clone)
[06:12:55] Dealt cards
[06:12:55] Player: Played Red_D
[06:12:55] Turns: 1
[06:12:55] Top card: Red_D(Clone) (UnityEngine.GameObject)
[06:12:55] Top Deck Card:Blue_3(Clone) (UnityEngine.GameObject)
[06:12:55] Enemy 1: Drew Blue_3(Clone) (UnityEngine.GameObject)
[06:12:55] Top Deck Card:Yellow_3(Clone) (UnityEngine.GameObject)
[06:12:55] Enemy 1: Drew Yellow_3(Clone) (UnityEngine.GameObject)
[06:12:55] Enemy 1: Drew 2 cards
[06:12:55] Turns: 2
[06:12:55] Top card: Red_D(Clone) (UnityEngine.GameObject)
[06:12:55] Red_8(Clone) (UnityEngine.GameObject) was added to PlayableCards
[06:12:55] Enemy 2: Played Red_8(Clone)
[06:12:55] HasPlayableCard = true
[06:12:55] Turns: 3
[06:12:55] Top card: Red_8(Clone) (UnityEngine.GameObject)
[06:12:55] CardW(Clone) (UnityEngine.GameObject) was added to PlayableCards
[06:12:55] Blue_8(Clone) (UnityEngine.GameObject) was added to PlayableCards
[06:12:55] Enemy 3: Played Blue_8(Clone)
[06:12:55] HasPlayableCard = true
[06:12:55] Turns: 0
