[09:35:27]Top card: 
[09:35:27]Top card: Blue_5(Clone) (UnityEngine.GameObject)
[09:35:27]Top card: Blue_5(Clone) (UnityEngine.GameObject)
[09:35:27]Top card: Blue_5(Clone) (UnityEngine.GameObject)
[09:35:27]Top card: Blue_5(Clone) (UnityEngine.GameObject)
[09:35:27]Top card: Blue_5(Clone) (UnityEngine.GameObject)
[09:35:27]Top card: Blue_5(Clone) (UnityEngine.GameObject)
[09:35:27]Top card: Blue_5(Clone) (UnityEngine.GameObject)
[09:35:27]Top card: Blue_5(Clone) (UnityEngine.GameObject)
[09:35:27]Top card: Blue_5(Clone) (UnityEngine.GameObject)
[09:35:27]Top card: Blue_5(Clone) (UnityEngine.GameObject)
[09:35:27]Top card: Blue_5(Clone) (UnityEngine.GameObject)
[09:35:27]Top card: Blue_5(Clone) (UnityEngine.GameObject)
[09:35:27]Top card: Blue_5(Clone) (UnityEngine.GameObject)
[09:35:27]Top card: Blue_5(Clone) (UnityEngine.GameObject)
[09:35:27]Top card: Blue_5(Clone) (UnityEngine.GameObject)
[09:35:27]Top card: Blue_5(Clone) (UnityEngine.GameObject)
[09:35:27]Top card: Blue_5(Clone) (UnityEngine.GameObject)
[09:35:27]Top card: Blue_5(Clone) (UnityEngine.GameObject)
[09:35:27]Top card: Blue_5(Clone) (UnityEngine.GameObject)
[09:35:27]Top card: Blue_5(Clone) (UnityEngine.GameObject)
[09:35:27]Top card: Blue_5(Clone) (UnityEngine.GameObject)
[09:35:27]Top card: Blue_5(Clone) (UnityEngine.GameObject)
[09:35:27]Top card: Blue_5(Clone) (UnityEngine.GameObject)
[09:35:27]Top card: Blue_5(Clone) (UnityEngine.GameObject)
[09:35:27]Top card: Blue_5(Clone) (UnityEngine.GameObject)
[09:35:27]Top card: Blue_5(Clone) (UnityEngine.GameObject)
[09:35:27]Top card: Blue_5(Clone) (UnityEngine.GameObject)
[09:35:27]Top card: Blue_5(Clone) (UnityEngine.GameObject)
[09:35:27]Player: played card
[09:35:27]Turns = 1
[09:35:27]DiscardCounter: 1
[09:35:27]Top card: Blue_D(Clone) (UnityEngine.GameObject)
[09:35:27]Blue_1(Clone) (UnityEngine.GameObject)
[09:35:27]Top card: Blue_D(Clone) (UnityEngine.GameObject)
[09:35:27]Enemy 2: Played Blue_8(Clone) (UnityEngine.GameObject)
[09:35:27]Turns: 3
[09:35:27]Top card: Blue_8(Clone) (UnityEngine.GameObject)
[09:35:27]Enemy 3: Green_7(Clone) (UnityEngine.GameObject) (Card 0) did not match
[09:35:27]Enemy 3: Green_D(Clone) (UnityEngine.GameObject) (Card 1) did not match
[09:35:27]Enemy 3: Played Green_8(Clone) (UnityEngine.GameObject)
[09:35:27]Turns: 0
[10:41:13]Top card: 
[10:41:13]Top card: CardW(Clone) (UnityEngine.GameObject)
[10:41:13]Top card: CardW(Clone) (UnityEngine.GameObject)
[10:41:13]Top card: CardW(Clone) (UnityEngine.GameObject)
[10:41:13]Top card: CardW(Clone) (UnityEngine.GameObject)
[10:41:13]Top card: CardW(Clone) (UnityEngine.GameObject)
[10:41:13]Top card: CardW(Clone) (UnityEngine.GameObject)
[10:41:13]Top card: CardW(Clone) (UnityEngine.GameObject)
[10:41:13]Top card: CardW(Clone) (UnityEngine.GameObject)
[10:41:13]Top card: CardW(Clone) (UnityEngine.GameObject)
[10:41:13]Top card: CardW(Clone) (UnityEngine.GameObject)
[10:41:13]Top card: CardW(Clone) (UnityEngine.GameObject)
[10:41:13]Top card: CardW(Clone) (UnityEngine.GameObject)
[10:41:13]Top card: CardW(Clone) (UnityEngine.GameObject)
[10:41:13]Top card: CardW(Clone) (UnityEngine.GameObject)
[10:41:13]Top card: CardW(Clone) (UnityEngine.GameObject)
[10:41:13]Top card: CardW(Clone) (UnityEngine.GameObject)
[10:41:13]Top card: CardW(Clone) (UnityEngine.GameObject)
[10:41:13]Top card: CardW(Clone) (UnityEngine.GameObject)
[10:41:13]Top card: CardW(Clone) (UnityEngine.GameObject)
[10:41:13]Top card: CardW(Clone) (UnityEngine.GameObject)
[10:41:13]Top card: CardW(Clone) (UnityEngine.GameObject)
[10:41:13]Top card: CardW(Clone) (UnityEngine.GameObject)
[10:41:13]Top card: CardW(Clone) (UnityEngine.GameObject)
[10:41:13]Top card: CardW(Clone) (UnityEngine.GameObject)
[10:41:13]Top card: CardW(Clone) (UnityEngine.GameObject)
[10:41:13]Top card: CardW(Clone) (UnityEngine.GameObject)
[10:41:13]Top card: CardW(Clone) (UnityEngine.GameObject)
[10:41:13]Top card: CardW(Clone) (UnityEngine.GameObject)
[10:41:13]Player: played card
[10:41:13]Turns: 1
[10:41:13]DiscardCounter: 1
[10:41:13]Top card: Green_R(Clone) (UnityEngine.GameObject)
[10:41:13]Game Reversed (Not). Continuing as normal
[10:41:13]Top card: Green_R(Clone) (UnityEngine.GameObject)
[10:41:13]Enemy 1: Yellow_2(Clone) (UnityEngine.GameObject) (Card 0) did not match
[10:41:13]Enemy 1: Blue_9(Clone) (UnityEngine.GameObject) (Card 1) did not match
[10:41:13]Enemy 1: Blue_S(Clone) (UnityEngine.GameObject) (Card 2) did not match
[10:41:13]Turns: 2
[10:41:13]Enemy 1: Played Green_5(Clone) (UnityEngine.GameObject) (Card 3)
[10:41:13]Top card: Green_5(Clone) (UnityEngine.GameObject)
[10:41:13]Top card: Green_5(Clone) (UnityEngine.GameObject)
[10:41:13]Enemy 2: CardW4(Clone) (UnityEngine.GameObject) (Card 0) did not match
[10:41:13]Turns: 3
[10:41:13]Enemy 2: Played Green_6(Clone) (UnityEngine.GameObject) (Card 1)
[10:41:13]Top card: Green_6(Clone) (UnityEngine.GameObject)
[10:41:13]Top card: Green_6(Clone) (UnityEngine.GameObject)
[10:41:13]Enemy 3: Red_7(Clone) (UnityEngine.GameObject) (Card 0) did not match
[10:41:13]Enemy 3: Blue_7(Clone) (UnityEngine.GameObject) (Card 1) did not match
[10:41:13]Enemy 3: Yellow_D(Clone) (UnityEngine.GameObject) (Card 2) did not match
[10:41:13]Enemy 3: Yellow_4(Clone) (UnityEngine.GameObject) (Card 3) did not match
[10:41:13]Enemy 3: Red_5(Clone) (UnityEngine.GameObject) (Card 4) did not match
[10:41:13]Enemy 3: Yellow_3(Clone) (UnityEngine.GameObject) (Card 5) did not match
[10:41:13]Turns: 0
[10:41:13]Enemy 3: Played Yellow_6(Clone) (UnityEngine.GameObject) (Card 6)
[10:41:13]Player: played card
[10:41:13]Turns: 1
[10:41:13]DiscardCounter: 1
[10:41:13]Top card: Yellow_5(Clone) (UnityEngine.GameObject)
[10:41:13]Top card: Yellow_5(Clone) (UnityEngine.GameObject)
[10:41:13]Turns: 2
[10:41:13]Enemy 1: Played Yellow_2(Clone) (UnityEngine.GameObject) (Card 0)
[10:41:13]Top card: Yellow_2(Clone) (UnityEngine.GameObject)
[10:41:13]Top card: Yellow_2(Clone) (UnityEngine.GameObject)
[10:41:13]Enemy 2: CardW4(Clone) (UnityEngine.GameObject) (Card 0) did not match
[10:41:13]Enemy 2: Green_6(Clone) (UnityEngine.GameObject) (Card 1) did not match
[10:41:13]Enemy 2: Green_S(Clone) (UnityEngine.GameObject) (Card 2) did not match
[10:41:13]Enemy 2: Green_1(Clone) (UnityEngine.GameObject) (Card 3) did not match
[10:41:13]Enemy 2: Red_3(Clone) (UnityEngine.GameObject) (Card 4) did not match
[10:41:13]Enemy 2: Blue_1(Clone) (UnityEngine.GameObject) (Card 5) did not match
[10:41:13]Turns: 3
[10:41:13]Enemy 2: Played Yellow_8(Clone) (UnityEngine.GameObject) (Card 6)
[10:41:13]Top card: Yellow_8(Clone) (UnityEngine.GameObject)
[10:41:13]Top card: Yellow_8(Clone) (UnityEngine.GameObject)
[10:41:13]Enemy 3: Red_7(Clone) (UnityEngine.GameObject) (Card 0) did not match
[10:41:13]Enemy 3: Blue_7(Clone) (UnityEngine.GameObject) (Card 1) did not match
[10:41:13]Turns: 0
[10:41:13]Enemy 3: Played Yellow_D(Clone) (UnityEngine.GameObject) (Card 2)
[10:41:13]Player: played card
[10:41:13]Turns: 1
[10:41:13]DiscardCounter: 1
[10:41:13]Top card: Yellow_1(Clone) (UnityEngine.GameObject)
[10:41:13]Top card: Yellow_1(Clone) (UnityEngine.GameObject)
[10:41:13]Turns: 2
[10:41:13]Enemy 1: Played Yellow_2(Clone) (UnityEngine.GameObject) (Card 0)
[10:41:13]Top card: Yellow_2(Clone) (UnityEngine.GameObject)
[10:41:13]Top card: Yellow_2(Clone) (UnityEngine.GameObject)
[10:41:13]Enemy 2: CardW4(Clone) (UnityEngine.GameObject) (Card 0) did not match
[10:41:13]Enemy 2: Green_6(Clone) (UnityEngine.GameObject) (Card 1) did not match
[10:41:13]Enemy 2: Green_S(Clone) (UnityEngine.GameObject) (Card 2) did not match
[10:41:13]Enemy 2: Green_1(Clone) (UnityEngine.GameObject) (Card 3) did not match
[10:41:13]Enemy 2: Red_3(Clone) (UnityEngine.GameObject) (Card 4) did not match
[10:41:13]Enemy 2: Blue_1(Clone) (UnityEngine.GameObject) (Card 5) did not match
[10:41:13]Turns: 3
[10:41:13]Enemy 2: Played Yellow_8(Clone) (UnityEngine.GameObject) (Card 6)
[10:41:13]Top card: Yellow_8(Clone) (UnityEngine.GameObject)
[10:41:13]Top card: Yellow_8(Clone) (UnityEngine.GameObject)
[10:41:13]Enemy 3: Red_7(Clone) (UnityEngine.GameObject) (Card 0) did not match
[10:41:13]Enemy 3: Blue_7(Clone) (UnityEngine.GameObject) (Card 1) did not match
[10:41:13]Turns: 0
[10:41:13]Enemy 3: Played Yellow_D(Clone) (UnityEngine.GameObject) (Card 2)
