[04:40:51] Player received: Yellow_R(Clone)
[04:40:51] Enemy1 received: Green_D(Clone)
[04:40:51] Enemy2 received: Red_7(Clone)
[04:40:51] Enemy3 received: Yellow_3(Clone)
[04:40:51] Player received: Yellow_D(Clone)
[04:40:51] Enemy1 received: Blue_3(Clone)
[04:40:51] Enemy2 received: Red_4(Clone)
[04:40:51] Enemy3 received: Red_1(Clone)
[04:40:51] Player received: Red_1(Clone)
[04:40:51] Enemy1 received: Red_0(Clone)
[04:40:51] Enemy2 received: Yellow_7(Clone)
[04:40:51] Enemy3 received: CardW(Clone)
[04:40:51] Player received: Green_R(Clone)
[04:40:51] Enemy1 received: Yellow_9(Clone)
[04:40:51] Enemy2 received: Blue_S(Clone)
[04:40:51] Enemy3 received: Yellow_2(Clone)
[04:40:51] Player received: Yellow_R(Clone)
[04:40:51] Enemy1 received: Blue_8(Clone)
[04:40:51] Enemy2 received: Blue_4(Clone)
[04:40:51] Enemy3 received: Red_3(Clone)
[04:40:51] Player received: Green_5(Clone)
[04:40:51] Enemy1 received: Red_3(Clone)
[04:40:51] Enemy2 received: Red_2(Clone)
[04:40:51] Enemy3 received: Blue_2(Clone)
[04:40:51] Player received: Green_9(Clone)
[04:40:51] Enemy1 received: Blue_D(Clone)
[04:40:51] Enemy2 received: Blue_D(Clone)
[04:40:51] Enemy3 received: Green_D(Clone)
[04:40:51] DiscardPile received: Red_D(Clone)
[04:40:51] Dealt cards
[04:40:51] Player: Played Yellow_D
[04:40:51] Top Deck Card:Green_S(Clone) (UnityEngine.GameObject)
[04:40:51] Player: Drew Green_S(Clone) (UnityEngine.GameObject)
[04:40:51] Top Deck Card:Yellow_D(Clone) (UnityEngine.GameObject)
[04:40:51] Player: Drew Yellow_D(Clone) (UnityEngine.GameObject)
[04:40:51] Player: Drew 2 cards
