[04:46:36] Player received: Red_R(Clone)
[04:46:36] Enemy1 received: Green_8(Clone)
[04:46:36] Enemy2 received: Green_R(Clone)
[04:46:36] Enemy3 received: Green_4(Clone)
[04:46:36] Player received: CardW(Clone)
[04:46:36] Enemy1 received: CardW4(Clone)
[04:46:36] Enemy2 received: Yellow_D(Clone)
[04:46:36] Enemy3 received: Red_D(Clone)
[04:46:36] Player received: CardW(Clone)
[04:46:36] Enemy1 received: Blue_7(Clone)
[04:46:36] Enemy2 received: Blue_D(Clone)
[04:46:36] Enemy3 received: Blue_9(Clone)
[04:46:36] Player received: Red_1(Clone)
[04:46:36] Enemy1 received: CardW(Clone)
[04:46:36] Enemy2 received: Yellow_D(Clone)
[04:46:36] Enemy3 received: CardW(Clone)
[04:46:36] Player received: Yellow_0(Clone)
[04:46:36] Enemy1 received: Blue_D(Clone)
[04:46:36] Enemy2 received: Red_6(Clone)
[04:46:36] Enemy3 received: CardW(Clone)
[04:46:36] Player received: Blue_R(Clone)
[04:46:36] Enemy1 received: Green_1(Clone)
[04:46:36] Enemy2 received: Red_9(Clone)
[04:46:36] Enemy3 received: Blue_5(Clone)
[04:46:36] Player received: Yellow_9(Clone)
[04:46:36] Enemy1 received: Yellow_D(Clone)
[04:46:36] Enemy2 received: Yellow_2(Clone)
[04:46:36] Enemy3 received: CardW4(Clone)
[04:46:36] DiscardPile received: Green_6(Clone)
[04:46:36] Dealt cards
[04:46:36] Wild Menu shown
[04:46:36] Player: Played CardW
[04:46:36] Player called Yellow
[04:46:36] Wild Menu hidden
