[07:45:38] Top card: 
[07:45:38] Delt cards
[07:45:38] Top card: 
[07:45:38] Top card: 
[07:45:38] Top card: 
[07:45:38] Top card: 
[07:45:38] Top card: 
[07:45:38] Top card: 
[07:45:38] Top card: 
[07:45:38] Top card: 
[07:45:38] Top card: 
[07:45:38] Top card: 
[07:45:38] Top card: 
[07:45:38] Top card: 
[07:45:38] Top card: 
[07:45:38] Top card: 
[07:45:38] Top card: 
[07:45:38] Top card: 
[07:45:38] Top card: 
[07:45:38] Top card: 
[07:45:38] Top card: 
[07:45:38] Top card: 
[07:45:38] Top card: 
[07:45:38] Top card: 
[07:45:38] Top card: 
[07:45:38] Top card: 
[07:45:38] Top card: 
[07:45:38] Top card: 
[07:45:38] Top card: 
[07:45:38] Top card: 
[07:45:38] Player: Played Green_6(Clone) (UnityEngine.GameObject)
[07:45:38] Turns: 1
[07:45:38] Turns: 1
[07:45:38] Top card: Green_6(Clone) (UnityEngine.GameObject)
[07:45:38] Top card: Green_6(Clone) (CardProperties)
[07:45:38] Enemy 1: Yellow_R(Clone) (UnityEngine.GameObject) (Card 0) did not match
[07:45:38] Enemy 1: Red_3(Clone) (UnityEngine.GameObject) (Card 1) did not match
[07:45:38] Enemy 1: CardW4(Clone) (UnityEngine.GameObject) (Card 2) did not match
[07:45:38] Enemy 1: Yellow_1(Clone) (UnityEngine.GameObject) (Card 3) did not match
[07:45:38] Enemy 1: Played Green_2(Clone) (UnityEngine.GameObject) (Card 4)
[07:45:38] Turns: 2
[07:45:38] Top card: Green_2(Clone) (UnityEngine.GameObject)
[07:45:38] Top card: Green_2(Clone) (CardProperties)
[07:45:38] Enemy 2: Yellow_6(Clone) (UnityEngine.GameObject) (Card 0) did not match
[07:45:38] Enemy 2: Blue_4(Clone) (UnityEngine.GameObject) (Card 1) did not match
[07:45:38] Enemy 2: Played Yellow_2(Clone) (UnityEngine.GameObject) (Card 2)
[07:45:38] Turns: 3
[07:45:38] Top card: Yellow_2(Clone) (UnityEngine.GameObject)
[07:45:38] Top card: Yellow_2(Clone) (CardProperties)
[07:45:38] Enemy 3: Played Yellow_D(Clone) (UnityEngine.GameObject) (Card 0)
[07:45:38] Turns: 0
[07:45:38] Player: Played Yellow_9(Clone) (UnityEngine.GameObject)
[07:45:38] Turns: 1
[07:45:38] Turns: 1
[07:45:38] Top card: Yellow_9(Clone) (UnityEngine.GameObject)
[07:45:38] Top card: Yellow_9(Clone) (CardProperties)
[07:45:38] Enemy 1: Played Yellow_R(Clone) (UnityEngine.GameObject) (Card 0)
[07:45:38] Top card: Yellow_R(Clone) (CardProperties)
[07:45:38] Enemy 1: Played Yellow_R(Clone) (UnityEngine.GameObject) (Card 0)
[07:45:38] Top card: Yellow_R(Clone) (CardProperties)
[07:45:38] Enemy 1: Played Yellow_R(Clone) (UnityEngine.GameObject) (Card 0)
[07:45:38] Top card: Yellow_R(Clone) (CardProperties)
[07:45:38] Enemy 1: Played Yellow_R(Clone) (UnityEngine.GameObject) (Card 0)
[07:45:38] Top card: Yellow_R(Clone) (CardProperties)
[07:45:38] Enemy 1: Played Yellow_R(Clone) (UnityEngine.GameObject) (Card 0)
[07:45:38] Top card: Yellow_R(Clone) (CardProperties)
[07:45:38] Enemy 1: Played Yellow_R(Clone) (UnityEngine.GameObject) (Card 0)
[07:45:38] Top card: Yellow_R(Clone) (CardProperties)
[07:45:38] Enemy 1: Played Yellow_R(Clone) (UnityEngine.GameObject) (Card 0)
[07:45:38] Top card: Yellow_R(Clone) (CardProperties)
[07:45:38] Enemy 1: Played Yellow_R(Clone) (UnityEngine.GameObject) (Card 0)
[07:45:38] Top card: Yellow_R(Clone) (CardProperties)
[07:45:38] Enemy 1: Played Yellow_R(Clone) (UnityEngine.GameObject) (Card 0)
[07:45:38] Top card: Yellow_R(Clone) (CardProperties)
[07:45:38] Enemy 1: Played Yellow_R(Clone) (UnityEngine.GameObject) (Card 0)
[07:45:38] Top card: Yellow_R(Clone) (CardProperties)
[07:45:38] Enemy 1: Played Yellow_R(Clone) (UnityEngine.GameObject) (Card 0)
[07:45:38] Top card: Yellow_R(Clone) (CardProperties)
[07:45:38] Enemy 1: Played Yellow_R(Clone) (UnityEngine.GameObject) (Card 0)
[07:45:38] Top card: Yellow_R(Clone) (CardProperties)
[07:45:38] Enemy 1: Played Yellow_R(Clone) (UnityEngine.GameObject) (Card 0)
[07:45:38] Top card: Yellow_R(Clone) (CardProperties)
[07:45:38] Enemy 1: Played Yellow_R(Clone) (UnityEngine.GameObject) (Card 0)
[07:45:38] Top card: Yellow_R(Clone) (CardProperties)
[07:45:38] Enemy 1: Played Yellow_R(Clone) (UnityEngine.GameObject) (Card 0)
[07:45:38] Top card: Yellow_R(Clone) (CardProperties)
[07:45:38] Enemy 1: Played Yellow_R(Clone) (UnityEngine.GameObject) (Card 0)
[07:45:38] Top card: Yellow_R(Clone) (CardProperties)
[07:45:38] Enemy 1: Played Yellow_R(Clone) (UnityEngine.GameObject) (Card 0)
[07:45:38] Top card: Yellow_R(Clone) (CardProperties)
[07:45:38] Enemy 1: Played Yellow_R(Clone) (UnityEngine.GameObject) (Card 0)
[07:45:38] Top card: Yellow_R(Clone) (CardProperties)
[07:45:38] Enemy 1: Played Yellow_R(Clone) (UnityEngine.GameObject) (Card 0)
[07:45:38] Top card: Yellow_R(Clone) (CardProperties)
[07:45:38] Enemy 1: Played Yellow_R(Clone) (UnityEngine.GameObject) (Card 0)
[07:45:38] Top card: Yellow_R(Clone) (CardProperties)
[07:45:38] Enemy 1: Played Yellow_R(Clone) (UnityEngine.GameObject) (Card 0)
[07:45:38] Top card: Yellow_R(Clone) (CardProperties)
[07:45:38] Enemy 1: Played Yellow_R(Clone) (UnityEngine.GameObject) (Card 0)
[07:45:38] Top card: Yellow_R(Clone) (CardProperties)
[07:45:38] Enemy 1: Played Yellow_R(Clone) (UnityEngine.GameObject) (Card 0)
[07:45:38] Top card: Yellow_R(Clone) (CardProperties)
[07:45:38] Enemy 1: Played Yellow_R(Clone) (UnityEngine.GameObject) (Card 0)
[07:45:38] Top card: Yellow_R(Clone) (CardProperties)
[07:45:38] Enemy 1: Played Yellow_R(Clone) (UnityEngine.GameObject) (Card 0)
[07:45:38] Top card: Yellow_R(Clone) (CardProperties)
[07:45:38] Enemy 1: Played Yellow_R(Clone) (UnityEngine.GameObject) (Card 0)
[07:45:38] Top card: Yellow_R(Clone) (CardProperties)
[07:45:38] Enemy 1: Played Yellow_R(Clone) (UnityEngine.GameObject) (Card 0)
[07:45:38] Top card: Yellow_R(Clone) (CardProperties)
[07:45:38] Enemy 1: Played Yellow_R(Clone) (UnityEngine.GameObject) (Card 0)
[07:45:38] Top card: Yellow_R(Clone) (CardProperties)
[07:45:38] Enemy 1: Played Yellow_R(Clone) (UnityEngine.GameObject) (Card 0)
[07:45:38] Top card: Yellow_R(Clone) (CardProperties)
[07:45:38] Enemy 1: Played Yellow_R(Clone) (UnityEngine.GameObject) (Card 0)
[07:45:38] Top card: Yellow_R(Clone) (CardProperties)
[07:45:38] Enemy 1: Played Yellow_R(Clone) (UnityEngine.GameObject) (Card 0)
[07:45:38] Top card: Yellow_R(Clone) (CardProperties)
[07:45:38] Enemy 1: Played Yellow_R(Clone) (UnityEngine.GameObject) (Card 0)
[07:45:38] Top card: Yellow_R(Clone) (CardProperties)
[07:45:38] Enemy 1: Played Yellow_R(Clone) (UnityEngine.GameObject) (Card 0)
[07:45:38] Top card: Yellow_R(Clone) (CardProperties)
[07:45:38] Enemy 1: Played Yellow_R(Clone) (UnityEngine.GameObject) (Card 0)
[07:45:38] Top card: Yellow_R(Clone) (CardProperties)
[07:45:38] Enemy 1: Played Yellow_R(Clone) (UnityEngine.GameObject) (Card 0)
[07:45:38] Top card: Yellow_R(Clone) (CardProperties)
[07:45:38] Enemy 1: Played Yellow_R(Clone) (UnityEngine.GameObject) (Card 0)
[07:45:38] Top card: Yellow_R(Clone) (CardProperties)
[07:45:38] Enemy 1: Played Yellow_R(Clone) (UnityEngine.GameObject) (Card 0)
[07:45:38] Top card: Yellow_R(Clone) (CardProperties)
[07:45:38] Enemy 1: Played Yellow_R(Clone) (UnityEngine.GameObject) (Card 0)
[07:45:38] Top card: Yellow_R(Clone) (CardProperties)
[07:45:38] Enemy 1: Played Yellow_R(Clone) (UnityEngine.GameObject) (Card 0)
[07:45:38] Top card: Yellow_R(Clone) (CardProperties)
[07:45:38] Enemy 1: Played Yellow_R(Clone) (UnityEngine.GameObject) (Card 0)
[07:45:38] Top card: Yellow_R(Clone) (CardProperties)
[07:45:38] Enemy 1: Played Yellow_R(Clone) (UnityEngine.GameObject) (Card 0)
[07:45:38] Top card: Yellow_R(Clone) (CardProperties)
[07:45:38] Enemy 1: Played Yellow_R(Clone) (UnityEngine.GameObject) (Card 0)
[07:45:38] Top card: Yellow_R(Clone) (CardProperties)
[07:45:38] Enemy 1: Played Yellow_R(Clone) (UnityEngine.GameObject) (Card 0)
[07:45:38] Top card: Yellow_R(Clone) (CardProperties)
[07:45:38] Enemy 1: Played Yellow_R(Clone) (UnityEngine.GameObject) (Card 0)
[07:45:38] Top card: Yellow_R(Clone) (CardProperties)
[07:45:38] Enemy 1: Played Yellow_R(Clone) (UnityEngine.GameObject) (Card 0)
[07:45:38] Top card: Yellow_R(Clone) (CardProperties)
[07:45:38] Enemy 1: Played Yellow_R(Clone) (UnityEngine.GameObject) (Card 0)
[07:45:38] Top card: Yellow_R(Clone) (CardProperties)
[07:45:38] Enemy 1: Played Yellow_R(Clone) (UnityEngine.GameObject) (Card 0)
[07:45:38] Top card: Yellow_R(Clone) (CardProperties)
[07:45:38] Enemy 1: Played Yellow_R(Clone) (UnityEngine.GameObject) (Card 0)
[07:45:38] Top card: Yellow_R(Clone) (CardProperties)
[07:45:38] Enemy 1: Played Yellow_R(Clone) (UnityEngine.GameObject) (Card 0)
[07:45:38] Top card: Yellow_R(Clone) (CardProperties)
[07:45:38] Enemy 1: Played Yellow_R(Clone) (UnityEngine.GameObject) (Card 0)
[07:45:38] Top card: Yellow_R(Clone) (CardProperties)
[07:45:38] Enemy 1: Played Yellow_R(Clone) (UnityEngine.GameObject) (Card 0)
[07:45:38] Top card: Yellow_R(Clone) (CardProperties)
[07:45:38] Enemy 1: Played Yellow_R(Clone) (UnityEngine.GameObject) (Card 0)
[07:45:38] Top card: Yellow_R(Clone) (CardProperties)
[07:45:38] Enemy 1: Played Yellow_R(Clone) (UnityEngine.GameObject) (Card 0)
[07:45:38] Top card: Yellow_R(Clone) (CardProperties)
[07:45:38] Enemy 1: Played Yellow_R(Clone) (UnityEngine.GameObject) (Card 0)
[07:45:38] Top card: Yellow_R(Clone) (CardProperties)
[07:45:38] Enemy 1: Played Yellow_R(Clone) (UnityEngine.GameObject) (Card 0)
[07:45:38] Top card: Yellow_R(Clone) (CardProperties)
[07:45:38] Enemy 1: Played Yellow_R(Clone) (UnityEngine.GameObject) (Card 0)
[07:45:38] Top card: Yellow_R(Clone) (CardProperties)
[07:45:38] Enemy 1: Played Yellow_R(Clone) (UnityEngine.GameObject) (Card 0)
[07:45:38] Top card: Yellow_R(Clone) (CardProperties)
[07:45:38] Enemy 1: Played Yellow_R(Clone) (UnityEngine.GameObject) (Card 0)
[07:45:38] Top card: Yellow_R(Clone) (CardProperties)
[07:45:38] Enemy 1: Played Yellow_R(Clone) (UnityEngine.GameObject) (Card 0)
[07:45:38] Top card: Yellow_R(Clone) (CardProperties)
[07:45:38] Enemy 1: Played Yellow_R(Clone) (UnityEngine.GameObject) (Card 0)
[07:45:38] Top card: Yellow_R(Clone) (CardProperties)
[07:45:38] Enemy 1: Played Yellow_R(Clone) (UnityEngine.GameObject) (Card 0)
[07:45:38] Top card: Yellow_R(Clone) (CardProperties)
[07:45:38] Enemy 1: Played Yellow_R(Clone) (UnityEngine.GameObject) (Card 0)
[07:45:38] Top card: Yellow_R(Clone) (CardProperties)
[07:45:38] Enemy 1: Played Yellow_R(Clone) (UnityEngine.GameObject) (Card 0)
[07:45:38] Top card: Yellow_R(Clone) (CardProperties)
[07:45:38] Enemy 1: Played Yellow_R(Clone) (UnityEngine.GameObject) (Card 0)
[07:45:38] Top card: Yellow_R(Clone) (CardProperties)
[07:45:38] Enemy 1: Played Yellow_R(Clone) (UnityEngine.GameObject) (Card 0)
[07:45:38] Top card: Yellow_R(Clone) (CardProperties)
[07:45:38] Enemy 1: Played Yellow_R(Clone) (UnityEngine.GameObject) (Card 0)
[07:45:38] Top card: Yellow_R(Clone) (CardProperties)
[07:45:38] Enemy 1: Played Yellow_R(Clone) (UnityEngine.GameObject) (Card 0)
[07:45:38] Top card: Yellow_R(Clone) (CardProperties)
[07:45:38] Enemy 1: Played Yellow_R(Clone) (UnityEngine.GameObject) (Card 0)
[07:45:38] Top card: Yellow_R(Clone) (CardProperties)
[07:45:38] Enemy 1: Played Yellow_R(Clone) (UnityEngine.GameObject) (Card 0)
[07:45:38] Top card: Yellow_R(Clone) (CardProperties)
[07:45:38] Enemy 1: Played Yellow_R(Clone) (UnityEngine.GameObject) (Card 0)
[07:45:38] Top card: Yellow_R(Clone) (CardProperties)
[07:45:38] Enemy 1: Played Yellow_R(Clone) (UnityEngine.GameObject) (Card 0)
[07:45:38] Top card: Yellow_R(Clone) (CardProperties)
[07:45:38] Enemy 1: Played Yellow_R(Clone) (UnityEngine.GameObject) (Card 0)
[07:45:38] Top card: Yellow_R(Clone) (CardProperties)
[07:45:38] Enemy 1: Played Yellow_R(Clone) (UnityEngine.GameObject) (Card 0)
[07:45:38] Top card: Yellow_R(Clone) (CardProperties)
[07:45:38] Enemy 1: Played Yellow_R(Clone) (UnityEngine.GameObject) (Card 0)
[07:45:38] Top card: Yellow_R(Clone) (CardProperties)
[07:45:38] Enemy 1: Played Yellow_R(Clone) (UnityEngine.GameObject) (Card 0)
[07:45:38] Top card: Yellow_R(Clone) (CardProperties)
[07:45:38] Enemy 1: Played Yellow_R(Clone) (UnityEngine.GameObject) (Card 0)
[07:45:38] Top card: Yellow_R(Clone) (CardProperties)
[07:45:38] Enemy 1: Played Yellow_R(Clone) (UnityEngine.GameObject) (Card 0)
[07:45:38] Top card: Yellow_R(Clone) (CardProperties)
[07:45:38] Enemy 1: Played Yellow_R(Clone) (UnityEngine.GameObject) (Card 0)
[07:45:38] Top card: Yellow_R(Clone) (CardProperties)
[07:45:38] Enemy 1: Played Yellow_R(Clone) (UnityEngine.GameObject) (Card 0)
[07:45:38] Top card: Yellow_R(Clone) (CardProperties)
[07:45:38] Enemy 1: Played Yellow_R(Clone) (UnityEngine.GameObject) (Card 0)
[07:45:38] Top card: Yellow_R(Clone) (CardProperties)
[07:45:38] Enemy 1: Played Yellow_R(Clone) (UnityEngine.GameObject) (Card 0)
[07:45:38] Top card: Yellow_R(Clone) (CardProperties)
[07:45:38] Enemy 1: Played Yellow_R(Clone) (UnityEngine.GameObject) (Card 0)
[07:45:38] Top card: Yellow_R(Clone) (CardProperties)
[07:45:38] Enemy 1: Played Yellow_R(Clone) (UnityEngine.GameObject) (Card 0)
[07:45:38] Top card: Yellow_R(Clone) (CardProperties)
[07:45:38] Enemy 1: Played Yellow_R(Clone) (UnityEngine.GameObject) (Card 0)
[07:45:38] Top card: Yellow_R(Clone) (CardProperties)
[07:45:38] Enemy 1: Played Yellow_R(Clone) (UnityEngine.GameObject) (Card 0)
[07:45:38] Top card: Yellow_R(Clone) (CardProperties)
[07:45:38] Enemy 1: Played Yellow_R(Clone) (UnityEngine.GameObject) (Card 0)
[07:45:38] Top card: Yellow_R(Clone) (CardProperties)
[07:45:38] Enemy 1: Played Yellow_R(Clone) (UnityEngine.GameObject) (Card 0)
[07:45:38] Top card: Yellow_R(Clone) (CardProperties)
[07:45:38] Enemy 1: Played Yellow_R(Clone) (UnityEngine.GameObject) (Card 0)
[07:45:38] Top card: Yellow_R(Clone) (CardProperties)
[07:45:38] Enemy 1: Played Yellow_R(Clone) (UnityEngine.GameObject) (Card 0)
[07:45:38] Top card: Yellow_R(Clone) (CardProperties)
[07:45:38] Enemy 1: Played Yellow_R(Clone) (UnityEngine.GameObject) (Card 0)
[07:45:38] Top card: Yellow_R(Clone) (CardProperties)
[07:45:38] Enemy 1: Played Yellow_R(Clone) (UnityEngine.GameObject) (Card 0)
[07:45:38] Top card: Yellow_R(Clone) (CardProperties)
[07:45:38] Enemy 1: Played Yellow_R(Clone) (UnityEngine.GameObject) (Card 0)
[07:45:38] Top card: Yellow_R(Clone) (CardProperties)
[07:45:38] Enemy 1: Played Yellow_R(Clone) (UnityEngine.GameObject) (Card 0)
[07:45:38] Top card: Yellow_R(Clone) (CardProperties)
[07:45:38] Enemy 1: Played Yellow_R(Clone) (UnityEngine.GameObject) (Card 0)
[07:45:38] Top card: Yellow_R(Clone) (CardProperties)
[07:45:38] Enemy 1: Played Yellow_R(Clone) (UnityEngine.GameObject) (Card 0)
[07:45:38] Top card: Yellow_R(Clone) (CardProperties)
[07:45:38] Enemy 1: Played Yellow_R(Clone) (UnityEngine.GameObject) (Card 0)
[07:45:38] Top card: Yellow_R(Clone) (CardProperties)
[07:45:38] Enemy 1: Played Yellow_R(Clone) (UnityEngine.GameObject) (Card 0)
[07:45:38] Top card: Yellow_R(Clone) (CardProperties)
[07:45:38] Enemy 1: Played Yellow_R(Clone) (UnityEngine.GameObject) (Card 0)
[07:45:38] Top card: Yellow_R(Clone) (CardProperties)
[07:45:38] Enemy 1: Played Yellow_R(Clone) (UnityEngine.GameObject) (Card 0)
[07:45:38] Top card: Yellow_R(Clone) (CardProperties)
[07:45:38] Enemy 1: Played Yellow_R(Clone) (UnityEngine.GameObject) (Card 0)
[07:45:38] Top card: Yellow_R(Clone) (CardProperties)
[07:45:38] Enemy 1: Played Yellow_R(Clone) (UnityEngine.GameObject) (Card 0)
[07:45:38] Top card: Yellow_R(Clone) (CardProperties)
[07:45:38] Enemy 1: Played Yellow_R(Clone) (UnityEngine.GameObject) (Card 0)
[07:45:38] Top card: Yellow_R(Clone) (CardProperties)
[07:45:38] Enemy 1: Played Yellow_R(Clone) (UnityEngine.GameObject) (Card 0)
[07:45:38] Top card: Yellow_R(Clone) (CardProperties)
[07:45:38] Enemy 1: Played Yellow_R(Clone) (UnityEngine.GameObject) (Card 0)
[07:45:38] Top card: Yellow_R(Clone) (CardProperties)
[07:45:38] Enemy 1: Played Yellow_R(Clone) (UnityEngine.GameObject) (Card 0)
[07:45:38] Top card: Yellow_R(Clone) (CardProperties)
[07:45:38] Enemy 1: Played Yellow_R(Clone) (UnityEngine.GameObject) (Card 0)
[07:45:38] Top card: Yellow_R(Clone) (CardProperties)
[07:45:38] Enemy 1: Played Yellow_R(Clone) (UnityEngine.GameObject) (Card 0)
[07:45:38] Top card: Yellow_R(Clone) (CardProperties)
[07:45:38] Enemy 1: Played Yellow_R(Clone) (UnityEngine.GameObject) (Card 0)
[07:45:38] Top card: Yellow_R(Clone) (CardProperties)
[07:45:38] Enemy 1: Played Yellow_R(Clone) (UnityEngine.GameObject) (Card 0)
[07:45:38] Top card: Yellow_R(Clone) (CardProperties)
[07:45:38] Enemy 1: Played Yellow_R(Clone) (UnityEngine.GameObject) (Card 0)
[07:45:38] Top card: Yellow_R(Clone) (CardProperties)
[07:45:38] Enemy 1: Played Yellow_R(Clone) (UnityEngine.GameObject) (Card 0)
[07:45:38] Top card: Yellow_R(Clone) (CardProperties)
[07:45:38] Enemy 1: Played Yellow_R(Clone) (UnityEngine.GameObject) (Card 0)
[07:45:38] Top card: Yellow_R(Clone) (CardProperties)
[07:45:38] Enemy 1: Played Yellow_R(Clone) (UnityEngine.GameObject) (Card 0)
[07:45:38] Top card: Yellow_R(Clone) (CardProperties)
[07:45:38] Enemy 1: Played Yellow_R(Clone) (UnityEngine.GameObject) (Card 0)
[07:45:38] Top card: Yellow_R(Clone) (CardProperties)
[07:45:38] Enemy 1: Played Yellow_R(Clone) (UnityEngine.GameObject) (Card 0)
[07:45:38] Top card: Yellow_R(Clone) (CardProperties)
[07:45:38] Enemy 1: Played Yellow_R(Clone) (UnityEngine.GameObject) (Card 0)
[07:45:38] Top card: Yellow_R(Clone) (CardProperties)
[07:45:38] Enemy 1: Played Yellow_R(Clone) (UnityEngine.GameObject) (Card 0)
[07:45:38] Top card: Yellow_R(Clone) (CardProperties)
[07:45:38] Enemy 1: Played Yellow_R(Clone) (UnityEngine.GameObject) (Card 0)
[07:45:38] Top card: Yellow_R(Clone) (CardProperties)
[07:45:38] Enemy 1: Played Yellow_R(Clone) (UnityEngine.GameObject) (Card 0)
[07:45:38] Top card: Yellow_R(Clone) (CardProperties)
[07:45:38] Enemy 1: Played Yellow_R(Clone) (UnityEngine.GameObject) (Card 0)
[07:45:38] Top card: Yellow_R(Clone) (CardProperties)
[07:45:38] Enemy 1: Played Yellow_R(Clone) (UnityEngine.GameObject) (Card 0)
[07:45:38] Top card: Yellow_R(Clone) (CardProperties)
[07:45:38] Enemy 1: Played Yellow_R(Clone) (UnityEngine.GameObject) (Card 0)
[07:45:38] Top card: Yellow_R(Clone) (CardProperties)
[07:45:38] Enemy 1: Played Yellow_R(Clone) (UnityEngine.GameObject) (Card 0)
[07:45:38] Top card: Yellow_R(Clone) (CardProperties)
[07:45:38] Enemy 1: Played Yellow_R(Clone) (UnityEngine.GameObject) (Card 0)
[07:45:38] Top card: Yellow_R(Clone) (CardProperties)
[07:45:38] Enemy 1: Played Yellow_R(Clone) (UnityEngine.GameObject) (Card 0)
[07:45:38] Top card: Yellow_R(Clone) (CardProperties)
[07:45:38] Enemy 1: Played Yellow_R(Clone) (UnityEngine.GameObject) (Card 0)
[07:45:38] Top card: Yellow_R(Clone) (CardProperties)
[07:45:38] Enemy 1: Played Yellow_R(Clone) (UnityEngine.GameObject) (Card 0)
[07:45:38] Top card: Yellow_R(Clone) (CardProperties)
[07:45:38] Enemy 1: Played Yellow_R(Clone) (UnityEngine.GameObject) (Card 0)
[07:45:38] Top card: Yellow_R(Clone) (CardProperties)
[07:45:38] Enemy 1: Played Yellow_R(Clone) (UnityEngine.GameObject) (Card 0)
[07:45:38] Top card: Yellow_R(Clone) (CardProperties)
[07:45:38] Enemy 1: Played Yellow_R(Clone) (UnityEngine.GameObject) (Card 0)
[07:45:38] Top card: Yellow_R(Clone) (CardProperties)
[07:45:38] Enemy 1: Played Yellow_R(Clone) (UnityEngine.GameObject) (Card 0)
[07:45:38] Top card: Yellow_R(Clone) (CardProperties)
[07:45:38] Enemy 1: Played Yellow_R(Clone) (UnityEngine.GameObject) (Card 0)
[07:45:38] Top card: Yellow_R(Clone) (CardProperties)
[07:45:38] Enemy 1: Played Yellow_R(Clone) (UnityEngine.GameObject) (Card 0)
[07:45:38] Top card: Yellow_R(Clone) (CardProperties)
[07:45:38] Enemy 1: Played Yellow_R(Clone) (UnityEngine.GameObject) (Card 0)
[07:45:38] Top card: Yellow_R(Clone) (CardProperties)
[07:45:38] Enemy 1: Played Yellow_R(Clone) (UnityEngine.GameObject) (Card 0)
[07:45:38] Top card: Yellow_R(Clone) (CardProperties)
[07:45:38] Enemy 1: Played Yellow_R(Clone) (UnityEngine.GameObject) (Card 0)
[07:45:38] Top card: Yellow_R(Clone) (CardProperties)
[07:45:38] Enemy 1: Played Yellow_R(Clone) (UnityEngine.GameObject) (Card 0)
[07:45:38] Top card: Yellow_R(Clone) (CardProperties)
[07:45:38] Enemy 1: Played Yellow_R(Clone) (UnityEngine.GameObject) (Card 0)
[07:45:38] Top card: Yellow_R(Clone) (CardProperties)
[07:45:38] Enemy 1: Played Yellow_R(Clone) (UnityEngine.GameObject) (Card 0)
[07:45:38] Top card: Yellow_R(Clone) (CardProperties)
[07:45:38] Enemy 1: Played Yellow_R(Clone) (UnityEngine.GameObject) (Card 0)
[07:45:38] Top card: Yellow_R(Clone) (CardProperties)
[07:45:38] Enemy 1: Played Yellow_R(Clone) (UnityEngine.GameObject) (Card 0)
[07:45:38] Top card: Yellow_R(Clone) (CardProperties)
[07:45:38] Enemy 1: Played Yellow_R(Clone) (UnityEngine.GameObject) (Card 0)
[07:45:38] Top card: Yellow_R(Clone) (CardProperties)
[07:45:38] Enemy 1: Played Yellow_R(Clone) (UnityEngine.GameObject) (Card 0)
[07:45:38] Top card: Yellow_R(Clone) (CardProperties)
[07:45:38] Enemy 1: Played Yellow_R(Clone) (UnityEngine.GameObject) (Card 0)
[07:45:38] Top card: Yellow_R(Clone) (CardProperties)
[07:45:38] Enemy 1: Played Yellow_R(Clone) (UnityEngine.GameObject) (Card 0)
[07:45:38] Top card: Yellow_R(Clone) (CardProperties)
[07:45:38] Enemy 1: Played Yellow_R(Clone) (UnityEngine.GameObject) (Card 0)
[07:45:38] Top card: Yellow_R(Clone) (CardProperties)
[07:45:38] Enemy 1: Played Yellow_R(Clone) (UnityEngine.GameObject) (Card 0)
[07:45:38] Top card: Yellow_R(Clone) (CardProperties)
[07:45:38] Enemy 1: Played Yellow_R(Clone) (UnityEngine.GameObject) (Card 0)
[07:45:38] Top card: Yellow_R(Clone) (CardProperties)
[07:45:38] Enemy 1: Played Yellow_R(Clone) (UnityEngine.GameObject) (Card 0)
[07:45:38] Top card: Yellow_R(Clone) (CardProperties)
[07:45:38] Enemy 1: Played Yellow_R(Clone) (UnityEngine.GameObject) (Card 0)
[07:45:38] Top card: Yellow_R(Clone) (CardProperties)
[07:45:38] Enemy 1: Played Yellow_R(Clone) (UnityEngine.GameObject) (Card 0)
[07:45:38] Top card: Yellow_R(Clone) (CardProperties)
[07:45:38] Enemy 1: Played Yellow_R(Clone) (UnityEngine.GameObject) (Card 0)
[07:45:38] Top card: Yellow_R(Clone) (CardProperties)
[07:45:38] Enemy 1: Played Yellow_R(Clone) (UnityEngine.GameObject) (Card 0)
[07:45:38] Top card: Yellow_R(Clone) (CardProperties)
[07:45:38] Enemy 1: Played Yellow_R(Clone) (UnityEngine.GameObject) (Card 0)
[07:45:38] Top card: Yellow_R(Clone) (CardProperties)
[07:45:38] Enemy 1: Played Yellow_R(Clone) (UnityEngine.GameObject) (Card 0)
[07:45:38] Top card: Yellow_R(Clone) (CardProperties)
[07:45:38] Enemy 1: Played Yellow_R(Clone) (UnityEngine.GameObject) (Card 0)
[07:45:38] Top card: Yellow_R(Clone) (CardProperties)
[07:45:38] Enemy 1: Played Yellow_R(Clone) (UnityEngine.GameObject) (Card 0)
[07:45:38] Top card: Yellow_R(Clone) (CardProperties)
[07:45:38] Enemy 1: Played Yellow_R(Clone) (UnityEngine.GameObject) (Card 0)
[07:45:38] Top card: Yellow_R(Clone) (CardProperties)
[07:45:38] Enemy 1: Played Yellow_R(Clone) (UnityEngine.GameObject) (Card 0)
[07:45:38] Top card: Yellow_R(Clone) (CardProperties)
[07:45:38] Enemy 1: Played Yellow_R(Clone) (UnityEngine.GameObject) (Card 0)
[07:45:38] Top card: Yellow_R(Clone) (CardProperties)
[07:45:38] Enemy 1: Played Yellow_R(Clone) (UnityEngine.GameObject) (Card 0)
[07:45:38] Top card: Yellow_R(Clone) (CardProperties)
[07:45:38] Enemy 1: Played Yellow_R(Clone) (UnityEngine.GameObject) (Card 0)
[07:45:38] Top card: Yellow_R(Clone) (CardProperties)
[07:45:38] Enemy 1: Played Yellow_R(Clone) (UnityEngine.GameObject) (Card 0)
[07:45:38] Top card: Yellow_R(Clone) (CardProperties)
[07:45:38] Enemy 1: Played Yellow_R(Clone) (UnityEngine.GameObject) (Card 0)
[07:45:38] Top card: Yellow_R(Clone) (CardProperties)
[07:45:38] Enemy 1: Played Yellow_R(Clone) (UnityEngine.GameObject) (Card 0)
[07:45:38] Top card: Yellow_R(Clone) (CardProperties)
[07:45:38] Enemy 1: Played Yellow_R(Clone) (UnityEngine.GameObject) (Card 0)
[07:45:38] Top card: Yellow_R(Clone) (CardProperties)
[07:45:38] Enemy 1: Played Yellow_R(Clone) (UnityEngine.GameObject) (Card 0)
[07:45:38] Top card: Yellow_R(Clone) (CardProperties)
[07:45:38] Enemy 1: Played Yellow_R(Clone) (UnityEngine.GameObject) (Card 0)
[07:45:38] Top card: Yellow_R(Clone) (CardProperties)
[07:45:38] Enemy 1: Played Yellow_R(Clone) (UnityEngine.GameObject) (Card 0)
[07:45:38] Top card: Yellow_R(Clone) (CardProperties)
[07:45:38] Enemy 1: Played Yellow_R(Clone) (UnityEngine.GameObject) (Card 0)
[07:45:38] Top card: Yellow_R(Clone) (CardProperties)
[07:45:38] Enemy 1: Played Yellow_R(Clone) (UnityEngine.GameObject) (Card 0)
[07:45:38] Top card: Yellow_R(Clone) (CardProperties)
[07:45:38] Enemy 1: Played Yellow_R(Clone) (UnityEngine.GameObject) (Card 0)
[07:45:38] Top card: Yellow_R(Clone) (CardProperties)
[07:45:38] Enemy 1: Played Yellow_R(Clone) (UnityEngine.GameObject) (Card 0)
[07:45:38] Top card: Yellow_R(Clone) (CardProperties)
[07:45:38] Enemy 1: Played Yellow_R(Clone) (UnityEngine.GameObject) (Card 0)
[07:45:38] Top card: Yellow_R(Clone) (CardProperties)
[07:45:38] Enemy 1: Played Yellow_R(Clone) (UnityEngine.GameObject) (Card 0)
[07:45:38] Top card: Yellow_R(Clone) (CardProperties)
[07:45:38] Enemy 1: Played Yellow_R(Clone) (UnityEngine.GameObject) (Card 0)
[07:45:38] Top card: Yellow_R(Clone) (CardProperties)
[07:45:38] Enemy 1: Played Yellow_R(Clone) (UnityEngine.GameObject) (Card 0)
[07:45:38] Top card: Yellow_R(Clone) (CardProperties)
[07:45:38] Enemy 1: Played Yellow_R(Clone) (UnityEngine.GameObject) (Card 0)
[07:45:38] Top card: Yellow_R(Clone) (CardProperties)
[07:45:38] Enemy 1: Played Yellow_R(Clone) (UnityEngine.GameObject) (Card 0)
[07:45:38] Top card: Yellow_R(Clone) (CardProperties)
[07:45:38] Enemy 1: Played Yellow_R(Clone) (UnityEngine.GameObject) (Card 0)
[07:45:38] Top card: Yellow_R(Clone) (CardProperties)
[07:45:38] Enemy 1: Played Yellow_R(Clone) (UnityEngine.GameObject) (Card 0)
[07:45:38] Top card: Yellow_R(Clone) (CardProperties)
[07:45:38] Enemy 1: Played Yellow_R(Clone) (UnityEngine.GameObject) (Card 0)
[07:45:38] Top card: Yellow_R(Clone) (CardProperties)
[07:45:38] Enemy 1: Played Yellow_R(Clone) (UnityEngine.GameObject) (Card 0)
[07:45:38] Top card: Yellow_R(Clone) (CardProperties)
[07:45:38] Enemy 1: Played Yellow_R(Clone) (UnityEngine.GameObject) (Card 0)
[07:45:38] Top card: Yellow_R(Clone) (CardProperties)
[07:45:38] Enemy 1: Played Yellow_R(Clone) (UnityEngine.GameObject) (Card 0)
[07:45:38] Top card: Yellow_R(Clone) (CardProperties)
[07:45:38] Enemy 1: Played Yellow_R(Clone) (UnityEngine.GameObject) (Card 0)
[07:45:38] Top card: Yellow_R(Clone) (CardProperties)
[07:45:38] Enemy 1: Played Yellow_R(Clone) (UnityEngine.GameObject) (Card 0)
[07:45:38] Top card: Yellow_R(Clone) (CardProperties)
[07:45:38] Enemy 1: Played Yellow_R(Clone) (UnityEngine.GameObject) (Card 0)
[07:45:38] Top card: Yellow_R(Clone) (CardProperties)
[07:45:38] Enemy 1: Played Yellow_R(Clone) (UnityEngine.GameObject) (Card 0)
[07:45:38] Top card: Yellow_R(Clone) (CardProperties)
[07:45:38] Enemy 1: Played Yellow_R(Clone) (UnityEngine.GameObject) (Card 0)
[07:45:38] Top card: Yellow_R(Clone) (CardProperties)
[07:45:38] Enemy 1: Played Yellow_R(Clone) (UnityEngine.GameObject) (Card 0)
[07:45:38] Top card: Yellow_R(Clone) (CardProperties)
[07:45:38] Enemy 1: Played Yellow_R(Clone) (UnityEngine.GameObject) (Card 0)
[07:45:38] Top card: Yellow_R(Clone) (CardProperties)
[07:45:38] Enemy 1: Played Yellow_R(Clone) (UnityEngine.GameObject) (Card 0)
[07:45:38] Top card: Yellow_R(Clone) (CardProperties)
[07:45:38] Enemy 1: Played Yellow_R(Clone) (UnityEngine.GameObject) (Card 0)
[07:45:38] Top card: Yellow_R(Clone) (CardProperties)
[07:45:38] Enemy 1: Played Yellow_R(Clone) (UnityEngine.GameObject) (Card 0)
[07:45:38] Top card: Yellow_R(Clone) (CardProperties)
[07:45:38] Enemy 1: Played Yellow_R(Clone) (UnityEngine.GameObject) (Card 0)
[07:45:38] Top card: Yellow_R(Clone) (CardProperties)
[07:45:38] Enemy 1: Played Yellow_R(Clone) (UnityEngine.GameObject) (Card 0)
[07:45:38] Top card: Yellow_R(Clone) (CardProperties)
[07:45:38] Enemy 1: Played Yellow_R(Clone) (UnityEngine.GameObject) (Card 0)
[07:45:38] Top card: Yellow_R(Clone) (CardProperties)
[07:45:38] Enemy 1: Played Yellow_R(Clone) (UnityEngine.GameObject) (Card 0)
[07:45:38] Top card: Yellow_R(Clone) (CardProperties)
[07:45:38] Enemy 1: Played Yellow_R(Clone) (UnityEngine.GameObject) (Card 0)
[07:45:38] Top card: Yellow_R(Clone) (CardProperties)
[07:45:38] Enemy 1: Played Yellow_R(Clone) (UnityEngine.GameObject) (Card 0)
[07:45:38] Top card: Yellow_R(Clone) (CardProperties)
[07:45:38] Enemy 1: Played Yellow_R(Clone) (UnityEngine.GameObject) (Card 0)
[07:45:38] Top card: Yellow_R(Clone) (CardProperties)
[07:45:38] Enemy 1: Played Yellow_R(Clone) (UnityEngine.GameObject) (Card 0)
[07:45:38] Top card: Yellow_R(Clone) (CardProperties)
[07:45:38] Enemy 1: Played Yellow_R(Clone) (UnityEngine.GameObject) (Card 0)
[07:45:38] Top card: Yellow_R(Clone) (CardProperties)
[07:45:38] Enemy 1: Played Yellow_R(Clone) (UnityEngine.GameObject) (Card 0)
[07:45:38] Top card: Yellow_R(Clone) (CardProperties)
[07:45:38] Enemy 1: Played Yellow_R(Clone) (UnityEngine.GameObject) (Card 0)
[07:45:38] Top card: Yellow_R(Clone) (CardProperties)
[07:45:38] Enemy 1: Played Yellow_R(Clone) (UnityEngine.GameObject) (Card 0)
[07:45:38] Top card: Yellow_R(Clone) (CardProperties)
[07:45:38] Enemy 1: Played Yellow_R(Clone) (UnityEngine.GameObject) (Card 0)
[07:45:38] Top card: Yellow_R(Clone) (CardProperties)
[07:45:38] Enemy 1: Played Yellow_R(Clone) (UnityEngine.GameObject) (Card 0)
[07:45:38] Top card: Yellow_R(Clone) (CardProperties)
[07:45:38] Enemy 1: Played Yellow_R(Clone) (UnityEngine.GameObject) (Card 0)
[07:45:38] Top card: Yellow_R(Clone) (CardProperties)
[07:45:38] Enemy 1: Played Yellow_R(Clone) (UnityEngine.GameObject) (Card 0)
[07:45:38] Top card: Yellow_R(Clone) (CardProperties)
[07:45:38] Enemy 1: Played Yellow_R(Clone) (UnityEngine.GameObject) (Card 0)
[07:45:38] Top card: Yellow_R(Clone) (CardProperties)
[07:45:38] Enemy 1: Played Yellow_R(Clone) (UnityEngine.GameObject) (Card 0)
[07:45:38] Top card: Yellow_R(Clone) (CardProperties)
[07:45:38] Enemy 1: Played Yellow_R(Clone) (UnityEngine.GameObject) (Card 0)
[07:45:38] Top card: Yellow_R(Clone) (CardProperties)
[07:45:38] Enemy 1: Played Yellow_R(Clone) (UnityEngine.GameObject) (Card 0)
[07:45:38] Top card: Yellow_R(Clone) (CardProperties)
[07:45:38] Enemy 1: Played Yellow_R(Clone) (UnityEngine.GameObject) (Card 0)
[07:45:38] Top card: Yellow_R(Clone) (CardProperties)
[07:45:38] Enemy 1: Played Yellow_R(Clone) (UnityEngine.GameObject) (Card 0)
[07:45:38] Top card: Yellow_R(Clone) (CardProperties)
[07:45:38] Enemy 1: Played Yellow_R(Clone) (UnityEngine.GameObject) (Card 0)
[07:45:38] Top card: Yellow_R(Clone) (CardProperties)
[07:45:38] Enemy 1: Played Yellow_R(Clone) (UnityEngine.GameObject) (Card 0)
[07:45:38] Top card: Yellow_R(Clone) (CardProperties)
[07:45:38] Enemy 1: Played Yellow_R(Clone) (UnityEngine.GameObject) (Card 0)
[07:45:38] Top card: Yellow_R(Clone) (CardProperties)
[07:45:38] Enemy 1: Played Yellow_R(Clone) (UnityEngine.GameObject) (Card 0)
[07:45:38] Top card: Yellow_R(Clone) (CardProperties)
[07:45:38] Enemy 1: Played Yellow_R(Clone) (UnityEngine.GameObject) (Card 0)
[07:45:38] Top card: Yellow_R(Clone) (CardProperties)
[07:45:38] Enemy 1: Played Yellow_R(Clone) (UnityEngine.GameObject) (Card 0)
[07:45:38] Top card: Yellow_R(Clone) (CardProperties)
[07:45:38] Enemy 1: Played Yellow_R(Clone) (UnityEngine.GameObject) (Card 0)
[07:45:38] Top card: Yellow_R(Clone) (CardProperties)
[07:45:38] Enemy 1: Played Yellow_R(Clone) (UnityEngine.GameObject) (Card 0)
[07:45:38] Top card: Yellow_R(Clone) (CardProperties)
[07:45:38] Enemy 1: Played Yellow_R(Clone) (UnityEngine.GameObject) (Card 0)
[07:45:38] Top card: Yellow_R(Clone) (CardProperties)
[07:45:38] Enemy 1: Played Yellow_R(Clone) (UnityEngine.GameObject) (Card 0)
[07:45:38] Top card: Yellow_R(Clone) (CardProperties)
[07:45:38] Enemy 1: Played Yellow_R(Clone) (UnityEngine.GameObject) (Card 0)
[07:45:38] Top card: Yellow_R(Clone) (CardProperties)
[07:45:38] Enemy 1: Played Yellow_R(Clone) (UnityEngine.GameObject) (Card 0)
[07:45:38] Top card: Yellow_R(Clone) (CardProperties)
[07:45:38] Enemy 1: Played Yellow_R(Clone) (UnityEngine.GameObject) (Card 0)
[07:45:38] Top card: Yellow_R(Clone) (CardProperties)
[07:45:38] Enemy 1: Played Yellow_R(Clone) (UnityEngine.GameObject) (Card 0)
[07:45:38] Top card: Yellow_R(Clone) (CardProperties)
[07:45:38] Enemy 1: Played Yellow_R(Clone) (UnityEngine.GameObject) (Card 0)
[07:45:38] Top card: Yellow_R(Clone) (CardProperties)
[07:45:38] Enemy 1: Played Yellow_R(Clone) (UnityEngine.GameObject) (Card 0)
[07:45:38] Top card: Yellow_R(Clone) (CardProperties)
[07:45:38] Enemy 1: Played Yellow_R(Clone) (UnityEngine.GameObject) (Card 0)
[07:45:38] Top card: Yellow_R(Clone) (CardProperties)
[07:45:38] Enemy 1: Played Yellow_R(Clone) (UnityEngine.GameObject) (Card 0)
[07:45:38] Top card: Yellow_R(Clone) (CardProperties)
[07:45:38] Enemy 1: Played Yellow_R(Clone) (UnityEngine.GameObject) (Card 0)
[07:45:38] Top card: Yellow_R(Clone) (CardProperties)
[07:45:38] Enemy 1: Played Yellow_R(Clone) (UnityEngine.GameObject) (Card 0)
[07:45:38] Top card: Yellow_R(Clone) (CardProperties)
[07:45:38] Enemy 1: Played Yellow_R(Clone) (UnityEngine.GameObject) (Card 0)
[07:45:38] Top card: Yellow_R(Clone) (CardProperties)
[07:45:38] Enemy 1: Played Yellow_R(Clone) (UnityEngine.GameObject) (Card 0)
[07:45:38] Top card: Yellow_R(Clone) (CardProperties)
[07:45:38] Enemy 1: Played Yellow_R(Clone) (UnityEngine.GameObject) (Card 0)
[07:45:38] Top card: Yellow_R(Clone) (CardProperties)
[07:45:38] Enemy 1: Played Yellow_R(Clone) (UnityEngine.GameObject) (Card 0)
[07:45:38] Top card: Yellow_R(Clone) (CardProperties)
[07:45:38] Enemy 1: Played Yellow_R(Clone) (UnityEngine.GameObject) (Card 0)
[07:45:38] Top card: Yellow_R(Clone) (CardProperties)
[07:45:38] Enemy 1: Played Yellow_R(Clone) (UnityEngine.GameObject) (Card 0)
[07:45:38] Top card: Yellow_R(Clone) (CardProperties)
[07:45:38] Enemy 1: Played Yellow_R(Clone) (UnityEngine.GameObject) (Card 0)
[07:45:38] Top card: Yellow_R(Clone) (CardProperties)
[07:45:38] Enemy 1: Played Yellow_R(Clone) (UnityEngine.GameObject) (Card 0)
[07:45:38] Top card: Yellow_R(Clone) (CardProperties)
[07:45:38] Enemy 1: Played Yellow_R(Clone) (UnityEngine.GameObject) (Card 0)
[07:45:38] Top card: Yellow_R(Clone) (CardProperties)
[07:45:38] Enemy 1: Played Yellow_R(Clone) (UnityEngine.GameObject) (Card 0)
[07:45:38] Top card: Yellow_R(Clone) (CardProperties)
[07:45:38] Enemy 1: Played Yellow_R(Clone) (UnityEngine.GameObject) (Card 0)
[07:45:38] Top card: Yellow_R(Clone) (CardProperties)
[07:45:38] Enemy 1: Played Yellow_R(Clone) (UnityEngine.GameObject) (Card 0)
[07:45:38] Top card: Yellow_R(Clone) (CardProperties)
[07:45:38] Enemy 1: Played Yellow_R(Clone) (UnityEngine.GameObject) (Card 0)
[07:45:38] Top card: Yellow_R(Clone) (CardProperties)
[07:45:38] Enemy 1: Played Yellow_R(Clone) (UnityEngine.GameObject) (Card 0)
[07:45:38] Top card: Yellow_R(Clone) (CardProperties)
[07:45:38] Enemy 1: Played Yellow_R(Clone) (UnityEngine.GameObject) (Card 0)
[07:45:38] Top card: Yellow_R(Clone) (CardProperties)
[07:45:38] Enemy 1: Played Yellow_R(Clone) (UnityEngine.GameObject) (Card 0)
[07:45:38] Top card: Yellow_R(Clone) (CardProperties)
[07:45:38] Enemy 1: Played Yellow_R(Clone) (UnityEngine.GameObject) (Card 0)
[07:45:38] Top card: Yellow_R(Clone) (CardProperties)
[07:45:38] Enemy 1: Played Yellow_R(Clone) (UnityEngine.GameObject) (Card 0)
[07:45:38] Top card: Yellow_R(Clone) (CardProperties)
[07:45:38] Enemy 1: Played Yellow_R(Clone) (UnityEngine.GameObject) (Card 0)
[07:45:38] Top card: Yellow_R(Clone) (CardProperties)
[07:45:38] Enemy 1: Played Yellow_R(Clone) (UnityEngine.GameObject) (Card 0)
[07:45:38] Top card: Yellow_R(Clone) (CardProperties)
[07:45:38] Enemy 1: Played Yellow_R(Clone) (UnityEngine.GameObject) (Card 0)
[07:45:38] Top card: Yellow_R(Clone) (CardProperties)
[07:45:38] Enemy 1: Played Yellow_R(Clone) (UnityEngine.GameObject) (Card 0)
[07:45:38] Top card: Yellow_R(Clone) (CardProperties)
[07:45:38] Enemy 1: Played Yellow_R(Clone) (UnityEngine.GameObject) (Card 0)
[07:45:38] Top card: Yellow_R(Clone) (CardProperties)
[07:45:38] Enemy 1: Played Yellow_R(Clone) (UnityEngine.GameObject) (Card 0)
[07:45:38] Top card: Yellow_R(Clone) (CardProperties)
[07:45:38] Enemy 1: Played Yellow_R(Clone) (UnityEngine.GameObject) (Card 0)
[07:45:38] Top card: Yellow_R(Clone) (CardProperties)
[07:45:38] Enemy 1: Played Yellow_R(Clone) (UnityEngine.GameObject) (Card 0)
[07:45:38] Top card: Yellow_R(Clone) (CardProperties)
[07:45:38] Enemy 1: Played Yellow_R(Clone) (UnityEngine.GameObject) (Card 0)
[07:45:38] Top card: Yellow_R(Clone) (CardProperties)
[07:45:38] Enemy 1: Played Yellow_R(Clone) (UnityEngine.GameObject) (Card 0)
[07:45:38] Top card: Yellow_R(Clone) (CardProperties)
[07:45:38] Enemy 1: Played Yellow_R(Clone) (UnityEngine.GameObject) (Card 0)
[07:45:38] Top card: Yellow_R(Clone) (CardProperties)
[07:45:38] Enemy 1: Played Yellow_R(Clone) (UnityEngine.GameObject) (Card 0)
[07:45:38] Top card: Yellow_R(Clone) (CardProperties)
[07:45:38] Enemy 1: Played Yellow_R(Clone) (UnityEngine.GameObject) (Card 0)
[07:45:38] Top card: Yellow_R(Clone) (CardProperties)
[07:45:38] Enemy 1: Played Yellow_R(Clone) (UnityEngine.GameObject) (Card 0)
[07:45:38] Top card: Yellow_R(Clone) (CardProperties)
[07:45:38] Enemy 1: Played Yellow_R(Clone) (UnityEngine.GameObject) (Card 0)
[07:45:38] Top card: Yellow_R(Clone) (CardProperties)
[07:45:38] Enemy 1: Played Yellow_R(Clone) (UnityEngine.GameObject) (Card 0)
[07:45:38] Top card: Yellow_R(Clone) (CardProperties)
[07:45:38] Enemy 1: Played Yellow_R(Clone) (UnityEngine.GameObject) (Card 0)
[07:45:38] Top card: Yellow_R(Clone) (CardProperties)
[07:45:38] Enemy 1: Played Yellow_R(Clone) (UnityEngine.GameObject) (Card 0)
[07:45:38] Top card: Yellow_R(Clone) (CardProperties)
[07:45:38] Enemy 1: Played Yellow_R(Clone) (UnityEngine.GameObject) (Card 0)
[07:45:38] Top card: Yellow_R(Clone) (CardProperties)
[07:45:38] Enemy 1: Played Yellow_R(Clone) (UnityEngine.GameObject) (Card 0)
[07:45:38] Top card: Yellow_R(Clone) (CardProperties)
[07:45:38] Enemy 1: Played Yellow_R(Clone) (UnityEngine.GameObject) (Card 0)
[07:45:38] Top card: Yellow_R(Clone) (CardProperties)
[07:45:38] Enemy 1: Played Yellow_R(Clone) (UnityEngine.GameObject) (Card 0)
[07:45:38] Top card: Yellow_R(Clone) (CardProperties)
[07:45:38] Enemy 1: Played Yellow_R(Clone) (UnityEngine.GameObject) (Card 0)
[07:45:38] Top card: Yellow_R(Clone) (CardProperties)
[07:45:38] Enemy 1: Played Yellow_R(Clone) (UnityEngine.GameObject) (Card 0)
[07:45:38] Top card: Yellow_R(Clone) (CardProperties)
[07:45:38] Enemy 1: Played Yellow_R(Clone) (UnityEngine.GameObject) (Card 0)
[07:45:38] Top card: Yellow_R(Clone) (CardProperties)
[07:45:38] Enemy 1: Played Yellow_R(Clone) (UnityEngine.GameObject) (Card 0)
[07:45:38] Top card: Yellow_R(Clone) (CardProperties)
[07:45:38] Enemy 1: Played Yellow_R(Clone) (UnityEngine.GameObject) (Card 0)
[07:45:38] Top card: Yellow_R(Clone) (CardProperties)
[07:45:38] Enemy 1: Played Yellow_R(Clone) (UnityEngine.GameObject) (Card 0)
[07:45:38] Top card: Yellow_R(Clone) (CardProperties)
[07:45:38] Enemy 1: Played Yellow_R(Clone) (UnityEngine.GameObject) (Card 0)
[07:45:38] Top card: Yellow_R(Clone) (CardProperties)
[07:45:38] Enemy 1: Played Yellow_R(Clone) (UnityEngine.GameObject) (Card 0)
[07:45:38] Top card: Yellow_R(Clone) (CardProperties)
[07:45:38] Enemy 1: Played Yellow_R(Clone) (UnityEngine.GameObject) (Card 0)
[07:45:38] Top card: Yellow_R(Clone) (CardProperties)
[07:45:38] Enemy 1: Played Yellow_R(Clone) (UnityEngine.GameObject) (Card 0)
[07:45:38] Top card: Yellow_R(Clone) (CardProperties)
[07:45:38] Enemy 1: Played Yellow_R(Clone) (UnityEngine.GameObject) (Card 0)
[07:45:38] Top card: Yellow_R(Clone) (CardProperties)
[07:45:38] Enemy 1: Played Yellow_R(Clone) (UnityEngine.GameObject) (Card 0)
[07:45:38] Top card: Yellow_R(Clone) (CardProperties)
[07:45:38] Enemy 1: Played Yellow_R(Clone) (UnityEngine.GameObject) (Card 0)
[07:45:38] Top card: Yellow_R(Clone) (CardProperties)
[07:45:38] Enemy 1: Played Yellow_R(Clone) (UnityEngine.GameObject) (Card 0)
[07:45:38] Top card: Yellow_R(Clone) (CardProperties)
[07:45:38] Enemy 1: Played Yellow_R(Clone) (UnityEngine.GameObject) (Card 0)
[07:45:38] Top card: Yellow_R(Clone) (CardProperties)
[07:45:38] Enemy 1: Played Yellow_R(Clone) (UnityEngine.GameObject) (Card 0)
[07:45:38] Top card: Yellow_R(Clone) (CardProperties)
[07:45:38] Enemy 1: Played Yellow_R(Clone) (UnityEngine.GameObject) (Card 0)
[07:45:38] Top card: Yellow_R(Clone) (CardProperties)
[07:45:38] Enemy 1: Played Yellow_R(Clone) (UnityEngine.GameObject) (Card 0)
[07:45:38] Top card: Yellow_R(Clone) (CardProperties)
[07:45:38] Enemy 1: Played Yellow_R(Clone) (UnityEngine.GameObject) (Card 0)
[07:45:38] Top card: Yellow_R(Clone) (CardProperties)
[07:45:38] Enemy 1: Played Yellow_R(Clone) (UnityEngine.GameObject) (Card 0)
[07:45:38] Top card: Yellow_R(Clone) (CardProperties)
[07:45:38] Enemy 1: Played Yellow_R(Clone) (UnityEngine.GameObject) (Card 0)
[07:45:38] Top card: Yellow_R(Clone) (CardProperties)
[07:45:38] Enemy 1: Played Yellow_R(Clone) (UnityEngine.GameObject) (Card 0)
[07:45:38] Top card: Yellow_R(Clone) (CardProperties)
[07:45:38] Enemy 1: Played Yellow_R(Clone) (UnityEngine.GameObject) (Card 0)
[07:45:38] Top card: Yellow_R(Clone) (CardProperties)
[07:45:38] Enemy 1: Played Yellow_R(Clone) (UnityEngine.GameObject) (Card 0)
[07:45:38] Top card: Yellow_R(Clone) (CardProperties)
[07:45:38] Enemy 1: Played Yellow_R(Clone) (UnityEngine.GameObject) (Card 0)
[07:45:38] Top card: Yellow_R(Clone) (CardProperties)
[07:45:38] Enemy 1: Played Yellow_R(Clone) (UnityEngine.GameObject) (Card 0)
[07:45:38] Top card: Yellow_R(Clone) (CardProperties)
[07:45:38] Enemy 1: Played Yellow_R(Clone) (UnityEngine.GameObject) (Card 0)
[07:45:38] Top card: Yellow_R(Clone) (CardProperties)
[07:45:38] Enemy 1: Played Yellow_R(Clone) (UnityEngine.GameObject) (Card 0)
[07:45:38] Top card: Yellow_R(Clone) (CardProperties)
[07:45:38] Enemy 1: Played Yellow_R(Clone) (UnityEngine.GameObject) (Card 0)
[07:45:38] Top card: Yellow_R(Clone) (CardProperties)
[07:45:38] Enemy 1: Played Yellow_R(Clone) (UnityEngine.GameObject) (Card 0)
[07:45:38] Top card: Yellow_R(Clone) (CardProperties)
[07:45:38] Enemy 1: Played Yellow_R(Clone) (UnityEngine.GameObject) (Card 0)
[07:45:38] Top card: Yellow_R(Clone) (CardProperties)
[07:45:38] Enemy 1: Played Yellow_R(Clone) (UnityEngine.GameObject) (Card 0)
[07:45:38] Top card: Yellow_R(Clone) (CardProperties)
[07:45:38] Enemy 1: Played Yellow_R(Clone) (UnityEngine.GameObject) (Card 0)
[07:45:38] Top card: Yellow_R(Clone) (CardProperties)
[07:45:38] Enemy 1: Played Yellow_R(Clone) (UnityEngine.GameObject) (Card 0)
[07:45:38] Top card: Yellow_R(Clone) (CardProperties)
[07:45:38] Enemy 1: Played Yellow_R(Clone) (UnityEngine.GameObject) (Card 0)
[07:45:38] Top card: Yellow_R(Clone) (CardProperties)
[07:45:38] Enemy 1: Played Yellow_R(Clone) (UnityEngine.GameObject) (Card 0)
[07:45:38] Top card: Yellow_R(Clone) (CardProperties)
[07:45:38] Enemy 1: Played Yellow_R(Clone) (UnityEngine.GameObject) (Card 0)
[07:45:38] Top card: Yellow_R(Clone) (CardProperties)
[07:45:38] Enemy 1: Played Yellow_R(Clone) (UnityEngine.GameObject) (Card 0)
[07:45:38] Top card: Yellow_R(Clone) (CardProperties)
[07:45:38] Enemy 1: Played Yellow_R(Clone) (UnityEngine.GameObject) (Card 0)
[07:45:38] Top card: Yellow_R(Clone) (CardProperties)
[07:45:38] Enemy 1: Played Yellow_R(Clone) (UnityEngine.GameObject) (Card 0)
[07:45:38] Top card: Yellow_R(Clone) (CardProperties)
[07:45:38] Enemy 1: Played Yellow_R(Clone) (UnityEngine.GameObject) (Card 0)
[07:45:38] Top card: Yellow_R(Clone) (CardProperties)
[07:45:38] Enemy 1: Played Yellow_R(Clone) (UnityEngine.GameObject) (Card 0)
[07:45:38] Top card: Yellow_R(Clone) (CardProperties)
[07:45:38] Enemy 1: Played Yellow_R(Clone) (UnityEngine.GameObject) (Card 0)
[07:45:38] Top card: Yellow_R(Clone) (CardProperties)
[07:45:38] Enemy 1: Played Yellow_R(Clone) (UnityEngine.GameObject) (Card 0)
[07:45:38] Top card: Yellow_R(Clone) (CardProperties)
[07:45:38] Enemy 1: Played Yellow_R(Clone) (UnityEngine.GameObject) (Card 0)
[07:45:38] Top card: Yellow_R(Clone) (CardProperties)
[07:45:38] Enemy 1: Played Yellow_R(Clone) (UnityEngine.GameObject) (Card 0)
[07:45:38] Top card: Yellow_R(Clone) (CardProperties)
[07:45:38] Enemy 1: Played Yellow_R(Clone) (UnityEngine.GameObject) (Card 0)
[07:45:38] Top card: Yellow_R(Clone) (CardProperties)
[07:45:38] Enemy 1: Played Yellow_R(Clone) (UnityEngine.GameObject) (Card 0)
[07:45:38] Top card: Yellow_R(Clone) (CardProperties)
[07:45:38] Enemy 1: Played Yellow_R(Clone) (UnityEngine.GameObject) (Card 0)
[07:45:38] Top card: Yellow_R(Clone) (CardProperties)
[07:45:38] Enemy 1: Played Yellow_R(Clone) (UnityEngine.GameObject) (Card 0)
[07:45:38] Top card: Yellow_R(Clone) (CardProperties)
[07:45:38] Enemy 1: Played Yellow_R(Clone) (UnityEngine.GameObject) (Card 0)
[07:45:38] Top card: Yellow_R(Clone) (CardProperties)
[07:45:38] Enemy 1: Played Yellow_R(Clone) (UnityEngine.GameObject) (Card 0)
[07:45:38] Top card: Yellow_R(Clone) (CardProperties)
[07:45:38] Enemy 1: Played Yellow_R(Clone) (UnityEngine.GameObject) (Card 0)
[07:45:38] Top card: Yellow_R(Clone) (CardProperties)
[07:45:38] Enemy 1: Played Yellow_R(Clone) (UnityEngine.GameObject) (Card 0)
[07:45:38] Top card: Yellow_R(Clone) (CardProperties)
[07:45:38] Enemy 1: Played Yellow_R(Clone) (UnityEngine.GameObject) (Card 0)
[07:45:38] Top card: Yellow_R(Clone) (CardProperties)
[07:45:38] Enemy 1: Played Yellow_R(Clone) (UnityEngine.GameObject) (Card 0)
[07:45:38] Top card: Yellow_R(Clone) (CardProperties)
[07:45:38] Enemy 1: Played Yellow_R(Clone) (UnityEngine.GameObject) (Card 0)
[07:45:38] Top card: Yellow_R(Clone) (CardProperties)
[07:45:38] Enemy 1: Played Yellow_R(Clone) (UnityEngine.GameObject) (Card 0)
[07:45:38] Top card: Yellow_R(Clone) (CardProperties)
[07:45:38] Enemy 1: Played Yellow_R(Clone) (UnityEngine.GameObject) (Card 0)
[07:45:38] Top card: Yellow_R(Clone) (CardProperties)
[07:45:38] Enemy 1: Played Yellow_R(Clone) (UnityEngine.GameObject) (Card 0)
[07:45:38] Top card: Yellow_R(Clone) (CardProperties)
[07:45:38] Enemy 1: Played Yellow_R(Clone) (UnityEngine.GameObject) (Card 0)
[07:45:38] Top card: Yellow_R(Clone) (CardProperties)
[07:45:38] Enemy 1: Played Yellow_R(Clone) (UnityEngine.GameObject) (Card 0)
[07:45:38] Top card: Yellow_R(Clone) (CardProperties)
[07:45:38] Enemy 1: Played Yellow_R(Clone) (UnityEngine.GameObject) (Card 0)
[07:45:38] Top card: Yellow_R(Clone) (CardProperties)
[07:45:38] Enemy 1: Played Yellow_R(Clone) (UnityEngine.GameObject) (Card 0)
[07:45:38] Top card: Yellow_R(Clone) (CardProperties)
[07:45:38] Enemy 1: Played Yellow_R(Clone) (UnityEngine.GameObject) (Card 0)
[07:45:38] Top card: Yellow_R(Clone) (CardProperties)
[07:45:38] Enemy 1: Played Yellow_R(Clone) (UnityEngine.GameObject) (Card 0)
[07:45:38] Top card: Yellow_R(Clone) (CardProperties)
[07:45:38] Enemy 1: Played Yellow_R(Clone) (UnityEngine.GameObject) (Card 0)
[07:45:38] Top card: Yellow_R(Clone) (CardProperties)
[07:45:38] Enemy 1: Played Yellow_R(Clone) (UnityEngine.GameObject) (Card 0)
[07:45:38] Top card: Yellow_R(Clone) (CardProperties)
[07:45:38] Enemy 1: Played Yellow_R(Clone) (UnityEngine.GameObject) (Card 0)
[07:45:38] Top card: Yellow_R(Clone) (CardProperties)
[07:45:38] Enemy 1: Played Yellow_R(Clone) (UnityEngine.GameObject) (Card 0)
[07:45:38] Top card: Yellow_R(Clone) (CardProperties)
[07:45:38] Enemy 1: Played Yellow_R(Clone) (UnityEngine.GameObject) (Card 0)
[07:45:38] Top card: Yellow_R(Clone) (CardProperties)
[07:45:38] Enemy 1: Played Yellow_R(Clone) (UnityEngine.GameObject) (Card 0)
[07:45:38] Top card: Yellow_R(Clone) (CardProperties)
[07:45:38] Enemy 1: Played Yellow_R(Clone) (UnityEngine.GameObject) (Card 0)
[07:45:38] Top card: Yellow_R(Clone) (CardProperties)
[07:45:38] Enemy 1: Played Yellow_R(Clone) (UnityEngine.GameObject) (Card 0)
[07:45:38] Top card: Yellow_R(Clone) (CardProperties)
[07:45:38] Enemy 1: Played Yellow_R(Clone) (UnityEngine.GameObject) (Card 0)
[07:45:38] Top card: Yellow_R(Clone) (CardProperties)
[07:45:38] Enemy 1: Played Yellow_R(Clone) (UnityEngine.GameObject) (Card 0)
[07:45:38] Top card: Yellow_R(Clone) (CardProperties)
[07:45:38] Enemy 1: Played Yellow_R(Clone) (UnityEngine.GameObject) (Card 0)
[07:45:38] Top card: Yellow_R(Clone) (CardProperties)
[07:45:38] Enemy 1: Played Yellow_R(Clone) (UnityEngine.GameObject) (Card 0)
[07:45:38] Top card: Yellow_R(Clone) (CardProperties)
[07:45:38] Enemy 1: Played Yellow_R(Clone) (UnityEngine.GameObject) (Card 0)
[07:45:38] Top card: Yellow_R(Clone) (CardProperties)
[07:45:38] Enemy 1: Played Yellow_R(Clone) (UnityEngine.GameObject) (Card 0)
[07:45:38] Top card: Yellow_R(Clone) (CardProperties)
[07:45:38] Enemy 1: Played Yellow_R(Clone) (UnityEngine.GameObject) (Card 0)
[07:45:38] Top card: Yellow_R(Clone) (CardProperties)
[07:45:38] Enemy 1: Played Yellow_R(Clone) (UnityEngine.GameObject) (Card 0)
[07:45:38] Top card: Yellow_R(Clone) (CardProperties)
[07:45:38] Enemy 1: Played Yellow_R(Clone) (UnityEngine.GameObject) (Card 0)
[07:45:38] Top card: Yellow_R(Clone) (CardProperties)
[07:45:38] Enemy 1: Played Yellow_R(Clone) (UnityEngine.GameObject) (Card 0)
[07:45:38] Top card: Yellow_R(Clone) (CardProperties)
[07:45:38] Enemy 1: Played Yellow_R(Clone) (UnityEngine.GameObject) (Card 0)
[07:45:38] Top card: Yellow_R(Clone) (CardProperties)
[07:45:38] Enemy 1: Played Yellow_R(Clone) (UnityEngine.GameObject) (Card 0)
[07:45:38] Top card: Yellow_R(Clone) (CardProperties)
[07:45:38] Enemy 1: Played Yellow_R(Clone) (UnityEngine.GameObject) (Card 0)
[07:45:38] Top card: Yellow_R(Clone) (CardProperties)
[07:45:38] Enemy 1: Played Yellow_R(Clone) (UnityEngine.GameObject) (Card 0)
[07:45:38] Top card: Yellow_R(Clone) (CardProperties)
[07:45:38] Enemy 1: Played Yellow_R(Clone) (UnityEngine.GameObject) (Card 0)
[07:45:38] Top card: Yellow_R(Clone) (CardProperties)
[07:45:38] Enemy 1: Played Yellow_R(Clone) (UnityEngine.GameObject) (Card 0)
[07:45:38] Top card: Yellow_R(Clone) (CardProperties)
[07:45:38] Enemy 1: Played Yellow_R(Clone) (UnityEngine.GameObject) (Card 0)
[07:45:38] Top card: Yellow_R(Clone) (CardProperties)
[07:45:38] Enemy 1: Played Yellow_R(Clone) (UnityEngine.GameObject) (Card 0)
[07:45:38] Top card: Yellow_R(Clone) (CardProperties)
[07:45:38] Enemy 1: Played Yellow_R(Clone) (UnityEngine.GameObject) (Card 0)
[07:45:38] Top card: Yellow_R(Clone) (CardProperties)
[07:45:38] Enemy 1: Played Yellow_R(Clone) (UnityEngine.GameObject) (Card 0)
[07:45:38] Top card: Yellow_R(Clone) (CardProperties)
[07:45:38] Enemy 1: Played Yellow_R(Clone) (UnityEngine.GameObject) (Card 0)
[07:45:38] Top card: Yellow_R(Clone) (CardProperties)
[07:45:38] Enemy 1: Played Yellow_R(Clone) (UnityEngine.GameObject) (Card 0)
[07:45:38] Top card: Yellow_R(Clone) (CardProperties)
[07:45:38] Enemy 1: Played Yellow_R(Clone) (UnityEngine.GameObject) (Card 0)
[07:45:38] Top card: Yellow_R(Clone) (CardProperties)
[07:45:38] Enemy 1: Played Yellow_R(Clone) (UnityEngine.GameObject) (Card 0)
[07:45:38] Top card: Yellow_R(Clone) (CardProperties)
[07:45:38] Enemy 1: Played Yellow_R(Clone) (UnityEngine.GameObject) (Card 0)
[07:45:38] Top card: Yellow_R(Clone) (CardProperties)
[07:45:38] Enemy 1: Played Yellow_R(Clone) (UnityEngine.GameObject) (Card 0)
[07:45:38] Top card: Yellow_R(Clone) (CardProperties)
[07:45:38] Enemy 1: Played Yellow_R(Clone) (UnityEngine.GameObject) (Card 0)
[07:45:38] Top card: Yellow_R(Clone) (CardProperties)
[07:45:38] Enemy 1: Played Yellow_R(Clone) (UnityEngine.GameObject) (Card 0)
[07:45:38] Top card: Yellow_R(Clone) (CardProperties)
[07:45:38] Enemy 1: Played Yellow_R(Clone) (UnityEngine.GameObject) (Card 0)
[07:45:38] Top card: Yellow_R(Clone) (CardProperties)
[07:45:38] Enemy 1: Played Yellow_R(Clone) (UnityEngine.GameObject) (Card 0)
[07:45:38] Top card: Yellow_R(Clone) (CardProperties)
[07:45:38] Enemy 1: Played Yellow_R(Clone) (UnityEngine.GameObject) (Card 0)
[07:45:38] Top card: Yellow_R(Clone) (CardProperties)
[07:45:38] Enemy 1: Played Yellow_R(Clone) (UnityEngine.GameObject) (Card 0)
[07:45:38] Top card: Yellow_R(Clone) (CardProperties)
[07:45:38] Enemy 1: Played Yellow_R(Clone) (UnityEngine.GameObject) (Card 0)
[07:45:38] Top card: Yellow_R(Clone) (CardProperties)
[07:45:38] Enemy 1: Played Yellow_R(Clone) (UnityEngine.GameObject) (Card 0)
[07:45:38] Top card: Yellow_R(Clone) (CardProperties)
[07:45:38] Enemy 1: Played Yellow_R(Clone) (UnityEngine.GameObject) (Card 0)
[07:45:38] Top card: Yellow_R(Clone) (CardProperties)
[07:45:38] Enemy 1: Played Yellow_R(Clone) (UnityEngine.GameObject) (Card 0)
[07:45:38] Top card: Yellow_R(Clone) (CardProperties)
[07:45:38] Enemy 1: Played Yellow_R(Clone) (UnityEngine.GameObject) (Card 0)
[07:45:38] Top card: Yellow_R(Clone) (CardProperties)
[07:45:38] Enemy 1: Played Yellow_R(Clone) (UnityEngine.GameObject) (Card 0)
[07:45:38] Top card: Yellow_R(Clone) (CardProperties)
[07:45:38] Enemy 1: Played Yellow_R(Clone) (UnityEngine.GameObject) (Card 0)
[07:45:38] Top card: Yellow_R(Clone) (CardProperties)
[07:45:38] Enemy 1: Played Yellow_R(Clone) (UnityEngine.GameObject) (Card 0)
[07:45:38] Top card: Yellow_R(Clone) (CardProperties)
[07:45:38] Enemy 1: Played Yellow_R(Clone) (UnityEngine.GameObject) (Card 0)
[07:45:38] Top card: Yellow_R(Clone) (CardProperties)
[07:45:38] Enemy 1: Played Yellow_R(Clone) (UnityEngine.GameObject) (Card 0)
[07:45:38] Top card: Yellow_R(Clone) (CardProperties)
[07:45:38] Enemy 1: Played Yellow_R(Clone) (UnityEngine.GameObject) (Card 0)
[07:45:38] Top card: Yellow_R(Clone) (CardProperties)
[07:45:38] Enemy 1: Played Yellow_R(Clone) (UnityEngine.GameObject) (Card 0)
[07:45:38] Top card: Yellow_R(Clone) (CardProperties)
[07:45:38] Enemy 1: Played Yellow_R(Clone) (UnityEngine.GameObject) (Card 0)
[07:45:38] Top card: Yellow_R(Clone) (CardProperties)
[07:45:38] Enemy 1: Played Yellow_R(Clone) (UnityEngine.GameObject) (Card 0)
[07:45:38] Top card: Yellow_R(Clone) (CardProperties)
[07:45:38] Enemy 1: Played Yellow_R(Clone) (UnityEngine.GameObject) (Card 0)
[07:45:38] Top card: Yellow_R(Clone) (CardProperties)
[07:45:38] Enemy 1: Played Yellow_R(Clone) (UnityEngine.GameObject) (Card 0)
[07:45:38] Top card: Yellow_R(Clone) (CardProperties)
[07:45:38] Enemy 1: Played Yellow_R(Clone) (UnityEngine.GameObject) (Card 0)
[07:45:38] Top card: Yellow_R(Clone) (CardProperties)
[07:45:38] Enemy 1: Played Yellow_R(Clone) (UnityEngine.GameObject) (Card 0)
[07:45:38] Top card: Yellow_R(Clone) (CardProperties)
[07:45:38] Enemy 1: Played Yellow_R(Clone) (UnityEngine.GameObject) (Card 0)
[07:45:38] Top card: Yellow_R(Clone) (CardProperties)
[07:45:38] Enemy 1: Played Yellow_R(Clone) (UnityEngine.GameObject) (Card 0)
[07:45:38] Top card: Yellow_R(Clone) (CardProperties)
[07:45:38] Enemy 1: Played Yellow_R(Clone) (UnityEngine.GameObject) (Card 0)
[07:45:38] Top card: Yellow_R(Clone) (CardProperties)
[07:45:38] Enemy 1: Played Yellow_R(Clone) (UnityEngine.GameObject) (Card 0)
[07:45:38] Top card: Yellow_R(Clone) (CardProperties)
[07:45:38] Enemy 1: Played Yellow_R(Clone) (UnityEngine.GameObject) (Card 0)
[07:45:38] Top card: Yellow_R(Clone) (CardProperties)
[07:45:38] Enemy 1: Played Yellow_R(Clone) (UnityEngine.GameObject) (Card 0)
[07:45:38] Top card: Yellow_R(Clone) (CardProperties)
[07:45:38] Enemy 1: Played Yellow_R(Clone) (UnityEngine.GameObject) (Card 0)
[07:45:38] Top card: Yellow_R(Clone) (CardProperties)
[07:45:38] Enemy 1: Played Yellow_R(Clone) (UnityEngine.GameObject) (Card 0)
[07:45:38] Top card: Yellow_R(Clone) (CardProperties)
[07:45:38] Enemy 1: Played Yellow_R(Clone) (UnityEngine.GameObject) (Card 0)
[07:45:38] Top card: Yellow_R(Clone) (CardProperties)
[07:45:38] Enemy 1: Played Yellow_R(Clone) (UnityEngine.GameObject) (Card 0)
[07:45:38] Top card: Yellow_R(Clone) (CardProperties)
[07:45:38] Enemy 1: Played Yellow_R(Clone) (UnityEngine.GameObject) (Card 0)
[07:45:38] Top card: Yellow_R(Clone) (CardProperties)
[07:45:38] Enemy 1: Played Yellow_R(Clone) (UnityEngine.GameObject) (Card 0)
[07:45:38] Top card: Yellow_R(Clone) (CardProperties)
[07:45:38] Enemy 1: Played Yellow_R(Clone) (UnityEngine.GameObject) (Card 0)
[07:45:38] Top card: Yellow_R(Clone) (CardProperties)
[07:45:38] Enemy 1: Played Yellow_R(Clone) (UnityEngine.GameObject) (Card 0)
[07:45:38] Top card: Yellow_R(Clone) (CardProperties)
[07:45:38] Enemy 1: Played Yellow_R(Clone) (UnityEngine.GameObject) (Card 0)
[07:45:38] Top card: Yellow_R(Clone) (CardProperties)
[07:45:38] Enemy 1: Played Yellow_R(Clone) (UnityEngine.GameObject) (Card 0)
[07:45:38] Top card: Yellow_R(Clone) (CardProperties)
[07:45:38] Enemy 1: Played Yellow_R(Clone) (UnityEngine.GameObject) (Card 0)
[07:45:38] Top card: Yellow_R(Clone) (CardProperties)
[07:45:38] Enemy 1: Played Yellow_R(Clone) (UnityEngine.GameObject) (Card 0)
[07:45:38] Top card: Yellow_R(Clone) (CardProperties)
[07:45:38] Enemy 1: Played Yellow_R(Clone) (UnityEngine.GameObject) (Card 0)
[07:45:38] Top card: Yellow_R(Clone) (CardProperties)
[07:45:38] Enemy 1: Played Yellow_R(Clone) (UnityEngine.GameObject) (Card 0)
[07:45:38] Top card: Yellow_R(Clone) (CardProperties)
[07:45:38] Enemy 1: Played Yellow_R(Clone) (UnityEngine.GameObject) (Card 0)
[07:45:38] Top card: Yellow_R(Clone) (CardProperties)
[07:45:38] Enemy 1: Played Yellow_R(Clone) (UnityEngine.GameObject) (Card 0)
[07:45:38] Top card: Yellow_R(Clone) (CardProperties)
[07:45:38] Enemy 1: Played Yellow_R(Clone) (UnityEngine.GameObject) (Card 0)
[07:45:38] Top card: Yellow_R(Clone) (CardProperties)
[07:45:38] Enemy 1: Played Yellow_R(Clone) (UnityEngine.GameObject) (Card 0)
[07:45:38] Top card: Yellow_R(Clone) (CardProperties)
[07:45:38] Enemy 1: Played Yellow_R(Clone) (UnityEngine.GameObject) (Card 0)
[07:45:38] Top card: Yellow_R(Clone) (CardProperties)
[07:45:38] Enemy 1: Played Yellow_R(Clone) (UnityEngine.GameObject) (Card 0)
[07:45:38] Top card: Yellow_R(Clone) (CardProperties)
[07:45:38] Enemy 1: Played Yellow_R(Clone) (UnityEngine.GameObject) (Card 0)
[07:45:38] Top card: Yellow_R(Clone) (CardProperties)
[07:45:38] Enemy 1: Played Yellow_R(Clone) (UnityEngine.GameObject) (Card 0)
[07:45:38] Top card: Yellow_R(Clone) (CardProperties)
[07:45:38] Enemy 1: Played Yellow_R(Clone) (UnityEngine.GameObject) (Card 0)
[07:45:38] Top card: Yellow_R(Clone) (CardProperties)
[07:45:38] Enemy 1: Played Yellow_R(Clone) (UnityEngine.GameObject) (Card 0)
[07:45:38] Top card: Yellow_R(Clone) (CardProperties)
[07:45:38] Enemy 1: Played Yellow_R(Clone) (UnityEngine.GameObject) (Card 0)
[07:45:38] Top card: Yellow_R(Clone) (CardProperties)
[07:45:38] Enemy 1: Played Yellow_R(Clone) (UnityEngine.GameObject) (Card 0)
[07:45:38] Top card: Yellow_R(Clone) (CardProperties)
[07:45:38] Enemy 1: Played Yellow_R(Clone) (UnityEngine.GameObject) (Card 0)
[07:45:38] Top card: Yellow_R(Clone) (CardProperties)
[07:45:38] Enemy 1: Played Yellow_R(Clone) (UnityEngine.GameObject) (Card 0)
[07:45:38] Top card: Yellow_R(Clone) (CardProperties)
[07:45:38] Enemy 1: Played Yellow_R(Clone) (UnityEngine.GameObject) (Card 0)
[07:45:38] Top card: Yellow_R(Clone) (CardProperties)
[07:45:38] Enemy 1: Played Yellow_R(Clone) (UnityEngine.GameObject) (Card 0)
[07:45:38] Top card: Yellow_R(Clone) (CardProperties)
[07:45:38] Enemy 1: Played Yellow_R(Clone) (UnityEngine.GameObject) (Card 0)
[07:45:38] Top card: Yellow_R(Clone) (CardProperties)
[07:45:38] Enemy 1: Played Yellow_R(Clone) (UnityEngine.GameObject) (Card 0)
[07:45:38] Top card: Yellow_R(Clone) (CardProperties)
[07:45:38] Enemy 1: Played Yellow_R(Clone) (UnityEngine.GameObject) (Card 0)
[07:45:38] Top card: Yellow_R(Clone) (CardProperties)
[07:45:38] Enemy 1: Played Yellow_R(Clone) (UnityEngine.GameObject) (Card 0)
[07:45:38] Top card: Yellow_R(Clone) (CardProperties)
[07:45:38] Enemy 1: Played Yellow_R(Clone) (UnityEngine.GameObject) (Card 0)
[07:45:38] Top card: Yellow_R(Clone) (CardProperties)
[07:45:38] Enemy 1: Played Yellow_R(Clone) (UnityEngine.GameObject) (Card 0)
[07:45:38] Top card: Yellow_R(Clone) (CardProperties)
[07:45:38] Enemy 1: Played Yellow_R(Clone) (UnityEngine.GameObject) (Card 0)
[07:45:38] Top card: Yellow_R(Clone) (CardProperties)
[07:45:38] Enemy 1: Played Yellow_R(Clone) (UnityEngine.GameObject) (Card 0)
[07:45:38] Top card: Yellow_R(Clone) (CardProperties)
[07:45:38] Enemy 1: Played Yellow_R(Clone) (UnityEngine.GameObject) (Card 0)
[07:45:38] Top card: Yellow_R(Clone) (CardProperties)
[07:45:38] Enemy 1: Played Yellow_R(Clone) (UnityEngine.GameObject) (Card 0)
[07:45:38] Top card: Yellow_R(Clone) (CardProperties)
[07:45:38] Enemy 1: Played Yellow_R(Clone) (UnityEngine.GameObject) (Card 0)
[07:45:38] Top card: Yellow_R(Clone) (CardProperties)
[07:45:38] Enemy 1: Played Yellow_R(Clone) (UnityEngine.GameObject) (Card 0)
[07:45:38] Top card: Yellow_R(Clone) (CardProperties)
[07:45:38] Enemy 1: Played Yellow_R(Clone) (UnityEngine.GameObject) (Card 0)
[07:45:38] Top card: Yellow_R(Clone) (CardProperties)
[07:45:38] Enemy 1: Played Yellow_R(Clone) (UnityEngine.GameObject) (Card 0)
[07:45:38] Top card: Yellow_R(Clone) (CardProperties)
[07:45:38] Enemy 1: Played Yellow_R(Clone) (UnityEngine.GameObject) (Card 0)
[07:45:38] Top card: Yellow_R(Clone) (CardProperties)
[07:45:38] Enemy 1: Played Yellow_R(Clone) (UnityEngine.GameObject) (Card 0)
[07:45:38] Top card: Yellow_R(Clone) (CardProperties)
[07:45:38] Enemy 1: Played Yellow_R(Clone) (UnityEngine.GameObject) (Card 0)
[07:45:38] Top card: Yellow_R(Clone) (CardProperties)
[07:45:38] Enemy 1: Played Yellow_R(Clone) (UnityEngine.GameObject) (Card 0)
[07:45:38] Top card: Yellow_R(Clone) (CardProperties)
[07:45:38] Enemy 1: Played Yellow_R(Clone) (UnityEngine.GameObject) (Card 0)
[07:45:38] Top card: Yellow_R(Clone) (CardProperties)
[07:45:38] Enemy 1: Played Yellow_R(Clone) (UnityEngine.GameObject) (Card 0)
[07:45:38] Top card: Yellow_R(Clone) (CardProperties)
[07:45:38] Enemy 1: Played Yellow_R(Clone) (UnityEngine.GameObject) (Card 0)
[07:45:38] Top card: Yellow_R(Clone) (CardProperties)
[07:45:38] Enemy 1: Played Yellow_R(Clone) (UnityEngine.GameObject) (Card 0)
[07:45:38] Top card: Yellow_R(Clone) (CardProperties)
[07:45:38] Enemy 1: Played Yellow_R(Clone) (UnityEngine.GameObject) (Card 0)
[07:45:38] Top card: Yellow_R(Clone) (CardProperties)
[07:45:38] Enemy 1: Played Yellow_R(Clone) (UnityEngine.GameObject) (Card 0)
[07:45:38] Top card: Yellow_R(Clone) (CardProperties)
[07:45:38] Enemy 1: Played Yellow_R(Clone) (UnityEngine.GameObject) (Card 0)
[07:45:38] Top card: Yellow_R(Clone) (CardProperties)
[07:45:38] Enemy 1: Played Yellow_R(Clone) (UnityEngine.GameObject) (Card 0)
[07:45:38] Top card: Yellow_R(Clone) (CardProperties)
[07:45:38] Enemy 1: Played Yellow_R(Clone) (UnityEngine.GameObject) (Card 0)
[07:45:38] Top card: Yellow_R(Clone) (CardProperties)
[07:45:38] Enemy 1: Played Yellow_R(Clone) (UnityEngine.GameObject) (Card 0)
[07:45:38] Top card: Yellow_R(Clone) (CardProperties)
[07:45:38] Enemy 1: Played Yellow_R(Clone) (UnityEngine.GameObject) (Card 0)
[07:45:38] Top card: Yellow_R(Clone) (CardProperties)
[07:45:38] Enemy 1: Played Yellow_R(Clone) (UnityEngine.GameObject) (Card 0)
[07:45:38] Top card: Yellow_R(Clone) (CardProperties)
[07:45:38] Enemy 1: Played Yellow_R(Clone) (UnityEngine.GameObject) (Card 0)
[07:45:38] Top card: Yellow_R(Clone) (CardProperties)
[07:45:38] Enemy 1: Played Yellow_R(Clone) (UnityEngine.GameObject) (Card 0)
[07:45:38] Top card: Yellow_R(Clone) (CardProperties)
[07:45:38] Enemy 1: Played Yellow_R(Clone) (UnityEngine.GameObject) (Card 0)
[07:45:38] Top card: Yellow_R(Clone) (CardProperties)
[07:45:38] Enemy 1: Played Yellow_R(Clone) (UnityEngine.GameObject) (Card 0)
[07:45:38] Top card: Yellow_R(Clone) (CardProperties)
[07:45:38] Enemy 1: Played Yellow_R(Clone) (UnityEngine.GameObject) (Card 0)
[07:45:38] Top card: Yellow_R(Clone) (CardProperties)
[07:45:38] Enemy 1: Played Yellow_R(Clone) (UnityEngine.GameObject) (Card 0)
[07:45:38] Top card: Yellow_R(Clone) (CardProperties)
[07:45:38] Enemy 1: Played Yellow_R(Clone) (UnityEngine.GameObject) (Card 0)
[07:45:38] Top card: Yellow_R(Clone) (CardProperties)
[07:45:38] Enemy 1: Played Yellow_R(Clone) (UnityEngine.GameObject) (Card 0)
[07:45:38] Top card: Yellow_R(Clone) (CardProperties)
[07:45:38] Enemy 1: Played Yellow_R(Clone) (UnityEngine.GameObject) (Card 0)
[07:45:38] Top card: Yellow_R(Clone) (CardProperties)
[07:45:38] Enemy 1: Played Yellow_R(Clone) (UnityEngine.GameObject) (Card 0)
[07:45:38] Top card: Yellow_R(Clone) (CardProperties)
[07:45:38] Enemy 1: Played Yellow_R(Clone) (UnityEngine.GameObject) (Card 0)
[07:45:38] Top card: Yellow_R(Clone) (CardProperties)
[07:45:38] Enemy 1: Played Yellow_R(Clone) (UnityEngine.GameObject) (Card 0)
[07:45:38] Top card: Yellow_R(Clone) (CardProperties)
[07:45:38] Enemy 1: Played Yellow_R(Clone) (UnityEngine.GameObject) (Card 0)
[07:45:38] Top card: Yellow_R(Clone) (CardProperties)
[07:45:38] Enemy 1: Played Yellow_R(Clone) (UnityEngine.GameObject) (Card 0)
[07:45:38] Top card: Yellow_R(Clone) (CardProperties)
[07:45:38] Enemy 1: Played Yellow_R(Clone) (UnityEngine.GameObject) (Card 0)
[07:45:38] Top card: Yellow_R(Clone) (CardProperties)
[07:45:38] Enemy 1: Played Yellow_R(Clone) (UnityEngine.GameObject) (Card 0)
[07:45:38] Top card: Yellow_R(Clone) (CardProperties)
[07:45:38] Enemy 1: Played Yellow_R(Clone) (UnityEngine.GameObject) (Card 0)
[07:45:38] Top card: Yellow_R(Clone) (CardProperties)
[07:45:38] Enemy 1: Played Yellow_R(Clone) (UnityEngine.GameObject) (Card 0)
[07:45:38] Top card: Yellow_R(Clone) (CardProperties)
[07:45:38] Enemy 1: Played Yellow_R(Clone) (UnityEngine.GameObject) (Card 0)
[07:45:38] Top card: Yellow_R(Clone) (CardProperties)
[07:45:38] Enemy 1: Played Yellow_R(Clone) (UnityEngine.GameObject) (Card 0)
[07:45:38] Top card: Yellow_R(Clone) (CardProperties)
[07:45:38] Enemy 1: Played Yellow_R(Clone) (UnityEngine.GameObject) (Card 0)
[07:45:38] Top card: Yellow_R(Clone) (CardProperties)
[07:45:38] Enemy 1: Played Yellow_R(Clone) (UnityEngine.GameObject) (Card 0)
[07:45:38] Top card: Yellow_R(Clone) (CardProperties)
[07:45:38] Enemy 1: Played Yellow_R(Clone) (UnityEngine.GameObject) (Card 0)
[07:45:38] Top card: Yellow_R(Clone) (CardProperties)
[07:45:38] Enemy 1: Played Yellow_R(Clone) (UnityEngine.GameObject) (Card 0)
[07:45:38] Top card: Yellow_R(Clone) (CardProperties)
[07:45:38] Enemy 1: Played Yellow_R(Clone) (UnityEngine.GameObject) (Card 0)
[07:45:38] Top card: Yellow_R(Clone) (CardProperties)
[07:45:38] Enemy 1: Played Yellow_R(Clone) (UnityEngine.GameObject) (Card 0)
[07:45:38] Top card: Yellow_R(Clone) (CardProperties)
[07:45:38] Enemy 1: Played Yellow_R(Clone) (UnityEngine.GameObject) (Card 0)
[07:45:38] Top card: Yellow_R(Clone) (CardProperties)
[07:45:38] Enemy 1: Played Yellow_R(Clone) (UnityEngine.GameObject) (Card 0)
[07:45:38] Top card: Yellow_R(Clone) (CardProperties)
[07:45:38] Enemy 1: Played Yellow_R(Clone) (UnityEngine.GameObject) (Card 0)
[07:45:38] Top card: Yellow_R(Clone) (CardProperties)
[07:45:38] Enemy 1: Played Yellow_R(Clone) (UnityEngine.GameObject) (Card 0)
[07:45:38] Top card: Yellow_R(Clone) (CardProperties)
[07:45:38] Enemy 1: Played Yellow_R(Clone) (UnityEngine.GameObject) (Card 0)
[07:45:38] Top card: Yellow_R(Clone) (CardProperties)
[07:45:38] Enemy 1: Played Yellow_R(Clone) (UnityEngine.GameObject) (Card 0)
[07:45:38] Top card: Yellow_R(Clone) (CardProperties)
[07:45:38] Enemy 1: Played Yellow_R(Clone) (UnityEngine.GameObject) (Card 0)
[07:45:38] Top card: Yellow_R(Clone) (CardProperties)
[07:45:38] Enemy 1: Played Yellow_R(Clone) (UnityEngine.GameObject) (Card 0)
[07:45:38] Top card: Yellow_R(Clone) (CardProperties)
[07:45:38] Enemy 1: Played Yellow_R(Clone) (UnityEngine.GameObject) (Card 0)
[07:45:38] Top card: Yellow_R(Clone) (CardProperties)
[07:45:38] Enemy 1: Played Yellow_R(Clone) (UnityEngine.GameObject) (Card 0)
[07:45:38] Top card: Yellow_R(Clone) (CardProperties)
[07:45:38] Enemy 1: Played Yellow_R(Clone) (UnityEngine.GameObject) (Card 0)
[07:45:38] Top card: Yellow_R(Clone) (CardProperties)
[07:45:38] Enemy 1: Played Yellow_R(Clone) (UnityEngine.GameObject) (Card 0)
[07:45:38] Top card: Yellow_R(Clone) (CardProperties)
[07:45:38] Enemy 1: Played Yellow_R(Clone) (UnityEngine.GameObject) (Card 0)
[07:45:38] Top card: Yellow_R(Clone) (CardProperties)
[07:45:38] Enemy 1: Played Yellow_R(Clone) (UnityEngine.GameObject) (Card 0)
[07:45:38] Top card: Yellow_R(Clone) (CardProperties)
[07:45:38] Enemy 1: Played Yellow_R(Clone) (UnityEngine.GameObject) (Card 0)
[07:45:38] Top card: Yellow_R(Clone) (CardProperties)
[07:45:38] Enemy 1: Played Yellow_R(Clone) (UnityEngine.GameObject) (Card 0)
[07:45:38] Top card: Yellow_R(Clone) (CardProperties)
[07:45:38] Enemy 1: Played Yellow_R(Clone) (UnityEngine.GameObject) (Card 0)
[07:45:38] Top card: Yellow_R(Clone) (CardProperties)
[07:45:38] Enemy 1: Played Yellow_R(Clone) (UnityEngine.GameObject) (Card 0)
[07:45:38] Top card: Yellow_R(Clone) (CardProperties)
[07:45:38] Enemy 1: Played Yellow_R(Clone) (UnityEngine.GameObject) (Card 0)
[07:45:38] Top card: Yellow_R(Clone) (CardProperties)
[07:45:38] Enemy 1: Played Yellow_R(Clone) (UnityEngine.GameObject) (Card 0)
[07:45:38] Top card: Yellow_R(Clone) (CardProperties)
[07:45:38] Enemy 1: Played Yellow_R(Clone) (UnityEngine.GameObject) (Card 0)
[07:45:38] Top card: Yellow_R(Clone) (CardProperties)
[07:45:38] Enemy 1: Played Yellow_R(Clone) (UnityEngine.GameObject) (Card 0)
[07:45:38] Top card: Yellow_R(Clone) (CardProperties)
[07:45:38] Enemy 1: Played Yellow_R(Clone) (UnityEngine.GameObject) (Card 0)
[07:45:38] Top card: Yellow_R(Clone) (CardProperties)
[07:45:38] Enemy 1: Played Yellow_R(Clone) (UnityEngine.GameObject) (Card 0)
[07:45:38] Top card: Yellow_R(Clone) (CardProperties)
[07:45:38] Enemy 1: Played Yellow_R(Clone) (UnityEngine.GameObject) (Card 0)
[07:45:38] Top card: Yellow_R(Clone) (CardProperties)
[07:45:38] Enemy 1: Played Yellow_R(Clone) (UnityEngine.GameObject) (Card 0)
[07:45:38] Top card: Yellow_R(Clone) (CardProperties)
[07:45:38] Enemy 1: Played Yellow_R(Clone) (UnityEngine.GameObject) (Card 0)
[07:45:38] Top card: Yellow_R(Clone) (CardProperties)
[07:45:38] Enemy 1: Played Yellow_R(Clone) (UnityEngine.GameObject) (Card 0)
[07:45:38] Top card: Yellow_R(Clone) (CardProperties)
[07:45:38] Enemy 1: Played Yellow_R(Clone) (UnityEngine.GameObject) (Card 0)
[07:45:38] Top card: Yellow_R(Clone) (CardProperties)
[07:45:38] Enemy 1: Played Yellow_R(Clone) (UnityEngine.GameObject) (Card 0)
[07:45:38] Top card: Yellow_R(Clone) (CardProperties)
[07:45:38] Enemy 1: Played Yellow_R(Clone) (UnityEngine.GameObject) (Card 0)
[07:45:38] Top card: Yellow_R(Clone) (CardProperties)
[07:45:38] Enemy 1: Played Yellow_R(Clone) (UnityEngine.GameObject) (Card 0)
[07:45:38] Top card: Yellow_R(Clone) (CardProperties)
[07:45:38] Enemy 1: Played Yellow_R(Clone) (UnityEngine.GameObject) (Card 0)
[07:45:38] Top card: Yellow_R(Clone) (CardProperties)
[07:45:38] Enemy 1: Played Yellow_R(Clone) (UnityEngine.GameObject) (Card 0)
[07:45:38] Top card: Yellow_R(Clone) (CardProperties)
[07:45:38] Enemy 1: Played Yellow_R(Clone) (UnityEngine.GameObject) (Card 0)
[07:45:38] Top card: Yellow_R(Clone) (CardProperties)
[07:45:38] Enemy 1: Played Yellow_R(Clone) (UnityEngine.GameObject) (Card 0)
[07:45:38] Top card: Yellow_R(Clone) (CardProperties)
[07:45:38] Enemy 1: Played Yellow_R(Clone) (UnityEngine.GameObject) (Card 0)
[07:45:38] Top card: Yellow_R(Clone) (CardProperties)
[07:45:38] Enemy 1: Played Yellow_R(Clone) (UnityEngine.GameObject) (Card 0)
[07:45:38] Top card: Yellow_R(Clone) (CardProperties)
[07:45:38] Enemy 1: Played Yellow_R(Clone) (UnityEngine.GameObject) (Card 0)
[07:45:38] Top card: Yellow_R(Clone) (CardProperties)
[07:45:38] Enemy 1: Played Yellow_R(Clone) (UnityEngine.GameObject) (Card 0)
[07:45:38] Top card: Yellow_R(Clone) (CardProperties)
[07:45:38] Enemy 1: Played Yellow_R(Clone) (UnityEngine.GameObject) (Card 0)
[07:45:38] Top card: Yellow_R(Clone) (CardProperties)
[07:45:38] Enemy 1: Played Yellow_R(Clone) (UnityEngine.GameObject) (Card 0)
[07:45:38] Top card: Yellow_R(Clone) (CardProperties)
[07:45:38] Enemy 1: Played Yellow_R(Clone) (UnityEngine.GameObject) (Card 0)
[07:45:38] Top card: Yellow_R(Clone) (CardProperties)
[07:45:38] Enemy 1: Played Yellow_R(Clone) (UnityEngine.GameObject) (Card 0)
[07:45:38] Top card: Yellow_R(Clone) (CardProperties)
[07:45:38] Enemy 1: Played Yellow_R(Clone) (UnityEngine.GameObject) (Card 0)
[07:45:38] Top card: Yellow_R(Clone) (CardProperties)
[07:45:38] Enemy 1: Played Yellow_R(Clone) (UnityEngine.GameObject) (Card 0)
[07:45:38] Top card: Yellow_R(Clone) (CardProperties)
[07:45:38] Enemy 1: Played Yellow_R(Clone) (UnityEngine.GameObject) (Card 0)
[07:45:38] Top card: Yellow_R(Clone) (CardProperties)
[07:45:38] Enemy 1: Played Yellow_R(Clone) (UnityEngine.GameObject) (Card 0)
[07:45:38] Top card: Yellow_R(Clone) (CardProperties)
[07:45:38] Enemy 1: Played Yellow_R(Clone) (UnityEngine.GameObject) (Card 0)
[07:45:38] Top card: Yellow_R(Clone) (CardProperties)
[07:45:38] Enemy 1: Played Yellow_R(Clone) (UnityEngine.GameObject) (Card 0)
[07:45:38] Top card: Yellow_R(Clone) (CardProperties)
[07:45:38] Enemy 1: Played Yellow_R(Clone) (UnityEngine.GameObject) (Card 0)
[07:45:38] Top card: Yellow_R(Clone) (CardProperties)
[07:45:38] Enemy 1: Played Yellow_R(Clone) (UnityEngine.GameObject) (Card 0)
[07:45:38] Top card: Yellow_R(Clone) (CardProperties)
[07:45:38] Enemy 1: Played Yellow_R(Clone) (UnityEngine.GameObject) (Card 0)
[07:45:38] Top card: Yellow_R(Clone) (CardProperties)
[07:45:38] Enemy 1: Played Yellow_R(Clone) (UnityEngine.GameObject) (Card 0)
[07:45:38] Top card: Yellow_R(Clone) (CardProperties)
[07:45:38] Enemy 1: Played Yellow_R(Clone) (UnityEngine.GameObject) (Card 0)
[07:45:38] Top card: Yellow_R(Clone) (CardProperties)
[07:45:38] Enemy 1: Played Yellow_R(Clone) (UnityEngine.GameObject) (Card 0)
[07:45:38] Top card: Yellow_R(Clone) (CardProperties)
[07:45:38] Enemy 1: Played Yellow_R(Clone) (UnityEngine.GameObject) (Card 0)
[07:45:38] Top card: Yellow_R(Clone) (CardProperties)
[07:45:38] Enemy 1: Played Yellow_R(Clone) (UnityEngine.GameObject) (Card 0)
[07:45:38] Top card: Yellow_R(Clone) (CardProperties)
[07:45:38] Enemy 1: Played Yellow_R(Clone) (UnityEngine.GameObject) (Card 0)
[07:45:38] Top card: Yellow_R(Clone) (CardProperties)
[07:45:38] Enemy 1: Played Yellow_R(Clone) (UnityEngine.GameObject) (Card 0)
[07:45:38] Top card: Yellow_R(Clone) (CardProperties)
[07:45:38] Enemy 1: Played Yellow_R(Clone) (UnityEngine.GameObject) (Card 0)
[07:45:38] Top card: Yellow_R(Clone) (CardProperties)
[07:45:38] Enemy 1: Played Yellow_R(Clone) (UnityEngine.GameObject) (Card 0)
[07:45:38] Top card: Yellow_R(Clone) (CardProperties)
[07:45:38] Enemy 1: Played Yellow_R(Clone) (UnityEngine.GameObject) (Card 0)
[07:45:38] Top card: Yellow_R(Clone) (CardProperties)
[07:45:38] Enemy 1: Played Yellow_R(Clone) (UnityEngine.GameObject) (Card 0)
[07:45:38] Top card: Yellow_R(Clone) (CardProperties)
[07:45:38] Enemy 1: Played Yellow_R(Clone) (UnityEngine.GameObject) (Card 0)
[07:45:38] Top card: Yellow_R(Clone) (CardProperties)
[07:45:38] Enemy 1: Played Yellow_R(Clone) (UnityEngine.GameObject) (Card 0)
[07:45:38] Top card: Yellow_R(Clone) (CardProperties)
[07:45:38] Enemy 1: Played Yellow_R(Clone) (UnityEngine.GameObject) (Card 0)
[07:45:38] Top card: Yellow_R(Clone) (CardProperties)
[07:45:38] Enemy 1: Played Yellow_R(Clone) (UnityEngine.GameObject) (Card 0)
[07:45:38] Top card: Yellow_R(Clone) (CardProperties)
[07:45:38] Enemy 1: Played Yellow_R(Clone) (UnityEngine.GameObject) (Card 0)
[07:45:38] Top card: Yellow_R(Clone) (CardProperties)
[07:45:38] Enemy 1: Played Yellow_R(Clone) (UnityEngine.GameObject) (Card 0)
[07:45:38] Top card: Yellow_R(Clone) (CardProperties)
[07:45:38] Enemy 1: Played Yellow_R(Clone) (UnityEngine.GameObject) (Card 0)
[07:45:38] Top card: Yellow_R(Clone) (CardProperties)
[07:45:38] Enemy 1: Played Yellow_R(Clone) (UnityEngine.GameObject) (Card 0)
[07:45:38] Top card: Yellow_R(Clone) (CardProperties)
[07:45:38] Enemy 1: Played Yellow_R(Clone) (UnityEngine.GameObject) (Card 0)
[07:45:38] Top card: Yellow_R(Clone) (CardProperties)
[07:45:38] Enemy 1: Played Yellow_R(Clone) (UnityEngine.GameObject) (Card 0)
[07:45:38] Top card: Yellow_R(Clone) (CardProperties)
[07:45:38] Enemy 1: Played Yellow_R(Clone) (UnityEngine.GameObject) (Card 0)
[07:45:38] Top card: Yellow_R(Clone) (CardProperties)
[07:45:38] Enemy 1: Played Yellow_R(Clone) (UnityEngine.GameObject) (Card 0)
[07:45:38] Top card: Yellow_R(Clone) (CardProperties)
[07:45:38] Enemy 1: Played Yellow_R(Clone) (UnityEngine.GameObject) (Card 0)
[07:45:38] Top card: Yellow_R(Clone) (CardProperties)
[07:45:38] Enemy 1: Played Yellow_R(Clone) (UnityEngine.GameObject) (Card 0)
[07:45:38] Top card: Yellow_R(Clone) (CardProperties)
[07:45:38] Enemy 1: Played Yellow_R(Clone) (UnityEngine.GameObject) (Card 0)
[07:45:38] Top card: Yellow_R(Clone) (CardProperties)
[07:45:38] Enemy 1: Played Yellow_R(Clone) (UnityEngine.GameObject) (Card 0)
[07:45:38] Top card: Yellow_R(Clone) (CardProperties)
[07:45:38] Enemy 1: Played Yellow_R(Clone) (UnityEngine.GameObject) (Card 0)
[07:45:38] Top card: Yellow_R(Clone) (CardProperties)
[07:45:38] Enemy 1: Played Yellow_R(Clone) (UnityEngine.GameObject) (Card 0)
[07:45:38] Top card: Yellow_R(Clone) (CardProperties)
[07:45:38] Enemy 1: Played Yellow_R(Clone) (UnityEngine.GameObject) (Card 0)
[07:45:38] Top card: Yellow_R(Clone) (CardProperties)
[07:45:38] Enemy 1: Played Yellow_R(Clone) (UnityEngine.GameObject) (Card 0)
[07:45:38] Top card: Yellow_R(Clone) (CardProperties)
[07:45:38] Enemy 1: Played Yellow_R(Clone) (UnityEngine.GameObject) (Card 0)
[07:45:38] Top card: Yellow_R(Clone) (CardProperties)
[07:45:38] Enemy 1: Played Yellow_R(Clone) (UnityEngine.GameObject) (Card 0)
[07:45:38] Top card: Yellow_R(Clone) (CardProperties)
[07:45:38] Enemy 1: Played Yellow_R(Clone) (UnityEngine.GameObject) (Card 0)
[07:45:38] Top card: Yellow_R(Clone) (CardProperties)
[07:45:38] Enemy 1: Played Yellow_R(Clone) (UnityEngine.GameObject) (Card 0)
[07:45:38] Top card: Yellow_R(Clone) (CardProperties)
[07:45:38] Enemy 1: Played Yellow_R(Clone) (UnityEngine.GameObject) (Card 0)
[07:45:38] Top card: Yellow_R(Clone) (CardProperties)
[07:45:38] Enemy 1: Played Yellow_R(Clone) (UnityEngine.GameObject) (Card 0)
[07:45:38] Top card: Yellow_R(Clone) (CardProperties)
[07:45:38] Enemy 1: Played Yellow_R(Clone) (UnityEngine.GameObject) (Card 0)
[07:45:38] Top card: Yellow_R(Clone) (CardProperties)
[07:45:38] Enemy 1: Played Yellow_R(Clone) (UnityEngine.GameObject) (Card 0)
[07:45:38] Top card: Yellow_R(Clone) (CardProperties)
[07:45:38] Enemy 1: Played Yellow_R(Clone) (UnityEngine.GameObject) (Card 0)
[07:45:38] Top card: Yellow_R(Clone) (CardProperties)
[07:45:38] Enemy 1: Played Yellow_R(Clone) (UnityEngine.GameObject) (Card 0)
[07:45:38] Top card: Yellow_R(Clone) (CardProperties)
[07:45:38] Enemy 1: Played Yellow_R(Clone) (UnityEngine.GameObject) (Card 0)
[07:45:38] Top card: Yellow_R(Clone) (CardProperties)
[07:45:38] Enemy 1: Played Yellow_R(Clone) (UnityEngine.GameObject) (Card 0)
[07:45:38] Top card: Yellow_R(Clone) (CardProperties)
[07:45:38] Enemy 1: Played Yellow_R(Clone) (UnityEngine.GameObject) (Card 0)
[07:45:38] Top card: Yellow_R(Clone) (CardProperties)
[07:45:38] Enemy 1: Played Yellow_R(Clone) (UnityEngine.GameObject) (Card 0)
[07:45:38] Top card: Yellow_R(Clone) (CardProperties)
[07:45:38] Enemy 1: Played Yellow_R(Clone) (UnityEngine.GameObject) (Card 0)
[07:45:38] Top card: Yellow_R(Clone) (CardProperties)
[07:45:38] Enemy 1: Played Yellow_R(Clone) (UnityEngine.GameObject) (Card 0)
[07:45:38] Top card: Yellow_R(Clone) (CardProperties)
[07:45:38] Enemy 1: Played Yellow_R(Clone) (UnityEngine.GameObject) (Card 0)
[07:45:38] Top card: Yellow_R(Clone) (CardProperties)
[07:45:38] Enemy 1: Played Yellow_R(Clone) (UnityEngine.GameObject) (Card 0)
[07:45:38] Top card: Yellow_R(Clone) (CardProperties)
[07:45:38] Enemy 1: Played Yellow_R(Clone) (UnityEngine.GameObject) (Card 0)
[07:45:38] Top card: Yellow_R(Clone) (CardProperties)
[07:45:38] Enemy 1: Played Yellow_R(Clone) (UnityEngine.GameObject) (Card 0)
[07:45:38] Top card: Yellow_R(Clone) (CardProperties)
[07:45:38] Enemy 1: Played Yellow_R(Clone) (UnityEngine.GameObject) (Card 0)
[07:45:38] Top card: Yellow_R(Clone) (CardProperties)
[07:45:38] Enemy 1: Played Yellow_R(Clone) (UnityEngine.GameObject) (Card 0)
[07:45:38] Top card: Yellow_R(Clone) (CardProperties)
[07:45:38] Enemy 1: Played Yellow_R(Clone) (UnityEngine.GameObject) (Card 0)
[07:45:38] Top card: Yellow_R(Clone) (CardProperties)
[07:45:38] Enemy 1: Played Yellow_R(Clone) (UnityEngine.GameObject) (Card 0)
[07:45:38] Top card: Yellow_R(Clone) (CardProperties)
[07:45:38] Enemy 1: Played Yellow_R(Clone) (UnityEngine.GameObject) (Card 0)
[07:45:38] Top card: Yellow_R(Clone) (CardProperties)
[07:45:38] Enemy 1: Played Yellow_R(Clone) (UnityEngine.GameObject) (Card 0)
[07:45:38] Top card: Yellow_R(Clone) (CardProperties)
[07:45:38] Enemy 1: Played Yellow_R(Clone) (UnityEngine.GameObject) (Card 0)
[07:45:38] Top card: Yellow_R(Clone) (CardProperties)
[07:45:38] Enemy 1: Played Yellow_R(Clone) (UnityEngine.GameObject) (Card 0)
[07:45:38] Top card: Yellow_R(Clone) (CardProperties)
[07:45:38] Enemy 1: Played Yellow_R(Clone) (UnityEngine.GameObject) (Card 0)
[07:45:38] Top card: Yellow_R(Clone) (CardProperties)
[07:45:38] Enemy 1: Played Yellow_R(Clone) (UnityEngine.GameObject) (Card 0)
[07:45:38] Top card: Yellow_R(Clone) (CardProperties)
[07:45:38] Enemy 1: Played Yellow_R(Clone) (UnityEngine.GameObject) (Card 0)
[07:45:38] Top card: Yellow_R(Clone) (CardProperties)
[07:45:38] Enemy 1: Played Yellow_R(Clone) (UnityEngine.GameObject) (Card 0)
[07:45:38] Top card: Yellow_R(Clone) (CardProperties)
[07:45:38] Enemy 1: Played Yellow_R(Clone) (UnityEngine.GameObject) (Card 0)
[07:45:38] Top card: Yellow_R(Clone) (CardProperties)
[07:45:38] Enemy 1: Played Yellow_R(Clone) (UnityEngine.GameObject) (Card 0)
[07:45:38] Top card: Yellow_R(Clone) (CardProperties)
[07:45:38] Enemy 1: Played Yellow_R(Clone) (UnityEngine.GameObject) (Card 0)
[07:45:38] Top card: Yellow_R(Clone) (CardProperties)
[07:45:38] Enemy 1: Played Yellow_R(Clone) (UnityEngine.GameObject) (Card 0)
[07:45:38] Top card: Yellow_R(Clone) (CardProperties)
[07:45:38] Enemy 1: Played Yellow_R(Clone) (UnityEngine.GameObject) (Card 0)
[07:45:38] Top card: Yellow_R(Clone) (CardProperties)
[07:45:38] Enemy 1: Played Yellow_R(Clone) (UnityEngine.GameObject) (Card 0)
[07:45:38] Top card: Yellow_R(Clone) (CardProperties)
[07:45:38] Enemy 1: Played Yellow_R(Clone) (UnityEngine.GameObject) (Card 0)
[07:45:38] Top card: Yellow_R(Clone) (CardProperties)
[07:45:38] Enemy 1: Played Yellow_R(Clone) (UnityEngine.GameObject) (Card 0)
[07:45:38] Top card: Yellow_R(Clone) (CardProperties)
[07:45:38] Enemy 1: Played Yellow_R(Clone) (UnityEngine.GameObject) (Card 0)
[07:45:38] Top card: Yellow_R(Clone) (CardProperties)
[07:45:38] Enemy 1: Played Yellow_R(Clone) (UnityEngine.GameObject) (Card 0)
[07:45:38] Top card: Yellow_R(Clone) (CardProperties)
[07:45:38] Enemy 1: Played Yellow_R(Clone) (UnityEngine.GameObject) (Card 0)
[07:45:38] Top card: Yellow_R(Clone) (CardProperties)
[07:45:38] Enemy 1: Played Yellow_R(Clone) (UnityEngine.GameObject) (Card 0)
[07:45:38] Top card: Yellow_R(Clone) (CardProperties)
[07:45:38] Enemy 1: Played Yellow_R(Clone) (UnityEngine.GameObject) (Card 0)
[07:45:38] Top card: Yellow_R(Clone) (CardProperties)
[07:45:38] Enemy 1: Played Yellow_R(Clone) (UnityEngine.GameObject) (Card 0)
[07:45:38] Top card: Yellow_R(Clone) (CardProperties)
[07:45:38] Enemy 1: Played Yellow_R(Clone) (UnityEngine.GameObject) (Card 0)
[07:45:38] Top card: Yellow_R(Clone) (CardProperties)
[07:45:38] Enemy 1: Played Yellow_R(Clone) (UnityEngine.GameObject) (Card 0)
[07:45:38] Top card: Yellow_R(Clone) (CardProperties)
[07:45:38] Enemy 1: Played Yellow_R(Clone) (UnityEngine.GameObject) (Card 0)
[07:45:38] Top card: Yellow_R(Clone) (CardProperties)
[07:45:38] Enemy 1: Played Yellow_R(Clone) (UnityEngine.GameObject) (Card 0)
[07:45:38] Top card: Yellow_R(Clone) (CardProperties)
[07:45:38] Enemy 1: Played Yellow_R(Clone) (UnityEngine.GameObject) (Card 0)
[07:45:38] Top card: Yellow_R(Clone) (CardProperties)
[07:45:38] Enemy 1: Played Yellow_R(Clone) (UnityEngine.GameObject) (Card 0)
[07:45:38] Top card: Yellow_R(Clone) (CardProperties)
[07:45:38] Enemy 1: Played Yellow_R(Clone) (UnityEngine.GameObject) (Card 0)
[07:45:38] Top card: Yellow_R(Clone) (CardProperties)
[07:45:38] Enemy 1: Played Yellow_R(Clone) (UnityEngine.GameObject) (Card 0)
[07:45:38] Top card: Yellow_R(Clone) (CardProperties)
[07:45:38] Enemy 1: Played Yellow_R(Clone) (UnityEngine.GameObject) (Card 0)
[07:45:38] Top card: Yellow_R(Clone) (CardProperties)
[07:45:38] Enemy 1: Played Yellow_R(Clone) (UnityEngine.GameObject) (Card 0)
[07:45:38] Top card: Yellow_R(Clone) (CardProperties)
[07:45:38] Enemy 1: Played Yellow_R(Clone) (UnityEngine.GameObject) (Card 0)
[07:45:38] Top card: Yellow_R(Clone) (CardProperties)
[07:45:38] Enemy 1: Played Yellow_R(Clone) (UnityEngine.GameObject) (Card 0)
[07:45:38] Top card: Yellow_R(Clone) (CardProperties)
[07:45:38] Enemy 1: Played Yellow_R(Clone) (UnityEngine.GameObject) (Card 0)
[07:45:38] Top card: Yellow_R(Clone) (CardProperties)
[07:45:38] Enemy 1: Played Yellow_R(Clone) (UnityEngine.GameObject) (Card 0)
[07:45:38] Top card: Yellow_R(Clone) (CardProperties)
[07:45:38] Enemy 1: Played Yellow_R(Clone) (UnityEngine.GameObject) (Card 0)
[07:45:38] Top card: Yellow_R(Clone) (CardProperties)
[07:45:38] Enemy 1: Played Yellow_R(Clone) (UnityEngine.GameObject) (Card 0)
[07:45:38] Top card: Yellow_R(Clone) (CardProperties)
[07:45:38] Enemy 1: Played Yellow_R(Clone) (UnityEngine.GameObject) (Card 0)
[07:45:38] Top card: Yellow_R(Clone) (CardProperties)
[07:45:38] Enemy 1: Played Yellow_R(Clone) (UnityEngine.GameObject) (Card 0)
[07:45:38] Top card: Yellow_R(Clone) (CardProperties)
[07:45:38] Enemy 1: Played Yellow_R(Clone) (UnityEngine.GameObject) (Card 0)
[07:45:38] Top card: Yellow_R(Clone) (CardProperties)
[07:45:38] Enemy 1: Played Yellow_R(Clone) (UnityEngine.GameObject) (Card 0)
[07:45:38] Top card: Yellow_R(Clone) (CardProperties)
[07:45:38] Enemy 1: Played Yellow_R(Clone) (UnityEngine.GameObject) (Card 0)
[07:45:38] Top card: Yellow_R(Clone) (CardProperties)
[07:45:38] Enemy 1: Played Yellow_R(Clone) (UnityEngine.GameObject) (Card 0)
[07:45:38] Top card: Yellow_R(Clone) (CardProperties)
[07:45:38] Enemy 1: Played Yellow_R(Clone) (UnityEngine.GameObject) (Card 0)
[07:45:38] Top card: Yellow_R(Clone) (CardProperties)
[07:45:38] Enemy 1: Played Yellow_R(Clone) (UnityEngine.GameObject) (Card 0)
[07:45:38] Top card: Yellow_R(Clone) (CardProperties)
[07:45:38] Enemy 1: Played Yellow_R(Clone) (UnityEngine.GameObject) (Card 0)
[07:45:38] Top card: Yellow_R(Clone) (CardProperties)
[07:45:38] Enemy 1: Played Yellow_R(Clone) (UnityEngine.GameObject) (Card 0)
[07:45:38] Top card: Yellow_R(Clone) (CardProperties)
[07:45:38] Enemy 1: Played Yellow_R(Clone) (UnityEngine.GameObject) (Card 0)
[07:45:38] Top card: Yellow_R(Clone) (CardProperties)
[07:45:38] Enemy 1: Played Yellow_R(Clone) (UnityEngine.GameObject) (Card 0)
[07:45:38] Top card: Yellow_R(Clone) (CardProperties)
[07:45:38] Enemy 1: Played Yellow_R(Clone) (UnityEngine.GameObject) (Card 0)
[07:45:38] Top card: Yellow_R(Clone) (CardProperties)
[07:45:38] Enemy 1: Played Yellow_R(Clone) (UnityEngine.GameObject) (Card 0)
[07:45:38] Top card: Yellow_R(Clone) (CardProperties)
[07:45:38] Enemy 1: Played Yellow_R(Clone) (UnityEngine.GameObject) (Card 0)
[07:45:38] Top card: Yellow_R(Clone) (CardProperties)
[07:45:38] Enemy 1: Played Yellow_R(Clone) (UnityEngine.GameObject) (Card 0)
[07:45:38] Top card: Yellow_R(Clone) (CardProperties)
[07:45:38] Enemy 1: Played Yellow_R(Clone) (UnityEngine.GameObject) (Card 0)
[07:45:38] Top card: Yellow_R(Clone) (CardProperties)
[07:45:38] Enemy 1: Played Yellow_R(Clone) (UnityEngine.GameObject) (Card 0)
[07:45:38] Top card: Yellow_R(Clone) (CardProperties)
[07:45:38] Enemy 1: Played Yellow_R(Clone) (UnityEngine.GameObject) (Card 0)
[07:45:38] Top card: Yellow_R(Clone) (CardProperties)
[07:45:38] Enemy 1: Played Yellow_R(Clone) (UnityEngine.GameObject) (Card 0)
[07:45:38] Top card: Yellow_R(Clone) (CardProperties)
[07:45:38] Enemy 1: Played Yellow_R(Clone) (UnityEngine.GameObject) (Card 0)
[07:45:38] Top card: Yellow_R(Clone) (CardProperties)
[07:45:38] Enemy 1: Played Yellow_R(Clone) (UnityEngine.GameObject) (Card 0)
[07:45:38] Top card: Yellow_R(Clone) (CardProperties)
[07:45:38] Enemy 1: Played Yellow_R(Clone) (UnityEngine.GameObject) (Card 0)
[07:45:38] Top card: Yellow_R(Clone) (CardProperties)
[07:45:38] Enemy 1: Played Yellow_R(Clone) (UnityEngine.GameObject) (Card 0)
[07:45:38] Top card: Yellow_R(Clone) (CardProperties)
[07:45:38] Enemy 1: Played Yellow_R(Clone) (UnityEngine.GameObject) (Card 0)
[07:45:38] Top card: Yellow_R(Clone) (CardProperties)
[07:45:38] Enemy 1: Played Yellow_R(Clone) (UnityEngine.GameObject) (Card 0)
[07:45:38] Top card: Yellow_R(Clone) (CardProperties)
[07:45:38] Enemy 1: Played Yellow_R(Clone) (UnityEngine.GameObject) (Card 0)
[07:45:38] Top card: Yellow_R(Clone) (CardProperties)
[07:45:38] Enemy 1: Played Yellow_R(Clone) (UnityEngine.GameObject) (Card 0)
[07:45:38] Top card: Yellow_R(Clone) (CardProperties)
[07:45:38] Enemy 1: Played Yellow_R(Clone) (UnityEngine.GameObject) (Card 0)
[07:45:38] Top card: Yellow_R(Clone) (CardProperties)
[07:45:38] Enemy 1: Played Yellow_R(Clone) (UnityEngine.GameObject) (Card 0)
[07:45:38] Top card: Yellow_R(Clone) (CardProperties)
[07:45:38] Enemy 1: Played Yellow_R(Clone) (UnityEngine.GameObject) (Card 0)
[07:45:38] Top card: Yellow_R(Clone) (CardProperties)
[07:45:38] Enemy 1: Played Yellow_R(Clone) (UnityEngine.GameObject) (Card 0)
[07:45:38] Top card: Yellow_R(Clone) (CardProperties)
[07:45:38] Enemy 1: Played Yellow_R(Clone) (UnityEngine.GameObject) (Card 0)
[07:45:38] Top card: Yellow_R(Clone) (CardProperties)
[07:45:38] Enemy 1: Played Yellow_R(Clone) (UnityEngine.GameObject) (Card 0)
[07:45:38] Top card: Yellow_R(Clone) (CardProperties)
[07:45:38] Enemy 1: Played Yellow_R(Clone) (UnityEngine.GameObject) (Card 0)
[07:45:38] Top card: Yellow_R(Clone) (CardProperties)
[07:45:38] Enemy 1: Played Yellow_R(Clone) (UnityEngine.GameObject) (Card 0)
[07:45:38] Top card: Yellow_R(Clone) (CardProperties)
[07:45:38] Enemy 1: Played Yellow_R(Clone) (UnityEngine.GameObject) (Card 0)
[07:45:38] Top card: Yellow_R(Clone) (CardProperties)
[07:45:38] Enemy 1: Played Yellow_R(Clone) (UnityEngine.GameObject) (Card 0)
[07:45:38] Top card: Yellow_R(Clone) (CardProperties)
[07:45:38] Enemy 1: Played Yellow_R(Clone) (UnityEngine.GameObject) (Card 0)
[07:45:38] Top card: Yellow_R(Clone) (CardProperties)
[07:45:38] Enemy 1: Played Yellow_R(Clone) (UnityEngine.GameObject) (Card 0)
[07:45:38] Top card: Yellow_R(Clone) (CardProperties)
[07:45:38] Enemy 1: Played Yellow_R(Clone) (UnityEngine.GameObject) (Card 0)
[07:45:38] Top card: Yellow_R(Clone) (CardProperties)
[07:45:38] Enemy 1: Played Yellow_R(Clone) (UnityEngine.GameObject) (Card 0)
[07:45:38] Top card: Yellow_R(Clone) (CardProperties)
[07:45:38] Enemy 1: Played Yellow_R(Clone) (UnityEngine.GameObject) (Card 0)
[07:45:38] Top card: Yellow_R(Clone) (CardProperties)
[07:45:38] Enemy 1: Played Yellow_R(Clone) (UnityEngine.GameObject) (Card 0)
[07:45:38] Top card: Yellow_R(Clone) (CardProperties)
[07:45:38] Enemy 1: Played Yellow_R(Clone) (UnityEngine.GameObject) (Card 0)
[07:45:38] Top card: Yellow_R(Clone) (CardProperties)
[07:45:38] Enemy 1: Played Yellow_R(Clone) (UnityEngine.GameObject) (Card 0)
[07:45:38] Top card: Yellow_R(Clone) (CardProperties)
[07:45:38] Enemy 1: Played Yellow_R(Clone) (UnityEngine.GameObject) (Card 0)
[07:45:38] Top card: Yellow_R(Clone) (CardProperties)
[07:45:38] Enemy 1: Played Yellow_R(Clone) (UnityEngine.GameObject) (Card 0)
[07:45:38] Top card: Yellow_R(Clone) (CardProperties)
[07:45:38] Enemy 1: Played Yellow_R(Clone) (UnityEngine.GameObject) (Card 0)
[10:05:23] Top card: 
[10:05:23] Top card: 
[10:05:23] Top card: 
[10:05:23] Top card: 
[10:05:23] Top card: 
[10:05:23] Top card: 
[10:05:23] Top card: 
[10:05:23] Top card: 
[10:05:23] Top card: 
[10:05:23] Top card: 
[10:05:23] Top card: 
[10:05:23] Top card: 
[10:05:23] Top card: 
[10:05:23] Top card: 
[10:05:23] Top card: 
[10:05:23] Top card: 
[10:05:23] Top card: 
[10:05:23] Top card: 
[10:05:23] Top card: 
[10:05:23] Top card: 
[10:05:23] Top card: 
[10:05:23] Top card: 
[10:05:23] Top card: 
[10:05:23] Top card: 
[10:05:23] Top card: 
[10:05:23] Top card: 
[10:05:23] Top card: 
[10:05:23] Top card: 
[10:05:23] hello from discard for loop
[10:05:23] hello from discard if statment
[10:05:23] hello from discard while loop
[10:05:23] Top card: 
[10:05:23] hello from discard for loop
[10:05:23] Delt cards
[10:05:23] Top card: Yellow_5(Clone) (UnityEngine.GameObject)
[07:29:17] Top card: 
[07:29:17] Delt cards
[07:29:17] Player: Played CardW4
[07:29:17] Player: Played CardW4(Clone) (UnityEngine.GameObject)
[07:29:17] Wild Menu shown
[07:29:17] Turns: 1
[07:29:17] Turns: 1
[07:29:17] Player called Green
[07:29:17] Wild Menu hidden
[07:29:17] Top card: CardW4(Clone) (UnityEngine.GameObject)
[07:29:17] Skipped Enemy 1
[07:29:17] Top card: CardW4(Clone) (UnityEngine.GameObject)
[07:29:17] Top card: CardW4(Clone) (CardProperties)
[07:29:17] Enemy 2: Blue_0(Clone) (UnityEngine.GameObject) (Card 0) did not match
[07:29:17] Enemy 2: Played Green_1(Clone) (UnityEngine.GameObject) (Card 1)
[07:29:17] Turns: 3
[07:29:17] Top card: Green_1(Clone) (UnityEngine.GameObject)
[07:29:17] Top card: Green_1(Clone) (CardProperties)
[07:29:17] Enemy 3: Played Yellow_1(Clone) (UnityEngine.GameObject) (Card 0)
[07:29:17] Turns: 0
