[1/21/2021 4:51:29 PM]Player: played card
[1/21/2021 4:51:29 PM]Turns = 1
[1/21/2021 4:51:29 PM]DiscardCounter: 1
[1/21/2021 4:51:29 PM]Enemy 1: Played card
[1/21/2021 4:51:29 PM]Turns = 2
[1/21/2021 4:51:29 PM]Enemy 2: Card couldn't be played
[1/21/2021 4:51:29 PM]Enemy 2: Skiping turn
[1/21/2021 4:51:29 PM]Enemy 3: Played card
[1/21/2021 4:51:29 PM]Turns = 0
[04:56:31]Player: played card
[04:56:31]Turns = 1
[04:56:31]DiscardCounter: 1
[04:56:31]Enemy 1: Card couldn't be played
[04:56:31]Enemy 1: Skiping turn
[04:56:31]Enemy 2: Card couldn't be played
[04:56:31]Enemy 2: Skiping turn
[04:56:31]Enemy 3: Card couldn't be played
[04:56:31]Enemy 3: Skiping turn
[04:56:31]Player: played card
[04:56:31]Turns = 1
[04:56:31]DiscardCounter: 1
[04:56:31]Enemy 1: Card couldn't be played
[04:56:31]Enemy 1: Skiping turn
[04:56:31]Enemy 2: Card couldn't be played
[04:56:31]Enemy 2: Skiping turn
[04:56:31]Enemy 3: Played card
[04:56:31]Turns = 0
[04:56:31]Player: played card
[04:56:31]Turns = 1
[04:56:31]DiscardCounter: 1
[04:56:31]Enemy 1: Card couldn't be played
[04:56:31]Enemy 1: Skiping turn
[04:56:31]Enemy 2: Card couldn't be played
[04:56:31]Enemy 2: Skiping turn
[04:56:31]Enemy 3: Played card
[04:56:31]Turns = 0
[04:56:31]Player: played card
[04:56:31]Turns = 1
[04:56:31]DiscardCounter: 1
[04:56:31]Enemy 1: Card couldn't be played
[04:56:31]Enemy 1: Skiping turn
[04:56:31]Enemy 2: Card couldn't be played
[04:56:31]Enemy 2: Skiping turn
[04:56:31]Enemy 3: Card couldn't be played
[04:56:31]Enemy 3: Skiping turn
[04:56:31]Player: played card
[04:56:31]Turns = 1
[04:56:31]DiscardCounter: 1
[04:56:31]Enemy 1: Card couldn't be played
[04:56:31]Enemy 1: Skiping turn
[04:56:31]Enemy 2: Card couldn't be played
[04:56:31]Enemy 2: Skiping turn
[04:56:31]Enemy 3: Played card
[04:56:31]Turns = 0
[04:56:31]Player: played card
[04:56:31]Turns = 1
[04:56:31]DiscardCounter: 1
[04:56:31]Enemy 1: Card couldn't be played
[04:56:31]Enemy 1: Skiping turn
[04:56:31]Enemy 2: Card couldn't be played
[04:56:31]Enemy 2: Skiping turn
[04:56:31]Enemy 3: Card couldn't be played
[04:56:31]Enemy 3: Skiping turn
[04:56:31]Player: played card
[04:56:31]Turns = 1
[04:56:31]DiscardCounter: 1
[04:56:31]Enemy 1: Card couldn't be played
[04:56:31]Enemy 1: Skiping turn
[04:56:31]Enemy 2: Card couldn't be played
[04:56:31]Enemy 2: Skiping turn
[04:56:31]Enemy 3: Played card
[04:56:31]Turns = 0
