[05:54:23] Player received: CardW4(Clone)
[05:54:23] Enemy1 received: Green_D(Clone)
[05:54:23] Enemy2 received: Yellow_D(Clone)
[05:54:23] Enemy3 received: Blue_D(Clone)
[05:54:23] Player received: Red_1(Clone)
[05:54:23] Enemy1 received: Yellow_0(Clone)
[05:54:23] Enemy2 received: Blue_S(Clone)
[05:54:23] Enemy3 received: Red_9(Clone)
[05:54:23] Player received: Blue_4(Clone)
[05:54:23] Enemy1 received: CardW(Clone)
[05:54:23] Enemy2 received: Yellow_9(Clone)
[05:54:23] Enemy3 received: Yellow_1(Clone)
[05:54:23] Player received: Blue_7(Clone)
[05:54:23] Enemy1 received: Red_D(Clone)
[05:54:23] Enemy2 received: Green_9(Clone)
[05:54:23] Enemy3 received: Blue_1(Clone)
[05:54:23] Player received: Green_R(Clone)
[05:54:23] Enemy1 received: Red_7(Clone)
[05:54:23] Enemy2 received: Yellow_9(Clone)
[05:54:23] Enemy3 received: Blue_6(Clone)
[05:54:23] Player received: CardW(Clone)
[05:54:23] Enemy1 received: Red_1(Clone)
[05:54:23] Enemy2 received: Blue_2(Clone)
[05:54:23] Enemy3 received: CardW4(Clone)
[05:54:23] Player received: Green_0(Clone)
[05:54:23] Enemy1 received: Green_4(Clone)
[05:54:23] Enemy2 received: Green_3(Clone)
[05:54:23] Enemy3 received: Yellow_8(Clone)
[05:54:23] DiscardPile received: Red_2(Clone)
[05:54:23] Dealt cards
[05:54:23] Player: Played Red_1
[05:54:23] Turns: 1
[05:54:23] Top card: Red_1(Clone) (UnityEngine.GameObject)
[05:54:23] CardW(Clone) was added to PlayableCards
[05:54:23] Red_D(Clone) was added to PlayableCards
[05:54:23] Red_7(Clone) was added to PlayableCards
[05:54:23] Red_1(Clone) was added to PlayableCards
[05:54:23] Enemy 1: Played Red_D(Clone)
[05:54:23] HasPlayableCard = true
[05:54:23] Turns: 2
[05:54:23] Top card: Red_D(Clone) (UnityEngine.GameObject)
[05:54:23] Top Deck Card:Yellow_D(Clone)
[05:54:23] Enemy 2: Drew Yellow_D(Clone)
[05:54:23] Top Deck Card:CardW(Clone)
[05:54:23] Enemy 2: Drew CardW(Clone)
[05:54:23] Enemy 2: Drew 2 cards
[05:54:23] Turns: 3
[05:54:23] Top card: Red_D(Clone) (UnityEngine.GameObject)
[05:54:23] Blue_D(Clone) was added to PlayableCards
[05:54:23] Red_9(Clone) was added to PlayableCards
[05:54:23] CardW4(Clone) was added to PlayableCards
[05:54:23] Enemy 3: Played Blue_D(Clone)
[05:54:23] HasPlayableCard = true
[05:54:23] Turns: 0
[05:54:23] Hello from PlayerManager.Draw2
[05:54:23] Top Deck Card:Yellow_4(Clone)
[05:54:23] Player: Drew Yellow_4(Clone)
[05:54:23] Top Deck Card:Red_5(Clone)
[05:54:23] Player: Drew Red_5(Clone)
[05:54:23] Player: Drew 2 cards
[05:54:23] Turns: 1
[05:54:23] Top card: Blue_D(Clone) (UnityEngine.GameObject)
[05:54:23] Green_D(Clone) was added to PlayableCards
[05:54:23] CardW(Clone) was added to PlayableCards
[05:54:23] Enemy 1: Played Green_D(Clone)
[05:54:23] HasPlayableCard = true
[05:54:23] Removed Red_1(Clone) (UnityEngine.GameObject)
[05:54:23] Turns: 2
[05:54:23] Top card: Green_D(Clone) (UnityEngine.GameObject)
[05:54:23] Top Deck Card:Red_5(Clone)
[05:54:23] Enemy 2: Drew Red_5(Clone)
[05:54:23] Top Deck Card:Blue_3(Clone)
[05:54:23] Enemy 2: Drew Blue_3(Clone)
[05:54:23] Enemy 2: Drew 2 cards
[05:54:23] Turns: 3
[05:54:23] Top card: Green_D(Clone) (UnityEngine.GameObject)
[05:54:23] CardW4(Clone) was added to PlayableCards
[05:54:23] Enemy 3: Played CardW4(Clone)
[05:54:23] redCards: 1
[05:54:23] yellowCards: 2
[05:54:23] greenCards: 0
[05:54:23] blueCards: 2
[05:54:23] Largest number among 1, 2, 0 and 2 is 2
[05:54:23] Largest number among 1, 2, 0 and 2 is 2
[05:54:23] wild color set to yellow
[05:54:23] HasPlayableCard = true
[05:54:23] Removed Red_D(Clone) (UnityEngine.GameObject)
[05:54:23] Turns: 0
[05:54:23] Hello from PlayerManager.WildDraw4
[05:54:23] Top Deck Card:Blue_7(Clone)
[05:54:23] Player: Drew Blue_7(Clone)
[05:54:23] Top Deck Card:Yellow_D(Clone)
[05:54:23] Player: Drew Yellow_D(Clone)
[05:54:23] Top Deck Card:Yellow_5(Clone)
[05:54:23] Player: Drew Yellow_5(Clone)
[05:54:23] Turns: 1
[05:54:23] Top card: CardW4(Clone) (UnityEngine.GameObject)
[05:54:23] Yellow_0(Clone) was added to PlayableCards
[05:54:23] CardW(Clone) was added to PlayableCards
[05:54:23] Enemy 1: Played Yellow_0(Clone)
[05:54:23] HasPlayableCard = true
[05:54:23] Removed Blue_D(Clone) (UnityEngine.GameObject)
[05:54:23] Top Deck Card:Green_8(Clone)
[05:54:23] Player: Drew Green_8(Clone)
[05:54:23] Player: Drew 4 cards
[05:54:23] Turns: 2
[05:54:23] Top card: Yellow_0(Clone) (UnityEngine.GameObject)
[05:54:23] Yellow_D(Clone) was added to PlayableCards
[05:54:23] Yellow_9(Clone) was added to PlayableCards
[05:54:23] Yellow_9(Clone) was added to PlayableCards
[05:54:23] Yellow_D(Clone) was added to PlayableCards
[05:54:23] CardW(Clone) was added to PlayableCards
[05:54:23] Enemy 2: Played Yellow_D(Clone)
[05:54:23] HasPlayableCard = true
[05:54:23] Removed Green_D(Clone) (UnityEngine.GameObject)
[05:54:23] Turns: 3
[05:54:23] Top card: Yellow_D(Clone) (UnityEngine.GameObject)
[05:54:23] Top Deck Card:Blue_1(Clone)
[05:54:23] Enemy 3: Drew Blue_1(Clone)
[05:54:23] Top Deck Card:Red_0(Clone)
[05:54:23] Enemy 3: Drew Red_0(Clone)
[05:54:23] Enemy 3: Drew 2 cards
[05:54:23] Turns: 0
