[09:27:50] Top card: 
[09:27:50] player cards gotGreen_9(Clone) (UnityEngine.GameObject)
[09:27:50] enemy1 cards gotBlue_R(Clone) (UnityEngine.GameObject)
[09:27:50] enemy2 cards gotRed_4(Clone) (UnityEngine.GameObject)
[09:27:50] enemy3 cards gotGreen_6(Clone) (UnityEngine.GameObject)
[09:27:50] player cards gotBlue_7(Clone) (UnityEngine.GameObject)
[09:27:50] enemy1 cards gotGreen_2(Clone) (UnityEngine.GameObject)
[09:27:50] enemy2 cards gotCardW4(Clone) (UnityEngine.GameObject)
[09:27:50] enemy3 cards gotGreen_R(Clone) (UnityEngine.GameObject)
[09:27:50] player cards gotGreen_4(Clone) (UnityEngine.GameObject)
[09:27:50] enemy1 cards gotYellow_3(Clone) (UnityEngine.GameObject)
[09:27:50] enemy2 cards gotRed_D(Clone) (UnityEngine.GameObject)
[09:27:50] enemy3 cards gotRed_9(Clone) (UnityEngine.GameObject)
[09:27:50] player cards gotBlue_8(Clone) (UnityEngine.GameObject)
[09:27:50] enemy1 cards gotBlue_8(Clone) (UnityEngine.GameObject)
[09:27:50] enemy2 cards gotBlue_1(Clone) (UnityEngine.GameObject)
[09:27:50] enemy3 cards gotBlue_4(Clone) (UnityEngine.GameObject)
[09:27:50] player cards gotGreen_R(Clone) (UnityEngine.GameObject)
[09:27:50] enemy1 cards gotCardW4(Clone) (UnityEngine.GameObject)
[09:27:50] enemy2 cards gotBlue_9(Clone) (UnityEngine.GameObject)
[09:27:50] enemy3 cards gotBlue_R(Clone) (UnityEngine.GameObject)
[09:27:50] player cards gotGreen_D(Clone) (UnityEngine.GameObject)
[09:27:50] enemy1 cards gotGreen_D(Clone) (UnityEngine.GameObject)
[09:27:50] enemy2 cards gotYellow_R(Clone) (UnityEngine.GameObject)
[09:27:50] enemy3 cards gotCardW(Clone) (UnityEngine.GameObject)
[09:27:50] player cards gotBlue_2(Clone) (UnityEngine.GameObject)
[09:27:50] enemy1 cards gotBlue_3(Clone) (UnityEngine.GameObject)
[09:27:50] enemy2 cards gotRed_5(Clone) (UnityEngine.GameObject)
[09:27:50] enemy3 cards gotGreen_5(Clone) (UnityEngine.GameObject)
[09:27:50] Delt cards
[09:27:50] Player: Played Blue_8
[09:27:50] Turns: 1
[09:27:50] Top card: Blue_8(Clone) (UnityEngine.GameObject)
[09:27:50] Turns: 2
[09:27:50] Top card: Blue_8(Clone) (UnityEngine.GameObject)
[09:27:50] Turns: 3
[09:27:50] Top card: Blue_8(Clone) (UnityEngine.GameObject)
[09:27:50] Turns: 0
[09:27:50] Turns: 0
