[07:54:26] Player received: CardW4(Clone)
[07:54:26] Enemy1 received: Blue_5(Clone)
[07:54:26] Enemy2 received: Yellow_5(Clone)
[07:54:26] Enemy3 received: Green_D(Clone)
[07:54:26] Player received: Red_1(Clone)
[07:54:26] Enemy1 received: Green_8(Clone)
[07:54:26] Enemy2 received: Blue_7(Clone)
[07:54:26] Enemy3 received: Blue_S(Clone)
[07:54:26] Player received: Red_1(Clone)
[07:54:26] Enemy1 received: CardW(Clone)
[07:54:26] Enemy2 received: Red_D(Clone)
[07:54:26] Enemy3 received: Blue_4(Clone)
[07:54:26] Player received: Blue_S(Clone)
[07:54:26] Enemy1 received: Red_3(Clone)
[07:54:26] Enemy2 received: Green_4(Clone)
[07:54:26] Enemy3 received: Blue_D(Clone)
[07:54:26] Player received: Green_1(Clone)
[07:54:26] Enemy1 received: Red_D(Clone)
[07:54:26] Enemy2 received: Blue_S(Clone)
[07:54:26] Enemy3 received: Yellow_S(Clone)
[07:54:26] Player received: CardW(Clone)
[07:54:26] Enemy1 received: Blue_1(Clone)
[07:54:26] Enemy2 received: Yellow_D(Clone)
[07:54:26] Enemy3 received: Blue_9(Clone)
[07:54:26] Player received: Green_D(Clone)
[07:54:26] Enemy1 received: Red_9(Clone)
[07:54:26] Enemy2 received: Yellow_D(Clone)
[07:54:26] Enemy3 received: Yellow_4(Clone)
[07:54:26] DiscardPile received: Red_5(Clone)
[07:54:26] Dealt cards
[07:54:26] Player: Played Red_1
[07:54:26] Turns: 1
[07:54:26] Top card: Red_1(Clone) (UnityEngine.GameObject)
[07:54:26] CardW(Clone) (UnityEngine.GameObject) was added to PlayableCards
[07:54:26] Red_3(Clone) (UnityEngine.GameObject) was added to PlayableCards
[07:54:26] Red_D(Clone) (UnityEngine.GameObject) was added to PlayableCards
[07:54:26] Blue_1(Clone) (UnityEngine.GameObject) was added to PlayableCards
[07:54:26] Red_9(Clone) (UnityEngine.GameObject) was added to PlayableCards
[07:54:26] Enemy 1: Played Red_D(Clone)
[07:54:26] HasPlayableCard = true
[07:54:26] Turns: 2
[07:54:26] Top card: Red_D(Clone) (UnityEngine.GameObject)
[07:54:26] Top Deck Card:Red_5(Clone) (UnityEngine.GameObject)
[07:54:26] Enemy 2: Drew Red_5(Clone) (UnityEngine.GameObject)
[07:54:26] Top Deck Card:CardW(Clone) (UnityEngine.GameObject)
[07:54:26] Enemy 2: Drew CardW(Clone) (UnityEngine.GameObject)
[07:54:26] Enemy 2: Drew 2 cards
[07:54:26] Turns: 3
[07:54:26] Top card: Red_D(Clone) (UnityEngine.GameObject)
[07:54:26] Green_D(Clone) (UnityEngine.GameObject) was added to PlayableCards
[07:54:26] Blue_D(Clone) (UnityEngine.GameObject) was added to PlayableCards
[07:54:26] Enemy 3: Played Green_D(Clone)
[07:54:26] HasPlayableCard = true
[07:54:26] Turns: 0
[07:54:26] Hello from PlayerManager.Draw2
[07:54:26] Top Deck Card:Red_D(Clone) (UnityEngine.GameObject)
[07:54:26] Player: Drew Red_D(Clone) (UnityEngine.GameObject)
[07:54:26] Top Deck Card:Green_S(Clone) (UnityEngine.GameObject)
[07:54:26] Player: Drew Green_S(Clone) (UnityEngine.GameObject)
[07:54:26] Player: Drew 2 cards
[07:54:26] Turns: 1
[07:54:26] Top card: Green_D(Clone) (UnityEngine.GameObject)
[07:54:26] Green_8(Clone) (UnityEngine.GameObject) was added to PlayableCards
[07:54:26] CardW(Clone) (UnityEngine.GameObject) was added to PlayableCards
[07:54:26] Enemy 1: Played Green_8(Clone)
[07:54:26] HasPlayableCard = true
[07:54:26] Turns: 2
[07:54:26] Top card: Green_8(Clone) (UnityEngine.GameObject)
[07:54:26] Green_4(Clone) (UnityEngine.GameObject) was added to PlayableCards
[07:54:26] CardW(Clone) (UnityEngine.GameObject) was added to PlayableCards
[07:54:26] Enemy 2: Played Green_4(Clone)
[07:54:26] Removed Red_1(Clone) (UnityEngine.GameObject)
[07:54:26] HasPlayableCard = true
[07:54:26] Turns: 3
[07:54:26] Top card: Green_4(Clone) (UnityEngine.GameObject)
[07:54:26] Blue_4(Clone) (UnityEngine.GameObject) was added to PlayableCards
[07:54:26] Yellow_4(Clone) (UnityEngine.GameObject) was added to PlayableCards
[07:54:26] Enemy 3: Played Blue_4(Clone)
[07:54:26] Removed Red_D(Clone) (UnityEngine.GameObject)
[07:54:26] HasPlayableCard = true
[07:54:26] Turns: 0
[07:54:26] Player: Played Green_D
[07:54:26] Turns: 1
[07:54:26] Top card: Green_D(Clone) (UnityEngine.GameObject)
[07:54:26] Top Deck Card:Blue_8(Clone) (UnityEngine.GameObject)
[07:54:26] Enemy 1: Drew Blue_8(Clone) (UnityEngine.GameObject)
[07:54:26] Top Deck Card:Yellow_S(Clone) (UnityEngine.GameObject)
[07:54:26] Enemy 1: Drew Yellow_S(Clone) (UnityEngine.GameObject)
[07:54:26] Enemy 1: Drew 2 cards
[07:54:26] Turns: 2
[07:54:26] Top card: Green_D(Clone) (UnityEngine.GameObject)
[07:54:26] Red_D(Clone) (UnityEngine.GameObject) was added to PlayableCards
[07:54:26] Yellow_D(Clone) (UnityEngine.GameObject) was added to PlayableCards
[07:54:26] Yellow_D(Clone) (UnityEngine.GameObject) was added to PlayableCards
[07:54:26] CardW(Clone) (UnityEngine.GameObject) was added to PlayableCards
[07:54:26] Enemy 2: Played Red_D(Clone)
[07:54:26] HasPlayableCard = true
[07:54:26] Turns: 3
[07:54:26] Top card: Red_D(Clone) (UnityEngine.GameObject)
[07:54:26] Top Deck Card:Blue_D(Clone) (UnityEngine.GameObject)
[07:54:26] Enemy 3: Drew Blue_D(Clone) (UnityEngine.GameObject)
[07:54:26] Top Deck Card:Green_4(Clone) (UnityEngine.GameObject)
[07:54:26] Enemy 3: Drew Green_4(Clone) (UnityEngine.GameObject)
[07:54:26] Enemy 3: Drew 2 cards
[07:54:26] Turns: 0
[10:36:27] Player received: Yellow_3(Clone)
[10:36:27] Enemy1 received: Red_D(Clone)
[10:36:27] Enemy2 received: Blue_D(Clone)
[10:36:27] Enemy3 received: Blue_6(Clone)
[10:36:27] Player received: Green_D(Clone)
[10:36:27] Enemy1 received: CardW4(Clone)
[10:36:27] Enemy2 received: Red_9(Clone)
[10:36:27] Enemy3 received: Green_D(Clone)
[10:36:27] Player received: Red_4(Clone)
[10:36:27] Enemy1 received: Green_0(Clone)
[10:36:27] Enemy2 received: CardW4(Clone)
[10:36:27] Enemy3 received: Yellow_7(Clone)
[10:36:27] Player received: CardW(Clone)
[10:36:27] Enemy1 received: Blue_R(Clone)
[10:36:27] Enemy2 received: Yellow_D(Clone)
[10:36:27] Enemy3 received: Red_6(Clone)
[10:36:27] Player received: Red_3(Clone)
[10:36:27] Enemy1 received: Blue_D(Clone)
[10:36:27] Enemy2 received: CardW4(Clone)
[10:36:27] Enemy3 received: Green_8(Clone)
[10:36:27] Player received: Blue_D(Clone)
[10:36:27] Enemy1 received: CardW(Clone)
[10:36:27] Enemy2 received: CardW4(Clone)
[10:36:27] Enemy3 received: CardW(Clone)
[10:36:27] Player received: Green_3(Clone)
[10:36:27] Enemy1 received: Blue_4(Clone)
[10:36:27] Enemy2 received: Green_4(Clone)
[10:36:27] Enemy3 received: Green_R(Clone)
[10:36:27] DiscardPile received: Green_5(Clone)
[10:36:27] Used PlayerLogic
[10:36:27] Green_5(Clone) (UnityEngine.GameObject)
[10:36:27] Player: Played Green_5
[10:36:27] Dealt cards
[10:36:27] Turns: 1
[10:36:27] Top card: Green_5(Clone) (UnityEngine.GameObject)
[10:36:27] CardW4(Clone) (UnityEngine.GameObject) was added to PlayableCards
[10:36:27] Green_0(Clone) (UnityEngine.GameObject) was added to PlayableCards
[10:36:27] CardW(Clone) (UnityEngine.GameObject) was added to PlayableCards
[10:36:27] Enemy 1: Played Green_0(Clone)
[10:36:27] HasPlayableCard = true
[10:36:27] Turns: 2
[10:36:27] Top card: Green_0(Clone) (UnityEngine.GameObject)
[10:36:27] CardW4(Clone) (UnityEngine.GameObject) was added to PlayableCards
[10:36:27] CardW4(Clone) (UnityEngine.GameObject) was added to PlayableCards
[10:36:27] CardW4(Clone) (UnityEngine.GameObject) was added to PlayableCards
[10:36:27] Green_4(Clone) (UnityEngine.GameObject) was added to PlayableCards
[10:36:27] Enemy 2: Played Green_4(Clone)
[10:36:27] HasPlayableCard = true
[10:36:27] Turns: 3
[10:36:27] Top card: Green_4(Clone) (UnityEngine.GameObject)
[10:36:27] Green_D(Clone) (UnityEngine.GameObject) was added to PlayableCards
[10:36:27] Green_8(Clone) (UnityEngine.GameObject) was added to PlayableCards
[10:36:27] CardW(Clone) (UnityEngine.GameObject) was added to PlayableCards
[10:36:27] Green_R(Clone) (UnityEngine.GameObject) was added to PlayableCards
[10:36:27] Enemy 3: Played Green_D(Clone)
[10:36:27] Removed Green_5(Clone) (UnityEngine.GameObject)
[10:36:27] HasPlayableCard = true
[10:36:27] Turns: 0
[10:36:27] Hello from PlayerManager.Draw2
[10:36:27] Top Deck Card:Green_7(Clone) (UnityEngine.GameObject)
[10:36:27] Player: Drew Green_7(Clone) (UnityEngine.GameObject)
[10:36:27] Top Deck Card:Yellow_S(Clone) (UnityEngine.GameObject)
[10:36:27] Player: Drew Yellow_S(Clone) (UnityEngine.GameObject)
[10:36:27] Player: Drew 2 cards
[10:36:27] Turns: 1
[10:36:27] Top card: Green_D(Clone) (UnityEngine.GameObject)
[10:36:27] Red_D(Clone) (UnityEngine.GameObject) was added to PlayableCards
[10:36:27] CardW4(Clone) (UnityEngine.GameObject) was added to PlayableCards
[10:36:27] Blue_D(Clone) (UnityEngine.GameObject) was added to PlayableCards
[10:36:27] CardW(Clone) (UnityEngine.GameObject) was added to PlayableCards
[10:36:27] Enemy 1: Played Red_D(Clone)
[10:36:27] Removed null
[10:36:27] HasPlayableCard = true
[10:36:27] Turns: 2
[10:36:27] Top card: Red_D(Clone) (UnityEngine.GameObject)
[10:36:27] Top Deck Card:CardW4(Clone) (UnityEngine.GameObject)
[10:36:27] Enemy 2: Drew CardW4(Clone) (UnityEngine.GameObject)
[10:36:27] Top Deck Card:Blue_R(Clone) (UnityEngine.GameObject)
[10:36:27] Enemy 2: Drew Blue_R(Clone) (UnityEngine.GameObject)
[10:36:27] Enemy 2: Drew 2 cards
[10:36:27] Turns: 3
[10:36:27] Top card: Red_D(Clone) (UnityEngine.GameObject)
[10:36:27] Red_6(Clone) (UnityEngine.GameObject) was added to PlayableCards
[10:36:27] CardW(Clone) (UnityEngine.GameObject) was added to PlayableCards
[10:36:27] Enemy 3: Played Red_6(Clone)
[10:36:27] Removed Green_0(Clone) (UnityEngine.GameObject)
[10:36:27] HasPlayableCard = true
[10:36:27] Turns: 0
[10:36:27] Used PlayerLogic
[10:36:27] Green_4(Clone) (UnityEngine.GameObject)
[10:36:27] Player: Played Yellow_S
[10:36:27] Turns: 1
[10:36:27] Top card: Yellow_S(Clone) (UnityEngine.GameObject)
[10:36:27] Turns: 2
[10:36:27] Top card: Yellow_S(Clone) (UnityEngine.GameObject)
[10:36:27] CardW4(Clone) (UnityEngine.GameObject) was added to PlayableCards
[10:36:27] Yellow_D(Clone) (UnityEngine.GameObject) was added to PlayableCards
[10:36:27] CardW4(Clone) (UnityEngine.GameObject) was added to PlayableCards
[10:36:27] CardW4(Clone) (UnityEngine.GameObject) was added to PlayableCards
[10:36:27] CardW4(Clone) (UnityEngine.GameObject) was added to PlayableCards
[10:36:27] Enemy 2: Played Yellow_D(Clone)
[10:36:27] HasPlayableCard = true
[10:36:27] Turns: 3
[10:36:27] Top card: Yellow_D(Clone) (UnityEngine.GameObject)
[10:36:27] Top Deck Card:Yellow_S(Clone) (UnityEngine.GameObject)
[10:36:27] Enemy 3: Drew Yellow_S(Clone) (UnityEngine.GameObject)
[10:36:27] Top Deck Card:Red_8(Clone) (UnityEngine.GameObject)
[10:36:27] Enemy 3: Drew Red_8(Clone) (UnityEngine.GameObject)
[10:36:27] Enemy 3: Drew 2 cards
[10:36:27] Turns: 0
[10:36:27] Used PlayerLogic
[10:36:27] Green_4(Clone) (UnityEngine.GameObject)
[10:36:27] Player: Played Blue_D
[10:36:27] Turns: 1
[10:36:27] Top card: Blue_D(Clone) (UnityEngine.GameObject)
[10:36:27] Top Deck Card:Blue_3(Clone) (UnityEngine.GameObject)
[10:36:27] Enemy 1: Drew Blue_3(Clone) (UnityEngine.GameObject)
[10:36:27] Top Deck Card:Yellow_0(Clone) (UnityEngine.GameObject)
[10:36:27] Enemy 1: Drew Yellow_0(Clone) (UnityEngine.GameObject)
[10:36:27] Enemy 1: Drew 2 cards
[10:36:27] Turns: 2
[10:36:27] Top card: Blue_D(Clone) (UnityEngine.GameObject)
[10:36:27] Blue_D(Clone) (UnityEngine.GameObject) was added to PlayableCards
[10:36:27] CardW4(Clone) (UnityEngine.GameObject) was added to PlayableCards
[10:36:27] CardW4(Clone) (UnityEngine.GameObject) was added to PlayableCards
[10:36:27] CardW4(Clone) (UnityEngine.GameObject) was added to PlayableCards
[10:36:27] CardW4(Clone) (UnityEngine.GameObject) was added to PlayableCards
[10:36:27] Blue_R(Clone) (UnityEngine.GameObject) was added to PlayableCards
[10:36:27] Enemy 2: Played Blue_D(Clone)
[10:36:27] HasPlayableCard = true
[10:36:27] Turns: 3
[10:36:27] Top card: Blue_D(Clone) (UnityEngine.GameObject)
[10:36:27] Top Deck Card:Green_9(Clone) (UnityEngine.GameObject)
[10:36:27] Enemy 3: Drew Green_9(Clone) (UnityEngine.GameObject)
[10:36:27] Top Deck Card:Red_3(Clone) (UnityEngine.GameObject)
[10:36:27] Enemy 3: Drew Red_3(Clone) (UnityEngine.GameObject)
[10:36:27] Enemy 3: Drew 2 cards
[10:36:27] Turns: 0
