[09:05:30] Player received: Blue_1(Clone)
[09:05:30] Enemy1 received: Red_D(Clone)
[09:05:30] Enemy2 received: CardW(Clone)
[09:05:30] Enemy3 received: Green_2(Clone)
[09:05:30] Player received: Blue_D(Clone)
[09:05:30] Enemy1 received: Yellow_0(Clone)
[09:05:30] Enemy2 received: Red_4(Clone)
[09:05:30] Enemy3 received: Blue_S(Clone)
[09:05:30] Player received: Blue_S(Clone)
[09:05:30] Enemy1 received: Red_6(Clone)
[09:05:30] Enemy2 received: Blue_3(Clone)
[09:05:30] Enemy3 received: Green_9(Clone)
[09:05:30] Player received: Red_2(Clone)
[09:05:30] Enemy1 received: Green_R(Clone)
[09:05:30] Enemy2 received: CardW(Clone)
[09:05:30] Enemy3 received: Blue_R(Clone)
[09:05:30] Player received: Red_7(Clone)
[09:05:30] Enemy1 received: CardW4(Clone)
[09:05:30] Enemy2 received: Red_D(Clone)
[09:05:30] Enemy3 received: Yellow_5(Clone)
[09:05:30] Player received: Green_8(Clone)
[09:05:30] Enemy1 received: Red_R(Clone)
[09:05:30] Enemy2 received: Red_2(Clone)
[09:05:30] Enemy3 received: Green_D(Clone)
[09:05:30] Player received: Yellow_D(Clone)
[09:05:30] Enemy1 received: Yellow_8(Clone)
[09:05:30] Enemy2 received: Blue_D(Clone)
[09:05:30] Enemy3 received: Green_8(Clone)
[09:05:30] DiscardPile received: CardW4(Clone)
[09:05:30] Dealt cards
[09:05:30] Player: Played Blue_D
[09:05:30] Turns: 1
[09:05:30] Top card: Blue_D(Clone) (UnityEngine.GameObject)
[09:05:30] Top Deck Card:Yellow_D(Clone) (UnityEngine.GameObject)
[09:05:30] Enemy 1: Drew Yellow_D(Clone) (UnityEngine.GameObject)
[09:05:30] Top Deck Card:CardW(Clone) (UnityEngine.GameObject)
[09:05:30] Enemy 1: Drew CardW(Clone) (UnityEngine.GameObject)
[09:05:30] Enemy 1: Drew 2 cards
[09:05:30] Turns: 2
[09:05:30] Top card: Blue_D(Clone) (UnityEngine.GameObject)
[09:05:30] CardW(Clone) (UnityEngine.GameObject) was added to PlayableCards
[09:05:30] Blue_3(Clone) (UnityEngine.GameObject) was added to PlayableCards
[09:05:30] CardW(Clone) (UnityEngine.GameObject) was added to PlayableCards
[09:05:30] Red_D(Clone) (UnityEngine.GameObject) was added to PlayableCards
[09:05:30] Blue_D(Clone) (UnityEngine.GameObject) was added to PlayableCards
[09:05:30] Enemy 2: Played Red_D(Clone)
[09:05:30] HasPlayableCard = true
[09:05:30] Turns: 3
[09:05:30] Top card: Red_D(Clone) (UnityEngine.GameObject)
[09:05:30] Top Deck Card:Blue_4(Clone) (UnityEngine.GameObject)
[09:05:30] Enemy 3: Drew Blue_4(Clone) (UnityEngine.GameObject)
[09:05:30] Top Deck Card:Red_8(Clone) (UnityEngine.GameObject)
[09:05:30] Enemy 3: Drew Red_8(Clone) (UnityEngine.GameObject)
[09:05:30] Enemy 3: Drew 2 cards
[09:05:30] Turns: 0
