[07:55:13] Top card: 
[07:55:13] Delt cards
[07:55:13] Top card: Blue_7(Clone) (UnityEngine.GameObject)
[07:55:13] Top card: Blue_7(Clone) (UnityEngine.GameObject)
[07:55:13] Top card: Blue_7(Clone) (UnityEngine.GameObject)
[07:55:13] Top card: Blue_7(Clone) (UnityEngine.GameObject)
[07:55:13] Top card: Blue_7(Clone) (UnityEngine.GameObject)
[07:55:13] Top card: Blue_7(Clone) (UnityEngine.GameObject)
[07:55:13] Top card: Blue_7(Clone) (UnityEngine.GameObject)
[07:55:13] Top card: Blue_7(Clone) (UnityEngine.GameObject)
[07:55:13] Top card: Blue_7(Clone) (UnityEngine.GameObject)
[07:55:13] Top card: Blue_7(Clone) (UnityEngine.GameObject)
[07:55:13] Top card: Blue_7(Clone) (UnityEngine.GameObject)
[07:55:13] Top card: Blue_7(Clone) (UnityEngine.GameObject)
[07:55:13] Top card: Blue_7(Clone) (UnityEngine.GameObject)
[07:55:13] Top card: Blue_7(Clone) (UnityEngine.GameObject)
[07:55:13] Top card: Blue_7(Clone) (UnityEngine.GameObject)
[07:55:13] Top card: Blue_7(Clone) (UnityEngine.GameObject)
[07:55:13] Top card: Blue_7(Clone) (UnityEngine.GameObject)
[07:55:13] Top card: Blue_7(Clone) (UnityEngine.GameObject)
[07:55:13] Top card: Blue_7(Clone) (UnityEngine.GameObject)
[07:55:13] Top card: Blue_7(Clone) (UnityEngine.GameObject)
[07:55:13] Top card: Blue_7(Clone) (UnityEngine.GameObject)
[07:55:13] Top card: Blue_7(Clone) (UnityEngine.GameObject)
[07:55:13] Top card: Blue_7(Clone) (UnityEngine.GameObject)
[07:55:13] Top card: Blue_7(Clone) (UnityEngine.GameObject)
[07:55:13] Top card: Blue_7(Clone) (UnityEngine.GameObject)
[07:55:13] Top card: Blue_7(Clone) (UnityEngine.GameObject)
[07:55:13] Top card: Blue_7(Clone) (UnityEngine.GameObject)
[07:55:13] Top card: Blue_7(Clone) (UnityEngine.GameObject)
[07:55:13] Player: Played Blue_S(Clone) (UnityEngine.GameObject)
[07:55:13] Turns: 1
[07:55:13] Turns: 1
[07:55:13] Top card: Blue_S(Clone) (UnityEngine.GameObject)
[07:55:13] Skipped Enemy 1
[07:55:13] Top card: Blue_S(Clone) (UnityEngine.GameObject)
[07:55:13] Top card: Blue_S(Clone) (UnityEngine.GameObject)
[07:55:13] Enemy 2: Red_1(Clone) (UnityEngine.GameObject) (Card 0) did not match
[07:55:13] Enemy 2: Played Blue_4(Clone) (UnityEngine.GameObject) (Card 1)
[07:55:13] Turns: 3
[07:55:13] Top card: Blue_4(Clone) (UnityEngine.GameObject)
[07:55:13] Top card: Blue_4(Clone) (UnityEngine.GameObject)
[07:55:13] Enemy 3: Played Red_4(Clone) (UnityEngine.GameObject) (Card 0)
[07:55:13] Turns: 0
[07:55:13] Player: Played Red_D(Clone) (UnityEngine.GameObject)
[07:55:13] Turns: 1
[07:55:13] Turns: 1
[07:55:13] Top card: Red_D(Clone) (UnityEngine.GameObject)
[07:55:13] Top Deck Card:CardW(Clone) (UnityEngine.GameObject)
[07:55:13] Enemy 1: Drew CardW(Clone) (UnityEngine.GameObject)
[07:55:13] Top Deck Card:Yellow_S(Clone) (UnityEngine.GameObject)
[07:55:13] Enemy 1: Drew Yellow_S(Clone) (UnityEngine.GameObject)
[07:55:13] Enemy 1: Drew 2 cards
[07:55:13] Skipped Enemy 1
[07:55:13] Top card: Red_D(Clone) (UnityEngine.GameObject)
[07:55:13] Top card: Red_D(Clone) (UnityEngine.GameObject)
[07:55:13] Enemy 2: Played Red_1(Clone) (UnityEngine.GameObject) (Card 0)
[07:55:13] Turns: 3
[07:55:13] Top card: Red_1(Clone) (UnityEngine.GameObject)
[07:55:13] Top card: Red_1(Clone) (UnityEngine.GameObject)
[07:55:13] Enemy 3: Played Red_7(Clone) (UnityEngine.GameObject) (Card 0)
[07:55:13] Turns: 0
