[11:50:02]Top card: 
[11:50:02]Top card: Blue_R(Clone) (UnityEngine.GameObject)
[11:50:02]Top card: Blue_R(Clone) (UnityEngine.GameObject)
[11:50:02]Top card: Blue_R(Clone) (UnityEngine.GameObject)
[11:50:02]Top card: Blue_R(Clone) (UnityEngine.GameObject)
[11:50:02]Top card: Blue_R(Clone) (UnityEngine.GameObject)
[11:50:02]Top card: Blue_R(Clone) (UnityEngine.GameObject)
[11:50:02]Top card: Blue_R(Clone) (UnityEngine.GameObject)
[11:50:02]Top card: Blue_R(Clone) (UnityEngine.GameObject)
[11:50:02]Top card: Blue_R(Clone) (UnityEngine.GameObject)
[11:50:02]Top card: Blue_R(Clone) (UnityEngine.GameObject)
[11:50:02]Top card: Blue_R(Clone) (UnityEngine.GameObject)
[11:50:02]Top card: Blue_R(Clone) (UnityEngine.GameObject)
[11:50:02]Top card: Blue_R(Clone) (UnityEngine.GameObject)
[11:50:02]Top card: Blue_R(Clone) (UnityEngine.GameObject)
[11:50:02]Top card: Blue_R(Clone) (UnityEngine.GameObject)
[11:50:02]Top card: Blue_R(Clone) (UnityEngine.GameObject)
[11:50:02]Top card: Blue_R(Clone) (UnityEngine.GameObject)
[11:50:02]Top card: Blue_R(Clone) (UnityEngine.GameObject)
[11:50:02]Top card: Blue_R(Clone) (UnityEngine.GameObject)
[11:50:02]Top card: Blue_R(Clone) (UnityEngine.GameObject)
[11:50:02]Top card: Blue_R(Clone) (UnityEngine.GameObject)
[11:50:02]Top card: Blue_R(Clone) (UnityEngine.GameObject)
[11:50:02]Top card: Blue_R(Clone) (UnityEngine.GameObject)
[11:50:02]Top card: Blue_R(Clone) (UnityEngine.GameObject)
[11:50:02]Top card: Blue_R(Clone) (UnityEngine.GameObject)
[11:50:02]Top card: Blue_R(Clone) (UnityEngine.GameObject)
[11:50:02]Top card: Blue_R(Clone) (UnityEngine.GameObject)
[11:50:02]Top card: Blue_R(Clone) (UnityEngine.GameObject)
[11:50:02]Player: played card
[11:50:02]Turns: 1
[11:50:02]DiscardCounter: 1
[11:50:02]Top card: Blue_S(Clone) (UnityEngine.GameObject)
[11:50:02]Turns: 2
[11:50:02]Top card: Blue_S(Clone) (UnityEngine.GameObject)
[11:50:02]Turns: 3
[11:50:02]Top card: Blue_S(Clone) (UnityEngine.GameObject)
[11:50:02]Turns: 0
[11:50:02]Player: played card
[11:50:02]Turns: 1
[11:50:02]DiscardCounter: 1
[11:50:02]Top card: Blue_2(Clone) (UnityEngine.GameObject)
[11:50:02]Top card: Blue_2(Clone) (UnityEngine.GameObject)
[11:50:02]Enemy 1: Yellow_R(Clone) (UnityEngine.GameObject) (Card 0) did not match
[11:50:02]Enemy 1: Green_4(Clone) (UnityEngine.GameObject) (Card 1) did not match
[11:50:02]Enemy 1: Yellow_8(Clone) (UnityEngine.GameObject) (Card 2) did not match
[11:50:02]Turns: 2
[11:50:02]Enemy 1: Played Blue_7(Clone) (UnityEngine.GameObject) (Card 3)
[11:50:02]Top card: Blue_7(Clone) (UnityEngine.GameObject)
[11:50:02]Top card: Blue_7(Clone) (UnityEngine.GameObject)
[11:50:02]Enemy 2: Yellow_1(Clone) (UnityEngine.GameObject) (Card 0) did not match
[11:50:02]Enemy 2: Green_8(Clone) (UnityEngine.GameObject) (Card 1) did not match
[11:50:02]Enemy 2: Yellow_9(Clone) (UnityEngine.GameObject) (Card 2) did not match
[11:50:02]Enemy 2: Red_8(Clone) (UnityEngine.GameObject) (Card 3) did not match
[11:50:02]Enemy 2: Red_6(Clone) (UnityEngine.GameObject) (Card 4) did not match
[11:50:02]Turns: 3
[11:50:02]Enemy 2: Played Blue_S(Clone) (UnityEngine.GameObject) (Card 5)
[11:50:02]Top card: Blue_S(Clone) (UnityEngine.GameObject)
[11:50:02]Turns: 0
[11:50:02]Player: played card
[11:50:02]Turns: 1
[11:50:02]DiscardCounter: 1
[11:50:02]Top card: Yellow_4(Clone) (UnityEngine.GameObject)
[11:50:02]Top card: Yellow_4(Clone) (UnityEngine.GameObject)
[11:50:02]Turns: 2
[11:50:02]Enemy 1: Played Yellow_R(Clone) (UnityEngine.GameObject) (Card 0)
[11:50:02]Top card: Yellow_R(Clone) (UnityEngine.GameObject)
[11:50:02]Game Reversed (Not). Continuing as normal
[11:50:02]Top card: Yellow_R(Clone) (UnityEngine.GameObject)
[11:50:02]Turns: 3
[11:50:02]Enemy 2: Played Yellow_1(Clone) (UnityEngine.GameObject) (Card 0)
[11:50:02]Top card: Yellow_1(Clone) (UnityEngine.GameObject)
[11:50:02]Top card: Yellow_1(Clone) (UnityEngine.GameObject)
[11:50:02]Enemy 3: Red_4(Clone) (UnityEngine.GameObject) (Card 0) did not match
[11:50:02]Turns: 0
[11:50:02]Enemy 3: Played Yellow_5(Clone) (UnityEngine.GameObject) (Card 1)
[11:50:02]Player: played card
[11:50:02]Turns: 1
[11:50:02]DiscardCounter: 1
[11:50:02]Top card: Red_5(Clone) (UnityEngine.GameObject)
[11:50:02]Top card: Red_5(Clone) (UnityEngine.GameObject)
[11:50:02]Enemy 1: Yellow_R(Clone) (UnityEngine.GameObject) (Card 0) did not match
[11:50:02]Enemy 1: Green_4(Clone) (UnityEngine.GameObject) (Card 1) did not match
[11:50:02]Enemy 1: Yellow_8(Clone) (UnityEngine.GameObject) (Card 2) did not match
[11:50:02]Enemy 1: Blue_7(Clone) (UnityEngine.GameObject) (Card 3) did not match
[11:50:02]Enemy 1: Yellow_2(Clone) (UnityEngine.GameObject) (Card 4) did not match
[11:50:02]Enemy 1: Green_1(Clone) (UnityEngine.GameObject) (Card 5) did not match
[11:50:02]Blue_S(Clone) (UnityEngine.GameObject)
[11:50:02]Enemy 1: Drew Blue_S(Clone) (UnityEngine.GameObject)
[11:50:02]Enemy 1: Drew 1 cards
[11:50:02]Enemy 1: Does not have a match
[11:50:02]Top card: Red_5(Clone) (UnityEngine.GameObject)
[11:50:02]Enemy 1: Yellow_R(Clone) (UnityEngine.GameObject) (Card 0) did not match
[11:50:02]Enemy 1: Green_4(Clone) (UnityEngine.GameObject) (Card 1) did not match
[11:50:02]Enemy 1: Yellow_8(Clone) (UnityEngine.GameObject) (Card 2) did not match
[11:50:02]Enemy 1: Blue_7(Clone) (UnityEngine.GameObject) (Card 3) did not match
[11:50:02]Enemy 1: Yellow_2(Clone) (UnityEngine.GameObject) (Card 4) did not match
[11:50:02]Enemy 1: Green_1(Clone) (UnityEngine.GameObject) (Card 5) did not match
[11:50:02]Enemy 1: Green_6(Clone) (UnityEngine.GameObject) (Card 6) did not match
[11:50:02]Green_D(Clone) (UnityEngine.GameObject)
[11:50:02]Enemy 1: Drew Green_D(Clone) (UnityEngine.GameObject)
[11:50:02]Enemy 1: Drew 1 cards
[11:50:02]Enemy 1: Does not have a match
[11:50:02]Top card: Red_5(Clone) (UnityEngine.GameObject)
[11:50:02]Enemy 1: Yellow_R(Clone) (UnityEngine.GameObject) (Card 0) did not match
[11:50:02]Enemy 1: Green_4(Clone) (UnityEngine.GameObject) (Card 1) did not match
[11:50:02]Enemy 1: Yellow_8(Clone) (UnityEngine.GameObject) (Card 2) did not match
[11:50:02]Enemy 1: Blue_7(Clone) (UnityEngine.GameObject) (Card 3) did not match
[11:50:02]Enemy 1: Yellow_2(Clone) (UnityEngine.GameObject) (Card 4) did not match
[11:50:02]Enemy 1: Green_1(Clone) (UnityEngine.GameObject) (Card 5) did not match
[11:50:02]Enemy 1: Green_6(Clone) (UnityEngine.GameObject) (Card 6) did not match
[11:50:02]Enemy 1: Blue_S(Clone) (UnityEngine.GameObject) (Card 7) did not match
[11:50:02]Blue_5(Clone) (UnityEngine.GameObject)
[11:50:02]Enemy 1: Drew Blue_5(Clone) (UnityEngine.GameObject)
[11:50:02]Enemy 1: Drew 1 cards
[11:50:02]Enemy 1: Does not have a match
[11:50:02]Top card: Red_5(Clone) (UnityEngine.GameObject)
[11:50:02]Enemy 1: Yellow_R(Clone) (UnityEngine.GameObject) (Card 0) did not match
[11:50:02]Enemy 1: Green_4(Clone) (UnityEngine.GameObject) (Card 1) did not match
[11:50:02]Enemy 1: Yellow_8(Clone) (UnityEngine.GameObject) (Card 2) did not match
[11:50:02]Enemy 1: Blue_7(Clone) (UnityEngine.GameObject) (Card 3) did not match
[11:50:02]Enemy 1: Yellow_2(Clone) (UnityEngine.GameObject) (Card 4) did not match
[11:50:02]Enemy 1: Green_1(Clone) (UnityEngine.GameObject) (Card 5) did not match
[11:50:02]Enemy 1: Green_6(Clone) (UnityEngine.GameObject) (Card 6) did not match
[11:50:02]Enemy 1: Blue_S(Clone) (UnityEngine.GameObject) (Card 7) did not match
[11:50:02]Enemy 1: Green_D(Clone) (UnityEngine.GameObject) (Card 8) did not match
[11:50:02]Turns: 2
[11:50:02]Enemy 1: Played Blue_5(Clone) (UnityEngine.GameObject) (Card 9)
[11:50:02]Turns: 3
[11:50:02]Turns: 4
[11:50:02]Turns: 5
[05:14:44] Top card: 
[05:14:44] Delt cards
[05:14:44] Top card: Yellow_6(Clone) (UnityEngine.GameObject)
[05:14:44] Top card: Yellow_6(Clone) (UnityEngine.GameObject)
[05:14:44] Top card: Yellow_6(Clone) (UnityEngine.GameObject)
[05:14:44] Top card: Yellow_6(Clone) (UnityEngine.GameObject)
[05:14:44] Top card: Yellow_6(Clone) (UnityEngine.GameObject)
[05:14:44] Top card: Yellow_6(Clone) (UnityEngine.GameObject)
[05:14:44] Top card: Yellow_6(Clone) (UnityEngine.GameObject)
[05:14:44] Top card: Yellow_6(Clone) (UnityEngine.GameObject)
[05:14:44] Top card: Yellow_6(Clone) (UnityEngine.GameObject)
[05:14:44] Top card: Yellow_6(Clone) (UnityEngine.GameObject)
[05:14:44] Top card: Yellow_6(Clone) (UnityEngine.GameObject)
[05:14:44] Top card: Yellow_6(Clone) (UnityEngine.GameObject)
[05:14:44] Top card: Yellow_6(Clone) (UnityEngine.GameObject)
[05:14:44] Top card: Yellow_6(Clone) (UnityEngine.GameObject)
[05:14:44] Top card: Yellow_6(Clone) (UnityEngine.GameObject)
[05:14:44] Top card: Yellow_6(Clone) (UnityEngine.GameObject)
[05:14:44] Top card: Yellow_6(Clone) (UnityEngine.GameObject)
[05:14:44] Top card: Yellow_6(Clone) (UnityEngine.GameObject)
[05:14:44] Top card: Yellow_6(Clone) (UnityEngine.GameObject)
[05:14:44] Top card: Yellow_6(Clone) (UnityEngine.GameObject)
[05:14:44] Top card: Yellow_6(Clone) (UnityEngine.GameObject)
[05:14:44] Top card: Yellow_6(Clone) (UnityEngine.GameObject)
[05:14:44] Top card: Yellow_6(Clone) (UnityEngine.GameObject)
[05:14:44] Top card: Yellow_6(Clone) (UnityEngine.GameObject)
[05:14:44] Top card: Yellow_6(Clone) (UnityEngine.GameObject)
[05:14:44] Top card: Yellow_6(Clone) (UnityEngine.GameObject)
[05:14:44] Top card: Yellow_6(Clone) (UnityEngine.GameObject)
[05:14:44] Top card: Yellow_6(Clone) (UnityEngine.GameObject)
[05:14:44] Turns: 1
[05:14:44] Player: played card
[05:14:44] Turns: 1
[05:14:44] DiscardCounter: 1
[05:14:44] Top card: Green_R(Clone) (UnityEngine.GameObject)
[05:14:44] Top card: Green_R(Clone) (UnityEngine.GameObject)
[05:14:44] Enemy 1: Blue_0(Clone) (UnityEngine.GameObject) (Card 0) did not match
[05:14:44] Enemy 1: Red_9(Clone) (UnityEngine.GameObject) (Card 1) did not match
[05:14:44] Enemy 1: Played Green_1(Clone) (UnityEngine.GameObject) (Card 2)
[05:14:44] Turns: 0
[05:14:44] IsReversed: True
[05:14:44] Top card: Green_1(Clone) (UnityEngine.GameObject)
[05:14:44] Enemy 1: Blue_0(Clone) (UnityEngine.GameObject) (Card 0) did not match
[05:14:44] Enemy 1: Red_9(Clone) (UnityEngine.GameObject) (Card 1) did not match
[05:14:44] Enemy 1: Played Green_1(Clone) (UnityEngine.GameObject) (Card 2)
[05:14:44] Turns: 1
[05:14:44] IsReversed: False
[05:14:44] Game Reversed (Not). Continuing as normal
[05:14:44] Top card: Green_1(Clone) (UnityEngine.GameObject)
[05:14:44] Top card: Green_1(Clone) (UnityEngine.GameObject)
[05:14:44] Enemy 1: Blue_0(Clone) (UnityEngine.GameObject) (Card 0) did not match
[05:14:44] Enemy 1: Red_9(Clone) (UnityEngine.GameObject) (Card 1) did not match
[05:14:44] Enemy 1: Played Green_1(Clone) (UnityEngine.GameObject) (Card 2)
[05:14:44] Turns: 2
[05:14:44] Top card: Green_1(Clone) (UnityEngine.GameObject)
[05:14:44] Top card: Green_1(Clone) (UnityEngine.GameObject)
[05:14:44] Enemy 2: Yellow_R(Clone) (UnityEngine.GameObject) (Card 0) did not match
[05:14:44] Enemy 2: Blue_S(Clone) (UnityEngine.GameObject) (Card 1) did not match
[05:14:44] Enemy 2: Yellow_6(Clone) (UnityEngine.GameObject) (Card 2) did not match
[05:14:44] Enemy 2: Yellow_2(Clone) (UnityEngine.GameObject) (Card 3) did not match
[05:14:44] Enemy 2: Played Green_D(Clone) (UnityEngine.GameObject) (Card 4)
[05:14:44] Turns: 3
[05:14:44] Top card: Green_D(Clone) (UnityEngine.GameObject)
[05:14:44] Yellow_2(Clone) (UnityEngine.GameObject)
[05:14:44] Top card: Green_D(Clone) (UnityEngine.GameObject)
[05:14:44] Yellow_2(Clone) (UnityEngine.GameObject)
[05:14:44] Top card: Green_D(Clone) (UnityEngine.GameObject)
[05:14:44] Yellow_2(Clone) (UnityEngine.GameObject)
[05:14:44] Top card: Green_D(Clone) (UnityEngine.GameObject)
[05:14:44] Yellow_2(Clone) (UnityEngine.GameObject)
[05:14:44] Top card: Green_D(Clone) (UnityEngine.GameObject)
[05:14:44] Yellow_2(Clone) (UnityEngine.GameObject)
[05:14:44] Top card: Green_D(Clone) (UnityEngine.GameObject)
[05:14:44] Yellow_2(Clone) (UnityEngine.GameObject)
[05:14:44] Top card: Green_D(Clone) (UnityEngine.GameObject)
[05:14:44] Yellow_2(Clone) (UnityEngine.GameObject)
[05:14:44] Top card: Green_D(Clone) (UnityEngine.GameObject)
[05:14:44] Yellow_2(Clone) (UnityEngine.GameObject)
[05:14:44] Top card: Green_D(Clone) (UnityEngine.GameObject)
[05:14:44] Yellow_2(Clone) (UnityEngine.GameObject)
[05:14:44] Top card: Green_D(Clone) (UnityEngine.GameObject)
[05:14:44] Yellow_2(Clone) (UnityEngine.GameObject)
[05:14:44] Top card: Green_D(Clone) (UnityEngine.GameObject)
[05:14:44] Yellow_2(Clone) (UnityEngine.GameObject)
[05:14:44] Top card: Green_D(Clone) (UnityEngine.GameObject)
[05:14:44] Yellow_2(Clone) (UnityEngine.GameObject)
[05:14:44] Top card: Green_D(Clone) (UnityEngine.GameObject)
[05:14:44] Yellow_2(Clone) (UnityEngine.GameObject)
[05:14:44] Top card: Green_D(Clone) (UnityEngine.GameObject)
[05:14:44] Yellow_2(Clone) (UnityEngine.GameObject)
[05:14:44] Top card: Green_D(Clone) (UnityEngine.GameObject)
[05:14:44] Yellow_2(Clone) (UnityEngine.GameObject)
[05:14:44] Top card: Green_D(Clone) (UnityEngine.GameObject)
[05:14:44] Yellow_2(Clone) (UnityEngine.GameObject)
[05:14:44] Top card: Green_D(Clone) (UnityEngine.GameObject)
[05:14:44] Yellow_2(Clone) (UnityEngine.GameObject)
[05:14:44] Top card: Green_D(Clone) (UnityEngine.GameObject)
[05:14:44] Yellow_2(Clone) (UnityEngine.GameObject)
[05:14:44] Top card: Green_D(Clone) (UnityEngine.GameObject)
[05:14:44] Yellow_2(Clone) (UnityEngine.GameObject)
[05:14:44] Top card: Green_D(Clone) (UnityEngine.GameObject)
[05:14:44] Yellow_2(Clone) (UnityEngine.GameObject)
[05:14:44] Top card: Green_D(Clone) (UnityEngine.GameObject)
[05:14:44] Yellow_2(Clone) (UnityEngine.GameObject)
[05:14:44] Top card: Green_D(Clone) (UnityEngine.GameObject)
[05:14:44] Yellow_2(Clone) (UnityEngine.GameObject)
[05:14:44] Top card: Green_D(Clone) (UnityEngine.GameObject)
[05:14:44] Yellow_2(Clone) (UnityEngine.GameObject)
[05:14:44] Top card: Green_D(Clone) (UnityEngine.GameObject)
[05:14:44] Yellow_2(Clone) (UnityEngine.GameObject)
[05:14:44] Top card: Green_D(Clone) (UnityEngine.GameObject)
[05:14:44] Yellow_2(Clone) (UnityEngine.GameObject)
[05:14:44] Top card: Green_D(Clone) (UnityEngine.GameObject)
[05:14:44] Yellow_2(Clone) (UnityEngine.GameObject)
[05:14:44] Top card: Green_D(Clone) (UnityEngine.GameObject)
[05:14:44] Yellow_2(Clone) (UnityEngine.GameObject)
[05:14:44] Top card: Green_D(Clone) (UnityEngine.GameObject)
[05:14:44] Yellow_2(Clone) (UnityEngine.GameObject)
[05:14:44] Top card: Green_D(Clone) (UnityEngine.GameObject)
[05:14:44] Yellow_2(Clone) (UnityEngine.GameObject)
[05:14:44] Enemy 3: Drew Yellow_2(Clone) (UnityEngine.GameObject)
[05:14:44] CardW4(Clone) (UnityEngine.GameObject)
[05:14:44] Enemy 3: Drew CardW4(Clone) (UnityEngine.GameObject)
[05:14:44] Enemy 3: Drew 2 cards
[05:14:44] Skipped Enemy 3
