[10:17:12] Top card: 
[10:17:12] Delt cards
[10:17:12] Player: Played Red_8
[10:17:12] Turns: 1
[10:17:12] Turns: 1
[10:17:12] Top card: Red_8(Clone) (UnityEngine.GameObject)
[10:17:12] Top card: Red_8(Clone) (CardProperties)
[10:17:12] Enemy 1: Yellow_9(Clone) (UnityEngine.GameObject) (Card 0) did not match
[10:17:12] Enemy 1: Yellow_3(Clone) (UnityEngine.GameObject) (Card 1) did not match
[10:17:12] Enemy 1: Blue_9(Clone) (UnityEngine.GameObject) (Card 2) did not match
[10:17:12] Enemy 1: Green_0(Clone) (UnityEngine.GameObject) (Card 3) did not match
[10:17:12] Enemy 1: Green_S(Clone) (UnityEngine.GameObject) (Card 4) did not match
[10:17:12] Enemy 1: Played Red_D(Clone) (UnityEngine.GameObject) (Card 5)
[10:17:12] Turns: 2
[10:17:12] Top card: Red_D(Clone) (UnityEngine.GameObject)
[10:17:12] Top Deck Card:Blue_2(Clone) (UnityEngine.GameObject)
[10:17:12] Enemy 2: Drew Blue_2(Clone) (UnityEngine.GameObject)
[10:17:12] Top Deck Card:Green_1(Clone) (UnityEngine.GameObject)
[10:17:12] Enemy 2: Drew Green_1(Clone) (UnityEngine.GameObject)
[10:17:12] Enemy 2: Drew 2 cards
[10:17:12] Skipped Enemy 2
[10:17:12] Top card: Red_D(Clone) (UnityEngine.GameObject)
[10:17:12] Top card: Red_D(Clone) (CardProperties)
[10:17:12] Enemy 3: Played Red_6(Clone) (UnityEngine.GameObject) (Card 0)
[10:17:12] Turns: 0
[10:17:12] Player: Played Red_5
[10:17:12] Turns: 1
[10:17:12] Turns: 1
[10:17:12] Top card: Red_5(Clone) (UnityEngine.GameObject)
[10:17:12] Top card: Red_5(Clone) (CardProperties)
[10:17:12] Enemy 1: Yellow_9(Clone) (UnityEngine.GameObject) (Card 0) did not match
[10:17:12] Enemy 1: Yellow_3(Clone) (UnityEngine.GameObject) (Card 1) did not match
[10:17:12] Enemy 1: Blue_9(Clone) (UnityEngine.GameObject) (Card 2) did not match
[10:17:12] Enemy 1: Green_0(Clone) (UnityEngine.GameObject) (Card 3) did not match
[10:17:12] Enemy 1: Green_S(Clone) (UnityEngine.GameObject) (Card 4) did not match
[10:17:12] Enemy 1: Blue_S(Clone) (UnityEngine.GameObject) (Card 5) did not match
[10:17:12] HasFoundMatch = False
[10:17:12] Top Deck Card:Yellow_6(Clone) (UnityEngine.GameObject)
[10:17:12] Enemy 1: Drew Yellow_6(Clone) (UnityEngine.GameObject)
[10:17:12] Enemy 1: Drew 1 cards
[10:17:12] Turns: 2
[10:17:12] Top card: Red_5(Clone) (UnityEngine.GameObject)
[10:17:12] Top card: Red_5(Clone) (CardProperties)
[10:17:12] Enemy 2: Blue_8(Clone) (UnityEngine.GameObject) (Card 0) did not match
[10:17:12] Enemy 2: Yellow_2(Clone) (UnityEngine.GameObject) (Card 1) did not match
[10:17:12] Enemy 2: Played Red_1(Clone) (UnityEngine.GameObject) (Card 2)
[10:17:12] Turns: 3
[10:17:12] Top card: Red_1(Clone) (UnityEngine.GameObject)
[10:17:12] Top card: Red_1(Clone) (CardProperties)
[10:17:12] Enemy 3: Yellow_9(Clone) (UnityEngine.GameObject) (Card 0) did not match
[10:17:12] Enemy 3: Green_6(Clone) (UnityEngine.GameObject) (Card 1) did not match
[10:17:12] Enemy 3: Blue_5(Clone) (UnityEngine.GameObject) (Card 2) did not match
[10:17:12] Enemy 3: Yellow_0(Clone) (UnityEngine.GameObject) (Card 3) did not match
[10:17:12] Enemy 3: Yellow_8(Clone) (UnityEngine.GameObject) (Card 4) did not match
[10:17:12] Enemy 3: Yellow_7(Clone) (UnityEngine.GameObject) (Card 5) did not match
[10:17:12] HasFoundMatch = False
[10:17:12] Top Deck Card:Yellow_4(Clone) (UnityEngine.GameObject)
[10:17:12] Enemy 3: Drew Yellow_4(Clone) (UnityEngine.GameObject)
[10:17:12] Enemy 3: Drew 1 cards
[10:17:12] Turns: 0
[10:17:12] Player: Played Yellow_6
[10:17:12] Turns: 1
[10:17:12] Turns: 1
[10:17:12] Top card: Yellow_6(Clone) (UnityEngine.GameObject)
[10:17:12] Top card: Yellow_6(Clone) (CardProperties)
[10:17:12] Enemy 1: Played Yellow_9(Clone) (UnityEngine.GameObject) (Card 0)
[10:17:12] Turns: 2
[10:17:12] Top card: Yellow_9(Clone) (UnityEngine.GameObject)
[10:17:12] Top card: Yellow_9(Clone) (CardProperties)
[10:17:12] Enemy 2: Blue_8(Clone) (UnityEngine.GameObject) (Card 0) did not match
[10:17:12] Enemy 2: Played Yellow_2(Clone) (UnityEngine.GameObject) (Card 1)
[10:17:12] Turns: 3
[10:17:12] Top card: Yellow_2(Clone) (UnityEngine.GameObject)
[10:17:12] Top card: Yellow_2(Clone) (CardProperties)
[10:17:12] Enemy 3: Played Yellow_9(Clone) (UnityEngine.GameObject) (Card 0)
[10:17:12] Turns: 0
[10:17:12] Player: Played Blue_6
[10:17:12] Turns: 1
[10:17:12] Turns: 1
[10:17:12] Top card: Blue_6(Clone) (UnityEngine.GameObject)
[10:17:12] Top card: Blue_6(Clone) (CardProperties)
[10:17:12] Enemy 1: Yellow_3(Clone) (UnityEngine.GameObject) (Card 0) did not match
[10:17:12] Enemy 1: Played Blue_9(Clone) (UnityEngine.GameObject) (Card 1)
[10:17:12] Turns: 2
[10:17:12] Top card: Blue_9(Clone) (UnityEngine.GameObject)
[10:17:12] Top card: Blue_9(Clone) (CardProperties)
[10:17:12] Enemy 2: Played Blue_8(Clone) (UnityEngine.GameObject) (Card 0)
[10:17:12] Turns: 3
[10:17:12] Top card: Blue_8(Clone) (UnityEngine.GameObject)
[10:17:12] Top card: Blue_8(Clone) (CardProperties)
[10:17:12] Enemy 3: Green_6(Clone) (UnityEngine.GameObject) (Card 0) did not match
[10:17:12] Enemy 3: Played Blue_5(Clone) (UnityEngine.GameObject) (Card 1)
[10:17:12] Turns: 0
[10:17:12] Player: Played Blue_7
[10:17:12] Turns: 1
[10:17:12] Turns: 1
[10:17:12] Top card: Blue_7(Clone) (UnityEngine.GameObject)
[10:17:12] Top card: Blue_7(Clone) (CardProperties)
[10:17:12] Enemy 1: Yellow_3(Clone) (UnityEngine.GameObject) (Card 0) did not match
[10:17:12] Enemy 1: Green_0(Clone) (UnityEngine.GameObject) (Card 1) did not match
[10:17:12] Enemy 1: Green_S(Clone) (UnityEngine.GameObject) (Card 2) did not match
[10:17:12] Enemy 1: Played Blue_S(Clone) (UnityEngine.GameObject) (Card 3)
[10:17:12] Turns: 2
[10:17:12] Top card: Blue_S(Clone) (UnityEngine.GameObject)
[10:17:12] Skipped Enemy 2
[10:17:12] Top card: Blue_S(Clone) (UnityEngine.GameObject)
[10:17:12] Top card: Blue_S(Clone) (CardProperties)
[10:17:12] Enemy 3: Green_6(Clone) (UnityEngine.GameObject) (Card 0) did not match
[10:17:12] Enemy 3: Yellow_0(Clone) (UnityEngine.GameObject) (Card 1) did not match
[10:17:12] Enemy 3: Yellow_8(Clone) (UnityEngine.GameObject) (Card 2) did not match
[10:17:12] Enemy 3: Yellow_7(Clone) (UnityEngine.GameObject) (Card 3) did not match
[10:17:12] Enemy 3: Yellow_4(Clone) (UnityEngine.GameObject) (Card 4) did not match
[10:17:12] HasFoundMatch = False
[10:17:12] Top Deck Card:Yellow_S(Clone) (UnityEngine.GameObject)
[10:17:12] Enemy 3: Drew Yellow_S(Clone) (UnityEngine.GameObject)
[10:17:12] Enemy 3: Drew 1 cards
[10:17:12] Turns: 0
