[09:54:13] Player received: Red_5(Clone)
[09:54:13] Enemy1 received: Red_9(Clone)
[09:54:13] Enemy2 received: Green_6(Clone)
[09:54:13] Enemy3 received: Green_3(Clone)
[09:54:13] Player received: Yellow_6(Clone)
[09:54:13] Enemy1 received: CardW4(Clone)
[09:54:13] Enemy2 received: Yellow_D(Clone)
[09:54:13] Enemy3 received: Green_S(Clone)
[09:54:13] Player received: Blue_5(Clone)
[09:54:13] Enemy1 received: CardW4(Clone)
[09:54:13] Enemy2 received: Blue_S(Clone)
[09:54:13] Enemy3 received: CardW(Clone)
[09:54:13] Player received: Green_R(Clone)
[09:54:13] Enemy1 received: Blue_8(Clone)
[09:54:13] Enemy2 received: Green_2(Clone)
[09:54:13] Enemy3 received: CardW4(Clone)
[09:54:13] Player received: Yellow_3(Clone)
[09:54:13] Enemy1 received: Red_6(Clone)
[09:54:13] Enemy2 received: Red_4(Clone)
[09:54:13] Enemy3 received: Blue_7(Clone)
[09:54:13] Player received: Blue_D(Clone)
[09:54:13] Enemy1 received: Yellow_0(Clone)
[09:54:13] Enemy2 received: Blue_D(Clone)
[09:54:13] Enemy3 received: Yellow_D(Clone)
[09:54:13] Player received: CardW(Clone)
[09:54:13] Enemy1 received: Green_D(Clone)
[09:54:13] Enemy2 received: Red_5(Clone)
[09:54:13] Enemy3 received: Green_4(Clone)
[09:54:13] DiscardPile received: Yellow_3(Clone)
[09:54:13] Used PlayerLogic
[09:54:13] Dealt cards
