[03:10:31] Top card: 
[03:10:31] Delt cards
[03:10:31] Top card: Yellow_1(Clone) (UnityEngine.GameObject)
[03:10:31] Top card: Yellow_1(Clone) (UnityEngine.GameObject)
[03:10:31] Top card: Yellow_1(Clone) (UnityEngine.GameObject)
[03:10:31] Top card: Yellow_1(Clone) (UnityEngine.GameObject)
[03:10:31] Top card: Yellow_1(Clone) (UnityEngine.GameObject)
[03:10:31] Top card: Yellow_1(Clone) (UnityEngine.GameObject)
[03:10:31] Top card: Yellow_1(Clone) (UnityEngine.GameObject)
[03:10:31] Top card: Yellow_1(Clone) (UnityEngine.GameObject)
[03:10:31] Top card: Yellow_1(Clone) (UnityEngine.GameObject)
[03:10:31] Top card: Yellow_1(Clone) (UnityEngine.GameObject)
[03:10:31] Top card: Yellow_1(Clone) (UnityEngine.GameObject)
[03:10:31] Top card: Yellow_1(Clone) (UnityEngine.GameObject)
[03:10:31] Top card: Yellow_1(Clone) (UnityEngine.GameObject)
[03:10:31] Top card: Yellow_1(Clone) (UnityEngine.GameObject)
[03:10:31] Top card: Yellow_1(Clone) (UnityEngine.GameObject)
[03:10:31] Top card: Yellow_1(Clone) (UnityEngine.GameObject)
[03:10:31] Top card: Yellow_1(Clone) (UnityEngine.GameObject)
[03:10:31] Top card: Yellow_1(Clone) (UnityEngine.GameObject)
[03:10:31] Top card: Yellow_1(Clone) (UnityEngine.GameObject)
[03:10:31] Top card: Yellow_1(Clone) (UnityEngine.GameObject)
[03:10:31] Top card: Yellow_1(Clone) (UnityEngine.GameObject)
[03:10:31] Top card: Yellow_1(Clone) (UnityEngine.GameObject)
[03:10:31] Top card: Yellow_1(Clone) (UnityEngine.GameObject)
[03:10:31] Top card: Yellow_1(Clone) (UnityEngine.GameObject)
[03:10:31] Top card: Yellow_1(Clone) (UnityEngine.GameObject)
[03:10:31] Top card: Yellow_1(Clone) (UnityEngine.GameObject)
[03:10:31] Top card: Yellow_1(Clone) (UnityEngine.GameObject)
[03:10:31] Top card: Yellow_1(Clone) (UnityEngine.GameObject)
[03:10:31] Turns: 1
[03:10:31] Player: Played Yellow_5(Clone) (UnityEngine.GameObject)
[03:10:31] Turns: 1
[03:10:31] DiscardCounter: 1
[03:10:31] Top card: Yellow_5(Clone) (UnityEngine.GameObject)
[03:10:31] Top card: Yellow_5(Clone) (UnityEngine.GameObject)
[03:10:31] Enemy 1: Green_7(Clone) (UnityEngine.GameObject) (Card 0) did not match
[03:10:31] Enemy 1: Blue_S(Clone) (UnityEngine.GameObject) (Card 1) did not match
[03:10:31] Enemy 1: Played Yellow_D(Clone) (UnityEngine.GameObject) (Card 2)
[03:10:31] Turns: 2
[03:10:31] Top card: Yellow_D(Clone) (UnityEngine.GameObject)
[03:10:31] Top Deck Card:Red_R(Clone) (UnityEngine.GameObject)
[03:10:31] Enemy 2: Drew Red_R(Clone) (UnityEngine.GameObject)
[03:10:31] Top Deck Card:Red_1(Clone) (UnityEngine.GameObject)
[03:10:31] Enemy 2: Drew Red_1(Clone) (UnityEngine.GameObject)
[03:10:31] Enemy 2: Drew 2 cards
[03:10:31] Skipped Enemy 2
[03:10:31] Top card: Yellow_D(Clone) (UnityEngine.GameObject)
[03:10:31] Top card: Yellow_D(Clone) (UnityEngine.GameObject)
[03:10:31] Enemy 3: Played Yellow_4(Clone) (UnityEngine.GameObject) (Card 0)
[03:10:31] Turns: 0
[03:10:31] Turns: 1
[03:10:31] Player: Played Yellow_1(Clone) (UnityEngine.GameObject)
[03:10:31] Turns: 1
[03:10:31] DiscardCounter: 1
[03:10:31] Top card: Yellow_1(Clone) (UnityEngine.GameObject)
[03:10:31] Top card: Yellow_1(Clone) (UnityEngine.GameObject)
[03:10:31] Enemy 1: Green_7(Clone) (UnityEngine.GameObject) (Card 0) did not match
[03:10:31] Enemy 1: Blue_S(Clone) (UnityEngine.GameObject) (Card 1) did not match
[03:10:31] Enemy 1: Blue_0(Clone) (UnityEngine.GameObject) (Card 2) did not match
[03:10:31] Enemy 1: Green_5(Clone) (UnityEngine.GameObject) (Card 3) did not match
[03:10:31] Enemy 1: Blue_S(Clone) (UnityEngine.GameObject) (Card 4) did not match
[03:10:31] Top Deck Card:CardW(Clone) (UnityEngine.GameObject)
[03:10:31] Enemy 1: Drew CardW(Clone) (UnityEngine.GameObject)
[03:10:31] Enemy 1: Drew 1 cards
[03:10:31] Enemy 1: Does not have a match
[03:10:31] Top card: Yellow_1(Clone) (UnityEngine.GameObject)
[03:10:31] Enemy 1: Green_7(Clone) (UnityEngine.GameObject) (Card 0) did not match
[03:10:31] Enemy 1: Blue_S(Clone) (UnityEngine.GameObject) (Card 1) did not match
[03:10:31] Enemy 1: Blue_0(Clone) (UnityEngine.GameObject) (Card 2) did not match
[03:10:31] Enemy 1: Green_5(Clone) (UnityEngine.GameObject) (Card 3) did not match
[03:10:31] Enemy 1: Blue_S(Clone) (UnityEngine.GameObject) (Card 4) did not match
[03:10:31] Enemy 1: Red_5(Clone) (UnityEngine.GameObject) (Card 5) did not match
[03:10:31] Top Deck Card:Blue_9(Clone) (UnityEngine.GameObject)
[03:10:31] Enemy 1: Drew Blue_9(Clone) (UnityEngine.GameObject)
[03:10:31] Enemy 1: Drew 1 cards
[03:10:31] Enemy 1: Does not have a match
[03:10:31] Top card: Yellow_1(Clone) (UnityEngine.GameObject)
[03:10:31] Enemy 1: Green_7(Clone) (UnityEngine.GameObject) (Card 0) did not match
[03:10:31] Enemy 1: Blue_S(Clone) (UnityEngine.GameObject) (Card 1) did not match
[03:10:31] Enemy 1: Blue_0(Clone) (UnityEngine.GameObject) (Card 2) did not match
[03:10:31] Enemy 1: Green_5(Clone) (UnityEngine.GameObject) (Card 3) did not match
[03:10:31] Enemy 1: Blue_S(Clone) (UnityEngine.GameObject) (Card 4) did not match
[03:10:31] Enemy 1: Red_5(Clone) (UnityEngine.GameObject) (Card 5) did not match
[03:10:31] Enemy 1: CardW(Clone) (UnityEngine.GameObject) (Card 6) did not match
[03:10:31] Top Deck Card:Blue_R(Clone) (UnityEngine.GameObject)
[03:10:31] Enemy 1: Drew Blue_R(Clone) (UnityEngine.GameObject)
[03:10:31] Enemy 1: Drew 1 cards
[03:10:31] Enemy 1: Does not have a match
[03:10:31] Top card: Yellow_1(Clone) (UnityEngine.GameObject)
[03:10:31] Enemy 1: Green_7(Clone) (UnityEngine.GameObject) (Card 0) did not match
[03:10:31] Enemy 1: Blue_S(Clone) (UnityEngine.GameObject) (Card 1) did not match
[03:10:31] Enemy 1: Blue_0(Clone) (UnityEngine.GameObject) (Card 2) did not match
[03:10:31] Enemy 1: Green_5(Clone) (UnityEngine.GameObject) (Card 3) did not match
[03:10:31] Enemy 1: Blue_S(Clone) (UnityEngine.GameObject) (Card 4) did not match
[03:10:31] Enemy 1: Red_5(Clone) (UnityEngine.GameObject) (Card 5) did not match
[03:10:31] Enemy 1: CardW(Clone) (UnityEngine.GameObject) (Card 6) did not match
[03:10:31] Enemy 1: Blue_9(Clone) (UnityEngine.GameObject) (Card 7) did not match
[03:10:31] Top Deck Card:Green_1(Clone) (UnityEngine.GameObject)
[03:10:31] Enemy 1: Drew Green_1(Clone) (UnityEngine.GameObject)
[03:10:31] Enemy 1: Drew 1 cards
[03:10:31] Enemy 1: Does not have a match
[03:10:31] Top card: Yellow_1(Clone) (UnityEngine.GameObject)
[03:10:31] Enemy 1: Green_7(Clone) (UnityEngine.GameObject) (Card 0) did not match
[03:10:31] Enemy 1: Blue_S(Clone) (UnityEngine.GameObject) (Card 1) did not match
[03:10:31] Enemy 1: Blue_0(Clone) (UnityEngine.GameObject) (Card 2) did not match
[03:10:31] Enemy 1: Green_5(Clone) (UnityEngine.GameObject) (Card 3) did not match
[03:10:31] Enemy 1: Blue_S(Clone) (UnityEngine.GameObject) (Card 4) did not match
[03:10:31] Enemy 1: Red_5(Clone) (UnityEngine.GameObject) (Card 5) did not match
[03:10:31] Enemy 1: CardW(Clone) (UnityEngine.GameObject) (Card 6) did not match
[03:10:31] Enemy 1: Blue_9(Clone) (UnityEngine.GameObject) (Card 7) did not match
[03:10:31] Enemy 1: Blue_R(Clone) (UnityEngine.GameObject) (Card 8) did not match
[03:10:31] Enemy 1: Played Green_1(Clone) (UnityEngine.GameObject) (Card 9)
[03:10:31] Turns: 2
[03:10:31] Turns: 3
[03:10:31] Turns: 4
[03:10:31] Turns: 5
[03:10:31] Turns: 6
[10:31:40] Top card: 
[10:31:40] Delt cards
