[12:15:07]Top card: 
[12:15:07]Top card: Blue_8(Clone) (UnityEngine.GameObject)
[12:15:07]Top card: Blue_8(Clone) (UnityEngine.GameObject)
[12:15:07]Top card: Blue_8(Clone) (UnityEngine.GameObject)
[12:15:07]Top card: Blue_8(Clone) (UnityEngine.GameObject)
[12:15:07]Top card: Blue_8(Clone) (UnityEngine.GameObject)
[12:15:07]Top card: Blue_8(Clone) (UnityEngine.GameObject)
[12:15:07]Top card: Blue_8(Clone) (UnityEngine.GameObject)
[12:15:07]Top card: Blue_8(Clone) (UnityEngine.GameObject)
[12:15:07]Top card: Blue_8(Clone) (UnityEngine.GameObject)
[12:15:07]Top card: Blue_8(Clone) (UnityEngine.GameObject)
[12:15:07]Top card: Blue_8(Clone) (UnityEngine.GameObject)
[12:15:07]Top card: Blue_8(Clone) (UnityEngine.GameObject)
[12:15:07]Top card: Blue_8(Clone) (UnityEngine.GameObject)
[12:15:07]Top card: Blue_8(Clone) (UnityEngine.GameObject)
[12:15:07]Top card: Blue_8(Clone) (UnityEngine.GameObject)
[12:15:07]Top card: Blue_8(Clone) (UnityEngine.GameObject)
[12:15:07]Top card: Blue_8(Clone) (UnityEngine.GameObject)
[12:15:07]Top card: Blue_8(Clone) (UnityEngine.GameObject)
[12:15:07]Top card: Blue_8(Clone) (UnityEngine.GameObject)
[12:15:07]Top card: Blue_8(Clone) (UnityEngine.GameObject)
[12:15:07]Top card: Blue_8(Clone) (UnityEngine.GameObject)
[12:15:07]Top card: Blue_8(Clone) (UnityEngine.GameObject)
[12:15:07]Top card: Blue_8(Clone) (UnityEngine.GameObject)
[12:15:07]Top card: Blue_8(Clone) (UnityEngine.GameObject)
[12:15:07]Top card: Blue_8(Clone) (UnityEngine.GameObject)
[12:15:07]Top card: Blue_8(Clone) (UnityEngine.GameObject)
[12:15:07]Top card: Blue_8(Clone) (UnityEngine.GameObject)
[12:15:07]Top card: Blue_8(Clone) (UnityEngine.GameObject)
[12:15:07]Player: played card
[12:15:07]Turns: 1
[12:15:07]DiscardCounter: 1
[12:15:07]Top card: Blue_D(Clone) (UnityEngine.GameObject)
[12:15:07]Yellow_9(Clone) (UnityEngine.GameObject)
[12:15:07]Enemy 1: Drew Yellow_9(Clone) (UnityEngine.GameObject)
[12:15:07]Red_5(Clone) (UnityEngine.GameObject)
[12:15:07]Enemy 1: Drew Red_5(Clone) (UnityEngine.GameObject)
[12:15:07]Enemy 1: Drew 2 cards
[12:15:07]Turns: 2
[12:15:07]Top card: Blue_D(Clone) (UnityEngine.GameObject)
[12:15:07]Top card: Blue_D(Clone) (UnityEngine.GameObject)
[12:15:07]Enemy 2: Played Blue_2(Clone) (UnityEngine.GameObject) (Card 0)
[12:15:07]Turns: 3
[12:15:07]Top card: Blue_2(Clone) (UnityEngine.GameObject)
[12:15:07]Top card: Blue_2(Clone) (UnityEngine.GameObject)
[12:15:07]Enemy 3: Red_D(Clone) (UnityEngine.GameObject) (Card 0) did not match
[12:15:07]Enemy 3: Green_3(Clone) (UnityEngine.GameObject) (Card 1) did not match
[12:15:07]Enemy 3: CardW4(Clone) (UnityEngine.GameObject) (Card 2) did not match
[12:15:07]Enemy 3: Played Blue_9(Clone) (UnityEngine.GameObject) (Card 3)
[12:15:07]Turns: 0
[12:15:07]Player: played card
[12:15:07]Turns: 1
[12:15:07]DiscardCounter: 1
[12:15:07]Top card: Blue_R(Clone) (UnityEngine.GameObject)
[12:15:07]Top card: Blue_R(Clone) (UnityEngine.GameObject)
[12:15:07]Enemy 1: Green_3(Clone) (UnityEngine.GameObject) (Card 0) did not match
[12:15:07]Enemy 1: Played Blue_9(Clone) (UnityEngine.GameObject) (Card 1)
[12:15:07]Turns: 2
[12:15:07]Top card: Blue_9(Clone) (UnityEngine.GameObject)
[12:15:07]Top card: Blue_9(Clone) (UnityEngine.GameObject)
[12:15:07]Enemy 2: Played Blue_2(Clone) (UnityEngine.GameObject) (Card 0)
[12:15:07]Turns: 3
[12:15:07]Top card: Blue_2(Clone) (UnityEngine.GameObject)
[12:15:07]Top card: Blue_2(Clone) (UnityEngine.GameObject)
[12:15:07]Enemy 3: Red_D(Clone) (UnityEngine.GameObject) (Card 0) did not match
[12:15:07]Enemy 3: Green_3(Clone) (UnityEngine.GameObject) (Card 1) did not match
[12:15:07]Enemy 3: CardW4(Clone) (UnityEngine.GameObject) (Card 2) did not match
[12:15:07]Enemy 3: Played Blue_9(Clone) (UnityEngine.GameObject) (Card 3)
[12:15:07]Turns: 0
[12:15:07]Player: played card
[12:15:07]Turns: 1
[12:15:07]DiscardCounter: 1
[12:15:07]Top card: Blue_2(Clone) (UnityEngine.GameObject)
[12:15:07]Top card: Blue_2(Clone) (UnityEngine.GameObject)
[12:15:07]Enemy 1: Green_3(Clone) (UnityEngine.GameObject) (Card 0) did not match
[12:15:07]Enemy 1: Played Blue_9(Clone) (UnityEngine.GameObject) (Card 1)
[12:15:07]Turns: 2
[12:15:07]Top card: Blue_9(Clone) (UnityEngine.GameObject)
[12:15:07]Top card: Blue_9(Clone) (UnityEngine.GameObject)
[12:15:07]Enemy 2: Played Blue_2(Clone) (UnityEngine.GameObject) (Card 0)
[12:15:07]Turns: 3
[12:15:07]Top card: Blue_2(Clone) (UnityEngine.GameObject)
[12:15:07]Top card: Blue_2(Clone) (UnityEngine.GameObject)
[12:15:07]Enemy 3: Red_D(Clone) (UnityEngine.GameObject) (Card 0) did not match
[12:15:07]Enemy 3: Green_3(Clone) (UnityEngine.GameObject) (Card 1) did not match
[12:15:07]Enemy 3: CardW4(Clone) (UnityEngine.GameObject) (Card 2) did not match
[12:15:07]Enemy 3: Played Blue_9(Clone) (UnityEngine.GameObject) (Card 3)
[12:15:07]Turns: 0
[12:15:07]Player: played card
[12:15:07]Turns: 1
[12:15:07]DiscardCounter: 1
[12:15:07]Top card: Green_4(Clone) (UnityEngine.GameObject)
[12:15:07]Top card: Green_4(Clone) (UnityEngine.GameObject)
[12:15:07]Enemy 1: Played Green_3(Clone) (UnityEngine.GameObject) (Card 0)
[12:15:07]Turns: 2
[12:15:07]Top card: Green_3(Clone) (UnityEngine.GameObject)
[12:15:07]Top card: Green_3(Clone) (UnityEngine.GameObject)
[12:15:07]Enemy 2: Blue_2(Clone) (UnityEngine.GameObject) (Card 0) did not match
[12:15:07]Enemy 2: Played Green_7(Clone) (UnityEngine.GameObject) (Card 1)
[12:15:07]Turns: 3
[12:15:07]Top card: Green_7(Clone) (UnityEngine.GameObject)
[12:15:07]Top card: Green_7(Clone) (UnityEngine.GameObject)
[12:15:07]Enemy 3: Red_D(Clone) (UnityEngine.GameObject) (Card 0) did not match
[12:15:07]Enemy 3: Played Green_3(Clone) (UnityEngine.GameObject) (Card 1)
[12:15:07]Turns: 0
