[06:30:27]Last card index 
[06:30:27]Last card index Yellow_2(Clone) (UnityEngine.GameObject)
[06:30:27]Last card index Yellow_2(Clone) (UnityEngine.GameObject)
[06:30:27]Last card index Yellow_2(Clone) (UnityEngine.GameObject)
[06:30:27]Last card index Yellow_2(Clone) (UnityEngine.GameObject)
[06:30:27]Last card index Yellow_2(Clone) (UnityEngine.GameObject)
[06:30:27]Last card index Yellow_2(Clone) (UnityEngine.GameObject)
[06:30:27]Last card index Yellow_2(Clone) (UnityEngine.GameObject)
[06:30:27]Last card index Yellow_2(Clone) (UnityEngine.GameObject)
[06:30:27]Last card index Yellow_2(Clone) (UnityEngine.GameObject)
[06:30:27]Last card index Yellow_2(Clone) (UnityEngine.GameObject)
[06:30:27]Last card index Yellow_2(Clone) (UnityEngine.GameObject)
[06:30:27]Last card index Yellow_2(Clone) (UnityEngine.GameObject)
[06:30:27]Last card index Yellow_2(Clone) (UnityEngine.GameObject)
[06:30:27]Last card index Yellow_2(Clone) (UnityEngine.GameObject)
[06:30:27]Last card index Yellow_2(Clone) (UnityEngine.GameObject)
[06:30:27]Last card index Yellow_2(Clone) (UnityEngine.GameObject)
[06:30:27]Last card index Yellow_2(Clone) (UnityEngine.GameObject)
[06:30:27]Last card index Yellow_2(Clone) (UnityEngine.GameObject)
[06:30:27]Last card index Yellow_2(Clone) (UnityEngine.GameObject)
[06:30:27]Last card index Yellow_2(Clone) (UnityEngine.GameObject)
[06:30:27]Last card index Yellow_2(Clone) (UnityEngine.GameObject)
[06:30:27]Last card index Yellow_2(Clone) (UnityEngine.GameObject)
[06:30:27]Last card index Yellow_2(Clone) (UnityEngine.GameObject)
[06:30:27]Last card index Yellow_2(Clone) (UnityEngine.GameObject)
[06:30:27]Last card index Yellow_2(Clone) (UnityEngine.GameObject)
[06:30:27]Last card index Yellow_2(Clone) (UnityEngine.GameObject)
[06:30:27]Last card index Yellow_2(Clone) (UnityEngine.GameObject)
[06:30:27]Last card index Yellow_2(Clone) (UnityEngine.GameObject)
[06:30:27]Player: played card
[06:30:27]Turns = 1
[06:30:27]DiscardCounter: 1
[06:30:27]The top card is WildWild
[06:30:27]Enemy 1: Card couldn't be played
[06:30:27]Enemy 1: Skiping turn
[06:30:27]The top card is WildWild
[06:30:27]Enemy 2: Card couldn't be played
[06:30:27]Enemy 2: Skiping turn
[06:30:27]The top card is WildWild
[06:30:27]Enemy 3: Card couldn't be played
[06:30:27]Enemy 3: Skiping turn
