[06:47:27] Top card: 
[06:47:27] Delt cards
[06:47:27] Top card: 
[06:47:27] Top card: 
[06:47:27] Top card: 
[06:47:27] Top card: 
[06:47:27] Top card: 
[06:47:27] Top card: 
[06:47:27] Top card: 
[06:47:27] Top card: 
[06:47:27] Top card: 
[06:47:27] Top card: 
[06:47:27] Top card: 
[06:47:27] Top card: 
[06:47:27] Top card: 
[06:47:27] Top card: 
[06:47:27] Top card: 
[06:47:27] Top card: 
[06:47:27] Top card: 
[06:47:27] Top card: 
[06:47:27] Top card: 
[06:47:27] Top card: 
[06:47:27] Player: Played CardW(Clone) (UnityEngine.GameObject)
[06:47:27] Wild Menu shown
[06:47:27] Turns: 1
[06:47:27] Turns: 1
[06:47:27] Top card: CardW(Clone) (UnityEngine.GameObject)
[06:47:27] Top card: CardW(Clone) (UnityEngine.GameObject)
[06:47:27] Enemy 1: Played CardW(Clone) (UnityEngine.GameObject) (Card 0)
[06:47:27] Turns: 2
[06:47:27] Top card: CardW(Clone) (UnityEngine.GameObject)
[06:47:27] Top card: CardW(Clone) (UnityEngine.GameObject)
[06:47:27] Enemy 2: CardW4(Clone) (UnityEngine.GameObject) (Card 0) did not match
[06:47:27] Enemy 2: CardW4(Clone) (UnityEngine.GameObject) (Card 1) did not match
[06:47:27] Enemy 2: CardW4(Clone) (UnityEngine.GameObject) (Card 2) did not match
[06:47:27] Enemy 2: CardW4(Clone) (UnityEngine.GameObject) (Card 3) did not match
[06:47:27] Enemy 2: Played CardW(Clone) (UnityEngine.GameObject) (Card 4)
[06:47:27] Turns: 3
[06:47:27] Top card: CardW(Clone) (UnityEngine.GameObject)
[06:47:27] Top card: CardW(Clone) (UnityEngine.GameObject)
[06:47:27] Enemy 3: Played CardW(Clone) (UnityEngine.GameObject) (Card 0)
[06:47:27] Turns: 0
[10:11:03] Top card: 
[10:11:03] Delt cards
[10:11:03] Top card: Blue_1(Clone) (UnityEngine.GameObject)
[10:11:03] Top card: Blue_1(Clone) (UnityEngine.GameObject)
[10:11:03] Top card: Blue_1(Clone) (UnityEngine.GameObject)
[10:11:03] Top card: Blue_1(Clone) (UnityEngine.GameObject)
[10:11:03] Top card: Blue_1(Clone) (UnityEngine.GameObject)
[10:11:03] Top card: Blue_1(Clone) (UnityEngine.GameObject)
[10:11:03] Top card: Blue_1(Clone) (UnityEngine.GameObject)
[10:11:03] Top card: Blue_1(Clone) (UnityEngine.GameObject)
[10:11:03] Top card: Blue_1(Clone) (UnityEngine.GameObject)
[10:11:03] Top card: Blue_1(Clone) (UnityEngine.GameObject)
[10:11:03] Top card: Blue_1(Clone) (UnityEngine.GameObject)
[10:11:03] Top card: Blue_1(Clone) (UnityEngine.GameObject)
[10:11:03] Top card: Blue_1(Clone) (UnityEngine.GameObject)
[10:11:03] Top card: Blue_1(Clone) (UnityEngine.GameObject)
[10:11:03] Top card: Blue_1(Clone) (UnityEngine.GameObject)
[10:11:03] Top card: Blue_1(Clone) (UnityEngine.GameObject)
[10:11:03] Top card: Blue_1(Clone) (UnityEngine.GameObject)
[10:11:03] Top card: Blue_1(Clone) (UnityEngine.GameObject)
[10:11:03] Top card: Blue_1(Clone) (UnityEngine.GameObject)
[10:11:03] Top card: Blue_1(Clone) (UnityEngine.GameObject)
[10:11:03] Top card: Blue_1(Clone) (UnityEngine.GameObject)
[10:11:03] Top card: Blue_1(Clone) (UnityEngine.GameObject)
[10:11:03] Top card: Blue_1(Clone) (UnityEngine.GameObject)
[10:11:03] Top card: Blue_1(Clone) (UnityEngine.GameObject)
[10:11:03] Top card: Blue_1(Clone) (UnityEngine.GameObject)
[10:11:03] Top card: Blue_1(Clone) (UnityEngine.GameObject)
[10:11:03] Top card: Blue_1(Clone) (UnityEngine.GameObject)
[10:11:03] Top card: Blue_1(Clone) (UnityEngine.GameObject)
[10:11:03] Player: Played Blue_S(Clone) (UnityEngine.GameObject)
[10:11:03] Turns: 1
[10:11:03] Turns: 1
[10:11:03] Top card: Blue_S(Clone) (UnityEngine.GameObject)
[10:11:03] Skipped Enemy 1
[10:11:03] Top card: Blue_S(Clone) (UnityEngine.GameObject)
[10:11:03] Top card: Blue_S(Clone) (CardProperties)
[10:11:03] Enemy 2: Green_D(Clone) (UnityEngine.GameObject) (Card 0) did not match
[10:11:03] Enemy 2: CardW4(Clone) (UnityEngine.GameObject) (Card 1) did not match
[10:11:03] Enemy 2: Played Blue_5(Clone) (UnityEngine.GameObject) (Card 2)
[10:11:03] Turns: 3
[10:11:03] Top card: Blue_5(Clone) (UnityEngine.GameObject)
[10:11:03] Top card: Blue_5(Clone) (CardProperties)
[10:11:03] Enemy 3: Played Blue_4(Clone) (UnityEngine.GameObject) (Card 0)
[10:11:03] Turns: 0
[10:33:22] Top card: 
[10:33:22] Delt cards
