[05:27:18] Top card: 
[05:27:18] Delt cards
[05:27:18] Top card: 
[05:27:18] Top card: 
[05:27:18] Top card: 
[05:27:18] Top card: 
[05:27:18] Top card: 
[05:27:18] Top card: 
[05:27:18] Top card: 
[05:27:18] Top card: 
[05:27:18] Top card: 
[05:27:18] Top card: 
[05:27:18] Top card: 
[05:27:18] Top card: 
[05:27:18] Top card: 
[05:27:18] Top card: 
[05:27:18] Top card: 
[05:27:18] Top card: 
[05:27:18] Top card: 
[05:27:18] Top card: 
[05:27:18] Top card: 
[05:27:18] Top card: 
[05:27:18] Top card: 
[05:27:18] Top card: 
[05:27:18] Top card: 
[05:27:18] Top card: 
[05:27:18] Top card: 
[05:27:18] Top card: 
[05:27:18] Top card: 
[05:27:18] Top card: 
[05:27:18] Player: Played Red_8(Clone) (UnityEngine.GameObject)
[05:27:18] Turns: 1
[05:27:18] Turns: 1
[05:27:18] Top card: Red_8(Clone) (UnityEngine.GameObject)
[05:27:18] Top card: Red_8(Clone) (CardProperties)
[05:27:18] Enemy 1: Yellow_5(Clone) (UnityEngine.GameObject) (Card 0) did not match
[05:27:18] Enemy 1: Played Red_5(Clone) (UnityEngine.GameObject) (Card 1)
[05:27:18] Turns: 2
[05:27:18] Top card: Red_5(Clone) (UnityEngine.GameObject)
[05:27:18] Top card: Red_5(Clone) (CardProperties)
[05:27:18] Enemy 2: Green_9(Clone) (UnityEngine.GameObject) (Card 0) did not match
[05:27:18] Enemy 2: Yellow_7(Clone) (UnityEngine.GameObject) (Card 1) did not match
[05:27:18] Enemy 2: Blue_1(Clone) (UnityEngine.GameObject) (Card 2) did not match
[05:27:18] Enemy 2: Green_D(Clone) (UnityEngine.GameObject) (Card 3) did not match
[05:27:18] Enemy 2: Played Red_1(Clone) (UnityEngine.GameObject) (Card 4)
[05:27:18] Turns: 3
[05:27:18] Top card: Red_1(Clone) (UnityEngine.GameObject)
[05:27:18] Top card: Red_1(Clone) (CardProperties)
[05:27:18] Enemy 3: Yellow_9(Clone) (UnityEngine.GameObject) (Card 0) did not match
[05:27:18] Enemy 3: Blue_R(Clone) (UnityEngine.GameObject) (Card 1) did not match
[05:27:18] Enemy 3: Played Red_7(Clone) (UnityEngine.GameObject) (Card 2)
[05:27:18] Turns: 0
