[01:32:22] Top card: 
[01:32:22] Delt cards
[01:32:22] Player: Played Yellow_7(Clone) (UnityEngine.GameObject)
[01:32:22] Turns: 1
[01:32:22] Turns: 1
[01:32:22] Top card: Yellow_7(Clone) (UnityEngine.GameObject)
[01:32:22] Top card: Yellow_7(Clone) (CardProperties)
[01:32:22] Enemy 1: CardW(Clone) (UnityEngine.GameObject) (Card 0) did not match
[01:32:22] Top card: Yellow_7(Clone) (CardProperties)
[01:32:22] Enemy 1: Played Yellow_9(Clone) (UnityEngine.GameObject) (Card 1)
[01:32:22] Turns: 2
[01:32:22] HasFoundMatch = False
[01:32:22] Top Deck Card:Red_5(Clone) (UnityEngine.GameObject)
[01:32:22] Enemy 1: Drew Red_5(Clone) (UnityEngine.GameObject)
[01:32:22] Enemy 1: Drew 1 cards
[01:32:22] Top card: Yellow_9(Clone) (CardProperties)
[01:32:22] Top card: Yellow_9(Clone) (UnityEngine.GameObject)
[01:32:22] Top card: Yellow_9(Clone) (CardProperties)
[01:32:22] Enemy 2: Blue_S(Clone) (UnityEngine.GameObject) (Card 0) did not match
[01:32:22] Top card: Yellow_9(Clone) (CardProperties)
[01:32:22] Enemy 2: Blue_7(Clone) (UnityEngine.GameObject) (Card 1) did not match
[01:32:22] Top card: Yellow_9(Clone) (CardProperties)
[01:32:22] Enemy 2: Blue_4(Clone) (UnityEngine.GameObject) (Card 2) did not match
[01:32:22] Top card: Yellow_9(Clone) (CardProperties)
[01:32:22] Enemy 2: Green_2(Clone) (UnityEngine.GameObject) (Card 3) did not match
[01:32:22] Top card: Yellow_9(Clone) (CardProperties)
[01:32:22] Enemy 2: Played Yellow_R(Clone) (UnityEngine.GameObject) (Card 4)
[01:32:22] IsReversed: True
[01:32:22] Turns: 1
[01:32:22] HasFoundMatch = False
[01:32:22] Top Deck Card:Yellow_0(Clone) (UnityEngine.GameObject)
[01:32:22] Enemy 2: Drew Yellow_0(Clone) (UnityEngine.GameObject)
[01:32:22] Enemy 2: Drew 1 cards
[01:32:22] Top card: Yellow_R(Clone) (CardProperties)
[01:32:22] Top card: Yellow_R(Clone) (UnityEngine.GameObject)
[01:32:22] Top card: Yellow_R(Clone) (CardProperties)
[01:32:22] Enemy 1: CardW(Clone) (UnityEngine.GameObject) (Card 0) did not match
[01:32:22] Top card: Yellow_R(Clone) (CardProperties)
[01:32:22] Enemy 1: Green_R(Clone) (UnityEngine.GameObject) (Card 1) did not match
[01:32:22] Top card: Yellow_R(Clone) (CardProperties)
[01:32:22] Enemy 1: Played Yellow_6(Clone) (UnityEngine.GameObject) (Card 2)
[01:32:22] Turns: 0
[01:32:22] HasFoundMatch = False
[01:32:22] Top Deck Card:Yellow_1(Clone) (UnityEngine.GameObject)
[01:32:22] Enemy 1: Drew Yellow_1(Clone) (UnityEngine.GameObject)
[01:32:22] Enemy 1: Drew 1 cards
[01:32:22] Top card: Yellow_6(Clone) (CardProperties)
[01:32:22] Player: Played Yellow_6(Clone) (UnityEngine.GameObject)
[01:32:22] Turns: 3
[01:32:22] Turns: 3
[01:32:22] Top card: Yellow_6(Clone) (UnityEngine.GameObject)
[01:32:22] Top card: Yellow_6(Clone) (CardProperties)
[01:32:22] Enemy 3: Played Yellow_4(Clone) (UnityEngine.GameObject) (Card 0)
[01:32:22] Turns: 2
[01:32:22] HasFoundMatch = False
[01:32:22] Top Deck Card:Green_8(Clone) (UnityEngine.GameObject)
[01:32:22] Enemy 3: Drew Green_8(Clone) (UnityEngine.GameObject)
[01:32:22] Enemy 3: Drew 1 cards
[01:32:22] Top card: Yellow_4(Clone) (CardProperties)
[01:32:22] Top card: Yellow_4(Clone) (UnityEngine.GameObject)
[01:32:22] Top card: Yellow_4(Clone) (CardProperties)
[01:32:22] Enemy 2: Blue_S(Clone) (UnityEngine.GameObject) (Card 0) did not match
[01:32:22] Top card: Yellow_4(Clone) (CardProperties)
[01:32:22] Enemy 2: Blue_7(Clone) (UnityEngine.GameObject) (Card 1) did not match
[01:32:22] Top card: Yellow_4(Clone) (CardProperties)
[01:32:22] Enemy 2: Played Blue_4(Clone) (UnityEngine.GameObject) (Card 2)
[01:32:22] Turns: 1
[01:32:22] HasFoundMatch = False
[01:32:22] Top Deck Card:Red_2(Clone) (UnityEngine.GameObject)
[01:32:22] Enemy 2: Drew Red_2(Clone) (UnityEngine.GameObject)
[01:32:22] Enemy 2: Drew 1 cards
[01:32:22] Top card: Blue_4(Clone) (CardProperties)
[01:32:22] Enemy 2: Played Blue_S(Clone) (UnityEngine.GameObject) (Card 0)
[01:32:22] Turns: 0
[01:32:22] Player: Played Blue_S(Clone) (UnityEngine.GameObject)
[01:32:22] Turns: 3
[01:32:22] Turns: 3
[01:32:22] Top card: Blue_S(Clone) (UnityEngine.GameObject)
[01:32:22] Skipped Enemy 3
[01:32:22] Player: Played Blue_S(Clone) (UnityEngine.GameObject)
[01:32:22] Turns: 3
[01:32:22] Turns: 3
[01:32:22] Top card: Blue_S(Clone) (UnityEngine.GameObject)
[01:32:22] Top card: Blue_S(Clone) (CardProperties)
[01:32:22] Enemy 3: Played Blue_2(Clone) (UnityEngine.GameObject) (Card 0)
[01:32:22] Turns: 2
[01:32:22] HasFoundMatch = False
[01:32:22] Top Deck Card:Red_R(Clone) (UnityEngine.GameObject)
[01:32:22] Enemy 3: Drew Red_R(Clone) (UnityEngine.GameObject)
[01:32:22] Enemy 3: Drew 1 cards
[01:32:22] Top card: Blue_2(Clone) (CardProperties)
[01:32:22] Top card: Blue_2(Clone) (UnityEngine.GameObject)
[01:32:22] Top card: Blue_2(Clone) (CardProperties)
[01:32:22] Enemy 2: Played Blue_7(Clone) (UnityEngine.GameObject) (Card 0)
[01:32:22] Turns: 1
[01:32:22] HasFoundMatch = False
[01:32:22] Top Deck Card:Red_7(Clone) (UnityEngine.GameObject)
[01:32:22] Enemy 2: Drew Red_7(Clone) (UnityEngine.GameObject)
[01:32:22] Enemy 2: Drew 1 cards
[01:32:22] Top card: Blue_7(Clone) (CardProperties)
[01:32:22] Top card: Blue_7(Clone) (UnityEngine.GameObject)
[01:32:22] Top card: Blue_7(Clone) (CardProperties)
[01:32:22] Enemy 1: CardW(Clone) (UnityEngine.GameObject) (Card 0) did not match
[01:32:22] Top card: Blue_7(Clone) (CardProperties)
[01:32:22] Enemy 1: Green_R(Clone) (UnityEngine.GameObject) (Card 1) did not match
[01:32:22] Top card: Blue_7(Clone) (CardProperties)
[01:32:22] Enemy 1: Yellow_3(Clone) (UnityEngine.GameObject) (Card 2) did not match
[01:32:22] Top card: Blue_7(Clone) (CardProperties)
[01:32:22] Enemy 1: Green_4(Clone) (UnityEngine.GameObject) (Card 3) did not match
[01:32:22] Top card: Blue_7(Clone) (CardProperties)
[01:32:22] Enemy 1: Red_R(Clone) (UnityEngine.GameObject) (Card 4) did not match
[01:32:22] Top card: Blue_7(Clone) (CardProperties)
[01:32:22] Enemy 1: Red_5(Clone) (UnityEngine.GameObject) (Card 5) did not match
[01:32:22] Top card: Blue_7(Clone) (CardProperties)
[01:32:22] Enemy 1: Yellow_1(Clone) (UnityEngine.GameObject) (Card 6) did not match
[01:32:22] HasFoundMatch = False
[01:32:22] Top Deck Card:Red_1(Clone) (UnityEngine.GameObject)
[01:32:22] Enemy 1: Drew Red_1(Clone) (UnityEngine.GameObject)
[01:32:22] Enemy 1: Drew 1 cards
[01:32:22] Top card: Blue_7(Clone) (CardProperties)
[01:32:22] Top card: Blue_7(Clone) (UnityEngine.GameObject)
[01:32:22] Top card: Blue_7(Clone) (CardProperties)
[01:32:22] Enemy 1: CardW(Clone) (UnityEngine.GameObject) (Card 0) did not match
[01:32:22] Top card: Blue_7(Clone) (CardProperties)
[01:32:22] Enemy 1: Green_R(Clone) (UnityEngine.GameObject) (Card 1) did not match
[01:32:22] Top card: Blue_7(Clone) (CardProperties)
[01:32:22] Enemy 1: Yellow_3(Clone) (UnityEngine.GameObject) (Card 2) did not match
[01:32:22] Top card: Blue_7(Clone) (CardProperties)
[01:32:22] Enemy 1: Green_4(Clone) (UnityEngine.GameObject) (Card 3) did not match
[01:32:22] Top card: Blue_7(Clone) (CardProperties)
[01:32:22] Enemy 1: Red_R(Clone) (UnityEngine.GameObject) (Card 4) did not match
[01:32:22] Top card: Blue_7(Clone) (CardProperties)
[01:32:22] Enemy 1: Red_5(Clone) (UnityEngine.GameObject) (Card 5) did not match
[01:32:22] Top card: Blue_7(Clone) (CardProperties)
[01:32:22] Enemy 1: Yellow_1(Clone) (UnityEngine.GameObject) (Card 6) did not match
[01:32:22] Top card: Blue_7(Clone) (CardProperties)
[01:32:22] Enemy 1: Red_1(Clone) (UnityEngine.GameObject) (Card 7) did not match
[01:32:22] HasFoundMatch = False
[01:32:22] Top Deck Card:Red_9(Clone) (UnityEngine.GameObject)
[01:32:22] Enemy 1: Drew Red_9(Clone) (UnityEngine.GameObject)
[01:32:22] Enemy 1: Drew 1 cards
[01:32:22] Top card: Blue_7(Clone) (CardProperties)
[01:32:22] Top card: Blue_7(Clone) (UnityEngine.GameObject)
[01:32:22] Top card: Blue_7(Clone) (CardProperties)
[01:32:22] Enemy 1: CardW(Clone) (UnityEngine.GameObject) (Card 0) did not match
[01:32:22] Top card: Blue_7(Clone) (CardProperties)
[01:32:22] Enemy 1: Green_R(Clone) (UnityEngine.GameObject) (Card 1) did not match
[01:32:22] Top card: Blue_7(Clone) (CardProperties)
[01:32:22] Enemy 1: Yellow_3(Clone) (UnityEngine.GameObject) (Card 2) did not match
[01:32:22] Top card: Blue_7(Clone) (CardProperties)
[01:32:22] Enemy 1: Green_4(Clone) (UnityEngine.GameObject) (Card 3) did not match
[01:32:22] Top card: Blue_7(Clone) (CardProperties)
[01:32:22] Enemy 1: Red_R(Clone) (UnityEngine.GameObject) (Card 4) did not match
[01:32:22] Top card: Blue_7(Clone) (CardProperties)
[01:32:22] Enemy 1: Red_5(Clone) (UnityEngine.GameObject) (Card 5) did not match
[01:32:22] Top card: Blue_7(Clone) (CardProperties)
[01:32:22] Enemy 1: Yellow_1(Clone) (UnityEngine.GameObject) (Card 6) did not match
[01:32:22] Top card: Blue_7(Clone) (CardProperties)
[01:32:22] Enemy 1: Red_1(Clone) (UnityEngine.GameObject) (Card 7) did not match
[01:32:22] Top card: Blue_7(Clone) (CardProperties)
[01:32:22] Enemy 1: Red_9(Clone) (UnityEngine.GameObject) (Card 8) did not match
[01:32:22] HasFoundMatch = False
[01:32:22] Top Deck Card:Green_0(Clone) (UnityEngine.GameObject)
[01:32:22] Enemy 1: Drew Green_0(Clone) (UnityEngine.GameObject)
[01:32:22] Enemy 1: Drew 1 cards
[01:32:22] Top card: Blue_7(Clone) (CardProperties)
[01:32:22] Top card: Blue_7(Clone) (UnityEngine.GameObject)
[01:32:22] Top card: Blue_7(Clone) (CardProperties)
[01:32:22] Enemy 1: CardW(Clone) (UnityEngine.GameObject) (Card 0) did not match
[01:32:22] Top card: Blue_7(Clone) (CardProperties)
[01:32:22] Enemy 1: Green_R(Clone) (UnityEngine.GameObject) (Card 1) did not match
[01:32:22] Top card: Blue_7(Clone) (CardProperties)
[01:32:22] Enemy 1: Yellow_3(Clone) (UnityEngine.GameObject) (Card 2) did not match
[01:32:22] Top card: Blue_7(Clone) (CardProperties)
[01:32:22] Enemy 1: Green_4(Clone) (UnityEngine.GameObject) (Card 3) did not match
[01:32:22] Top card: Blue_7(Clone) (CardProperties)
[01:32:22] Enemy 1: Red_R(Clone) (UnityEngine.GameObject) (Card 4) did not match
[01:32:22] Top card: Blue_7(Clone) (CardProperties)
[01:32:22] Enemy 1: Red_5(Clone) (UnityEngine.GameObject) (Card 5) did not match
[01:32:22] Top card: Blue_7(Clone) (CardProperties)
[01:32:22] Enemy 1: Yellow_1(Clone) (UnityEngine.GameObject) (Card 6) did not match
[01:32:22] Top card: Blue_7(Clone) (CardProperties)
[01:32:22] Enemy 1: Red_1(Clone) (UnityEngine.GameObject) (Card 7) did not match
[01:32:22] Top card: Blue_7(Clone) (CardProperties)
[01:32:22] Enemy 1: Red_9(Clone) (UnityEngine.GameObject) (Card 8) did not match
[01:32:22] Top card: Blue_7(Clone) (CardProperties)
[01:32:22] Enemy 1: Green_0(Clone) (UnityEngine.GameObject) (Card 9) did not match
[01:32:22] HasFoundMatch = False
[01:32:22] Top Deck Card:Yellow_R(Clone) (UnityEngine.GameObject)
[01:32:22] Enemy 1: Drew Yellow_R(Clone) (UnityEngine.GameObject)
[01:32:22] Enemy 1: Drew 1 cards
[01:32:22] Top card: Blue_7(Clone) (CardProperties)
[01:32:22] Top card: Blue_7(Clone) (UnityEngine.GameObject)
[01:32:22] Top card: Blue_7(Clone) (CardProperties)
[01:32:22] Enemy 1: CardW(Clone) (UnityEngine.GameObject) (Card 0) did not match
[01:32:22] Top card: Blue_7(Clone) (CardProperties)
[01:32:22] Enemy 1: Green_R(Clone) (UnityEngine.GameObject) (Card 1) did not match
[01:32:22] Top card: Blue_7(Clone) (CardProperties)
[01:32:22] Enemy 1: Yellow_3(Clone) (UnityEngine.GameObject) (Card 2) did not match
[01:32:22] Top card: Blue_7(Clone) (CardProperties)
[01:32:22] Enemy 1: Green_4(Clone) (UnityEngine.GameObject) (Card 3) did not match
[01:32:22] Top card: Blue_7(Clone) (CardProperties)
[01:32:22] Enemy 1: Red_R(Clone) (UnityEngine.GameObject) (Card 4) did not match
[01:32:22] Top card: Blue_7(Clone) (CardProperties)
[01:32:22] Enemy 1: Red_5(Clone) (UnityEngine.GameObject) (Card 5) did not match
[01:32:22] Top card: Blue_7(Clone) (CardProperties)
[01:32:22] Enemy 1: Yellow_1(Clone) (UnityEngine.GameObject) (Card 6) did not match
[01:32:22] Top card: Blue_7(Clone) (CardProperties)
[01:32:22] Enemy 1: Red_1(Clone) (UnityEngine.GameObject) (Card 7) did not match
[01:32:22] Top card: Blue_7(Clone) (CardProperties)
[01:32:22] Enemy 1: Red_9(Clone) (UnityEngine.GameObject) (Card 8) did not match
[01:32:22] Top card: Blue_7(Clone) (CardProperties)
[01:32:22] Enemy 1: Green_0(Clone) (UnityEngine.GameObject) (Card 9) did not match
[01:32:22] Top card: Blue_7(Clone) (CardProperties)
[01:32:22] Enemy 1: Yellow_R(Clone) (UnityEngine.GameObject) (Card 10) did not match
[01:32:22] HasFoundMatch = False
[01:32:22] Top Deck Card:Yellow_5(Clone) (UnityEngine.GameObject)
[01:32:22] Enemy 1: Drew Yellow_5(Clone) (UnityEngine.GameObject)
[01:32:22] Enemy 1: Drew 1 cards
[01:32:22] Top card: Blue_7(Clone) (CardProperties)
[01:32:22] Top card: Blue_7(Clone) (UnityEngine.GameObject)
[01:32:22] Top card: Blue_7(Clone) (CardProperties)
[01:32:22] Enemy 1: CardW(Clone) (UnityEngine.GameObject) (Card 0) did not match
[01:32:22] Top card: Blue_7(Clone) (CardProperties)
[01:32:22] Enemy 1: Green_R(Clone) (UnityEngine.GameObject) (Card 1) did not match
[01:32:22] Top card: Blue_7(Clone) (CardProperties)
[01:32:22] Enemy 1: Yellow_3(Clone) (UnityEngine.GameObject) (Card 2) did not match
[01:32:22] Top card: Blue_7(Clone) (CardProperties)
[01:32:22] Enemy 1: Green_4(Clone) (UnityEngine.GameObject) (Card 3) did not match
[01:32:22] Top card: Blue_7(Clone) (CardProperties)
[01:32:22] Enemy 1: Red_R(Clone) (UnityEngine.GameObject) (Card 4) did not match
[01:32:22] Top card: Blue_7(Clone) (CardProperties)
[01:32:22] Enemy 1: Red_5(Clone) (UnityEngine.GameObject) (Card 5) did not match
[01:32:22] Top card: Blue_7(Clone) (CardProperties)
[01:32:22] Enemy 1: Yellow_1(Clone) (UnityEngine.GameObject) (Card 6) did not match
[01:32:22] Top card: Blue_7(Clone) (CardProperties)
[01:32:22] Enemy 1: Red_1(Clone) (UnityEngine.GameObject) (Card 7) did not match
[01:32:22] Top card: Blue_7(Clone) (CardProperties)
[01:32:22] Enemy 1: Red_9(Clone) (UnityEngine.GameObject) (Card 8) did not match
[01:32:22] Top card: Blue_7(Clone) (CardProperties)
[01:32:22] Enemy 1: Green_0(Clone) (UnityEngine.GameObject) (Card 9) did not match
[01:32:22] Top card: Blue_7(Clone) (CardProperties)
[01:32:22] Enemy 1: Yellow_R(Clone) (UnityEngine.GameObject) (Card 10) did not match
[01:32:22] Top card: Blue_7(Clone) (CardProperties)
[01:32:22] Enemy 1: Yellow_5(Clone) (UnityEngine.GameObject) (Card 11) did not match
[01:32:22] HasFoundMatch = False
[01:32:22] Top Deck Card:Green_R(Clone) (UnityEngine.GameObject)
[01:32:22] Enemy 1: Drew Green_R(Clone) (UnityEngine.GameObject)
[01:32:22] Enemy 1: Drew 1 cards
[01:32:22] Top card: Blue_7(Clone) (CardProperties)
[01:32:22] Top card: Blue_7(Clone) (UnityEngine.GameObject)
[01:32:22] Top card: Blue_7(Clone) (CardProperties)
[01:32:22] Enemy 1: CardW(Clone) (UnityEngine.GameObject) (Card 0) did not match
[01:32:22] Top card: Blue_7(Clone) (CardProperties)
[01:32:22] Enemy 1: Green_R(Clone) (UnityEngine.GameObject) (Card 1) did not match
[01:32:22] Top card: Blue_7(Clone) (CardProperties)
[01:32:22] Enemy 1: Yellow_3(Clone) (UnityEngine.GameObject) (Card 2) did not match
[01:32:22] Top card: Blue_7(Clone) (CardProperties)
[01:32:22] Enemy 1: Green_4(Clone) (UnityEngine.GameObject) (Card 3) did not match
[01:32:22] Top card: Blue_7(Clone) (CardProperties)
[01:32:22] Enemy 1: Red_R(Clone) (UnityEngine.GameObject) (Card 4) did not match
[01:32:22] Top card: Blue_7(Clone) (CardProperties)
[01:32:22] Enemy 1: Red_5(Clone) (UnityEngine.GameObject) (Card 5) did not match
[01:32:22] Top card: Blue_7(Clone) (CardProperties)
[01:32:22] Enemy 1: Yellow_1(Clone) (UnityEngine.GameObject) (Card 6) did not match
[01:32:22] Top card: Blue_7(Clone) (CardProperties)
[01:32:22] Enemy 1: Red_1(Clone) (UnityEngine.GameObject) (Card 7) did not match
[01:32:22] Top card: Blue_7(Clone) (CardProperties)
[01:32:22] Enemy 1: Red_9(Clone) (UnityEngine.GameObject) (Card 8) did not match
[01:32:22] Top card: Blue_7(Clone) (CardProperties)
[01:32:22] Enemy 1: Green_0(Clone) (UnityEngine.GameObject) (Card 9) did not match
[01:32:22] Top card: Blue_7(Clone) (CardProperties)
[01:32:22] Enemy 1: Yellow_R(Clone) (UnityEngine.GameObject) (Card 10) did not match
[01:32:22] Top card: Blue_7(Clone) (CardProperties)
[01:32:22] Enemy 1: Yellow_5(Clone) (UnityEngine.GameObject) (Card 11) did not match
[01:32:22] Top card: Blue_7(Clone) (CardProperties)
[01:32:22] Enemy 1: Green_R(Clone) (UnityEngine.GameObject) (Card 12) did not match
[01:32:22] HasFoundMatch = False
[01:32:22] Top Deck Card:Red_0(Clone) (UnityEngine.GameObject)
[01:32:22] Enemy 1: Drew Red_0(Clone) (UnityEngine.GameObject)
[01:32:22] Enemy 1: Drew 1 cards
[01:32:22] Top card: Blue_7(Clone) (CardProperties)
[01:32:22] Top card: Blue_7(Clone) (UnityEngine.GameObject)
[01:32:22] Top card: Blue_7(Clone) (CardProperties)
[01:32:22] Enemy 1: CardW(Clone) (UnityEngine.GameObject) (Card 0) did not match
[01:32:22] Top card: Blue_7(Clone) (CardProperties)
[01:32:22] Enemy 1: Green_R(Clone) (UnityEngine.GameObject) (Card 1) did not match
[01:32:22] Top card: Blue_7(Clone) (CardProperties)
[01:32:22] Enemy 1: Yellow_3(Clone) (UnityEngine.GameObject) (Card 2) did not match
[01:32:22] Top card: Blue_7(Clone) (CardProperties)
[01:32:22] Enemy 1: Green_4(Clone) (UnityEngine.GameObject) (Card 3) did not match
[01:32:22] Top card: Blue_7(Clone) (CardProperties)
[01:32:22] Enemy 1: Red_R(Clone) (UnityEngine.GameObject) (Card 4) did not match
[01:32:22] Top card: Blue_7(Clone) (CardProperties)
[01:32:22] Enemy 1: Red_5(Clone) (UnityEngine.GameObject) (Card 5) did not match
[01:32:22] Top card: Blue_7(Clone) (CardProperties)
[01:32:22] Enemy 1: Yellow_1(Clone) (UnityEngine.GameObject) (Card 6) did not match
[01:32:22] Top card: Blue_7(Clone) (CardProperties)
[01:32:22] Enemy 1: Red_1(Clone) (UnityEngine.GameObject) (Card 7) did not match
[01:32:22] Top card: Blue_7(Clone) (CardProperties)
[01:32:22] Enemy 1: Red_9(Clone) (UnityEngine.GameObject) (Card 8) did not match
[01:32:22] Top card: Blue_7(Clone) (CardProperties)
[01:32:22] Enemy 1: Green_0(Clone) (UnityEngine.GameObject) (Card 9) did not match
[01:32:22] Top card: Blue_7(Clone) (CardProperties)
[01:32:22] Enemy 1: Yellow_R(Clone) (UnityEngine.GameObject) (Card 10) did not match
[01:32:22] Top card: Blue_7(Clone) (CardProperties)
[01:32:22] Enemy 1: Yellow_5(Clone) (UnityEngine.GameObject) (Card 11) did not match
[01:32:22] Top card: Blue_7(Clone) (CardProperties)
[01:32:22] Enemy 1: Green_R(Clone) (UnityEngine.GameObject) (Card 12) did not match
[01:32:22] Top card: Blue_7(Clone) (CardProperties)
[01:32:22] Enemy 1: Red_0(Clone) (UnityEngine.GameObject) (Card 13) did not match
[01:32:22] HasFoundMatch = False
[01:32:22] Top Deck Card:Blue_7(Clone) (UnityEngine.GameObject)
[01:32:22] Enemy 1: Drew Blue_7(Clone) (UnityEngine.GameObject)
[01:32:22] Enemy 1: Drew 1 cards
[01:32:22] Top card: Blue_7(Clone) (CardProperties)
[01:32:22] Top card: Blue_7(Clone) (UnityEngine.GameObject)
[01:32:22] Top card: Blue_7(Clone) (CardProperties)
[01:32:22] Enemy 1: CardW(Clone) (UnityEngine.GameObject) (Card 0) did not match
[01:32:22] Top card: Blue_7(Clone) (CardProperties)
[01:32:22] Enemy 1: Green_R(Clone) (UnityEngine.GameObject) (Card 1) did not match
[01:32:22] Top card: Blue_7(Clone) (CardProperties)
[01:32:22] Enemy 1: Yellow_3(Clone) (UnityEngine.GameObject) (Card 2) did not match
[01:32:22] Top card: Blue_7(Clone) (CardProperties)
[01:32:22] Enemy 1: Green_4(Clone) (UnityEngine.GameObject) (Card 3) did not match
[01:32:22] Top card: Blue_7(Clone) (CardProperties)
[01:32:22] Enemy 1: Red_R(Clone) (UnityEngine.GameObject) (Card 4) did not match
[01:32:22] Top card: Blue_7(Clone) (CardProperties)
[01:32:22] Enemy 1: Red_5(Clone) (UnityEngine.GameObject) (Card 5) did not match
[01:32:22] Top card: Blue_7(Clone) (CardProperties)
[01:32:22] Enemy 1: Yellow_1(Clone) (UnityEngine.GameObject) (Card 6) did not match
[01:32:22] Top card: Blue_7(Clone) (CardProperties)
[01:32:22] Enemy 1: Red_1(Clone) (UnityEngine.GameObject) (Card 7) did not match
[01:32:22] Top card: Blue_7(Clone) (CardProperties)
[01:32:22] Enemy 1: Red_9(Clone) (UnityEngine.GameObject) (Card 8) did not match
[01:32:22] Top card: Blue_7(Clone) (CardProperties)
[01:32:22] Enemy 1: Green_0(Clone) (UnityEngine.GameObject) (Card 9) did not match
[01:32:22] Top card: Blue_7(Clone) (CardProperties)
[01:32:22] Enemy 1: Yellow_R(Clone) (UnityEngine.GameObject) (Card 10) did not match
[01:32:22] Top card: Blue_7(Clone) (CardProperties)
[01:32:22] Enemy 1: Yellow_5(Clone) (UnityEngine.GameObject) (Card 11) did not match
[01:32:22] Top card: Blue_7(Clone) (CardProperties)
[01:32:22] Enemy 1: Green_R(Clone) (UnityEngine.GameObject) (Card 12) did not match
[01:32:22] Top card: Blue_7(Clone) (CardProperties)
[01:32:22] Enemy 1: Red_0(Clone) (UnityEngine.GameObject) (Card 13) did not match
[01:32:22] Top card: Blue_7(Clone) (CardProperties)
[01:32:22] Enemy 1: Played Blue_7(Clone) (UnityEngine.GameObject) (Card 14)
[01:32:22] Turns: 0
[01:32:22] HasFoundMatch = False
[01:32:22] Top Deck Card:Blue_2(Clone) (UnityEngine.GameObject)
[01:32:22] Enemy 1: Drew Blue_2(Clone) (UnityEngine.GameObject)
[01:32:22] Enemy 1: Drew 1 cards
[01:32:22] Top card: Blue_7(Clone) (CardProperties)
[01:32:22] Player: Played Blue_7(Clone) (UnityEngine.GameObject)
[01:32:22] Turns: 3
[01:32:22] Turns: 3
[01:32:22] Top card: Blue_7(Clone) (UnityEngine.GameObject)
[01:32:22] Top card: Blue_7(Clone) (CardProperties)
[01:32:22] Enemy 3: Yellow_3(Clone) (UnityEngine.GameObject) (Card 0) did not match
[01:32:22] Top card: Blue_7(Clone) (CardProperties)
[01:32:22] Enemy 3: Played Blue_1(Clone) (UnityEngine.GameObject) (Card 1)
[01:32:22] Turns: 2
[01:32:22] HasFoundMatch = False
[01:32:22] Top Deck Card:Blue_3(Clone) (UnityEngine.GameObject)
[01:32:22] Enemy 3: Drew Blue_3(Clone) (UnityEngine.GameObject)
[01:32:22] Enemy 3: Drew 1 cards
[01:32:22] Top card: Blue_1(Clone) (CardProperties)
[01:32:22] Top card: Blue_1(Clone) (UnityEngine.GameObject)
[01:32:22] Top card: Blue_1(Clone) (CardProperties)
[01:32:22] Enemy 2: Green_2(Clone) (UnityEngine.GameObject) (Card 0) did not match
[01:32:22] Top card: Blue_1(Clone) (CardProperties)
[01:32:22] Enemy 2: Yellow_8(Clone) (UnityEngine.GameObject) (Card 1) did not match
[01:32:22] Top card: Blue_1(Clone) (CardProperties)
[01:32:22] Enemy 2: Played Blue_9(Clone) (UnityEngine.GameObject) (Card 2)
[01:32:22] Turns: 1
[01:32:22] HasFoundMatch = False
[01:32:22] Top Deck Card:Green_5(Clone) (UnityEngine.GameObject)
[01:32:22] Enemy 2: Drew Green_5(Clone) (UnityEngine.GameObject)
[01:32:22] Enemy 2: Drew 1 cards
[01:32:22] Top card: Blue_9(Clone) (CardProperties)
[01:32:22] Top card: Blue_9(Clone) (UnityEngine.GameObject)
[01:32:22] Top card: Blue_9(Clone) (CardProperties)
[01:32:22] Enemy 1: CardW(Clone) (UnityEngine.GameObject) (Card 0) did not match
[01:32:22] Top card: Blue_9(Clone) (CardProperties)
[01:32:22] Enemy 1: Green_R(Clone) (UnityEngine.GameObject) (Card 1) did not match
[01:32:22] Top card: Blue_9(Clone) (CardProperties)
[01:32:22] Enemy 1: Yellow_3(Clone) (UnityEngine.GameObject) (Card 2) did not match
[01:32:22] Top card: Blue_9(Clone) (CardProperties)
[01:32:22] Enemy 1: Green_4(Clone) (UnityEngine.GameObject) (Card 3) did not match
[01:32:22] Top card: Blue_9(Clone) (CardProperties)
[01:32:22] Enemy 1: Red_R(Clone) (UnityEngine.GameObject) (Card 4) did not match
[01:32:22] Top card: Blue_9(Clone) (CardProperties)
[01:32:22] Enemy 1: Red_5(Clone) (UnityEngine.GameObject) (Card 5) did not match
[01:32:22] Top card: Blue_9(Clone) (CardProperties)
[01:32:22] Enemy 1: Yellow_1(Clone) (UnityEngine.GameObject) (Card 6) did not match
[01:32:22] Top card: Blue_9(Clone) (CardProperties)
[01:32:22] Enemy 1: Red_1(Clone) (UnityEngine.GameObject) (Card 7) did not match
[01:32:22] Top card: Blue_9(Clone) (CardProperties)
[01:32:22] Enemy 1: Played Red_9(Clone) (UnityEngine.GameObject) (Card 8)
[01:32:22] Turns: 0
[01:32:22] HasFoundMatch = False
[01:32:22] Top Deck Card:CardW(Clone) (UnityEngine.GameObject)
[01:32:22] Enemy 1: Drew CardW(Clone) (UnityEngine.GameObject)
[01:32:22] Enemy 1: Drew 1 cards
[01:32:22] Top card: Red_9(Clone) (CardProperties)
[01:32:22] Player: Played Red_9(Clone) (UnityEngine.GameObject)
[01:32:22] Turns: 3
[01:32:22] Turns: 3
[01:32:22] Top card: Red_9(Clone) (UnityEngine.GameObject)
[01:32:22] Top card: Red_9(Clone) (CardProperties)
[01:32:22] Enemy 3: Yellow_3(Clone) (UnityEngine.GameObject) (Card 0) did not match
[01:32:22] Top card: Red_9(Clone) (CardProperties)
[01:32:22] Enemy 3: Blue_D(Clone) (UnityEngine.GameObject) (Card 1) did not match
[01:32:22] Top card: Red_9(Clone) (CardProperties)
[01:32:22] Enemy 3: Played Yellow_9(Clone) (UnityEngine.GameObject) (Card 2)
[01:32:22] Turns: 2
[01:32:22] HasFoundMatch = False
[01:32:22] Top Deck Card:Blue_S(Clone) (UnityEngine.GameObject)
[01:32:22] Enemy 3: Drew Blue_S(Clone) (UnityEngine.GameObject)
[01:32:22] Enemy 3: Drew 1 cards
[01:32:22] Top card: Yellow_9(Clone) (CardProperties)
[01:32:22] Enemy 3: Played Yellow_3(Clone) (UnityEngine.GameObject) (Card 0)
[01:32:22] Turns: 1
[01:32:22] Top card: Yellow_3(Clone) (UnityEngine.GameObject)
[01:32:22] Top card: Yellow_3(Clone) (CardProperties)
[01:32:22] Enemy 1: CardW(Clone) (UnityEngine.GameObject) (Card 0) did not match
[01:32:22] Top card: Yellow_3(Clone) (CardProperties)
[01:32:22] Enemy 1: Green_R(Clone) (UnityEngine.GameObject) (Card 1) did not match
[01:32:22] Top card: Yellow_3(Clone) (CardProperties)
[01:32:22] Enemy 1: Played Yellow_3(Clone) (UnityEngine.GameObject) (Card 2)
[01:32:22] Turns: 0
[01:32:22] HasFoundMatch = False
[01:32:22] Top Deck Card:Blue_5(Clone) (UnityEngine.GameObject)
[01:32:22] Enemy 1: Drew Blue_5(Clone) (UnityEngine.GameObject)
[01:32:22] Enemy 1: Drew 1 cards
[01:32:22] Top card: Yellow_3(Clone) (CardProperties)
[01:32:22] Player: Played Yellow_9(Clone) (UnityEngine.GameObject)
[01:32:22] Turns: 3
[01:32:22] Turns: 3
[01:32:22] Top card: Yellow_9(Clone) (UnityEngine.GameObject)
[01:32:22] Top card: Yellow_9(Clone) (CardProperties)
[01:32:22] Enemy 3: Blue_D(Clone) (UnityEngine.GameObject) (Card 0) did not match
[01:32:22] Top card: Yellow_9(Clone) (CardProperties)
[01:32:22] Enemy 3: Played Green_9(Clone) (UnityEngine.GameObject) (Card 1)
[01:32:22] Turns: 2
[01:32:22] HasFoundMatch = False
[01:32:22] Top Deck Card:Green_5(Clone) (UnityEngine.GameObject)
[01:32:22] Enemy 3: Drew Green_5(Clone) (UnityEngine.GameObject)
[01:32:22] Enemy 3: Drew 1 cards
[01:32:22] Top card: Green_9(Clone) (CardProperties)
[01:32:22] Top card: Green_9(Clone) (UnityEngine.GameObject)
[01:32:22] Top card: Green_9(Clone) (CardProperties)
[01:32:22] Enemy 2: Played Green_2(Clone) (UnityEngine.GameObject) (Card 0)
[01:32:22] Turns: 1
[01:32:22] HasFoundMatch = False
[01:32:22] Top Deck Card:Green_S(Clone) (UnityEngine.GameObject)
[01:32:22] Enemy 2: Drew Green_S(Clone) (UnityEngine.GameObject)
[01:32:22] Enemy 2: Drew 1 cards
[01:32:22] Top card: Green_2(Clone) (CardProperties)
[01:32:22] Top card: Green_2(Clone) (UnityEngine.GameObject)
[01:32:22] Top card: Green_2(Clone) (CardProperties)
[01:32:22] Enemy 1: CardW(Clone) (UnityEngine.GameObject) (Card 0) did not match
[01:32:22] Top card: Green_2(Clone) (CardProperties)
[01:32:22] Enemy 1: Played Green_R(Clone) (UnityEngine.GameObject) (Card 1)
[01:32:22] IsReversed: False
[01:32:22] Turns: 2
[01:32:22] HasFoundMatch = False
[01:32:22] Top Deck Card:Blue_9(Clone) (UnityEngine.GameObject)
[01:32:22] Enemy 1: Drew Blue_9(Clone) (UnityEngine.GameObject)
[01:32:22] Enemy 1: Drew 1 cards
[01:32:22] Top card: Green_R(Clone) (CardProperties)
[01:32:22] Top card: Green_R(Clone) (UnityEngine.GameObject)
[01:32:22] Top card: Green_R(Clone) (CardProperties)
[01:32:22] Enemy 2: Yellow_8(Clone) (UnityEngine.GameObject) (Card 0) did not match
[01:32:22] Top card: Green_R(Clone) (CardProperties)
[01:32:22] Enemy 2: Yellow_0(Clone) (UnityEngine.GameObject) (Card 1) did not match
[01:32:22] Top card: Green_R(Clone) (CardProperties)
[01:32:22] Enemy 2: Red_2(Clone) (UnityEngine.GameObject) (Card 2) did not match
[01:32:22] Top card: Green_R(Clone) (CardProperties)
[01:32:22] Enemy 2: Red_7(Clone) (UnityEngine.GameObject) (Card 3) did not match
[01:32:22] Top card: Green_R(Clone) (CardProperties)
[01:32:22] Enemy 2: Played Green_5(Clone) (UnityEngine.GameObject) (Card 4)
[01:32:22] Turns: 3
[01:32:22] HasFoundMatch = False
[01:32:22] Top Deck Card:Red_3(Clone) (UnityEngine.GameObject)
[01:32:22] Enemy 2: Drew Red_3(Clone) (UnityEngine.GameObject)
[01:32:22] Enemy 2: Drew 1 cards
[01:32:22] Top card: Green_5(Clone) (CardProperties)
[01:32:22] Top card: Green_5(Clone) (UnityEngine.GameObject)
[01:32:22] Top card: Green_5(Clone) (CardProperties)
[01:32:22] Enemy 3: Blue_D(Clone) (UnityEngine.GameObject) (Card 0) did not match
[01:32:22] Top card: Green_5(Clone) (CardProperties)
[01:32:22] Enemy 3: Played Green_8(Clone) (UnityEngine.GameObject) (Card 1)
[01:32:22] Turns: 0
[01:32:22] HasFoundMatch = False
[01:32:22] Top Deck Card:Yellow_S(Clone) (UnityEngine.GameObject)
[01:32:22] Enemy 3: Drew Yellow_S(Clone) (UnityEngine.GameObject)
[01:32:22] Enemy 3: Drew 1 cards
[01:32:22] Top card: Green_8(Clone) (CardProperties)
[01:32:22] Player: Played Blue_7(Clone) (UnityEngine.GameObject)
[01:32:22] Turns: 1
[01:32:22] Turns: 1
[01:32:22] Top card: Blue_7(Clone) (UnityEngine.GameObject)
[01:32:22] Top card: Blue_7(Clone) (CardProperties)
[01:32:22] Enemy 1: CardW(Clone) (UnityEngine.GameObject) (Card 0) did not match
[01:32:22] Top card: Blue_7(Clone) (CardProperties)
[01:32:22] Enemy 1: Green_4(Clone) (UnityEngine.GameObject) (Card 1) did not match
[01:32:22] Top card: Blue_7(Clone) (CardProperties)
[01:32:22] Enemy 1: Red_R(Clone) (UnityEngine.GameObject) (Card 2) did not match
[01:32:22] Top card: Blue_7(Clone) (CardProperties)
[01:32:22] Enemy 1: Red_5(Clone) (UnityEngine.GameObject) (Card 3) did not match
[01:32:22] Top card: Blue_7(Clone) (CardProperties)
[01:32:22] Enemy 1: Yellow_1(Clone) (UnityEngine.GameObject) (Card 4) did not match
[01:32:22] Top card: Blue_7(Clone) (CardProperties)
[01:32:22] Enemy 1: Red_1(Clone) (UnityEngine.GameObject) (Card 5) did not match
[01:32:22] Top card: Blue_7(Clone) (CardProperties)
[01:32:22] Enemy 1: Green_0(Clone) (UnityEngine.GameObject) (Card 6) did not match
[01:32:22] Top card: Blue_7(Clone) (CardProperties)
[01:32:22] Enemy 1: Yellow_R(Clone) (UnityEngine.GameObject) (Card 7) did not match
[01:32:22] Top card: Blue_7(Clone) (CardProperties)
[01:32:22] Enemy 1: Yellow_5(Clone) (UnityEngine.GameObject) (Card 8) did not match
[01:32:22] Top card: Blue_7(Clone) (CardProperties)
[01:32:22] Enemy 1: Green_R(Clone) (UnityEngine.GameObject) (Card 9) did not match
[01:32:22] Top card: Blue_7(Clone) (CardProperties)
[01:32:22] Enemy 1: Red_0(Clone) (UnityEngine.GameObject) (Card 10) did not match
[01:32:22] Top card: Blue_7(Clone) (CardProperties)
[01:32:22] Enemy 1: Played Blue_2(Clone) (UnityEngine.GameObject) (Card 11)
[01:32:22] Turns: 2
[01:32:22] HasFoundMatch = False
[01:32:22] Top Deck Card:Yellow_5(Clone) (UnityEngine.GameObject)
[01:32:22] Enemy 1: Drew Yellow_5(Clone) (UnityEngine.GameObject)
[01:32:22] Enemy 1: Drew 1 cards
[01:32:22] Top card: Blue_2(Clone) (CardProperties)
[01:32:22] Top card: Blue_2(Clone) (UnityEngine.GameObject)
[01:32:22] Top card: Blue_2(Clone) (CardProperties)
[01:32:22] Enemy 2: Yellow_8(Clone) (UnityEngine.GameObject) (Card 0) did not match
[01:32:22] Top card: Blue_2(Clone) (CardProperties)
[01:32:22] Enemy 2: Yellow_0(Clone) (UnityEngine.GameObject) (Card 1) did not match
[01:32:22] Top card: Blue_2(Clone) (CardProperties)
[01:32:22] Enemy 2: Played Red_2(Clone) (UnityEngine.GameObject) (Card 2)
[01:32:22] Turns: 3
[01:32:22] HasFoundMatch = False
[01:32:22] Top Deck Card:Blue_S(Clone) (UnityEngine.GameObject)
[01:32:22] Enemy 2: Drew Blue_S(Clone) (UnityEngine.GameObject)
[01:32:22] Enemy 2: Drew 1 cards
[01:32:22] Top card: Red_2(Clone) (CardProperties)
[01:32:22] Top card: Red_2(Clone) (UnityEngine.GameObject)
[01:32:22] Top card: Red_2(Clone) (CardProperties)
[01:32:22] Enemy 3: Blue_D(Clone) (UnityEngine.GameObject) (Card 0) did not match
[01:32:22] Top card: Red_2(Clone) (CardProperties)
[01:32:22] Enemy 3: Played Red_R(Clone) (UnityEngine.GameObject) (Card 1)
[01:32:22] IsReversed: True
[01:32:22] Turns: 2
[01:32:22] HasFoundMatch = False
[01:32:22] Top Deck Card:Yellow_2(Clone) (UnityEngine.GameObject)
[01:32:22] Enemy 3: Drew Yellow_2(Clone) (UnityEngine.GameObject)
[01:32:22] Enemy 3: Drew 1 cards
[01:32:22] Top card: Red_R(Clone) (CardProperties)
[01:32:22] Top card: Red_R(Clone) (UnityEngine.GameObject)
[01:32:22] Top card: Red_R(Clone) (CardProperties)
[01:32:22] Enemy 2: Yellow_8(Clone) (UnityEngine.GameObject) (Card 0) did not match
[01:32:22] Top card: Red_R(Clone) (CardProperties)
[01:32:22] Enemy 2: Yellow_0(Clone) (UnityEngine.GameObject) (Card 1) did not match
[01:32:22] Top card: Red_R(Clone) (CardProperties)
[01:32:22] Enemy 2: Played Red_7(Clone) (UnityEngine.GameObject) (Card 2)
[01:32:22] Turns: 1
[01:32:22] HasFoundMatch = False
[01:32:22] Top Deck Card:CardW(Clone) (UnityEngine.GameObject)
[01:32:22] Enemy 2: Drew CardW(Clone) (UnityEngine.GameObject)
[01:32:22] Enemy 2: Drew 1 cards
[01:32:22] Top card: Red_7(Clone) (CardProperties)
[01:32:22] Top card: Red_7(Clone) (UnityEngine.GameObject)
[01:32:22] Top card: Red_7(Clone) (CardProperties)
[01:32:22] Enemy 1: CardW(Clone) (UnityEngine.GameObject) (Card 0) did not match
[01:32:22] Top card: Red_7(Clone) (CardProperties)
[01:32:22] Enemy 1: Green_4(Clone) (UnityEngine.GameObject) (Card 1) did not match
[01:32:22] Top card: Red_7(Clone) (CardProperties)
[01:32:22] Enemy 1: Played Red_R(Clone) (UnityEngine.GameObject) (Card 2)
[01:32:22] IsReversed: False
[01:32:22] Turns: 2
[01:32:22] HasFoundMatch = False
[01:32:22] Top Deck Card:Yellow_7(Clone) (UnityEngine.GameObject)
[01:32:22] Enemy 1: Drew Yellow_7(Clone) (UnityEngine.GameObject)
[01:32:22] Enemy 1: Drew 1 cards
[01:32:22] Top card: Red_R(Clone) (CardProperties)
[01:32:22] Top card: Red_R(Clone) (UnityEngine.GameObject)
[01:32:22] Top card: Red_R(Clone) (CardProperties)
[01:32:22] Enemy 2: Yellow_8(Clone) (UnityEngine.GameObject) (Card 0) did not match
[01:32:22] Top card: Red_R(Clone) (CardProperties)
[01:32:22] Enemy 2: Yellow_0(Clone) (UnityEngine.GameObject) (Card 1) did not match
[01:32:22] Top card: Red_R(Clone) (CardProperties)
[01:32:22] Enemy 2: Green_S(Clone) (UnityEngine.GameObject) (Card 2) did not match
[01:32:22] Top card: Red_R(Clone) (CardProperties)
[01:32:22] Enemy 2: Played Red_3(Clone) (UnityEngine.GameObject) (Card 3)
[01:32:22] Turns: 3
[01:32:22] HasFoundMatch = False
[01:32:22] Top Deck Card:Blue_R(Clone) (UnityEngine.GameObject)
[01:32:22] Enemy 2: Drew Blue_R(Clone) (UnityEngine.GameObject)
[01:32:22] Enemy 2: Drew 1 cards
[01:32:22] Top card: Red_3(Clone) (CardProperties)
[01:32:22] Top card: Red_3(Clone) (UnityEngine.GameObject)
[01:32:22] Top card: Red_3(Clone) (CardProperties)
[01:32:22] Enemy 3: Blue_D(Clone) (UnityEngine.GameObject) (Card 0) did not match
[01:32:22] Top card: Red_3(Clone) (CardProperties)
[01:32:22] Enemy 3: Played Blue_3(Clone) (UnityEngine.GameObject) (Card 1)
[01:32:22] Turns: 0
[01:32:22] HasFoundMatch = False
[01:32:22] Top Deck Card:Red_7(Clone) (UnityEngine.GameObject)
[01:32:22] Enemy 3: Drew Red_7(Clone) (UnityEngine.GameObject)
[01:32:22] Enemy 3: Drew 1 cards
[01:32:22] Top card: Blue_3(Clone) (CardProperties)
[01:32:22] Enemy 3: Played Blue_D(Clone) (UnityEngine.GameObject) (Card 0)
[01:32:22] Turns: 1
[01:32:22] Top card: Blue_D(Clone) (UnityEngine.GameObject)
[01:32:22] Top Deck Card:Yellow_6(Clone) (UnityEngine.GameObject)
[01:32:22] Enemy 1: Drew Yellow_6(Clone) (UnityEngine.GameObject)
[01:32:22] Top Deck Card:Red_1(Clone) (UnityEngine.GameObject)
[01:32:22] Enemy 1: Drew Red_1(Clone) (UnityEngine.GameObject)
[01:32:22] Enemy 1: Drew 2 cards
[01:32:22] Skipped Enemy 1
[01:32:22] Top card: Blue_D(Clone) (UnityEngine.GameObject)
[01:32:22] Top card: Blue_D(Clone) (CardProperties)
[01:32:22] Enemy 2: Yellow_8(Clone) (UnityEngine.GameObject) (Card 0) did not match
[01:32:22] Top card: Blue_D(Clone) (CardProperties)
[01:32:22] Enemy 2: Yellow_0(Clone) (UnityEngine.GameObject) (Card 1) did not match
[01:32:22] Top card: Blue_D(Clone) (CardProperties)
[01:32:22] Enemy 2: Green_S(Clone) (UnityEngine.GameObject) (Card 2) did not match
[01:32:22] Top card: Blue_D(Clone) (CardProperties)
[01:32:22] Enemy 2: Played Blue_S(Clone) (UnityEngine.GameObject) (Card 3)
[01:32:22] Turns: 3
[01:32:22] HasFoundMatch = False
[01:32:22] Top Deck Card:Red_9(Clone) (UnityEngine.GameObject)
[01:32:22] Enemy 2: Drew Red_9(Clone) (UnityEngine.GameObject)
[01:32:22] Enemy 2: Drew 1 cards
[01:32:22] Top card: Blue_S(Clone) (CardProperties)
[01:32:22] Top card: Blue_S(Clone) (UnityEngine.GameObject)
[01:32:22] Skipped Enemy 3
[01:32:22] Player: Played Green_9(Clone) (UnityEngine.GameObject)
[01:32:22] Turns: 1
[01:32:22] Turns: 1
[01:32:22] Top card: Green_9(Clone) (UnityEngine.GameObject)
[01:32:22] Top card: Green_9(Clone) (CardProperties)
[01:32:22] Enemy 1: CardW(Clone) (UnityEngine.GameObject) (Card 0) did not match
[01:32:22] Top card: Green_9(Clone) (CardProperties)
[01:32:22] Enemy 1: Played Green_4(Clone) (UnityEngine.GameObject) (Card 1)
[01:32:22] Turns: 2
[01:32:22] HasFoundMatch = False
[01:32:22] Top Deck Card:Blue_8(Clone) (UnityEngine.GameObject)
[01:32:22] Enemy 1: Drew Blue_8(Clone) (UnityEngine.GameObject)
[01:32:22] Enemy 1: Drew 1 cards
[01:32:22] Top card: Green_4(Clone) (CardProperties)
[01:32:22] Top card: Green_4(Clone) (UnityEngine.GameObject)
[01:32:22] Top card: Green_4(Clone) (CardProperties)
[01:32:22] Enemy 2: Yellow_8(Clone) (UnityEngine.GameObject) (Card 0) did not match
[01:32:22] Top card: Green_4(Clone) (CardProperties)
[01:32:22] Enemy 2: Yellow_0(Clone) (UnityEngine.GameObject) (Card 1) did not match
[01:32:22] Top card: Green_4(Clone) (CardProperties)
[01:32:22] Enemy 2: Played Green_S(Clone) (UnityEngine.GameObject) (Card 2)
[01:32:22] Turns: 3
[01:32:22] HasFoundMatch = False
[01:32:22] Top Deck Card:Green_D(Clone) (UnityEngine.GameObject)
[01:32:22] Enemy 2: Drew Green_D(Clone) (UnityEngine.GameObject)
[01:32:22] Enemy 2: Drew 1 cards
[01:32:22] Top card: Green_S(Clone) (CardProperties)
[01:32:22] Top card: Green_S(Clone) (UnityEngine.GameObject)
[01:32:22] Skipped Enemy 3
[01:32:22] Player: Played Green_9(Clone) (UnityEngine.GameObject)
[01:32:22] Turns: 1
[01:32:22] Turns: 1
[01:32:22] Top card: Green_9(Clone) (UnityEngine.GameObject)
[01:32:22] Top card: Green_9(Clone) (CardProperties)
[01:32:22] Enemy 1: CardW(Clone) (UnityEngine.GameObject) (Card 0) did not match
[01:32:22] Top card: Green_9(Clone) (CardProperties)
[01:32:22] Enemy 1: Red_5(Clone) (UnityEngine.GameObject) (Card 1) did not match
[01:32:22] Top card: Green_9(Clone) (CardProperties)
[01:32:22] Enemy 1: Yellow_1(Clone) (UnityEngine.GameObject) (Card 2) did not match
[01:32:22] Top card: Green_9(Clone) (CardProperties)
[01:32:22] Enemy 1: Red_1(Clone) (UnityEngine.GameObject) (Card 3) did not match
[01:32:22] Top card: Green_9(Clone) (CardProperties)
[01:32:22] Enemy 1: Played Green_0(Clone) (UnityEngine.GameObject) (Card 4)
[01:32:22] Turns: 2
[01:32:22] HasFoundMatch = False
[01:32:22] Top Deck Card:Yellow_S(Clone) (UnityEngine.GameObject)
[01:32:22] Enemy 1: Drew Yellow_S(Clone) (UnityEngine.GameObject)
[01:32:22] Enemy 1: Drew 1 cards
[01:32:22] Top card: Green_0(Clone) (CardProperties)
[01:32:22] Top card: Green_0(Clone) (UnityEngine.GameObject)
[01:32:22] Top card: Green_0(Clone) (CardProperties)
[01:32:22] Enemy 2: Yellow_8(Clone) (UnityEngine.GameObject) (Card 0) did not match
[01:32:22] Top card: Green_0(Clone) (CardProperties)
[01:32:22] Enemy 2: Played Yellow_0(Clone) (UnityEngine.GameObject) (Card 1)
[01:32:22] Turns: 3
[01:32:22] HasFoundMatch = False
[01:32:22] Top Deck Card:Green_6(Clone) (UnityEngine.GameObject)
[01:32:22] Enemy 2: Drew Green_6(Clone) (UnityEngine.GameObject)
[01:32:22] Enemy 2: Drew 1 cards
[01:32:22] Top card: Yellow_0(Clone) (CardProperties)
[01:32:22] Enemy 2: Played Yellow_8(Clone) (UnityEngine.GameObject) (Card 0)
[01:32:22] Turns: 0
[01:32:22] Player: Played Yellow_3(Clone) (UnityEngine.GameObject)
[01:32:22] Turns: 1
[01:32:22] Turns: 1
[01:32:22] Top card: Yellow_3(Clone) (UnityEngine.GameObject)
[01:32:22] Top card: Yellow_3(Clone) (CardProperties)
[01:32:22] Enemy 1: CardW(Clone) (UnityEngine.GameObject) (Card 0) did not match
[01:32:22] Top card: Yellow_3(Clone) (CardProperties)
[01:32:22] Enemy 1: Red_5(Clone) (UnityEngine.GameObject) (Card 1) did not match
[01:32:22] Top card: Yellow_3(Clone) (CardProperties)
[01:32:22] Enemy 1: Played Yellow_1(Clone) (UnityEngine.GameObject) (Card 2)
[01:32:22] Turns: 2
[01:32:22] HasFoundMatch = False
[01:32:22] Top Deck Card:Blue_R(Clone) (UnityEngine.GameObject)
[01:32:22] Enemy 1: Drew Blue_R(Clone) (UnityEngine.GameObject)
[01:32:22] Enemy 1: Drew 1 cards
[01:32:22] Top card: Yellow_1(Clone) (CardProperties)
[01:32:22] Top card: Yellow_1(Clone) (UnityEngine.GameObject)
[01:32:22] Top card: Yellow_1(Clone) (CardProperties)
[01:32:22] Enemy 2: CardW(Clone) (UnityEngine.GameObject) (Card 0) did not match
[01:32:22] Top card: Yellow_1(Clone) (CardProperties)
[01:32:22] Enemy 2: Blue_R(Clone) (UnityEngine.GameObject) (Card 1) did not match
[01:32:22] Top card: Yellow_1(Clone) (CardProperties)
[01:32:22] Enemy 2: Red_9(Clone) (UnityEngine.GameObject) (Card 2) did not match
[01:32:22] Top card: Yellow_1(Clone) (CardProperties)
[01:32:22] Enemy 2: Green_D(Clone) (UnityEngine.GameObject) (Card 3) did not match
[01:32:22] Top card: Yellow_1(Clone) (CardProperties)
[01:32:22] Enemy 2: Green_6(Clone) (UnityEngine.GameObject) (Card 4) did not match
[01:32:22] HasFoundMatch = False
[01:32:22] Top Deck Card:Green_2(Clone) (UnityEngine.GameObject)
[01:32:22] Enemy 2: Drew Green_2(Clone) (UnityEngine.GameObject)
[01:32:22] Enemy 2: Drew 1 cards
[01:32:22] Top card: Yellow_1(Clone) (CardProperties)
[01:32:22] Top card: Yellow_1(Clone) (UnityEngine.GameObject)
[01:32:22] Top card: Yellow_1(Clone) (CardProperties)
[01:32:22] Enemy 2: CardW(Clone) (UnityEngine.GameObject) (Card 0) did not match
[01:32:22] Top card: Yellow_1(Clone) (CardProperties)
[01:32:22] Enemy 2: Blue_R(Clone) (UnityEngine.GameObject) (Card 1) did not match
[01:32:22] Top card: Yellow_1(Clone) (CardProperties)
[01:32:22] Enemy 2: Red_9(Clone) (UnityEngine.GameObject) (Card 2) did not match
[01:32:22] Top card: Yellow_1(Clone) (CardProperties)
[01:32:22] Enemy 2: Green_D(Clone) (UnityEngine.GameObject) (Card 3) did not match
[01:32:22] Top card: Yellow_1(Clone) (CardProperties)
[01:32:22] Enemy 2: Green_6(Clone) (UnityEngine.GameObject) (Card 4) did not match
[01:32:22] Top card: Yellow_1(Clone) (CardProperties)
[01:32:22] Enemy 2: Green_2(Clone) (UnityEngine.GameObject) (Card 5) did not match
[01:32:22] HasFoundMatch = False
[01:32:22] Top Deck Card:Yellow_D(Clone) (UnityEngine.GameObject)
[01:32:22] Enemy 2: Drew Yellow_D(Clone) (UnityEngine.GameObject)
[01:32:22] Enemy 2: Drew 1 cards
[01:32:22] Top card: Yellow_1(Clone) (CardProperties)
[01:32:22] Top card: Yellow_1(Clone) (UnityEngine.GameObject)
[01:32:22] Top card: Yellow_1(Clone) (CardProperties)
[01:32:22] Enemy 2: CardW(Clone) (UnityEngine.GameObject) (Card 0) did not match
[01:32:22] Top card: Yellow_1(Clone) (CardProperties)
[01:32:22] Enemy 2: Blue_R(Clone) (UnityEngine.GameObject) (Card 1) did not match
[01:32:22] Top card: Yellow_1(Clone) (CardProperties)
[01:32:22] Enemy 2: Red_9(Clone) (UnityEngine.GameObject) (Card 2) did not match
[01:32:22] Top card: Yellow_1(Clone) (CardProperties)
[01:32:22] Enemy 2: Green_D(Clone) (UnityEngine.GameObject) (Card 3) did not match
[01:32:22] Top card: Yellow_1(Clone) (CardProperties)
[01:32:22] Enemy 2: Green_6(Clone) (UnityEngine.GameObject) (Card 4) did not match
[01:32:22] Top card: Yellow_1(Clone) (CardProperties)
[01:32:22] Enemy 2: Green_2(Clone) (UnityEngine.GameObject) (Card 5) did not match
[01:32:22] Top card: Yellow_1(Clone) (CardProperties)
[01:32:22] Enemy 2: Played Yellow_D(Clone) (UnityEngine.GameObject) (Card 6)
[01:32:22] Turns: 3
[01:32:22] HasFoundMatch = False
[01:32:22] Top Deck Card:Green_8(Clone) (UnityEngine.GameObject)
[01:32:22] Enemy 2: Drew Green_8(Clone) (UnityEngine.GameObject)
[01:32:22] Enemy 2: Drew 1 cards
[01:32:22] Top card: Yellow_D(Clone) (CardProperties)
[01:32:22] Top card: Yellow_D(Clone) (UnityEngine.GameObject)
[01:32:22] Top Deck Card:Blue_8(Clone) (UnityEngine.GameObject)
[01:32:22] Enemy 3: Drew Blue_8(Clone) (UnityEngine.GameObject)
[01:32:22] Top Deck Card:Green_6(Clone) (UnityEngine.GameObject)
[01:32:22] Enemy 3: Drew Green_6(Clone) (UnityEngine.GameObject)
[01:32:22] Enemy 3: Drew 2 cards
[01:32:22] Skipped Enemy 3
[01:32:22] Player: Played Yellow_D(Clone) (UnityEngine.GameObject)
[01:32:22] Turns: 1
[01:32:22] Turns: 1
[01:32:22] Top card: Yellow_D(Clone) (UnityEngine.GameObject)
[01:32:22] Top card: Yellow_D(Clone) (CardProperties)
[01:32:22] Enemy 1: CardW(Clone) (UnityEngine.GameObject) (Card 0) did not match
[01:32:22] Top card: Yellow_D(Clone) (CardProperties)
[01:32:22] Enemy 1: Red_5(Clone) (UnityEngine.GameObject) (Card 1) did not match
[01:32:22] Top card: Yellow_D(Clone) (CardProperties)
[01:32:22] Enemy 1: Red_1(Clone) (UnityEngine.GameObject) (Card 2) did not match
[01:32:22] Top card: Yellow_D(Clone) (CardProperties)
[01:32:22] Enemy 1: Played Yellow_R(Clone) (UnityEngine.GameObject) (Card 3)
[01:32:22] IsReversed: True
[01:32:22] Turns: 0
[01:32:22] HasFoundMatch = False
[01:32:22] Top Deck Card:Red_8(Clone) (UnityEngine.GameObject)
[01:32:22] Enemy 1: Drew Red_8(Clone) (UnityEngine.GameObject)
[01:32:22] Enemy 1: Drew 1 cards
[01:32:22] Top card: Yellow_R(Clone) (CardProperties)
[05:35:43] Top card: 
[05:35:43] Delt cards
[06:08:40] Top card: 
[06:08:40] Delt cards
[06:08:40] Player: Played Blue_D
[06:08:40] Player: Played Blue_D(Clone) (UnityEngine.GameObject)
[06:08:40] Turns: 1
[06:08:40] Turns: 1
[06:08:40] Top card: Blue_D(Clone) (UnityEngine.GameObject)
[06:08:40] Top Deck Card:Green_5(Clone) (UnityEngine.GameObject)
[06:08:40] Enemy 1: Drew Green_5(Clone) (UnityEngine.GameObject)
[06:08:40] Top Deck Card:Green_5(Clone) (UnityEngine.GameObject)
[06:08:40] Enemy 1: Drew Green_5(Clone) (UnityEngine.GameObject)
[06:08:40] Enemy 1: Drew 2 cards
[06:08:40] Skipped Enemy 1
[06:08:40] Top card: Blue_D(Clone) (UnityEngine.GameObject)
[06:08:40] Top card: Blue_D(Clone) (CardProperties)
[06:08:40] Enemy 2: Red_1(Clone) (UnityEngine.GameObject) (Card 0) did not match
[06:08:40] Enemy 2: Yellow_8(Clone) (UnityEngine.GameObject) (Card 1) did not match
[06:08:40] Enemy 2: Yellow_9(Clone) (UnityEngine.GameObject) (Card 2) did not match
[06:08:40] Enemy 2: Played Blue_1(Clone) (UnityEngine.GameObject) (Card 3)
[06:08:40] Turns: 3
[06:08:40] Top card: Blue_1(Clone) (UnityEngine.GameObject)
[06:08:40] Top card: Blue_1(Clone) (CardProperties)
[06:08:40] Enemy 3: Green_9(Clone) (UnityEngine.GameObject) (Card 0) did not match
[06:08:40] Enemy 3: Played Blue_9(Clone) (UnityEngine.GameObject) (Card 1)
[06:08:40] Turns: 0
