[04:59:25] Top card: 
[04:59:25] Delt cards
[09:29:59] Top card: 
[09:29:59] Delt cards
[09:29:59] Player: Played Green_8
[09:29:59] Turns: 1
[09:29:59] Turns: 1
[09:29:59] Top card: Green_8(Clone) (UnityEngine.GameObject)
[09:29:59] Top card: Green_8(Clone) (CardProperties)
[09:29:59] Enemy 1: Blue_S(Clone) (UnityEngine.GameObject) (Card 0) did not match
[09:29:59] Enemy 1: Red_0(Clone) (UnityEngine.GameObject) (Card 1) did not match
[09:29:59] Enemy 1: Played Yellow_8(Clone) (UnityEngine.GameObject) (Card 2)
[09:29:59] Turns: 2
[09:29:59] Top card: Yellow_8(Clone) (UnityEngine.GameObject)
[09:29:59] Top card: Yellow_8(Clone) (CardProperties)
[09:29:59] Enemy 2: Blue_D(Clone) (UnityEngine.GameObject) (Card 0) did not match
[09:29:59] Enemy 2: Green_5(Clone) (UnityEngine.GameObject) (Card 1) did not match
[09:29:59] Enemy 2: Green_9(Clone) (UnityEngine.GameObject) (Card 2) did not match
[09:29:59] Enemy 2: Green_S(Clone) (UnityEngine.GameObject) (Card 3) did not match
[09:29:59] Enemy 2: Green_3(Clone) (UnityEngine.GameObject) (Card 4) did not match
[09:29:59] Enemy 2: Played Yellow_S(Clone) (UnityEngine.GameObject) (Card 5)
[09:29:59] Turns: 3
[09:29:59] Top card: Yellow_S(Clone) (UnityEngine.GameObject)
[09:29:59] Skipped Enemy 3
[09:29:59] Player: Played Blue_0
[09:29:59] Turns: 1
[09:29:59] Turns: 1
[09:29:59] Top card: Blue_0(Clone) (UnityEngine.GameObject)
[09:29:59] Top card: Blue_0(Clone) (CardProperties)
[09:29:59] Enemy 1: Played Blue_S(Clone) (UnityEngine.GameObject) (Card 0)
[09:29:59] Turns: 2
[09:29:59] Top card: Blue_S(Clone) (UnityEngine.GameObject)
[09:29:59] Skipped Enemy 2
[09:29:59] Top card: Blue_S(Clone) (UnityEngine.GameObject)
[09:29:59] Top card: Blue_S(Clone) (CardProperties)
[09:29:59] Enemy 3: Red_D(Clone) (UnityEngine.GameObject) (Card 0) did not match
[09:29:59] Enemy 3: Green_6(Clone) (UnityEngine.GameObject) (Card 1) did not match
[09:29:59] Enemy 3: Yellow_3(Clone) (UnityEngine.GameObject) (Card 2) did not match
[09:29:59] Enemy 3: CardW4(Clone) (UnityEngine.GameObject) (Card 3) did not match
[09:29:59] Enemy 3: Green_1(Clone) (UnityEngine.GameObject) (Card 4) did not match
[09:29:59] Enemy 3: Played Blue_2(Clone) (UnityEngine.GameObject) (Card 5)
[09:29:59] Turns: 0
[09:29:59] Player: Played Blue_1
[09:29:59] Turns: 1
[09:29:59] Turns: 1
[09:29:59] Top card: Blue_1(Clone) (UnityEngine.GameObject)
[09:29:59] Top card: Blue_1(Clone) (CardProperties)
[09:29:59] Enemy 1: Red_0(Clone) (UnityEngine.GameObject) (Card 0) did not match
[09:29:59] Enemy 1: Yellow_7(Clone) (UnityEngine.GameObject) (Card 1) did not match
[09:29:59] Enemy 1: Yellow_5(Clone) (UnityEngine.GameObject) (Card 2) did not match
[09:29:59] Enemy 1: Green_S(Clone) (UnityEngine.GameObject) (Card 3) did not match
[09:29:59] Enemy 1: Played Blue_9(Clone) (UnityEngine.GameObject) (Card 4)
[09:29:59] Turns: 2
[09:29:59] Top card: Blue_9(Clone) (UnityEngine.GameObject)
[09:29:59] Top card: Blue_9(Clone) (CardProperties)
[09:29:59] Enemy 2: Played Blue_D(Clone) (UnityEngine.GameObject) (Card 0)
[09:29:59] Turns: 3
[09:29:59] Top card: Blue_D(Clone) (UnityEngine.GameObject)
[09:29:59] Top Deck Card:Red_1(Clone) (UnityEngine.GameObject)
[09:29:59] Enemy 3: Drew Red_1(Clone) (UnityEngine.GameObject)
[09:29:59] Top Deck Card:Blue_1(Clone) (UnityEngine.GameObject)
[09:29:59] Enemy 3: Drew Blue_1(Clone) (UnityEngine.GameObject)
[09:29:59] Enemy 3: Drew 2 cards
[09:29:59] Skipped Enemy 3
[09:29:59] Player: Played Yellow_8
[09:29:59] Turns: 1
[09:29:59] Turns: 1
[09:29:59] Top card: Yellow_8(Clone) (UnityEngine.GameObject)
[09:29:59] Top card: Yellow_8(Clone) (CardProperties)
[09:29:59] Enemy 1: Red_0(Clone) (UnityEngine.GameObject) (Card 0) did not match
[09:29:59] Enemy 1: Played Yellow_7(Clone) (UnityEngine.GameObject) (Card 1)
[09:29:59] Turns: 2
[09:29:59] Top card: Yellow_7(Clone) (UnityEngine.GameObject)
[09:29:59] Top card: Yellow_7(Clone) (CardProperties)
[09:29:59] Enemy 2: Green_5(Clone) (UnityEngine.GameObject) (Card 0) did not match
[09:29:59] Enemy 2: Green_9(Clone) (UnityEngine.GameObject) (Card 1) did not match
[09:29:59] Enemy 2: Green_S(Clone) (UnityEngine.GameObject) (Card 2) did not match
[09:29:59] Enemy 2: Green_3(Clone) (UnityEngine.GameObject) (Card 3) did not match
[09:29:59] Enemy 2: Played Yellow_9(Clone) (UnityEngine.GameObject) (Card 4)
[09:29:59] Turns: 3
[09:29:59] Top card: Yellow_9(Clone) (UnityEngine.GameObject)
[09:29:59] Top card: Yellow_9(Clone) (CardProperties)
[09:29:59] Enemy 3: Red_D(Clone) (UnityEngine.GameObject) (Card 0) did not match
[09:29:59] Enemy 3: Green_6(Clone) (UnityEngine.GameObject) (Card 1) did not match
[09:29:59] Enemy 3: Played Yellow_3(Clone) (UnityEngine.GameObject) (Card 2)
[09:29:59] Turns: 0
[09:29:59] Player: Played Blue_R
[09:29:59] Turns: 3
[09:29:59] Turns: 3
[09:29:59] Top card: Blue_R(Clone) (UnityEngine.GameObject)
[09:29:59] Top card: Blue_R(Clone) (CardProperties)
[09:29:59] Enemy 3: Red_D(Clone) (UnityEngine.GameObject) (Card 0) did not match
[09:29:59] Enemy 3: Green_6(Clone) (UnityEngine.GameObject) (Card 1) did not match
[09:29:59] Enemy 3: CardW4(Clone) (UnityEngine.GameObject) (Card 2) did not match
[09:29:59] Enemy 3: Green_1(Clone) (UnityEngine.GameObject) (Card 3) did not match
[09:29:59] Enemy 3: Green_R(Clone) (UnityEngine.GameObject) (Card 4) did not match
[09:29:59] Enemy 3: Red_1(Clone) (UnityEngine.GameObject) (Card 5) did not match
[09:29:59] Enemy 3: Played Blue_1(Clone) (UnityEngine.GameObject) (Card 6)
[09:29:59] Turns: 2
[09:29:59] Top card: Blue_1(Clone) (UnityEngine.GameObject)
[09:29:59] Top card: Blue_1(Clone) (CardProperties)
[09:29:59] Enemy 2: Green_5(Clone) (UnityEngine.GameObject) (Card 0) did not match
[09:29:59] Enemy 2: Green_9(Clone) (UnityEngine.GameObject) (Card 1) did not match
[09:29:59] Enemy 2: Green_S(Clone) (UnityEngine.GameObject) (Card 2) did not match
[09:29:59] Enemy 2: Green_3(Clone) (UnityEngine.GameObject) (Card 3) did not match
[09:29:59] HasFoundMatch = False
[09:29:59] Top Deck Card:Red_8(Clone) (UnityEngine.GameObject)
[09:29:59] Enemy 2: Drew Red_8(Clone) (UnityEngine.GameObject)
[09:29:59] Enemy 2: Drew 1 cards
[09:29:59] Turns: 1
[09:29:59] Top card: Blue_1(Clone) (UnityEngine.GameObject)
[09:29:59] Top card: Blue_1(Clone) (CardProperties)
[09:29:59] Enemy 1: Red_0(Clone) (UnityEngine.GameObject) (Card 0) did not match
[09:29:59] Enemy 1: Yellow_5(Clone) (UnityEngine.GameObject) (Card 1) did not match
[09:29:59] Enemy 1: Green_S(Clone) (UnityEngine.GameObject) (Card 2) did not match
[09:29:59] HasFoundMatch = False
[09:29:59] Top Deck Card:Red_1(Clone) (UnityEngine.GameObject)
[09:29:59] Enemy 1: Drew Red_1(Clone) (UnityEngine.GameObject)
[09:29:59] Enemy 1: Drew 1 cards
[09:29:59] Turns: 0
[09:29:59] Player: Played Red_R
[09:29:59] Turns: 1
[09:29:59] Turns: 1
[09:29:59] Top card: Red_R(Clone) (UnityEngine.GameObject)
[09:29:59] Top card: Red_R(Clone) (CardProperties)
[09:29:59] Enemy 1: Played Red_0(Clone) (UnityEngine.GameObject) (Card 0)
[09:29:59] Turns: 2
[09:29:59] Top card: Red_0(Clone) (UnityEngine.GameObject)
[09:29:59] Top card: Red_0(Clone) (CardProperties)
[09:29:59] Enemy 2: Green_5(Clone) (UnityEngine.GameObject) (Card 0) did not match
[09:29:59] Enemy 2: Green_9(Clone) (UnityEngine.GameObject) (Card 1) did not match
[09:29:59] Enemy 2: Green_S(Clone) (UnityEngine.GameObject) (Card 2) did not match
[09:29:59] Enemy 2: Green_3(Clone) (UnityEngine.GameObject) (Card 3) did not match
[09:29:59] Enemy 2: Played Red_8(Clone) (UnityEngine.GameObject) (Card 4)
[09:29:59] Turns: 3
[09:29:59] Top card: Red_8(Clone) (UnityEngine.GameObject)
[09:29:59] Top card: Red_8(Clone) (CardProperties)
[09:29:59] Enemy 3: Played Red_D(Clone) (UnityEngine.GameObject) (Card 0)
[09:29:59] Turns: 0
[09:29:59] Player: Played Red_R
[09:29:59] Turns: 3
[09:29:59] Turns: 3
[09:29:59] Top card: Red_R(Clone) (UnityEngine.GameObject)
[09:29:59] Top card: Red_R(Clone) (CardProperties)
[09:29:59] Enemy 3: Green_6(Clone) (UnityEngine.GameObject) (Card 0) did not match
[09:29:59] Enemy 3: CardW4(Clone) (UnityEngine.GameObject) (Card 1) did not match
[09:29:59] Enemy 3: Green_1(Clone) (UnityEngine.GameObject) (Card 2) did not match
[09:29:59] Enemy 3: Green_R(Clone) (UnityEngine.GameObject) (Card 3) did not match
[09:29:59] Enemy 3: Played Red_1(Clone) (UnityEngine.GameObject) (Card 4)
[09:29:59] Turns: 2
[09:29:59] Top card: Red_1(Clone) (UnityEngine.GameObject)
[09:29:59] Top card: Red_1(Clone) (CardProperties)
[09:29:59] Enemy 2: Green_5(Clone) (UnityEngine.GameObject) (Card 0) did not match
[09:29:59] Enemy 2: Green_9(Clone) (UnityEngine.GameObject) (Card 1) did not match
[09:29:59] Enemy 2: Green_S(Clone) (UnityEngine.GameObject) (Card 2) did not match
[09:29:59] Enemy 2: Green_3(Clone) (UnityEngine.GameObject) (Card 3) did not match
[09:29:59] HasFoundMatch = False
[09:29:59] Top Deck Card:Red_D(Clone) (UnityEngine.GameObject)
[09:29:59] Enemy 2: Drew Red_D(Clone) (UnityEngine.GameObject)
[09:29:59] Enemy 2: Drew 1 cards
[09:29:59] Turns: 1
[09:29:59] Top card: Red_1(Clone) (UnityEngine.GameObject)
[09:29:59] Top card: Red_1(Clone) (CardProperties)
[09:29:59] Enemy 1: Yellow_5(Clone) (UnityEngine.GameObject) (Card 0) did not match
[09:29:59] Enemy 1: Green_S(Clone) (UnityEngine.GameObject) (Card 1) did not match
[09:29:59] Enemy 1: Played Red_1(Clone) (UnityEngine.GameObject) (Card 2)
[09:29:59] Turns: 0
