[02:27:21] Top card: 
[02:27:21] Delt cards
[02:27:21] Top card: Green_D(Clone) (UnityEngine.GameObject)
[02:27:21] Top card: Green_D(Clone) (UnityEngine.GameObject)
[02:27:21] Top card: Green_D(Clone) (UnityEngine.GameObject)
[02:27:21] Top card: Green_D(Clone) (UnityEngine.GameObject)
[02:27:21] Top card: Green_D(Clone) (UnityEngine.GameObject)
[02:27:21] Top card: Green_D(Clone) (UnityEngine.GameObject)
[02:27:21] Top card: Green_D(Clone) (UnityEngine.GameObject)
[02:27:21] Top card: Green_D(Clone) (UnityEngine.GameObject)
[02:27:21] Top card: Green_D(Clone) (UnityEngine.GameObject)
[02:27:21] Top card: Green_D(Clone) (UnityEngine.GameObject)
[02:27:21] Top card: Green_D(Clone) (UnityEngine.GameObject)
[02:27:21] Top card: Green_D(Clone) (UnityEngine.GameObject)
[02:27:21] Top card: Green_D(Clone) (UnityEngine.GameObject)
[02:27:21] Top card: Green_D(Clone) (UnityEngine.GameObject)
[02:27:21] Top card: Green_D(Clone) (UnityEngine.GameObject)
[02:27:21] Top card: Green_D(Clone) (UnityEngine.GameObject)
[02:27:21] Top card: Green_D(Clone) (UnityEngine.GameObject)
[02:27:21] Top card: Green_D(Clone) (UnityEngine.GameObject)
[02:27:21] Top card: Green_D(Clone) (UnityEngine.GameObject)
[02:27:21] Top card: Green_D(Clone) (UnityEngine.GameObject)
[02:27:21] Top card: Green_D(Clone) (UnityEngine.GameObject)
[02:27:21] Top card: Green_D(Clone) (UnityEngine.GameObject)
[02:27:21] Top card: Green_D(Clone) (UnityEngine.GameObject)
[02:27:21] Top card: Green_D(Clone) (UnityEngine.GameObject)
[02:27:21] Top card: Green_D(Clone) (UnityEngine.GameObject)
[02:27:21] Top card: Green_D(Clone) (UnityEngine.GameObject)
[02:27:21] Top card: Green_D(Clone) (UnityEngine.GameObject)
[02:27:21] Top card: Green_D(Clone) (UnityEngine.GameObject)
[02:27:21] Turns: 1
[02:27:21] Player: Played Green_1(Clone) (UnityEngine.GameObject)
[02:27:21] Turns: 1
[02:27:21] DiscardCounter: 1
[02:27:21] Top card: Green_1(Clone) (UnityEngine.GameObject)
[02:27:21] Top card: Green_1(Clone) (UnityEngine.GameObject)
[02:27:21] Enemy 1: Yellow_8(Clone) (UnityEngine.GameObject) (Card 0) did not match
[02:27:21] Enemy 1: Played Green_S(Clone) (UnityEngine.GameObject) (Card 1)
[02:27:21] Turns: 2
[02:27:21] Top card: Green_S(Clone) (UnityEngine.GameObject)
[02:27:21] Skipped Enemy 2
[02:27:21] Top card: Green_S(Clone) (UnityEngine.GameObject)
[02:27:21] Top card: Green_S(Clone) (UnityEngine.GameObject)
[02:27:21] Enemy 3: Yellow_1(Clone) (UnityEngine.GameObject) (Card 0) did not match
[02:27:21] Enemy 3: Blue_3(Clone) (UnityEngine.GameObject) (Card 1) did not match
[02:27:21] Enemy 3: Yellow_5(Clone) (UnityEngine.GameObject) (Card 2) did not match
[02:27:21] Enemy 3: Red_9(Clone) (UnityEngine.GameObject) (Card 3) did not match
[02:27:21] Enemy 3: Blue_0(Clone) (UnityEngine.GameObject) (Card 4) did not match
[02:27:21] Enemy 3: Yellow_2(Clone) (UnityEngine.GameObject) (Card 5) did not match
[02:27:21] Top Deck Card:Red_1(Clone) (UnityEngine.GameObject)
[02:27:21] Enemy 3: Drew Red_1(Clone) (UnityEngine.GameObject)
[02:27:21] Enemy 3: Drew 1 cards
[02:27:21] Enemy 3: Does not have a match
[02:27:21] Top card: Green_S(Clone) (UnityEngine.GameObject)
[02:27:21] Enemy 3: Yellow_1(Clone) (UnityEngine.GameObject) (Card 0) did not match
[02:27:21] Enemy 3: Blue_3(Clone) (UnityEngine.GameObject) (Card 1) did not match
[02:27:21] Enemy 3: Yellow_5(Clone) (UnityEngine.GameObject) (Card 2) did not match
[02:27:21] Enemy 3: Red_9(Clone) (UnityEngine.GameObject) (Card 3) did not match
[02:27:21] Enemy 3: Blue_0(Clone) (UnityEngine.GameObject) (Card 4) did not match
[02:27:21] Enemy 3: Yellow_2(Clone) (UnityEngine.GameObject) (Card 5) did not match
[02:27:21] Enemy 3: Yellow_7(Clone) (UnityEngine.GameObject) (Card 6) did not match
[02:27:21] Top Deck Card:CardW4(Clone) (UnityEngine.GameObject)
[02:27:21] Enemy 3: Drew CardW4(Clone) (UnityEngine.GameObject)
[02:27:21] Enemy 3: Drew 1 cards
[02:27:21] Enemy 3: Does not have a match
[02:27:21] Top card: Green_S(Clone) (UnityEngine.GameObject)
[02:27:21] Enemy 3: Yellow_1(Clone) (UnityEngine.GameObject) (Card 0) did not match
[02:27:21] Enemy 3: Blue_3(Clone) (UnityEngine.GameObject) (Card 1) did not match
[02:27:21] Enemy 3: Yellow_5(Clone) (UnityEngine.GameObject) (Card 2) did not match
[02:27:21] Enemy 3: Red_9(Clone) (UnityEngine.GameObject) (Card 3) did not match
[02:27:21] Enemy 3: Blue_0(Clone) (UnityEngine.GameObject) (Card 4) did not match
[02:27:21] Enemy 3: Yellow_2(Clone) (UnityEngine.GameObject) (Card 5) did not match
[02:27:21] Enemy 3: Yellow_7(Clone) (UnityEngine.GameObject) (Card 6) did not match
[02:27:21] Enemy 3: Red_1(Clone) (UnityEngine.GameObject) (Card 7) did not match
[02:27:21] Top Deck Card:Green_D(Clone) (UnityEngine.GameObject)
[02:27:21] Enemy 3: Drew Green_D(Clone) (UnityEngine.GameObject)
[02:27:21] Enemy 3: Drew 1 cards
[02:27:21] Enemy 3: Does not have a match
[02:27:21] Top card: Green_S(Clone) (UnityEngine.GameObject)
[02:27:21] Enemy 3: Yellow_1(Clone) (UnityEngine.GameObject) (Card 0) did not match
[02:27:21] Enemy 3: Blue_3(Clone) (UnityEngine.GameObject) (Card 1) did not match
[02:27:21] Enemy 3: Yellow_5(Clone) (UnityEngine.GameObject) (Card 2) did not match
[02:27:21] Enemy 3: Red_9(Clone) (UnityEngine.GameObject) (Card 3) did not match
[02:27:21] Enemy 3: Blue_0(Clone) (UnityEngine.GameObject) (Card 4) did not match
[02:27:21] Enemy 3: Yellow_2(Clone) (UnityEngine.GameObject) (Card 5) did not match
[02:27:21] Enemy 3: Yellow_7(Clone) (UnityEngine.GameObject) (Card 6) did not match
[02:27:21] Enemy 3: Red_1(Clone) (UnityEngine.GameObject) (Card 7) did not match
[02:27:21] Enemy 3: CardW4(Clone) (UnityEngine.GameObject) (Card 8) did not match
[02:27:21] Enemy 3: Played Green_D(Clone) (UnityEngine.GameObject) (Card 9)
[02:27:21] Turns: 0
[02:27:21] Turns: 0
[02:27:21] Turns: 0
[02:27:21] Turns: 0
[02:27:21] Turns: 1
[02:27:21] Player: Played Green_3(Clone) (UnityEngine.GameObject)
[02:27:21] Turns: 1
[02:27:21] DiscardCounter: 1
[02:27:21] Top card: Green_3(Clone) (UnityEngine.GameObject)
[02:27:21] Top card: Green_3(Clone) (UnityEngine.GameObject)
[02:27:21] Enemy 1: Yellow_8(Clone) (UnityEngine.GameObject) (Card 0) did not match
[02:27:21] Enemy 1: Played Green_S(Clone) (UnityEngine.GameObject) (Card 1)
[02:27:21] Turns: 2
[02:27:21] Top card: Green_S(Clone) (UnityEngine.GameObject)
[02:27:21] Top card: Green_S(Clone) (UnityEngine.GameObject)
[02:27:21] Enemy 2: Played Green_7(Clone) (UnityEngine.GameObject) (Card 0)
[02:27:21] Turns: 3
[02:27:21] Top card: Green_7(Clone) (UnityEngine.GameObject)
[02:27:21] Top card: Green_7(Clone) (UnityEngine.GameObject)
[02:27:21] Enemy 3: Yellow_1(Clone) (UnityEngine.GameObject) (Card 0) did not match
[02:27:21] Enemy 3: Blue_3(Clone) (UnityEngine.GameObject) (Card 1) did not match
[02:27:21] Enemy 3: Yellow_5(Clone) (UnityEngine.GameObject) (Card 2) did not match
[02:27:21] Enemy 3: Red_9(Clone) (UnityEngine.GameObject) (Card 3) did not match
[02:27:21] Enemy 3: Blue_0(Clone) (UnityEngine.GameObject) (Card 4) did not match
[02:27:21] Enemy 3: Yellow_2(Clone) (UnityEngine.GameObject) (Card 5) did not match
[02:27:21] Enemy 3: Played Yellow_7(Clone) (UnityEngine.GameObject) (Card 6)
[02:27:21] Turns: 0
[02:27:21] Turns: 1
[02:27:21] Player: Played Yellow_7(Clone) (UnityEngine.GameObject)
[02:27:21] Turns: 1
[02:27:21] DiscardCounter: 1
[02:27:21] Top card: Yellow_7(Clone) (UnityEngine.GameObject)
[02:27:21] Top card: Yellow_7(Clone) (UnityEngine.GameObject)
[02:27:21] Enemy 1: Played Yellow_8(Clone) (UnityEngine.GameObject) (Card 0)
[02:27:21] Turns: 2
[02:27:21] Top card: Yellow_8(Clone) (UnityEngine.GameObject)
[02:27:21] Top card: Yellow_8(Clone) (UnityEngine.GameObject)
[02:27:21] Enemy 2: Green_7(Clone) (UnityEngine.GameObject) (Card 0) did not match
[02:27:21] Enemy 2: Blue_5(Clone) (UnityEngine.GameObject) (Card 1) did not match
[02:27:21] Enemy 2: Played Yellow_3(Clone) (UnityEngine.GameObject) (Card 2)
[02:27:21] Turns: 3
[02:27:21] Top card: Yellow_3(Clone) (UnityEngine.GameObject)
[02:27:21] Top card: Yellow_3(Clone) (UnityEngine.GameObject)
[02:27:21] Enemy 3: Played Yellow_1(Clone) (UnityEngine.GameObject) (Card 0)
[02:27:21] Turns: 0
