[11:38:17] Player received: Red_D(Clone)
[11:38:17] Enemy1 received: Green_D(Clone)
[11:38:17] Enemy2 received: Green_9(Clone)
[11:38:17] Enemy3 received: Blue_D(Clone)
[11:38:17] Player received: CardW4(Clone)
[11:38:17] Enemy1 received: Blue_3(Clone)
[11:38:17] Enemy2 received: Red_9(Clone)
[11:38:17] Enemy3 received: Red_7(Clone)
[11:38:17] Player received: Green_7(Clone)
[11:38:17] Enemy1 received: Green_2(Clone)
[11:38:17] Enemy2 received: Yellow_4(Clone)
[11:38:17] Enemy3 received: CardW(Clone)
[11:38:17] Player received: Green_8(Clone)
[11:38:17] Enemy1 received: Yellow_S(Clone)
[11:38:17] Enemy2 received: Red_2(Clone)
[11:38:17] Enemy3 received: CardW(Clone)
[11:38:17] Player received: Yellow_D(Clone)
[11:38:17] Enemy1 received: CardW4(Clone)
[11:38:17] Enemy2 received: Yellow_7(Clone)
[11:38:17] Enemy3 received: Green_R(Clone)
[11:38:17] Player received: Yellow_D(Clone)
[11:38:17] Enemy1 received: CardW4(Clone)
[11:38:17] Enemy2 received: Yellow_1(Clone)
[11:38:17] Enemy3 received: Yellow_5(Clone)
[11:38:17] Player received: CardW(Clone)
[11:38:17] Enemy1 received: Blue_7(Clone)
[11:38:17] Enemy2 received: Green_R(Clone)
[11:38:17] Enemy3 received: Green_D(Clone)
[11:38:17] DiscardPile received: Red_6(Clone)
[11:38:17] Dealt cards
[11:38:17] Wild Menu shown
[11:38:17] Player: Played CardW
[11:38:17] Turns: 1
