[03:23:48] Top card: 
[03:23:48] Delt cards
[03:23:48] Top card: Yellow_5(Clone) (UnityEngine.GameObject)
[03:23:48] Top card: Yellow_5(Clone) (UnityEngine.GameObject)
[03:23:48] Top card: Yellow_5(Clone) (UnityEngine.GameObject)
[03:23:48] Top card: Yellow_5(Clone) (UnityEngine.GameObject)
[03:23:48] Top card: Yellow_5(Clone) (UnityEngine.GameObject)
[03:23:48] Top card: Yellow_5(Clone) (UnityEngine.GameObject)
[03:23:48] Top card: Yellow_5(Clone) (UnityEngine.GameObject)
[03:23:48] Top card: Yellow_5(Clone) (UnityEngine.GameObject)
[03:23:48] Top card: Yellow_5(Clone) (UnityEngine.GameObject)
[03:23:48] Top card: Yellow_5(Clone) (UnityEngine.GameObject)
[03:23:48] Top card: Yellow_5(Clone) (UnityEngine.GameObject)
[03:23:48] Top card: Yellow_5(Clone) (UnityEngine.GameObject)
[03:23:48] Top card: Yellow_5(Clone) (UnityEngine.GameObject)
[03:23:48] Top card: Yellow_5(Clone) (UnityEngine.GameObject)
[03:23:48] Top card: Yellow_5(Clone) (UnityEngine.GameObject)
[03:23:48] Top card: Yellow_5(Clone) (UnityEngine.GameObject)
[03:23:48] Top card: Yellow_5(Clone) (UnityEngine.GameObject)
[03:23:48] Top card: Yellow_5(Clone) (UnityEngine.GameObject)
[03:23:48] Top card: Yellow_5(Clone) (UnityEngine.GameObject)
[03:23:48] Top card: Yellow_5(Clone) (UnityEngine.GameObject)
[03:23:48] Top card: Yellow_5(Clone) (UnityEngine.GameObject)
[03:23:48] Top card: Yellow_5(Clone) (UnityEngine.GameObject)
[03:23:48] Top card: Yellow_5(Clone) (UnityEngine.GameObject)
[03:23:48] Top card: Yellow_5(Clone) (UnityEngine.GameObject)
[03:23:48] Top card: Yellow_5(Clone) (UnityEngine.GameObject)
[03:23:48] Top card: Yellow_5(Clone) (UnityEngine.GameObject)
[03:23:48] Top card: Yellow_5(Clone) (UnityEngine.GameObject)
[03:23:48] Top card: Yellow_5(Clone) (UnityEngine.GameObject)
[03:23:48] Player: Played Blue_S(Clone) (UnityEngine.GameObject)
[03:23:48] Turns: 0
[03:23:48] DiscardCounter: 1
