[03:24:28] Top card: 
[03:24:28] Delt cards
[03:24:28] Player: Played CardW4(Clone) (UnityEngine.GameObject)
[03:24:28] Wild Menu shown
[03:24:28] Turns: 1
[03:24:28] Turns: 1
[03:24:28] Player called green
[03:24:28] Wild Menu hidden
[03:24:28] Top card: CardW4(Clone) (UnityEngine.GameObject)
[03:24:28] Top Deck Card:CardW4(Clone) (UnityEngine.GameObject)
[03:24:28] Enemy 1: Drew CardW4(Clone) (UnityEngine.GameObject)
[03:24:28] Top Deck Card:Red_1(Clone) (UnityEngine.GameObject)
[03:24:28] Enemy 1: Drew Red_1(Clone) (UnityEngine.GameObject)
[03:24:28] Top Deck Card:Red_7(Clone) (UnityEngine.GameObject)
[03:24:28] Enemy 1: Drew Red_7(Clone) (UnityEngine.GameObject)
[03:24:28] Top Deck Card:Red_6(Clone) (UnityEngine.GameObject)
[03:24:28] Enemy 1: Drew Red_6(Clone) (UnityEngine.GameObject)
[03:24:28] Enemy 1: Drew 4 cards
[03:24:28] Skipped Enemy 1
[03:24:28] Top card: CardW4(Clone) (UnityEngine.GameObject)
[03:24:28] Top card: CardW4(Clone) (CardProperties)
[03:24:28] Enemy 2: Red_5(Clone) (UnityEngine.GameObject) (Card 0) did not match
[03:24:28] Enemy 2: Played Green_5(Clone) (UnityEngine.GameObject) (Card 1)
[03:24:28] Turns: 3
[03:24:28] Top card: Green_5(Clone) (UnityEngine.GameObject)
[03:24:28] Top card: Green_5(Clone) (CardProperties)
[03:24:28] Enemy 3: Played Yellow_5(Clone) (UnityEngine.GameObject) (Card 0)
[03:24:28] Turns: 0
[03:24:28] Player: Played Yellow_8(Clone) (UnityEngine.GameObject)
[03:24:28] Turns: 1
[03:24:28] Turns: 1
[03:24:28] Top card: Yellow_8(Clone) (UnityEngine.GameObject)
[03:24:28] Top card: Yellow_8(Clone) (CardProperties)
[03:24:28] Enemy 1: Green_1(Clone) (UnityEngine.GameObject) (Card 0) did not match
[03:24:28] Enemy 1: Red_1(Clone) (UnityEngine.GameObject) (Card 1) did not match
[03:24:28] Enemy 1: CardW4(Clone) (UnityEngine.GameObject) (Card 2) did not match
[03:24:28] Enemy 1: Blue_D(Clone) (UnityEngine.GameObject) (Card 3) did not match
[03:24:28] Enemy 1: Green_7(Clone) (UnityEngine.GameObject) (Card 4) did not match
[03:24:28] Enemy 1: Red_D(Clone) (UnityEngine.GameObject) (Card 5) did not match
[03:24:28] Enemy 1: Red_3(Clone) (UnityEngine.GameObject) (Card 6) did not match
[03:24:28] Enemy 1: CardW4(Clone) (UnityEngine.GameObject) (Card 7) did not match
[03:24:28] Enemy 1: Red_1(Clone) (UnityEngine.GameObject) (Card 8) did not match
[03:24:28] Enemy 1: Red_7(Clone) (UnityEngine.GameObject) (Card 9) did not match
[03:24:28] Enemy 1: Red_6(Clone) (UnityEngine.GameObject) (Card 10) did not match
[03:24:28] HasFoundMatch = False
[03:24:28] Top Deck Card:Green_3(Clone) (UnityEngine.GameObject)
[03:24:28] Enemy 1: Drew Green_3(Clone) (UnityEngine.GameObject)
[03:24:28] Enemy 1: Drew 1 cards
[03:24:28] Turns: 2
[03:24:28] Top card: Yellow_8(Clone) (UnityEngine.GameObject)
[03:24:28] Top card: Yellow_8(Clone) (CardProperties)
[03:24:28] Enemy 2: Red_5(Clone) (UnityEngine.GameObject) (Card 0) did not match
[03:24:28] Enemy 2: Green_2(Clone) (UnityEngine.GameObject) (Card 1) did not match
[03:24:28] Enemy 2: Played Yellow_R(Clone) (UnityEngine.GameObject) (Card 2)
[03:24:28] Top card: Yellow_R(Clone) (CardProperties)
[03:24:28] Enemy 2: Red_5(Clone) (UnityEngine.GameObject) (Card 0) did not match
[03:24:28] Enemy 2: Green_2(Clone) (UnityEngine.GameObject) (Card 1) did not match
[03:24:28] Enemy 2: Played Yellow_R(Clone) (UnityEngine.GameObject) (Card 2)
[03:24:28] Turns: 1
[03:24:28] IsReversed: True
[03:24:28] Turns: 0
[10:26:46] Top card: 
[10:26:46] Delt cards
[10:26:46] Player: Played Green_5
[10:26:46] Turns: 1
[10:26:46] Turns: 1
[10:26:46] Top card: Green_5(Clone) (UnityEngine.GameObject)
[10:26:46] Top card: Green_5(Clone) (CardProperties)
[10:26:46] Enemy 1: Blue_0(Clone) (UnityEngine.GameObject) (Card 0) did not match
[10:26:46] Enemy 1: Yellow_1(Clone) (UnityEngine.GameObject) (Card 1) did not match
[10:26:46] Enemy 1: Yellow_7(Clone) (UnityEngine.GameObject) (Card 2) did not match
[10:26:46] Enemy 1: Played Green_2(Clone) (UnityEngine.GameObject) (Card 3)
[10:26:46] Turns: 2
[10:26:46] Top card: Green_2(Clone) (UnityEngine.GameObject)
[10:26:46] Top card: Green_2(Clone) (CardProperties)
[10:26:46] Enemy 2: Blue_7(Clone) (UnityEngine.GameObject) (Card 0) did not match
[10:26:46] Enemy 2: Played Blue_2(Clone) (UnityEngine.GameObject) (Card 1)
[10:26:46] Turns: 3
[10:26:46] Top card: Blue_2(Clone) (UnityEngine.GameObject)
[10:26:46] Top card: Blue_2(Clone) (CardProperties)
[10:26:46] Enemy 3: Red_3(Clone) (UnityEngine.GameObject) (Card 0) did not match
[10:26:46] Enemy 3: Played Blue_8(Clone) (UnityEngine.GameObject) (Card 1)
[10:26:46] Turns: 0
[10:26:46] Player: Played Red_5
[10:26:46] Turns: 1
[10:26:46] Turns: 1
[10:26:46] Top card: Red_5(Clone) (UnityEngine.GameObject)
[10:26:46] Top card: Red_5(Clone) (CardProperties)
[10:26:46] Enemy 1: Blue_0(Clone) (UnityEngine.GameObject) (Card 0) did not match
[10:26:46] Enemy 1: Yellow_1(Clone) (UnityEngine.GameObject) (Card 1) did not match
[10:26:46] Enemy 1: Yellow_7(Clone) (UnityEngine.GameObject) (Card 2) did not match
[10:26:46] Enemy 1: Yellow_2(Clone) (UnityEngine.GameObject) (Card 3) did not match
[10:26:46] Enemy 1: Played Red_D(Clone) (UnityEngine.GameObject) (Card 4)
[10:26:46] Removed Green_5(Clone) (UnityEngine.GameObject)
[10:26:46] Green_5(Clone)
[10:26:46] Green_2(Clone)
[10:26:46] Blue_2(Clone)
[10:26:46] Blue_8(Clone)
[10:26:46] Red_5(Clone)
[10:26:46] Red_D(Clone)
[10:26:46] Turns: 2
[10:26:46] Top card: Red_D(Clone) (UnityEngine.GameObject)
[10:26:46] Top Deck Card:Green_1(Clone) (UnityEngine.GameObject)
[10:26:46] Enemy 2: Drew Green_1(Clone) (UnityEngine.GameObject)
[10:26:46] Top Deck Card:Blue_1(Clone) (UnityEngine.GameObject)
[10:26:46] Enemy 2: Drew Blue_1(Clone) (UnityEngine.GameObject)
[10:26:46] Enemy 2: Drew 2 cards
[10:26:46] Skipped Enemy 2
[10:26:46] Top card: Red_D(Clone) (UnityEngine.GameObject)
[10:26:46] Top card: Red_D(Clone) (CardProperties)
[10:26:46] Enemy 3: Played Red_3(Clone) (UnityEngine.GameObject) (Card 0)
[10:26:46] Removed Green_2(Clone) (UnityEngine.GameObject)
[10:26:46] Green_2(Clone)
[10:26:46] Blue_2(Clone)
[10:26:46] Blue_8(Clone)
[10:26:46] Red_5(Clone)
[10:26:46] Red_D(Clone)
[10:26:46] Red_3(Clone)
[10:26:46] Turns: 0
[10:26:46] Player: Played Green_7
[10:26:46] Removed Blue_2(Clone) (UnityEngine.GameObject)
[10:26:46] Blue_2(Clone)
[10:26:46] Blue_8(Clone)
[10:26:46] Red_5(Clone)
[10:26:46] Red_D(Clone)
[10:26:46] Red_3(Clone)
[10:26:46] Green_7(Clone)
[10:26:46] Turns: 1
[10:26:46] Turns: 1
[10:26:46] Top card: Green_7(Clone) (UnityEngine.GameObject)
[10:26:46] Top card: Green_7(Clone) (CardProperties)
[10:26:46] Enemy 1: Blue_0(Clone) (UnityEngine.GameObject) (Card 0) did not match
[10:26:46] Enemy 1: Yellow_1(Clone) (UnityEngine.GameObject) (Card 1) did not match
[10:26:46] Enemy 1: Played Yellow_7(Clone) (UnityEngine.GameObject) (Card 2)
[10:26:46] Removed Blue_8(Clone) (UnityEngine.GameObject)
[10:26:46] Blue_8(Clone)
[10:26:46] Red_5(Clone)
[10:26:46] Red_D(Clone)
[10:26:46] Red_3(Clone)
[10:26:46] Green_7(Clone)
[10:26:46] Yellow_7(Clone)
[10:26:46] Turns: 2
[10:26:46] Top card: Yellow_7(Clone) (UnityEngine.GameObject)
[10:26:46] Top card: Yellow_7(Clone) (CardProperties)
[10:26:46] Enemy 2: Played Blue_7(Clone) (UnityEngine.GameObject) (Card 0)
[10:26:46] Removed Red_5(Clone) (UnityEngine.GameObject)
[10:26:46] Red_5(Clone)
[10:26:46] Red_D(Clone)
[10:26:46] Red_3(Clone)
[10:26:46] Green_7(Clone)
[10:26:46] Yellow_7(Clone)
[10:26:46] Blue_7(Clone)
[10:26:46] Turns: 3
[10:26:46] Top card: Blue_7(Clone) (UnityEngine.GameObject)
[10:26:46] Top card: Blue_7(Clone) (CardProperties)
[10:26:46] Enemy 3: Played Yellow_7(Clone) (UnityEngine.GameObject) (Card 0)
[10:26:46] Removed Red_D(Clone) (UnityEngine.GameObject)
[10:26:46] Red_D(Clone)
[10:26:46] Red_3(Clone)
[10:26:46] Green_7(Clone)
[10:26:46] Yellow_7(Clone)
[10:26:46] Blue_7(Clone)
[10:26:46] Yellow_7(Clone)
[10:26:46] Turns: 0
[10:26:46] Player: Played Red_5
[10:26:46] Removed Red_3(Clone) (UnityEngine.GameObject)
[10:26:46] Red_3(Clone)
[10:26:46] Green_7(Clone)
[10:26:46] Yellow_7(Clone)
[10:26:46] Blue_7(Clone)
[10:26:46] Yellow_7(Clone)
[10:26:46] Red_5(Clone)
[10:26:46] Turns: 1
[10:26:46] Turns: 1
[10:26:46] Top card: Red_5(Clone) (UnityEngine.GameObject)
[10:26:46] Top card: Red_5(Clone) (CardProperties)
[10:26:46] Enemy 1: Blue_0(Clone) (UnityEngine.GameObject) (Card 0) did not match
[10:26:46] Enemy 1: Yellow_1(Clone) (UnityEngine.GameObject) (Card 1) did not match
[10:26:46] Enemy 1: Yellow_2(Clone) (UnityEngine.GameObject) (Card 2) did not match
[10:26:46] Enemy 1: Played Red_9(Clone) (UnityEngine.GameObject) (Card 3)
[10:26:46] Removed Green_7(Clone) (UnityEngine.GameObject)
[10:26:46] Green_7(Clone)
[10:26:46] Yellow_7(Clone)
[10:26:46] Blue_7(Clone)
[10:26:46] Yellow_7(Clone)
[10:26:46] Red_5(Clone)
[10:26:46] Red_9(Clone)
[10:26:46] Turns: 2
[10:26:46] Top card: Red_9(Clone) (UnityEngine.GameObject)
[10:26:46] Top card: Red_9(Clone) (CardProperties)
[10:26:46] Enemy 2: Yellow_6(Clone) (UnityEngine.GameObject) (Card 0) did not match
[10:26:46] Enemy 2: Green_0(Clone) (UnityEngine.GameObject) (Card 1) did not match
[10:26:46] Enemy 2: CardW(Clone) (UnityEngine.GameObject) (Card 2) did not match
[10:26:46] Enemy 2: Green_R(Clone) (UnityEngine.GameObject) (Card 3) did not match
[10:26:46] Enemy 2: Yellow_R(Clone) (UnityEngine.GameObject) (Card 4) did not match
[10:26:46] Enemy 2: Green_1(Clone) (UnityEngine.GameObject) (Card 5) did not match
[10:26:46] Enemy 2: Blue_1(Clone) (UnityEngine.GameObject) (Card 6) did not match
[10:26:46] HasFoundMatch = False
[10:26:46] Top Deck Card:Blue_8(Clone) (UnityEngine.GameObject)
[10:26:46] Enemy 2: Drew Blue_8(Clone) (UnityEngine.GameObject)
[10:26:46] Enemy 2: Drew 1 cards
[10:26:46] Turns: 3
[10:26:46] Top card: Red_9(Clone) (UnityEngine.GameObject)
[10:26:46] Top card: Red_9(Clone) (CardProperties)
[10:26:46] Enemy 3: Green_7(Clone) (UnityEngine.GameObject) (Card 0) did not match
[10:26:46] Enemy 3: Played Red_0(Clone) (UnityEngine.GameObject) (Card 1)
[10:26:46] Removed Yellow_7(Clone) (UnityEngine.GameObject)
[10:26:46] Yellow_7(Clone)
[10:26:46] Blue_7(Clone)
[10:26:46] Yellow_7(Clone)
[10:26:46] Red_5(Clone)
[10:26:46] Red_9(Clone)
[10:26:46] Red_0(Clone)
[10:26:46] Turns: 0
[10:26:46] Player: Played Blue_9
[10:26:46] Removed Blue_7(Clone) (UnityEngine.GameObject)
[10:26:46] Blue_7(Clone)
[10:26:46] Yellow_7(Clone)
[10:26:46] Red_5(Clone)
[10:26:46] Red_9(Clone)
[10:26:46] Red_0(Clone)
[10:26:46] Blue_9(Clone)
[10:26:46] Turns: 1
[10:26:46] Turns: 1
[10:26:46] Top card: Blue_9(Clone) (UnityEngine.GameObject)
[10:26:46] Top card: Blue_9(Clone) (CardProperties)
[10:26:46] Enemy 1: Played Blue_0(Clone) (UnityEngine.GameObject) (Card 0)
[10:26:46] Removed Yellow_7(Clone) (UnityEngine.GameObject)
[10:26:46] Yellow_7(Clone)
[10:26:46] Red_5(Clone)
[10:26:46] Red_9(Clone)
[10:26:46] Red_0(Clone)
[10:26:46] Blue_9(Clone)
[10:26:46] Blue_0(Clone)
[10:26:46] Turns: 2
[10:26:46] Top card: Blue_0(Clone) (UnityEngine.GameObject)
[10:26:46] Top card: Blue_0(Clone) (CardProperties)
[10:26:46] Enemy 2: Yellow_6(Clone) (UnityEngine.GameObject) (Card 0) did not match
[10:26:46] Enemy 2: Played Green_0(Clone) (UnityEngine.GameObject) (Card 1)
[10:26:46] Removed Red_5(Clone) (UnityEngine.GameObject)
[10:26:46] Red_5(Clone)
[10:26:46] Red_9(Clone)
[10:26:46] Red_0(Clone)
[10:26:46] Blue_9(Clone)
[10:26:46] Blue_0(Clone)
[10:26:46] Green_0(Clone)
[10:26:46] Turns: 3
[10:26:46] Top card: Green_0(Clone) (UnityEngine.GameObject)
[10:26:46] Top card: Green_0(Clone) (CardProperties)
[10:26:46] Enemy 3: Played Green_7(Clone) (UnityEngine.GameObject) (Card 0)
[10:26:46] Removed Red_9(Clone) (UnityEngine.GameObject)
[10:26:46] Red_9(Clone)
[10:26:46] Red_0(Clone)
[10:26:46] Blue_9(Clone)
[10:26:46] Blue_0(Clone)
[10:26:46] Green_0(Clone)
[10:26:46] Green_7(Clone)
[10:26:46] Turns: 0
[10:26:46] Player: Played Red_R
[10:26:46] Removed Red_0(Clone) (UnityEngine.GameObject)
[10:26:46] Red_0(Clone)
[10:26:46] Blue_9(Clone)
[10:26:46] Blue_0(Clone)
[10:26:46] Green_0(Clone)
[10:26:46] Green_7(Clone)
[10:26:46] Red_R(Clone)
[10:26:46] Turns: 3
[10:26:46] Turns: 3
[10:26:46] Top card: Red_R(Clone) (UnityEngine.GameObject)
[10:26:46] Top card: Red_R(Clone) (CardProperties)
[10:26:46] Enemy 3: Yellow_6(Clone) (UnityEngine.GameObject) (Card 0) did not match
[10:26:46] Enemy 3: Yellow_9(Clone) (UnityEngine.GameObject) (Card 1) did not match
[10:26:46] HasFoundMatch = False
[10:26:46] Top Deck Card:Green_6(Clone) (UnityEngine.GameObject)
[10:26:46] Enemy 3: Drew Green_6(Clone) (UnityEngine.GameObject)
[10:26:46] Enemy 3: Drew 1 cards
[10:26:46] Turns: 2
[10:26:46] Top card: Red_R(Clone) (UnityEngine.GameObject)
[10:26:46] Top card: Red_R(Clone) (CardProperties)
[10:26:46] Enemy 2: Yellow_6(Clone) (UnityEngine.GameObject) (Card 0) did not match
[10:26:46] Enemy 2: CardW(Clone) (UnityEngine.GameObject) (Card 1) did not match
[10:26:46] Enemy 2: Green_R(Clone) (UnityEngine.GameObject) (Card 2) did not match
[10:26:46] Enemy 2: Yellow_R(Clone) (UnityEngine.GameObject) (Card 3) did not match
[10:26:46] Enemy 2: Green_1(Clone) (UnityEngine.GameObject) (Card 4) did not match
[10:26:46] Enemy 2: Blue_1(Clone) (UnityEngine.GameObject) (Card 5) did not match
[10:26:46] Enemy 2: Blue_8(Clone) (UnityEngine.GameObject) (Card 6) did not match
[10:26:46] HasFoundMatch = False
[10:26:46] Top Deck Card:Green_9(Clone) (UnityEngine.GameObject)
[10:26:46] Enemy 2: Drew Green_9(Clone) (UnityEngine.GameObject)
[10:26:46] Enemy 2: Drew 1 cards
[10:26:46] Turns: 1
[10:26:46] Top card: Red_R(Clone) (UnityEngine.GameObject)
[10:26:46] Top card: Red_R(Clone) (CardProperties)
[10:26:46] Enemy 1: Yellow_1(Clone) (UnityEngine.GameObject) (Card 0) did not match
[10:26:46] Enemy 1: Yellow_2(Clone) (UnityEngine.GameObject) (Card 1) did not match
[10:26:46] HasFoundMatch = False
[10:26:46] Top Deck Card:Green_9(Clone) (UnityEngine.GameObject)
[10:26:46] Enemy 1: Drew Green_9(Clone) (UnityEngine.GameObject)
[10:26:46] Enemy 1: Drew 1 cards
[10:26:46] Turns: 0
