[06:29:24]Last card index 
[06:29:24]Last card index Red_0(Clone) (UnityEngine.GameObject)
[06:29:24]Last card index Red_0(Clone) (UnityEngine.GameObject)
[06:29:24]Last card index Red_0(Clone) (UnityEngine.GameObject)
[06:29:24]Last card index Red_0(Clone) (UnityEngine.GameObject)
[06:29:24]Last card index Red_0(Clone) (UnityEngine.GameObject)
[06:29:24]Last card index Red_0(Clone) (UnityEngine.GameObject)
[06:29:24]Last card index Red_0(Clone) (UnityEngine.GameObject)
[06:29:24]Last card index Red_0(Clone) (UnityEngine.GameObject)
[06:29:24]Last card index Red_0(Clone) (UnityEngine.GameObject)
[06:29:24]Last card index Red_0(Clone) (UnityEngine.GameObject)
[06:29:24]Last card index Red_0(Clone) (UnityEngine.GameObject)
[06:29:24]Last card index Red_0(Clone) (UnityEngine.GameObject)
[06:29:24]Last card index Red_0(Clone) (UnityEngine.GameObject)
[06:29:24]Last card index Red_0(Clone) (UnityEngine.GameObject)
[06:29:24]Last card index Red_0(Clone) (UnityEngine.GameObject)
[06:29:24]Last card index Red_0(Clone) (UnityEngine.GameObject)
[06:29:24]Last card index Red_0(Clone) (UnityEngine.GameObject)
[06:29:24]Last card index Red_0(Clone) (UnityEngine.GameObject)
[06:29:24]Last card index Red_0(Clone) (UnityEngine.GameObject)
[06:29:24]Last card index Red_0(Clone) (UnityEngine.GameObject)
[06:29:24]Last card index Red_0(Clone) (UnityEngine.GameObject)
[06:29:24]Last card index Red_0(Clone) (UnityEngine.GameObject)
[06:29:24]Last card index Red_0(Clone) (UnityEngine.GameObject)
[06:29:24]Last card index Red_0(Clone) (UnityEngine.GameObject)
[06:29:24]Last card index Red_0(Clone) (UnityEngine.GameObject)
[06:29:24]Last card index Red_0(Clone) (UnityEngine.GameObject)
[06:29:24]Last card index Red_0(Clone) (UnityEngine.GameObject)
[06:29:24]Last card index Red_0(Clone) (UnityEngine.GameObject)
[06:29:24]Player: played card
[06:29:24]Turns = 1
[06:29:24]DiscardCounter: 1
[06:29:24]The top card is RedEight
[06:29:24]Enemy 1: Card couldn't be played
[06:29:24]Enemy 1: Skiping turn
[06:29:24]The top card is RedEight
[06:29:24]Enemy 2: Card couldn't be played
[06:29:24]Enemy 2: Skiping turn
[06:29:24]The top card is RedEight
[06:29:24]Enemy 3: Card couldn't be played
[06:29:24]Enemy 3: Skiping turn
