[09:00:18] Player received: Green_3(Clone)
[09:00:18] Enemy1 received: Red_6(Clone)
[09:00:18] Enemy2 received: Yellow_1(Clone)
[09:00:18] Enemy3 received: CardW4(Clone)
[09:00:18] Player received: Yellow_4(Clone)
[09:00:18] Enemy1 received: Yellow_6(Clone)
[09:00:18] Enemy2 received: Blue_4(Clone)
[09:00:18] Enemy3 received: Green_8(Clone)
[09:00:18] Player received: Yellow_D(Clone)
[09:00:18] Enemy1 received: Red_3(Clone)
[09:00:18] Enemy2 received: Blue_D(Clone)
[09:00:18] Enemy3 received: Blue_D(Clone)
[09:00:18] Player received: Blue_S(Clone)
[09:00:18] Enemy1 received: Yellow_D(Clone)
[09:00:18] Enemy2 received: Blue_3(Clone)
[09:00:18] Enemy3 received: Blue_8(Clone)
[09:00:18] Player received: Green_S(Clone)
[09:00:18] Enemy1 received: Yellow_8(Clone)
[09:00:18] Enemy2 received: CardW4(Clone)
[09:00:18] Enemy3 received: Yellow_8(Clone)
[09:00:18] Player received: Red_2(Clone)
[09:00:18] Enemy1 received: Red_9(Clone)
[09:00:18] Enemy2 received: Red_D(Clone)
[09:00:18] Enemy3 received: Yellow_1(Clone)
[09:00:18] Player received: Green_3(Clone)
[09:00:18] Enemy1 received: Blue_D(Clone)
[09:00:18] Enemy2 received: Green_7(Clone)
[09:00:18] Enemy3 received: Blue_7(Clone)
[09:00:18] DiscardPile received: Green_R(Clone)
[09:00:18] Dealt cards
[09:00:18] Player: Played Yellow_D
[09:00:18] Turns: 1
[09:00:18] Top card: Yellow_D(Clone) (UnityEngine.GameObject)
[09:00:18] Top Deck Card:Green_D(Clone) (UnityEngine.GameObject)
[09:00:18] Enemy 1: Drew Green_D(Clone) (UnityEngine.GameObject)
[09:00:18] Top Deck Card:Blue_D(Clone) (UnityEngine.GameObject)
[09:00:18] Enemy 1: Drew Blue_D(Clone) (UnityEngine.GameObject)
[09:00:18] Enemy 1: Drew 2 cards
[09:00:18] Turns: 2
[09:00:18] Top card: Yellow_D(Clone) (UnityEngine.GameObject)
[09:00:18] Yellow_1(Clone) (UnityEngine.GameObject) was added to PlayableCards
[09:00:18] Blue_D(Clone) (UnityEngine.GameObject) was added to PlayableCards
[09:00:18] CardW4(Clone) (UnityEngine.GameObject) was added to PlayableCards
[09:00:18] Red_D(Clone) (UnityEngine.GameObject) was added to PlayableCards
[09:00:18] Enemy 2: Played Blue_D(Clone)
[09:00:18] HasPlayableCard = true
[09:00:18] Turns: 3
[09:00:18] Top card: Blue_D(Clone) (UnityEngine.GameObject)
[09:00:18] Top Deck Card:Yellow_D(Clone) (UnityEngine.GameObject)
[09:00:18] Enemy 3: Drew Yellow_D(Clone) (UnityEngine.GameObject)
[09:00:18] Top Deck Card:Blue_S(Clone) (UnityEngine.GameObject)
[09:00:18] Enemy 3: Drew Blue_S(Clone) (UnityEngine.GameObject)
[09:00:18] Enemy 3: Drew 2 cards
[09:00:18] Turns: 0
[09:35:05] Player received: Green_R(Clone)
[09:35:05] Enemy1 received: Yellow_9(Clone)
[09:35:05] Enemy2 received: Yellow_S(Clone)
[09:35:05] Enemy3 received: Red_D(Clone)
[09:35:05] Player received: Green_4(Clone)
[09:35:05] Enemy1 received: Blue_4(Clone)
[09:35:05] Enemy2 received: Blue_8(Clone)
[09:35:05] Enemy3 received: CardW(Clone)
[09:35:05] Player received: Green_9(Clone)
[09:35:05] Enemy1 received: Yellow_D(Clone)
[09:35:05] Enemy2 received: Green_1(Clone)
[09:35:05] Enemy3 received: Green_D(Clone)
[09:35:05] Player received: CardW(Clone)
[09:35:05] Enemy1 received: CardW(Clone)
[09:35:05] Enemy2 received: Blue_D(Clone)
[09:35:05] Enemy3 received: Blue_R(Clone)
[09:35:05] Player received: Red_4(Clone)
[09:35:05] Enemy1 received: Blue_D(Clone)
[09:35:05] Enemy2 received: Blue_6(Clone)
[09:35:05] Enemy3 received: Green_1(Clone)
[09:35:05] Player received: Red_8(Clone)
[09:35:05] Enemy1 received: Blue_S(Clone)
[09:35:05] Enemy2 received: CardW4(Clone)
[09:35:05] Enemy3 received: Yellow_R(Clone)
[09:35:05] Player received: Yellow_D(Clone)
