[09:28:02] Player received: Green_S(Clone)
[09:28:02] Enemy1 received: Yellow_R(Clone)
[09:28:02] Enemy2 received: Blue_5(Clone)
[09:28:02] Enemy3 received: Yellow_5(Clone)
[09:28:02] Player received: Green_0(Clone)
[09:28:02] Enemy1 received: Blue_D(Clone)
[09:28:02] Enemy2 received: Yellow_S(Clone)
[09:28:02] Enemy3 received: Green_D(Clone)
[09:28:02] Player received: Yellow_6(Clone)
[09:28:02] Enemy1 received: Green_3(Clone)
[09:28:02] Enemy2 received: CardW(Clone)
[09:28:02] Enemy3 received: Blue_D(Clone)
[09:28:02] Player received: Green_4(Clone)
[09:28:02] Enemy1 received: Green_9(Clone)
[09:28:02] Enemy2 received: Red_5(Clone)
[09:28:02] Enemy3 received: Green_R(Clone)
[09:28:02] Player received: Red_6(Clone)
[09:28:02] Enemy1 received: Yellow_2(Clone)
[09:28:02] Enemy2 received: Red_D(Clone)
[09:28:02] Enemy3 received: Yellow_4(Clone)
[09:28:02] Player received: Green_1(Clone)
[09:28:02] Enemy1 received: Yellow_D(Clone)
[09:28:02] Enemy2 received: Blue_9(Clone)
[09:28:02] Enemy3 received: Red_9(Clone)
[09:28:02] Player received: Red_D(Clone)
[09:28:02] Enemy1 received: Red_4(Clone)
[09:28:02] Enemy2 received: Green_R(Clone)
[09:28:02] Enemy3 received: Yellow_D(Clone)
[09:28:02] DiscardPile received: Blue_D(Clone)
[09:28:02] Dealt cards
[09:28:02] Player: Played Red_D
[09:28:02] Turns: 1
[09:28:02] Top card: Red_D(Clone) (UnityEngine.GameObject)
[09:28:02] Top Deck Card:Blue_D(Clone) (UnityEngine.GameObject)
[09:28:02] Enemy 1: Drew Blue_D(Clone) (UnityEngine.GameObject)
[09:28:02] Top Deck Card:Green_7(Clone) (UnityEngine.GameObject)
[09:28:02] Enemy 1: Drew Green_7(Clone) (UnityEngine.GameObject)
[09:28:02] Enemy 1: Drew 2 cards
[09:28:02] Turns: 2
[09:28:02] Top card: Red_D(Clone) (UnityEngine.GameObject)
[09:28:02] CardW(Clone) (UnityEngine.GameObject) was added to PlayableCards
[09:28:02] Red_5(Clone) (UnityEngine.GameObject) was added to PlayableCards
[09:28:02] Red_D(Clone) (UnityEngine.GameObject) was added to PlayableCards
[09:28:02] Enemy 2: Played Red_D(Clone)
[09:28:02] HasPlayableCard = true
[09:28:02] Turns: 3
[09:28:02] Top card: Red_D(Clone) (UnityEngine.GameObject)
[09:28:02] Top Deck Card:Blue_S(Clone) (UnityEngine.GameObject)
[09:28:02] Enemy 3: Drew Blue_S(Clone) (UnityEngine.GameObject)
[09:28:02] Top Deck Card:Red_R(Clone) (UnityEngine.GameObject)
[09:28:02] Enemy 3: Drew Red_R(Clone) (UnityEngine.GameObject)
[09:28:02] Enemy 3: Drew 2 cards
[09:28:02] Turns: 0
[09:28:02] Player: Played Green_S
[09:28:02] Turns: 1
[09:28:02] Top card: Green_S(Clone) (UnityEngine.GameObject)
[09:28:02] Turns: 2
[09:28:02] Top card: Green_S(Clone) (UnityEngine.GameObject)
[09:28:02] Yellow_S(Clone) (UnityEngine.GameObject) was added to PlayableCards
[09:28:02] CardW(Clone) (UnityEngine.GameObject) was added to PlayableCards
[09:28:02] Green_R(Clone) (UnityEngine.GameObject) was added to PlayableCards
[09:28:02] Enemy 2: Played Yellow_S(Clone)
[09:28:02] HasPlayableCard = true
[09:28:02] Turns: 3
[09:28:02] Top card: Yellow_S(Clone) (UnityEngine.GameObject)
[09:28:02] Turns: 0
[09:28:02] Player: Played Yellow_6
[09:28:02] Turns: 1
[09:28:02] Top card: Yellow_6(Clone) (UnityEngine.GameObject)
[09:28:02] Yellow_R(Clone) (UnityEngine.GameObject) was added to PlayableCards
[09:28:02] Yellow_2(Clone) (UnityEngine.GameObject) was added to PlayableCards
[09:28:02] Yellow_D(Clone) (UnityEngine.GameObject) was added to PlayableCards
[09:28:02] Enemy 1: Played Yellow_D(Clone)
[09:28:02] HasPlayableCard = true
[09:28:02] Turns: 2
[09:28:02] Top card: Yellow_D(Clone) (UnityEngine.GameObject)
[09:28:02] Top Deck Card:Yellow_9(Clone) (UnityEngine.GameObject)
[09:28:02] Enemy 2: Drew Yellow_9(Clone) (UnityEngine.GameObject)
[09:28:02] Top Deck Card:Red_D(Clone) (UnityEngine.GameObject)
[09:28:02] Enemy 2: Drew Red_D(Clone) (UnityEngine.GameObject)
[09:28:02] Enemy 2: Drew 2 cards
[09:28:02] Turns: 3
[09:28:02] Top card: Yellow_D(Clone) (UnityEngine.GameObject)
[09:28:02] Yellow_5(Clone) (UnityEngine.GameObject) was added to PlayableCards
[09:28:02] Green_D(Clone) (UnityEngine.GameObject) was added to PlayableCards
[09:28:02] Blue_D(Clone) (UnityEngine.GameObject) was added to PlayableCards
[09:28:02] Yellow_4(Clone) (UnityEngine.GameObject) was added to PlayableCards
[09:28:02] Yellow_D(Clone) (UnityEngine.GameObject) was added to PlayableCards
[09:28:02] Enemy 3: Played Green_D(Clone)
[09:28:02] HasPlayableCard = true
[09:28:02] Turns: 0
[09:28:02] Hello from PlayerManager.Draw2
[09:28:02] Top Deck Card:Blue_S(Clone) (UnityEngine.GameObject)
[09:28:02] Player: Drew Blue_S(Clone) (UnityEngine.GameObject)
[09:28:02] Top Deck Card:Yellow_6(Clone) (UnityEngine.GameObject)
[09:28:02] Player: Drew Yellow_6(Clone) (UnityEngine.GameObject)
[09:28:02] Player: Drew 2 cards
[09:28:02] Turns: 1
[09:28:02] Top card: Green_D(Clone) (UnityEngine.GameObject)
[09:28:02] Blue_D(Clone) (UnityEngine.GameObject) was added to PlayableCards
[09:28:02] Green_3(Clone) (UnityEngine.GameObject) was added to PlayableCards
[09:28:02] Green_9(Clone) (UnityEngine.GameObject) was added to PlayableCards
[09:28:02] Blue_D(Clone) (UnityEngine.GameObject) was added to PlayableCards
[09:28:02] Green_7(Clone) (UnityEngine.GameObject) was added to PlayableCards
[09:28:02] Enemy 1: Played Blue_D(Clone)
[09:28:02] HasPlayableCard = true
[09:28:02] Turns: 2
[09:28:02] Top card: Blue_D(Clone) (UnityEngine.GameObject)
[09:28:02] Top Deck Card:Red_D(Clone) (UnityEngine.GameObject)
[09:28:02] Enemy 2: Drew Red_D(Clone) (UnityEngine.GameObject)
[09:28:02] Top Deck Card:CardW4(Clone) (UnityEngine.GameObject)
[09:28:02] Enemy 2: Drew CardW4(Clone) (UnityEngine.GameObject)
[09:28:02] Enemy 2: Drew 2 cards
[09:28:02] Turns: 3
[09:28:02] Top card: Blue_D(Clone) (UnityEngine.GameObject)
[09:28:02] Blue_D(Clone) (UnityEngine.GameObject) was added to PlayableCards
[09:28:02] Yellow_D(Clone) (UnityEngine.GameObject) was added to PlayableCards
[09:28:02] Blue_S(Clone) (UnityEngine.GameObject) was added to PlayableCards
[09:28:02] Enemy 3: Played Blue_D(Clone)
[09:28:02] HasPlayableCard = true
[09:28:02] Turns: 0
[09:28:02] Hello from PlayerManager.Draw2
[09:28:02] Top Deck Card:Green_2(Clone) (UnityEngine.GameObject)
[09:28:02] Player: Drew Green_2(Clone) (UnityEngine.GameObject)
[09:28:02] Top Deck Card:Blue_7(Clone) (UnityEngine.GameObject)
[09:28:02] Player: Drew Blue_7(Clone) (UnityEngine.GameObject)
[09:28:02] Player: Drew 2 cards
[09:28:02] Turns: 1
[09:28:02] Top card: Blue_D(Clone) (UnityEngine.GameObject)
[09:28:02] Blue_D(Clone) (UnityEngine.GameObject) was added to PlayableCards
[09:28:02] Enemy 1: Played Blue_D(Clone)
[09:28:02] HasPlayableCard = true
[09:28:02] Turns: 2
[09:28:02] Top card: Blue_D(Clone) (UnityEngine.GameObject)
[09:28:02] Top Deck Card:Red_3(Clone) (UnityEngine.GameObject)
[09:28:02] Enemy 2: Drew Red_3(Clone) (UnityEngine.GameObject)
[09:28:02] Top Deck Card:Blue_1(Clone) (UnityEngine.GameObject)
[09:28:02] Enemy 2: Drew Blue_1(Clone) (UnityEngine.GameObject)
[09:28:02] Enemy 2: Drew 2 cards
[09:28:02] Turns: 3
[09:28:02] Top card: Blue_D(Clone) (UnityEngine.GameObject)
[09:28:02] Yellow_D(Clone) (UnityEngine.GameObject) was added to PlayableCards
[09:28:02] Blue_S(Clone) (UnityEngine.GameObject) was added to PlayableCards
[09:28:02] Enemy 3: Played Yellow_D(Clone)
[09:28:02] HasPlayableCard = true
[09:28:02] Turns: 0
[09:28:02] Hello from PlayerManager.Draw2
[09:28:02] Top Deck Card:Yellow_D(Clone) (UnityEngine.GameObject)
[09:28:02] Player: Drew Yellow_D(Clone) (UnityEngine.GameObject)
[09:28:02] Top Deck Card:CardW(Clone) (UnityEngine.GameObject)
[09:28:02] Player: Drew CardW(Clone) (UnityEngine.GameObject)
[09:28:02] Player: Drew 2 cards
[09:28:02] Turns: 1
[09:28:02] Top card: Yellow_D(Clone) (UnityEngine.GameObject)
[09:28:02] Yellow_R(Clone) (UnityEngine.GameObject) was added to PlayableCards
[09:28:02] Yellow_2(Clone) (UnityEngine.GameObject) was added to PlayableCards
[09:28:02] Enemy 1: Played Yellow_R(Clone)
[09:28:02] HasPlayableCard = true
[09:28:02] Turns: 0
