[05:18:54] Player received: Green_2(Clone)
[05:18:54] Enemy1 received: Yellow_9(Clone)
[05:18:54] Enemy2 received: Yellow_D(Clone)
[05:18:54] Enemy3 received: Red_1(Clone)
[05:18:54] Player received: Red_7(Clone)
[05:18:54] Enemy1 received: Yellow_R(Clone)
[05:18:54] Enemy2 received: Blue_D(Clone)
[05:18:54] Enemy3 received: Green_D(Clone)
[05:18:54] Player received: Blue_3(Clone)
[05:18:54] Enemy1 received: Yellow_1(Clone)
[05:18:54] Enemy2 received: Yellow_4(Clone)
[05:18:54] Enemy3 received: Green_6(Clone)
[05:18:54] Player received: Blue_7(Clone)
[05:18:54] Enemy1 received: Red_D(Clone)
[05:18:54] Enemy2 received: CardW(Clone)
[05:18:54] Enemy3 received: Red_5(Clone)
[05:18:54] Player received: Yellow_9(Clone)
[05:18:54] Enemy1 received: CardW4(Clone)
[05:18:54] Enemy2 received: Red_1(Clone)
[05:18:54] Enemy3 received: Green_9(Clone)
[05:18:54] Player received: Blue_D(Clone)
[05:18:54] Enemy1 received: Yellow_2(Clone)
[05:18:54] Enemy2 received: Red_2(Clone)
[05:18:54] Enemy3 received: CardW4(Clone)
[05:18:54] Player received: Yellow_D(Clone)
[05:18:54] Enemy1 received: Yellow_S(Clone)
[05:18:54] Enemy2 received: Blue_3(Clone)
[05:18:54] Enemy3 received: Blue_S(Clone)
[05:18:54] DiscardPile received: Red_4(Clone)
[05:18:54] Dealt cards
[05:18:54] Player: Played Red_7
[05:18:54] Turns: 1
[05:18:54] Top card: Red_7(Clone) (UnityEngine.GameObject)
[05:18:54] Red_D(Clone) was added to PlayableCards
[05:18:54] CardW4(Clone) was added to PlayableCards
[05:18:54] Enemy 1: Played Red_D(Clone)
[05:18:54] HasPlayableCard = true
[05:18:54] Turns: 2
[05:18:54] Top card: Red_D(Clone) (UnityEngine.GameObject)
[05:18:54] Top Deck Card:Green_5(Clone)
[05:18:54] Enemy 2: Drew Green_5(Clone)
[05:18:54] Top Deck Card:Green_7(Clone)
[05:18:54] Enemy 2: Drew Green_7(Clone)
[05:18:54] Enemy 2: Drew 2 cards
[05:18:54] Turns: 3
[05:18:54] Top card: Red_D(Clone) (UnityEngine.GameObject)
[05:18:54] Red_1(Clone) was added to PlayableCards
[05:18:54] Green_D(Clone) was added to PlayableCards
[05:18:54] Red_5(Clone) was added to PlayableCards
[05:18:54] CardW4(Clone) was added to PlayableCards
[05:18:54] Enemy 3: Played Green_D(Clone)
[05:18:54] HasPlayableCard = true
[05:18:54] Turns: 0
[05:18:54] Hello from PlayerManager.Draw2
[05:18:54] Top Deck Card:Yellow_3(Clone)
[05:18:54] Player: Drew Yellow_3(Clone)
[05:18:54] Top Deck Card:Blue_S(Clone)
[05:18:54] Player: Drew Blue_S(Clone)
[05:18:54] Player: Drew 2 cards
[05:18:54] Turns: 1
[05:18:54] Top card: Green_D(Clone) (UnityEngine.GameObject)
[05:18:54] CardW4(Clone) was added to PlayableCards
[05:18:54] Enemy 1: Played CardW4(Clone)
[05:18:54] redCards: 0
[05:18:54] yellowCards: 5
[05:18:54] greenCards: 0
[05:18:54] blueCards: 0
[05:18:54] Largest number among 0, 5, 0 and 0 is 5
[05:18:54] Largest number among 0, 5, 0 and 0 is 5
[05:18:54] wild color set to yellow
[05:18:54] HasPlayableCard = true
[05:18:54] Removed Red_7(Clone) (UnityEngine.GameObject)
[05:18:54] Turns: 2
[05:18:54] Top card: CardW4(Clone) (UnityEngine.GameObject)
[05:18:54] Top Deck Card:CardW4(Clone)
[05:18:54] Enemy 2: Drew CardW4(Clone)
[05:18:54] Top Deck Card:Yellow_7(Clone)
[05:18:54] Enemy 2: Drew Yellow_7(Clone)
[05:18:54] Top Deck Card:Blue_2(Clone)
[05:18:54] Enemy 2: Drew Blue_2(Clone)
[05:18:54] Turns: 3
[05:18:54] Top card: CardW4(Clone) (UnityEngine.GameObject)
[05:18:54] CardW4(Clone) was added to PlayableCards
[05:18:54] Enemy 3: Played CardW4(Clone)
[05:18:54] redCards: 2
[05:18:54] yellowCards: 0
[05:18:54] greenCards: 2
[05:18:54] blueCards: 1
[05:18:54] Largest number among 2, 0, 2 and 1 is 2
[05:18:54] wild color set to red
[05:18:54] HasPlayableCard = true
[05:18:54] Removed Red_D(Clone) (UnityEngine.GameObject)
[05:18:54] Top Deck Card:Green_2(Clone)
[05:18:54] Enemy 2: Drew Green_2(Clone)
[05:18:54] Enemy 2: Drew 4 cards
[05:18:54] Turns: 0
[05:18:54] Hello from PlayerManager.WildDraw4
[05:18:54] Top Deck Card:Green_6(Clone)
[05:18:54] Player: Drew Green_6(Clone)
[05:18:54] Top Deck Card:Yellow_D(Clone)
[05:18:54] Player: Drew Yellow_D(Clone)
[05:18:54] Top Deck Card:CardW(Clone)
[05:18:54] Player: Drew CardW(Clone)
[05:18:54] Turns: 1
[05:18:54] Top card: CardW4(Clone) (UnityEngine.GameObject)
[05:18:54] HasPlayableCard = false
[05:18:54] Top Deck Card:Red_D(Clone)
[05:18:54] Player: Drew Red_D(Clone)
[05:18:54] Player: Drew 4 cards
[05:18:54] Top Deck Card:Red_D(Clone)
[05:18:54] Enemy 1: Drew Red_D(Clone)
[05:18:54] Enemy 1: Drew 1 cards
[05:18:54] Turns: 2
[05:18:54] Top card: CardW4(Clone) (UnityEngine.GameObject)
[05:18:54] CardW(Clone) was added to PlayableCards
[05:18:54] Red_1(Clone) was added to PlayableCards
[05:18:54] Red_2(Clone) was added to PlayableCards
[05:18:54] CardW4(Clone) was added to PlayableCards
[05:18:54] Enemy 2: Played Red_1(Clone)
[05:18:54] HasPlayableCard = true
[05:18:54] Removed Green_D(Clone) (UnityEngine.GameObject)
[05:18:54] Turns: 3
[05:18:54] Top card: Red_1(Clone) (UnityEngine.GameObject)
[05:18:54] Red_1(Clone) was added to PlayableCards
[05:18:54] Red_5(Clone) was added to PlayableCards
[05:18:54] Enemy 3: Played Red_1(Clone)
[05:18:54] HasPlayableCard = true
[05:18:54] Removed CardW4(Clone) (UnityEngine.GameObject)
[05:18:54] Turns: 0
[05:18:54] Wild Menu shown
[05:18:54] Player: Played CardW
[05:18:54] Removed CardW4(Clone) (UnityEngine.GameObject)
[05:18:54] Player called Yellow
[05:18:54] Wild Menu hidden
