[07:42:16] Top card: 
[07:42:16] Delt cards
[07:42:16] Player: Played CardW4
[07:42:16] Player: Played CardW4(Clone) (UnityEngine.GameObject)
[07:42:16] Wild Menu shown
[07:42:16] Turns: 1
[07:42:16] Turns: 1
[07:42:16] Player called Blue
[07:42:16] Wild Menu hidden
[07:42:16] Top card: CardW4(Clone) (UnityEngine.GameObject)
[07:42:16] Skipped Enemy 1
[07:42:16] Top card: CardW4(Clone) (UnityEngine.GameObject)
[07:42:16] Top card: CardW4(Clone) (CardProperties)
[07:42:16] Enemy 2: Red_8(Clone) (UnityEngine.GameObject) (Card 0) did not match
[07:42:16] Enemy 2: Green_7(Clone) (UnityEngine.GameObject) (Card 1) did not match
[07:42:16] Enemy 2: Red_9(Clone) (UnityEngine.GameObject) (Card 2) did not match
[07:42:16] Enemy 2: Played Blue_S(Clone) (UnityEngine.GameObject) (Card 3)
[07:42:16] Turns: 3
[07:42:16] Top card: Blue_S(Clone) (UnityEngine.GameObject)
[07:42:16] Skipped Enemy 3
[07:44:43] Top card: 
[07:44:43] Delt cards
[07:44:43] Player: Played Blue_R
[07:44:43] Player: Played Blue_R(Clone) (UnityEngine.GameObject)
[07:44:43] Turns: 3
[07:44:43] Turns: 3
[07:44:43] Top card: Blue_R(Clone) (UnityEngine.GameObject)
[07:44:43] Top card: Blue_R(Clone) (CardProperties)
[07:44:43] Enemy 3: Green_3(Clone) (UnityEngine.GameObject) (Card 0) did not match
[07:44:43] Enemy 3: CardW4(Clone) (UnityEngine.GameObject) (Card 1) did not match
[07:44:43] Enemy 3: Yellow_1(Clone) (UnityEngine.GameObject) (Card 2) did not match
[07:44:43] Enemy 3: Green_7(Clone) (UnityEngine.GameObject) (Card 3) did not match
[07:44:43] Enemy 3: Yellow_4(Clone) (UnityEngine.GameObject) (Card 4) did not match
[07:44:43] Enemy 3: CardW(Clone) (UnityEngine.GameObject) (Card 5) did not match
[07:44:43] Enemy 3: Yellow_5(Clone) (UnityEngine.GameObject) (Card 6) did not match
[07:44:43] HasFoundMatch = False
[07:44:43] Top Deck Card:Yellow_0(Clone) (UnityEngine.GameObject)
[07:44:43] Enemy 3: Drew Yellow_0(Clone) (UnityEngine.GameObject)
[07:44:43] Enemy 3: Drew 1 cards
[07:44:43] Turns: 2
[07:44:43] Top card: Blue_R(Clone) (UnityEngine.GameObject)
[07:44:43] Top card: Blue_R(Clone) (CardProperties)
[07:44:43] Enemy 2: Green_9(Clone) (UnityEngine.GameObject) (Card 0) did not match
[07:44:43] Enemy 2: Yellow_3(Clone) (UnityEngine.GameObject) (Card 1) did not match
[07:44:43] Enemy 2: Red_9(Clone) (UnityEngine.GameObject) (Card 2) did not match
[07:44:43] Enemy 2: CardW(Clone) (UnityEngine.GameObject) (Card 3) did not match
[07:44:43] Enemy 2: Green_3(Clone) (UnityEngine.GameObject) (Card 4) did not match
[07:44:43] Enemy 2: Green_1(Clone) (UnityEngine.GameObject) (Card 5) did not match
[07:44:43] Enemy 2: Played Blue_S(Clone) (UnityEngine.GameObject) (Card 6)
[07:44:43] Turns: 1
[07:44:43] Top card: Blue_S(Clone) (UnityEngine.GameObject)
[07:44:43] Skipped Enemy 1
[07:44:43] Top card: Blue_S(Clone) (UnityEngine.GameObject)
[07:44:43] Top card: Blue_S(Clone) (CardProperties)
[07:44:43] Enemy 2: Green_9(Clone) (UnityEngine.GameObject) (Card 0) did not match
[07:44:43] Enemy 2: Yellow_3(Clone) (UnityEngine.GameObject) (Card 1) did not match
[07:44:43] Enemy 2: Red_9(Clone) (UnityEngine.GameObject) (Card 2) did not match
[07:44:43] Enemy 2: CardW(Clone) (UnityEngine.GameObject) (Card 3) did not match
[07:44:43] Enemy 2: Green_3(Clone) (UnityEngine.GameObject) (Card 4) did not match
[07:44:43] Enemy 2: Green_1(Clone) (UnityEngine.GameObject) (Card 5) did not match
[07:44:43] Enemy 2: Played Blue_S(Clone) (UnityEngine.GameObject) (Card 6)
[07:44:43] Turns: 1
[07:44:43] Top card: Blue_S(Clone) (UnityEngine.GameObject)
[07:44:43] Top card: Blue_S(Clone) (CardProperties)
[07:44:43] Enemy 1: Green_R(Clone) (UnityEngine.GameObject) (Card 0) did not match
[07:44:43] Enemy 1: Green_S(Clone) (UnityEngine.GameObject) (Card 1) did not match
[07:44:43] Enemy 1: Red_5(Clone) (UnityEngine.GameObject) (Card 2) did not match
[07:44:43] Enemy 1: Played Blue_2(Clone) (UnityEngine.GameObject) (Card 3)
[07:44:43] Turns: 0
[07:44:43] Player: Played Yellow_R
[07:44:43] Player: Played Yellow_R(Clone) (UnityEngine.GameObject)
[07:44:43] Turns: 1
[07:44:43] Turns: 1
[07:44:43] Top card: Yellow_R(Clone) (UnityEngine.GameObject)
[07:44:43] Top card: Yellow_R(Clone) (CardProperties)
[07:44:43] Enemy 1: Green_R(Clone) (UnityEngine.GameObject) (Card 0) did not match
[07:44:43] Enemy 1: Green_S(Clone) (UnityEngine.GameObject) (Card 1) did not match
[07:44:43] Enemy 1: Red_5(Clone) (UnityEngine.GameObject) (Card 2) did not match
[07:44:43] Enemy 1: Blue_6(Clone) (UnityEngine.GameObject) (Card 3) did not match
[07:44:43] Enemy 1: Blue_S(Clone) (UnityEngine.GameObject) (Card 4) did not match
[07:44:43] Enemy 1: Green_8(Clone) (UnityEngine.GameObject) (Card 5) did not match
[07:44:43] HasFoundMatch = False
[07:44:43] Top Deck Card:Red_3(Clone) (UnityEngine.GameObject)
[07:44:43] Enemy 1: Drew Red_3(Clone) (UnityEngine.GameObject)
[07:44:43] Enemy 1: Drew 1 cards
[07:44:43] Turns: 2
[07:44:43] Top card: Yellow_R(Clone) (UnityEngine.GameObject)
[07:44:43] Top card: Yellow_R(Clone) (CardProperties)
[07:44:43] Enemy 2: Green_9(Clone) (UnityEngine.GameObject) (Card 0) did not match
[07:44:43] Enemy 2: Played Yellow_3(Clone) (UnityEngine.GameObject) (Card 1)
[07:44:43] Turns: 3
[07:44:43] Top card: Yellow_3(Clone) (UnityEngine.GameObject)
[07:44:43] Top card: Yellow_3(Clone) (CardProperties)
[07:44:43] Enemy 3: Played Green_3(Clone) (UnityEngine.GameObject) (Card 0)
[07:44:43] Turns: 0
[07:44:43] Player: Played Red_3
[07:44:43] Player: Played Red_3(Clone) (UnityEngine.GameObject)
[07:44:43] Turns: 1
[07:44:43] Turns: 1
[07:44:43] Top card: Red_3(Clone) (UnityEngine.GameObject)
[07:44:43] Top card: Red_3(Clone) (CardProperties)
[07:44:43] Enemy 1: Green_R(Clone) (UnityEngine.GameObject) (Card 0) did not match
[07:44:43] Enemy 1: Green_S(Clone) (UnityEngine.GameObject) (Card 1) did not match
[07:44:43] Enemy 1: Played Red_5(Clone) (UnityEngine.GameObject) (Card 2)
[07:44:43] Turns: 2
[07:44:43] Top card: Red_5(Clone) (UnityEngine.GameObject)
[07:44:43] Top card: Red_5(Clone) (CardProperties)
[07:44:43] Enemy 2: Green_9(Clone) (UnityEngine.GameObject) (Card 0) did not match
[07:44:43] Enemy 2: Played Red_9(Clone) (UnityEngine.GameObject) (Card 1)
[07:44:43] Turns: 3
[07:44:43] Top card: Red_9(Clone) (UnityEngine.GameObject)
[07:44:43] Top card: Red_9(Clone) (CardProperties)
[07:44:43] Enemy 3: CardW4(Clone) (UnityEngine.GameObject) (Card 0) did not match
[07:44:43] Enemy 3: Yellow_1(Clone) (UnityEngine.GameObject) (Card 1) did not match
[07:44:43] Enemy 3: Green_7(Clone) (UnityEngine.GameObject) (Card 2) did not match
[07:44:43] Enemy 3: Yellow_4(Clone) (UnityEngine.GameObject) (Card 3) did not match
[07:44:43] Enemy 3: CardW(Clone) (UnityEngine.GameObject) (Card 4) did not match
[07:44:43] Enemy 3: Yellow_5(Clone) (UnityEngine.GameObject) (Card 5) did not match
[07:44:43] Enemy 3: Yellow_0(Clone) (UnityEngine.GameObject) (Card 6) did not match
[07:44:43] HasFoundMatch = False
[07:44:43] Top Deck Card:Green_2(Clone) (UnityEngine.GameObject)
[07:44:43] Enemy 3: Drew Green_2(Clone) (UnityEngine.GameObject)
[07:44:43] Enemy 3: Drew 1 cards
[07:44:43] Turns: 0
[07:44:43] Player: Played Blue_7
[07:44:43] Player: Played Blue_7(Clone) (UnityEngine.GameObject)
[07:44:43] Turns: 1
[07:44:43] Turns: 1
[07:44:43] Top card: Blue_7(Clone) (UnityEngine.GameObject)
[07:44:43] Top card: Blue_7(Clone) (CardProperties)
[07:44:43] Enemy 1: Green_R(Clone) (UnityEngine.GameObject) (Card 0) did not match
[07:44:43] Enemy 1: Green_S(Clone) (UnityEngine.GameObject) (Card 1) did not match
[07:44:43] Enemy 1: Played Blue_6(Clone) (UnityEngine.GameObject) (Card 2)
[07:44:43] Turns: 2
[07:44:43] Top card: Blue_6(Clone) (UnityEngine.GameObject)
[07:44:43] Top card: Blue_6(Clone) (CardProperties)
[07:44:43] Enemy 2: Green_9(Clone) (UnityEngine.GameObject) (Card 0) did not match
[07:44:43] Enemy 2: CardW(Clone) (UnityEngine.GameObject) (Card 1) did not match
[07:44:43] Enemy 2: Green_3(Clone) (UnityEngine.GameObject) (Card 2) did not match
[07:44:43] Enemy 2: Green_1(Clone) (UnityEngine.GameObject) (Card 3) did not match
[07:44:43] HasFoundMatch = False
[07:44:43] Top Deck Card:Red_4(Clone) (UnityEngine.GameObject)
[07:44:43] Enemy 2: Drew Red_4(Clone) (UnityEngine.GameObject)
[07:44:43] Enemy 2: Drew 1 cards
[07:44:43] Turns: 3
[07:44:43] Top card: Blue_6(Clone) (UnityEngine.GameObject)
[07:44:43] Top card: Blue_6(Clone) (CardProperties)
[07:44:43] Enemy 3: CardW4(Clone) (UnityEngine.GameObject) (Card 0) did not match
[07:44:43] Enemy 3: Yellow_1(Clone) (UnityEngine.GameObject) (Card 1) did not match
[07:44:43] Enemy 3: Green_7(Clone) (UnityEngine.GameObject) (Card 2) did not match
[07:44:43] Enemy 3: Yellow_4(Clone) (UnityEngine.GameObject) (Card 3) did not match
[07:44:43] Enemy 3: CardW(Clone) (UnityEngine.GameObject) (Card 4) did not match
[07:44:43] Enemy 3: Yellow_5(Clone) (UnityEngine.GameObject) (Card 5) did not match
[07:44:43] Enemy 3: Yellow_0(Clone) (UnityEngine.GameObject) (Card 6) did not match
[07:44:43] Enemy 3: Green_2(Clone) (UnityEngine.GameObject) (Card 7) did not match
[07:44:43] HasFoundMatch = False
[07:44:43] Top Deck Card:Red_4(Clone) (UnityEngine.GameObject)
[07:44:43] Enemy 3: Drew Red_4(Clone) (UnityEngine.GameObject)
[07:44:43] Enemy 3: Drew 1 cards
[07:44:43] Turns: 0
[07:44:43] Player: Played Red_6
[07:44:43] Player: Played Red_6(Clone) (UnityEngine.GameObject)
[07:44:43] Turns: 1
[07:44:43] Turns: 1
[07:44:43] Top card: Red_6(Clone) (UnityEngine.GameObject)
[07:44:43] Top card: Red_6(Clone) (CardProperties)
[07:44:43] Enemy 1: Green_R(Clone) (UnityEngine.GameObject) (Card 0) did not match
[07:44:43] Enemy 1: Green_S(Clone) (UnityEngine.GameObject) (Card 1) did not match
[07:44:43] Enemy 1: Blue_S(Clone) (UnityEngine.GameObject) (Card 2) did not match
[07:44:43] Enemy 1: Green_8(Clone) (UnityEngine.GameObject) (Card 3) did not match
[07:44:43] Enemy 1: Played Red_3(Clone) (UnityEngine.GameObject) (Card 4)
[07:44:43] Turns: 2
[07:44:43] Top card: Red_3(Clone) (UnityEngine.GameObject)
[07:44:43] Top card: Red_3(Clone) (CardProperties)
[07:44:43] Enemy 2: Green_9(Clone) (UnityEngine.GameObject) (Card 0) did not match
[07:44:43] Enemy 2: CardW(Clone) (UnityEngine.GameObject) (Card 1) did not match
[07:44:43] Enemy 2: Played Green_3(Clone) (UnityEngine.GameObject) (Card 2)
[07:44:43] Turns: 3
[07:44:43] Top card: Green_3(Clone) (UnityEngine.GameObject)
[07:44:43] Top card: Green_3(Clone) (CardProperties)
[07:44:43] Enemy 3: CardW4(Clone) (UnityEngine.GameObject) (Card 0) did not match
[07:44:43] Enemy 3: Yellow_1(Clone) (UnityEngine.GameObject) (Card 1) did not match
[07:44:43] Enemy 3: Played Green_7(Clone) (UnityEngine.GameObject) (Card 2)
[07:44:43] Turns: 0
[07:44:43] Player: Played Yellow_1
[07:44:43] Player: Played Yellow_1(Clone) (UnityEngine.GameObject)
[07:44:43] Turns: 1
[07:44:43] Turns: 1
[07:44:43] Top card: Yellow_1(Clone) (UnityEngine.GameObject)
[07:44:43] Top card: Yellow_1(Clone) (CardProperties)
[07:44:43] Enemy 1: Green_R(Clone) (UnityEngine.GameObject) (Card 0) did not match
[07:44:43] Enemy 1: Green_S(Clone) (UnityEngine.GameObject) (Card 1) did not match
[07:44:43] Enemy 1: Blue_S(Clone) (UnityEngine.GameObject) (Card 2) did not match
[07:44:43] Enemy 1: Green_8(Clone) (UnityEngine.GameObject) (Card 3) did not match
[07:44:43] HasFoundMatch = False
[07:44:43] Top Deck Card:Red_2(Clone) (UnityEngine.GameObject)
[07:44:43] Enemy 1: Drew Red_2(Clone) (UnityEngine.GameObject)
[07:44:43] Enemy 1: Drew 1 cards
[07:44:43] Turns: 2
[07:44:43] Top card: Yellow_1(Clone) (UnityEngine.GameObject)
[07:44:43] Top card: Yellow_1(Clone) (CardProperties)
[07:44:43] Enemy 2: Green_9(Clone) (UnityEngine.GameObject) (Card 0) did not match
[07:44:43] Enemy 2: CardW(Clone) (UnityEngine.GameObject) (Card 1) did not match
[07:44:43] Enemy 2: Played Green_1(Clone) (UnityEngine.GameObject) (Card 2)
[07:44:43] Turns: 3
[07:44:43] Top card: Green_1(Clone) (UnityEngine.GameObject)
[07:44:43] Top card: Green_1(Clone) (CardProperties)
[07:44:43] Enemy 3: CardW4(Clone) (UnityEngine.GameObject) (Card 0) did not match
[07:44:43] Enemy 3: Played Yellow_1(Clone) (UnityEngine.GameObject) (Card 1)
[07:44:43] Turns: 0
[07:44:43] Player: Played Red_R
[07:44:43] Player: Played Red_R(Clone) (UnityEngine.GameObject)
[07:44:43] Turns: 3
[07:44:43] Turns: 3
[07:44:43] Top card: Red_R(Clone) (UnityEngine.GameObject)
[07:44:43] Top card: Red_R(Clone) (CardProperties)
[07:44:43] Enemy 3: CardW4(Clone) (UnityEngine.GameObject) (Card 0) did not match
[07:44:43] Enemy 3: Yellow_4(Clone) (UnityEngine.GameObject) (Card 1) did not match
[07:44:43] Enemy 3: CardW(Clone) (UnityEngine.GameObject) (Card 2) did not match
[07:44:43] Enemy 3: Yellow_5(Clone) (UnityEngine.GameObject) (Card 3) did not match
[07:44:43] Enemy 3: Yellow_0(Clone) (UnityEngine.GameObject) (Card 4) did not match
[07:44:43] Enemy 3: Green_2(Clone) (UnityEngine.GameObject) (Card 5) did not match
[07:44:43] Enemy 3: Played Red_4(Clone) (UnityEngine.GameObject) (Card 6)
[07:44:43] Turns: 2
[07:44:43] Top card: Red_4(Clone) (UnityEngine.GameObject)
[07:44:43] Top card: Red_4(Clone) (CardProperties)
[07:44:43] Enemy 2: Green_9(Clone) (UnityEngine.GameObject) (Card 0) did not match
[07:44:43] Enemy 2: CardW(Clone) (UnityEngine.GameObject) (Card 1) did not match
[07:44:43] Enemy 2: Played Red_4(Clone) (UnityEngine.GameObject) (Card 2)
[07:44:43] Turns: 1
[07:44:43] Top card: Red_4(Clone) (UnityEngine.GameObject)
[07:44:43] Top card: Red_4(Clone) (CardProperties)
[07:44:43] Enemy 1: Green_R(Clone) (UnityEngine.GameObject) (Card 0) did not match
[07:44:43] Enemy 1: Green_S(Clone) (UnityEngine.GameObject) (Card 1) did not match
[07:44:43] Enemy 1: Blue_S(Clone) (UnityEngine.GameObject) (Card 2) did not match
[07:44:43] Enemy 1: Green_8(Clone) (UnityEngine.GameObject) (Card 3) did not match
[07:44:43] Enemy 1: Played Red_2(Clone) (UnityEngine.GameObject) (Card 4)
[07:44:43] Turns: 0
