[10:05:26] Player received: Yellow_7(Clone)
[10:05:26] Enemy1 received: Red_D(Clone)
[10:05:26] Enemy2 received: Red_2(Clone)
[10:05:26] Enemy3 received: Red_5(Clone)
[10:05:26] Player received: Red_0(Clone)
[10:05:26] Enemy1 received: Red_3(Clone)
[10:05:26] Enemy2 received: Yellow_3(Clone)
[10:05:26] Enemy3 received: Blue_7(Clone)
[10:05:26] Player received: Green_D(Clone)
[10:05:26] Enemy1 received: Red_7(Clone)
[10:05:26] Enemy2 received: Blue_5(Clone)
[10:05:26] Enemy3 received: Green_8(Clone)
[10:05:26] Player received: Blue_4(Clone)
[10:05:26] Enemy1 received: Blue_9(Clone)
[10:05:26] Enemy2 received: Yellow_8(Clone)
[10:05:26] Enemy3 received: Red_R(Clone)
[10:05:26] Player received: Red_7(Clone)
[10:05:26] Enemy1 received: Green_5(Clone)
[10:05:26] Enemy2 received: Blue_8(Clone)
[10:05:26] Enemy3 received: Red_D(Clone)
[10:05:26] Player received: Yellow_R(Clone)
[10:05:26] Enemy1 received: Green_R(Clone)
[10:05:26] Enemy2 received: Green_D(Clone)
[10:05:26] Enemy3 received: Green_D(Clone)
[10:05:26] Player received: CardW(Clone)
[10:05:26] Enemy1 received: Yellow_4(Clone)
[10:05:26] Enemy2 received: Red_9(Clone)
[10:05:26] Enemy3 received: Yellow_D(Clone)
[10:05:26] DiscardPile received: Blue_4(Clone)
[10:05:26] Used PlayerLogic
