[04:22:09] Player received: Red_9(Clone)
[04:22:09] Enemy1 received: Green_D(Clone)
[04:22:09] Enemy2 received: Blue_6(Clone)
[04:22:09] Enemy3 received: Blue_5(Clone)
[04:22:09] Player received: Green_D(Clone)
[04:22:09] Enemy1 received: Blue_9(Clone)
[04:22:09] Enemy2 received: CardW4(Clone)
[04:22:09] Enemy3 received: Blue_D(Clone)
[04:22:09] Player received: Green_4(Clone)
[04:22:09] Enemy1 received: Red_5(Clone)
[04:22:09] Enemy2 received: Blue_2(Clone)
[04:22:09] Enemy3 received: Blue_8(Clone)
[04:22:09] Player received: Red_9(Clone)
[04:22:09] Enemy1 received: Red_5(Clone)
[04:22:09] Enemy2 received: Green_6(Clone)
[04:22:09] Enemy3 received: Blue_R(Clone)
[04:22:09] Player received: Green_5(Clone)
[04:22:09] Enemy1 received: Green_D(Clone)
[04:22:09] Enemy2 received: Blue_3(Clone)
[04:22:09] Enemy3 received: Red_4(Clone)
[04:22:09] Player received: Blue_D(Clone)
[04:22:09] Enemy1 received: Yellow_3(Clone)
[04:22:09] Enemy2 received: Green_7(Clone)
[04:22:09] Enemy3 received: Yellow_5(Clone)
[04:22:09] Player received: Yellow_4(Clone)
[04:22:09] Enemy1 received: Green_R(Clone)
[04:22:09] Enemy2 received: Yellow_2(Clone)
[04:22:09] Enemy3 received: Red_8(Clone)
[04:22:09] DiscardPile received: Green_S(Clone)
[04:22:09] Dealt cards
[04:22:09] Player: Played Red_9
[04:22:09] Turns: 1
[04:22:09] Top card: Red_9(Clone) (UnityEngine.GameObject)
[04:22:09] Blue_9(Clone) (UnityEngine.GameObject) was added to PlayableCards
[04:22:09] Red_5(Clone) (UnityEngine.GameObject) was added to PlayableCards
[04:22:09] Red_5(Clone) (UnityEngine.GameObject) was added to PlayableCards
[04:22:09] Enemy 1: Played Blue_9(Clone)
[04:22:09] Turns: 2
[04:22:09] Top card: Blue_9(Clone) (UnityEngine.GameObject)
[04:22:09] Blue_6(Clone) (UnityEngine.GameObject) was added to PlayableCards
[04:22:09] CardW4(Clone) (UnityEngine.GameObject) was added to PlayableCards
[04:22:09] Blue_2(Clone) (UnityEngine.GameObject) was added to PlayableCards
[04:22:09] Blue_3(Clone) (UnityEngine.GameObject) was added to PlayableCards
[04:22:09] Enemy 2: Played Blue_6(Clone)
[04:22:09] Turns: 3
[04:22:09] Top card: Blue_6(Clone) (UnityEngine.GameObject)
[04:22:09] Blue_5(Clone) (UnityEngine.GameObject) was added to PlayableCards
[04:22:09] Blue_D(Clone) (UnityEngine.GameObject) was added to PlayableCards
[04:22:09] Blue_8(Clone) (UnityEngine.GameObject) was added to PlayableCards
[04:22:09] Blue_R(Clone) (UnityEngine.GameObject) was added to PlayableCards
[04:22:09] Enemy 3: Played Blue_D(Clone)
[04:22:09] Turns: 0
[04:22:09] HasPlayableCard = true
[04:22:09] HasPlayableCard = true
[04:22:09] HasPlayableCard = true
