[06:03:55]Last card index0
[06:03:55]Last card index0
[06:03:55]Last card index0
[06:03:55]Last card index0
[06:03:55]Last card index0
[06:03:55]Last card index0
[06:03:55]Last card index0
[06:03:55]Last card index0
[06:03:55]Last card index0
[06:03:55]Last card index0
[06:03:55]Last card index0
[06:03:55]Last card index0
[06:03:55]Last card index0
[06:03:55]Last card index0
[06:03:55]Last card index0
[06:03:55]Last card index0
[06:03:55]Last card index0
[06:03:55]Last card index0
[06:03:55]Last card index0
[06:03:55]Last card index0
[06:03:55]Last card index0
[06:03:55]Last card index0
[06:03:55]Last card index0
[06:03:55]Last card index0
[06:03:55]Last card index0
[06:03:55]Last card index0
[06:03:55]Last card index0
[06:03:55]Last card index0
[06:03:55]Last card index0
[06:03:55]Player: played card
[06:03:55]Turns = 1
[06:03:55]DiscardCounter: 1
[06:03:55]The top card is RedReverse
[06:03:55]Enemy 1: Card couldn't be played
[06:03:55]Enemy 1: Skiping turn
[06:03:55]The top card is RedReverse
[06:03:55]Enemy 2: Card couldn't be played
[06:03:55]Enemy 2: Skiping turn
[06:03:55]The top card is RedReverse
[06:03:55]Enemy 3: Card couldn't be played
[06:03:55]Enemy 3: Skiping turn
[09:36:00]Top card: 
[09:36:00]Top card: Red_3(Clone) (UnityEngine.GameObject)
[09:36:00]Top card: Red_3(Clone) (UnityEngine.GameObject)
[09:36:00]Top card: Red_3(Clone) (UnityEngine.GameObject)
[09:36:00]Top card: Red_3(Clone) (UnityEngine.GameObject)
[09:36:00]Top card: Red_3(Clone) (UnityEngine.GameObject)
[09:36:00]Top card: Red_3(Clone) (UnityEngine.GameObject)
[09:36:00]Top card: Red_3(Clone) (UnityEngine.GameObject)
[09:36:00]Top card: Red_3(Clone) (UnityEngine.GameObject)
[09:36:00]Top card: Red_3(Clone) (UnityEngine.GameObject)
[09:36:00]Top card: Red_3(Clone) (UnityEngine.GameObject)
[09:36:00]Top card: Red_3(Clone) (UnityEngine.GameObject)
[09:36:00]Top card: Red_3(Clone) (UnityEngine.GameObject)
[09:36:00]Top card: Red_3(Clone) (UnityEngine.GameObject)
[09:36:00]Top card: Red_3(Clone) (UnityEngine.GameObject)
[09:36:00]Top card: Red_3(Clone) (UnityEngine.GameObject)
[09:36:00]Top card: Red_3(Clone) (UnityEngine.GameObject)
[09:36:00]Top card: Red_3(Clone) (UnityEngine.GameObject)
[09:36:00]Top card: Red_3(Clone) (UnityEngine.GameObject)
[09:36:00]Top card: Red_3(Clone) (UnityEngine.GameObject)
[09:36:00]Top card: Red_3(Clone) (UnityEngine.GameObject)
[09:36:00]Top card: Red_3(Clone) (UnityEngine.GameObject)
[09:36:00]Top card: Red_3(Clone) (UnityEngine.GameObject)
[09:36:00]Top card: Red_3(Clone) (UnityEngine.GameObject)
[09:36:00]Top card: Red_3(Clone) (UnityEngine.GameObject)
[09:36:00]Top card: Red_3(Clone) (UnityEngine.GameObject)
[09:36:00]Top card: Red_3(Clone) (UnityEngine.GameObject)
[09:36:00]Top card: Red_3(Clone) (UnityEngine.GameObject)
[09:36:00]Top card: Red_3(Clone) (UnityEngine.GameObject)
[09:36:00]Player: played card
[09:36:00]Turns = 1
[09:36:00]DiscardCounter: 1
[09:36:00]Top card: Red_8(Clone) (UnityEngine.GameObject)
[09:36:00]Enemy 1: Played Red_R(Clone) (UnityEngine.GameObject)(Card0)
[09:36:00]Turns: 2
[09:36:00]Top card: Red_R(Clone) (UnityEngine.GameObject)
[09:36:00]Enemy 2: Yellow_9(Clone) (UnityEngine.GameObject) (Card 0) did not match
[09:36:00]Enemy 2: Green_4(Clone) (UnityEngine.GameObject) (Card 1) did not match
[09:36:00]Enemy 2: Played Red_8(Clone) (UnityEngine.GameObject)
[09:36:00]Turns: 3
[09:36:00]Top card: Red_8(Clone) (UnityEngine.GameObject)
[09:36:00]Enemy 3: Yellow_R(Clone) (UnityEngine.GameObject) (Card 0) did not match
[09:36:00]Enemy 3: Green_7(Clone) (UnityEngine.GameObject) (Card 1) did not match
[09:36:00]Enemy 3: Yellow_1(Clone) (UnityEngine.GameObject) (Card 2) did not match
[09:36:00]Enemy 3: Played Red_5(Clone) (UnityEngine.GameObject)
[09:36:00]Turns: 0
[09:36:00]Player: played card
[09:36:00]Turns = 1
[09:36:00]DiscardCounter: 1
[09:36:00]Top card: Green_5(Clone) (UnityEngine.GameObject)
[09:36:00]Enemy 1: Red_R(Clone) (UnityEngine.GameObject) (Card 0) did not match
[09:36:00]Top card: Green_5(Clone) (UnityEngine.GameObject)
[09:36:00]Enemy 2: Yellow_9(Clone) (UnityEngine.GameObject) (Card 0) did not match
[09:36:00]Enemy 2: Played Green_4(Clone) (UnityEngine.GameObject)
[09:36:00]Turns: 3
[09:36:00]Top card: Green_4(Clone) (UnityEngine.GameObject)
[09:36:00]Enemy 3: Yellow_R(Clone) (UnityEngine.GameObject) (Card 0) did not match
[09:36:00]Enemy 3: Played Green_7(Clone) (UnityEngine.GameObject)
[09:36:00]Turns: 0
[09:36:00]Player: played card
[09:36:00]Turns = 1
[09:36:00]DiscardCounter: 1
[09:36:00]Top card: Green_S(Clone) (UnityEngine.GameObject)
[09:36:00]Enemy 1: Red_R(Clone) (UnityEngine.GameObject) (Card 0) did not match
[09:36:00]Enemy 1: Played Yellow_S(Clone) (UnityEngine.GameObject)(Card1)
[09:36:00]Turns: 2
[09:36:00]Top card: Yellow_S(Clone) (UnityEngine.GameObject)
[09:36:00]Enemy 2: Played Yellow_9(Clone) (UnityEngine.GameObject)
[09:36:00]Turns: 3
[09:36:00]Top card: Yellow_9(Clone) (UnityEngine.GameObject)
[09:36:00]Enemy 3: Played Yellow_R(Clone) (UnityEngine.GameObject)
[09:36:00]Turns: 0
[09:36:00]Player: played card
[09:36:00]Turns = 1
[09:36:00]DiscardCounter: 1
[09:36:00]Top card: Green_4(Clone) (UnityEngine.GameObject)
[09:36:00]Enemy 1: Red_R(Clone) (UnityEngine.GameObject) (Card 0) did not match
[09:36:00]Enemy 1: Yellow_S(Clone) (UnityEngine.GameObject) (Card 1) did not match
[09:36:00]Enemy 1: Blue_D(Clone) (UnityEngine.GameObject) (Card 2) did not match
[09:36:00]Enemy 1: Blue_3(Clone) (UnityEngine.GameObject) (Card 3) did not match
[09:36:00]Enemy 1: Red_2(Clone) (UnityEngine.GameObject) (Card 4) did not match
[09:36:00]Enemy 1: Blue_9(Clone) (UnityEngine.GameObject) (Card 5) did not match
[09:36:00]Enemy 1: Played Green_3(Clone) (UnityEngine.GameObject)(Card6)
[09:36:00]Turns: 2
[09:36:00]Top card: Green_3(Clone) (UnityEngine.GameObject)
[09:36:00]Enemy 2: Yellow_9(Clone) (UnityEngine.GameObject) (Card 0) did not match
[09:36:00]Enemy 2: Played Green_4(Clone) (UnityEngine.GameObject)
[09:36:00]Turns: 3
[09:36:00]Top card: Green_4(Clone) (UnityEngine.GameObject)
[09:36:00]Enemy 3: Yellow_R(Clone) (UnityEngine.GameObject) (Card 0) did not match
[09:36:00]Enemy 3: Played Green_7(Clone) (UnityEngine.GameObject)
[09:36:00]Turns: 0
[09:36:00]Player: played card
[09:36:00]Turns = 1
[09:36:00]DiscardCounter: 1
[09:36:00]Top card: Blue_1(Clone) (UnityEngine.GameObject)
[09:36:00]Enemy 1: Red_R(Clone) (UnityEngine.GameObject) (Card 0) did not match
[09:36:00]Enemy 1: Yellow_S(Clone) (UnityEngine.GameObject) (Card 1) did not match
[09:36:00]Enemy 1: Played Blue_D(Clone) (UnityEngine.GameObject)(Card2)
[09:36:00]Turns: 2
[09:36:00]Top card: Blue_D(Clone) (UnityEngine.GameObject)
[09:36:00]Enemy 2: Yellow_9(Clone) (UnityEngine.GameObject) (Card 0) did not match
[09:36:00]Enemy 2: Green_4(Clone) (UnityEngine.GameObject) (Card 1) did not match
[09:36:00]Enemy 2: Red_8(Clone) (UnityEngine.GameObject) (Card 2) did not match
[09:36:00]Enemy 2: Green_8(Clone) (UnityEngine.GameObject) (Card 3) did not match
[09:36:00]Enemy 2: Yellow_7(Clone) (UnityEngine.GameObject) (Card 4) did not match
[09:36:00]Enemy 2: Played Blue_5(Clone) (UnityEngine.GameObject)
[09:36:00]Turns: 3
[09:36:00]Top card: Blue_5(Clone) (UnityEngine.GameObject)
[09:36:00]Enemy 3: Yellow_R(Clone) (UnityEngine.GameObject) (Card 0) did not match
[09:36:00]Enemy 3: Green_7(Clone) (UnityEngine.GameObject) (Card 1) did not match
[09:36:00]Enemy 3: Yellow_1(Clone) (UnityEngine.GameObject) (Card 2) did not match
[09:36:00]Enemy 3: Played Red_5(Clone) (UnityEngine.GameObject)
[09:36:00]Turns: 0
[09:36:00]Player: played card
[09:36:00]Turns = 1
[09:36:00]DiscardCounter: 1
[09:36:00]Top card: Yellow_R(Clone) (UnityEngine.GameObject)
[09:36:00]Enemy 1: Played Red_R(Clone) (UnityEngine.GameObject)(Card0)
[09:36:00]Turns: 2
[09:36:00]Top card: Red_R(Clone) (UnityEngine.GameObject)
[09:36:00]Enemy 2: Yellow_9(Clone) (UnityEngine.GameObject) (Card 0) did not match
[09:36:00]Enemy 2: Green_4(Clone) (UnityEngine.GameObject) (Card 1) did not match
[09:36:00]Enemy 2: Played Red_8(Clone) (UnityEngine.GameObject)
[09:36:00]Turns: 3
[09:36:00]Top card: Red_8(Clone) (UnityEngine.GameObject)
[09:36:00]Enemy 3: Yellow_R(Clone) (UnityEngine.GameObject) (Card 0) did not match
[09:36:00]Enemy 3: Green_7(Clone) (UnityEngine.GameObject) (Card 1) did not match
[09:36:00]Enemy 3: Yellow_1(Clone) (UnityEngine.GameObject) (Card 2) did not match
[09:36:00]Enemy 3: Played Red_5(Clone) (UnityEngine.GameObject)
[09:36:00]Turns: 0
[09:36:00]Player: played card
[09:36:00]Turns = 1
[09:36:00]DiscardCounter: 1
[09:36:00]Top card: Yellow_S(Clone) (UnityEngine.GameObject)
[09:36:00]Enemy 1: Red_R(Clone) (UnityEngine.GameObject) (Card 0) did not match
[09:36:00]Enemy 1: Played Yellow_S(Clone) (UnityEngine.GameObject)(Card1)
[09:36:00]Turns: 2
[09:36:00]Top card: Yellow_S(Clone) (UnityEngine.GameObject)
[09:36:00]Enemy 2: Played Yellow_9(Clone) (UnityEngine.GameObject)
[09:36:00]Turns: 3
[09:36:00]Top card: Yellow_9(Clone) (UnityEngine.GameObject)
[09:36:00]Enemy 3: Played Yellow_R(Clone) (UnityEngine.GameObject)
[09:36:00]Turns: 0
