[09:08:51] Top card: 
[09:08:51] Player: Played Blue_8
[09:08:51] Made it this far (TurnManager)
[09:08:51] Turns: 1
[09:08:51] Turns: 1
[09:08:51] Top card: Blue_8(Clone) (UnityEngine.GameObject)
[09:08:51] Top card: Blue_8(Clone) (CardProperties)
[09:08:51] Enemy 1: Red_6(Clone) (UnityEngine.GameObject) (Card 0) did not match
[09:08:51] Enemy 1: Yellow_9(Clone) (UnityEngine.GameObject) (Card 1) did not match
[09:08:51] Enemy 1: Played Blue_2(Clone) (UnityEngine.GameObject) (Card 2)
[09:08:51] Turns: 2
[09:08:51] Top card: Blue_2(Clone) (UnityEngine.GameObject)
[09:08:51] Top card: Blue_2(Clone) (CardProperties)
[09:08:51] Enemy 2: CardW4(Clone) (UnityEngine.GameObject) (Card 0) did not match
[09:08:51] Enemy 2: CardW(Clone) (UnityEngine.GameObject) (Card 1) did not match
[09:08:51] Enemy 2: Played Blue_2(Clone) (UnityEngine.GameObject) (Card 2)
[09:08:51] Turns: 3
[09:08:51] Top card: Blue_2(Clone) (UnityEngine.GameObject)
[09:08:51] Top card: Blue_2(Clone) (CardProperties)
[09:08:51] Enemy 3: Played Green_2(Clone) (UnityEngine.GameObject) (Card 0)
[09:08:51] Turns: 0
[09:08:51] Delt cards
[09:08:51] Player: Played CardW
[09:08:51] Made it this far (TurnManager)
[09:08:51] Wild Menu shown
[09:08:51] Turns: 1
[09:08:51] Turns: 1
[11:19:05] Top card: 
[11:19:05] Delt cards
[11:19:05] Player: Played Green_D
[11:19:05] Turns: 0
[11:19:05] Player: Played Green_D
[11:19:05] Top Deck Card:Red_D(Clone) (UnityEngine.GameObject)
[11:19:05] Player: Drew Red_D(Clone) (UnityEngine.GameObject)
[11:19:05] Top Deck Card:Red_6(Clone) (UnityEngine.GameObject)
[11:19:05] Player: Drew Red_6(Clone) (UnityEngine.GameObject)
[11:19:05] Player: Drew 2 cards
[11:19:05] Turns: 1
[11:19:05] Top card: Green_D(Clone) (UnityEngine.GameObject)
[11:19:05] PlayableCards[0]: WildDraw4
[11:19:05] Turns: 2
[11:19:05] Top card: Green_D(Clone) (UnityEngine.GameObject)
[11:19:05] PlayableCards[0]: Nine
[11:19:05] Top card: Green_D(Clone) (UnityEngine.GameObject)
[11:19:05] PlayableCards[0]: Nine
[11:19:05] PlayableCards[1]: Nine
[11:19:05] Turns: 2
