[10:00:28]Top card: 
[10:00:28]Top card: Yellow_4(Clone) (UnityEngine.GameObject)
[10:00:28]Top card: Yellow_4(Clone) (UnityEngine.GameObject)
[10:00:28]Top card: Yellow_4(Clone) (UnityEngine.GameObject)
[10:00:28]Top card: Yellow_4(Clone) (UnityEngine.GameObject)
[10:00:28]Top card: Yellow_4(Clone) (UnityEngine.GameObject)
[10:00:28]Top card: Yellow_4(Clone) (UnityEngine.GameObject)
[10:00:28]Top card: Yellow_4(Clone) (UnityEngine.GameObject)
[10:00:28]Top card: Yellow_4(Clone) (UnityEngine.GameObject)
[10:00:28]Top card: Yellow_4(Clone) (UnityEngine.GameObject)
[10:00:28]Top card: Yellow_4(Clone) (UnityEngine.GameObject)
[10:00:28]Top card: Yellow_4(Clone) (UnityEngine.GameObject)
[10:00:28]Top card: Yellow_4(Clone) (UnityEngine.GameObject)
[10:00:28]Top card: Yellow_4(Clone) (UnityEngine.GameObject)
[10:00:28]Top card: Yellow_4(Clone) (UnityEngine.GameObject)
[10:00:28]Top card: Yellow_4(Clone) (UnityEngine.GameObject)
[10:00:28]Top card: Yellow_4(Clone) (UnityEngine.GameObject)
[10:00:28]Top card: Yellow_4(Clone) (UnityEngine.GameObject)
[10:00:28]Top card: Yellow_4(Clone) (UnityEngine.GameObject)
[10:00:28]Top card: Yellow_4(Clone) (UnityEngine.GameObject)
[10:00:28]Top card: Yellow_4(Clone) (UnityEngine.GameObject)
[10:00:28]Top card: Yellow_4(Clone) (UnityEngine.GameObject)
[10:00:28]Top card: Yellow_4(Clone) (UnityEngine.GameObject)
[10:00:28]Top card: Yellow_4(Clone) (UnityEngine.GameObject)
[10:00:28]Top card: Yellow_4(Clone) (UnityEngine.GameObject)
[10:00:28]Top card: Yellow_4(Clone) (UnityEngine.GameObject)
[10:00:28]Top card: Yellow_4(Clone) (UnityEngine.GameObject)
[10:00:28]Top card: Yellow_4(Clone) (UnityEngine.GameObject)
[10:00:28]Top card: Yellow_4(Clone) (UnityEngine.GameObject)
[10:00:28]Player: played card
[10:00:28]Turns = 1
[10:00:28]DiscardCounter: 1
[10:00:28]Top card: Blue_S(Clone) (UnityEngine.GameObject)
[10:00:28]Top card: Blue_S(Clone) (UnityEngine.GameObject)
[10:00:28]Top card: Blue_S(Clone) (UnityEngine.GameObject)
[10:00:28]Enemy 2: Red_2(Clone) (UnityEngine.GameObject) (Card 0) did not match
[10:00:28]Enemy 2: CardW(Clone) (UnityEngine.GameObject) (Card 1) did not match
[10:00:28]Enemy 2: Red_D(Clone) (UnityEngine.GameObject) (Card 2) did not match
[10:00:28]Enemy 2: Green_5(Clone) (UnityEngine.GameObject) (Card 3) did not match
[10:00:28]Enemy 2: Green_0(Clone) (UnityEngine.GameObject) (Card 4) did not match
[10:00:28]Enemy 2: Red_1(Clone) (UnityEngine.GameObject) (Card 5) did not match
[10:00:28]Enemy 2: Green_4(Clone) (UnityEngine.GameObject) (Card 6) did not match
[10:00:28]Top card: Blue_S(Clone) (UnityEngine.GameObject)
[10:00:28]Top card: Blue_S(Clone) (UnityEngine.GameObject)
[10:00:28]Top card: Blue_S(Clone) (UnityEngine.GameObject)
[10:00:28]Enemy 3: Red_6(Clone) (UnityEngine.GameObject) (Card 0) did not match
[10:00:28]Enemy 3: Played Blue_7(Clone) (UnityEngine.GameObject)(Card1)
[10:00:28]Turns: 4
