[04:50:27] Player received: Green_3(Clone)
[04:50:27] Enemy1 received: CardW4(Clone)
[04:50:27] Enemy2 received: Blue_5(Clone)
[04:50:27] Enemy3 received: Red_6(Clone)
[04:50:27] Player received: Yellow_D(Clone)
[04:50:27] Enemy1 received: Red_D(Clone)
[04:50:27] Enemy2 received: Green_2(Clone)
[04:50:27] Enemy3 received: Red_4(Clone)
[04:50:27] Player received: Blue_8(Clone)
[04:50:27] Enemy1 received: Blue_S(Clone)
[04:50:27] Enemy2 received: Red_R(Clone)
[04:50:27] Enemy3 received: Yellow_6(Clone)
[04:50:27] Player received: Red_D(Clone)
[04:50:27] Enemy1 received: Blue_3(Clone)
[04:50:27] Enemy2 received: Yellow_7(Clone)
[04:50:27] Enemy3 received: Green_8(Clone)
[04:50:27] Player received: Blue_R(Clone)
[04:50:27] Enemy1 received: Yellow_3(Clone)
[04:50:27] Enemy2 received: Red_5(Clone)
[04:50:27] Enemy3 received: CardW4(Clone)
[04:50:27] Player received: CardW4(Clone)
[04:50:27] Enemy1 received: Yellow_0(Clone)
[04:50:27] Enemy2 received: Red_D(Clone)
[04:50:27] Enemy3 received: Red_0(Clone)
[04:50:27] Player received: CardW4(Clone)
[04:50:27] Enemy1 received: Green_4(Clone)
[04:50:27] Enemy2 received: Blue_D(Clone)
[04:50:27] Enemy3 received: Yellow_R(Clone)
[04:50:27] DiscardPile received: Blue_3(Clone)
[04:50:27] Dealt cards
[04:50:27] Player: Played Red_D
