[10:37:46] Top card: 
[10:37:46] hello from discard if statment
[10:37:46] hello from discard while loop
[10:37:46] Top card: Red_3(Clone) (UnityEngine.GameObject)
[10:37:46] Top card: Red_3(Clone) (UnityEngine.GameObject)
[10:37:46] Top card: Red_3(Clone) (UnityEngine.GameObject)
[10:37:46] Top card: Red_3(Clone) (UnityEngine.GameObject)
[10:37:46] Top card: Red_3(Clone) (UnityEngine.GameObject)
[10:37:46] Top card: Red_3(Clone) (UnityEngine.GameObject)
[10:37:46] Top card: Red_3(Clone) (UnityEngine.GameObject)
[10:37:46] Top card: Red_3(Clone) (UnityEngine.GameObject)
[10:37:46] Top card: Red_3(Clone) (UnityEngine.GameObject)
[10:37:46] Top card: Red_3(Clone) (UnityEngine.GameObject)
[10:37:46] Top card: Red_3(Clone) (UnityEngine.GameObject)
[10:37:46] Top card: Red_3(Clone) (UnityEngine.GameObject)
[10:37:46] Top card: Red_3(Clone) (UnityEngine.GameObject)
[10:37:46] Top card: Red_3(Clone) (UnityEngine.GameObject)
[10:37:46] Top card: Red_3(Clone) (UnityEngine.GameObject)
[10:37:46] Top card: Red_3(Clone) (UnityEngine.GameObject)
[10:37:46] Top card: Red_3(Clone) (UnityEngine.GameObject)
[10:37:46] Top card: Red_3(Clone) (UnityEngine.GameObject)
[10:37:46] Top card: Red_3(Clone) (UnityEngine.GameObject)
[10:37:46] Top card: Red_3(Clone) (UnityEngine.GameObject)
[10:37:46] Top card: Red_3(Clone) (UnityEngine.GameObject)
[10:37:46] Top card: Red_3(Clone) (UnityEngine.GameObject)
[10:37:46] Top card: Red_3(Clone) (UnityEngine.GameObject)
[10:37:46] Top card: Red_3(Clone) (UnityEngine.GameObject)
[10:37:46] Top card: Red_3(Clone) (UnityEngine.GameObject)
[10:37:46] Top card: Red_3(Clone) (UnityEngine.GameObject)
[10:37:46] Top card: Red_3(Clone) (UnityEngine.GameObject)
[10:37:46] Delt cards
[10:37:46] Top card: Red_3(Clone) (UnityEngine.GameObject)
