[05:47:38] Player received: Green_9(Clone)
[05:47:38] Enemy1 received: Red_D(Clone)
[05:47:38] Enemy2 received: Green_D(Clone)
[05:47:38] Enemy3 received: Blue_S(Clone)
[05:47:38] Player received: Green_5(Clone)
[05:47:38] Enemy1 received: Yellow_1(Clone)
[05:47:38] Enemy2 received: Red_D(Clone)
[05:47:38] Enemy3 received: Blue_D(Clone)
[05:47:38] Player received: CardW4(Clone)
[05:47:38] Enemy1 received: Blue_S(Clone)
[05:47:38] Enemy2 received: Red_7(Clone)
[05:47:38] Enemy3 received: Yellow_R(Clone)
[05:47:38] Player received: CardW(Clone)
[05:47:38] Enemy1 received: Yellow_1(Clone)
[05:47:38] Enemy2 received: Green_3(Clone)
[05:47:38] Enemy3 received: CardW(Clone)
[05:47:38] Player received: Green_D(Clone)
[05:47:38] Enemy1 received: Green_D(Clone)
[05:47:38] Enemy2 received: Green_D(Clone)
[05:47:38] Enemy3 received: Yellow_5(Clone)
[05:47:38] Player received: Yellow_2(Clone)
[05:47:38] Enemy1 received: Yellow_4(Clone)
[05:47:38] Enemy2 received: Red_9(Clone)
[05:47:38] Enemy3 received: Yellow_S(Clone)
[05:47:38] Player received: Yellow_D(Clone)
[05:47:38] Enemy1 received: Blue_6(Clone)
[05:47:38] Enemy2 received: Blue_D(Clone)
[05:47:38] Enemy3 received: CardW(Clone)
[05:47:38] DiscardPile received: Blue_4(Clone)
[05:47:38] Dealt cards
[05:47:38] Wild Menu shown
[05:47:38] Player: Played CardW
[05:47:38] Player called Blue
[05:47:38] Wild Menu hidden
[05:47:38] Turns: 1
[05:47:38] Top card: CardW(Clone) (UnityEngine.GameObject)
[05:47:38] Blue_S(Clone) (UnityEngine.GameObject) was added to PlayableCards
[05:47:38] Blue_6(Clone) (UnityEngine.GameObject) was added to PlayableCards
[05:47:38] Enemy 1: Played Blue_S(Clone)
[05:47:38] HasPlayableCard = true
[05:47:38] Turns: 2
[05:47:38] Top card: Blue_S(Clone) (UnityEngine.GameObject)
[05:47:38] Turns: 3
[05:47:38] Top card: Blue_S(Clone) (UnityEngine.GameObject)
[05:47:38] Blue_S(Clone) (UnityEngine.GameObject) was added to PlayableCards
[05:47:38] Blue_D(Clone) (UnityEngine.GameObject) was added to PlayableCards
[05:47:38] CardW(Clone) (UnityEngine.GameObject) was added to PlayableCards
[05:47:38] Yellow_S(Clone) (UnityEngine.GameObject) was added to PlayableCards
[05:47:38] CardW(Clone) (UnityEngine.GameObject) was added to PlayableCards
[05:47:38] Enemy 3: Played Blue_D(Clone)
[05:47:38] HasPlayableCard = true
[05:47:38] Turns: 0
