[01:05:29] Top card: 
[01:06:01] Top card: 
[01:06:01] Delt cards
[01:06:01] Player: Played Green_8
[01:06:01] Turns: 1
[01:06:01] Turns: 1
[01:06:01] Top card: Green_8(Clone) (UnityEngine.GameObject)
[01:06:01] Top card: Green_8(Clone) (CardProperties)
[01:06:01] Enemy 1: Yellow_5(Clone) (UnityEngine.GameObject) (Card 0) did not match
[01:06:01] Enemy 1: Played Blue_8(Clone) (UnityEngine.GameObject) (Card 1)
[01:06:01] Turns: 2
[01:06:01] Top card: Blue_8(Clone) (UnityEngine.GameObject)
[01:06:01] Top card: Blue_8(Clone) (CardProperties)
[01:06:01] Enemy 2: Yellow_1(Clone) (UnityEngine.GameObject) (Card 0) did not match
[01:06:01] Enemy 2: Yellow_9(Clone) (UnityEngine.GameObject) (Card 1) did not match
[01:06:01] Enemy 2: Played Blue_7(Clone) (UnityEngine.GameObject) (Card 2)
[01:06:01] Turns: 3
[01:06:01] Top card: Blue_7(Clone) (UnityEngine.GameObject)
[01:06:01] Top card: Blue_7(Clone) (CardProperties)
[01:06:01] Enemy 3: Played Blue_S(Clone) (UnityEngine.GameObject) (Card 0)
[01:06:01] Turns: 0
[01:06:01] Player: Played Yellow_D
[01:06:01] Turns: 1
[01:06:01] Turns: 1
[01:06:01] Top card: Yellow_D(Clone) (UnityEngine.GameObject)
[01:06:01] Top Deck Card:Red_7(Clone) (UnityEngine.GameObject)
[01:06:01] Enemy 1: Drew Red_7(Clone) (UnityEngine.GameObject)
[01:06:01] Top Deck Card:Blue_R(Clone) (UnityEngine.GameObject)
[01:06:01] Enemy 1: Drew Blue_R(Clone) (UnityEngine.GameObject)
[01:06:01] Enemy 1: Drew 2 cards
[01:06:01] Skipped Enemy 1
[01:06:01] Top card: Yellow_D(Clone) (UnityEngine.GameObject)
[01:06:01] Top card: Yellow_D(Clone) (CardProperties)
[01:06:01] Enemy 2: Played Yellow_1(Clone) (UnityEngine.GameObject) (Card 0)
[01:06:01] Removed Green_8(Clone) (UnityEngine.GameObject)
[01:06:01] Turns: 3
[01:06:01] Top card: Yellow_1(Clone) (UnityEngine.GameObject)
[01:06:01] Top card: Yellow_1(Clone) (CardProperties)
[01:06:01] Enemy 3: Red_3(Clone) (UnityEngine.GameObject) (Card 0) did not match
[01:06:01] Enemy 3: Green_9(Clone) (UnityEngine.GameObject) (Card 1) did not match
[01:06:01] Enemy 3: Played Yellow_R(Clone) (UnityEngine.GameObject) (Card 2)
[01:06:01] Removed Blue_8(Clone) (UnityEngine.GameObject)
[01:06:01] Top card: Yellow_R(Clone) (CardProperties)
[01:06:01] Enemy 3: Red_3(Clone) (UnityEngine.GameObject) (Card 0) did not match
[01:06:01] Enemy 3: Green_9(Clone) (UnityEngine.GameObject) (Card 1) did not match
[01:06:01] Enemy 3: Played Yellow_R(Clone) (UnityEngine.GameObject) (Card 2)
[01:06:01] Removed Blue_7(Clone) (UnityEngine.GameObject)
[01:06:01] Turns: 2
[01:06:01] IsReversed: True
[01:06:01] Turns: 1
[01:06:01] Top card: Yellow_R(Clone) (UnityEngine.GameObject)
[01:06:01] Top card: Yellow_R(Clone) (CardProperties)
[01:06:01] Enemy 1: Played Yellow_5(Clone) (UnityEngine.GameObject) (Card 0)
[01:06:01] Removed Blue_S(Clone) (UnityEngine.GameObject)
[01:06:01] Turns: 0
[01:06:01] Player: Played Yellow_7
[01:06:01] Removed Yellow_D(Clone) (UnityEngine.GameObject)
[01:06:01] Turns: 3
[01:06:01] Turns: 3
[01:06:01] Top card: Yellow_7(Clone) (UnityEngine.GameObject)
[01:06:01] Top card: Yellow_7(Clone) (CardProperties)
[01:06:01] Enemy 3: Red_3(Clone) (UnityEngine.GameObject) (Card 0) did not match
[01:06:01] Enemy 3: Green_9(Clone) (UnityEngine.GameObject) (Card 1) did not match
[01:06:01] Enemy 3: Blue_1(Clone) (UnityEngine.GameObject) (Card 2) did not match
[01:06:01] Enemy 3: Blue_R(Clone) (UnityEngine.GameObject) (Card 3) did not match
[01:06:01] Enemy 3: Green_S(Clone) (UnityEngine.GameObject) (Card 4) did not match
[01:06:01] HasFoundMatch = False
[01:06:01] Top Deck Card:Blue_7(Clone) (UnityEngine.GameObject)
[01:06:01] Enemy 3: Drew Blue_7(Clone) (UnityEngine.GameObject)
[01:06:01] Enemy 3: Drew 1 cards
[01:06:01] Turns: 2
[01:06:01] Top card: Yellow_7(Clone) (UnityEngine.GameObject)
[01:06:01] Top card: Yellow_7(Clone) (CardProperties)
[01:06:01] Enemy 2: Played Yellow_9(Clone) (UnityEngine.GameObject) (Card 0)
[01:06:01] Removed Yellow_1(Clone) (UnityEngine.GameObject)
[01:06:01] Turns: 1
[01:06:01] Top card: Yellow_9(Clone) (UnityEngine.GameObject)
[01:06:01] Top card: Yellow_9(Clone) (CardProperties)
[01:06:01] Enemy 1: Red_3(Clone) (UnityEngine.GameObject) (Card 0) did not match
[01:06:01] Enemy 1: Red_D(Clone) (UnityEngine.GameObject) (Card 1) did not match
[01:06:01] Enemy 1: Red_D(Clone) (UnityEngine.GameObject) (Card 2) did not match
[01:06:01] Enemy 1: Green_3(Clone) (UnityEngine.GameObject) (Card 3) did not match
[01:06:01] Enemy 1: Blue_4(Clone) (UnityEngine.GameObject) (Card 4) did not match
[01:06:01] Enemy 1: Red_7(Clone) (UnityEngine.GameObject) (Card 5) did not match
[01:06:01] Enemy 1: Blue_R(Clone) (UnityEngine.GameObject) (Card 6) did not match
[01:06:01] HasFoundMatch = False
[01:06:01] Top Deck Card:Red_0(Clone) (UnityEngine.GameObject)
[01:06:01] Enemy 1: Drew Red_0(Clone) (UnityEngine.GameObject)
[01:06:01] Enemy 1: Drew 1 cards
[01:06:01] Turns: 0
[01:06:01] Player: Played Green_1
[01:06:01] Removed Yellow_R(Clone) (UnityEngine.GameObject)
[01:06:01] Turns: 3
[01:06:01] Turns: 3
[01:06:01] Top card: Green_1(Clone) (UnityEngine.GameObject)
[01:06:01] Top card: Green_1(Clone) (CardProperties)
[01:06:01] Enemy 3: Red_3(Clone) (UnityEngine.GameObject) (Card 0) did not match
[01:06:01] Enemy 3: Played Green_9(Clone) (UnityEngine.GameObject) (Card 1)
[01:06:01] Removed Yellow_R(Clone) (UnityEngine.GameObject)
[01:06:01] Turns: 2
[01:06:01] Top card: Green_9(Clone) (UnityEngine.GameObject)
[01:06:01] Top card: Green_9(Clone) (CardProperties)
[01:06:01] Enemy 2: Played Green_D(Clone) (UnityEngine.GameObject) (Card 0)
[01:06:01] Removed Yellow_5(Clone) (UnityEngine.GameObject)
[01:06:01] Turns: 1
[01:06:01] Top card: Green_D(Clone) (UnityEngine.GameObject)
[01:06:01] Top Deck Card:Green_6(Clone) (UnityEngine.GameObject)
[01:06:01] Enemy 1: Drew Green_6(Clone) (UnityEngine.GameObject)
[01:06:01] Top Deck Card:Red_5(Clone) (UnityEngine.GameObject)
[01:06:01] Enemy 1: Drew Red_5(Clone) (UnityEngine.GameObject)
[01:06:01] Enemy 1: Drew 2 cards
[01:06:01] Skipped Enemy 1
[01:06:01] Top card: Green_D(Clone) (UnityEngine.GameObject)
[01:06:01] Top card: Green_D(Clone) (CardProperties)
[01:06:01] Enemy 2: Played Green_D(Clone) (UnityEngine.GameObject) (Card 0)
[01:06:01] Removed Yellow_7(Clone) (UnityEngine.GameObject)
[01:06:01] Turns: 1
[01:06:01] Top card: Green_D(Clone) (UnityEngine.GameObject)
[01:06:01] Top card: Green_D(Clone) (CardProperties)
[01:06:01] Enemy 1: Red_3(Clone) (UnityEngine.GameObject) (Card 0) did not match
[01:06:01] Enemy 1: Red_D(Clone) (UnityEngine.GameObject) (Card 1) did not match
[01:06:01] Enemy 1: Red_D(Clone) (UnityEngine.GameObject) (Card 2) did not match
[01:06:01] Enemy 1: Played Green_3(Clone) (UnityEngine.GameObject) (Card 3)
[01:06:01] Removed Yellow_9(Clone) (UnityEngine.GameObject)
[01:06:01] Turns: 0
[01:06:01] Player: Played Red_4
[01:06:01] Removed Green_1(Clone) (UnityEngine.GameObject)
[01:06:01] Turns: 3
[01:06:01] Turns: 3
[01:06:01] Top card: Red_4(Clone) (UnityEngine.GameObject)
[01:06:01] Top card: Red_4(Clone) (CardProperties)
[01:06:01] Enemy 3: Played Red_3(Clone) (UnityEngine.GameObject) (Card 0)
[01:06:01] Removed Green_9(Clone) (UnityEngine.GameObject)
[01:06:01] Turns: 2
[01:06:01] Top card: Red_3(Clone) (UnityEngine.GameObject)
[01:06:01] Top card: Red_3(Clone) (CardProperties)
[01:06:01] Enemy 2: Blue_2(Clone) (UnityEngine.GameObject) (Card 0) did not match
[01:06:01] Enemy 2: Yellow_7(Clone) (UnityEngine.GameObject) (Card 1) did not match
[01:06:01] Enemy 2: Blue_D(Clone) (UnityEngine.GameObject) (Card 2) did not match
[01:06:01] HasFoundMatch = False
[01:06:01] Top Deck Card:Red_5(Clone) (UnityEngine.GameObject)
[01:06:01] Enemy 2: Drew Red_5(Clone) (UnityEngine.GameObject)
[01:06:01] Enemy 2: Drew 1 cards
[01:06:01] Turns: 1
[01:06:01] Top card: Red_3(Clone) (UnityEngine.GameObject)
[01:06:01] Top card: Red_3(Clone) (CardProperties)
[01:06:01] Enemy 1: Played Red_3(Clone) (UnityEngine.GameObject) (Card 0)
[01:06:01] Removed Green_D(Clone) (UnityEngine.GameObject)
[01:06:01] Turns: 0
[01:06:01] Player: Played Yellow_D
[01:06:01] Removed null
[01:06:01] Turns: 3
[01:06:01] Turns: 3
[01:06:01] Top card: Yellow_D(Clone) (UnityEngine.GameObject)
[01:06:01] Top Deck Card:CardW(Clone) (UnityEngine.GameObject)
[01:06:01] Enemy 3: Drew CardW(Clone) (UnityEngine.GameObject)
[01:06:01] Top Deck Card:CardW4(Clone) (UnityEngine.GameObject)
[01:06:01] Enemy 3: Drew CardW4(Clone) (UnityEngine.GameObject)
[01:06:01] Enemy 3: Drew 2 cards
[01:06:01] Skipped Enemy 3
[01:06:01] Player: Played CardW4
[01:06:01] Removed Green_3(Clone) (UnityEngine.GameObject)
[01:06:01] Wild Menu shown
[01:06:01] Turns: 3
[01:06:01] Turns: 3
[01:06:01] Player called Red
[01:06:01] Wild Menu hidden
[01:06:01] Top card: CardW4(Clone) (UnityEngine.GameObject)
[01:06:01] Top Deck Card:Yellow_S(Clone) (UnityEngine.GameObject)
[01:06:01] Enemy 3: Drew Yellow_S(Clone) (UnityEngine.GameObject)
[01:06:01] Top Deck Card:Red_R(Clone) (UnityEngine.GameObject)
[01:06:01] Enemy 3: Drew Red_R(Clone) (UnityEngine.GameObject)
[01:06:01] Top Deck Card:Blue_D(Clone) (UnityEngine.GameObject)
[01:06:01] Enemy 3: Drew Blue_D(Clone) (UnityEngine.GameObject)
[01:06:01] Top Deck Card:Green_2(Clone) (UnityEngine.GameObject)
[01:06:01] Enemy 3: Drew Green_2(Clone) (UnityEngine.GameObject)
[01:06:01] Enemy 3: Drew 4 cards
[01:06:01] Skipped Enemy 3
[05:45:35] Top card: 
[05:45:35] Delt cards
[05:45:35] Player: Played Yellow_0
[05:45:35] Turns: 1
[05:45:35] Turns: 1
[05:45:35] Top card: Yellow_0(Clone) (UnityEngine.GameObject)
[05:45:35] Top card: Yellow_0(Clone) (CardProperties)
[05:45:35] Enemy 1: CardW4(Clone) (UnityEngine.GameObject) (Card 0) did not match
[05:45:35] Enemy 1: Green_7(Clone) (UnityEngine.GameObject) (Card 1) did not match
[05:45:35] Enemy 1: CardW(Clone) (UnityEngine.GameObject) (Card 2) did not match
[05:45:35] Enemy 1: Played Yellow_2(Clone) (UnityEngine.GameObject) (Card 3)
[05:45:35] Turns: 2
[05:45:35] Top card: Yellow_2(Clone) (UnityEngine.GameObject)
[05:45:35] Top card: Yellow_2(Clone) (CardProperties)
[05:45:35] Enemy 2: Green_1(Clone) (UnityEngine.GameObject) (Card 0) did not match
[05:45:35] Enemy 2: Red_6(Clone) (UnityEngine.GameObject) (Card 1) did not match
[05:45:35] Enemy 2: Green_8(Clone) (UnityEngine.GameObject) (Card 2) did not match
[05:45:35] Enemy 2: Green_0(Clone) (UnityEngine.GameObject) (Card 3) did not match
[05:45:35] Enemy 2: Blue_1(Clone) (UnityEngine.GameObject) (Card 4) did not match
[05:45:35] Enemy 2: CardW4(Clone) (UnityEngine.GameObject) (Card 5) did not match
[05:45:35] Enemy 2: Played Yellow_S(Clone) (UnityEngine.GameObject) (Card 6)
[05:45:35] Turns: 3
[05:45:35] Top card: Yellow_S(Clone) (UnityEngine.GameObject)
[05:45:35] Skipped Enemy 3
[05:45:35] Player: Played Blue_S
[05:45:35] Turns: 0
