[06:35:29] Top card: 
[06:35:29] Delt cards
[06:35:29] Player: Played Yellow_D
[06:35:29] Player: Played Yellow_D(Clone) (UnityEngine.GameObject)
[06:35:29] Turns: 1
[06:35:29] Turns: 1
[06:35:29] Top card: Yellow_D(Clone) (UnityEngine.GameObject)
[06:35:29] Top Deck Card:Red_7(Clone) (UnityEngine.GameObject)
[06:35:29] Enemy 1: Drew Red_7(Clone) (UnityEngine.GameObject)
[06:35:29] Top Deck Card:Red_8(Clone) (UnityEngine.GameObject)
[06:35:29] Enemy 1: Drew Red_8(Clone) (UnityEngine.GameObject)
[06:35:29] Enemy 1: Drew 2 cards
[06:35:29] Skipped Enemy 1
[06:35:29] Top card: Yellow_D(Clone) (UnityEngine.GameObject)
[06:35:29] Top card: Yellow_D(Clone) (CardProperties)
[06:35:29] Enemy 2: Green_7(Clone) (UnityEngine.GameObject) (Card 0) did not match
[06:35:29] Enemy 2: Blue_8(Clone) (UnityEngine.GameObject) (Card 1) did not match
[06:35:29] Enemy 2: Played Yellow_5(Clone) (UnityEngine.GameObject) (Card 2)
[06:35:29] Turns: 3
[06:35:29] Top card: Yellow_5(Clone) (UnityEngine.GameObject)
[06:35:29] Top card: Yellow_5(Clone) (CardProperties)
[06:35:29] Enemy 3: Green_4(Clone) (UnityEngine.GameObject) (Card 0) did not match
[06:35:29] Enemy 3: Blue_S(Clone) (UnityEngine.GameObject) (Card 1) did not match
[06:35:29] Enemy 3: Blue_2(Clone) (UnityEngine.GameObject) (Card 2) did not match
[06:35:29] Enemy 3: Red_D(Clone) (UnityEngine.GameObject) (Card 3) did not match
[06:35:29] Enemy 3: Blue_D(Clone) (UnityEngine.GameObject) (Card 4) did not match
[06:35:29] Enemy 3: Played Yellow_7(Clone) (UnityEngine.GameObject) (Card 5)
[06:35:29] Turns: 0
