[12:25:08] Top card: 
[12:25:08] Delt cards
[12:25:08] Player: Played Blue_2(Clone) (UnityEngine.GameObject)
[12:25:08] Turns: 1
[12:25:08] Turns: 1
[12:25:08] Top card: Blue_2(Clone) (UnityEngine.GameObject)
[12:25:08] Top card: Blue_2(Clone) (CardProperties)
[12:25:08] Enemy 1: Red_8(Clone) (UnityEngine.GameObject) (Card 0) did not match
[12:25:08] Enemy 1: Red_0(Clone) (UnityEngine.GameObject) (Card 1) did not match
[12:25:08] Enemy 1: CardW4(Clone) (UnityEngine.GameObject) (Card 2) did not match
[12:25:08] Enemy 1: Yellow_R(Clone) (UnityEngine.GameObject) (Card 3) did not match
[12:25:08] Enemy 1: Yellow_1(Clone) (UnityEngine.GameObject) (Card 4) did not match
[12:25:08] Enemy 1: Played Yellow_2(Clone) (UnityEngine.GameObject) (Card 5)
[12:25:08] Turns: 2
[12:25:08] Top card: Yellow_2(Clone) (UnityEngine.GameObject)
[12:25:08] Top card: Yellow_2(Clone) (CardProperties)
[12:25:08] Enemy 2: Red_6(Clone) (UnityEngine.GameObject) (Card 0) did not match
[12:25:08] Enemy 2: Green_9(Clone) (UnityEngine.GameObject) (Card 1) did not match
[12:25:08] Enemy 2: Played Yellow_S(Clone) (UnityEngine.GameObject) (Card 2)
[12:25:08] Turns: 3
[12:25:08] Top card: Yellow_S(Clone) (UnityEngine.GameObject)
[12:25:08] Skipped Enemy 3
[12:25:08] Player: Played Blue_S(Clone) (UnityEngine.GameObject)
[12:25:08] Turns: 1
[12:25:08] Turns: 1
[12:25:08] Top card: Blue_S(Clone) (UnityEngine.GameObject)
[12:25:08] Skipped Enemy 1
[12:25:08] Top card: Blue_S(Clone) (UnityEngine.GameObject)
[12:25:08] Top card: Blue_S(Clone) (CardProperties)
[12:25:08] Enemy 2: Red_6(Clone) (UnityEngine.GameObject) (Card 0) did not match
[12:25:08] Enemy 2: Green_9(Clone) (UnityEngine.GameObject) (Card 1) did not match
[12:25:08] Enemy 2: CardW(Clone) (UnityEngine.GameObject) (Card 2) did not match
[12:25:08] Enemy 2: Green_R(Clone) (UnityEngine.GameObject) (Card 3) did not match
[12:25:08] Enemy 2: Red_5(Clone) (UnityEngine.GameObject) (Card 4) did not match
[12:25:08] Enemy 2: CardW(Clone) (UnityEngine.GameObject) (Card 5) did not match
[12:25:08] HasFoundMatch = False
[12:25:08] Top Deck Card:Blue_5(Clone) (UnityEngine.GameObject)
[12:25:08] Enemy 2: Drew Blue_5(Clone) (UnityEngine.GameObject)
[12:25:08] Enemy 2: Drew 1 cards
[12:25:08] Turns: 3
[12:25:08] Top card: Blue_S(Clone) (UnityEngine.GameObject)
[12:25:08] Top card: Blue_S(Clone) (CardProperties)
[12:25:08] Enemy 3: Red_6(Clone) (UnityEngine.GameObject) (Card 0) did not match
[12:25:08] Enemy 3: Green_3(Clone) (UnityEngine.GameObject) (Card 1) did not match
[12:25:08] Enemy 3: Yellow_3(Clone) (UnityEngine.GameObject) (Card 2) did not match
[12:25:08] Enemy 3: Yellow_8(Clone) (UnityEngine.GameObject) (Card 3) did not match
[12:25:08] Enemy 3: Played Blue_R(Clone) (UnityEngine.GameObject) (Card 4)
[12:25:08] Top card: Blue_R(Clone) (CardProperties)
[12:25:08] Enemy 3: Red_6(Clone) (UnityEngine.GameObject) (Card 0) did not match
[12:25:08] Enemy 3: Green_3(Clone) (UnityEngine.GameObject) (Card 1) did not match
[12:25:08] Enemy 3: Yellow_3(Clone) (UnityEngine.GameObject) (Card 2) did not match
[12:25:08] Enemy 3: Yellow_8(Clone) (UnityEngine.GameObject) (Card 3) did not match
[12:25:08] Enemy 3: Played Blue_R(Clone) (UnityEngine.GameObject) (Card 4)
[12:25:08] Turns: 2
[12:25:08] IsReversed: True
[12:25:08] Turns: 1
[12:25:08] Top card: Blue_R(Clone) (UnityEngine.GameObject)
[12:25:08] Top card: Blue_R(Clone) (CardProperties)
[12:25:08] Enemy 1: Red_8(Clone) (UnityEngine.GameObject) (Card 0) did not match
[12:25:08] Enemy 1: Red_0(Clone) (UnityEngine.GameObject) (Card 1) did not match
[12:25:08] Enemy 1: CardW4(Clone) (UnityEngine.GameObject) (Card 2) did not match
[12:25:08] Enemy 1: Yellow_R(Clone) (UnityEngine.GameObject) (Card 3) did not match
[12:25:08] Enemy 1: Yellow_1(Clone) (UnityEngine.GameObject) (Card 4) did not match
[12:25:08] Enemy 1: Played Blue_9(Clone) (UnityEngine.GameObject) (Card 5)
[12:25:08] Turns: 0
