[06:31:34]Last card index 
[06:31:34]Last card index Blue_5(Clone) (UnityEngine.GameObject)
[06:31:34]Last card index Blue_5(Clone) (UnityEngine.GameObject)
[06:31:34]Last card index Blue_5(Clone) (UnityEngine.GameObject)
[06:31:34]Last card index Blue_5(Clone) (UnityEngine.GameObject)
[06:31:34]Last card index Blue_5(Clone) (UnityEngine.GameObject)
[06:31:34]Last card index Blue_5(Clone) (UnityEngine.GameObject)
[06:31:34]Last card index Blue_5(Clone) (UnityEngine.GameObject)
[06:31:34]Last card index Blue_5(Clone) (UnityEngine.GameObject)
[06:31:34]Last card index Blue_5(Clone) (UnityEngine.GameObject)
[06:31:34]Last card index Blue_5(Clone) (UnityEngine.GameObject)
[06:31:34]Last card index Blue_5(Clone) (UnityEngine.GameObject)
[06:31:34]Last card index Blue_5(Clone) (UnityEngine.GameObject)
[06:31:34]Last card index Blue_5(Clone) (UnityEngine.GameObject)
[06:31:34]Last card index Blue_5(Clone) (UnityEngine.GameObject)
[06:31:34]Last card index Blue_5(Clone) (UnityEngine.GameObject)
[06:31:34]Last card index Blue_5(Clone) (UnityEngine.GameObject)
[06:31:34]Last card index Blue_5(Clone) (UnityEngine.GameObject)
[06:31:34]Last card index Blue_5(Clone) (UnityEngine.GameObject)
[06:31:34]Last card index Blue_5(Clone) (UnityEngine.GameObject)
[06:31:34]Last card index Blue_5(Clone) (UnityEngine.GameObject)
[06:31:34]Last card index Blue_5(Clone) (UnityEngine.GameObject)
[06:31:34]Last card index Blue_5(Clone) (UnityEngine.GameObject)
[06:31:34]Last card index Blue_5(Clone) (UnityEngine.GameObject)
[06:31:34]Last card index Blue_5(Clone) (UnityEngine.GameObject)
[06:31:34]Last card index Blue_5(Clone) (UnityEngine.GameObject)
[06:31:34]Last card index Blue_5(Clone) (UnityEngine.GameObject)
[06:31:34]Last card index Blue_5(Clone) (UnityEngine.GameObject)
[06:31:34]Last card index Blue_5(Clone) (UnityEngine.GameObject)
[06:31:34]Player: played card
[06:31:34]Turns = 1
[06:31:34]DiscardCounter: 1
[06:31:34]The top card is GreenSix
[06:31:34]Enemy 1: Card couldn't be played
[06:31:34]Enemy 1: Skiping turn
[06:31:34]The top card is GreenSix
[06:31:34]Enemy 2: Card couldn't be played
[06:31:34]Enemy 2: Skiping turn
[06:31:34]The top card is GreenSix
[06:31:34]Enemy 3: Card couldn't be played
[06:31:34]Enemy 3: Skiping turn
