[06:51:29] Top card: 
[06:51:29] Delt cards
[06:51:29] Player: Played Green_D
[06:51:29] Player: Played Green_D(Clone) (UnityEngine.GameObject)
[06:51:29] Turns: 1
[06:51:29] Turns: 1
[06:51:29] Top card: Green_D(Clone) (UnityEngine.GameObject)
[06:51:29] Top Deck Card:Blue_D(Clone) (UnityEngine.GameObject)
[06:51:29] Enemy 1: Drew Blue_D(Clone) (UnityEngine.GameObject)
[06:51:29] Top Deck Card:Blue_D(Clone) (UnityEngine.GameObject)
[06:51:29] Enemy 1: Drew Blue_D(Clone) (UnityEngine.GameObject)
[06:51:29] Enemy 1: Drew 2 cards
[06:51:29] Skipped Enemy 1
[06:51:29] Top card: Green_D(Clone) (UnityEngine.GameObject)
[06:51:29] Top card: Green_D(Clone) (CardProperties)
[06:51:29] Enemy 2: Blue_S(Clone) (UnityEngine.GameObject) (Card 0) did not match
[06:51:29] Enemy 2: Played Green_5(Clone) (UnityEngine.GameObject) (Card 1)
[06:51:29] Turns: 3
[06:51:29] Top card: Green_5(Clone) (UnityEngine.GameObject)
[06:51:29] Top card: Green_5(Clone) (CardProperties)
[06:51:29] Enemy 3: Red_7(Clone) (UnityEngine.GameObject) (Card 0) did not match
[06:51:29] Enemy 3: Played Green_2(Clone) (UnityEngine.GameObject) (Card 1)
[06:51:29] Turns: 0
