[10:43:33] Top card: 
[10:43:33] hello from discard if statment
[10:43:33] hello from discard while loop
[10:43:33] Top card: CardW(Clone) (UnityEngine.GameObject)
[10:43:33] Top card: CardW(Clone) (UnityEngine.GameObject)
[10:43:33] Top card: CardW(Clone) (UnityEngine.GameObject)
[10:43:33] Top card: CardW(Clone) (UnityEngine.GameObject)
[10:43:33] Top card: CardW(Clone) (UnityEngine.GameObject)
[10:43:33] Top card: CardW(Clone) (UnityEngine.GameObject)
[10:43:33] Top card: CardW(Clone) (UnityEngine.GameObject)
[10:43:33] Top card: CardW(Clone) (UnityEngine.GameObject)
[10:43:33] Top card: CardW(Clone) (UnityEngine.GameObject)
[10:43:33] Top card: CardW(Clone) (UnityEngine.GameObject)
[10:43:33] Top card: CardW(Clone) (UnityEngine.GameObject)
[10:43:33] Top card: CardW(Clone) (UnityEngine.GameObject)
[10:43:33] Top card: CardW(Clone) (UnityEngine.GameObject)
[10:43:33] Top card: CardW(Clone) (UnityEngine.GameObject)
[10:43:33] Top card: CardW(Clone) (UnityEngine.GameObject)
[10:43:33] Top card: CardW(Clone) (UnityEngine.GameObject)
[10:43:33] Top card: CardW(Clone) (UnityEngine.GameObject)
[10:43:33] Top card: CardW(Clone) (UnityEngine.GameObject)
[10:43:33] Top card: CardW(Clone) (UnityEngine.GameObject)
[10:43:33] Top card: CardW(Clone) (UnityEngine.GameObject)
[10:43:33] Top card: CardW(Clone) (UnityEngine.GameObject)
[10:43:33] Top card: CardW(Clone) (UnityEngine.GameObject)
[10:43:33] Top card: CardW(Clone) (UnityEngine.GameObject)
[10:43:33] Top card: CardW(Clone) (UnityEngine.GameObject)
[10:43:33] Top card: CardW(Clone) (UnityEngine.GameObject)
[10:43:33] Top card: CardW(Clone) (UnityEngine.GameObject)
[10:43:33] Top card: CardW(Clone) (UnityEngine.GameObject)
[10:43:33] Delt cards
[10:43:33] Top card: CardW(Clone) (UnityEngine.GameObject)
