[03:09:59] Top card: 
[03:09:59] Delt cards
[03:09:59] Top card: Green_1(Clone) (UnityEngine.GameObject)
[03:09:59] Top card: Green_1(Clone) (UnityEngine.GameObject)
[03:09:59] Top card: Green_1(Clone) (UnityEngine.GameObject)
[03:09:59] Top card: Green_1(Clone) (UnityEngine.GameObject)
[03:09:59] Top card: Green_1(Clone) (UnityEngine.GameObject)
[03:09:59] Top card: Green_1(Clone) (UnityEngine.GameObject)
[03:09:59] Top card: Green_1(Clone) (UnityEngine.GameObject)
[03:09:59] Top card: Green_1(Clone) (UnityEngine.GameObject)
[03:09:59] Top card: Green_1(Clone) (UnityEngine.GameObject)
[03:09:59] Top card: Green_1(Clone) (UnityEngine.GameObject)
[03:09:59] Top card: Green_1(Clone) (UnityEngine.GameObject)
[03:09:59] Top card: Green_1(Clone) (UnityEngine.GameObject)
[03:09:59] Top card: Green_1(Clone) (UnityEngine.GameObject)
[03:09:59] Top card: Green_1(Clone) (UnityEngine.GameObject)
[03:09:59] Top card: Green_1(Clone) (UnityEngine.GameObject)
[03:09:59] Top card: Green_1(Clone) (UnityEngine.GameObject)
[03:09:59] Top card: Green_1(Clone) (UnityEngine.GameObject)
[03:09:59] Top card: Green_1(Clone) (UnityEngine.GameObject)
[03:09:59] Top card: Green_1(Clone) (UnityEngine.GameObject)
[03:09:59] Top card: Green_1(Clone) (UnityEngine.GameObject)
[03:09:59] Top card: Green_1(Clone) (UnityEngine.GameObject)
[03:09:59] Top card: Green_1(Clone) (UnityEngine.GameObject)
[03:09:59] Top card: Green_1(Clone) (UnityEngine.GameObject)
[03:09:59] Top card: Green_1(Clone) (UnityEngine.GameObject)
[03:09:59] Top card: Green_1(Clone) (UnityEngine.GameObject)
[03:09:59] Top card: Green_1(Clone) (UnityEngine.GameObject)
[03:09:59] Top card: Green_1(Clone) (UnityEngine.GameObject)
[03:09:59] Top card: Green_1(Clone) (UnityEngine.GameObject)
[03:09:59] Turns: 1
[03:09:59] Player: Played Green_3(Clone) (UnityEngine.GameObject)
[03:09:59] Turns: 1
[03:09:59] DiscardCounter: 1
[03:09:59] Top card: Green_3(Clone) (UnityEngine.GameObject)
[03:09:59] Top card: Green_3(Clone) (UnityEngine.GameObject)
[03:09:59] Enemy 1: CardW4(Clone) (UnityEngine.GameObject) (Card 0) did not match
[03:09:59] Enemy 1: Played Green_S(Clone) (UnityEngine.GameObject) (Card 1)
[03:09:59] Turns: 2
[03:09:59] Top card: Green_S(Clone) (UnityEngine.GameObject)
[03:09:59] Skipped Enemy 2
[03:09:59] Top card: Green_S(Clone) (UnityEngine.GameObject)
[03:09:59] Top card: Green_S(Clone) (UnityEngine.GameObject)
[03:09:59] Enemy 3: Blue_2(Clone) (UnityEngine.GameObject) (Card 0) did not match
[03:09:59] Enemy 3: Red_3(Clone) (UnityEngine.GameObject) (Card 1) did not match
[03:09:59] Enemy 3: Played Green_1(Clone) (UnityEngine.GameObject) (Card 2)
[03:09:59] Turns: 0
[03:09:59] Turns: 1
[03:09:59] Player: Played Green_9(Clone) (UnityEngine.GameObject)
[03:09:59] Turns: 1
[03:09:59] DiscardCounter: 1
[03:09:59] Top card: Green_9(Clone) (UnityEngine.GameObject)
[03:09:59] Top card: Green_9(Clone) (UnityEngine.GameObject)
[03:09:59] Enemy 1: CardW4(Clone) (UnityEngine.GameObject) (Card 0) did not match
[03:09:59] Enemy 1: Played Green_7(Clone) (UnityEngine.GameObject) (Card 1)
[03:09:59] Turns: 2
[03:09:59] Top card: Green_7(Clone) (UnityEngine.GameObject)
[03:09:59] Top card: Green_7(Clone) (UnityEngine.GameObject)
[03:09:59] Enemy 2: Red_D(Clone) (UnityEngine.GameObject) (Card 0) did not match
[03:09:59] Enemy 2: Yellow_1(Clone) (UnityEngine.GameObject) (Card 1) did not match
[03:09:59] Enemy 2: Red_4(Clone) (UnityEngine.GameObject) (Card 2) did not match
[03:09:59] Enemy 2: Yellow_9(Clone) (UnityEngine.GameObject) (Card 3) did not match
[03:09:59] Enemy 2: Played Green_5(Clone) (UnityEngine.GameObject) (Card 4)
[03:09:59] Turns: 3
[03:09:59] Top card: Green_5(Clone) (UnityEngine.GameObject)
[03:09:59] Top card: Green_5(Clone) (UnityEngine.GameObject)
[03:09:59] Enemy 3: Blue_2(Clone) (UnityEngine.GameObject) (Card 0) did not match
[03:09:59] Enemy 3: Red_3(Clone) (UnityEngine.GameObject) (Card 1) did not match
[03:09:59] Enemy 3: Yellow_2(Clone) (UnityEngine.GameObject) (Card 2) did not match
[03:09:59] Enemy 3: Blue_6(Clone) (UnityEngine.GameObject) (Card 3) did not match
[03:09:59] Enemy 3: Blue_D(Clone) (UnityEngine.GameObject) (Card 4) did not match
[03:09:59] Top Deck Card:Red_9(Clone) (UnityEngine.GameObject)
[03:09:59] Enemy 3: Drew Red_9(Clone) (UnityEngine.GameObject)
[03:09:59] Enemy 3: Drew 1 cards
[03:09:59] Enemy 3: Does not have a match
[03:09:59] Top card: Green_5(Clone) (UnityEngine.GameObject)
[03:09:59] Enemy 3: Blue_2(Clone) (UnityEngine.GameObject) (Card 0) did not match
[03:09:59] Enemy 3: Red_3(Clone) (UnityEngine.GameObject) (Card 1) did not match
[03:09:59] Enemy 3: Yellow_2(Clone) (UnityEngine.GameObject) (Card 2) did not match
[03:09:59] Enemy 3: Blue_6(Clone) (UnityEngine.GameObject) (Card 3) did not match
[03:09:59] Enemy 3: Blue_D(Clone) (UnityEngine.GameObject) (Card 4) did not match
[03:09:59] Enemy 3: Blue_9(Clone) (UnityEngine.GameObject) (Card 5) did not match
[03:09:59] Top Deck Card:Blue_8(Clone) (UnityEngine.GameObject)
[03:09:59] Enemy 3: Drew Blue_8(Clone) (UnityEngine.GameObject)
[03:09:59] Enemy 3: Drew 1 cards
[03:09:59] Enemy 3: Does not have a match
[03:09:59] Top card: Green_5(Clone) (UnityEngine.GameObject)
[03:09:59] Enemy 3: Blue_2(Clone) (UnityEngine.GameObject) (Card 0) did not match
[03:09:59] Enemy 3: Red_3(Clone) (UnityEngine.GameObject) (Card 1) did not match
[03:09:59] Enemy 3: Yellow_2(Clone) (UnityEngine.GameObject) (Card 2) did not match
[03:09:59] Enemy 3: Blue_6(Clone) (UnityEngine.GameObject) (Card 3) did not match
[03:09:59] Enemy 3: Blue_D(Clone) (UnityEngine.GameObject) (Card 4) did not match
[03:09:59] Enemy 3: Blue_9(Clone) (UnityEngine.GameObject) (Card 5) did not match
[03:09:59] Enemy 3: Red_9(Clone) (UnityEngine.GameObject) (Card 6) did not match
[03:09:59] Top Deck Card:Blue_S(Clone) (UnityEngine.GameObject)
[03:09:59] Enemy 3: Drew Blue_S(Clone) (UnityEngine.GameObject)
[03:09:59] Enemy 3: Drew 1 cards
[03:09:59] Enemy 3: Does not have a match
[03:09:59] Top card: Green_5(Clone) (UnityEngine.GameObject)
[03:09:59] Enemy 3: Blue_2(Clone) (UnityEngine.GameObject) (Card 0) did not match
[03:09:59] Enemy 3: Red_3(Clone) (UnityEngine.GameObject) (Card 1) did not match
[03:09:59] Enemy 3: Yellow_2(Clone) (UnityEngine.GameObject) (Card 2) did not match
[03:09:59] Enemy 3: Blue_6(Clone) (UnityEngine.GameObject) (Card 3) did not match
[03:09:59] Enemy 3: Blue_D(Clone) (UnityEngine.GameObject) (Card 4) did not match
[03:09:59] Enemy 3: Blue_9(Clone) (UnityEngine.GameObject) (Card 5) did not match
[03:09:59] Enemy 3: Red_9(Clone) (UnityEngine.GameObject) (Card 6) did not match
[03:09:59] Enemy 3: Blue_8(Clone) (UnityEngine.GameObject) (Card 7) did not match
[03:09:59] Top Deck Card:Green_8(Clone) (UnityEngine.GameObject)
[03:09:59] Enemy 3: Drew Green_8(Clone) (UnityEngine.GameObject)
[03:09:59] Enemy 3: Drew 1 cards
[03:09:59] Enemy 3: Does not have a match
[03:09:59] Top card: Green_5(Clone) (UnityEngine.GameObject)
[03:09:59] Enemy 3: Blue_2(Clone) (UnityEngine.GameObject) (Card 0) did not match
[03:09:59] Enemy 3: Red_3(Clone) (UnityEngine.GameObject) (Card 1) did not match
[03:09:59] Enemy 3: Yellow_2(Clone) (UnityEngine.GameObject) (Card 2) did not match
[03:09:59] Enemy 3: Blue_6(Clone) (UnityEngine.GameObject) (Card 3) did not match
[03:09:59] Enemy 3: Blue_D(Clone) (UnityEngine.GameObject) (Card 4) did not match
[03:09:59] Enemy 3: Blue_9(Clone) (UnityEngine.GameObject) (Card 5) did not match
[03:09:59] Enemy 3: Red_9(Clone) (UnityEngine.GameObject) (Card 6) did not match
[03:09:59] Enemy 3: Blue_8(Clone) (UnityEngine.GameObject) (Card 7) did not match
[03:09:59] Enemy 3: Blue_S(Clone) (UnityEngine.GameObject) (Card 8) did not match
[03:09:59] Enemy 3: Played Green_8(Clone) (UnityEngine.GameObject) (Card 9)
[03:09:59] Turns: 0
[03:09:59] Turns: 0
[03:09:59] Turns: 0
[03:09:59] Turns: 0
[03:09:59] Turns: 0
[03:09:59] Turns: 1
[03:09:59] Player: Played Green_D(Clone) (UnityEngine.GameObject)
[03:09:59] Turns: 1
[03:09:59] DiscardCounter: 1
[03:09:59] Top card: Green_D(Clone) (UnityEngine.GameObject)
[03:09:59] Top Deck Card:Yellow_R(Clone) (UnityEngine.GameObject)
[03:09:59] Enemy 1: Drew Yellow_R(Clone) (UnityEngine.GameObject)
[03:09:59] Top Deck Card:Blue_2(Clone) (UnityEngine.GameObject)
[03:09:59] Enemy 1: Drew Blue_2(Clone) (UnityEngine.GameObject)
[03:09:59] Enemy 1: Drew 2 cards
[03:09:59] Skipped Enemy 1
[03:09:59] Top card: Green_D(Clone) (UnityEngine.GameObject)
[03:09:59] Top card: Green_D(Clone) (UnityEngine.GameObject)
[03:09:59] Enemy 2: Red_D(Clone) (UnityEngine.GameObject) (Card 0) did not match
[03:09:59] Enemy 2: Yellow_1(Clone) (UnityEngine.GameObject) (Card 1) did not match
[03:09:59] Enemy 2: Red_4(Clone) (UnityEngine.GameObject) (Card 2) did not match
[03:09:59] Enemy 2: Yellow_9(Clone) (UnityEngine.GameObject) (Card 3) did not match
[03:09:59] Enemy 2: Yellow_8(Clone) (UnityEngine.GameObject) (Card 4) did not match
[03:09:59] Top Deck Card:Green_8(Clone) (UnityEngine.GameObject)
[03:09:59] Enemy 2: Drew Green_8(Clone) (UnityEngine.GameObject)
[03:09:59] Enemy 2: Drew 1 cards
[03:09:59] Enemy 2: Does not have a match
[03:09:59] Top card: Green_D(Clone) (UnityEngine.GameObject)
[03:09:59] Enemy 2: Red_D(Clone) (UnityEngine.GameObject) (Card 0) did not match
[03:09:59] Enemy 2: Yellow_1(Clone) (UnityEngine.GameObject) (Card 1) did not match
[03:09:59] Enemy 2: Red_4(Clone) (UnityEngine.GameObject) (Card 2) did not match
[03:09:59] Enemy 2: Yellow_9(Clone) (UnityEngine.GameObject) (Card 3) did not match
[03:09:59] Enemy 2: Yellow_8(Clone) (UnityEngine.GameObject) (Card 4) did not match
[03:09:59] Enemy 2: Blue_9(Clone) (UnityEngine.GameObject) (Card 5) did not match
[03:09:59] Enemy 2: Played Green_8(Clone) (UnityEngine.GameObject) (Card 6)
[03:09:59] Turns: 3
[03:09:59] Turns: 4
