[10:58:46] Player received: Yellow_6(Clone)
[10:58:46] Enemy1 received: Yellow_4(Clone)
[10:58:46] Enemy2 received: Yellow_9(Clone)
[10:58:46] Enemy3 received: CardW4(Clone)
[10:58:46] Player received: Green_4(Clone)
[10:58:46] Enemy1 received: Green_S(Clone)
[10:58:46] Enemy2 received: Green_7(Clone)
[10:58:46] Enemy3 received: Red_5(Clone)
[10:58:46] Player received: Blue_D(Clone)
[10:58:46] Enemy1 received: Red_3(Clone)
[10:58:46] Enemy2 received: Blue_6(Clone)
[10:58:46] Enemy3 received: Yellow_2(Clone)
[10:58:46] Player received: Blue_0(Clone)
[10:58:46] Enemy1 received: Blue_8(Clone)
[10:58:46] Enemy2 received: Blue_7(Clone)
[10:58:46] Enemy3 received: Yellow_S(Clone)
[10:58:46] Player received: Yellow_0(Clone)
[10:58:46] Enemy1 received: Green_R(Clone)
[10:58:46] Enemy2 received: Green_D(Clone)
[10:58:46] Enemy3 received: CardW(Clone)
[10:58:46] Player received: Yellow_4(Clone)
[10:58:46] Enemy1 received: CardW(Clone)
[10:58:46] Enemy2 received: Yellow_5(Clone)
[10:58:46] Enemy3 received: Red_R(Clone)
[10:58:46] Player received: Green_8(Clone)
[10:58:46] Enemy1 received: Blue_5(Clone)
[10:58:46] Enemy2 received: Red_1(Clone)
[10:58:46] Enemy3 received: Blue_8(Clone)
[10:58:46] DiscardPile received: Red_D(Clone)
[10:58:46] Hello from PlayerManager.Draw2
[10:58:46] Dealt cards
[10:58:46] Top Deck Card:Yellow_5(Clone)
[10:58:46] Player: Drew Yellow_5(Clone)
