[10:28:54] Top card: 
[10:28:54] Delt cards
[10:28:54] Player: Played Blue_S
[10:28:54] Turns: 1
[10:28:54] Turns: 1
[10:28:54] Top card: Blue_S(Clone) (UnityEngine.GameObject)
[10:28:54] Skipped Enemy 1
[10:28:54] Top card: Blue_S(Clone) (UnityEngine.GameObject)
[10:28:54] Top card: Blue_S(Clone) (CardProperties)
[10:28:54] Enemy 2: Yellow_R(Clone) (UnityEngine.GameObject) (Card 0) did not match
[10:28:54] Enemy 2: Yellow_9(Clone) (UnityEngine.GameObject) (Card 1) did not match
[10:28:54] Enemy 2: Yellow_S(Clone) (UnityEngine.GameObject) (Card 2) did not match
[10:28:54] Enemy 2: Red_7(Clone) (UnityEngine.GameObject) (Card 3) did not match
[10:28:54] Enemy 2: Red_8(Clone) (UnityEngine.GameObject) (Card 4) did not match
[10:28:54] Enemy 2: Yellow_5(Clone) (UnityEngine.GameObject) (Card 5) did not match
[10:28:54] Enemy 2: Green_1(Clone) (UnityEngine.GameObject) (Card 6) did not match
[10:28:54] HasFoundMatch = False
[10:28:54] Top Deck Card:Green_7(Clone) (UnityEngine.GameObject)
[10:28:54] Enemy 2: Drew Green_7(Clone) (UnityEngine.GameObject)
[10:28:54] Enemy 2: Drew 1 cards
[10:28:54] Turns: 3
[10:28:54] Top card: Blue_S(Clone) (UnityEngine.GameObject)
[10:28:54] Top card: Blue_S(Clone) (CardProperties)
[10:28:54] Enemy 3: Played Blue_1(Clone) (UnityEngine.GameObject) (Card 0)
[10:28:54] Turns: 0
[10:28:54] Player: Played Green_2
[10:28:54] Turns: 1
[10:28:54] Turns: 1
[10:28:54] Top card: Green_2(Clone) (UnityEngine.GameObject)
[10:28:54] Top card: Green_2(Clone) (CardProperties)
[10:28:54] Enemy 1: Yellow_S(Clone) (UnityEngine.GameObject) (Card 0) did not match
[10:28:54] Enemy 1: Played Green_6(Clone) (UnityEngine.GameObject) (Card 1)
[10:28:54] Turns: 2
[10:28:54] Top card: Green_6(Clone) (UnityEngine.GameObject)
[10:28:54] Top card: Green_6(Clone) (CardProperties)
[10:28:54] Enemy 2: Yellow_R(Clone) (UnityEngine.GameObject) (Card 0) did not match
[10:28:54] Enemy 2: Yellow_9(Clone) (UnityEngine.GameObject) (Card 1) did not match
[10:28:54] Enemy 2: Yellow_S(Clone) (UnityEngine.GameObject) (Card 2) did not match
[10:28:54] Enemy 2: Red_7(Clone) (UnityEngine.GameObject) (Card 3) did not match
[10:28:54] Enemy 2: Red_8(Clone) (UnityEngine.GameObject) (Card 4) did not match
[10:28:54] Enemy 2: Yellow_5(Clone) (UnityEngine.GameObject) (Card 5) did not match
[10:28:54] Enemy 2: Played Green_1(Clone) (UnityEngine.GameObject) (Card 6)
[10:28:54] Turns: 3
[10:28:54] Top card: Green_1(Clone) (UnityEngine.GameObject)
[10:28:54] Top card: Green_1(Clone) (CardProperties)
[10:28:54] Enemy 3: CardW4(Clone) (UnityEngine.GameObject) (Card 0) did not match
[10:28:54] Enemy 3: CardW4(Clone) (UnityEngine.GameObject) (Card 1) did not match
[10:28:54] Enemy 3: Yellow_6(Clone) (UnityEngine.GameObject) (Card 2) did not match
[10:28:54] Enemy 3: Yellow_3(Clone) (UnityEngine.GameObject) (Card 3) did not match
[10:28:54] Enemy 3: Blue_S(Clone) (UnityEngine.GameObject) (Card 4) did not match
[10:28:54] Enemy 3: Blue_8(Clone) (UnityEngine.GameObject) (Card 5) did not match
[10:28:54] HasFoundMatch = False
[10:28:54] Top Deck Card:Red_5(Clone) (UnityEngine.GameObject)
[10:28:54] Enemy 3: Drew Red_5(Clone) (UnityEngine.GameObject)
[10:28:54] Enemy 3: Drew 1 cards
[10:28:54] Turns: 0
[10:28:54] Player: Played Red_9
[10:28:54] Removed Blue_S(Clone) (UnityEngine.GameObject)
[10:28:54] Blue_1(Clone)
[10:28:54] Green_2(Clone)
[10:28:54] Green_6(Clone)
[10:28:54] Green_1(Clone)
[10:28:54] Red_9(Clone)
[10:28:54] Turns: 1
[10:28:54] Turns: 1
[10:28:54] Top card: Red_9(Clone) (UnityEngine.GameObject)
[10:28:54] Top card: Red_9(Clone) (CardProperties)
[10:28:54] Enemy 1: Yellow_S(Clone) (UnityEngine.GameObject) (Card 0) did not match
[10:28:54] Enemy 1: Yellow_7(Clone) (UnityEngine.GameObject) (Card 1) did not match
[10:28:54] Enemy 1: Blue_5(Clone) (UnityEngine.GameObject) (Card 2) did not match
[10:28:54] Enemy 1: Yellow_D(Clone) (UnityEngine.GameObject) (Card 3) did not match
[10:28:54] Enemy 1: Blue_3(Clone) (UnityEngine.GameObject) (Card 4) did not match
[10:28:54] Enemy 1: Played Red_6(Clone) (UnityEngine.GameObject) (Card 5)
[10:28:54] Removed Blue_1(Clone) (UnityEngine.GameObject)
[10:28:54] Green_2(Clone)
[10:28:54] Green_6(Clone)
[10:28:54] Green_1(Clone)
[10:28:54] Red_9(Clone)
[10:28:54] Red_6(Clone)
[10:28:54] Turns: 2
[10:28:54] Top card: Red_6(Clone) (UnityEngine.GameObject)
[10:28:54] Top card: Red_6(Clone) (CardProperties)
[10:28:54] Enemy 2: Yellow_R(Clone) (UnityEngine.GameObject) (Card 0) did not match
[10:28:54] Enemy 2: Yellow_9(Clone) (UnityEngine.GameObject) (Card 1) did not match
[10:28:54] Enemy 2: Yellow_S(Clone) (UnityEngine.GameObject) (Card 2) did not match
[10:28:54] Enemy 2: Played Red_7(Clone) (UnityEngine.GameObject) (Card 3)
[10:28:54] Removed Green_2(Clone) (UnityEngine.GameObject)
[10:28:54] Green_6(Clone)
[10:28:54] Green_1(Clone)
[10:28:54] Red_9(Clone)
[10:28:54] Red_6(Clone)
[10:28:54] Red_7(Clone)
[10:28:54] Turns: 3
[10:28:54] Top card: Red_7(Clone) (UnityEngine.GameObject)
[10:28:54] Top card: Red_7(Clone) (CardProperties)
[10:28:54] Enemy 3: CardW4(Clone) (UnityEngine.GameObject) (Card 0) did not match
[10:28:54] Enemy 3: CardW4(Clone) (UnityEngine.GameObject) (Card 1) did not match
[10:28:54] Enemy 3: Yellow_6(Clone) (UnityEngine.GameObject) (Card 2) did not match
[10:28:54] Enemy 3: Yellow_3(Clone) (UnityEngine.GameObject) (Card 3) did not match
[10:28:54] Enemy 3: Blue_S(Clone) (UnityEngine.GameObject) (Card 4) did not match
[10:28:54] Enemy 3: Blue_8(Clone) (UnityEngine.GameObject) (Card 5) did not match
[10:28:54] Enemy 3: Played Red_5(Clone) (UnityEngine.GameObject) (Card 6)
[10:28:54] Removed Green_6(Clone) (UnityEngine.GameObject)
[10:28:54] Green_1(Clone)
[10:28:54] Red_9(Clone)
[10:28:54] Red_6(Clone)
[10:28:54] Red_7(Clone)
[10:28:54] Red_5(Clone)
[10:28:54] Turns: 0
[10:28:54] Player: Played Red_2
[10:28:54] Removed Green_1(Clone) (UnityEngine.GameObject)
[10:28:54] Red_9(Clone)
[10:28:54] Red_6(Clone)
[10:28:54] Red_7(Clone)
[10:28:54] Red_5(Clone)
[10:28:54] Red_2(Clone)
[10:28:54] Turns: 1
[10:28:54] Turns: 1
[10:28:54] Top card: Red_2(Clone) (UnityEngine.GameObject)
[10:28:54] Top card: Red_2(Clone) (CardProperties)
[10:28:54] Enemy 1: Yellow_S(Clone) (UnityEngine.GameObject) (Card 0) did not match
[10:28:54] Enemy 1: Yellow_7(Clone) (UnityEngine.GameObject) (Card 1) did not match
[10:28:54] Enemy 1: Blue_5(Clone) (UnityEngine.GameObject) (Card 2) did not match
[10:28:54] Enemy 1: Yellow_D(Clone) (UnityEngine.GameObject) (Card 3) did not match
[10:28:54] Enemy 1: Blue_3(Clone) (UnityEngine.GameObject) (Card 4) did not match
[10:28:54] HasFoundMatch = False
[10:28:54] Top Deck Card:CardW(Clone) (UnityEngine.GameObject)
[10:28:54] Enemy 1: Drew CardW(Clone) (UnityEngine.GameObject)
[10:28:54] Enemy 1: Drew 1 cards
[10:28:54] Turns: 2
[10:28:54] Top card: Red_2(Clone) (UnityEngine.GameObject)
[10:28:54] Top card: Red_2(Clone) (CardProperties)
[10:28:54] Enemy 2: Yellow_R(Clone) (UnityEngine.GameObject) (Card 0) did not match
[10:28:54] Enemy 2: Yellow_9(Clone) (UnityEngine.GameObject) (Card 1) did not match
[10:28:54] Enemy 2: Yellow_S(Clone) (UnityEngine.GameObject) (Card 2) did not match
[10:28:54] Enemy 2: Played Red_8(Clone) (UnityEngine.GameObject) (Card 3)
[10:28:54] Removed Red_9(Clone) (UnityEngine.GameObject)
[10:28:54] Red_6(Clone)
[10:28:54] Red_7(Clone)
[10:28:54] Red_5(Clone)
[10:28:54] Red_2(Clone)
[10:28:54] Red_8(Clone)
[10:28:54] Turns: 3
[10:28:54] Top card: Red_8(Clone) (UnityEngine.GameObject)
[10:28:54] Top card: Red_8(Clone) (CardProperties)
[10:28:54] Enemy 3: CardW4(Clone) (UnityEngine.GameObject) (Card 0) did not match
[10:28:54] Enemy 3: CardW4(Clone) (UnityEngine.GameObject) (Card 1) did not match
[10:28:54] Enemy 3: Yellow_6(Clone) (UnityEngine.GameObject) (Card 2) did not match
[10:28:54] Enemy 3: Yellow_3(Clone) (UnityEngine.GameObject) (Card 3) did not match
[10:28:54] Enemy 3: Blue_S(Clone) (UnityEngine.GameObject) (Card 4) did not match
[10:28:54] Enemy 3: Played Blue_8(Clone) (UnityEngine.GameObject) (Card 5)
[10:28:54] Removed Red_6(Clone) (UnityEngine.GameObject)
[10:28:54] Red_7(Clone)
[10:28:54] Red_5(Clone)
[10:28:54] Red_2(Clone)
[10:28:54] Red_8(Clone)
[10:28:54] Blue_8(Clone)
[10:28:54] Turns: 0
[10:28:54] Player: Played Yellow_5
[10:28:54] Removed Red_7(Clone) (UnityEngine.GameObject)
[10:28:54] Red_5(Clone)
[10:28:54] Red_2(Clone)
[10:28:54] Red_8(Clone)
[10:28:54] Blue_8(Clone)
[10:28:54] Yellow_5(Clone)
[10:28:54] Turns: 1
[10:28:54] Turns: 1
[10:28:54] Top card: Yellow_5(Clone) (UnityEngine.GameObject)
[10:28:54] Top card: Yellow_5(Clone) (CardProperties)
[10:28:54] Enemy 1: Played Yellow_S(Clone) (UnityEngine.GameObject) (Card 0)
[10:28:54] Removed Red_5(Clone) (UnityEngine.GameObject)
[10:28:54] Red_2(Clone)
[10:28:54] Red_8(Clone)
[10:28:54] Blue_8(Clone)
[10:28:54] Yellow_5(Clone)
[10:28:54] Yellow_S(Clone)
[10:28:54] Turns: 2
[10:28:54] Top card: Yellow_S(Clone) (UnityEngine.GameObject)
[10:28:54] Skipped Enemy 2
[10:28:54] Top card: Yellow_S(Clone) (UnityEngine.GameObject)
[10:28:54] Top card: Yellow_S(Clone) (CardProperties)
[10:28:54] Enemy 3: CardW4(Clone) (UnityEngine.GameObject) (Card 0) did not match
[10:28:54] Enemy 3: CardW4(Clone) (UnityEngine.GameObject) (Card 1) did not match
[10:28:54] Enemy 3: Played Yellow_6(Clone) (UnityEngine.GameObject) (Card 2)
[10:28:54] Removed Red_2(Clone) (UnityEngine.GameObject)
[10:28:54] Red_8(Clone)
[10:28:54] Blue_8(Clone)
[10:28:54] Yellow_5(Clone)
[10:28:54] Yellow_S(Clone)
[10:28:54] Yellow_6(Clone)
[10:28:54] Turns: 0
[10:28:54] Player: Played Yellow_2
[10:28:54] Removed Red_8(Clone) (UnityEngine.GameObject)
[10:28:54] Blue_8(Clone)
[10:28:54] Yellow_5(Clone)
[10:28:54] Yellow_S(Clone)
[10:28:54] Yellow_6(Clone)
[10:28:54] Yellow_2(Clone)
[10:28:54] Turns: 1
[10:28:54] Turns: 1
[10:28:54] Top card: Yellow_2(Clone) (UnityEngine.GameObject)
[10:28:54] Top card: Yellow_2(Clone) (CardProperties)
[10:28:54] Enemy 1: Played Yellow_7(Clone) (UnityEngine.GameObject) (Card 0)
[10:28:54] Removed Blue_8(Clone) (UnityEngine.GameObject)
[10:28:54] Yellow_5(Clone)
[10:28:54] Yellow_S(Clone)
[10:28:54] Yellow_6(Clone)
[10:28:54] Yellow_2(Clone)
[10:28:54] Yellow_7(Clone)
[10:28:54] Turns: 2
[10:28:54] Top card: Yellow_7(Clone) (UnityEngine.GameObject)
[10:28:54] Top card: Yellow_7(Clone) (CardProperties)
[10:28:54] Enemy 2: Played Yellow_R(Clone) (UnityEngine.GameObject) (Card 0)
[10:28:54] Removed Yellow_5(Clone) (UnityEngine.GameObject)
[10:28:54] Yellow_S(Clone)
[10:28:54] Yellow_6(Clone)
[10:28:54] Yellow_2(Clone)
[10:28:54] Yellow_7(Clone)
[10:28:54] Yellow_R(Clone)
[10:28:54] Top card: Yellow_R(Clone) (CardProperties)
[10:28:54] Enemy 2: Played Yellow_R(Clone) (UnityEngine.GameObject) (Card 0)
[10:28:54] Removed Yellow_S(Clone) (UnityEngine.GameObject)
[10:28:54] Yellow_6(Clone)
[10:28:54] Yellow_2(Clone)
[10:28:54] Yellow_7(Clone)
[10:28:54] Yellow_R(Clone)
[10:28:54] Yellow_R(Clone)
[10:28:54] Turns: 1
[10:28:54] IsReversed: True
[10:28:54] Turns: 0
[10:28:54] Player: Played Blue_1
[10:28:54] Removed Yellow_6(Clone) (UnityEngine.GameObject)
[10:28:54] Yellow_2(Clone)
[10:28:54] Yellow_7(Clone)
[10:28:54] Yellow_R(Clone)
[10:28:54] Yellow_R(Clone)
[10:28:54] Blue_1(Clone)
[10:28:54] Turns: 3
[10:28:54] Turns: 3
[10:28:54] Top card: Blue_1(Clone) (UnityEngine.GameObject)
[10:28:54] Top card: Blue_1(Clone) (CardProperties)
[10:28:54] Enemy 3: CardW4(Clone) (UnityEngine.GameObject) (Card 0) did not match
[10:28:54] Enemy 3: CardW4(Clone) (UnityEngine.GameObject) (Card 1) did not match
[10:28:54] Enemy 3: Yellow_3(Clone) (UnityEngine.GameObject) (Card 2) did not match
[10:28:54] Enemy 3: Played Blue_S(Clone) (UnityEngine.GameObject) (Card 3)
[10:28:54] Removed Yellow_2(Clone) (UnityEngine.GameObject)
[10:28:54] Yellow_7(Clone)
[10:28:54] Yellow_R(Clone)
[10:28:54] Yellow_R(Clone)
[10:28:54] Blue_1(Clone)
[10:28:54] Blue_S(Clone)
[10:28:54] Turns: 2
[10:28:54] Top card: Blue_S(Clone) (UnityEngine.GameObject)
[10:28:54] Skipped Enemy 2
[10:28:54] Top card: Blue_S(Clone) (UnityEngine.GameObject)
[10:28:54] Top card: Blue_S(Clone) (CardProperties)
[10:28:54] Enemy 3: CardW4(Clone) (UnityEngine.GameObject) (Card 0) did not match
[10:28:54] Enemy 3: CardW4(Clone) (UnityEngine.GameObject) (Card 1) did not match
[10:28:54] Enemy 3: Yellow_3(Clone) (UnityEngine.GameObject) (Card 2) did not match
[10:28:54] Enemy 3: Played Blue_S(Clone) (UnityEngine.GameObject) (Card 3)
[10:28:54] Removed Yellow_7(Clone) (UnityEngine.GameObject)
[10:28:54] Yellow_R(Clone)
[10:28:54] Yellow_R(Clone)
[10:28:54] Blue_1(Clone)
[10:28:54] Blue_S(Clone)
[10:28:54] Blue_S(Clone)
[10:28:54] Turns: 2
[10:28:54] Top card: Blue_S(Clone) (UnityEngine.GameObject)
[10:28:54] Top card: Blue_S(Clone) (CardProperties)
[10:28:54] Enemy 2: Yellow_9(Clone) (UnityEngine.GameObject) (Card 0) did not match
[10:28:54] Enemy 2: Yellow_S(Clone) (UnityEngine.GameObject) (Card 1) did not match
[10:28:54] Enemy 2: Yellow_5(Clone) (UnityEngine.GameObject) (Card 2) did not match
[10:28:54] Enemy 2: Green_7(Clone) (UnityEngine.GameObject) (Card 3) did not match
[10:28:54] HasFoundMatch = False
[10:28:54] Top Deck Card:Red_1(Clone) (UnityEngine.GameObject)
[10:28:54] Enemy 2: Drew Red_1(Clone) (UnityEngine.GameObject)
[10:28:54] Enemy 2: Drew 1 cards
[10:28:54] Turns: 1
[10:28:54] Top card: Blue_S(Clone) (UnityEngine.GameObject)
[10:28:54] Top card: Blue_S(Clone) (CardProperties)
[10:28:54] Enemy 1: Played Blue_5(Clone) (UnityEngine.GameObject) (Card 0)
[10:28:54] Removed Yellow_R(Clone) (UnityEngine.GameObject)
[10:28:54] Yellow_R(Clone)
[10:28:54] Blue_1(Clone)
[10:28:54] Blue_S(Clone)
[10:28:54] Blue_S(Clone)
[10:28:54] Blue_5(Clone)
[10:28:54] Turns: 0
