[05:09:34] Top card: 
[05:09:34] Delt cards
[05:09:34] Top card: Red_9(Clone) (UnityEngine.GameObject)
[05:09:34] Top card: Red_9(Clone) (UnityEngine.GameObject)
[05:09:34] Top card: Red_9(Clone) (UnityEngine.GameObject)
[05:09:34] Top card: Red_9(Clone) (UnityEngine.GameObject)
[05:09:34] Top card: Red_9(Clone) (UnityEngine.GameObject)
[05:09:34] Top card: Red_9(Clone) (UnityEngine.GameObject)
[05:09:34] Top card: Red_9(Clone) (UnityEngine.GameObject)
[05:09:34] Top card: Red_9(Clone) (UnityEngine.GameObject)
[05:09:34] Top card: Red_9(Clone) (UnityEngine.GameObject)
[05:09:34] Top card: Red_9(Clone) (UnityEngine.GameObject)
[05:09:34] Top card: Red_9(Clone) (UnityEngine.GameObject)
[05:09:34] Top card: Red_9(Clone) (UnityEngine.GameObject)
[05:09:34] Top card: Red_9(Clone) (UnityEngine.GameObject)
[05:09:34] Top card: Red_9(Clone) (UnityEngine.GameObject)
[05:09:34] Top card: Red_9(Clone) (UnityEngine.GameObject)
[05:09:34] Top card: Red_9(Clone) (UnityEngine.GameObject)
[05:09:34] Top card: Red_9(Clone) (UnityEngine.GameObject)
[05:09:34] Top card: Red_9(Clone) (UnityEngine.GameObject)
[05:09:34] Top card: Red_9(Clone) (UnityEngine.GameObject)
[05:09:34] Top card: Red_9(Clone) (UnityEngine.GameObject)
[05:09:34] Top card: Red_9(Clone) (UnityEngine.GameObject)
[05:09:34] Top card: Red_9(Clone) (UnityEngine.GameObject)
[05:09:34] Top card: Red_9(Clone) (UnityEngine.GameObject)
[05:09:34] Top card: Red_9(Clone) (UnityEngine.GameObject)
[05:09:34] Top card: Red_9(Clone) (UnityEngine.GameObject)
[05:09:34] Top card: Red_9(Clone) (UnityEngine.GameObject)
[05:09:34] Top card: Red_9(Clone) (UnityEngine.GameObject)
[05:09:34] Top card: Red_9(Clone) (UnityEngine.GameObject)
[05:09:34] Turns: 1
[05:09:34] Player: played card
[05:09:34] Turns: 1
[05:09:34] DiscardCounter: 1
[05:09:34] Top card: Red_3(Clone) (UnityEngine.GameObject)
[05:09:34] Top card: Red_3(Clone) (UnityEngine.GameObject)
[05:09:34] Enemy 1: Yellow_9(Clone) (UnityEngine.GameObject) (Card 0) did not match
[05:09:34] Enemy 1: Yellow_4(Clone) (UnityEngine.GameObject) (Card 1) did not match
[05:09:34] Enemy 1: Played Red_2(Clone) (UnityEngine.GameObject) (Card 2)
[05:09:34] Turns: 2
[05:09:34] Top card: Red_2(Clone) (UnityEngine.GameObject)
[05:09:34] Top card: Red_2(Clone) (UnityEngine.GameObject)
[05:09:34] Enemy 2: Green_3(Clone) (UnityEngine.GameObject) (Card 0) did not match
[05:09:34] Enemy 2: Green_1(Clone) (UnityEngine.GameObject) (Card 1) did not match
[05:09:34] Enemy 2: CardW4(Clone) (UnityEngine.GameObject) (Card 2) did not match
[05:09:34] Enemy 2: Yellow_3(Clone) (UnityEngine.GameObject) (Card 3) did not match
[05:09:34] Enemy 2: Green_8(Clone) (UnityEngine.GameObject) (Card 4) did not match
[05:09:34] Enemy 2: Green_9(Clone) (UnityEngine.GameObject) (Card 5) did not match
[05:09:34] Green_7(Clone) (UnityEngine.GameObject)
[05:09:34] Enemy 2: Drew Green_7(Clone) (UnityEngine.GameObject)
[05:09:34] Enemy 2: Drew 1 cards
[05:09:34] Enemy 2: Does not have a match
[05:09:34] Top card: Red_2(Clone) (UnityEngine.GameObject)
[05:09:34] Enemy 2: Green_3(Clone) (UnityEngine.GameObject) (Card 0) did not match
[05:09:34] Enemy 2: Green_1(Clone) (UnityEngine.GameObject) (Card 1) did not match
[05:09:34] Enemy 2: CardW4(Clone) (UnityEngine.GameObject) (Card 2) did not match
[05:09:34] Enemy 2: Yellow_3(Clone) (UnityEngine.GameObject) (Card 3) did not match
[05:09:34] Enemy 2: Green_8(Clone) (UnityEngine.GameObject) (Card 4) did not match
[05:09:34] Enemy 2: Green_9(Clone) (UnityEngine.GameObject) (Card 5) did not match
[05:09:34] Enemy 2: Blue_S(Clone) (UnityEngine.GameObject) (Card 6) did not match
[05:09:34] Blue_9(Clone) (UnityEngine.GameObject)
[05:09:34] Enemy 2: Drew Blue_9(Clone) (UnityEngine.GameObject)
[05:09:34] Enemy 2: Drew 1 cards
[05:09:34] Enemy 2: Does not have a match
[05:09:34] Top card: Red_2(Clone) (UnityEngine.GameObject)
[05:09:34] Enemy 2: Green_3(Clone) (UnityEngine.GameObject) (Card 0) did not match
[05:09:34] Enemy 2: Green_1(Clone) (UnityEngine.GameObject) (Card 1) did not match
[05:09:34] Enemy 2: CardW4(Clone) (UnityEngine.GameObject) (Card 2) did not match
[05:09:34] Enemy 2: Yellow_3(Clone) (UnityEngine.GameObject) (Card 3) did not match
[05:09:34] Enemy 2: Green_8(Clone) (UnityEngine.GameObject) (Card 4) did not match
[05:09:34] Enemy 2: Green_9(Clone) (UnityEngine.GameObject) (Card 5) did not match
[05:09:34] Enemy 2: Blue_S(Clone) (UnityEngine.GameObject) (Card 6) did not match
[05:09:34] Enemy 2: Green_7(Clone) (UnityEngine.GameObject) (Card 7) did not match
[05:09:34] Blue_D(Clone) (UnityEngine.GameObject)
[05:09:34] Enemy 2: Drew Blue_D(Clone) (UnityEngine.GameObject)
[05:09:34] Enemy 2: Drew 1 cards
[05:09:34] Enemy 2: Does not have a match
[05:09:34] Top card: Red_2(Clone) (UnityEngine.GameObject)
[05:09:34] Enemy 2: Green_3(Clone) (UnityEngine.GameObject) (Card 0) did not match
[05:09:34] Enemy 2: Green_1(Clone) (UnityEngine.GameObject) (Card 1) did not match
[05:09:34] Enemy 2: CardW4(Clone) (UnityEngine.GameObject) (Card 2) did not match
[05:09:34] Enemy 2: Yellow_3(Clone) (UnityEngine.GameObject) (Card 3) did not match
[05:09:34] Enemy 2: Green_8(Clone) (UnityEngine.GameObject) (Card 4) did not match
[05:09:34] Enemy 2: Green_9(Clone) (UnityEngine.GameObject) (Card 5) did not match
[05:09:34] Enemy 2: Blue_S(Clone) (UnityEngine.GameObject) (Card 6) did not match
[05:09:34] Enemy 2: Green_7(Clone) (UnityEngine.GameObject) (Card 7) did not match
[05:09:34] Enemy 2: Blue_9(Clone) (UnityEngine.GameObject) (Card 8) did not match
[05:09:34] Red_D(Clone) (UnityEngine.GameObject)
[05:09:34] Enemy 2: Drew Red_D(Clone) (UnityEngine.GameObject)
[05:09:34] Enemy 2: Drew 1 cards
[05:09:34] Enemy 2: Does not have a match
[05:09:34] Top card: Red_2(Clone) (UnityEngine.GameObject)
[05:09:34] Enemy 2: Green_3(Clone) (UnityEngine.GameObject) (Card 0) did not match
[05:09:34] Enemy 2: Green_1(Clone) (UnityEngine.GameObject) (Card 1) did not match
[05:09:34] Enemy 2: CardW4(Clone) (UnityEngine.GameObject) (Card 2) did not match
[05:09:34] Enemy 2: Yellow_3(Clone) (UnityEngine.GameObject) (Card 3) did not match
[05:09:34] Enemy 2: Green_8(Clone) (UnityEngine.GameObject) (Card 4) did not match
[05:09:34] Enemy 2: Green_9(Clone) (UnityEngine.GameObject) (Card 5) did not match
[05:09:34] Enemy 2: Blue_S(Clone) (UnityEngine.GameObject) (Card 6) did not match
[05:09:34] Enemy 2: Green_7(Clone) (UnityEngine.GameObject) (Card 7) did not match
[05:09:34] Enemy 2: Blue_9(Clone) (UnityEngine.GameObject) (Card 8) did not match
[05:09:34] Enemy 2: Blue_D(Clone) (UnityEngine.GameObject) (Card 9) did not match
[05:09:34] Enemy 2: Played Red_D(Clone) (UnityEngine.GameObject) (Card 10)
[05:09:34] Turns: 3
[05:09:34] Turns: 4
[05:09:34] Turns: 5
[05:09:34] Turns: 6
[05:09:34] Turns: 7
