[08:28:12]Top card: 
[08:28:12]Top card: Blue_R(Clone) (UnityEngine.GameObject)
[08:28:12]Top card: Blue_R(Clone) (UnityEngine.GameObject)
[08:28:12]Top card: Blue_R(Clone) (UnityEngine.GameObject)
[08:28:12]Top card: Blue_R(Clone) (UnityEngine.GameObject)
[08:28:12]Top card: Blue_R(Clone) (UnityEngine.GameObject)
[08:28:12]Top card: Blue_R(Clone) (UnityEngine.GameObject)
[08:28:12]Top card: Blue_R(Clone) (UnityEngine.GameObject)
[08:28:12]Top card: Blue_R(Clone) (UnityEngine.GameObject)
[08:28:12]Top card: Blue_R(Clone) (UnityEngine.GameObject)
[08:28:12]Top card: Blue_R(Clone) (UnityEngine.GameObject)
[08:28:12]Top card: Blue_R(Clone) (UnityEngine.GameObject)
[08:28:12]Top card: Blue_R(Clone) (UnityEngine.GameObject)
[08:28:12]Top card: Blue_R(Clone) (UnityEngine.GameObject)
[08:28:12]Top card: Blue_R(Clone) (UnityEngine.GameObject)
[08:28:12]Top card: Blue_R(Clone) (UnityEngine.GameObject)
[08:28:12]Top card: Blue_R(Clone) (UnityEngine.GameObject)
[08:28:12]Top card: Blue_R(Clone) (UnityEngine.GameObject)
[08:28:12]Top card: Blue_R(Clone) (UnityEngine.GameObject)
[08:28:12]Top card: Blue_R(Clone) (UnityEngine.GameObject)
[08:28:12]Top card: Blue_R(Clone) (UnityEngine.GameObject)
[08:28:12]Top card: Blue_R(Clone) (UnityEngine.GameObject)
[08:28:12]Top card: Blue_R(Clone) (UnityEngine.GameObject)
[08:28:12]Top card: Blue_R(Clone) (UnityEngine.GameObject)
[08:28:12]Top card: Blue_R(Clone) (UnityEngine.GameObject)
[08:28:12]Top card: Blue_R(Clone) (UnityEngine.GameObject)
[08:28:12]Top card: Blue_R(Clone) (UnityEngine.GameObject)
[08:28:12]Top card: Blue_R(Clone) (UnityEngine.GameObject)
[08:28:12]Top card: Blue_R(Clone) (UnityEngine.GameObject)
[08:28:12]Player: played card
[08:28:12]Turns = 1
[08:28:12]DiscardCounter: 1
[08:28:12]Top card: Blue_1(Clone) (UnityEngine.GameObject)
[08:28:12]Enemy 1: Green_7(Clone) (UnityEngine.GameObject) (Card 0) did not match
[08:28:12]Enemy 1: Red_6(Clone) (UnityEngine.GameObject) (Card 1) did not match
[08:28:12]Enemy 1: Green_6(Clone) (UnityEngine.GameObject) (Card 2) did not match
[08:28:12]Enemy 1: Green_8(Clone) (UnityEngine.GameObject) (Card 3) did not match
[08:28:12]Enemy 1: Played Yellow_1(Clone) (UnityEngine.GameObject)
[08:28:12]Turns: 2
[08:28:12]Top card: Yellow_1(Clone) (UnityEngine.GameObject)
[08:28:12]Enemy 2: Red_2(Clone) (UnityEngine.GameObject) (Card 0) did not match
[08:28:12]Enemy 2: Played Yellow_3(Clone) (UnityEngine.GameObject)
[08:28:12]Turns: 3
[08:28:12]Top card: Yellow_3(Clone) (UnityEngine.GameObject)
[08:28:12]Enemy 3: Green_8(Clone) (UnityEngine.GameObject) (Card 0) did not match
[08:28:12]Enemy 3: Red_5(Clone) (UnityEngine.GameObject) (Card 1) did not match
[08:28:12]Enemy 3: Green_1(Clone) (UnityEngine.GameObject) (Card 2) did not match
[08:28:12]Enemy 3: Red_7(Clone) (UnityEngine.GameObject) (Card 3) did not match
[08:28:12]Enemy 3: Red_9(Clone) (UnityEngine.GameObject) (Card 4) did not match
[08:28:12]Enemy 3: Red_0(Clone) (UnityEngine.GameObject) (Card 5) did not match
[08:28:12]Enemy 3: Played Yellow_D(Clone) (UnityEngine.GameObject)
[08:28:12]Turns: 0
[10:05:34]Top card: 
