[02:47:21] Top card: 
[02:47:21] Delt cards
[02:47:21] Top card: Red_8(Clone) (UnityEngine.GameObject)
[02:47:21] Top card: Red_8(Clone) (UnityEngine.GameObject)
[02:47:21] Top card: Red_8(Clone) (UnityEngine.GameObject)
[02:47:21] Top card: Red_8(Clone) (UnityEngine.GameObject)
[02:47:21] Top card: Red_8(Clone) (UnityEngine.GameObject)
[02:47:21] Top card: Red_8(Clone) (UnityEngine.GameObject)
[02:47:21] Top card: Red_8(Clone) (UnityEngine.GameObject)
[02:47:21] Top card: Red_8(Clone) (UnityEngine.GameObject)
[02:47:21] Top card: Red_8(Clone) (UnityEngine.GameObject)
[02:47:21] Top card: Red_8(Clone) (UnityEngine.GameObject)
[02:47:21] Top card: Red_8(Clone) (UnityEngine.GameObject)
[02:47:21] Top card: Red_8(Clone) (UnityEngine.GameObject)
[02:47:21] Top card: Red_8(Clone) (UnityEngine.GameObject)
[02:47:21] Top card: Red_8(Clone) (UnityEngine.GameObject)
[02:47:21] Top card: Red_8(Clone) (UnityEngine.GameObject)
[02:47:21] Top card: Red_8(Clone) (UnityEngine.GameObject)
[02:47:21] Top card: Red_8(Clone) (UnityEngine.GameObject)
[02:47:21] Top card: Red_8(Clone) (UnityEngine.GameObject)
[02:47:21] Top card: Red_8(Clone) (UnityEngine.GameObject)
[02:47:21] Top card: Red_8(Clone) (UnityEngine.GameObject)
[02:47:21] Top card: Red_8(Clone) (UnityEngine.GameObject)
[02:47:21] Top card: Red_8(Clone) (UnityEngine.GameObject)
[02:47:21] Top card: Red_8(Clone) (UnityEngine.GameObject)
[02:47:21] Top card: Red_8(Clone) (UnityEngine.GameObject)
[02:47:21] Top card: Red_8(Clone) (UnityEngine.GameObject)
[02:47:21] Top card: Red_8(Clone) (UnityEngine.GameObject)
[02:47:21] Top card: Red_8(Clone) (UnityEngine.GameObject)
[02:47:21] Top card: Red_8(Clone) (UnityEngine.GameObject)
[02:47:21] Player: played card
[02:47:21] Turns: 1
[02:47:21] DiscardCounter: 1
[02:47:21] Top card: Green_S(Clone) (UnityEngine.GameObject)
[02:47:21] Skipped Enemy 1
[02:47:21] Skipped Enemy 2
[02:47:21] Skipped Enemy 3
