[05:53:14] Top card: 
[05:53:14] Delt cards
[05:53:14] Player: Played Green_7
[05:53:14] Turns: 1
[05:53:14] Turns: 1
[05:53:14] Top card: Green_7(Clone) (UnityEngine.GameObject)
[05:53:14] Top card: Green_7(Clone) (CardProperties)
[05:53:14] Enemy 1: Yellow_8(Clone) (UnityEngine.GameObject) (Card 0) did not match
[05:53:14] Enemy 1: Blue_6(Clone) (UnityEngine.GameObject) (Card 1) did not match
[05:53:14] Enemy 1: Blue_1(Clone) (UnityEngine.GameObject) (Card 2) did not match
[05:53:14] Enemy 1: Played Yellow_7(Clone) (UnityEngine.GameObject) (Card 3)
[05:53:14] Turns: 2
[05:53:14] Top card: Yellow_7(Clone) (UnityEngine.GameObject)
[05:53:14] Top card: Yellow_7(Clone) (CardProperties)
[05:53:14] Enemy 2: CardW(Clone) (UnityEngine.GameObject) (Card 0) did not match
[05:53:14] Enemy 2: Green_S(Clone) (UnityEngine.GameObject) (Card 1) did not match
[05:53:14] Enemy 2: Red_3(Clone) (UnityEngine.GameObject) (Card 2) did not match
[05:53:14] Enemy 2: Red_R(Clone) (UnityEngine.GameObject) (Card 3) did not match
[05:53:14] Enemy 2: Played Yellow_3(Clone) (UnityEngine.GameObject) (Card 4)
[05:53:14] Turns: 3
[05:53:14] Top card: Yellow_3(Clone) (UnityEngine.GameObject)
[05:53:14] Top card: Yellow_3(Clone) (CardProperties)
[05:53:14] Enemy 3: Blue_S(Clone) (UnityEngine.GameObject) (Card 0) did not match
[05:53:14] Enemy 3: Green_2(Clone) (UnityEngine.GameObject) (Card 1) did not match
[05:53:14] Enemy 3: Green_6(Clone) (UnityEngine.GameObject) (Card 2) did not match
[05:53:14] Enemy 3: CardW4(Clone) (UnityEngine.GameObject) (Card 3) did not match
[05:53:14] Enemy 3: Red_D(Clone) (UnityEngine.GameObject) (Card 4) did not match
[05:53:14] Enemy 3: Played Yellow_9(Clone) (UnityEngine.GameObject) (Card 5)
[05:53:14] Turns: 0
[05:53:14] Player: Played Yellow_S
[05:53:14] Turns: 0
[09:39:36] Top card: 
[09:39:36] Delt cards
