[09:50:08] Top card: 
[09:50:08] Top card: 
[09:50:08] Top card: 
[09:50:08] Top card: 
[09:50:08] Top card: 
[09:50:08] Top card: 
[09:50:08] Top card: 
[09:50:08] Top card: 
[09:50:08] Top card: 
[09:50:08] Top card: 
[09:50:08] Top card: 
[09:50:08] Top card: 
[09:50:08] Top card: 
[09:50:08] Top card: 
[09:50:08] Top card: 
[09:50:08] Top card: 
[09:50:08] Top card: 
[09:50:08] Top card: 
[09:50:08] Top card: 
[09:50:08] Top card: 
[09:50:08] Top card: 
[09:50:08] Top card: 
[09:50:08] Top card: 
[09:50:08] Top card: 
[09:50:08] Top card: 
[09:50:08] Top card: 
[09:50:08] Top card: 
[09:50:08] Top card: 
[09:50:08] Delt cards
[09:50:08] Top card: 
[09:50:08] Player: Played Blue_D(Clone) (UnityEngine.GameObject)
[09:50:08] Turns: 1
[09:50:08] Turns: 1
[09:50:08] Top card: Blue_D(Clone) (UnityEngine.GameObject)
[09:50:08] Top Deck Card:Green_7(Clone) (UnityEngine.GameObject)
[09:50:08] Enemy 1: Drew Green_7(Clone) (UnityEngine.GameObject)
[09:50:08] Top Deck Card:Green_S(Clone) (UnityEngine.GameObject)
[09:50:08] Enemy 1: Drew Green_S(Clone) (UnityEngine.GameObject)
[09:50:08] Enemy 1: Drew 2 cards
[09:50:08] Skipped Enemy 1
[09:50:08] Top card: Blue_D(Clone) (UnityEngine.GameObject)
[09:50:08] Top card: Blue_D(Clone) (CardProperties)
[09:50:08] Enemy 2: Yellow_D(Clone) (UnityEngine.GameObject) (Card 0) did not match
[09:50:08] Enemy 2: Green_6(Clone) (UnityEngine.GameObject) (Card 1) did not match
[09:50:08] Enemy 2: Green_2(Clone) (UnityEngine.GameObject) (Card 2) did not match
[09:50:08] Enemy 2: Yellow_1(Clone) (UnityEngine.GameObject) (Card 3) did not match
[09:50:08] Enemy 2: Played Blue_3(Clone) (UnityEngine.GameObject) (Card 4)
[09:50:08] Turns: 3
[09:50:08] Top card: Blue_3(Clone) (UnityEngine.GameObject)
[09:50:08] Top card: Blue_3(Clone) (CardProperties)
[09:50:08] Enemy 3: Played Blue_4(Clone) (UnityEngine.GameObject) (Card 0)
[09:50:08] Turns: 0
