[10:09:57] Player received: CardW4(Clone)
[10:09:57] Enemy1 received: Yellow_0(Clone)
[10:09:57] Enemy2 received: Green_8(Clone)
[10:09:57] Enemy3 received: Blue_6(Clone)
[10:09:57] Player received: Red_6(Clone)
[10:09:57] Enemy1 received: Blue_D(Clone)
[10:09:57] Enemy2 received: Red_D(Clone)
[10:09:57] Enemy3 received: Blue_8(Clone)
[10:09:57] Player received: Blue_S(Clone)
[10:09:57] Enemy1 received: Green_R(Clone)
[10:09:57] Enemy2 received: Blue_5(Clone)
[10:09:57] Enemy3 received: Green_9(Clone)
[10:09:57] Player received: Green_3(Clone)
[10:09:57] Enemy1 received: Green_D(Clone)
[10:09:57] Enemy2 received: Yellow_9(Clone)
[10:09:57] Enemy3 received: Yellow_D(Clone)
[10:09:57] Player received: Yellow_S(Clone)
[10:09:57] Enemy1 received: Blue_3(Clone)
[10:09:57] Enemy2 received: Yellow_2(Clone)
[10:09:57] Enemy3 received: Red_D(Clone)
[10:09:57] Player received: Yellow_3(Clone)
[10:09:57] Enemy1 received: Blue_D(Clone)
[10:09:57] Enemy2 received: Green_D(Clone)
[10:09:57] Enemy3 received: CardW4(Clone)
[10:09:57] Player received: Green_1(Clone)
[10:09:57] Enemy1 received: CardW4(Clone)
[10:09:57] Enemy2 received: Green_D(Clone)
[10:09:57] Enemy3 received: CardW(Clone)
[10:09:57] DiscardPile received: Red_5(Clone)
[10:09:57] Used PlayerLogic
[10:09:57] Red_5(Clone) (UnityEngine.GameObject)
[10:09:57] Player: Played Red_5
[10:09:57] Dealt cards
[10:09:57] Turns: 1
[10:09:57] Top card: Red_5(Clone) (UnityEngine.GameObject)
[10:09:57] CardW4(Clone) (UnityEngine.GameObject) was added to PlayableCards
[10:09:57] HasPlayableCard = true
[10:09:57] Turns: 2
[10:09:57] Top card: Red_5(Clone) (UnityEngine.GameObject)
[10:09:57] Red_D(Clone) (UnityEngine.GameObject) was added to PlayableCards
[10:09:57] Blue_5(Clone) (UnityEngine.GameObject) was added to PlayableCards
[10:09:57] Enemy 2: Played Red_D(Clone)
[10:09:57] HasPlayableCard = true
[10:09:57] Turns: 3
[10:09:57] Top card: Red_D(Clone) (UnityEngine.GameObject)
[10:09:57] Top Deck Card:Red_1(Clone) (UnityEngine.GameObject)
[10:09:57] Enemy 3: Drew Red_1(Clone) (UnityEngine.GameObject)
[10:09:57] Top Deck Card:Green_5(Clone) (UnityEngine.GameObject)
[10:09:57] Enemy 3: Drew Green_5(Clone) (UnityEngine.GameObject)
[10:09:57] Enemy 3: Drew 2 cards
[10:09:57] Turns: 0
