[05:21:12] Player received: Blue_5(Clone)
[05:21:12] Enemy1 received: Blue_2(Clone)
[05:21:12] Enemy2 received: Blue_1(Clone)
[05:21:12] Enemy3 received: Red_6(Clone)
[05:21:12] Player received: Green_9(Clone)
[05:21:12] Enemy1 received: Red_R(Clone)
[05:21:12] Enemy2 received: Blue_S(Clone)
[05:21:12] Enemy3 received: Yellow_R(Clone)
[05:21:12] Player received: Blue_3(Clone)
[05:21:12] Enemy1 received: CardW(Clone)
[05:21:12] Enemy2 received: Blue_D(Clone)
[05:21:12] Enemy3 received: Red_7(Clone)
[05:21:12] Player received: Blue_S(Clone)
[05:21:12] Enemy1 received: Yellow_D(Clone)
[05:21:12] Enemy2 received: Red_9(Clone)
[05:21:12] Enemy3 received: Green_5(Clone)
[05:21:12] Player received: Green_9(Clone)
[05:21:12] Enemy1 received: Green_R(Clone)
[05:21:12] Enemy2 received: Red_D(Clone)
[05:21:12] Enemy3 received: Blue_7(Clone)
[05:21:12] Player received: Yellow_1(Clone)
[05:21:12] Enemy1 received: Yellow_5(Clone)
[05:21:12] Enemy2 received: Green_D(Clone)
[05:21:12] Enemy3 received: Green_6(Clone)
[05:21:12] Player received: Blue_S(Clone)
[05:21:12] Enemy1 received: Green_D(Clone)
[05:21:12] Enemy2 received: Yellow_1(Clone)
[05:21:12] Enemy3 received: Green_S(Clone)
[05:21:12] DiscardPile received: Yellow_D(Clone)
[05:21:12] Hello from PlayerManager.Draw2
[05:21:12] Dealt cards
[05:21:12] Top Deck Card:Red_5(Clone)
[05:21:12] Player: Drew Red_5(Clone)
[05:21:12] Top Deck Card:Red_D(Clone)
[05:21:12] Player: Drew Red_D(Clone)
[05:21:12] Player: Drew 2 cards
[05:21:12] Turns: 1
[05:21:12] Top card: Yellow_D(Clone) (UnityEngine.GameObject)
[05:21:12] CardW(Clone) was added to PlayableCards
[05:21:12] Yellow_D(Clone) was added to PlayableCards
[05:21:12] Yellow_5(Clone) was added to PlayableCards
[05:21:12] Green_D(Clone) was added to PlayableCards
[05:21:12] Enemy 1: Played Yellow_D(Clone)
[05:21:12] HasPlayableCard = true
[05:21:12] Turns: 2
[05:21:12] Top card: Yellow_D(Clone) (UnityEngine.GameObject)
[05:21:12] Top Deck Card:Yellow_S(Clone)
[05:21:12] Enemy 2: Drew Yellow_S(Clone)
[05:21:12] Top Deck Card:CardW4(Clone)
[05:21:12] Enemy 2: Drew CardW4(Clone)
[05:21:12] Enemy 2: Drew 2 cards
[05:21:12] Turns: 3
[05:21:12] Top card: Yellow_D(Clone) (UnityEngine.GameObject)
[05:21:12] Yellow_R(Clone) was added to PlayableCards
[05:21:12] Enemy 3: Played Yellow_R(Clone)
[05:21:12] HasPlayableCard = true
[05:21:12] Turns: 2
[05:21:12] Top card: Yellow_R(Clone) (UnityEngine.GameObject)
[05:21:12] Yellow_1(Clone) was added to PlayableCards
[05:21:12] Yellow_S(Clone) was added to PlayableCards
[05:21:12] CardW4(Clone) was added to PlayableCards
[05:21:12] Enemy 2: Played Yellow_S(Clone)
[05:21:12] HasPlayableCard = true
[05:21:12] Turns: 1
[05:21:12] Top card: Yellow_S(Clone) (UnityEngine.GameObject)
[05:21:12] Turns: 0
[05:21:12] Player: Played Yellow_1
[05:21:12] Removed Yellow_D(Clone) (UnityEngine.GameObject)
[05:21:12] Turns: 3
[05:21:12] Top card: Yellow_1(Clone) (UnityEngine.GameObject)
[05:21:12] HasPlayableCard = false
[05:21:12] Top Deck Card:Yellow_5(Clone)
[05:21:12] Enemy 3: Drew Yellow_5(Clone)
[05:21:12] Enemy 3: Drew 1 cards
[05:21:12] Turns: 2
[05:21:12] Top card: Yellow_1(Clone) (UnityEngine.GameObject)
[05:21:12] Blue_1(Clone) was added to PlayableCards
[05:21:12] Yellow_1(Clone) was added to PlayableCards
[05:21:12] CardW4(Clone) was added to PlayableCards
[05:21:12] Enemy 2: Played Blue_1(Clone)
[05:21:12] HasPlayableCard = true
[05:21:12] Removed Yellow_R(Clone) (UnityEngine.GameObject)
[05:21:12] Turns: 1
[05:21:12] Top card: Blue_1(Clone) (UnityEngine.GameObject)
[05:21:12] Blue_2(Clone) was added to PlayableCards
[05:21:12] CardW(Clone) was added to PlayableCards
[05:21:12] Enemy 1: Played Blue_2(Clone)
[05:21:12] HasPlayableCard = true
[05:21:12] Removed Yellow_S(Clone) (UnityEngine.GameObject)
[05:21:12] Turns: 0
[05:21:12] Player: Played Blue_3
[05:21:12] Removed Yellow_1(Clone) (UnityEngine.GameObject)
[05:21:12] Turns: 3
[05:21:12] Top card: Blue_3(Clone) (UnityEngine.GameObject)
[05:21:12] Blue_7(Clone) was added to PlayableCards
[05:21:12] Enemy 3: Played Blue_7(Clone)
[05:21:12] HasPlayableCard = true
[05:21:12] Removed Blue_1(Clone) (UnityEngine.GameObject)
[05:21:12] Turns: 2
[05:21:12] Top card: Blue_7(Clone) (UnityEngine.GameObject)
[05:21:12] Blue_S(Clone) was added to PlayableCards
[05:21:12] Blue_D(Clone) was added to PlayableCards
[05:21:12] CardW4(Clone) was added to PlayableCards
[05:21:12] Enemy 2: Played Blue_D(Clone)
[05:21:12] HasPlayableCard = true
[05:21:12] Removed Blue_2(Clone) (UnityEngine.GameObject)
[05:21:12] Turns: 1
[05:21:12] Top card: Blue_D(Clone) (UnityEngine.GameObject)
[05:21:12] Top Deck Card:Blue_D(Clone)
[05:21:12] Enemy 1: Drew Blue_D(Clone)
[05:21:12] Top Deck Card:Green_5(Clone)
[05:21:12] Enemy 1: Drew Green_5(Clone)
[05:21:12] Enemy 1: Drew 2 cards
[05:21:12] Turns: 0
[05:21:12] Player: Played Blue_S
[05:21:12] Removed Blue_3(Clone) (UnityEngine.GameObject)
[05:21:12] Turns: 3
[05:21:12] Top card: Blue_S(Clone) (UnityEngine.GameObject)
[05:21:12] Turns: 2
[05:21:12] Top card: Blue_S(Clone) (UnityEngine.GameObject)
[05:21:12] Blue_S(Clone) was added to PlayableCards
[05:21:12] CardW4(Clone) was added to PlayableCards
[05:21:12] Enemy 2: Played Blue_S(Clone)
[05:21:12] HasPlayableCard = true
[05:21:12] Removed Blue_7(Clone) (UnityEngine.GameObject)
[05:21:12] Turns: 1
[05:21:12] Top card: Blue_S(Clone) (UnityEngine.GameObject)
[05:21:12] Turns: 0
[05:21:12] Player: Played Blue_S
[05:21:12] Removed Blue_D(Clone) (UnityEngine.GameObject)
[05:21:12] Turns: 3
[05:21:12] Top card: Blue_S(Clone) (UnityEngine.GameObject)
[05:21:12] Turns: 2
[05:21:12] Top card: Blue_S(Clone) (UnityEngine.GameObject)
[05:21:12] CardW4(Clone) was added to PlayableCards
[05:21:12] Enemy 2: Played CardW4(Clone)
[05:21:12] redCards: 2
[05:21:12] yellowCards: 1
[05:21:12] greenCards: 1
[05:21:12] blueCards: 0
[05:21:12] Largest number among 2, 1, 1 and 0 is 2
[05:21:12] wild color set to red
[05:21:12] HasPlayableCard = true
[05:21:12] Removed Blue_S(Clone) (UnityEngine.GameObject)
[05:21:12] Turns: 1
[05:21:12] Top card: CardW4(Clone) (UnityEngine.GameObject)
[05:21:12] Top Deck Card:Yellow_S(Clone)
[05:21:12] Enemy 1: Drew Yellow_S(Clone)
[05:21:12] Top Deck Card:Yellow_R(Clone)
[05:21:12] Enemy 1: Drew Yellow_R(Clone)
[05:21:12] Top Deck Card:Green_0(Clone)
[05:21:12] Enemy 1: Drew Green_0(Clone)
[05:21:12] Turns: 0
[05:21:12] Top Deck Card:Green_D(Clone)
[05:21:12] Enemy 1: Drew Green_D(Clone)
[05:21:12] Enemy 1: Drew 4 cards
[05:21:12] Player: Played Red_5
[05:21:12] Removed Blue_S(Clone) (UnityEngine.GameObject)
[05:21:12] Turns: 3
[05:21:12] Top card: Red_5(Clone) (UnityEngine.GameObject)
[05:21:12] Red_6(Clone) was added to PlayableCards
[05:21:12] Red_7(Clone) was added to PlayableCards
[05:21:12] Green_5(Clone) was added to PlayableCards
[05:21:12] Yellow_5(Clone) was added to PlayableCards
[05:21:12] Enemy 3: Played Red_6(Clone)
[05:21:12] HasPlayableCard = true
[05:21:12] Removed Blue_S(Clone) (UnityEngine.GameObject)
[05:21:12] Turns: 2
[05:21:12] Top card: Red_6(Clone) (UnityEngine.GameObject)
[05:21:12] Red_9(Clone) was added to PlayableCards
[05:21:12] Red_D(Clone) was added to PlayableCards
[05:21:12] Enemy 2: Played Red_D(Clone)
[05:21:12] HasPlayableCard = true
[05:21:12] Removed CardW4(Clone) (UnityEngine.GameObject)
[05:21:12] Turns: 1
[05:21:12] Top card: Red_D(Clone) (UnityEngine.GameObject)
[05:21:12] Top Deck Card:Green_4(Clone)
[05:21:12] Enemy 1: Drew Green_4(Clone)
[05:21:12] Top Deck Card:Red_5(Clone)
[05:21:12] Enemy 1: Drew Red_5(Clone)
[05:21:12] Enemy 1: Drew 2 cards
[05:21:12] Turns: 0
[05:21:12] Player: Played Red_D
[05:21:12] Removed Red_5(Clone) (UnityEngine.GameObject)
[05:21:12] Turns: 3
[05:21:12] Top card: Red_D(Clone) (UnityEngine.GameObject)
[05:21:12] Top Deck Card:Red_3(Clone)
[05:21:12] Enemy 3: Drew Red_3(Clone)
[05:21:12] Top Deck Card:Green_4(Clone)
[05:21:12] Enemy 3: Drew Green_4(Clone)
[05:21:12] Enemy 3: Drew 2 cards
[05:21:12] Turns: 2
[05:21:12] Top card: Red_D(Clone) (UnityEngine.GameObject)
[05:21:12] Red_9(Clone) was added to PlayableCards
[05:21:12] Green_D(Clone) was added to PlayableCards
[05:21:12] Enemy 2: Played Green_D(Clone)
[05:21:12] HasPlayableCard = true
[05:21:12] Removed Red_6(Clone) (UnityEngine.GameObject)
[05:21:12] Turns: 1
[05:21:12] Top card: Green_D(Clone) (UnityEngine.GameObject)
[05:21:12] Top Deck Card:Blue_3(Clone)
[05:21:12] Enemy 1: Drew Blue_3(Clone)
[05:21:12] Top Deck Card:Red_9(Clone)
[05:21:12] Enemy 1: Drew Red_9(Clone)
[05:21:12] Enemy 1: Drew 2 cards
[05:21:12] Turns: 0
[05:21:12] Player: Played Green_9
[05:21:12] Removed Red_D(Clone) (UnityEngine.GameObject)
[05:21:12] Turns: 3
[05:21:12] Top card: Green_9(Clone) (UnityEngine.GameObject)
[05:21:12] Green_5(Clone) was added to PlayableCards
[05:21:12] Green_6(Clone) was added to PlayableCards
[05:21:12] Green_S(Clone) was added to PlayableCards
[05:21:12] Green_4(Clone) was added to PlayableCards
[05:21:12] Enemy 3: Played Green_S(Clone)
[05:21:12] HasPlayableCard = true
[05:21:12] Removed Red_D(Clone) (UnityEngine.GameObject)
[05:21:12] Turns: 2
[05:21:12] Top card: Green_S(Clone) (UnityEngine.GameObject)
[05:21:12] Turns: 1
[05:21:12] Top card: Green_S(Clone) (UnityEngine.GameObject)
[05:21:12] CardW(Clone) was added to PlayableCards
[05:21:12] Green_R(Clone) was added to PlayableCards
[05:21:12] Green_D(Clone) was added to PlayableCards
[05:21:12] Green_5(Clone) was added to PlayableCards
[05:21:12] Yellow_S(Clone) was added to PlayableCards
[05:21:12] Green_0(Clone) was added to PlayableCards
[05:21:12] Green_D(Clone) was added to PlayableCards
[05:21:12] Green_4(Clone) was added to PlayableCards
[05:21:12] Enemy 1: Played Green_D(Clone)
[05:21:12] HasPlayableCard = true
[05:21:12] Removed Green_D(Clone) (UnityEngine.GameObject)
[05:21:12] Turns: 0
[05:21:12] Hello from PlayerManager.Draw2
[05:21:12] Top Deck Card:Yellow_3(Clone)
[05:21:12] Player: Drew Yellow_3(Clone)
[05:21:12] Top Deck Card:CardW(Clone)
[05:21:12] Player: Drew CardW(Clone)
[05:21:12] Player: Drew 2 cards
[05:21:12] Turns: 3
[05:21:12] Top card: Green_D(Clone) (UnityEngine.GameObject)
[05:21:12] Green_5(Clone) was added to PlayableCards
[05:21:12] Green_6(Clone) was added to PlayableCards
[05:21:12] Green_4(Clone) was added to PlayableCards
[05:21:12] Enemy 3: Played Green_5(Clone)
[05:21:12] HasPlayableCard = true
[05:21:12] Removed Green_9(Clone) (UnityEngine.GameObject)
[05:21:12] Turns: 2
[05:21:12] Top card: Green_5(Clone) (UnityEngine.GameObject)
[05:21:12] HasPlayableCard = false
[05:21:12] Top Deck Card:Blue_S(Clone)
[05:21:12] Enemy 2: Drew Blue_S(Clone)
[05:21:12] Enemy 2: Drew 1 cards
[05:21:12] Turns: 1
[05:21:12] Top card: Green_5(Clone) (UnityEngine.GameObject)
[05:21:12] CardW(Clone) was added to PlayableCards
[05:21:12] Green_R(Clone) was added to PlayableCards
[05:21:12] Yellow_5(Clone) was added to PlayableCards
[05:21:12] Green_5(Clone) was added to PlayableCards
[05:21:12] Green_0(Clone) was added to PlayableCards
[05:21:12] Green_D(Clone) was added to PlayableCards
[05:21:12] Green_4(Clone) was added to PlayableCards
[05:21:12] Red_5(Clone) was added to PlayableCards
[05:21:12] Enemy 1: Played Green_D(Clone)
[05:21:12] HasPlayableCard = true
[05:21:12] Removed Green_S(Clone) (UnityEngine.GameObject)
[05:21:12] Turns: 0
[05:21:12] Hello from PlayerManager.Draw2
[05:21:12] Top Deck Card:Green_R(Clone)
[05:21:12] Player: Drew Green_R(Clone)
[05:21:12] Top Deck Card:Red_D(Clone)
[05:21:12] Player: Drew Red_D(Clone)
[05:21:12] Player: Drew 2 cards
[05:21:12] Turns: 3
[05:21:12] Top card: Green_D(Clone) (UnityEngine.GameObject)
[05:21:12] Green_6(Clone) was added to PlayableCards
[05:21:12] Green_4(Clone) was added to PlayableCards
[05:21:12] Enemy 3: Played Green_6(Clone)
[05:21:12] HasPlayableCard = true
[05:21:12] Removed Green_D(Clone) (UnityEngine.GameObject)
[05:21:12] Turns: 2
[05:21:12] Top card: Green_6(Clone) (UnityEngine.GameObject)
[05:21:12] HasPlayableCard = false
[05:21:12] Top Deck Card:Yellow_8(Clone)
[05:21:12] Enemy 2: Drew Yellow_8(Clone)
[05:21:12] Enemy 2: Drew 1 cards
[05:21:12] Turns: 1
[05:21:12] Top card: Green_6(Clone) (UnityEngine.GameObject)
[05:21:12] CardW(Clone) was added to PlayableCards
[05:21:12] Green_R(Clone) was added to PlayableCards
[05:21:12] Green_5(Clone) was added to PlayableCards
[05:21:12] Green_0(Clone) was added to PlayableCards
[05:21:12] Green_4(Clone) was added to PlayableCards
[05:21:12] Enemy 1: Played Green_R(Clone)
[05:21:12] HasPlayableCard = true
[05:21:12] Removed Green_5(Clone) (UnityEngine.GameObject)
[05:21:12] Turns: 2
[05:21:12] Top card: Green_R(Clone) (UnityEngine.GameObject)
[05:21:12] HasPlayableCard = false
[05:21:12] Top Deck Card:Blue_D(Clone)
[05:21:12] Enemy 2: Drew Blue_D(Clone)
[05:21:12] Enemy 2: Drew 1 cards
[05:21:12] Turns: 3
[05:21:12] Top card: Green_R(Clone) (UnityEngine.GameObject)
[05:21:12] Green_4(Clone) was added to PlayableCards
[05:21:12] Enemy 3: Played Green_4(Clone)
[05:21:12] HasPlayableCard = true
[05:21:12] Removed Green_D(Clone) (UnityEngine.GameObject)
[05:21:12] Turns: 0
