[10:47:42] Player received: Yellow_1(Clone)
[10:47:42] Enemy1 received: Red_D(Clone)
[10:47:42] Enemy2 received: Red_0(Clone)
[10:47:42] Enemy3 received: Green_S(Clone)
[10:47:42] Player received: CardW4(Clone)
[10:47:42] Enemy1 received: Yellow_6(Clone)
[10:47:42] Enemy2 received: Yellow_8(Clone)
[10:47:42] Enemy3 received: CardW4(Clone)
[10:47:42] Player received: Red_7(Clone)
[10:47:42] Enemy1 received: CardW(Clone)
[10:47:42] Enemy2 received: Red_3(Clone)
[10:47:42] Enemy3 received: Blue_6(Clone)
[10:47:42] Player received: Yellow_2(Clone)
[10:47:42] Enemy1 received: Blue_8(Clone)
[10:47:42] Enemy2 received: Red_D(Clone)
[10:47:42] Enemy3 received: Yellow_D(Clone)
[10:47:42] Player received: Yellow_D(Clone)
[10:47:42] Enemy1 received: Yellow_3(Clone)
[10:47:42] Enemy2 received: Blue_R(Clone)
[10:47:42] Enemy3 received: Green_2(Clone)
[10:47:42] Player received: Blue_9(Clone)
[10:47:42] Enemy1 received: Green_8(Clone)
[10:47:42] Enemy2 received: Red_6(Clone)
[10:47:42] Enemy3 received: Blue_4(Clone)
[10:47:42] Player received: Yellow_0(Clone)
[10:47:42] Enemy1 received: Yellow_2(Clone)
[10:47:42] Enemy2 received: Green_5(Clone)
[10:47:42] Enemy3 received: CardW4(Clone)
[10:47:42] DiscardPile received: Red_1(Clone)
[10:47:42] Dealt cards
