[05:27:40] Player received: Blue_D(Clone)
[05:27:40] Enemy1 received: Blue_1(Clone)
[05:27:40] Enemy2 received: Yellow_D(Clone)
[05:27:40] Enemy3 received: Yellow_4(Clone)
[05:27:40] Player received: Blue_D(Clone)
[05:27:40] Enemy1 received: Red_4(Clone)
[05:27:40] Enemy2 received: CardW(Clone)
[05:27:40] Enemy3 received: Red_7(Clone)
[05:27:40] Player received: Red_5(Clone)
[05:27:40] Enemy1 received: Red_D(Clone)
[05:27:40] Enemy2 received: Green_2(Clone)
[05:27:40] Enemy3 received: CardW(Clone)
[05:27:40] Player received: Red_2(Clone)
[05:27:40] Enemy1 received: Blue_8(Clone)
[05:27:40] Enemy2 received: Red_3(Clone)
[05:27:40] Enemy3 received: Blue_7(Clone)
[05:27:40] Player received: Yellow_0(Clone)
[05:27:40] Enemy1 received: Blue_9(Clone)
[05:27:40] Enemy2 received: Red_R(Clone)
[05:27:40] Enemy3 received: Yellow_D(Clone)
[05:27:40] Player received: Blue_3(Clone)
[05:27:40] Enemy1 received: Yellow_R(Clone)
[05:27:40] Enemy2 received: Red_1(Clone)
[05:27:40] Enemy3 received: Blue_0(Clone)
[05:27:40] Player received: Yellow_D(Clone)
[05:27:40] Enemy1 received: Blue_S(Clone)
[05:27:40] Enemy2 received: Blue_R(Clone)
[05:27:40] Enemy3 received: Green_8(Clone)
[05:27:40] DiscardPile received: Yellow_D(Clone)
[05:27:40] Dealt cards
[05:27:40] Player: Played Blue_D
